c00037 lda $808000,x [808012] A:3012 X:0012 Y:0004 S:01e9 D:0000 DB:00 nvmXdizc V: 12 H: 500 F:15
c0003b sta $a5       [0000a5] A:a000 X:0012 Y:0004 S:01e9 D:0000 DB:00 NvmXdizc V: 12 H: 576 F:15
c0003d sep #$20               A:a000 X:0012 Y:0004 S:01e9 D:0000 DB:00 NvmXdizc V: 12 H: 604 F:15
c0003f lda $808002,x [808014] A:a000 X:0012 Y:0004 S:01e9 D:0000 DB:00 NvMXdizc V: 12 H: 622 F:15
c00043 sta $a7       [0000a7] A:a0d1 X:0012 Y:0004 S:01e9 D:0000 DB:00 NvMXdizc V: 12 H: 652 F:15
c00045 pla                    A:a0d1 X:0012 Y:0004 S:01e9 D:0000 DB:00 NvMXdizc V: 12 H: 672 F:15
c00046 rep #$30               A:a003 X:0012 Y:0004 S:01ea D:0000 DB:00 nvMXdizc V: 12 H: 698 F:15
c00048 and #$00ff             A:a003 X:0012 Y:0004 S:01ea D:0000 DB:00 nvmxdizc V: 12 H: 716 F:15
c0004b asl a                  A:0003 X:0012 Y:0004 S:01ea D:0000 DB:00 nvmxdizc V: 12 H: 734 F:15
c0004c tay                    A:0006 X:0012 Y:0004 S:01ea D:0000 DB:00 nvmxdizc V: 12 H: 746 F:15
c0004d lda [$a5],y   [d1a006] A:0006 X:0012 Y:0006 S:01ea D:0000 DB:00 nvmxdizc V: 12 H: 758 F:15
c0004f sta $a5       [0000a5] A:a216 X:0012 Y:0006 S:01ea D:0000 DB:00 Nvmxdizc V: 12 H: 806 F:15
c00051 sep #$30               A:a216 X:0012 Y:0006 S:01ea D:0000 DB:00 Nvmxdizc V: 12 H: 834 F:15
c00053 stz $0343     [000343] A:a216 X:0012 Y:0006 S:01ea D:0000 DB:00 NvMXdizc V: 12 H: 852 F:15
c00056 lda $1d28     [001d28] A:a216 X:0012 Y:0006 S:01ea D:0000 DB:00 NvMXdizc V: 12 H: 878 F:15
c00059 sta $0344     [000344] A:a216 X:0012 Y:0006 S:01ea D:0000 DB:00 nvMXdizc V: 12 H: 904 F:15
c0005c lda $1d2a     [001d2a] A:a216 X:0012 Y:0006 S:01ea D:0000 DB:00 nvMXdizc V: 12 H: 930 F:15
c0005f sta $0345     [000345] A:a209 X:0012 Y:0006 S:01ea D:0000 DB:00 nvMXdizc V: 12 H: 956 F:15
c00062 ldy #$00               A:a209 X:0012 Y:0006 S:01ea D:0000 DB:00 nvMXdizc V: 12 H: 982 F:15
c00064 lda [$a5],y   [d1a216] A:a209 X:0012 Y:0000 S:01ea D:0000 DB:00 nvMXdiZc V: 12 H: 994 F:15
c00066 sta $1d34     [001d34] A:a202 X:0012 Y:0000 S:01ea D:0000 DB:00 nvMXdizc V: 12 H:1036 F:15
c00069 bne $006e     [c0006e] A:a202 X:0012 Y:0000 S:01ea D:0000 DB:00 nvMXdizc V: 12 H:1062 F:15
c0006e iny                    A:a202 X:0012 Y:0000 S:01ea D:0000 DB:00 nvMXdizc V: 12 H:1080 F:15
c0006f lda [$a5],y   [d1a217] A:a202 X:0012 Y:0001 S:01ea D:0000 DB:00 nvMXdizc V: 12 H:1092 F:15
c00071 sta $1d35     [001d35] A:a202 X:0012 Y:0001 S:01ea D:0000 DB:00 nvMXdizc V: 12 H:1134 F:15
c00074 iny                    A:a202 X:0012 Y:0001 S:01ea D:0000 DB:00 nvMXdizc V: 12 H:1160 F:15
c00075 lda $0341     [000341] A:a202 X:0012 Y:0002 S:01ea D:0000 DB:00 nvMXdizc V: 12 H:1172 F:15
c00078 bit #$02               A:a202 X:0012 Y:0002 S:01ea D:0000 DB:00 nvMXdizc V: 12 H:1198 F:15
c0007a bne $009e     [c0009e] A:a202 X:0012 Y:0002 S:01ea D:0000 DB:00 nvMXdizc V: 12 H:1210 F:15
c0009e lda $0344     [000344] A:a202 X:0012 Y:0002 S:01ea D:0000 DB:00 nvMXdizc V: 12 H:1228 F:15
c000a1 sta $1d28     [001d28] A:a216 X:0012 Y:0002 S:01ea D:0000 DB:00 nvMXdizc V: 12 H:1254 F:15
c000a4 lda $0345     [000345] A:a216 X:0012 Y:0002 S:01ea D:0000 DB:00 nvMXdizc V: 12 H:1280 F:15
c000a7 sta $1d2a     [001d2a] A:a209 X:0012 Y:0002 S:01ea D:0000 DB:00 nvMXdizc V: 12 H:1306 F:15
c000aa iny                    A:a209 X:0012 Y:0002 S:01ea D:0000 DB:00 nvMXdizc V: 12 H:1332 F:15
c000ab iny                    A:a209 X:0012 Y:0003 S:01ea D:0000 DB:00 nvMXdizc V: 12 H:1344 F:15
c000ac lda $0343     [000343] A:a209 X:0012 Y:0004 S:01ea D:0000 DB:00 nvMXdizc V: 12 H:1356 F:15
c000af beq $00c8     [c000c8] A:a200 X:0012 Y:0004 S:01ea D:0000 DB:00 nvMXdiZc V: 13 H:  18 F:15
c000c8 lda [$a5],y   [d1a21a] A:a200 X:0012 Y:0004 S:01ea D:0000 DB:00 nvMXdiZc V: 13 H:  36 F:15
c000ca sta $0342     [000342] A:a200 X:0012 Y:0004 S:01ea D:0000 DB:00 nvMXdiZc V: 13 H:  78 F:15
c000cd iny                    A:a200 X:0012 Y:0004 S:01ea D:0000 DB:00 nvMXdiZc V: 13 H: 104 F:15
c000ce lda $0341     [000341] A:a200 X:0012 Y:0005 S:01ea D:0000 DB:00 nvMXdizc V: 13 H: 116 F:15
c000d1 bit #$01               A:a202 X:0012 Y:0005 S:01ea D:0000 DB:00 nvMXdizc V: 13 H: 142 F:15
c000d3 beq $00de     [c000de] A:a202 X:0012 Y:0005 S:01ea D:0000 DB:00 nvMXdiZc V: 13 H: 154 F:15
c000de clc                    A:a202 X:0012 Y:0005 S:01ea D:0000 DB:00 nvMXdiZc V: 13 H: 172 F:15
c000df tya                    A:a202 X:0012 Y:0005 S:01ea D:0000 DB:00 nvMXdiZc V: 13 H: 184 F:15
c000e0 adc $a5       [0000a5] A:a205 X:0012 Y:0005 S:01ea D:0000 DB:00 nvMXdizc V: 13 H: 196 F:15
c000e2 sta $a5       [0000a5] A:a21b X:0012 Y:0005 S:01ea D:0000 DB:00 nvMXdizc V: 13 H: 216 F:15
c000e4 lda #$00               A:a21b X:0012 Y:0005 S:01ea D:0000 DB:00 nvMXdizc V: 13 H: 236 F:15
c000e6 adc $a6       [0000a6] A:a200 X:0012 Y:0005 S:01ea D:0000 DB:00 nvMXdiZc V: 13 H: 248 F:15
c000e8 sta $a6       [0000a6] A:a2a2 X:0012 Y:0005 S:01ea D:0000 DB:00 NvMXdizc V: 13 H: 268 F:15
c000ea jsl $c01cb0   [c01cb0] A:a2a2 X:0012 Y:0005 S:01ea D:0000 DB:00 NvMXdizc V: 13 H: 288 F:15
c01cb0 phx                    A:a2a2 X:0012 Y:0005 S:01e7 D:0000 DB:00 NvMXdizc V: 13 H: 342 F:15
c01cb1 rep #$20               A:a2a2 X:0012 Y:0005 S:01e6 D:0000 DB:00 NvMXdizc V: 13 H: 362 F:15
c01cb3 lda $a5       [0000a5] A:a2a2 X:0012 Y:0005 S:01e6 D:0000 DB:00 NvmXdizc V: 13 H: 380 F:15
c01cb5 sta $60       [000060] A:a21b X:0012 Y:0005 S:01e6 D:0000 DB:00 NvmXdizc V: 13 H: 408 F:15
c01cb7 sep #$20               A:a21b X:0012 Y:0005 S:01e6 D:0000 DB:00 NvmXdizc V: 13 H: 436 F:15
c01cb9 lda $a7       [0000a7] A:a21b X:0012 Y:0005 S:01e6 D:0000 DB:00 NvMXdizc V: 13 H: 454 F:15
c01cbb sta $62       [000062] A:a2d1 X:0012 Y:0005 S:01e6 D:0000 DB:00 NvMXdizc V: 13 H: 474 F:15
c01cbd ldx #$00               A:a2d1 X:0012 Y:0005 S:01e6 D:0000 DB:00 NvMXdizc V: 13 H: 494 F:15
c01cbf stz $0200,x   [000200] A:a2d1 X:0000 Y:0005 S:01e6 D:0000 DB:00 nvMXdiZc V: 13 H: 506 F:15
c01cc2 inx                    A:a2d1 X:0000 Y:0005 S:01e6 D:0000 DB:00 nvMXdiZc V: 13 H: 578 F:15
c01cc3 bne $1cbf     [c01cbf] A:a2d1 X:0001 Y:0005 S:01e6 D:0000 DB:00 nvMXdizc V: 13 H: 590 F:15
c01cbf stz $0200,x   [000201] A:a2d1 X:0001 Y:0005 S:01e6 D:0000 DB:00 nvMXdizc V: 13 H: 608 F:15
c01cc2 inx                    A:a2d1 X:0001 Y:0005 S:01e6 D:0000 DB:00 nvMXdizc V: 13 H: 640 F:15
c01cc3 bne $1cbf     [c01cbf] A:a2d1 X:0002 Y:0005 S:01e6 D:0000 DB:00 nvMXdizc V: 13 H: 652 F:15
c01cbf stz $0200,x   [000202] A:a2d1 X:0002 Y:0005 S:01e6 D:0000 DB:00 nvMXdizc V: 13 H: 670 F:15
c01cc2 inx                    A:a2d1 X:0002 Y:0005 S:01e6 D:0000 DB:00 nvMXdizc V: 13 H: 702 F:15
c01cc3 bne $1cbf     [c01cbf] A:a2d1 X:0003 Y:0005 S:01e6 D:0000 DB:00 nvMXdizc V: 13 H: 714 F:15
c01cbf stz $0200,x   [000203] A:a2d1 X:0003 Y:0005 S:01e6 D:0000 DB:00 nvMXdizc V: 13 H: 732 F:15
c01cc2 inx                    A:a2d1 X:0003 Y:0005 S:01e6 D:0000 DB:00 nvMXdizc V: 13 H: 764 F:15
c01cc3 bne $1cbf     [c01cbf] A:a2d1 X:0004 Y:0005 S:01e6 D:0000 DB:00 nvMXdizc V: 13 H: 776 F:15
c01cbf stz $0200,x   [000204] A:a2d1 X:0004 Y:0005 S:01e6 D:0000 DB:00 nvMXdizc V: 13 H: 794 F:15
c01cc2 inx                    A:a2d1 X:0004 Y:0005 S:01e6 D:0000 DB:00 nvMXdizc V: 13 H: 826 F:15
c01cc3 bne $1cbf     [c01cbf] A:a2d1 X:0005 Y:0005 S:01e6 D:0000 DB:00 nvMXdizc V: 13 H: 838 F:15
c01cbf stz $0200,x   [000205] A:a2d1 X:0005 Y:0005 S:01e6 D:0000 DB:00 nvMXdizc V: 13 H: 856 F:15
c01cc2 inx                    A:a2d1 X:0005 Y:0005 S:01e6 D:0000 DB:00 nvMXdizc V: 13 H: 888 F:15
c01cc3 bne $1cbf     [c01cbf] A:a2d1 X:0006 Y:0005 S:01e6 D:0000 DB:00 nvMXdizc V: 13 H: 900 F:15
c01cbf stz $0200,x   [000206] A:a2d1 X:0006 Y:0005 S:01e6 D:0000 DB:00 nvMXdizc V: 13 H: 918 F:15
c01cc2 inx                    A:a2d1 X:0006 Y:0005 S:01e6 D:0000 DB:00 nvMXdizc V: 13 H: 950 F:15
c01cc3 bne $1cbf     [c01cbf] A:a2d1 X:0007 Y:0005 S:01e6 D:0000 DB:00 nvMXdizc V: 13 H: 962 F:15
c01cbf stz $0200,x   [000207] A:a2d1 X:0007 Y:0005 S:01e6 D:0000 DB:00 nvMXdizc V: 13 H: 980 F:15
c01cc2 inx                    A:a2d1 X:0007 Y:0005 S:01e6 D:0000 DB:00 nvMXdizc V: 13 H:1012 F:15
c01cc3 bne $1cbf     [c01cbf] A:a2d1 X:0008 Y:0005 S:01e6 D:0000 DB:00 nvMXdizc V: 13 H:1024 F:15
c01cbf stz $0200,x   [000208] A:a2d1 X:0008 Y:0005 S:01e6 D:0000 DB:00 nvMXdizc V: 13 H:1042 F:15
c01cc2 inx                    A:a2d1 X:0008 Y:0005 S:01e6 D:0000 DB:00 nvMXdizc V: 13 H:1074 F:15
c01cc3 bne $1cbf     [c01cbf] A:a2d1 X:0009 Y:0005 S:01e6 D:0000 DB:00 nvMXdizc V: 13 H:1086 F:15
c01cbf stz $0200,x   [000209] A:a2d1 X:0009 Y:0005 S:01e6 D:0000 DB:00 nvMXdizc V: 13 H:1104 F:15
c01cc2 inx                    A:a2d1 X:0009 Y:0005 S:01e6 D:0000 DB:00 nvMXdizc V: 13 H:1136 F:15
c01cc3 bne $1cbf     [c01cbf] A:a2d1 X:000a Y:0005 S:01e6 D:0000 DB:00 nvMXdizc V: 13 H:1148 F:15
c01cbf stz $0200,x   [00020a] A:a2d1 X:000a Y:0005 S:01e6 D:0000 DB:00 nvMXdizc V: 13 H:1166 F:15
c01cc2 inx                    A:a2d1 X:000a Y:0005 S:01e6 D:0000 DB:00 nvMXdizc V: 13 H:1198 F:15
c01cc3 bne $1cbf     [c01cbf] A:a2d1 X:000b Y:0005 S:01e6 D:0000 DB:00 nvMXdizc V: 13 H:1210 F:15
c01cbf stz $0200,x   [00020b] A:a2d1 X:000b Y:0005 S:01e6 D:0000 DB:00 nvMXdizc V: 13 H:1228 F:15
c01cc2 inx                    A:a2d1 X:000b Y:0005 S:01e6 D:0000 DB:00 nvMXdizc V: 13 H:1260 F:15
c01cc3 bne $1cbf     [c01cbf] A:a2d1 X:000c Y:0005 S:01e6 D:0000 DB:00 nvMXdizc V: 13 H:1272 F:15
c01cbf stz $0200,x   [00020c] A:a2d1 X:000c Y:0005 S:01e6 D:0000 DB:00 nvMXdizc V: 13 H:1290 F:15
c01cc2 inx                    A:a2d1 X:000c Y:0005 S:01e6 D:0000 DB:00 nvMXdizc V: 13 H:1322 F:15
c01cc3 bne $1cbf     [c01cbf] A:a2d1 X:000d Y:0005 S:01e6 D:0000 DB:00 nvMXdizc V: 13 H:1334 F:15
c01cbf stz $0200,x   [00020d] A:a2d1 X:000d Y:0005 S:01e6 D:0000 DB:00 nvMXdizc V: 13 H:1352 F:15
c01cc2 inx                    A:a2d1 X:000d Y:0005 S:01e6 D:0000 DB:00 nvMXdizc V: 14 H:  20 F:15
c01cc3 bne $1cbf     [c01cbf] A:a2d1 X:000e Y:0005 S:01e6 D:0000 DB:00 nvMXdizc V: 14 H:  32 F:15
c01cbf stz $0200,x   [00020e] A:a2d1 X:000e Y:0005 S:01e6 D:0000 DB:00 nvMXdizc V: 14 H:  50 F:15
c01cc2 inx                    A:a2d1 X:000e Y:0005 S:01e6 D:0000 DB:00 nvMXdizc V: 14 H:  82 F:15
c01cc3 bne $1cbf     [c01cbf] A:a2d1 X:000f Y:0005 S:01e6 D:0000 DB:00 nvMXdizc V: 14 H:  94 F:15
c01cbf stz $0200,x   [00020f] A:a2d1 X:000f Y:0005 S:01e6 D:0000 DB:00 nvMXdizc V: 14 H: 112 F:15
c01cc2 inx                    A:a2d1 X:000f Y:0005 S:01e6 D:0000 DB:00 nvMXdizc V: 14 H: 144 F:15
c01cc3 bne $1cbf     [c01cbf] A:a2d1 X:0010 Y:0005 S:01e6 D:0000 DB:00 nvMXdizc V: 14 H: 156 F:15
c01cbf stz $0200,x   [000210] A:a2d1 X:0010 Y:0005 S:01e6 D:0000 DB:00 nvMXdizc V: 14 H: 174 F:15
c01cc2 inx                    A:a2d1 X:0010 Y:0005 S:01e6 D:0000 DB:00 nvMXdizc V: 14 H: 206 F:15
c01cc3 bne $1cbf     [c01cbf] A:a2d1 X:0011 Y:0005 S:01e6 D:0000 DB:00 nvMXdizc V: 14 H: 218 F:15
c01cbf stz $0200,x   [000211] A:a2d1 X:0011 Y:0005 S:01e6 D:0000 DB:00 nvMXdizc V: 14 H: 236 F:15
c01cc2 inx                    A:a2d1 X:0011 Y:0005 S:01e6 D:0000 DB:00 nvMXdizc V: 14 H: 268 F:15
c01cc3 bne $1cbf     [c01cbf] A:a2d1 X:0012 Y:0005 S:01e6 D:0000 DB:00 nvMXdizc V: 14 H: 280 F:15
c01cbf stz $0200,x   [000212] A:a2d1 X:0012 Y:0005 S:01e6 D:0000 DB:00 nvMXdizc V: 14 H: 298 F:15
c01cc2 inx                    A:a2d1 X:0012 Y:0005 S:01e6 D:0000 DB:00 nvMXdizc V: 14 H: 330 F:15
c01cc3 bne $1cbf     [c01cbf] A:a2d1 X:0013 Y:0005 S:01e6 D:0000 DB:00 nvMXdizc V: 14 H: 342 F:15
c01cbf stz $0200,x   [000213] A:a2d1 X:0013 Y:0005 S:01e6 D:0000 DB:00 nvMXdizc V: 14 H: 360 F:15
c01cc2 inx                    A:a2d1 X:0013 Y:0005 S:01e6 D:0000 DB:00 nvMXdizc V: 14 H: 392 F:15
c01cc3 bne $1cbf     [c01cbf] A:a2d1 X:0014 Y:0005 S:01e6 D:0000 DB:00 nvMXdizc V: 14 H: 404 F:15
c01cbf stz $0200,x   [000214] A:a2d1 X:0014 Y:0005 S:01e6 D:0000 DB:00 nvMXdizc V: 14 H: 422 F:15
c01cc2 inx                    A:a2d1 X:0014 Y:0005 S:01e6 D:0000 DB:00 nvMXdizc V: 14 H: 454 F:15
c01cc3 bne $1cbf     [c01cbf] A:a2d1 X:0015 Y:0005 S:01e6 D:0000 DB:00 nvMXdizc V: 14 H: 466 F:15
c01cbf stz $0200,x   [000215] A:a2d1 X:0015 Y:0005 S:01e6 D:0000 DB:00 nvMXdizc V: 14 H: 484 F:15
c01cc2 inx                    A:a2d1 X:0015 Y:0005 S:01e6 D:0000 DB:00 nvMXdizc V: 14 H: 516 F:15
c01cc3 bne $1cbf     [c01cbf] A:a2d1 X:0016 Y:0005 S:01e6 D:0000 DB:00 nvMXdizc V: 14 H: 528 F:15
c01cbf stz $0200,x   [000216] A:a2d1 X:0016 Y:0005 S:01e6 D:0000 DB:00 nvMXdizc V: 14 H: 586 F:15
c01cc2 inx                    A:a2d1 X:0016 Y:0005 S:01e6 D:0000 DB:00 nvMXdizc V: 14 H: 618 F:15
c01cc3 bne $1cbf     [c01cbf] A:a2d1 X:0017 Y:0005 S:01e6 D:0000 DB:00 nvMXdizc V: 14 H: 630 F:15
c01cbf stz $0200,x   [000217] A:a2d1 X:0017 Y:0005 S:01e6 D:0000 DB:00 nvMXdizc V: 14 H: 648 F:15
c01cc2 inx                    A:a2d1 X:0017 Y:0005 S:01e6 D:0000 DB:00 nvMXdizc V: 14 H: 680 F:15
c01cc3 bne $1cbf     [c01cbf] A:a2d1 X:0018 Y:0005 S:01e6 D:0000 DB:00 nvMXdizc V: 14 H: 692 F:15
c01cbf stz $0200,x   [000218] A:a2d1 X:0018 Y:0005 S:01e6 D:0000 DB:00 nvMXdizc V: 14 H: 710 F:15
c01cc2 inx                    A:a2d1 X:0018 Y:0005 S:01e6 D:0000 DB:00 nvMXdizc V: 14 H: 742 F:15
c01cc3 bne $1cbf     [c01cbf] A:a2d1 X:0019 Y:0005 S:01e6 D:0000 DB:00 nvMXdizc V: 14 H: 754 F:15
c01cbf stz $0200,x   [000219] A:a2d1 X:0019 Y:0005 S:01e6 D:0000 DB:00 nvMXdizc V: 14 H: 772 F:15
c01cc2 inx                    A:a2d1 X:0019 Y:0005 S:01e6 D:0000 DB:00 nvMXdizc V: 14 H: 804 F:15
c01cc3 bne $1cbf     [c01cbf] A:a2d1 X:001a Y:0005 S:01e6 D:0000 DB:00 nvMXdizc V: 14 H: 816 F:15
c01cbf stz $0200,x   [00021a] A:a2d1 X:001a Y:0005 S:01e6 D:0000 DB:00 nvMXdizc V: 14 H: 834 F:15
c01cc2 inx                    A:a2d1 X:001a Y:0005 S:01e6 D:0000 DB:00 nvMXdizc V: 14 H: 866 F:15
c01cc3 bne $1cbf     [c01cbf] A:a2d1 X:001b Y:0005 S:01e6 D:0000 DB:00 nvMXdizc V: 14 H: 878 F:15
c01cbf stz $0200,x   [00021b] A:a2d1 X:001b Y:0005 S:01e6 D:0000 DB:00 nvMXdizc V: 14 H: 896 F:15
c01cc2 inx                    A:a2d1 X:001b Y:0005 S:01e6 D:0000 DB:00 nvMXdizc V: 14 H: 928 F:15
c01cc3 bne $1cbf     [c01cbf] A:a2d1 X:001c Y:0005 S:01e6 D:0000 DB:00 nvMXdizc V: 14 H: 940 F:15
c01cbf stz $0200,x   [00021c] A:a2d1 X:001c Y:0005 S:01e6 D:0000 DB:00 nvMXdizc V: 14 H: 958 F:15
c01cc2 inx                    A:a2d1 X:001c Y:0005 S:01e6 D:0000 DB:00 nvMXdizc V: 14 H: 990 F:15
c01cc3 bne $1cbf     [c01cbf] A:a2d1 X:001d Y:0005 S:01e6 D:0000 DB:00 nvMXdizc V: 14 H:1002 F:15
c01cbf stz $0200,x   [00021d] A:a2d1 X:001d Y:0005 S:01e6 D:0000 DB:00 nvMXdizc V: 14 H:1020 F:15
c01cc2 inx                    A:a2d1 X:001d Y:0005 S:01e6 D:0000 DB:00 nvMXdizc V: 14 H:1052 F:15
c01cc3 bne $1cbf     [c01cbf] A:a2d1 X:001e Y:0005 S:01e6 D:0000 DB:00 nvMXdizc V: 14 H:1064 F:15
c01cbf stz $0200,x   [00021e] A:a2d1 X:001e Y:0005 S:01e6 D:0000 DB:00 nvMXdizc V: 14 H:1082 F:15
c01cc2 inx                    A:a2d1 X:001e Y:0005 S:01e6 D:0000 DB:00 nvMXdizc V: 14 H:1114 F:15
c01cc3 bne $1cbf     [c01cbf] A:a2d1 X:001f Y:0005 S:01e6 D:0000 DB:00 nvMXdizc V: 14 H:1126 F:15
c01cbf stz $0200,x   [00021f] A:a2d1 X:001f Y:0005 S:01e6 D:0000 DB:00 nvMXdizc V: 14 H:1144 F:15
c01cc2 inx                    A:a2d1 X:001f Y:0005 S:01e6 D:0000 DB:00 nvMXdizc V: 14 H:1176 F:15
c01cc3 bne $1cbf     [c01cbf] A:a2d1 X:0020 Y:0005 S:01e6 D:0000 DB:00 nvMXdizc V: 14 H:1188 F:15
c01cbf stz $0200,x   [000220] A:a2d1 X:0020 Y:0005 S:01e6 D:0000 DB:00 nvMXdizc V: 14 H:1206 F:15
c01cc2 inx                    A:a2d1 X:0020 Y:0005 S:01e6 D:0000 DB:00 nvMXdizc V: 14 H:1238 F:15
c01cc3 bne $1cbf     [c01cbf] A:a2d1 X:0021 Y:0005 S:01e6 D:0000 DB:00 nvMXdizc V: 14 H:1250 F:15
c01cbf stz $0200,x   [000221] A:a2d1 X:0021 Y:0005 S:01e6 D:0000 DB:00 nvMXdizc V: 14 H:1268 F:15
c01cc2 inx                    A:a2d1 X:0021 Y:0005 S:01e6 D:0000 DB:00 nvMXdizc V: 14 H:1300 F:15
c01cc3 bne $1cbf     [c01cbf] A:a2d1 X:0022 Y:0005 S:01e6 D:0000 DB:00 nvMXdizc V: 14 H:1312 F:15
c01cbf stz $0200,x   [000222] A:a2d1 X:0022 Y:0005 S:01e6 D:0000 DB:00 nvMXdizc V: 14 H:1330 F:15
c01cc2 inx                    A:a2d1 X:0022 Y:0005 S:01e6 D:0000 DB:00 nvMXdizc V: 14 H:1362 F:15
c01cc3 bne $1cbf     [c01cbf] A:a2d1 X:0023 Y:0005 S:01e6 D:0000 DB:00 nvMXdizc V: 15 H:  10 F:15
c01cbf stz $0200,x   [000223] A:a2d1 X:0023 Y:0005 S:01e6 D:0000 DB:00 nvMXdizc V: 15 H:  28 F:15
c01cc2 inx                    A:a2d1 X:0023 Y:0005 S:01e6 D:0000 DB:00 nvMXdizc V: 15 H:  60 F:15
c01cc3 bne $1cbf     [c01cbf] A:a2d1 X:0024 Y:0005 S:01e6 D:0000 DB:00 nvMXdizc V: 15 H:  72 F:15
c01cbf stz $0200,x   [000224] A:a2d1 X:0024 Y:0005 S:01e6 D:0000 DB:00 nvMXdizc V: 15 H:  90 F:15
c01cc2 inx                    A:a2d1 X:0024 Y:0005 S:01e6 D:0000 DB:00 nvMXdizc V: 15 H: 122 F:15
c01cc3 bne $1cbf     [c01cbf] A:a2d1 X:0025 Y:0005 S:01e6 D:0000 DB:00 nvMXdizc V: 15 H: 134 F:15
c01cbf stz $0200,x   [000225] A:a2d1 X:0025 Y:0005 S:01e6 D:0000 DB:00 nvMXdizc V: 15 H: 152 F:15
c01cc2 inx                    A:a2d1 X:0025 Y:0005 S:01e6 D:0000 DB:00 nvMXdizc V: 15 H: 184 F:15
c01cc3 bne $1cbf     [c01cbf] A:a2d1 X:0026 Y:0005 S:01e6 D:0000 DB:00 nvMXdizc V: 15 H: 196 F:15
c01cbf stz $0200,x   [000226] A:a2d1 X:0026 Y:0005 S:01e6 D:0000 DB:00 nvMXdizc V: 15 H: 214 F:15
c01cc2 inx                    A:a2d1 X:0026 Y:0005 S:01e6 D:0000 DB:00 nvMXdizc V: 15 H: 246 F:15
c01cc3 bne $1cbf     [c01cbf] A:a2d1 X:0027 Y:0005 S:01e6 D:0000 DB:00 nvMXdizc V: 15 H: 258 F:15
c01cbf stz $0200,x   [000227] A:a2d1 X:0027 Y:0005 S:01e6 D:0000 DB:00 nvMXdizc V: 15 H: 276 F:15
c01cc2 inx                    A:a2d1 X:0027 Y:0005 S:01e6 D:0000 DB:00 nvMXdizc V: 15 H: 308 F:15
c01cc3 bne $1cbf     [c01cbf] A:a2d1 X:0028 Y:0005 S:01e6 D:0000 DB:00 nvMXdizc V: 15 H: 320 F:15
c01cbf stz $0200,x   [000228] A:a2d1 X:0028 Y:0005 S:01e6 D:0000 DB:00 nvMXdizc V: 15 H: 338 F:15
c01cc2 inx                    A:a2d1 X:0028 Y:0005 S:01e6 D:0000 DB:00 nvMXdizc V: 15 H: 370 F:15
c01cc3 bne $1cbf     [c01cbf] A:a2d1 X:0029 Y:0005 S:01e6 D:0000 DB:00 nvMXdizc V: 15 H: 382 F:15
c01cbf stz $0200,x   [000229] A:a2d1 X:0029 Y:0005 S:01e6 D:0000 DB:00 nvMXdizc V: 15 H: 400 F:15
c01cc2 inx                    A:a2d1 X:0029 Y:0005 S:01e6 D:0000 DB:00 nvMXdizc V: 15 H: 432 F:15
c01cc3 bne $1cbf     [c01cbf] A:a2d1 X:002a Y:0005 S:01e6 D:0000 DB:00 nvMXdizc V: 15 H: 444 F:15
c01cbf stz $0200,x   [00022a] A:a2d1 X:002a Y:0005 S:01e6 D:0000 DB:00 nvMXdizc V: 15 H: 462 F:15
c01cc2 inx                    A:a2d1 X:002a Y:0005 S:01e6 D:0000 DB:00 nvMXdizc V: 15 H: 494 F:15
c01cc3 bne $1cbf     [c01cbf] A:a2d1 X:002b Y:0005 S:01e6 D:0000 DB:00 nvMXdizc V: 15 H: 506 F:15
c01cbf stz $0200,x   [00022b] A:a2d1 X:002b Y:0005 S:01e6 D:0000 DB:00 nvMXdizc V: 15 H: 524 F:15
c01cc2 inx                    A:a2d1 X:002b Y:0005 S:01e6 D:0000 DB:00 nvMXdizc V: 15 H: 596 F:15
c01cc3 bne $1cbf     [c01cbf] A:a2d1 X:002c Y:0005 S:01e6 D:0000 DB:00 nvMXdizc V: 15 H: 608 F:15
c01cbf stz $0200,x   [00022c] A:a2d1 X:002c Y:0005 S:01e6 D:0000 DB:00 nvMXdizc V: 15 H: 626 F:15
c01cc2 inx                    A:a2d1 X:002c Y:0005 S:01e6 D:0000 DB:00 nvMXdizc V: 15 H: 658 F:15
c01cc3 bne $1cbf     [c01cbf] A:a2d1 X:002d Y:0005 S:01e6 D:0000 DB:00 nvMXdizc V: 15 H: 670 F:15
c01cbf stz $0200,x   [00022d] A:a2d1 X:002d Y:0005 S:01e6 D:0000 DB:00 nvMXdizc V: 15 H: 688 F:15
c01cc2 inx                    A:a2d1 X:002d Y:0005 S:01e6 D:0000 DB:00 nvMXdizc V: 15 H: 720 F:15
c01cc3 bne $1cbf     [c01cbf] A:a2d1 X:002e Y:0005 S:01e6 D:0000 DB:00 nvMXdizc V: 15 H: 732 F:15
c01cbf stz $0200,x   [00022e] A:a2d1 X:002e Y:0005 S:01e6 D:0000 DB:00 nvMXdizc V: 15 H: 750 F:15
c01cc2 inx                    A:a2d1 X:002e Y:0005 S:01e6 D:0000 DB:00 nvMXdizc V: 15 H: 782 F:15
c01cc3 bne $1cbf     [c01cbf] A:a2d1 X:002f Y:0005 S:01e6 D:0000 DB:00 nvMXdizc V: 15 H: 794 F:15
c01cbf stz $0200,x   [00022f] A:a2d1 X:002f Y:0005 S:01e6 D:0000 DB:00 nvMXdizc V: 15 H: 812 F:15
c01cc2 inx                    A:a2d1 X:002f Y:0005 S:01e6 D:0000 DB:00 nvMXdizc V: 15 H: 844 F:15
c01cc3 bne $1cbf     [c01cbf] A:a2d1 X:0030 Y:0005 S:01e6 D:0000 DB:00 nvMXdizc V: 15 H: 856 F:15
c01cbf stz $0200,x   [000230] A:a2d1 X:0030 Y:0005 S:01e6 D:0000 DB:00 nvMXdizc V: 15 H: 874 F:15
c01cc2 inx                    A:a2d1 X:0030 Y:0005 S:01e6 D:0000 DB:00 nvMXdizc V: 15 H: 906 F:15
c01cc3 bne $1cbf     [c01cbf] A:a2d1 X:0031 Y:0005 S:01e6 D:0000 DB:00 nvMXdizc V: 15 H: 918 F:15
c01cbf stz $0200,x   [000231] A:a2d1 X:0031 Y:0005 S:01e6 D:0000 DB:00 nvMXdizc V: 15 H: 936 F:15
c01cc2 inx                    A:a2d1 X:0031 Y:0005 S:01e6 D:0000 DB:00 nvMXdizc V: 15 H: 968 F:15
c01cc3 bne $1cbf     [c01cbf] A:a2d1 X:0032 Y:0005 S:01e6 D:0000 DB:00 nvMXdizc V: 15 H: 980 F:15
c01cbf stz $0200,x   [000232] A:a2d1 X:0032 Y:0005 S:01e6 D:0000 DB:00 nvMXdizc V: 15 H: 998 F:15
c01cc2 inx                    A:a2d1 X:0032 Y:0005 S:01e6 D:0000 DB:00 nvMXdizc V: 15 H:1030 F:15
c01cc3 bne $1cbf     [c01cbf] A:a2d1 X:0033 Y:0005 S:01e6 D:0000 DB:00 nvMXdizc V: 15 H:1042 F:15
c01cbf stz $0200,x   [000233] A:a2d1 X:0033 Y:0005 S:01e6 D:0000 DB:00 nvMXdizc V: 15 H:1060 F:15
c01cc2 inx                    A:a2d1 X:0033 Y:0005 S:01e6 D:0000 DB:00 nvMXdizc V: 15 H:1092 F:15
c01cc3 bne $1cbf     [c01cbf] A:a2d1 X:0034 Y:0005 S:01e6 D:0000 DB:00 nvMXdizc V: 15 H:1104 F:15
c01cbf stz $0200,x   [000234] A:a2d1 X:0034 Y:0005 S:01e6 D:0000 DB:00 nvMXdizc V: 15 H:1122 F:15
c01cc2 inx                    A:a2d1 X:0034 Y:0005 S:01e6 D:0000 DB:00 nvMXdizc V: 15 H:1154 F:15
c01cc3 bne $1cbf     [c01cbf] A:a2d1 X:0035 Y:0005 S:01e6 D:0000 DB:00 nvMXdizc V: 15 H:1166 F:15
c01cbf stz $0200,x   [000235] A:a2d1 X:0035 Y:0005 S:01e6 D:0000 DB:00 nvMXdizc V: 15 H:1184 F:15
c01cc2 inx                    A:a2d1 X:0035 Y:0005 S:01e6 D:0000 DB:00 nvMXdizc V: 15 H:1216 F:15
c01cc3 bne $1cbf     [c01cbf] A:a2d1 X:0036 Y:0005 S:01e6 D:0000 DB:00 nvMXdizc V: 15 H:1228 F:15
c01cbf stz $0200,x   [000236] A:a2d1 X:0036 Y:0005 S:01e6 D:0000 DB:00 nvMXdizc V: 15 H:1246 F:15
c01cc2 inx                    A:a2d1 X:0036 Y:0005 S:01e6 D:0000 DB:00 nvMXdizc V: 15 H:1278 F:15
c01cc3 bne $1cbf     [c01cbf] A:a2d1 X:0037 Y:0005 S:01e6 D:0000 DB:00 nvMXdizc V: 15 H:1290 F:15
c01cbf stz $0200,x   [000237] A:a2d1 X:0037 Y:0005 S:01e6 D:0000 DB:00 nvMXdizc V: 15 H:1308 F:15
c01cc2 inx                    A:a2d1 X:0037 Y:0005 S:01e6 D:0000 DB:00 nvMXdizc V: 15 H:1340 F:15
c01cc3 bne $1cbf     [c01cbf] A:a2d1 X:0038 Y:0005 S:01e6 D:0000 DB:00 nvMXdizc V: 15 H:1352 F:15
c01cbf stz $0200,x   [000238] A:a2d1 X:0038 Y:0005 S:01e6 D:0000 DB:00 nvMXdizc V: 16 H:   6 F:15
c01cc2 inx                    A:a2d1 X:0038 Y:0005 S:01e6 D:0000 DB:00 nvMXdizc V: 16 H:  38 F:15
c01cc3 bne $1cbf     [c01cbf] A:a2d1 X:0039 Y:0005 S:01e6 D:0000 DB:00 nvMXdizc V: 16 H:  50 F:15
c01cbf stz $0200,x   [000239] A:a2d1 X:0039 Y:0005 S:01e6 D:0000 DB:00 nvMXdizc V: 16 H:  68 F:15
c01cc2 inx                    A:a2d1 X:0039 Y:0005 S:01e6 D:0000 DB:00 nvMXdizc V: 16 H: 100 F:15
c01cc3 bne $1cbf     [c01cbf] A:a2d1 X:003a Y:0005 S:01e6 D:0000 DB:00 nvMXdizc V: 16 H: 112 F:15
c01cbf stz $0200,x   [00023a] A:a2d1 X:003a Y:0005 S:01e6 D:0000 DB:00 nvMXdizc V: 16 H: 130 F:15
c01cc2 inx                    A:a2d1 X:003a Y:0005 S:01e6 D:0000 DB:00 nvMXdizc V: 16 H: 162 F:15
c01cc3 bne $1cbf     [c01cbf] A:a2d1 X:003b Y:0005 S:01e6 D:0000 DB:00 nvMXdizc V: 16 H: 174 F:15
c01cbf stz $0200,x   [00023b] A:a2d1 X:003b Y:0005 S:01e6 D:0000 DB:00 nvMXdizc V: 16 H: 192 F:15
c01cc2 inx                    A:a2d1 X:003b Y:0005 S:01e6 D:0000 DB:00 nvMXdizc V: 16 H: 224 F:15
c01cc3 bne $1cbf     [c01cbf] A:a2d1 X:003c Y:0005 S:01e6 D:0000 DB:00 nvMXdizc V: 16 H: 236 F:15
c01cbf stz $0200,x   [00023c] A:a2d1 X:003c Y:0005 S:01e6 D:0000 DB:00 nvMXdizc V: 16 H: 254 F:15
c01cc2 inx                    A:a2d1 X:003c Y:0005 S:01e6 D:0000 DB:00 nvMXdizc V: 16 H: 286 F:15
c01cc3 bne $1cbf     [c01cbf] A:a2d1 X:003d Y:0005 S:01e6 D:0000 DB:00 nvMXdizc V: 16 H: 298 F:15
c01cbf stz $0200,x   [00023d] A:a2d1 X:003d Y:0005 S:01e6 D:0000 DB:00 nvMXdizc V: 16 H: 316 F:15
c01cc2 inx                    A:a2d1 X:003d Y:0005 S:01e6 D:0000 DB:00 nvMXdizc V: 16 H: 348 F:15
c01cc3 bne $1cbf     [c01cbf] A:a2d1 X:003e Y:0005 S:01e6 D:0000 DB:00 nvMXdizc V: 16 H: 360 F:15
c01cbf stz $0200,x   [00023e] A:a2d1 X:003e Y:0005 S:01e6 D:0000 DB:00 nvMXdizc V: 16 H: 378 F:15
c01cc2 inx                    A:a2d1 X:003e Y:0005 S:01e6 D:0000 DB:00 nvMXdizc V: 16 H: 410 F:15
c01cc3 bne $1cbf     [c01cbf] A:a2d1 X:003f Y:0005 S:01e6 D:0000 DB:00 nvMXdizc V: 16 H: 422 F:15
c01cbf stz $0200,x   [00023f] A:a2d1 X:003f Y:0005 S:01e6 D:0000 DB:00 nvMXdizc V: 16 H: 440 F:15
c01cc2 inx                    A:a2d1 X:003f Y:0005 S:01e6 D:0000 DB:00 nvMXdizc V: 16 H: 472 F:15
c01cc3 bne $1cbf     [c01cbf] A:a2d1 X:0040 Y:0005 S:01e6 D:0000 DB:00 nvMXdizc V: 16 H: 484 F:15
c01cbf stz $0200,x   [000240] A:a2d1 X:0040 Y:0005 S:01e6 D:0000 DB:00 nvMXdizc V: 16 H: 502 F:15
c01cc2 inx                    A:a2d1 X:0040 Y:0005 S:01e6 D:0000 DB:00 nvMXdizc V: 16 H: 574 F:15
c01cc3 bne $1cbf     [c01cbf] A:a2d1 X:0041 Y:0005 S:01e6 D:0000 DB:00 nvMXdizc V: 16 H: 586 F:15
c01cbf stz $0200,x   [000241] A:a2d1 X:0041 Y:0005 S:01e6 D:0000 DB:00 nvMXdizc V: 16 H: 604 F:15
c01cc2 inx                    A:a2d1 X:0041 Y:0005 S:01e6 D:0000 DB:00 nvMXdizc V: 16 H: 636 F:15
c01cc3 bne $1cbf     [c01cbf] A:a2d1 X:0042 Y:0005 S:01e6 D:0000 DB:00 nvMXdizc V: 16 H: 648 F:15
c01cbf stz $0200,x   [000242] A:a2d1 X:0042 Y:0005 S:01e6 D:0000 DB:00 nvMXdizc V: 16 H: 666 F:15
c01cc2 inx                    A:a2d1 X:0042 Y:0005 S:01e6 D:0000 DB:00 nvMXdizc V: 16 H: 698 F:15
c01cc3 bne $1cbf     [c01cbf] A:a2d1 X:0043 Y:0005 S:01e6 D:0000 DB:00 nvMXdizc V: 16 H: 710 F:15
c01cbf stz $0200,x   [000243] A:a2d1 X:0043 Y:0005 S:01e6 D:0000 DB:00 nvMXdizc V: 16 H: 728 F:15
c01cc2 inx                    A:a2d1 X:0043 Y:0005 S:01e6 D:0000 DB:00 nvMXdizc V: 16 H: 760 F:15
c01cc3 bne $1cbf     [c01cbf] A:a2d1 X:0044 Y:0005 S:01e6 D:0000 DB:00 nvMXdizc V: 16 H: 772 F:15
c01cbf stz $0200,x   [000244] A:a2d1 X:0044 Y:0005 S:01e6 D:0000 DB:00 nvMXdizc V: 16 H: 790 F:15
c01cc2 inx                    A:a2d1 X:0044 Y:0005 S:01e6 D:0000 DB:00 nvMXdizc V: 16 H: 822 F:15
c01cc3 bne $1cbf     [c01cbf] A:a2d1 X:0045 Y:0005 S:01e6 D:0000 DB:00 nvMXdizc V: 16 H: 834 F:15
c01cbf stz $0200,x   [000245] A:a2d1 X:0045 Y:0005 S:01e6 D:0000 DB:00 nvMXdizc V: 16 H: 852 F:15
c01cc2 inx                    A:a2d1 X:0045 Y:0005 S:01e6 D:0000 DB:00 nvMXdizc V: 16 H: 884 F:15
c01cc3 bne $1cbf     [c01cbf] A:a2d1 X:0046 Y:0005 S:01e6 D:0000 DB:00 nvMXdizc V: 16 H: 896 F:15
c01cbf stz $0200,x   [000246] A:a2d1 X:0046 Y:0005 S:01e6 D:0000 DB:00 nvMXdizc V: 16 H: 914 F:15
c01cc2 inx                    A:a2d1 X:0046 Y:0005 S:01e6 D:0000 DB:00 nvMXdizc V: 16 H: 946 F:15
c01cc3 bne $1cbf     [c01cbf] A:a2d1 X:0047 Y:0005 S:01e6 D:0000 DB:00 nvMXdizc V: 16 H: 958 F:15
c01cbf stz $0200,x   [000247] A:a2d1 X:0047 Y:0005 S:01e6 D:0000 DB:00 nvMXdizc V: 16 H: 976 F:15
c01cc2 inx                    A:a2d1 X:0047 Y:0005 S:01e6 D:0000 DB:00 nvMXdizc V: 16 H:1008 F:15
c01cc3 bne $1cbf     [c01cbf] A:a2d1 X:0048 Y:0005 S:01e6 D:0000 DB:00 nvMXdizc V: 16 H:1020 F:15
c01cbf stz $0200,x   [000248] A:a2d1 X:0048 Y:0005 S:01e6 D:0000 DB:00 nvMXdizc V: 16 H:1038 F:15
c01cc2 inx                    A:a2d1 X:0048 Y:0005 S:01e6 D:0000 DB:00 nvMXdizc V: 16 H:1070 F:15
c01cc3 bne $1cbf     [c01cbf] A:a2d1 X:0049 Y:0005 S:01e6 D:0000 DB:00 nvMXdizc V: 16 H:1082 F:15
c01cbf stz $0200,x   [000249] A:a2d1 X:0049 Y:0005 S:01e6 D:0000 DB:00 nvMXdizc V: 16 H:1100 F:15
c01cc2 inx                    A:a2d1 X:0049 Y:0005 S:01e6 D:0000 DB:00 nvMXdizc V: 16 H:1132 F:15
c01cc3 bne $1cbf     [c01cbf] A:a2d1 X:004a Y:0005 S:01e6 D:0000 DB:00 nvMXdizc V: 16 H:1144 F:15
c01cbf stz $0200,x   [00024a] A:a2d1 X:004a Y:0005 S:01e6 D:0000 DB:00 nvMXdizc V: 16 H:1162 F:15
c01cc2 inx                    A:a2d1 X:004a Y:0005 S:01e6 D:0000 DB:00 nvMXdizc V: 16 H:1194 F:15
c01cc3 bne $1cbf     [c01cbf] A:a2d1 X:004b Y:0005 S:01e6 D:0000 DB:00 nvMXdizc V: 16 H:1206 F:15
c01cbf stz $0200,x   [00024b] A:a2d1 X:004b Y:0005 S:01e6 D:0000 DB:00 nvMXdizc V: 16 H:1224 F:15
c01cc2 inx                    A:a2d1 X:004b Y:0005 S:01e6 D:0000 DB:00 nvMXdizc V: 16 H:1256 F:15
c01cc3 bne $1cbf     [c01cbf] A:a2d1 X:004c Y:0005 S:01e6 D:0000 DB:00 nvMXdizc V: 16 H:1268 F:15
c01cbf stz $0200,x   [00024c] A:a2d1 X:004c Y:0005 S:01e6 D:0000 DB:00 nvMXdizc V: 16 H:1286 F:15
c01cc2 inx                    A:a2d1 X:004c Y:0005 S:01e6 D:0000 DB:00 nvMXdizc V: 16 H:1318 F:15
c01cc3 bne $1cbf     [c01cbf] A:a2d1 X:004d Y:0005 S:01e6 D:0000 DB:00 nvMXdizc V: 16 H:1330 F:15
c01cbf stz $0200,x   [00024d] A:a2d1 X:004d Y:0005 S:01e6 D:0000 DB:00 nvMXdizc V: 16 H:1348 F:15
c01cc2 inx                    A:a2d1 X:004d Y:0005 S:01e6 D:0000 DB:00 nvMXdizc V: 17 H:  16 F:15
c01cc3 bne $1cbf     [c01cbf] A:a2d1 X:004e Y:0005 S:01e6 D:0000 DB:00 nvMXdizc V: 17 H:  28 F:15
c01cbf stz $0200,x   [00024e] A:a2d1 X:004e Y:0005 S:01e6 D:0000 DB:00 nvMXdizc V: 17 H:  46 F:15
c01cc2 inx                    A:a2d1 X:004e Y:0005 S:01e6 D:0000 DB:00 nvMXdizc V: 17 H:  78 F:15
c01cc3 bne $1cbf     [c01cbf] A:a2d1 X:004f Y:0005 S:01e6 D:0000 DB:00 nvMXdizc V: 17 H:  90 F:15
c01cbf stz $0200,x   [00024f] A:a2d1 X:004f Y:0005 S:01e6 D:0000 DB:00 nvMXdizc V: 17 H: 108 F:15
c01cc2 inx                    A:a2d1 X:004f Y:0005 S:01e6 D:0000 DB:00 nvMXdizc V: 17 H: 140 F:15
c01cc3 bne $1cbf     [c01cbf] A:a2d1 X:0050 Y:0005 S:01e6 D:0000 DB:00 nvMXdizc V: 17 H: 152 F:15
c01cbf stz $0200,x   [000250] A:a2d1 X:0050 Y:0005 S:01e6 D:0000 DB:00 nvMXdizc V: 17 H: 170 F:15
c01cc2 inx                    A:a2d1 X:0050 Y:0005 S:01e6 D:0000 DB:00 nvMXdizc V: 17 H: 202 F:15
c01cc3 bne $1cbf     [c01cbf] A:a2d1 X:0051 Y:0005 S:01e6 D:0000 DB:00 nvMXdizc V: 17 H: 214 F:15
c01cbf stz $0200,x   [000251] A:a2d1 X:0051 Y:0005 S:01e6 D:0000 DB:00 nvMXdizc V: 17 H: 232 F:15
c01cc2 inx                    A:a2d1 X:0051 Y:0005 S:01e6 D:0000 DB:00 nvMXdizc V: 17 H: 264 F:15
c01cc3 bne $1cbf     [c01cbf] A:a2d1 X:0052 Y:0005 S:01e6 D:0000 DB:00 nvMXdizc V: 17 H: 276 F:15
c01cbf stz $0200,x   [000252] A:a2d1 X:0052 Y:0005 S:01e6 D:0000 DB:00 nvMXdizc V: 17 H: 294 F:15
c01cc2 inx                    A:a2d1 X:0052 Y:0005 S:01e6 D:0000 DB:00 nvMXdizc V: 17 H: 326 F:15
c01cc3 bne $1cbf     [c01cbf] A:a2d1 X:0053 Y:0005 S:01e6 D:0000 DB:00 nvMXdizc V: 17 H: 338 F:15
c01cbf stz $0200,x   [000253] A:a2d1 X:0053 Y:0005 S:01e6 D:0000 DB:00 nvMXdizc V: 17 H: 356 F:15
c01cc2 inx                    A:a2d1 X:0053 Y:0005 S:01e6 D:0000 DB:00 nvMXdizc V: 17 H: 388 F:15
c01cc3 bne $1cbf     [c01cbf] A:a2d1 X:0054 Y:0005 S:01e6 D:0000 DB:00 nvMXdizc V: 17 H: 400 F:15
c01cbf stz $0200,x   [000254] A:a2d1 X:0054 Y:0005 S:01e6 D:0000 DB:00 nvMXdizc V: 17 H: 418 F:15
c01cc2 inx                    A:a2d1 X:0054 Y:0005 S:01e6 D:0000 DB:00 nvMXdizc V: 17 H: 450 F:15
c01cc3 bne $1cbf     [c01cbf] A:a2d1 X:0055 Y:0005 S:01e6 D:0000 DB:00 nvMXdizc V: 17 H: 462 F:15
c01cbf stz $0200,x   [000255] A:a2d1 X:0055 Y:0005 S:01e6 D:0000 DB:00 nvMXdizc V: 17 H: 480 F:15
c01cc2 inx                    A:a2d1 X:0055 Y:0005 S:01e6 D:0000 DB:00 nvMXdizc V: 17 H: 512 F:15
c01cc3 bne $1cbf     [c01cbf] A:a2d1 X:0056 Y:0005 S:01e6 D:0000 DB:00 nvMXdizc V: 17 H: 524 F:15
c01cbf stz $0200,x   [000256] A:a2d1 X:0056 Y:0005 S:01e6 D:0000 DB:00 nvMXdizc V: 17 H: 582 F:15
c01cc2 inx                    A:a2d1 X:0056 Y:0005 S:01e6 D:0000 DB:00 nvMXdizc V: 17 H: 614 F:15
c01cc3 bne $1cbf     [c01cbf] A:a2d1 X:0057 Y:0005 S:01e6 D:0000 DB:00 nvMXdizc V: 17 H: 626 F:15
c01cbf stz $0200,x   [000257] A:a2d1 X:0057 Y:0005 S:01e6 D:0000 DB:00 nvMXdizc V: 17 H: 644 F:15
c01cc2 inx                    A:a2d1 X:0057 Y:0005 S:01e6 D:0000 DB:00 nvMXdizc V: 17 H: 676 F:15
c01cc3 bne $1cbf     [c01cbf] A:a2d1 X:0058 Y:0005 S:01e6 D:0000 DB:00 nvMXdizc V: 17 H: 688 F:15
c01cbf stz $0200,x   [000258] A:a2d1 X:0058 Y:0005 S:01e6 D:0000 DB:00 nvMXdizc V: 17 H: 706 F:15
c01cc2 inx                    A:a2d1 X:0058 Y:0005 S:01e6 D:0000 DB:00 nvMXdizc V: 17 H: 738 F:15
c01cc3 bne $1cbf     [c01cbf] A:a2d1 X:0059 Y:0005 S:01e6 D:0000 DB:00 nvMXdizc V: 17 H: 750 F:15
c01cbf stz $0200,x   [000259] A:a2d1 X:0059 Y:0005 S:01e6 D:0000 DB:00 nvMXdizc V: 17 H: 768 F:15
c01cc2 inx                    A:a2d1 X:0059 Y:0005 S:01e6 D:0000 DB:00 nvMXdizc V: 17 H: 800 F:15
c01cc3 bne $1cbf     [c01cbf] A:a2d1 X:005a Y:0005 S:01e6 D:0000 DB:00 nvMXdizc V: 17 H: 812 F:15
c01cbf stz $0200,x   [00025a] A:a2d1 X:005a Y:0005 S:01e6 D:0000 DB:00 nvMXdizc V: 17 H: 830 F:15
c01cc2 inx                    A:a2d1 X:005a Y:0005 S:01e6 D:0000 DB:00 nvMXdizc V: 17 H: 862 F:15
c01cc3 bne $1cbf     [c01cbf] A:a2d1 X:005b Y:0005 S:01e6 D:0000 DB:00 nvMXdizc V: 17 H: 874 F:15
c01cbf stz $0200,x   [00025b] A:a2d1 X:005b Y:0005 S:01e6 D:0000 DB:00 nvMXdizc V: 17 H: 892 F:15
c01cc2 inx                    A:a2d1 X:005b Y:0005 S:01e6 D:0000 DB:00 nvMXdizc V: 17 H: 924 F:15
c01cc3 bne $1cbf     [c01cbf] A:a2d1 X:005c Y:0005 S:01e6 D:0000 DB:00 nvMXdizc V: 17 H: 936 F:15
c01cbf stz $0200,x   [00025c] A:a2d1 X:005c Y:0005 S:01e6 D:0000 DB:00 nvMXdizc V: 17 H: 954 F:15
c01cc2 inx                    A:a2d1 X:005c Y:0005 S:01e6 D:0000 DB:00 nvMXdizc V: 17 H: 986 F:15
c01cc3 bne $1cbf     [c01cbf] A:a2d1 X:005d Y:0005 S:01e6 D:0000 DB:00 nvMXdizc V: 17 H: 998 F:15
c01cbf stz $0200,x   [00025d] A:a2d1 X:005d Y:0005 S:01e6 D:0000 DB:00 nvMXdizc V: 17 H:1016 F:15
c01cc2 inx                    A:a2d1 X:005d Y:0005 S:01e6 D:0000 DB:00 nvMXdizc V: 17 H:1048 F:15
c01cc3 bne $1cbf     [c01cbf] A:a2d1 X:005e Y:0005 S:01e6 D:0000 DB:00 nvMXdizc V: 17 H:1060 F:15
c01cbf stz $0200,x   [00025e] A:a2d1 X:005e Y:0005 S:01e6 D:0000 DB:00 nvMXdizc V: 17 H:1078 F:15
c01cc2 inx                    A:a2d1 X:005e Y:0005 S:01e6 D:0000 DB:00 nvMXdizc V: 17 H:1110 F:15
c01cc3 bne $1cbf     [c01cbf] A:a2d1 X:005f Y:0005 S:01e6 D:0000 DB:00 nvMXdizc V: 17 H:1122 F:15
c01cbf stz $0200,x   [00025f] A:a2d1 X:005f Y:0005 S:01e6 D:0000 DB:00 nvMXdizc V: 17 H:1140 F:15
c01cc2 inx                    A:a2d1 X:005f Y:0005 S:01e6 D:0000 DB:00 nvMXdizc V: 17 H:1172 F:15
c01cc3 bne $1cbf     [c01cbf] A:a2d1 X:0060 Y:0005 S:01e6 D:0000 DB:00 nvMXdizc V: 17 H:1184 F:15
c01cbf stz $0200,x   [000260] A:a2d1 X:0060 Y:0005 S:01e6 D:0000 DB:00 nvMXdizc V: 17 H:1202 F:15
c01cc2 inx                    A:a2d1 X:0060 Y:0005 S:01e6 D:0000 DB:00 nvMXdizc V: 17 H:1234 F:15
c01cc3 bne $1cbf     [c01cbf] A:a2d1 X:0061 Y:0005 S:01e6 D:0000 DB:00 nvMXdizc V: 17 H:1246 F:15
c01cbf stz $0200,x   [000261] A:a2d1 X:0061 Y:0005 S:01e6 D:0000 DB:00 nvMXdizc V: 17 H:1264 F:15
c01cc2 inx                    A:a2d1 X:0061 Y:0005 S:01e6 D:0000 DB:00 nvMXdizc V: 17 H:1296 F:15
c01cc3 bne $1cbf     [c01cbf] A:a2d1 X:0062 Y:0005 S:01e6 D:0000 DB:00 nvMXdizc V: 17 H:1308 F:15
c01cbf stz $0200,x   [000262] A:a2d1 X:0062 Y:0005 S:01e6 D:0000 DB:00 nvMXdizc V: 17 H:1326 F:15
c01cc2 inx                    A:a2d1 X:0062 Y:0005 S:01e6 D:0000 DB:00 nvMXdizc V: 17 H:1358 F:15
c01cc3 bne $1cbf     [c01cbf] A:a2d1 X:0063 Y:0005 S:01e6 D:0000 DB:00 nvMXdizc V: 18 H:   6 F:15
c01cbf stz $0200,x   [000263] A:a2d1 X:0063 Y:0005 S:01e6 D:0000 DB:00 nvMXdizc V: 18 H:  24 F:15
c01cc2 inx                    A:a2d1 X:0063 Y:0005 S:01e6 D:0000 DB:00 nvMXdizc V: 18 H:  56 F:15
c01cc3 bne $1cbf     [c01cbf] A:a2d1 X:0064 Y:0005 S:01e6 D:0000 DB:00 nvMXdizc V: 18 H:  68 F:15
c01cbf stz $0200,x   [000264] A:a2d1 X:0064 Y:0005 S:01e6 D:0000 DB:00 nvMXdizc V: 18 H:  86 F:15
c01cc2 inx                    A:a2d1 X:0064 Y:0005 S:01e6 D:0000 DB:00 nvMXdizc V: 18 H: 118 F:15
c01cc3 bne $1cbf     [c01cbf] A:a2d1 X:0065 Y:0005 S:01e6 D:0000 DB:00 nvMXdizc V: 18 H: 130 F:15
c01cbf stz $0200,x   [000265] A:a2d1 X:0065 Y:0005 S:01e6 D:0000 DB:00 nvMXdizc V: 18 H: 148 F:15
c01cc2 inx                    A:a2d1 X:0065 Y:0005 S:01e6 D:0000 DB:00 nvMXdizc V: 18 H: 180 F:15
c01cc3 bne $1cbf     [c01cbf] A:a2d1 X:0066 Y:0005 S:01e6 D:0000 DB:00 nvMXdizc V: 18 H: 192 F:15
c01cbf stz $0200,x   [000266] A:a2d1 X:0066 Y:0005 S:01e6 D:0000 DB:00 nvMXdizc V: 18 H: 210 F:15
c01cc2 inx                    A:a2d1 X:0066 Y:0005 S:01e6 D:0000 DB:00 nvMXdizc V: 18 H: 242 F:15
c01cc3 bne $1cbf     [c01cbf] A:a2d1 X:0067 Y:0005 S:01e6 D:0000 DB:00 nvMXdizc V: 18 H: 254 F:15
c01cbf stz $0200,x   [000267] A:a2d1 X:0067 Y:0005 S:01e6 D:0000 DB:00 nvMXdizc V: 18 H: 272 F:15
c01cc2 inx                    A:a2d1 X:0067 Y:0005 S:01e6 D:0000 DB:00 nvMXdizc V: 18 H: 304 F:15
c01cc3 bne $1cbf     [c01cbf] A:a2d1 X:0068 Y:0005 S:01e6 D:0000 DB:00 nvMXdizc V: 18 H: 316 F:15
c01cbf stz $0200,x   [000268] A:a2d1 X:0068 Y:0005 S:01e6 D:0000 DB:00 nvMXdizc V: 18 H: 334 F:15
c01cc2 inx                    A:a2d1 X:0068 Y:0005 S:01e6 D:0000 DB:00 nvMXdizc V: 18 H: 366 F:15
c01cc3 bne $1cbf     [c01cbf] A:a2d1 X:0069 Y:0005 S:01e6 D:0000 DB:00 nvMXdizc V: 18 H: 378 F:15
c01cbf stz $0200,x   [000269] A:a2d1 X:0069 Y:0005 S:01e6 D:0000 DB:00 nvMXdizc V: 18 H: 396 F:15
c01cc2 inx                    A:a2d1 X:0069 Y:0005 S:01e6 D:0000 DB:00 nvMXdizc V: 18 H: 428 F:15
c01cc3 bne $1cbf     [c01cbf] A:a2d1 X:006a Y:0005 S:01e6 D:0000 DB:00 nvMXdizc V: 18 H: 440 F:15
c01cbf stz $0200,x   [00026a] A:a2d1 X:006a Y:0005 S:01e6 D:0000 DB:00 nvMXdizc V: 18 H: 458 F:15
c01cc2 inx                    A:a2d1 X:006a Y:0005 S:01e6 D:0000 DB:00 nvMXdizc V: 18 H: 490 F:15
c01cc3 bne $1cbf     [c01cbf] A:a2d1 X:006b Y:0005 S:01e6 D:0000 DB:00 nvMXdizc V: 18 H: 502 F:15
c01cbf stz $0200,x   [00026b] A:a2d1 X:006b Y:0005 S:01e6 D:0000 DB:00 nvMXdizc V: 18 H: 520 F:15
c01cc2 inx                    A:a2d1 X:006b Y:0005 S:01e6 D:0000 DB:00 nvMXdizc V: 18 H: 592 F:15
c01cc3 bne $1cbf     [c01cbf] A:a2d1 X:006c Y:0005 S:01e6 D:0000 DB:00 nvMXdizc V: 18 H: 604 F:15
c01cbf stz $0200,x   [00026c] A:a2d1 X:006c Y:0005 S:01e6 D:0000 DB:00 nvMXdizc V: 18 H: 622 F:15
c01cc2 inx                    A:a2d1 X:006c Y:0005 S:01e6 D:0000 DB:00 nvMXdizc V: 18 H: 654 F:15
c01cc3 bne $1cbf     [c01cbf] A:a2d1 X:006d Y:0005 S:01e6 D:0000 DB:00 nvMXdizc V: 18 H: 666 F:15
c01cbf stz $0200,x   [00026d] A:a2d1 X:006d Y:0005 S:01e6 D:0000 DB:00 nvMXdizc V: 18 H: 684 F:15
c01cc2 inx                    A:a2d1 X:006d Y:0005 S:01e6 D:0000 DB:00 nvMXdizc V: 18 H: 716 F:15
c01cc3 bne $1cbf     [c01cbf] A:a2d1 X:006e Y:0005 S:01e6 D:0000 DB:00 nvMXdizc V: 18 H: 728 F:15
c01cbf stz $0200,x   [00026e] A:a2d1 X:006e Y:0005 S:01e6 D:0000 DB:00 nvMXdizc V: 18 H: 746 F:15
c01cc2 inx                    A:a2d1 X:006e Y:0005 S:01e6 D:0000 DB:00 nvMXdizc V: 18 H: 778 F:15
c01cc3 bne $1cbf     [c01cbf] A:a2d1 X:006f Y:0005 S:01e6 D:0000 DB:00 nvMXdizc V: 18 H: 790 F:15
c01cbf stz $0200,x   [00026f] A:a2d1 X:006f Y:0005 S:01e6 D:0000 DB:00 nvMXdizc V: 18 H: 808 F:15
c01cc2 inx                    A:a2d1 X:006f Y:0005 S:01e6 D:0000 DB:00 nvMXdizc V: 18 H: 840 F:15
c01cc3 bne $1cbf     [c01cbf] A:a2d1 X:0070 Y:0005 S:01e6 D:0000 DB:00 nvMXdizc V: 18 H: 852 F:15
c01cbf stz $0200,x   [000270] A:a2d1 X:0070 Y:0005 S:01e6 D:0000 DB:00 nvMXdizc V: 18 H: 870 F:15
c01cc2 inx                    A:a2d1 X:0070 Y:0005 S:01e6 D:0000 DB:00 nvMXdizc V: 18 H: 902 F:15
c01cc3 bne $1cbf     [c01cbf] A:a2d1 X:0071 Y:0005 S:01e6 D:0000 DB:00 nvMXdizc V: 18 H: 914 F:15
c01cbf stz $0200,x   [000271] A:a2d1 X:0071 Y:0005 S:01e6 D:0000 DB:00 nvMXdizc V: 18 H: 932 F:15
c01cc2 inx                    A:a2d1 X:0071 Y:0005 S:01e6 D:0000 DB:00 nvMXdizc V: 18 H: 964 F:15
c01cc3 bne $1cbf     [c01cbf] A:a2d1 X:0072 Y:0005 S:01e6 D:0000 DB:00 nvMXdizc V: 18 H: 976 F:15
c01cbf stz $0200,x   [000272] A:a2d1 X:0072 Y:0005 S:01e6 D:0000 DB:00 nvMXdizc V: 18 H: 994 F:15
c01cc2 inx                    A:a2d1 X:0072 Y:0005 S:01e6 D:0000 DB:00 nvMXdizc V: 18 H:1026 F:15
c01cc3 bne $1cbf     [c01cbf] A:a2d1 X:0073 Y:0005 S:01e6 D:0000 DB:00 nvMXdizc V: 18 H:1038 F:15
c01cbf stz $0200,x   [000273] A:a2d1 X:0073 Y:0005 S:01e6 D:0000 DB:00 nvMXdizc V: 18 H:1056 F:15
c01cc2 inx                    A:a2d1 X:0073 Y:0005 S:01e6 D:0000 DB:00 nvMXdizc V: 18 H:1088 F:15
c01cc3 bne $1cbf     [c01cbf] A:a2d1 X:0074 Y:0005 S:01e6 D:0000 DB:00 nvMXdizc V: 18 H:1100 F:15
c01cbf stz $0200,x   [000274] A:a2d1 X:0074 Y:0005 S:01e6 D:0000 DB:00 nvMXdizc V: 18 H:1118 F:15
c01cc2 inx                    A:a2d1 X:0074 Y:0005 S:01e6 D:0000 DB:00 nvMXdizc V: 18 H:1150 F:15
c01cc3 bne $1cbf     [c01cbf] A:a2d1 X:0075 Y:0005 S:01e6 D:0000 DB:00 nvMXdizc V: 18 H:1162 F:15
c01cbf stz $0200,x   [000275] A:a2d1 X:0075 Y:0005 S:01e6 D:0000 DB:00 nvMXdizc V: 18 H:1180 F:15
c01cc2 inx                    A:a2d1 X:0075 Y:0005 S:01e6 D:0000 DB:00 nvMXdizc V: 18 H:1212 F:15
c01cc3 bne $1cbf     [c01cbf] A:a2d1 X:0076 Y:0005 S:01e6 D:0000 DB:00 nvMXdizc V: 18 H:1224 F:15
c01cbf stz $0200,x   [000276] A:a2d1 X:0076 Y:0005 S:01e6 D:0000 DB:00 nvMXdizc V: 18 H:1242 F:15
c01cc2 inx                    A:a2d1 X:0076 Y:0005 S:01e6 D:0000 DB:00 nvMXdizc V: 18 H:1274 F:15
c01cc3 bne $1cbf     [c01cbf] A:a2d1 X:0077 Y:0005 S:01e6 D:0000 DB:00 nvMXdizc V: 18 H:1286 F:15
c01cbf stz $0200,x   [000277] A:a2d1 X:0077 Y:0005 S:01e6 D:0000 DB:00 nvMXdizc V: 18 H:1304 F:15
c01cc2 inx                    A:a2d1 X:0077 Y:0005 S:01e6 D:0000 DB:00 nvMXdizc V: 18 H:1336 F:15
c01cc3 bne $1cbf     [c01cbf] A:a2d1 X:0078 Y:0005 S:01e6 D:0000 DB:00 nvMXdizc V: 18 H:1348 F:15
c01cbf stz $0200,x   [000278] A:a2d1 X:0078 Y:0005 S:01e6 D:0000 DB:00 nvMXdizc V: 19 H:   2 F:15
c01cc2 inx                    A:a2d1 X:0078 Y:0005 S:01e6 D:0000 DB:00 nvMXdizc V: 19 H:  34 F:15
c01cc3 bne $1cbf     [c01cbf] A:a2d1 X:0079 Y:0005 S:01e6 D:0000 DB:00 nvMXdizc V: 19 H:  46 F:15
c01cbf stz $0200,x   [000279] A:a2d1 X:0079 Y:0005 S:01e6 D:0000 DB:00 nvMXdizc V: 19 H:  64 F:15
c01cc2 inx                    A:a2d1 X:0079 Y:0005 S:01e6 D:0000 DB:00 nvMXdizc V: 19 H:  96 F:15
c01cc3 bne $1cbf     [c01cbf] A:a2d1 X:007a Y:0005 S:01e6 D:0000 DB:00 nvMXdizc V: 19 H: 108 F:15
c01cbf stz $0200,x   [00027a] A:a2d1 X:007a Y:0005 S:01e6 D:0000 DB:00 nvMXdizc V: 19 H: 126 F:15
c01cc2 inx                    A:a2d1 X:007a Y:0005 S:01e6 D:0000 DB:00 nvMXdizc V: 19 H: 158 F:15
c01cc3 bne $1cbf     [c01cbf] A:a2d1 X:007b Y:0005 S:01e6 D:0000 DB:00 nvMXdizc V: 19 H: 170 F:15
c01cbf stz $0200,x   [00027b] A:a2d1 X:007b Y:0005 S:01e6 D:0000 DB:00 nvMXdizc V: 19 H: 188 F:15
c01cc2 inx                    A:a2d1 X:007b Y:0005 S:01e6 D:0000 DB:00 nvMXdizc V: 19 H: 220 F:15
c01cc3 bne $1cbf     [c01cbf] A:a2d1 X:007c Y:0005 S:01e6 D:0000 DB:00 nvMXdizc V: 19 H: 232 F:15
c01cbf stz $0200,x   [00027c] A:a2d1 X:007c Y:0005 S:01e6 D:0000 DB:00 nvMXdizc V: 19 H: 250 F:15
c01cc2 inx                    A:a2d1 X:007c Y:0005 S:01e6 D:0000 DB:00 nvMXdizc V: 19 H: 282 F:15
c01cc3 bne $1cbf     [c01cbf] A:a2d1 X:007d Y:0005 S:01e6 D:0000 DB:00 nvMXdizc V: 19 H: 294 F:15
c01cbf stz $0200,x   [00027d] A:a2d1 X:007d Y:0005 S:01e6 D:0000 DB:00 nvMXdizc V: 19 H: 312 F:15
c01cc2 inx                    A:a2d1 X:007d Y:0005 S:01e6 D:0000 DB:00 nvMXdizc V: 19 H: 344 F:15
c01cc3 bne $1cbf     [c01cbf] A:a2d1 X:007e Y:0005 S:01e6 D:0000 DB:00 nvMXdizc V: 19 H: 356 F:15
c01cbf stz $0200,x   [00027e] A:a2d1 X:007e Y:0005 S:01e6 D:0000 DB:00 nvMXdizc V: 19 H: 374 F:15
c01cc2 inx                    A:a2d1 X:007e Y:0005 S:01e6 D:0000 DB:00 nvMXdizc V: 19 H: 406 F:15
c01cc3 bne $1cbf     [c01cbf] A:a2d1 X:007f Y:0005 S:01e6 D:0000 DB:00 nvMXdizc V: 19 H: 418 F:15
c01cbf stz $0200,x   [00027f] A:a2d1 X:007f Y:0005 S:01e6 D:0000 DB:00 nvMXdizc V: 19 H: 436 F:15
c01cc2 inx                    A:a2d1 X:007f Y:0005 S:01e6 D:0000 DB:00 nvMXdizc V: 19 H: 468 F:15
c01cc3 bne $1cbf     [c01cbf] A:a2d1 X:0080 Y:0005 S:01e6 D:0000 DB:00 NvMXdizc V: 19 H: 480 F:15
c01cbf stz $0200,x   [000280] A:a2d1 X:0080 Y:0005 S:01e6 D:0000 DB:00 NvMXdizc V: 19 H: 498 F:15
c01cc2 inx                    A:a2d1 X:0080 Y:0005 S:01e6 D:0000 DB:00 NvMXdizc V: 19 H: 530 F:15
c01cc3 bne $1cbf     [c01cbf] A:a2d1 X:0081 Y:0005 S:01e6 D:0000 DB:00 NvMXdizc V: 19 H: 582 F:15
c01cbf stz $0200,x   [000281] A:a2d1 X:0081 Y:0005 S:01e6 D:0000 DB:00 NvMXdizc V: 19 H: 600 F:15
c01cc2 inx                    A:a2d1 X:0081 Y:0005 S:01e6 D:0000 DB:00 NvMXdizc V: 19 H: 632 F:15
c01cc3 bne $1cbf     [c01cbf] A:a2d1 X:0082 Y:0005 S:01e6 D:0000 DB:00 NvMXdizc V: 19 H: 644 F:15
c01cbf stz $0200,x   [000282] A:a2d1 X:0082 Y:0005 S:01e6 D:0000 DB:00 NvMXdizc V: 19 H: 662 F:15
c01cc2 inx                    A:a2d1 X:0082 Y:0005 S:01e6 D:0000 DB:00 NvMXdizc V: 19 H: 694 F:15
c01cc3 bne $1cbf     [c01cbf] A:a2d1 X:0083 Y:0005 S:01e6 D:0000 DB:00 NvMXdizc V: 19 H: 706 F:15
c01cbf stz $0200,x   [000283] A:a2d1 X:0083 Y:0005 S:01e6 D:0000 DB:00 NvMXdizc V: 19 H: 724 F:15
c01cc2 inx                    A:a2d1 X:0083 Y:0005 S:01e6 D:0000 DB:00 NvMXdizc V: 19 H: 756 F:15
c01cc3 bne $1cbf     [c01cbf] A:a2d1 X:0084 Y:0005 S:01e6 D:0000 DB:00 NvMXdizc V: 19 H: 768 F:15
c01cbf stz $0200,x   [000284] A:a2d1 X:0084 Y:0005 S:01e6 D:0000 DB:00 NvMXdizc V: 19 H: 786 F:15
c01cc2 inx                    A:a2d1 X:0084 Y:0005 S:01e6 D:0000 DB:00 NvMXdizc V: 19 H: 818 F:15
c01cc3 bne $1cbf     [c01cbf] A:a2d1 X:0085 Y:0005 S:01e6 D:0000 DB:00 NvMXdizc V: 19 H: 830 F:15
c01cbf stz $0200,x   [000285] A:a2d1 X:0085 Y:0005 S:01e6 D:0000 DB:00 NvMXdizc V: 19 H: 848 F:15
c01cc2 inx                    A:a2d1 X:0085 Y:0005 S:01e6 D:0000 DB:00 NvMXdizc V: 19 H: 880 F:15
c01cc3 bne $1cbf     [c01cbf] A:a2d1 X:0086 Y:0005 S:01e6 D:0000 DB:00 NvMXdizc V: 19 H: 892 F:15
c01cbf stz $0200,x   [000286] A:a2d1 X:0086 Y:0005 S:01e6 D:0000 DB:00 NvMXdizc V: 19 H: 910 F:15
c01cc2 inx                    A:a2d1 X:0086 Y:0005 S:01e6 D:0000 DB:00 NvMXdizc V: 19 H: 942 F:15
c01cc3 bne $1cbf     [c01cbf] A:a2d1 X:0087 Y:0005 S:01e6 D:0000 DB:00 NvMXdizc V: 19 H: 954 F:15
c01cbf stz $0200,x   [000287] A:a2d1 X:0087 Y:0005 S:01e6 D:0000 DB:00 NvMXdizc V: 19 H: 972 F:15
c01cc2 inx                    A:a2d1 X:0087 Y:0005 S:01e6 D:0000 DB:00 NvMXdizc V: 19 H:1004 F:15
c01cc3 bne $1cbf     [c01cbf] A:a2d1 X:0088 Y:0005 S:01e6 D:0000 DB:00 NvMXdizc V: 19 H:1016 F:15
c01cbf stz $0200,x   [000288] A:a2d1 X:0088 Y:0005 S:01e6 D:0000 DB:00 NvMXdizc V: 19 H:1034 F:15
c01cc2 inx                    A:a2d1 X:0088 Y:0005 S:01e6 D:0000 DB:00 NvMXdizc V: 19 H:1066 F:15
c01cc3 bne $1cbf     [c01cbf] A:a2d1 X:0089 Y:0005 S:01e6 D:0000 DB:00 NvMXdizc V: 19 H:1078 F:15
c01cbf stz $0200,x   [000289] A:a2d1 X:0089 Y:0005 S:01e6 D:0000 DB:00 NvMXdizc V: 19 H:1096 F:15
c01cc2 inx                    A:a2d1 X:0089 Y:0005 S:01e6 D:0000 DB:00 NvMXdizc V: 19 H:1128 F:15
c01cc3 bne $1cbf     [c01cbf] A:a2d1 X:008a Y:0005 S:01e6 D:0000 DB:00 NvMXdizc V: 19 H:1140 F:15
c01cbf stz $0200,x   [00028a] A:a2d1 X:008a Y:0005 S:01e6 D:0000 DB:00 NvMXdizc V: 19 H:1158 F:15
c01cc2 inx                    A:a2d1 X:008a Y:0005 S:01e6 D:0000 DB:00 NvMXdizc V: 19 H:1190 F:15
c01cc3 bne $1cbf     [c01cbf] A:a2d1 X:008b Y:0005 S:01e6 D:0000 DB:00 NvMXdizc V: 19 H:1202 F:15
c01cbf stz $0200,x   [00028b] A:a2d1 X:008b Y:0005 S:01e6 D:0000 DB:00 NvMXdizc V: 19 H:1220 F:15
c01cc2 inx                    A:a2d1 X:008b Y:0005 S:01e6 D:0000 DB:00 NvMXdizc V: 19 H:1252 F:15
c01cc3 bne $1cbf     [c01cbf] A:a2d1 X:008c Y:0005 S:01e6 D:0000 DB:00 NvMXdizc V: 19 H:1264 F:15
c01cbf stz $0200,x   [00028c] A:a2d1 X:008c Y:0005 S:01e6 D:0000 DB:00 NvMXdizc V: 19 H:1282 F:15
c01cc2 inx                    A:a2d1 X:008c Y:0005 S:01e6 D:0000 DB:00 NvMXdizc V: 19 H:1314 F:15
c01cc3 bne $1cbf     [c01cbf] A:a2d1 X:008d Y:0005 S:01e6 D:0000 DB:00 NvMXdizc V: 19 H:1326 F:15
c01cbf stz $0200,x   [00028d] A:a2d1 X:008d Y:0005 S:01e6 D:0000 DB:00 NvMXdizc V: 19 H:1344 F:15
c01cc2 inx                    A:a2d1 X:008d Y:0005 S:01e6 D:0000 DB:00 NvMXdizc V: 20 H:  12 F:15
c01cc3 bne $1cbf     [c01cbf] A:a2d1 X:008e Y:0005 S:01e6 D:0000 DB:00 NvMXdizc V: 20 H:  24 F:15
c01cbf stz $0200,x   [00028e] A:a2d1 X:008e Y:0005 S:01e6 D:0000 DB:00 NvMXdizc V: 20 H:  42 F:15
c01cc2 inx                    A:a2d1 X:008e Y:0005 S:01e6 D:0000 DB:00 NvMXdizc V: 20 H:  74 F:15
c01cc3 bne $1cbf     [c01cbf] A:a2d1 X:008f Y:0005 S:01e6 D:0000 DB:00 NvMXdizc V: 20 H:  86 F:15
c01cbf stz $0200,x   [00028f] A:a2d1 X:008f Y:0005 S:01e6 D:0000 DB:00 NvMXdizc V: 20 H: 104 F:15
c01cc2 inx                    A:a2d1 X:008f Y:0005 S:01e6 D:0000 DB:00 NvMXdizc V: 20 H: 136 F:15
c01cc3 bne $1cbf     [c01cbf] A:a2d1 X:0090 Y:0005 S:01e6 D:0000 DB:00 NvMXdizc V: 20 H: 148 F:15
c01cbf stz $0200,x   [000290] A:a2d1 X:0090 Y:0005 S:01e6 D:0000 DB:00 NvMXdizc V: 20 H: 166 F:15
c01cc2 inx                    A:a2d1 X:0090 Y:0005 S:01e6 D:0000 DB:00 NvMXdizc V: 20 H: 198 F:15
c01cc3 bne $1cbf     [c01cbf] A:a2d1 X:0091 Y:0005 S:01e6 D:0000 DB:00 NvMXdizc V: 20 H: 210 F:15
c01cbf stz $0200,x   [000291] A:a2d1 X:0091 Y:0005 S:01e6 D:0000 DB:00 NvMXdizc V: 20 H: 228 F:15
c01cc2 inx                    A:a2d1 X:0091 Y:0005 S:01e6 D:0000 DB:00 NvMXdizc V: 20 H: 260 F:15
c01cc3 bne $1cbf     [c01cbf] A:a2d1 X:0092 Y:0005 S:01e6 D:0000 DB:00 NvMXdizc V: 20 H: 272 F:15
c01cbf stz $0200,x   [000292] A:a2d1 X:0092 Y:0005 S:01e6 D:0000 DB:00 NvMXdizc V: 20 H: 290 F:15
c01cc2 inx                    A:a2d1 X:0092 Y:0005 S:01e6 D:0000 DB:00 NvMXdizc V: 20 H: 322 F:15
c01cc3 bne $1cbf     [c01cbf] A:a2d1 X:0093 Y:0005 S:01e6 D:0000 DB:00 NvMXdizc V: 20 H: 334 F:15
c01cbf stz $0200,x   [000293] A:a2d1 X:0093 Y:0005 S:01e6 D:0000 DB:00 NvMXdizc V: 20 H: 352 F:15
c01cc2 inx                    A:a2d1 X:0093 Y:0005 S:01e6 D:0000 DB:00 NvMXdizc V: 20 H: 384 F:15
c01cc3 bne $1cbf     [c01cbf] A:a2d1 X:0094 Y:0005 S:01e6 D:0000 DB:00 NvMXdizc V: 20 H: 396 F:15
c01cbf stz $0200,x   [000294] A:a2d1 X:0094 Y:0005 S:01e6 D:0000 DB:00 NvMXdizc V: 20 H: 414 F:15
c01cc2 inx                    A:a2d1 X:0094 Y:0005 S:01e6 D:0000 DB:00 NvMXdizc V: 20 H: 446 F:15
c01cc3 bne $1cbf     [c01cbf] A:a2d1 X:0095 Y:0005 S:01e6 D:0000 DB:00 NvMXdizc V: 20 H: 458 F:15
c01cbf stz $0200,x   [000295] A:a2d1 X:0095 Y:0005 S:01e6 D:0000 DB:00 NvMXdizc V: 20 H: 476 F:15
c01cc2 inx                    A:a2d1 X:0095 Y:0005 S:01e6 D:0000 DB:00 NvMXdizc V: 20 H: 508 F:15
c01cc3 bne $1cbf     [c01cbf] A:a2d1 X:0096 Y:0005 S:01e6 D:0000 DB:00 NvMXdizc V: 20 H: 520 F:15
c01cbf stz $0200,x   [000296] A:a2d1 X:0096 Y:0005 S:01e6 D:0000 DB:00 NvMXdizc V: 20 H: 578 F:15
c01cc2 inx                    A:a2d1 X:0096 Y:0005 S:01e6 D:0000 DB:00 NvMXdizc V: 20 H: 610 F:15
c01cc3 bne $1cbf     [c01cbf] A:a2d1 X:0097 Y:0005 S:01e6 D:0000 DB:00 NvMXdizc V: 20 H: 622 F:15
c01cbf stz $0200,x   [000297] A:a2d1 X:0097 Y:0005 S:01e6 D:0000 DB:00 NvMXdizc V: 20 H: 640 F:15
c01cc2 inx                    A:a2d1 X:0097 Y:0005 S:01e6 D:0000 DB:00 NvMXdizc V: 20 H: 672 F:15
c01cc3 bne $1cbf     [c01cbf] A:a2d1 X:0098 Y:0005 S:01e6 D:0000 DB:00 NvMXdizc V: 20 H: 684 F:15
c01cbf stz $0200,x   [000298] A:a2d1 X:0098 Y:0005 S:01e6 D:0000 DB:00 NvMXdizc V: 20 H: 702 F:15
c01cc2 inx                    A:a2d1 X:0098 Y:0005 S:01e6 D:0000 DB:00 NvMXdizc V: 20 H: 734 F:15
c01cc3 bne $1cbf     [c01cbf] A:a2d1 X:0099 Y:0005 S:01e6 D:0000 DB:00 NvMXdizc V: 20 H: 746 F:15
c01cbf stz $0200,x   [000299] A:a2d1 X:0099 Y:0005 S:01e6 D:0000 DB:00 NvMXdizc V: 20 H: 764 F:15
c01cc2 inx                    A:a2d1 X:0099 Y:0005 S:01e6 D:0000 DB:00 NvMXdizc V: 20 H: 796 F:15
c01cc3 bne $1cbf     [c01cbf] A:a2d1 X:009a Y:0005 S:01e6 D:0000 DB:00 NvMXdizc V: 20 H: 808 F:15
c01cbf stz $0200,x   [00029a] A:a2d1 X:009a Y:0005 S:01e6 D:0000 DB:00 NvMXdizc V: 20 H: 826 F:15
c01cc2 inx                    A:a2d1 X:009a Y:0005 S:01e6 D:0000 DB:00 NvMXdizc V: 20 H: 858 F:15
c01cc3 bne $1cbf     [c01cbf] A:a2d1 X:009b Y:0005 S:01e6 D:0000 DB:00 NvMXdizc V: 20 H: 870 F:15
c01cbf stz $0200,x   [00029b] A:a2d1 X:009b Y:0005 S:01e6 D:0000 DB:00 NvMXdizc V: 20 H: 888 F:15
c01cc2 inx                    A:a2d1 X:009b Y:0005 S:01e6 D:0000 DB:00 NvMXdizc V: 20 H: 920 F:15
c01cc3 bne $1cbf     [c01cbf] A:a2d1 X:009c Y:0005 S:01e6 D:0000 DB:00 NvMXdizc V: 20 H: 932 F:15
c01cbf stz $0200,x   [00029c] A:a2d1 X:009c Y:0005 S:01e6 D:0000 DB:00 NvMXdizc V: 20 H: 950 F:15
c01cc2 inx                    A:a2d1 X:009c Y:0005 S:01e6 D:0000 DB:00 NvMXdizc V: 20 H: 982 F:15
c01cc3 bne $1cbf     [c01cbf] A:a2d1 X:009d Y:0005 S:01e6 D:0000 DB:00 NvMXdizc V: 20 H: 994 F:15
c01cbf stz $0200,x   [00029d] A:a2d1 X:009d Y:0005 S:01e6 D:0000 DB:00 NvMXdizc V: 20 H:1012 F:15
c01cc2 inx                    A:a2d1 X:009d Y:0005 S:01e6 D:0000 DB:00 NvMXdizc V: 20 H:1044 F:15
c01cc3 bne $1cbf     [c01cbf] A:a2d1 X:009e Y:0005 S:01e6 D:0000 DB:00 NvMXdizc V: 20 H:1056 F:15
c01cbf stz $0200,x   [00029e] A:a2d1 X:009e Y:0005 S:01e6 D:0000 DB:00 NvMXdizc V: 20 H:1074 F:15
c01cc2 inx                    A:a2d1 X:009e Y:0005 S:01e6 D:0000 DB:00 NvMXdizc V: 20 H:1106 F:15
c01cc3 bne $1cbf     [c01cbf] A:a2d1 X:009f Y:0005 S:01e6 D:0000 DB:00 NvMXdizc V: 20 H:1118 F:15
c01cbf stz $0200,x   [00029f] A:a2d1 X:009f Y:0005 S:01e6 D:0000 DB:00 NvMXdizc V: 20 H:1136 F:15
c01cc2 inx                    A:a2d1 X:009f Y:0005 S:01e6 D:0000 DB:00 NvMXdizc V: 20 H:1168 F:15
c01cc3 bne $1cbf     [c01cbf] A:a2d1 X:00a0 Y:0005 S:01e6 D:0000 DB:00 NvMXdizc V: 20 H:1180 F:15
c01cbf stz $0200,x   [0002a0] A:a2d1 X:00a0 Y:0005 S:01e6 D:0000 DB:00 NvMXdizc V: 20 H:1198 F:15
c01cc2 inx                    A:a2d1 X:00a0 Y:0005 S:01e6 D:0000 DB:00 NvMXdizc V: 20 H:1230 F:15
c01cc3 bne $1cbf     [c01cbf] A:a2d1 X:00a1 Y:0005 S:01e6 D:0000 DB:00 NvMXdizc V: 20 H:1242 F:15
c01cbf stz $0200,x   [0002a1] A:a2d1 X:00a1 Y:0005 S:01e6 D:0000 DB:00 NvMXdizc V: 20 H:1260 F:15
c01cc2 inx                    A:a2d1 X:00a1 Y:0005 S:01e6 D:0000 DB:00 NvMXdizc V: 20 H:1292 F:15
c01cc3 bne $1cbf     [c01cbf] A:a2d1 X:00a2 Y:0005 S:01e6 D:0000 DB:00 NvMXdizc V: 20 H:1304 F:15
c01cbf stz $0200,x   [0002a2] A:a2d1 X:00a2 Y:0005 S:01e6 D:0000 DB:00 NvMXdizc V: 20 H:1322 F:15
c01cc2 inx                    A:a2d1 X:00a2 Y:0005 S:01e6 D:0000 DB:00 NvMXdizc V: 20 H:1354 F:15
c01cc3 bne $1cbf     [c01cbf] A:a2d1 X:00a3 Y:0005 S:01e6 D:0000 DB:00 NvMXdizc V: 21 H:   2 F:15
c01cbf stz $0200,x   [0002a3] A:a2d1 X:00a3 Y:0005 S:01e6 D:0000 DB:00 NvMXdizc V: 21 H:  20 F:15
c01cc2 inx                    A:a2d1 X:00a3 Y:0005 S:01e6 D:0000 DB:00 NvMXdizc V: 21 H:  52 F:15
c01cc3 bne $1cbf     [c01cbf] A:a2d1 X:00a4 Y:0005 S:01e6 D:0000 DB:00 NvMXdizc V: 21 H:  64 F:15
c01cbf stz $0200,x   [0002a4] A:a2d1 X:00a4 Y:0005 S:01e6 D:0000 DB:00 NvMXdizc V: 21 H:  82 F:15
c01cc2 inx                    A:a2d1 X:00a4 Y:0005 S:01e6 D:0000 DB:00 NvMXdizc V: 21 H: 114 F:15
c01cc3 bne $1cbf     [c01cbf] A:a2d1 X:00a5 Y:0005 S:01e6 D:0000 DB:00 NvMXdizc V: 21 H: 126 F:15
c01cbf stz $0200,x   [0002a5] A:a2d1 X:00a5 Y:0005 S:01e6 D:0000 DB:00 NvMXdizc V: 21 H: 144 F:15
c01cc2 inx                    A:a2d1 X:00a5 Y:0005 S:01e6 D:0000 DB:00 NvMXdizc V: 21 H: 176 F:15
c01cc3 bne $1cbf     [c01cbf] A:a2d1 X:00a6 Y:0005 S:01e6 D:0000 DB:00 NvMXdizc V: 21 H: 188 F:15
c01cbf stz $0200,x   [0002a6] A:a2d1 X:00a6 Y:0005 S:01e6 D:0000 DB:00 NvMXdizc V: 21 H: 206 F:15
c01cc2 inx                    A:a2d1 X:00a6 Y:0005 S:01e6 D:0000 DB:00 NvMXdizc V: 21 H: 238 F:15
c01cc3 bne $1cbf     [c01cbf] A:a2d1 X:00a7 Y:0005 S:01e6 D:0000 DB:00 NvMXdizc V: 21 H: 250 F:15
c01cbf stz $0200,x   [0002a7] A:a2d1 X:00a7 Y:0005 S:01e6 D:0000 DB:00 NvMXdizc V: 21 H: 268 F:15
c01cc2 inx                    A:a2d1 X:00a7 Y:0005 S:01e6 D:0000 DB:00 NvMXdizc V: 21 H: 300 F:15
c01cc3 bne $1cbf     [c01cbf] A:a2d1 X:00a8 Y:0005 S:01e6 D:0000 DB:00 NvMXdizc V: 21 H: 312 F:15
c01cbf stz $0200,x   [0002a8] A:a2d1 X:00a8 Y:0005 S:01e6 D:0000 DB:00 NvMXdizc V: 21 H: 330 F:15
c01cc2 inx                    A:a2d1 X:00a8 Y:0005 S:01e6 D:0000 DB:00 NvMXdizc V: 21 H: 362 F:15
c01cc3 bne $1cbf     [c01cbf] A:a2d1 X:00a9 Y:0005 S:01e6 D:0000 DB:00 NvMXdizc V: 21 H: 374 F:15
c01cbf stz $0200,x   [0002a9] A:a2d1 X:00a9 Y:0005 S:01e6 D:0000 DB:00 NvMXdizc V: 21 H: 392 F:15
c01cc2 inx                    A:a2d1 X:00a9 Y:0005 S:01e6 D:0000 DB:00 NvMXdizc V: 21 H: 424 F:15
c01cc3 bne $1cbf     [c01cbf] A:a2d1 X:00aa Y:0005 S:01e6 D:0000 DB:00 NvMXdizc V: 21 H: 436 F:15
c01cbf stz $0200,x   [0002aa] A:a2d1 X:00aa Y:0005 S:01e6 D:0000 DB:00 NvMXdizc V: 21 H: 454 F:15
c01cc2 inx                    A:a2d1 X:00aa Y:0005 S:01e6 D:0000 DB:00 NvMXdizc V: 21 H: 486 F:15
c01cc3 bne $1cbf     [c01cbf] A:a2d1 X:00ab Y:0005 S:01e6 D:0000 DB:00 NvMXdizc V: 21 H: 498 F:15
c01cbf stz $0200,x   [0002ab] A:a2d1 X:00ab Y:0005 S:01e6 D:0000 DB:00 NvMXdizc V: 21 H: 516 F:15
c01cc2 inx                    A:a2d1 X:00ab Y:0005 S:01e6 D:0000 DB:00 NvMXdizc V: 21 H: 588 F:15
c01cc3 bne $1cbf     [c01cbf] A:a2d1 X:00ac Y:0005 S:01e6 D:0000 DB:00 NvMXdizc V: 21 H: 600 F:15
c01cbf stz $0200,x   [0002ac] A:a2d1 X:00ac Y:0005 S:01e6 D:0000 DB:00 NvMXdizc V: 21 H: 618 F:15
c01cc2 inx                    A:a2d1 X:00ac Y:0005 S:01e6 D:0000 DB:00 NvMXdizc V: 21 H: 650 F:15
c01cc3 bne $1cbf     [c01cbf] A:a2d1 X:00ad Y:0005 S:01e6 D:0000 DB:00 NvMXdizc V: 21 H: 662 F:15
c01cbf stz $0200,x   [0002ad] A:a2d1 X:00ad Y:0005 S:01e6 D:0000 DB:00 NvMXdizc V: 21 H: 680 F:15
c01cc2 inx                    A:a2d1 X:00ad Y:0005 S:01e6 D:0000 DB:00 NvMXdizc V: 21 H: 712 F:15
c01cc3 bne $1cbf     [c01cbf] A:a2d1 X:00ae Y:0005 S:01e6 D:0000 DB:00 NvMXdizc V: 21 H: 724 F:15
c01cbf stz $0200,x   [0002ae] A:a2d1 X:00ae Y:0005 S:01e6 D:0000 DB:00 NvMXdizc V: 21 H: 742 F:15
c01cc2 inx                    A:a2d1 X:00ae Y:0005 S:01e6 D:0000 DB:00 NvMXdizc V: 21 H: 774 F:15
c01cc3 bne $1cbf     [c01cbf] A:a2d1 X:00af Y:0005 S:01e6 D:0000 DB:00 NvMXdizc V: 21 H: 786 F:15
c01cbf stz $0200,x   [0002af] A:a2d1 X:00af Y:0005 S:01e6 D:0000 DB:00 NvMXdizc V: 21 H: 804 F:15
c01cc2 inx                    A:a2d1 X:00af Y:0005 S:01e6 D:0000 DB:00 NvMXdizc V: 21 H: 836 F:15
c01cc3 bne $1cbf     [c01cbf] A:a2d1 X:00b0 Y:0005 S:01e6 D:0000 DB:00 NvMXdizc V: 21 H: 848 F:15
c01cbf stz $0200,x   [0002b0] A:a2d1 X:00b0 Y:0005 S:01e6 D:0000 DB:00 NvMXdizc V: 21 H: 866 F:15
c01cc2 inx                    A:a2d1 X:00b0 Y:0005 S:01e6 D:0000 DB:00 NvMXdizc V: 21 H: 898 F:15
c01cc3 bne $1cbf     [c01cbf] A:a2d1 X:00b1 Y:0005 S:01e6 D:0000 DB:00 NvMXdizc V: 21 H: 910 F:15
c01cbf stz $0200,x   [0002b1] A:a2d1 X:00b1 Y:0005 S:01e6 D:0000 DB:00 NvMXdizc V: 21 H: 928 F:15
c01cc2 inx                    A:a2d1 X:00b1 Y:0005 S:01e6 D:0000 DB:00 NvMXdizc V: 21 H: 960 F:15
c01cc3 bne $1cbf     [c01cbf] A:a2d1 X:00b2 Y:0005 S:01e6 D:0000 DB:00 NvMXdizc V: 21 H: 972 F:15
c01cbf stz $0200,x   [0002b2] A:a2d1 X:00b2 Y:0005 S:01e6 D:0000 DB:00 NvMXdizc V: 21 H: 990 F:15
c01cc2 inx                    A:a2d1 X:00b2 Y:0005 S:01e6 D:0000 DB:00 NvMXdizc V: 21 H:1022 F:15
c01cc3 bne $1cbf     [c01cbf] A:a2d1 X:00b3 Y:0005 S:01e6 D:0000 DB:00 NvMXdizc V: 21 H:1034 F:15
c01cbf stz $0200,x   [0002b3] A:a2d1 X:00b3 Y:0005 S:01e6 D:0000 DB:00 NvMXdizc V: 21 H:1052 F:15
c01cc2 inx                    A:a2d1 X:00b3 Y:0005 S:01e6 D:0000 DB:00 NvMXdizc V: 21 H:1084 F:15
c01cc3 bne $1cbf     [c01cbf] A:a2d1 X:00b4 Y:0005 S:01e6 D:0000 DB:00 NvMXdizc V: 21 H:1096 F:15
c01cbf stz $0200,x   [0002b4] A:a2d1 X:00b4 Y:0005 S:01e6 D:0000 DB:00 NvMXdizc V: 21 H:1114 F:15
c01cc2 inx                    A:a2d1 X:00b4 Y:0005 S:01e6 D:0000 DB:00 NvMXdizc V: 21 H:1146 F:15
c01cc3 bne $1cbf     [c01cbf] A:a2d1 X:00b5 Y:0005 S:01e6 D:0000 DB:00 NvMXdizc V: 21 H:1158 F:15
c01cbf stz $0200,x   [0002b5] A:a2d1 X:00b5 Y:0005 S:01e6 D:0000 DB:00 NvMXdizc V: 21 H:1176 F:15
c01cc2 inx                    A:a2d1 X:00b5 Y:0005 S:01e6 D:0000 DB:00 NvMXdizc V: 21 H:1208 F:15
c01cc3 bne $1cbf     [c01cbf] A:a2d1 X:00b6 Y:0005 S:01e6 D:0000 DB:00 NvMXdizc V: 21 H:1220 F:15
c01cbf stz $0200,x   [0002b6] A:a2d1 X:00b6 Y:0005 S:01e6 D:0000 DB:00 NvMXdizc V: 21 H:1238 F:15
c01cc2 inx                    A:a2d1 X:00b6 Y:0005 S:01e6 D:0000 DB:00 NvMXdizc V: 21 H:1270 F:15
c01cc3 bne $1cbf     [c01cbf] A:a2d1 X:00b7 Y:0005 S:01e6 D:0000 DB:00 NvMXdizc V: 21 H:1282 F:15
c01cbf stz $0200,x   [0002b7] A:a2d1 X:00b7 Y:0005 S:01e6 D:0000 DB:00 NvMXdizc V: 21 H:1300 F:15
c01cc2 inx                    A:a2d1 X:00b7 Y:0005 S:01e6 D:0000 DB:00 NvMXdizc V: 21 H:1332 F:15
c01cc3 bne $1cbf     [c01cbf] A:a2d1 X:00b8 Y:0005 S:01e6 D:0000 DB:00 NvMXdizc V: 21 H:1344 F:15
c01cbf stz $0200,x   [0002b8] A:a2d1 X:00b8 Y:0005 S:01e6 D:0000 DB:00 NvMXdizc V: 21 H:1362 F:15
c01cc2 inx                    A:a2d1 X:00b8 Y:0005 S:01e6 D:0000 DB:00 NvMXdizc V: 22 H:  30 F:15
c01cc3 bne $1cbf     [c01cbf] A:a2d1 X:00b9 Y:0005 S:01e6 D:0000 DB:00 NvMXdizc V: 22 H:  42 F:15
c01cbf stz $0200,x   [0002b9] A:a2d1 X:00b9 Y:0005 S:01e6 D:0000 DB:00 NvMXdizc V: 22 H:  60 F:15
c01cc2 inx                    A:a2d1 X:00b9 Y:0005 S:01e6 D:0000 DB:00 NvMXdizc V: 22 H:  92 F:15
c01cc3 bne $1cbf     [c01cbf] A:a2d1 X:00ba Y:0005 S:01e6 D:0000 DB:00 NvMXdizc V: 22 H: 104 F:15
c01cbf stz $0200,x   [0002ba] A:a2d1 X:00ba Y:0005 S:01e6 D:0000 DB:00 NvMXdizc V: 22 H: 122 F:15
c01cc2 inx                    A:a2d1 X:00ba Y:0005 S:01e6 D:0000 DB:00 NvMXdizc V: 22 H: 154 F:15
c01cc3 bne $1cbf     [c01cbf] A:a2d1 X:00bb Y:0005 S:01e6 D:0000 DB:00 NvMXdizc V: 22 H: 166 F:15
c01cbf stz $0200,x   [0002bb] A:a2d1 X:00bb Y:0005 S:01e6 D:0000 DB:00 NvMXdizc V: 22 H: 184 F:15
c01cc2 inx                    A:a2d1 X:00bb Y:0005 S:01e6 D:0000 DB:00 NvMXdizc V: 22 H: 216 F:15
c01cc3 bne $1cbf     [c01cbf] A:a2d1 X:00bc Y:0005 S:01e6 D:0000 DB:00 NvMXdizc V: 22 H: 228 F:15
c01cbf stz $0200,x   [0002bc] A:a2d1 X:00bc Y:0005 S:01e6 D:0000 DB:00 NvMXdizc V: 22 H: 246 F:15
c01cc2 inx                    A:a2d1 X:00bc Y:0005 S:01e6 D:0000 DB:00 NvMXdizc V: 22 H: 278 F:15
c01cc3 bne $1cbf     [c01cbf] A:a2d1 X:00bd Y:0005 S:01e6 D:0000 DB:00 NvMXdizc V: 22 H: 290 F:15
c01cbf stz $0200,x   [0002bd] A:a2d1 X:00bd Y:0005 S:01e6 D:0000 DB:00 NvMXdizc V: 22 H: 308 F:15
c01cc2 inx                    A:a2d1 X:00bd Y:0005 S:01e6 D:0000 DB:00 NvMXdizc V: 22 H: 340 F:15
c01cc3 bne $1cbf     [c01cbf] A:a2d1 X:00be Y:0005 S:01e6 D:0000 DB:00 NvMXdizc V: 22 H: 352 F:15
c01cbf stz $0200,x   [0002be] A:a2d1 X:00be Y:0005 S:01e6 D:0000 DB:00 NvMXdizc V: 22 H: 370 F:15
c01cc2 inx                    A:a2d1 X:00be Y:0005 S:01e6 D:0000 DB:00 NvMXdizc V: 22 H: 402 F:15
c01cc3 bne $1cbf     [c01cbf] A:a2d1 X:00bf Y:0005 S:01e6 D:0000 DB:00 NvMXdizc V: 22 H: 414 F:15
c01cbf stz $0200,x   [0002bf] A:a2d1 X:00bf Y:0005 S:01e6 D:0000 DB:00 NvMXdizc V: 22 H: 432 F:15
c01cc2 inx                    A:a2d1 X:00bf Y:0005 S:01e6 D:0000 DB:00 NvMXdizc V: 22 H: 464 F:15
c01cc3 bne $1cbf     [c01cbf] A:a2d1 X:00c0 Y:0005 S:01e6 D:0000 DB:00 NvMXdizc V: 22 H: 476 F:15
c01cbf stz $0200,x   [0002c0] A:a2d1 X:00c0 Y:0005 S:01e6 D:0000 DB:00 NvMXdizc V: 22 H: 494 F:15
c01cc2 inx                    A:a2d1 X:00c0 Y:0005 S:01e6 D:0000 DB:00 NvMXdizc V: 22 H: 526 F:15
c01cc3 bne $1cbf     [c01cbf] A:a2d1 X:00c1 Y:0005 S:01e6 D:0000 DB:00 NvMXdizc V: 22 H: 578 F:15
c01cbf stz $0200,x   [0002c1] A:a2d1 X:00c1 Y:0005 S:01e6 D:0000 DB:00 NvMXdizc V: 22 H: 596 F:15
c01cc2 inx                    A:a2d1 X:00c1 Y:0005 S:01e6 D:0000 DB:00 NvMXdizc V: 22 H: 628 F:15
c01cc3 bne $1cbf     [c01cbf] A:a2d1 X:00c2 Y:0005 S:01e6 D:0000 DB:00 NvMXdizc V: 22 H: 640 F:15
c01cbf stz $0200,x   [0002c2] A:a2d1 X:00c2 Y:0005 S:01e6 D:0000 DB:00 NvMXdizc V: 22 H: 658 F:15
c01cc2 inx                    A:a2d1 X:00c2 Y:0005 S:01e6 D:0000 DB:00 NvMXdizc V: 22 H: 690 F:15
c01cc3 bne $1cbf     [c01cbf] A:a2d1 X:00c3 Y:0005 S:01e6 D:0000 DB:00 NvMXdizc V: 22 H: 702 F:15
c01cbf stz $0200,x   [0002c3] A:a2d1 X:00c3 Y:0005 S:01e6 D:0000 DB:00 NvMXdizc V: 22 H: 720 F:15
c01cc2 inx                    A:a2d1 X:00c3 Y:0005 S:01e6 D:0000 DB:00 NvMXdizc V: 22 H: 752 F:15
c01cc3 bne $1cbf     [c01cbf] A:a2d1 X:00c4 Y:0005 S:01e6 D:0000 DB:00 NvMXdizc V: 22 H: 764 F:15
c01cbf stz $0200,x   [0002c4] A:a2d1 X:00c4 Y:0005 S:01e6 D:0000 DB:00 NvMXdizc V: 22 H: 782 F:15
c01cc2 inx                    A:a2d1 X:00c4 Y:0005 S:01e6 D:0000 DB:00 NvMXdizc V: 22 H: 814 F:15
c01cc3 bne $1cbf     [c01cbf] A:a2d1 X:00c5 Y:0005 S:01e6 D:0000 DB:00 NvMXdizc V: 22 H: 826 F:15
c01cbf stz $0200,x   [0002c5] A:a2d1 X:00c5 Y:0005 S:01e6 D:0000 DB:00 NvMXdizc V: 22 H: 844 F:15
c01cc2 inx                    A:a2d1 X:00c5 Y:0005 S:01e6 D:0000 DB:00 NvMXdizc V: 22 H: 876 F:15
c01cc3 bne $1cbf     [c01cbf] A:a2d1 X:00c6 Y:0005 S:01e6 D:0000 DB:00 NvMXdizc V: 22 H: 888 F:15
c01cbf stz $0200,x   [0002c6] A:a2d1 X:00c6 Y:0005 S:01e6 D:0000 DB:00 NvMXdizc V: 22 H: 906 F:15
c01cc2 inx                    A:a2d1 X:00c6 Y:0005 S:01e6 D:0000 DB:00 NvMXdizc V: 22 H: 938 F:15
c01cc3 bne $1cbf     [c01cbf] A:a2d1 X:00c7 Y:0005 S:01e6 D:0000 DB:00 NvMXdizc V: 22 H: 950 F:15
c01cbf stz $0200,x   [0002c7] A:a2d1 X:00c7 Y:0005 S:01e6 D:0000 DB:00 NvMXdizc V: 22 H: 968 F:15
c01cc2 inx                    A:a2d1 X:00c7 Y:0005 S:01e6 D:0000 DB:00 NvMXdizc V: 22 H:1000 F:15
c01cc3 bne $1cbf     [c01cbf] A:a2d1 X:00c8 Y:0005 S:01e6 D:0000 DB:00 NvMXdizc V: 22 H:1012 F:15
c01cbf stz $0200,x   [0002c8] A:a2d1 X:00c8 Y:0005 S:01e6 D:0000 DB:00 NvMXdizc V: 22 H:1030 F:15
c01cc2 inx                    A:a2d1 X:00c8 Y:0005 S:01e6 D:0000 DB:00 NvMXdizc V: 22 H:1062 F:15
c01cc3 bne $1cbf     [c01cbf] A:a2d1 X:00c9 Y:0005 S:01e6 D:0000 DB:00 NvMXdizc V: 22 H:1074 F:15
c01cbf stz $0200,x   [0002c9] A:a2d1 X:00c9 Y:0005 S:01e6 D:0000 DB:00 NvMXdizc V: 22 H:1092 F:15
c01cc2 inx                    A:a2d1 X:00c9 Y:0005 S:01e6 D:0000 DB:00 NvMXdizc V: 22 H:1124 F:15
c01cc3 bne $1cbf     [c01cbf] A:a2d1 X:00ca Y:0005 S:01e6 D:0000 DB:00 NvMXdizc V: 22 H:1136 F:15
c01cbf stz $0200,x   [0002ca] A:a2d1 X:00ca Y:0005 S:01e6 D:0000 DB:00 NvMXdizc V: 22 H:1154 F:15
c01cc2 inx                    A:a2d1 X:00ca Y:0005 S:01e6 D:0000 DB:00 NvMXdizc V: 22 H:1186 F:15
c01cc3 bne $1cbf     [c01cbf] A:a2d1 X:00cb Y:0005 S:01e6 D:0000 DB:00 NvMXdizc V: 22 H:1198 F:15
c01cbf stz $0200,x   [0002cb] A:a2d1 X:00cb Y:0005 S:01e6 D:0000 DB:00 NvMXdizc V: 22 H:1216 F:15
c01cc2 inx                    A:a2d1 X:00cb Y:0005 S:01e6 D:0000 DB:00 NvMXdizc V: 22 H:1248 F:15
c01cc3 bne $1cbf     [c01cbf] A:a2d1 X:00cc Y:0005 S:01e6 D:0000 DB:00 NvMXdizc V: 22 H:1260 F:15
c01cbf stz $0200,x   [0002cc] A:a2d1 X:00cc Y:0005 S:01e6 D:0000 DB:00 NvMXdizc V: 22 H:1278 F:15
c01cc2 inx                    A:a2d1 X:00cc Y:0005 S:01e6 D:0000 DB:00 NvMXdizc V: 22 H:1310 F:15
c01cc3 bne $1cbf     [c01cbf] A:a2d1 X:00cd Y:0005 S:01e6 D:0000 DB:00 NvMXdizc V: 22 H:1322 F:15
c01cbf stz $0200,x   [0002cd] A:a2d1 X:00cd Y:0005 S:01e6 D:0000 DB:00 NvMXdizc V: 22 H:1340 F:15
c01cc2 inx                    A:a2d1 X:00cd Y:0005 S:01e6 D:0000 DB:00 NvMXdizc V: 23 H:   8 F:15
c01cc3 bne $1cbf     [c01cbf] A:a2d1 X:00ce Y:0005 S:01e6 D:0000 DB:00 NvMXdizc V: 23 H:  20 F:15
c01cbf stz $0200,x   [0002ce] A:a2d1 X:00ce Y:0005 S:01e6 D:0000 DB:00 NvMXdizc V: 23 H:  38 F:15
c01cc2 inx                    A:a2d1 X:00ce Y:0005 S:01e6 D:0000 DB:00 NvMXdizc V: 23 H:  70 F:15
c01cc3 bne $1cbf     [c01cbf] A:a2d1 X:00cf Y:0005 S:01e6 D:0000 DB:00 NvMXdizc V: 23 H:  82 F:15
c01cbf stz $0200,x   [0002cf] A:a2d1 X:00cf Y:0005 S:01e6 D:0000 DB:00 NvMXdizc V: 23 H: 100 F:15
c01cc2 inx                    A:a2d1 X:00cf Y:0005 S:01e6 D:0000 DB:00 NvMXdizc V: 23 H: 132 F:15
c01cc3 bne $1cbf     [c01cbf] A:a2d1 X:00d0 Y:0005 S:01e6 D:0000 DB:00 NvMXdizc V: 23 H: 144 F:15
c01cbf stz $0200,x   [0002d0] A:a2d1 X:00d0 Y:0005 S:01e6 D:0000 DB:00 NvMXdizc V: 23 H: 162 F:15
c01cc2 inx                    A:a2d1 X:00d0 Y:0005 S:01e6 D:0000 DB:00 NvMXdizc V: 23 H: 194 F:15
c01cc3 bne $1cbf     [c01cbf] A:a2d1 X:00d1 Y:0005 S:01e6 D:0000 DB:00 NvMXdizc V: 23 H: 206 F:15
c01cbf stz $0200,x   [0002d1] A:a2d1 X:00d1 Y:0005 S:01e6 D:0000 DB:00 NvMXdizc V: 23 H: 224 F:15
c01cc2 inx                    A:a2d1 X:00d1 Y:0005 S:01e6 D:0000 DB:00 NvMXdizc V: 23 H: 256 F:15
c01cc3 bne $1cbf     [c01cbf] A:a2d1 X:00d2 Y:0005 S:01e6 D:0000 DB:00 NvMXdizc V: 23 H: 268 F:15
c01cbf stz $0200,x   [0002d2] A:a2d1 X:00d2 Y:0005 S:01e6 D:0000 DB:00 NvMXdizc V: 23 H: 286 F:15
c01cc2 inx                    A:a2d1 X:00d2 Y:0005 S:01e6 D:0000 DB:00 NvMXdizc V: 23 H: 318 F:15
c01cc3 bne $1cbf     [c01cbf] A:a2d1 X:00d3 Y:0005 S:01e6 D:0000 DB:00 NvMXdizc V: 23 H: 330 F:15
c01cbf stz $0200,x   [0002d3] A:a2d1 X:00d3 Y:0005 S:01e6 D:0000 DB:00 NvMXdizc V: 23 H: 348 F:15
c01cc2 inx                    A:a2d1 X:00d3 Y:0005 S:01e6 D:0000 DB:00 NvMXdizc V: 23 H: 380 F:15
c01cc3 bne $1cbf     [c01cbf] A:a2d1 X:00d4 Y:0005 S:01e6 D:0000 DB:00 NvMXdizc V: 23 H: 392 F:15
c01cbf stz $0200,x   [0002d4] A:a2d1 X:00d4 Y:0005 S:01e6 D:0000 DB:00 NvMXdizc V: 23 H: 410 F:15
c01cc2 inx                    A:a2d1 X:00d4 Y:0005 S:01e6 D:0000 DB:00 NvMXdizc V: 23 H: 442 F:15
c01cc3 bne $1cbf     [c01cbf] A:a2d1 X:00d5 Y:0005 S:01e6 D:0000 DB:00 NvMXdizc V: 23 H: 454 F:15
c01cbf stz $0200,x   [0002d5] A:a2d1 X:00d5 Y:0005 S:01e6 D:0000 DB:00 NvMXdizc V: 23 H: 472 F:15
c01cc2 inx                    A:a2d1 X:00d5 Y:0005 S:01e6 D:0000 DB:00 NvMXdizc V: 23 H: 504 F:15
c01cc3 bne $1cbf     [c01cbf] A:a2d1 X:00d6 Y:0005 S:01e6 D:0000 DB:00 NvMXdizc V: 23 H: 516 F:15
c01cbf stz $0200,x   [0002d6] A:a2d1 X:00d6 Y:0005 S:01e6 D:0000 DB:00 NvMXdizc V: 23 H: 534 F:15
c01cc2 inx                    A:a2d1 X:00d6 Y:0005 S:01e6 D:0000 DB:00 NvMXdizc V: 23 H: 606 F:15
c01cc3 bne $1cbf     [c01cbf] A:a2d1 X:00d7 Y:0005 S:01e6 D:0000 DB:00 NvMXdizc V: 23 H: 618 F:15
c01cbf stz $0200,x   [0002d7] A:a2d1 X:00d7 Y:0005 S:01e6 D:0000 DB:00 NvMXdizc V: 23 H: 636 F:15
c01cc2 inx                    A:a2d1 X:00d7 Y:0005 S:01e6 D:0000 DB:00 NvMXdizc V: 23 H: 668 F:15
c01cc3 bne $1cbf     [c01cbf] A:a2d1 X:00d8 Y:0005 S:01e6 D:0000 DB:00 NvMXdizc V: 23 H: 680 F:15
c01cbf stz $0200,x   [0002d8] A:a2d1 X:00d8 Y:0005 S:01e6 D:0000 DB:00 NvMXdizc V: 23 H: 698 F:15
c01cc2 inx                    A:a2d1 X:00d8 Y:0005 S:01e6 D:0000 DB:00 NvMXdizc V: 23 H: 730 F:15
c01cc3 bne $1cbf     [c01cbf] A:a2d1 X:00d9 Y:0005 S:01e6 D:0000 DB:00 NvMXdizc V: 23 H: 742 F:15
c01cbf stz $0200,x   [0002d9] A:a2d1 X:00d9 Y:0005 S:01e6 D:0000 DB:00 NvMXdizc V: 23 H: 760 F:15
c01cc2 inx                    A:a2d1 X:00d9 Y:0005 S:01e6 D:0000 DB:00 NvMXdizc V: 23 H: 792 F:15
c01cc3 bne $1cbf     [c01cbf] A:a2d1 X:00da Y:0005 S:01e6 D:0000 DB:00 NvMXdizc V: 23 H: 804 F:15
c01cbf stz $0200,x   [0002da] A:a2d1 X:00da Y:0005 S:01e6 D:0000 DB:00 NvMXdizc V: 23 H: 822 F:15
c01cc2 inx                    A:a2d1 X:00da Y:0005 S:01e6 D:0000 DB:00 NvMXdizc V: 23 H: 854 F:15
c01cc3 bne $1cbf     [c01cbf] A:a2d1 X:00db Y:0005 S:01e6 D:0000 DB:00 NvMXdizc V: 23 H: 866 F:15
c01cbf stz $0200,x   [0002db] A:a2d1 X:00db Y:0005 S:01e6 D:0000 DB:00 NvMXdizc V: 23 H: 884 F:15
c01cc2 inx                    A:a2d1 X:00db Y:0005 S:01e6 D:0000 DB:00 NvMXdizc V: 23 H: 916 F:15
c01cc3 bne $1cbf     [c01cbf] A:a2d1 X:00dc Y:0005 S:01e6 D:0000 DB:00 NvMXdizc V: 23 H: 928 F:15
c01cbf stz $0200,x   [0002dc] A:a2d1 X:00dc Y:0005 S:01e6 D:0000 DB:00 NvMXdizc V: 23 H: 946 F:15
c01cc2 inx                    A:a2d1 X:00dc Y:0005 S:01e6 D:0000 DB:00 NvMXdizc V: 23 H: 978 F:15
c01cc3 bne $1cbf     [c01cbf] A:a2d1 X:00dd Y:0005 S:01e6 D:0000 DB:00 NvMXdizc V: 23 H: 990 F:15
c01cbf stz $0200,x   [0002dd] A:a2d1 X:00dd Y:0005 S:01e6 D:0000 DB:00 NvMXdizc V: 23 H:1008 F:15
c01cc2 inx                    A:a2d1 X:00dd Y:0005 S:01e6 D:0000 DB:00 NvMXdizc V: 23 H:1040 F:15
c01cc3 bne $1cbf     [c01cbf] A:a2d1 X:00de Y:0005 S:01e6 D:0000 DB:00 NvMXdizc V: 23 H:1052 F:15
c01cbf stz $0200,x   [0002de] A:a2d1 X:00de Y:0005 S:01e6 D:0000 DB:00 NvMXdizc V: 23 H:1070 F:15
c01cc2 inx                    A:a2d1 X:00de Y:0005 S:01e6 D:0000 DB:00 NvMXdizc V: 23 H:1102 F:15
c01cc3 bne $1cbf     [c01cbf] A:a2d1 X:00df Y:0005 S:01e6 D:0000 DB:00 NvMXdizc V: 23 H:1114 F:15
c01cbf stz $0200,x   [0002df] A:a2d1 X:00df Y:0005 S:01e6 D:0000 DB:00 NvMXdizc V: 23 H:1132 F:15
c01cc2 inx                    A:a2d1 X:00df Y:0005 S:01e6 D:0000 DB:00 NvMXdizc V: 23 H:1164 F:15
c01cc3 bne $1cbf     [c01cbf] A:a2d1 X:00e0 Y:0005 S:01e6 D:0000 DB:00 NvMXdizc V: 23 H:1176 F:15
c01cbf stz $0200,x   [0002e0] A:a2d1 X:00e0 Y:0005 S:01e6 D:0000 DB:00 NvMXdizc V: 23 H:1194 F:15
c01cc2 inx                    A:a2d1 X:00e0 Y:0005 S:01e6 D:0000 DB:00 NvMXdizc V: 23 H:1226 F:15
c01cc3 bne $1cbf     [c01cbf] A:a2d1 X:00e1 Y:0005 S:01e6 D:0000 DB:00 NvMXdizc V: 23 H:1238 F:15
c01cbf stz $0200,x   [0002e1] A:a2d1 X:00e1 Y:0005 S:01e6 D:0000 DB:00 NvMXdizc V: 23 H:1256 F:15
c01cc2 inx                    A:a2d1 X:00e1 Y:0005 S:01e6 D:0000 DB:00 NvMXdizc V: 23 H:1288 F:15
c01cc3 bne $1cbf     [c01cbf] A:a2d1 X:00e2 Y:0005 S:01e6 D:0000 DB:00 NvMXdizc V: 23 H:1300 F:15
c01cbf stz $0200,x   [0002e2] A:a2d1 X:00e2 Y:0005 S:01e6 D:0000 DB:00 NvMXdizc V: 23 H:1318 F:15
c01cc2 inx                    A:a2d1 X:00e2 Y:0005 S:01e6 D:0000 DB:00 NvMXdizc V: 23 H:1350 F:15
c01cc3 bne $1cbf     [c01cbf] A:a2d1 X:00e3 Y:0005 S:01e6 D:0000 DB:00 NvMXdizc V: 23 H:1362 F:15
c01cbf stz $0200,x   [0002e3] A:a2d1 X:00e3 Y:0005 S:01e6 D:0000 DB:00 NvMXdizc V: 24 H:  16 F:15
c01cc2 inx                    A:a2d1 X:00e3 Y:0005 S:01e6 D:0000 DB:00 NvMXdizc V: 24 H:  48 F:15
c01cc3 bne $1cbf     [c01cbf] A:a2d1 X:00e4 Y:0005 S:01e6 D:0000 DB:00 NvMXdizc V: 24 H:  60 F:15
c01cbf stz $0200,x   [0002e4] A:a2d1 X:00e4 Y:0005 S:01e6 D:0000 DB:00 NvMXdizc V: 24 H:  78 F:15
c01cc2 inx                    A:a2d1 X:00e4 Y:0005 S:01e6 D:0000 DB:00 NvMXdizc V: 24 H: 110 F:15
c01cc3 bne $1cbf     [c01cbf] A:a2d1 X:00e5 Y:0005 S:01e6 D:0000 DB:00 NvMXdizc V: 24 H: 122 F:15
c01cbf stz $0200,x   [0002e5] A:a2d1 X:00e5 Y:0005 S:01e6 D:0000 DB:00 NvMXdizc V: 24 H: 140 F:15
c01cc2 inx                    A:a2d1 X:00e5 Y:0005 S:01e6 D:0000 DB:00 NvMXdizc V: 24 H: 172 F:15
c01cc3 bne $1cbf     [c01cbf] A:a2d1 X:00e6 Y:0005 S:01e6 D:0000 DB:00 NvMXdizc V: 24 H: 184 F:15
c01cbf stz $0200,x   [0002e6] A:a2d1 X:00e6 Y:0005 S:01e6 D:0000 DB:00 NvMXdizc V: 24 H: 202 F:15
c01cc2 inx                    A:a2d1 X:00e6 Y:0005 S:01e6 D:0000 DB:00 NvMXdizc V: 24 H: 234 F:15
c01cc3 bne $1cbf     [c01cbf] A:a2d1 X:00e7 Y:0005 S:01e6 D:0000 DB:00 NvMXdizc V: 24 H: 246 F:15
c01cbf stz $0200,x   [0002e7] A:a2d1 X:00e7 Y:0005 S:01e6 D:0000 DB:00 NvMXdizc V: 24 H: 264 F:15
c01cc2 inx                    A:a2d1 X:00e7 Y:0005 S:01e6 D:0000 DB:00 NvMXdizc V: 24 H: 296 F:15
c01cc3 bne $1cbf     [c01cbf] A:a2d1 X:00e8 Y:0005 S:01e6 D:0000 DB:00 NvMXdizc V: 24 H: 308 F:15
c01cbf stz $0200,x   [0002e8] A:a2d1 X:00e8 Y:0005 S:01e6 D:0000 DB:00 NvMXdizc V: 24 H: 326 F:15
c01cc2 inx                    A:a2d1 X:00e8 Y:0005 S:01e6 D:0000 DB:00 NvMXdizc V: 24 H: 358 F:15
c01cc3 bne $1cbf     [c01cbf] A:a2d1 X:00e9 Y:0005 S:01e6 D:0000 DB:00 NvMXdizc V: 24 H: 370 F:15
c01cbf stz $0200,x   [0002e9] A:a2d1 X:00e9 Y:0005 S:01e6 D:0000 DB:00 NvMXdizc V: 24 H: 388 F:15
c01cc2 inx                    A:a2d1 X:00e9 Y:0005 S:01e6 D:0000 DB:00 NvMXdizc V: 24 H: 420 F:15
c01cc3 bne $1cbf     [c01cbf] A:a2d1 X:00ea Y:0005 S:01e6 D:0000 DB:00 NvMXdizc V: 24 H: 432 F:15
c01cbf stz $0200,x   [0002ea] A:a2d1 X:00ea Y:0005 S:01e6 D:0000 DB:00 NvMXdizc V: 24 H: 450 F:15
c01cc2 inx                    A:a2d1 X:00ea Y:0005 S:01e6 D:0000 DB:00 NvMXdizc V: 24 H: 482 F:15
c01cc3 bne $1cbf     [c01cbf] A:a2d1 X:00eb Y:0005 S:01e6 D:0000 DB:00 NvMXdizc V: 24 H: 494 F:15
c01cbf stz $0200,x   [0002eb] A:a2d1 X:00eb Y:0005 S:01e6 D:0000 DB:00 NvMXdizc V: 24 H: 512 F:15
c01cc2 inx                    A:a2d1 X:00eb Y:0005 S:01e6 D:0000 DB:00 NvMXdizc V: 24 H: 584 F:15
c01cc3 bne $1cbf     [c01cbf] A:a2d1 X:00ec Y:0005 S:01e6 D:0000 DB:00 NvMXdizc V: 24 H: 596 F:15
c01cbf stz $0200,x   [0002ec] A:a2d1 X:00ec Y:0005 S:01e6 D:0000 DB:00 NvMXdizc V: 24 H: 614 F:15
c01cc2 inx                    A:a2d1 X:00ec Y:0005 S:01e6 D:0000 DB:00 NvMXdizc V: 24 H: 646 F:15
c01cc3 bne $1cbf     [c01cbf] A:a2d1 X:00ed Y:0005 S:01e6 D:0000 DB:00 NvMXdizc V: 24 H: 658 F:15
c01cbf stz $0200,x   [0002ed] A:a2d1 X:00ed Y:0005 S:01e6 D:0000 DB:00 NvMXdizc V: 24 H: 676 F:15
c01cc2 inx                    A:a2d1 X:00ed Y:0005 S:01e6 D:0000 DB:00 NvMXdizc V: 24 H: 708 F:15
c01cc3 bne $1cbf     [c01cbf] A:a2d1 X:00ee Y:0005 S:01e6 D:0000 DB:00 NvMXdizc V: 24 H: 720 F:15
c01cbf stz $0200,x   [0002ee] A:a2d1 X:00ee Y:0005 S:01e6 D:0000 DB:00 NvMXdizc V: 24 H: 738 F:15
c01cc2 inx                    A:a2d1 X:00ee Y:0005 S:01e6 D:0000 DB:00 NvMXdizc V: 24 H: 770 F:15
c01cc3 bne $1cbf     [c01cbf] A:a2d1 X:00ef Y:0005 S:01e6 D:0000 DB:00 NvMXdizc V: 24 H: 782 F:15
c01cbf stz $0200,x   [0002ef] A:a2d1 X:00ef Y:0005 S:01e6 D:0000 DB:00 NvMXdizc V: 24 H: 800 F:15
c01cc2 inx                    A:a2d1 X:00ef Y:0005 S:01e6 D:0000 DB:00 NvMXdizc V: 24 H: 832 F:15
c01cc3 bne $1cbf     [c01cbf] A:a2d1 X:00f0 Y:0005 S:01e6 D:0000 DB:00 NvMXdizc V: 24 H: 844 F:15
c01cbf stz $0200,x   [0002f0] A:a2d1 X:00f0 Y:0005 S:01e6 D:0000 DB:00 NvMXdizc V: 24 H: 862 F:15
c01cc2 inx                    A:a2d1 X:00f0 Y:0005 S:01e6 D:0000 DB:00 NvMXdizc V: 24 H: 894 F:15
c01cc3 bne $1cbf     [c01cbf] A:a2d1 X:00f1 Y:0005 S:01e6 D:0000 DB:00 NvMXdizc V: 24 H: 906 F:15
c01cbf stz $0200,x   [0002f1] A:a2d1 X:00f1 Y:0005 S:01e6 D:0000 DB:00 NvMXdizc V: 24 H: 924 F:15
c01cc2 inx                    A:a2d1 X:00f1 Y:0005 S:01e6 D:0000 DB:00 NvMXdizc V: 24 H: 956 F:15
c01cc3 bne $1cbf     [c01cbf] A:a2d1 X:00f2 Y:0005 S:01e6 D:0000 DB:00 NvMXdizc V: 24 H: 968 F:15
c01cbf stz $0200,x   [0002f2] A:a2d1 X:00f2 Y:0005 S:01e6 D:0000 DB:00 NvMXdizc V: 24 H: 986 F:15
c01cc2 inx                    A:a2d1 X:00f2 Y:0005 S:01e6 D:0000 DB:00 NvMXdizc V: 24 H:1018 F:15
c01cc3 bne $1cbf     [c01cbf] A:a2d1 X:00f3 Y:0005 S:01e6 D:0000 DB:00 NvMXdizc V: 24 H:1030 F:15
c01cbf stz $0200,x   [0002f3] A:a2d1 X:00f3 Y:0005 S:01e6 D:0000 DB:00 NvMXdizc V: 24 H:1048 F:15
c01cc2 inx                    A:a2d1 X:00f3 Y:0005 S:01e6 D:0000 DB:00 NvMXdizc V: 24 H:1080 F:15
c01cc3 bne $1cbf     [c01cbf] A:a2d1 X:00f4 Y:0005 S:01e6 D:0000 DB:00 NvMXdizc V: 24 H:1092 F:15
c01cbf stz $0200,x   [0002f4] A:a2d1 X:00f4 Y:0005 S:01e6 D:0000 DB:00 NvMXdizc V: 24 H:1110 F:15
c01cc2 inx                    A:a2d1 X:00f4 Y:0005 S:01e6 D:0000 DB:00 NvMXdizc V: 24 H:1142 F:15
c01cc3 bne $1cbf     [c01cbf] A:a2d1 X:00f5 Y:0005 S:01e6 D:0000 DB:00 NvMXdizc V: 24 H:1154 F:15
c01cbf stz $0200,x   [0002f5] A:a2d1 X:00f5 Y:0005 S:01e6 D:0000 DB:00 NvMXdizc V: 24 H:1172 F:15
c01cc2 inx                    A:a2d1 X:00f5 Y:0005 S:01e6 D:0000 DB:00 NvMXdizc V: 24 H:1204 F:15
c01cc3 bne $1cbf     [c01cbf] A:a2d1 X:00f6 Y:0005 S:01e6 D:0000 DB:00 NvMXdizc V: 24 H:1216 F:15
c01cbf stz $0200,x   [0002f6] A:a2d1 X:00f6 Y:0005 S:01e6 D:0000 DB:00 NvMXdizc V: 24 H:1234 F:15
c01cc2 inx                    A:a2d1 X:00f6 Y:0005 S:01e6 D:0000 DB:00 NvMXdizc V: 24 H:1266 F:15
c01cc3 bne $1cbf     [c01cbf] A:a2d1 X:00f7 Y:0005 S:01e6 D:0000 DB:00 NvMXdizc V: 24 H:1278 F:15
c01cbf stz $0200,x   [0002f7] A:a2d1 X:00f7 Y:0005 S:01e6 D:0000 DB:00 NvMXdizc V: 24 H:1296 F:15
c01cc2 inx                    A:a2d1 X:00f7 Y:0005 S:01e6 D:0000 DB:00 NvMXdizc V: 24 H:1328 F:15
c01cc3 bne $1cbf     [c01cbf] A:a2d1 X:00f8 Y:0005 S:01e6 D:0000 DB:00 NvMXdizc V: 24 H:1340 F:15
c01cbf stz $0200,x   [0002f8] A:a2d1 X:00f8 Y:0005 S:01e6 D:0000 DB:00 NvMXdizc V: 24 H:1358 F:15
c01cc2 inx                    A:a2d1 X:00f8 Y:0005 S:01e6 D:0000 DB:00 NvMXdizc V: 25 H:  26 F:15
c01cc3 bne $1cbf     [c01cbf] A:a2d1 X:00f9 Y:0005 S:01e6 D:0000 DB:00 NvMXdizc V: 25 H:  38 F:15
c01cbf stz $0200,x   [0002f9] A:a2d1 X:00f9 Y:0005 S:01e6 D:0000 DB:00 NvMXdizc V: 25 H:  56 F:15
c01cc2 inx                    A:a2d1 X:00f9 Y:0005 S:01e6 D:0000 DB:00 NvMXdizc V: 25 H:  88 F:15
c01cc3 bne $1cbf     [c01cbf] A:a2d1 X:00fa Y:0005 S:01e6 D:0000 DB:00 NvMXdizc V: 25 H: 100 F:15
c01cbf stz $0200,x   [0002fa] A:a2d1 X:00fa Y:0005 S:01e6 D:0000 DB:00 NvMXdizc V: 25 H: 118 F:15
c01cc2 inx                    A:a2d1 X:00fa Y:0005 S:01e6 D:0000 DB:00 NvMXdizc V: 25 H: 150 F:15
c01cc3 bne $1cbf     [c01cbf] A:a2d1 X:00fb Y:0005 S:01e6 D:0000 DB:00 NvMXdizc V: 25 H: 162 F:15
c01cbf stz $0200,x   [0002fb] A:a2d1 X:00fb Y:0005 S:01e6 D:0000 DB:00 NvMXdizc V: 25 H: 180 F:15
c01cc2 inx                    A:a2d1 X:00fb Y:0005 S:01e6 D:0000 DB:00 NvMXdizc V: 25 H: 212 F:15
c01cc3 bne $1cbf     [c01cbf] A:a2d1 X:00fc Y:0005 S:01e6 D:0000 DB:00 NvMXdizc V: 25 H: 224 F:15
c01cbf stz $0200,x   [0002fc] A:a2d1 X:00fc Y:0005 S:01e6 D:0000 DB:00 NvMXdizc V: 25 H: 242 F:15
c01cc2 inx                    A:a2d1 X:00fc Y:0005 S:01e6 D:0000 DB:00 NvMXdizc V: 25 H: 274 F:15
c01cc3 bne $1cbf     [c01cbf] A:a2d1 X:00fd Y:0005 S:01e6 D:0000 DB:00 NvMXdizc V: 25 H: 286 F:15
c01cbf stz $0200,x   [0002fd] A:a2d1 X:00fd Y:0005 S:01e6 D:0000 DB:00 NvMXdizc V: 25 H: 304 F:15
c01cc2 inx                    A:a2d1 X:00fd Y:0005 S:01e6 D:0000 DB:00 NvMXdizc V: 25 H: 336 F:15
c01cc3 bne $1cbf     [c01cbf] A:a2d1 X:00fe Y:0005 S:01e6 D:0000 DB:00 NvMXdizc V: 25 H: 348 F:15
c01cbf stz $0200,x   [0002fe] A:a2d1 X:00fe Y:0005 S:01e6 D:0000 DB:00 NvMXdizc V: 25 H: 366 F:15
c01cc2 inx                    A:a2d1 X:00fe Y:0005 S:01e6 D:0000 DB:00 NvMXdizc V: 25 H: 398 F:15
c01cc3 bne $1cbf     [c01cbf] A:a2d1 X:00ff Y:0005 S:01e6 D:0000 DB:00 NvMXdizc V: 25 H: 410 F:15
c01cbf stz $0200,x   [0002ff] A:a2d1 X:00ff Y:0005 S:01e6 D:0000 DB:00 NvMXdizc V: 25 H: 428 F:15
c01cc2 inx                    A:a2d1 X:00ff Y:0005 S:01e6 D:0000 DB:00 NvMXdizc V: 25 H: 460 F:15
c01cc3 bne $1cbf     [c01cbf] A:a2d1 X:0000 Y:0005 S:01e6 D:0000 DB:00 nvMXdiZc V: 25 H: 472 F:15
c01cc5 stz $66       [000066] A:a2d1 X:0000 Y:0005 S:01e6 D:0000 DB:00 nvMXdiZc V: 25 H: 484 F:15
c01cc7 jsr $1d45     [c01d45] A:a2d1 X:0000 Y:0005 S:01e6 D:0000 DB:00 nvMXdiZc V: 25 H: 504 F:15
c01d45 lda [$60]     [d1a21b] A:a2d1 X:0000 Y:0005 S:01e4 D:0000 DB:00 nvMXdiZc V: 25 H: 584 F:15
c01d47 sta $64       [000064] A:a203 X:0000 Y:0005 S:01e4 D:0000 DB:00 nvMXdizc V: 25 H: 626 F:15
c01d49 and #$1f               A:a203 X:0000 Y:0005 S:01e4 D:0000 DB:00 nvMXdizc V: 25 H: 646 F:15
c01d4b inc                    A:a203 X:0000 Y:0005 S:01e4 D:0000 DB:00 nvMXdizc V: 25 H: 658 F:15
c01d4c sta $65       [000065] A:a204 X:0000 Y:0005 S:01e4 D:0000 DB:00 nvMXdizc V: 25 H: 670 F:15
c01d4e lda $64       [000064] A:a204 X:0000 Y:0005 S:01e4 D:0000 DB:00 nvMXdizc V: 25 H: 690 F:15
c01d50 lsr a                  A:a203 X:0000 Y:0005 S:01e4 D:0000 DB:00 nvMXdizc V: 25 H: 710 F:15
c01d51 lsr a                  A:a201 X:0000 Y:0005 S:01e4 D:0000 DB:00 nvMXdizC V: 25 H: 722 F:15
c01d52 lsr a                  A:a200 X:0000 Y:0005 S:01e4 D:0000 DB:00 nvMXdiZC V: 25 H: 734 F:15
c01d53 lsr a                  A:a200 X:0000 Y:0005 S:01e4 D:0000 DB:00 nvMXdiZc V: 25 H: 746 F:15
c01d54 and #$0e               A:a200 X:0000 Y:0005 S:01e4 D:0000 DB:00 nvMXdiZc V: 25 H: 758 F:15
c01d56 sta $64       [000064] A:a200 X:0000 Y:0005 S:01e4 D:0000 DB:00 nvMXdiZc V: 25 H: 770 F:15
c01d58 inc $60       [000060] A:a200 X:0000 Y:0005 S:01e4 D:0000 DB:00 nvMXdiZc V: 25 H: 790 F:15
c01d5a bne $1d62     [c01d62] A:a200 X:0000 Y:0005 S:01e4 D:0000 DB:00 nvMXdizc V: 25 H: 824 F:15
c01d62 rts                    A:a200 X:0000 Y:0005 S:01e4 D:0000 DB:00 nvMXdizc V: 25 H: 842 F:15
c01cca plx                    A:a200 X:0000 Y:0005 S:01e6 D:0000 DB:00 nvMXdizc V: 25 H: 882 F:15
c01ccb rtl                    A:a200 X:0012 Y:0005 S:01e7 D:0000 DB:00 nvMXdizc V: 25 H: 908 F:15
c000ee stz $0352     [000352] A:a200 X:0012 Y:0005 S:01ea D:0000 DB:00 nvMXdizc V: 25 H: 950 F:15
c000f1 jsr $0135     [c00135] A:a200 X:0012 Y:0005 S:01ea D:0000 DB:00 nvMXdizc V: 25 H: 976 F:15
c00135 lda $1d2a     [001d2a] A:a200 X:0012 Y:0005 S:01e8 D:0000 DB:00 nvMXdizc V: 25 H:1016 F:15
c00138 pha                    A:a209 X:0012 Y:0005 S:01e8 D:0000 DB:00 nvMXdizc V: 25 H:1042 F:15
c00139 ldy $1d35     [001d35] A:a209 X:0012 Y:0005 S:01e7 D:0000 DB:00 nvMXdizc V: 25 H:1062 F:15
c0013c jsl $c008e0   [c008e0] A:a209 X:0012 Y:0002 S:01e7 D:0000 DB:00 nvMXdizc V: 25 H:1088 F:15
c008e0 lda $1d28     [001d28] A:a209 X:0012 Y:0002 S:01e4 D:0000 DB:00 nvMXdizc V: 25 H:1142 F:15
c008e3 sta $b1       [0000b1] A:a216 X:0012 Y:0002 S:01e4 D:0000 DB:00 nvMXdizc V: 25 H:1168 F:15
c008e5 lda $1d2a     [001d2a] A:a216 X:0012 Y:0002 S:01e4 D:0000 DB:00 nvMXdizc V: 25 H:1188 F:15
c008e8 sta $b3       [0000b3] A:a209 X:0012 Y:0002 S:01e4 D:0000 DB:00 nvMXdizc V: 25 H:1214 F:15
c008ea jsr $0906     [c00906] A:a209 X:0012 Y:0002 S:01e4 D:0000 DB:00 nvMXdizc V: 25 H:1234 F:15
c00906 phy                    A:a209 X:0012 Y:0002 S:01e2 D:0000 DB:00 nvMXdizc V: 25 H:1274 F:15
c00907 lda $0372     [000372] A:a209 X:0012 Y:0002 S:01e1 D:0000 DB:00 nvMXdizc V: 25 H:1294 F:15
c0090a beq $0915     [c00915] A:a200 X:0012 Y:0002 S:01e1 D:0000 DB:00 nvMXdiZc V: 25 H:1320 F:15
c00915 sta $b5       [0000b5] A:a200 X:0012 Y:0002 S:01e1 D:0000 DB:00 nvMXdiZc V: 25 H:1338 F:15
c00917 stz $b2       [0000b2] A:a200 X:0012 Y:0002 S:01e1 D:0000 DB:00 nvMXdiZc V: 25 H:1358 F:15
c00919 stz $b4       [0000b4] A:a200 X:0012 Y:0002 S:01e1 D:0000 DB:00 nvMXdiZc V: 26 H:  14 F:15
c0091b lda $b1       [0000b1] A:a200 X:0012 Y:0002 S:01e1 D:0000 DB:00 nvMXdiZc V: 26 H:  34 F:15
c0091d clc                    A:a216 X:0012 Y:0002 S:01e1 D:0000 DB:00 nvMXdizc V: 26 H:  54 F:15
c0091e adc $036c     [00036c] A:a216 X:0012 Y:0002 S:01e1 D:0000 DB:00 nvMXdizc V: 26 H:  66 F:15
c00921 and #$7f               A:a216 X:0012 Y:0002 S:01e1 D:0000 DB:00 nvMXdizc V: 26 H:  92 F:15
c00923 ldy $b5       [0000b5] A:a216 X:0012 Y:0002 S:01e1 D:0000 DB:00 nvMXdizc V: 26 H: 104 F:15
c00925 bne $0929     [c00929] A:a216 X:0012 Y:0000 S:01e1 D:0000 DB:00 nvMXdiZc V: 26 H: 124 F:15
c00927 and #$3f               A:a216 X:0012 Y:0000 S:01e1 D:0000 DB:00 nvMXdiZc V: 26 H: 136 F:15
c00929 sta $b1       [0000b1] A:a216 X:0012 Y:0000 S:01e1 D:0000 DB:00 nvMXdizc V: 26 H: 148 F:15
c0092b lda $b3       [0000b3] A:a216 X:0012 Y:0000 S:01e1 D:0000 DB:00 nvMXdizc V: 26 H: 168 F:15
c0092d clc                    A:a209 X:0012 Y:0000 S:01e1 D:0000 DB:00 nvMXdizc V: 26 H: 188 F:15
c0092e adc $036d     [00036d] A:a209 X:0012 Y:0000 S:01e1 D:0000 DB:00 nvMXdizc V: 26 H: 200 F:15
c00931 and #$7f               A:a209 X:0012 Y:0000 S:01e1 D:0000 DB:00 nvMXdizc V: 26 H: 226 F:15
c00933 ldy $b5       [0000b5] A:a209 X:0012 Y:0000 S:01e1 D:0000 DB:00 nvMXdizc V: 26 H: 238 F:15
c00935 bne $0939     [c00939] A:a209 X:0012 Y:0000 S:01e1 D:0000 DB:00 nvMXdiZc V: 26 H: 258 F:15
c00937 and #$1f               A:a209 X:0012 Y:0000 S:01e1 D:0000 DB:00 nvMXdiZc V: 26 H: 270 F:15
c00939 sta $b3       [0000b3] A:a209 X:0012 Y:0000 S:01e1 D:0000 DB:00 nvMXdizc V: 26 H: 282 F:15
c0093b rep #$20               A:a209 X:0012 Y:0000 S:01e1 D:0000 DB:00 nvMXdizc V: 26 H: 302 F:15
c0093d ldy $b5       [0000b5] A:a209 X:0012 Y:0000 S:01e1 D:0000 DB:00 nvmXdizc V: 26 H: 320 F:15
c0093f bne $0956     [c00956] A:a209 X:0012 Y:0000 S:01e1 D:0000 DB:00 nvmXdiZc V: 26 H: 340 F:15
c00941 lda $b1       [0000b1] A:a209 X:0012 Y:0000 S:01e1 D:0000 DB:00 nvmXdiZc V: 26 H: 352 F:15
c00943 and #$0020             A:0016 X:0012 Y:0000 S:01e1 D:0000 DB:00 nvmXdizc V: 26 H: 380 F:15
c00946 asl a                  A:0000 X:0012 Y:0000 S:01e1 D:0000 DB:00 nvmXdiZc V: 26 H: 398 F:15
c00947 asl a                  A:0000 X:0012 Y:0000 S:01e1 D:0000 DB:00 nvmXdiZc V: 26 H: 410 F:15
c00948 asl a                  A:0000 X:0012 Y:0000 S:01e1 D:0000 DB:00 nvmXdiZc V: 26 H: 422 F:15
c00949 asl a                  A:0000 X:0012 Y:0000 S:01e1 D:0000 DB:00 nvmXdiZc V: 26 H: 434 F:15
c0094a asl a                  A:0000 X:0012 Y:0000 S:01e1 D:0000 DB:00 nvmXdiZc V: 26 H: 446 F:15
c0094b sta $9f       [00009f] A:0000 X:0012 Y:0000 S:01e1 D:0000 DB:00 nvmXdiZc V: 26 H: 458 F:15
c0094d lda $b1       [0000b1] A:0000 X:0012 Y:0000 S:01e1 D:0000 DB:00 nvmXdiZc V: 26 H: 486 F:15
c0094f and #$001f             A:0016 X:0012 Y:0000 S:01e1 D:0000 DB:00 nvmXdizc V: 26 H: 514 F:15
c00952 ora $9f       [00009f] A:0016 X:0012 Y:0000 S:01e1 D:0000 DB:00 nvmXdizc V: 26 H: 532 F:15
c00954 sta $b1       [0000b1] A:0016 X:0012 Y:0000 S:01e1 D:0000 DB:00 nvmXdizc V: 26 H: 600 F:15
c00956 lda $b3       [0000b3] A:0016 X:0012 Y:0000 S:01e1 D:0000 DB:00 nvmXdizc V: 26 H: 628 F:15
c00958 asl a                  A:0009 X:0012 Y:0000 S:01e1 D:0000 DB:00 nvmXdizc V: 26 H: 656 F:15
c00959 asl a                  A:0012 X:0012 Y:0000 S:01e1 D:0000 DB:00 nvmXdizc V: 26 H: 668 F:15
c0095a asl a                  A:0024 X:0012 Y:0000 S:01e1 D:0000 DB:00 nvmXdizc V: 26 H: 680 F:15
c0095b asl a                  A:0048 X:0012 Y:0000 S:01e1 D:0000 DB:00 nvmXdizc V: 26 H: 692 F:15
c0095c asl a                  A:0090 X:0012 Y:0000 S:01e1 D:0000 DB:00 nvmXdizc V: 26 H: 704 F:15
c0095d ldy $b5       [0000b5] A:0120 X:0012 Y:0000 S:01e1 D:0000 DB:00 nvmXdizc V: 26 H: 716 F:15
c0095f beq $0963     [c00963] A:0120 X:0012 Y:0000 S:01e1 D:0000 DB:00 nvmXdiZc V: 26 H: 736 F:15
c00963 ora $b1       [0000b1] A:0120 X:0012 Y:0000 S:01e1 D:0000 DB:00 nvmXdiZc V: 26 H: 754 F:15
c00965 ldy $0372     [000372] A:0136 X:0012 Y:0000 S:01e1 D:0000 DB:00 nvmXdizc V: 26 H: 782 F:15
c00968 bne $096e     [c0096e] A:0136 X:0012 Y:0000 S:01e1 D:0000 DB:00 nvmXdiZc V: 26 H: 808 F:15
c0096a clc                    A:0136 X:0012 Y:0000 S:01e1 D:0000 DB:00 nvmXdiZc V: 26 H: 820 F:15
c0096b adc $036f     [00036f] A:0136 X:0012 Y:0000 S:01e1 D:0000 DB:00 nvmXdiZc V: 26 H: 832 F:15
c0096e sep #$20               A:3136 X:0012 Y:0000 S:01e1 D:0000 DB:00 nvmXdizc V: 26 H: 866 F:15
c00970 ply                    A:3136 X:0012 Y:0000 S:01e1 D:0000 DB:00 nvMXdizc V: 26 H: 884 F:15
c00971 rts                    A:3136 X:0012 Y:0002 S:01e2 D:0000 DB:00 nvMXdizc V: 26 H: 910 F:15
c008ed sta $08       [000008] A:3136 X:0012 Y:0002 S:01e4 D:0000 DB:00 nvMXdizc V: 26 H: 950 F:15
c008ef xba                    A:3136 X:0012 Y:0002 S:01e4 D:0000 DB:00 nvMXdizc V: 26 H: 970 F:15
c008f0 sta $09       [000009] A:3631 X:0012 Y:0002 S:01e4 D:0000 DB:00 nvMXdizc V: 26 H: 988 F:15
c008f2 rtl                    A:3631 X:0012 Y:0002 S:01e4 D:0000 DB:00 nvMXdizc V: 26 H:1008 F:15
c00140 rep #$20               A:3631 X:0012 Y:0002 S:01e7 D:0000 DB:00 nvMXdizc V: 26 H:1050 F:15
c00142 lda $08       [000008] A:3631 X:0012 Y:0002 S:01e7 D:0000 DB:00 nvmXdizc V: 26 H:1068 F:15
c00144 sta $ae       [0000ae] A:3136 X:0012 Y:0002 S:01e7 D:0000 DB:00 nvmXdizc V: 26 H:1096 F:15
c00146 sep #$20               A:3136 X:0012 Y:0002 S:01e7 D:0000 DB:00 nvmXdizc V: 26 H:1124 F:15
c00148 jsl $c00478   [c00478] A:3136 X:0012 Y:0002 S:01e7 D:0000 DB:00 nvMXdizc V: 26 H:1142 F:15
c00478 phx                    A:3136 X:0012 Y:0002 S:01e4 D:0000 DB:00 nvMXdizc V: 26 H:1196 F:15
c00479 rep #$30               A:3136 X:0012 Y:0002 S:01e3 D:0000 DB:00 nvMXdizc V: 26 H:1216 F:15
c0047b ldx $0357     [000357] A:3136 X:0012 Y:0002 S:01e3 D:0000 DB:00 nvmxdizc V: 26 H:1234 F:15
c0047e lda $ae       [0000ae] A:3136 X:3768 Y:0002 S:01e3 D:0000 DB:00 nvmxdizc V: 26 H:1268 F:15
c00480 sta $7e8004,x [7eb76c] A:3136 X:3768 Y:0002 S:01e3 D:0000 DB:00 nvmxdizc V: 26 H:1296 F:15
c00484 lda $0352     [000352] A:3136 X:3768 Y:0002 S:01e3 D:0000 DB:00 nvmxdizc V: 26 H:1336 F:15
c00487 sta $7e8000,x [7eb768] A:0000 X:3768 Y:0002 S:01e3 D:0000 DB:00 nvmxdiZc V: 27 H:   6 F:15
c0048b txa                    A:0000 X:3768 Y:0002 S:01e3 D:0000 DB:00 nvmxdiZc V: 27 H:  46 F:15
c0048c clc                    A:3768 X:3768 Y:0002 S:01e3 D:0000 DB:00 nvmxdizc V: 27 H:  58 F:15
c0048d adc #$0006             A:3768 X:3768 Y:0002 S:01e3 D:0000 DB:00 nvmxdizc V: 27 H:  70 F:15
c00490 sta $035b     [00035b] A:376e X:3768 Y:0002 S:01e3 D:0000 DB:00 nvmxdizc V: 27 H:  88 F:15
c00493 sep #$30               A:376e X:3768 Y:0002 S:01e3 D:0000 DB:00 nvmxdizc V: 27 H: 122 F:15
c00495 plx                    A:376e X:0068 Y:0002 S:01e3 D:0000 DB:00 nvMXdizc V: 27 H: 140 F:15
c00496 rtl                    A:376e X:0012 Y:0002 S:01e4 D:0000 DB:00 nvMXdizc V: 27 H: 166 F:15
c0014c ldx $1d34     [001d34] A:376e X:0012 Y:0002 S:01e7 D:0000 DB:00 nvMXdizc V: 27 H: 208 F:15
c0014f jsl $c01ccc   [c01ccc] A:376e X:0002 Y:0002 S:01e7 D:0000 DB:00 nvMXdizc V: 27 H: 234 F:15
c01ccc phx                    A:376e X:0002 Y:0002 S:01e4 D:0000 DB:00 nvMXdizc V: 27 H: 288 F:15
c01ccd ldx $64       [000064] A:376e X:0002 Y:0002 S:01e3 D:0000 DB:00 nvMXdizc V: 27 H: 308 F:15
c01ccf jsr ($1ce5,x) [c01ce5] A:376e X:0000 Y:0002 S:01e3 D:0000 DB:00 nvMXdiZc V: 27 H: 328 F:15
c01cf5 lda [$60]     [d1a21c] A:376e X:0000 Y:0002 S:01e1 D:0000 DB:00 nvMXdiZc V: 27 H: 380 F:15
c01cf7 inc $60       [000060] A:379d X:0000 Y:0002 S:01e1 D:0000 DB:00 NvMXdizc V: 27 H: 422 F:15
c01cf9 bne $1d01     [c01d01] A:379d X:0000 Y:0002 S:01e1 D:0000 DB:00 nvMXdizc V: 27 H: 456 F:15
c01d01 rts                    A:379d X:0000 Y:0002 S:01e1 D:0000 DB:00 nvMXdizc V: 27 H: 474 F:15
c01cd2 ldx $66       [000066] A:379d X:0000 Y:0002 S:01e3 D:0000 DB:00 nvMXdizc V: 27 H: 514 F:15
c01cd4 sta $0200,x   [000200] A:379d X:0000 Y:0002 S:01e3 D:0000 DB:00 nvMXdiZc V: 27 H: 534 F:15
c01cd7 inc $66       [000066] A:379d X:0000 Y:0002 S:01e3 D:0000 DB:00 nvMXdiZc V: 27 H: 606 F:15
c01cd9 dec $65       [000065] A:379d X:0000 Y:0002 S:01e3 D:0000 DB:00 nvMXdizc V: 27 H: 640 F:15
c01cdb bne $1ce0     [c01ce0] A:379d X:0000 Y:0002 S:01e3 D:0000 DB:00 nvMXdizc V: 27 H: 674 F:15
c01ce0 lda $0200,x   [000200] A:379d X:0000 Y:0002 S:01e3 D:0000 DB:00 nvMXdizc V: 27 H: 692 F:15
c01ce3 plx                    A:379d X:0000 Y:0002 S:01e3 D:0000 DB:00 NvMXdizc V: 27 H: 718 F:15
c01ce4 rtl                    A:379d X:0002 Y:0002 S:01e4 D:0000 DB:00 nvMXdizc V: 27 H: 744 F:15
c00153 sta $a5       [0000a5] A:379d X:0002 Y:0002 S:01e7 D:0000 DB:00 nvMXdizc V: 27 H: 786 F:15
c00155 jsl $c01ccc   [c01ccc] A:379d X:0002 Y:0002 S:01e7 D:0000 DB:00 nvMXdizc V: 27 H: 806 F:15
c01ccc phx                    A:379d X:0002 Y:0002 S:01e4 D:0000 DB:00 nvMXdizc V: 27 H: 860 F:15
c01ccd ldx $64       [000064] A:379d X:0002 Y:0002 S:01e3 D:0000 DB:00 nvMXdizc V: 27 H: 880 F:15
c01ccf jsr ($1ce5,x) [c01ce5] A:379d X:0000 Y:0002 S:01e3 D:0000 DB:00 nvMXdiZc V: 27 H: 900 F:15
c01cf5 lda [$60]     [d1a21d] A:379d X:0000 Y:0002 S:01e1 D:0000 DB:00 nvMXdiZc V: 27 H: 952 F:15
c01cf7 inc $60       [000060] A:379e X:0000 Y:0002 S:01e1 D:0000 DB:00 NvMXdizc V: 27 H: 994 F:15
c01cf9 bne $1d01     [c01d01] A:379e X:0000 Y:0002 S:01e1 D:0000 DB:00 nvMXdizc V: 27 H:1028 F:15
c01d01 rts                    A:379e X:0000 Y:0002 S:01e1 D:0000 DB:00 nvMXdizc V: 27 H:1046 F:15
c01cd2 ldx $66       [000066] A:379e X:0000 Y:0002 S:01e3 D:0000 DB:00 nvMXdizc V: 27 H:1086 F:15
c01cd4 sta $0200,x   [000201] A:379e X:0001 Y:0002 S:01e3 D:0000 DB:00 nvMXdizc V: 27 H:1106 F:15
c01cd7 inc $66       [000066] A:379e X:0001 Y:0002 S:01e3 D:0000 DB:00 nvMXdizc V: 27 H:1138 F:15
c01cd9 dec $65       [000065] A:379e X:0001 Y:0002 S:01e3 D:0000 DB:00 nvMXdizc V: 27 H:1172 F:15
c01cdb bne $1ce0     [c01ce0] A:379e X:0001 Y:0002 S:01e3 D:0000 DB:00 nvMXdizc V: 27 H:1206 F:15
c01ce0 lda $0200,x   [000201] A:379e X:0001 Y:0002 S:01e3 D:0000 DB:00 nvMXdizc V: 27 H:1224 F:15
c01ce3 plx                    A:379e X:0001 Y:0002 S:01e3 D:0000 DB:00 NvMXdizc V: 27 H:1250 F:15
c01ce4 rtl                    A:379e X:0002 Y:0002 S:01e4 D:0000 DB:00 nvMXdizc V: 27 H:1276 F:15
c00159 sta $a6       [0000a6] A:379e X:0002 Y:0002 S:01e7 D:0000 DB:00 nvMXdizc V: 27 H:1318 F:15
c0015b jsl $c00497   [c00497] A:379e X:0002 Y:0002 S:01e7 D:0000 DB:00 nvMXdizc V: 27 H:1338 F:15
c00497 phx                    A:379e X:0002 Y:0002 S:01e4 D:0000 DB:00 nvMXdizc V: 28 H:  28 F:15
c00498 rep #$30               A:379e X:0002 Y:0002 S:01e3 D:0000 DB:00 nvMXdizc V: 28 H:  48 F:15
c0049a ldx $035b     [00035b] A:379e X:0002 Y:0002 S:01e3 D:0000 DB:00 nvmxdizc V: 28 H:  66 F:15
c0049d lda $a5       [0000a5] A:379e X:376e Y:0002 S:01e3 D:0000 DB:00 nvmxdizc V: 28 H: 100 F:15
c0049f sta $7e8000,x [7eb76e] A:9e9d X:376e Y:0002 S:01e3 D:0000 DB:00 Nvmxdizc V: 28 H: 128 F:15
c004a3 inx                    A:9e9d X:376e Y:0002 S:01e3 D:0000 DB:00 Nvmxdizc V: 28 H: 168 F:15
c004a4 inx                    A:9e9d X:376f Y:0002 S:01e3 D:0000 DB:00 nvmxdizc V: 28 H: 180 F:15
c004a5 stx $035b     [00035b] A:9e9d X:3770 Y:0002 S:01e3 D:0000 DB:00 nvmxdizc V: 28 H: 192 F:15
c004a8 sep #$30               A:9e9d X:3770 Y:0002 S:01e3 D:0000 DB:00 nvmxdizc V: 28 H: 226 F:15
c004aa plx                    A:9e9d X:0070 Y:0002 S:01e3 D:0000 DB:00 nvMXdizc V: 28 H: 244 F:15
c004ab rtl                    A:9e9d X:0002 Y:0002 S:01e4 D:0000 DB:00 nvMXdizc V: 28 H: 270 F:15
c0015f dex                    A:9e9d X:0002 Y:0002 S:01e7 D:0000 DB:00 nvMXdizc V: 28 H: 312 F:15
c00160 dex                    A:9e9d X:0001 Y:0002 S:01e7 D:0000 DB:00 nvMXdizc V: 28 H: 324 F:15
c00161 bne $014f     [c0014f] A:9e9d X:0000 Y:0002 S:01e7 D:0000 DB:00 nvMXdiZc V: 28 H: 336 F:15
c00163 jsl $c004ac   [c004ac] A:9e9d X:0000 Y:0002 S:01e7 D:0000 DB:00 nvMXdiZc V: 28 H: 348 F:15
c004ac phx                    A:9e9d X:0000 Y:0002 S:01e4 D:0000 DB:00 nvMXdiZc V: 28 H: 402 F:15
c004ad rep #$30               A:9e9d X:0000 Y:0002 S:01e3 D:0000 DB:00 nvMXdiZc V: 28 H: 422 F:15
c004af ldx $0357     [000357] A:9e9d X:0000 Y:0002 S:01e3 D:0000 DB:00 nvmxdiZc V: 28 H: 440 F:15
c004b2 lda $035b     [00035b] A:9e9d X:3768 Y:0002 S:01e3 D:0000 DB:00 nvmxdizc V: 28 H: 474 F:15
c004b5 sec                    A:3770 X:3768 Y:0002 S:01e3 D:0000 DB:00 nvmxdizc V: 28 H: 508 F:15
c004b6 sbc $0357     [000357] A:3770 X:3768 Y:0002 S:01e3 D:0000 DB:00 nvmxdizC V: 28 H: 520 F:15
c004b9 sbc #$0006             A:0008 X:3768 Y:0002 S:01e3 D:0000 DB:00 nvmxdizC V: 28 H: 594 F:15
c004bc sta $7e8002,x [7eb76a] A:0002 X:3768 Y:0002 S:01e3 D:0000 DB:00 nvmxdizC V: 28 H: 612 F:15
c004c0 lda $035b     [00035b] A:0002 X:3768 Y:0002 S:01e3 D:0000 DB:00 nvmxdizC V: 28 H: 652 F:15
c004c3 and #$3fff             A:3770 X:3768 Y:0002 S:01e3 D:0000 DB:00 nvmxdizC V: 28 H: 686 F:15
c004c6 sta $0357     [000357] A:3770 X:3768 Y:0002 S:01e3 D:0000 DB:00 nvmxdizC V: 28 H: 704 F:15
c004c9 sep #$30               A:3770 X:3768 Y:0002 S:01e3 D:0000 DB:00 nvmxdizC V: 28 H: 738 F:15
c004cb plx                    A:3770 X:0068 Y:0002 S:01e3 D:0000 DB:00 nvMXdizC V: 28 H: 756 F:15
c004cc rtl                    A:3770 X:0000 Y:0002 S:01e4 D:0000 DB:00 nvMXdiZC V: 28 H: 782 F:15
c00167 inc $1d2a     [001d2a] A:3770 X:0000 Y:0002 S:01e7 D:0000 DB:00 nvMXdiZC V: 28 H: 824 F:15
c0016a dey                    A:3770 X:0000 Y:0002 S:01e7 D:0000 DB:00 nvMXdizC V: 28 H: 864 F:15
c0016b bne $013c     [c0013c] A:3770 X:0000 Y:0001 S:01e7 D:0000 DB:00 nvMXdizC V: 28 H: 876 F:15
c0013c jsl $c008e0   [c008e0] A:3770 X:0000 Y:0001 S:01e7 D:0000 DB:00 nvMXdizC V: 28 H: 894 F:15
c008e0 lda $1d28     [001d28] A:3770 X:0000 Y:0001 S:01e4 D:0000 DB:00 nvMXdizC V: 28 H: 948 F:15
c008e3 sta $b1       [0000b1] A:3716 X:0000 Y:0001 S:01e4 D:0000 DB:00 nvMXdizC V: 28 H: 974 F:15
c008e5 lda $1d2a     [001d2a] A:3716 X:0000 Y:0001 S:01e4 D:0000 DB:00 nvMXdizC V: 28 H: 994 F:15
c008e8 sta $b3       [0000b3] A:370a X:0000 Y:0001 S:01e4 D:0000 DB:00 nvMXdizC V: 28 H:1020 F:15
c008ea jsr $0906     [c00906] A:370a X:0000 Y:0001 S:01e4 D:0000 DB:00 nvMXdizC V: 28 H:1040 F:15
c00906 phy                    A:370a X:0000 Y:0001 S:01e2 D:0000 DB:00 nvMXdizC V: 28 H:1080 F:15
c00907 lda $0372     [000372] A:370a X:0000 Y:0001 S:01e1 D:0000 DB:00 nvMXdizC V: 28 H:1100 F:15
c0090a beq $0915     [c00915] A:3700 X:0000 Y:0001 S:01e1 D:0000 DB:00 nvMXdiZC V: 28 H:1126 F:15
c00915 sta $b5       [0000b5] A:3700 X:0000 Y:0001 S:01e1 D:0000 DB:00 nvMXdiZC V: 28 H:1144 F:15
c00917 stz $b2       [0000b2] A:3700 X:0000 Y:0001 S:01e1 D:0000 DB:00 nvMXdiZC V: 28 H:1164 F:15
c00919 stz $b4       [0000b4] A:3700 X:0000 Y:0001 S:01e1 D:0000 DB:00 nvMXdiZC V: 28 H:1184 F:15
c0091b lda $b1       [0000b1] A:3700 X:0000 Y:0001 S:01e1 D:0000 DB:00 nvMXdiZC V: 28 H:1204 F:15
c0091d clc                    A:3716 X:0000 Y:0001 S:01e1 D:0000 DB:00 nvMXdizC V: 28 H:1224 F:15
c0091e adc $036c     [00036c] A:3716 X:0000 Y:0001 S:01e1 D:0000 DB:00 nvMXdizc V: 28 H:1236 F:15
c00921 and #$7f               A:3716 X:0000 Y:0001 S:01e1 D:0000 DB:00 nvMXdizc V: 28 H:1262 F:15
c00923 ldy $b5       [0000b5] A:3716 X:0000 Y:0001 S:01e1 D:0000 DB:00 nvMXdizc V: 28 H:1274 F:15
c00925 bne $0929     [c00929] A:3716 X:0000 Y:0000 S:01e1 D:0000 DB:00 nvMXdiZc V: 28 H:1294 F:15
c00927 and #$3f               A:3716 X:0000 Y:0000 S:01e1 D:0000 DB:00 nvMXdiZc V: 28 H:1306 F:15
c00929 sta $b1       [0000b1] A:3716 X:0000 Y:0000 S:01e1 D:0000 DB:00 nvMXdizc V: 28 H:1318 F:15
c0092b lda $b3       [0000b3] A:3716 X:0000 Y:0000 S:01e1 D:0000 DB:00 nvMXdizc V: 28 H:1338 F:15
c0092d clc                    A:370a X:0000 Y:0000 S:01e1 D:0000 DB:00 nvMXdizc V: 28 H:1358 F:15
c0092e adc $036d     [00036d] A:370a X:0000 Y:0000 S:01e1 D:0000 DB:00 nvMXdizc V: 29 H:   6 F:15
c00931 and #$7f               A:370a X:0000 Y:0000 S:01e1 D:0000 DB:00 nvMXdizc V: 29 H:  32 F:15
c00933 ldy $b5       [0000b5] A:370a X:0000 Y:0000 S:01e1 D:0000 DB:00 nvMXdizc V: 29 H:  44 F:15
c00935 bne $0939     [c00939] A:370a X:0000 Y:0000 S:01e1 D:0000 DB:00 nvMXdiZc V: 29 H:  64 F:15
c00937 and #$1f               A:370a X:0000 Y:0000 S:01e1 D:0000 DB:00 nvMXdiZc V: 29 H:  76 F:15
c00939 sta $b3       [0000b3] A:370a X:0000 Y:0000 S:01e1 D:0000 DB:00 nvMXdizc V: 29 H:  88 F:15
c0093b rep #$20               A:370a X:0000 Y:0000 S:01e1 D:0000 DB:00 nvMXdizc V: 29 H: 108 F:15
c0093d ldy $b5       [0000b5] A:370a X:0000 Y:0000 S:01e1 D:0000 DB:00 nvmXdizc V: 29 H: 126 F:15
c0093f bne $0956     [c00956] A:370a X:0000 Y:0000 S:01e1 D:0000 DB:00 nvmXdiZc V: 29 H: 146 F:15
c00941 lda $b1       [0000b1] A:370a X:0000 Y:0000 S:01e1 D:0000 DB:00 nvmXdiZc V: 29 H: 158 F:15
c00943 and #$0020             A:0016 X:0000 Y:0000 S:01e1 D:0000 DB:00 nvmXdizc V: 29 H: 186 F:15
c00946 asl a                  A:0000 X:0000 Y:0000 S:01e1 D:0000 DB:00 nvmXdiZc V: 29 H: 204 F:15
c00947 asl a                  A:0000 X:0000 Y:0000 S:01e1 D:0000 DB:00 nvmXdiZc V: 29 H: 216 F:15
c00948 asl a                  A:0000 X:0000 Y:0000 S:01e1 D:0000 DB:00 nvmXdiZc V: 29 H: 228 F:15
c00949 asl a                  A:0000 X:0000 Y:0000 S:01e1 D:0000 DB:00 nvmXdiZc V: 29 H: 240 F:15
c0094a asl a                  A:0000 X:0000 Y:0000 S:01e1 D:0000 DB:00 nvmXdiZc V: 29 H: 252 F:15
c0094b sta $9f       [00009f] A:0000 X:0000 Y:0000 S:01e1 D:0000 DB:00 nvmXdiZc V: 29 H: 264 F:15
c0094d lda $b1       [0000b1] A:0000 X:0000 Y:0000 S:01e1 D:0000 DB:00 nvmXdiZc V: 29 H: 292 F:15
c0094f and #$001f             A:0016 X:0000 Y:0000 S:01e1 D:0000 DB:00 nvmXdizc V: 29 H: 320 F:15
c00952 ora $9f       [00009f] A:0016 X:0000 Y:0000 S:01e1 D:0000 DB:00 nvmXdizc V: 29 H: 338 F:15
c00954 sta $b1       [0000b1] A:0016 X:0000 Y:0000 S:01e1 D:0000 DB:00 nvmXdizc V: 29 H: 366 F:15
c00956 lda $b3       [0000b3] A:0016 X:0000 Y:0000 S:01e1 D:0000 DB:00 nvmXdizc V: 29 H: 394 F:15
c00958 asl a                  A:000a X:0000 Y:0000 S:01e1 D:0000 DB:00 nvmXdizc V: 29 H: 422 F:15
c00959 asl a                  A:0014 X:0000 Y:0000 S:01e1 D:0000 DB:00 nvmXdizc V: 29 H: 434 F:15
c0095a asl a                  A:0028 X:0000 Y:0000 S:01e1 D:0000 DB:00 nvmXdizc V: 29 H: 446 F:15
c0095b asl a                  A:0050 X:0000 Y:0000 S:01e1 D:0000 DB:00 nvmXdizc V: 29 H: 458 F:15
c0095c asl a                  A:00a0 X:0000 Y:0000 S:01e1 D:0000 DB:00 nvmXdizc V: 29 H: 470 F:15
c0095d ldy $b5       [0000b5] A:0140 X:0000 Y:0000 S:01e1 D:0000 DB:00 nvmXdizc V: 29 H: 482 F:15
c0095f beq $0963     [c00963] A:0140 X:0000 Y:0000 S:01e1 D:0000 DB:00 nvmXdiZc V: 29 H: 502 F:15
c00963 ora $b1       [0000b1] A:0140 X:0000 Y:0000 S:01e1 D:0000 DB:00 nvmXdiZc V: 29 H: 520 F:15
c00965 ldy $0372     [000372] A:0156 X:0000 Y:0000 S:01e1 D:0000 DB:00 nvmXdizc V: 29 H: 588 F:15
c00968 bne $096e     [c0096e] A:0156 X:0000 Y:0000 S:01e1 D:0000 DB:00 nvmXdiZc V: 29 H: 614 F:15
c0096a clc                    A:0156 X:0000 Y:0000 S:01e1 D:0000 DB:00 nvmXdiZc V: 29 H: 626 F:15
c0096b adc $036f     [00036f] A:0156 X:0000 Y:0000 S:01e1 D:0000 DB:00 nvmXdiZc V: 29 H: 638 F:15
c0096e sep #$20               A:3156 X:0000 Y:0000 S:01e1 D:0000 DB:00 nvmXdizc V: 29 H: 672 F:15
c00970 ply                    A:3156 X:0000 Y:0000 S:01e1 D:0000 DB:00 nvMXdizc V: 29 H: 690 F:15
c00971 rts                    A:3156 X:0000 Y:0001 S:01e2 D:0000 DB:00 nvMXdizc V: 29 H: 716 F:15
c008ed sta $08       [000008] A:3156 X:0000 Y:0001 S:01e4 D:0000 DB:00 nvMXdizc V: 29 H: 756 F:15
c008ef xba                    A:3156 X:0000 Y:0001 S:01e4 D:0000 DB:00 nvMXdizc V: 29 H: 776 F:15
c008f0 sta $09       [000009] A:5631 X:0000 Y:0001 S:01e4 D:0000 DB:00 nvMXdizc V: 29 H: 794 F:15
c008f2 rtl                    A:5631 X:0000 Y:0001 S:01e4 D:0000 DB:00 nvMXdizc V: 29 H: 814 F:15
c00140 rep #$20               A:5631 X:0000 Y:0001 S:01e7 D:0000 DB:00 nvMXdizc V: 29 H: 856 F:15
c00142 lda $08       [000008] A:5631 X:0000 Y:0001 S:01e7 D:0000 DB:00 nvmXdizc V: 29 H: 874 F:15
c00144 sta $ae       [0000ae] A:3156 X:0000 Y:0001 S:01e7 D:0000 DB:00 nvmXdizc V: 29 H: 902 F:15
c00146 sep #$20               A:3156 X:0000 Y:0001 S:01e7 D:0000 DB:00 nvmXdizc V: 29 H: 930 F:15
c00148 jsl $c00478   [c00478] A:3156 X:0000 Y:0001 S:01e7 D:0000 DB:00 nvMXdizc V: 29 H: 948 F:15
c00478 phx                    A:3156 X:0000 Y:0001 S:01e4 D:0000 DB:00 nvMXdizc V: 29 H:1002 F:15
c00479 rep #$30               A:3156 X:0000 Y:0001 S:01e3 D:0000 DB:00 nvMXdizc V: 29 H:1022 F:15
c0047b ldx $0357     [000357] A:3156 X:0000 Y:0001 S:01e3 D:0000 DB:00 nvmxdizc V: 29 H:1040 F:15
c0047e lda $ae       [0000ae] A:3156 X:3770 Y:0001 S:01e3 D:0000 DB:00 nvmxdizc V: 29 H:1074 F:15
c00480 sta $7e8004,x [7eb774] A:3156 X:3770 Y:0001 S:01e3 D:0000 DB:00 nvmxdizc V: 29 H:1102 F:15
c00484 lda $0352     [000352] A:3156 X:3770 Y:0001 S:01e3 D:0000 DB:00 nvmxdizc V: 29 H:1142 F:15
c00487 sta $7e8000,x [7eb770] A:0000 X:3770 Y:0001 S:01e3 D:0000 DB:00 nvmxdiZc V: 29 H:1176 F:15
c0048b txa                    A:0000 X:3770 Y:0001 S:01e3 D:0000 DB:00 nvmxdiZc V: 29 H:1216 F:15
c0048c clc                    A:3770 X:3770 Y:0001 S:01e3 D:0000 DB:00 nvmxdizc V: 29 H:1228 F:15
c0048d adc #$0006             A:3770 X:3770 Y:0001 S:01e3 D:0000 DB:00 nvmxdizc V: 29 H:1240 F:15
c00490 sta $035b     [00035b] A:3776 X:3770 Y:0001 S:01e3 D:0000 DB:00 nvmxdizc V: 29 H:1258 F:15
c00493 sep #$30               A:3776 X:3770 Y:0001 S:01e3 D:0000 DB:00 nvmxdizc V: 29 H:1292 F:15
c00495 plx                    A:3776 X:0070 Y:0001 S:01e3 D:0000 DB:00 nvMXdizc V: 29 H:1310 F:15
c00496 rtl                    A:3776 X:0000 Y:0001 S:01e4 D:0000 DB:00 nvMXdiZc V: 29 H:1336 F:15
c0014c ldx $1d34     [001d34] A:3776 X:0000 Y:0001 S:01e7 D:0000 DB:00 nvMXdiZc V: 30 H:  14 F:15
c0014f jsl $c01ccc   [c01ccc] A:3776 X:0002 Y:0001 S:01e7 D:0000 DB:00 nvMXdizc V: 30 H:  40 F:15
c01ccc phx                    A:3776 X:0002 Y:0001 S:01e4 D:0000 DB:00 nvMXdizc V: 30 H:  94 F:15
c01ccd ldx $64       [000064] A:3776 X:0002 Y:0001 S:01e3 D:0000 DB:00 nvMXdizc V: 30 H: 114 F:15
c01ccf jsr ($1ce5,x) [c01ce5] A:3776 X:0000 Y:0001 S:01e3 D:0000 DB:00 nvMXdiZc V: 30 H: 134 F:15
c01cf5 lda [$60]     [d1a21e] A:3776 X:0000 Y:0001 S:01e1 D:0000 DB:00 nvMXdiZc V: 30 H: 186 F:15
c01cf7 inc $60       [000060] A:379b X:0000 Y:0001 S:01e1 D:0000 DB:00 NvMXdizc V: 30 H: 228 F:15
c01cf9 bne $1d01     [c01d01] A:379b X:0000 Y:0001 S:01e1 D:0000 DB:00 nvMXdizc V: 30 H: 262 F:15
c01d01 rts                    A:379b X:0000 Y:0001 S:01e1 D:0000 DB:00 nvMXdizc V: 30 H: 280 F:15
c01cd2 ldx $66       [000066] A:379b X:0000 Y:0001 S:01e3 D:0000 DB:00 nvMXdizc V: 30 H: 320 F:15
c01cd4 sta $0200,x   [000202] A:379b X:0002 Y:0001 S:01e3 D:0000 DB:00 nvMXdizc V: 30 H: 340 F:15
c01cd7 inc $66       [000066] A:379b X:0002 Y:0001 S:01e3 D:0000 DB:00 nvMXdizc V: 30 H: 372 F:15
c01cd9 dec $65       [000065] A:379b X:0002 Y:0001 S:01e3 D:0000 DB:00 nvMXdizc V: 30 H: 406 F:15
c01cdb bne $1ce0     [c01ce0] A:379b X:0002 Y:0001 S:01e3 D:0000 DB:00 nvMXdizc V: 30 H: 440 F:15
c01ce0 lda $0200,x   [000202] A:379b X:0002 Y:0001 S:01e3 D:0000 DB:00 nvMXdizc V: 30 H: 458 F:15
c01ce3 plx                    A:379b X:0002 Y:0001 S:01e3 D:0000 DB:00 NvMXdizc V: 30 H: 484 F:15
c01ce4 rtl                    A:379b X:0002 Y:0001 S:01e4 D:0000 DB:00 nvMXdizc V: 30 H: 510 F:15
c00153 sta $a5       [0000a5] A:379b X:0002 Y:0001 S:01e7 D:0000 DB:00 nvMXdizc V: 30 H: 592 F:15
c00155 jsl $c01ccc   [c01ccc] A:379b X:0002 Y:0001 S:01e7 D:0000 DB:00 nvMXdizc V: 30 H: 612 F:15
c01ccc phx                    A:379b X:0002 Y:0001 S:01e4 D:0000 DB:00 nvMXdizc V: 30 H: 666 F:15
c01ccd ldx $64       [000064] A:379b X:0002 Y:0001 S:01e3 D:0000 DB:00 nvMXdizc V: 30 H: 686 F:15
c01ccf jsr ($1ce5,x) [c01ce5] A:379b X:0000 Y:0001 S:01e3 D:0000 DB:00 nvMXdiZc V: 30 H: 706 F:15
c01cf5 lda [$60]     [d1a21f] A:379b X:0000 Y:0001 S:01e1 D:0000 DB:00 nvMXdiZc V: 30 H: 758 F:15
c01cf7 inc $60       [000060] A:379c X:0000 Y:0001 S:01e1 D:0000 DB:00 NvMXdizc V: 30 H: 800 F:15
c01cf9 bne $1d01     [c01d01] A:379c X:0000 Y:0001 S:01e1 D:0000 DB:00 nvMXdizc V: 30 H: 834 F:15
c01d01 rts                    A:379c X:0000 Y:0001 S:01e1 D:0000 DB:00 nvMXdizc V: 30 H: 852 F:15
c01cd2 ldx $66       [000066] A:379c X:0000 Y:0001 S:01e3 D:0000 DB:00 nvMXdizc V: 30 H: 892 F:15
c01cd4 sta $0200,x   [000203] A:379c X:0003 Y:0001 S:01e3 D:0000 DB:00 nvMXdizc V: 30 H: 912 F:15
c01cd7 inc $66       [000066] A:379c X:0003 Y:0001 S:01e3 D:0000 DB:00 nvMXdizc V: 30 H: 944 F:15
c01cd9 dec $65       [000065] A:379c X:0003 Y:0001 S:01e3 D:0000 DB:00 nvMXdizc V: 30 H: 978 F:15
c01cdb bne $1ce0     [c01ce0] A:379c X:0003 Y:0001 S:01e3 D:0000 DB:00 nvMXdiZc V: 30 H:1012 F:15
c01cdd jsr $1d45     [c01d45] A:379c X:0003 Y:0001 S:01e3 D:0000 DB:00 nvMXdiZc V: 30 H:1024 F:15
c01d45 lda [$60]     [d1a220] A:379c X:0003 Y:0001 S:01e1 D:0000 DB:00 nvMXdiZc V: 30 H:1064 F:15
c01d47 sta $64       [000064] A:3700 X:0003 Y:0001 S:01e1 D:0000 DB:00 nvMXdiZc V: 30 H:1106 F:15
c01d49 and #$1f               A:3700 X:0003 Y:0001 S:01e1 D:0000 DB:00 nvMXdiZc V: 30 H:1126 F:15
c01d4b inc                    A:3700 X:0003 Y:0001 S:01e1 D:0000 DB:00 nvMXdiZc V: 30 H:1138 F:15
c01d4c sta $65       [000065] A:3701 X:0003 Y:0001 S:01e1 D:0000 DB:00 nvMXdizc V: 30 H:1150 F:15
c01d4e lda $64       [000064] A:3701 X:0003 Y:0001 S:01e1 D:0000 DB:00 nvMXdizc V: 30 H:1170 F:15
c01d50 lsr a                  A:3700 X:0003 Y:0001 S:01e1 D:0000 DB:00 nvMXdiZc V: 30 H:1190 F:15
c01d51 lsr a                  A:3700 X:0003 Y:0001 S:01e1 D:0000 DB:00 nvMXdiZc V: 30 H:1202 F:15
c01d52 lsr a                  A:3700 X:0003 Y:0001 S:01e1 D:0000 DB:00 nvMXdiZc V: 30 H:1214 F:15
c01d53 lsr a                  A:3700 X:0003 Y:0001 S:01e1 D:0000 DB:00 nvMXdiZc V: 30 H:1226 F:15
c01d54 and #$0e               A:3700 X:0003 Y:0001 S:01e1 D:0000 DB:00 nvMXdiZc V: 30 H:1238 F:15
c01d56 sta $64       [000064] A:3700 X:0003 Y:0001 S:01e1 D:0000 DB:00 nvMXdiZc V: 30 H:1250 F:15
c01d58 inc $60       [000060] A:3700 X:0003 Y:0001 S:01e1 D:0000 DB:00 nvMXdiZc V: 30 H:1270 F:15
c01d5a bne $1d62     [c01d62] A:3700 X:0003 Y:0001 S:01e1 D:0000 DB:00 nvMXdizc V: 30 H:1304 F:15
c01d62 rts                    A:3700 X:0003 Y:0001 S:01e1 D:0000 DB:00 nvMXdizc V: 30 H:1322 F:15
c01ce0 lda $0200,x   [000203] A:3700 X:0003 Y:0001 S:01e3 D:0000 DB:00 nvMXdizc V: 30 H:1362 F:15
c01ce3 plx                    A:379c X:0003 Y:0001 S:01e3 D:0000 DB:00 NvMXdizc V: 31 H:  24 F:15
c01ce4 rtl                    A:379c X:0002 Y:0001 S:01e4 D:0000 DB:00 nvMXdizc V: 31 H:  50 F:15
c00159 sta $a6       [0000a6] A:379c X:0002 Y:0001 S:01e7 D:0000 DB:00 nvMXdizc V: 31 H:  92 F:15
c0015b jsl $c00497   [c00497] A:379c X:0002 Y:0001 S:01e7 D:0000 DB:00 nvMXdizc V: 31 H: 112 F:15
c00497 phx                    A:379c X:0002 Y:0001 S:01e4 D:0000 DB:00 nvMXdizc V: 31 H: 166 F:15
c00498 rep #$30               A:379c X:0002 Y:0001 S:01e3 D:0000 DB:00 nvMXdizc V: 31 H: 186 F:15
c0049a ldx $035b     [00035b] A:379c X:0002 Y:0001 S:01e3 D:0000 DB:00 nvmxdizc V: 31 H: 204 F:15
c0049d lda $a5       [0000a5] A:379c X:3776 Y:0001 S:01e3 D:0000 DB:00 nvmxdizc V: 31 H: 238 F:15
c0049f sta $7e8000,x [7eb776] A:9c9b X:3776 Y:0001 S:01e3 D:0000 DB:00 Nvmxdizc V: 31 H: 266 F:15
c004a3 inx                    A:9c9b X:3776 Y:0001 S:01e3 D:0000 DB:00 Nvmxdizc V: 31 H: 306 F:15
c004a4 inx                    A:9c9b X:3777 Y:0001 S:01e3 D:0000 DB:00 nvmxdizc V: 31 H: 318 F:15
c004a5 stx $035b     [00035b] A:9c9b X:3778 Y:0001 S:01e3 D:0000 DB:00 nvmxdizc V: 31 H: 330 F:15
c004a8 sep #$30               A:9c9b X:3778 Y:0001 S:01e3 D:0000 DB:00 nvmxdizc V: 31 H: 364 F:15
c004aa plx                    A:9c9b X:0078 Y:0001 S:01e3 D:0000 DB:00 nvMXdizc V: 31 H: 382 F:15
c004ab rtl                    A:9c9b X:0002 Y:0001 S:01e4 D:0000 DB:00 nvMXdizc V: 31 H: 408 F:15
c0015f dex                    A:9c9b X:0002 Y:0001 S:01e7 D:0000 DB:00 nvMXdizc V: 31 H: 450 F:15
c00160 dex                    A:9c9b X:0001 Y:0001 S:01e7 D:0000 DB:00 nvMXdizc V: 31 H: 462 F:15
c00161 bne $014f     [c0014f] A:9c9b X:0000 Y:0001 S:01e7 D:0000 DB:00 nvMXdiZc V: 31 H: 474 F:15
c00163 jsl $c004ac   [c004ac] A:9c9b X:0000 Y:0001 S:01e7 D:0000 DB:00 nvMXdiZc V: 31 H: 486 F:15
c004ac phx                    A:9c9b X:0000 Y:0001 S:01e4 D:0000 DB:00 nvMXdiZc V: 31 H: 580 F:15
c004ad rep #$30               A:9c9b X:0000 Y:0001 S:01e3 D:0000 DB:00 nvMXdiZc V: 31 H: 600 F:15
c004af ldx $0357     [000357] A:9c9b X:0000 Y:0001 S:01e3 D:0000 DB:00 nvmxdiZc V: 31 H: 618 F:15
c004b2 lda $035b     [00035b] A:9c9b X:3770 Y:0001 S:01e3 D:0000 DB:00 nvmxdizc V: 31 H: 652 F:15
c004b5 sec                    A:3778 X:3770 Y:0001 S:01e3 D:0000 DB:00 nvmxdizc V: 31 H: 686 F:15
c004b6 sbc $0357     [000357] A:3778 X:3770 Y:0001 S:01e3 D:0000 DB:00 nvmxdizC V: 31 H: 698 F:15
c004b9 sbc #$0006             A:0008 X:3770 Y:0001 S:01e3 D:0000 DB:00 nvmxdizC V: 31 H: 732 F:15
c004bc sta $7e8002,x [7eb772] A:0002 X:3770 Y:0001 S:01e3 D:0000 DB:00 nvmxdizC V: 31 H: 750 F:15
c004c0 lda $035b     [00035b] A:0002 X:3770 Y:0001 S:01e3 D:0000 DB:00 nvmxdizC V: 31 H: 790 F:15
c004c3 and #$3fff             A:3778 X:3770 Y:0001 S:01e3 D:0000 DB:00 nvmxdizC V: 31 H: 824 F:15
c004c6 sta $0357     [000357] A:3778 X:3770 Y:0001 S:01e3 D:0000 DB:00 nvmxdizC V: 31 H: 842 F:15
c004c9 sep #$30               A:3778 X:3770 Y:0001 S:01e3 D:0000 DB:00 nvmxdizC V: 31 H: 876 F:15
c004cb plx                    A:3778 X:0070 Y:0001 S:01e3 D:0000 DB:00 nvMXdizC V: 31 H: 894 F:15
c004cc rtl                    A:3778 X:0000 Y:0001 S:01e4 D:0000 DB:00 nvMXdiZC V: 31 H: 920 F:15
c00167 inc $1d2a     [001d2a] A:3778 X:0000 Y:0001 S:01e7 D:0000 DB:00 nvMXdiZC V: 31 H: 962 F:15
c0016a dey                    A:3778 X:0000 Y:0001 S:01e7 D:0000 DB:00 nvMXdizC V: 31 H:1002 F:15
c0016b bne $013c     [c0013c] A:3778 X:0000 Y:0000 S:01e7 D:0000 DB:00 nvMXdiZC V: 31 H:1014 F:15
c0016d pla                    A:3778 X:0000 Y:0000 S:01e7 D:0000 DB:00 nvMXdiZC V: 31 H:1026 F:15
c0016e sta $1d2a     [001d2a] A:3709 X:0000 Y:0000 S:01e8 D:0000 DB:00 nvMXdizC V: 31 H:1052 F:15
c00171 rts                    A:3709 X:0000 Y:0000 S:01e8 D:0000 DB:00 nvMXdizC V: 31 H:1078 F:15
c000f4 lda $0342     [000342] A:3709 X:0000 Y:0000 S:01ea D:0000 DB:00 nvMXdizC V: 31 H:1118 F:15
c000f7 bne $0109     [c00109] A:3700 X:0000 Y:0000 S:01ea D:0000 DB:00 nvMXdiZC V: 31 H:1144 F:15
c000f9 lda #$80               A:3700 X:0000 Y:0000 S:01ea D:0000 DB:00 nvMXdiZC V: 31 H:1156 F:15
c000fb sta $0352     [000352] A:3780 X:0000 Y:0000 S:01ea D:0000 DB:00 NvMXdizC V: 31 H:1168 F:15
c000fe jsl $c01d63   [c01d63] A:3780 X:0000 Y:0000 S:01ea D:0000 DB:00 NvMXdizC V: 31 H:1194 F:15
c01d63 sec                    A:3780 X:0000 Y:0000 S:01e7 D:0000 DB:00 NvMXdizC V: 31 H:1248 F:15
c01d64 rep #$20               A:3780 X:0000 Y:0000 S:01e7 D:0000 DB:00 NvMXdizC V: 31 H:1260 F:15
c01d66 lda $60       [000060] A:3780 X:0000 Y:0000 S:01e7 D:0000 DB:00 NvmXdizC V: 31 H:1278 F:15
c01d68 sbc #$0001             A:a221 X:0000 Y:0000 S:01e7 D:0000 DB:00 NvmXdizC V: 31 H:1306 F:15
c01d6b sta $a5       [0000a5] A:a220 X:0000 Y:0000 S:01e7 D:0000 DB:00 NvmXdizC V: 31 H:1324 F:15
c01d6d sep #$20               A:a220 X:0000 Y:0000 S:01e7 D:0000 DB:00 NvmXdizC V: 31 H:1352 F:15
c01d6f lda $62       [000062] A:a220 X:0000 Y:0000 S:01e7 D:0000 DB:00 NvMXdizC V: 32 H:   6 F:15
c01d71 sbc #$00               A:a2d1 X:0000 Y:0000 S:01e7 D:0000 DB:00 NvMXdizC V: 32 H:  26 F:15
c01d73 sta $a7       [0000a7] A:a2d1 X:0000 Y:0000 S:01e7 D:0000 DB:00 NvMXdizC V: 32 H:  38 F:15
c01d75 rtl                    A:a2d1 X:0000 Y:0000 S:01e7 D:0000 DB:00 NvMXdizC V: 32 H:  58 F:15
c00102 jsl $c01cb0   [c01cb0] A:a2d1 X:0000 Y:0000 S:01ea D:0000 DB:00 NvMXdizC V: 32 H: 100 F:15
c01cb0 phx                    A:a2d1 X:0000 Y:0000 S:01e7 D:0000 DB:00 NvMXdizC V: 32 H: 154 F:15
c01cb1 rep #$20               A:a2d1 X:0000 Y:0000 S:01e6 D:0000 DB:00 NvMXdizC V: 32 H: 174 F:15
c01cb3 lda $a5       [0000a5] A:a2d1 X:0000 Y:0000 S:01e6 D:0000 DB:00 NvmXdizC V: 32 H: 192 F:15
c01cb5 sta $60       [000060] A:a220 X:0000 Y:0000 S:01e6 D:0000 DB:00 NvmXdizC V: 32 H: 220 F:15
c01cb7 sep #$20               A:a220 X:0000 Y:0000 S:01e6 D:0000 DB:00 NvmXdizC V: 32 H: 248 F:15
c01cb9 lda $a7       [0000a7] A:a220 X:0000 Y:0000 S:01e6 D:0000 DB:00 NvMXdizC V: 32 H: 266 F:15
c01cbb sta $62       [000062] A:a2d1 X:0000 Y:0000 S:01e6 D:0000 DB:00 NvMXdizC V: 32 H: 286 F:15
c01cbd ldx #$00               A:a2d1 X:0000 Y:0000 S:01e6 D:0000 DB:00 NvMXdizC V: 32 H: 306 F:15
c01cbf stz $0200,x   [000200] A:a2d1 X:0000 Y:0000 S:01e6 D:0000 DB:00 nvMXdiZC V: 32 H: 318 F:15
c01cc2 inx                    A:a2d1 X:0000 Y:0000 S:01e6 D:0000 DB:00 nvMXdiZC V: 32 H: 350 F:15
c01cc3 bne $1cbf     [c01cbf] A:a2d1 X:0001 Y:0000 S:01e6 D:0000 DB:00 nvMXdizC V: 32 H: 362 F:15
c01cbf stz $0200,x   [000201] A:a2d1 X:0001 Y:0000 S:01e6 D:0000 DB:00 nvMXdizC V: 32 H: 380 F:15
c01cc2 inx                    A:a2d1 X:0001 Y:0000 S:01e6 D:0000 DB:00 nvMXdizC V: 32 H: 412 F:15
c01cc3 bne $1cbf     [c01cbf] A:a2d1 X:0002 Y:0000 S:01e6 D:0000 DB:00 nvMXdizC V: 32 H: 424 F:15
c01cbf stz $0200,x   [000202] A:a2d1 X:0002 Y:0000 S:01e6 D:0000 DB:00 nvMXdizC V: 32 H: 442 F:15
c01cc2 inx                    A:a2d1 X:0002 Y:0000 S:01e6 D:0000 DB:00 nvMXdizC V: 32 H: 474 F:15
c01cc3 bne $1cbf     [c01cbf] A:a2d1 X:0003 Y:0000 S:01e6 D:0000 DB:00 nvMXdizC V: 32 H: 486 F:15
c01cbf stz $0200,x   [000203] A:a2d1 X:0003 Y:0000 S:01e6 D:0000 DB:00 nvMXdizC V: 32 H: 504 F:15
c01cc2 inx                    A:a2d1 X:0003 Y:0000 S:01e6 D:0000 DB:00 nvMXdizC V: 32 H: 576 F:15
c01cc3 bne $1cbf     [c01cbf] A:a2d1 X:0004 Y:0000 S:01e6 D:0000 DB:00 nvMXdizC V: 32 H: 588 F:15
c01cbf stz $0200,x   [000204] A:a2d1 X:0004 Y:0000 S:01e6 D:0000 DB:00 nvMXdizC V: 32 H: 606 F:15
c01cc2 inx                    A:a2d1 X:0004 Y:0000 S:01e6 D:0000 DB:00 nvMXdizC V: 32 H: 638 F:15
c01cc3 bne $1cbf     [c01cbf] A:a2d1 X:0005 Y:0000 S:01e6 D:0000 DB:00 nvMXdizC V: 32 H: 650 F:15
c01cbf stz $0200,x   [000205] A:a2d1 X:0005 Y:0000 S:01e6 D:0000 DB:00 nvMXdizC V: 32 H: 668 F:15
c01cc2 inx                    A:a2d1 X:0005 Y:0000 S:01e6 D:0000 DB:00 nvMXdizC V: 32 H: 700 F:15
c01cc3 bne $1cbf     [c01cbf] A:a2d1 X:0006 Y:0000 S:01e6 D:0000 DB:00 nvMXdizC V: 32 H: 712 F:15
c01cbf stz $0200,x   [000206] A:a2d1 X:0006 Y:0000 S:01e6 D:0000 DB:00 nvMXdizC V: 32 H: 730 F:15
c01cc2 inx                    A:a2d1 X:0006 Y:0000 S:01e6 D:0000 DB:00 nvMXdizC V: 32 H: 762 F:15
c01cc3 bne $1cbf     [c01cbf] A:a2d1 X:0007 Y:0000 S:01e6 D:0000 DB:00 nvMXdizC V: 32 H: 774 F:15
c01cbf stz $0200,x   [000207] A:a2d1 X:0007 Y:0000 S:01e6 D:0000 DB:00 nvMXdizC V: 32 H: 792 F:15
c01cc2 inx                    A:a2d1 X:0007 Y:0000 S:01e6 D:0000 DB:00 nvMXdizC V: 32 H: 824 F:15
c01cc3 bne $1cbf     [c01cbf] A:a2d1 X:0008 Y:0000 S:01e6 D:0000 DB:00 nvMXdizC V: 32 H: 836 F:15
c01cbf stz $0200,x   [000208] A:a2d1 X:0008 Y:0000 S:01e6 D:0000 DB:00 nvMXdizC V: 32 H: 854 F:15
c01cc2 inx                    A:a2d1 X:0008 Y:0000 S:01e6 D:0000 DB:00 nvMXdizC V: 32 H: 886 F:15
c01cc3 bne $1cbf     [c01cbf] A:a2d1 X:0009 Y:0000 S:01e6 D:0000 DB:00 nvMXdizC V: 32 H: 898 F:15
c01cbf stz $0200,x   [000209] A:a2d1 X:0009 Y:0000 S:01e6 D:0000 DB:00 nvMXdizC V: 32 H: 916 F:15
c01cc2 inx                    A:a2d1 X:0009 Y:0000 S:01e6 D:0000 DB:00 nvMXdizC V: 32 H: 948 F:15
c01cc3 bne $1cbf     [c01cbf] A:a2d1 X:000a Y:0000 S:01e6 D:0000 DB:00 nvMXdizC V: 32 H: 960 F:15
c01cbf stz $0200,x   [00020a] A:a2d1 X:000a Y:0000 S:01e6 D:0000 DB:00 nvMXdizC V: 32 H: 978 F:15
c01cc2 inx                    A:a2d1 X:000a Y:0000 S:01e6 D:0000 DB:00 nvMXdizC V: 32 H:1010 F:15
c01cc3 bne $1cbf     [c01cbf] A:a2d1 X:000b Y:0000 S:01e6 D:0000 DB:00 nvMXdizC V: 32 H:1022 F:15
c01cbf stz $0200,x   [00020b] A:a2d1 X:000b Y:0000 S:01e6 D:0000 DB:00 nvMXdizC V: 32 H:1040 F:15
c01cc2 inx                    A:a2d1 X:000b Y:0000 S:01e6 D:0000 DB:00 nvMXdizC V: 32 H:1072 F:15
c01cc3 bne $1cbf     [c01cbf] A:a2d1 X:000c Y:0000 S:01e6 D:0000 DB:00 nvMXdizC V: 32 H:1084 F:15
c01cbf stz $0200,x   [00020c] A:a2d1 X:000c Y:0000 S:01e6 D:0000 DB:00 nvMXdizC V: 32 H:1102 F:15
c01cc2 inx                    A:a2d1 X:000c Y:0000 S:01e6 D:0000 DB:00 nvMXdizC V: 32 H:1134 F:15
c01cc3 bne $1cbf     [c01cbf] A:a2d1 X:000d Y:0000 S:01e6 D:0000 DB:00 nvMXdizC V: 32 H:1146 F:15
c01cbf stz $0200,x   [00020d] A:a2d1 X:000d Y:0000 S:01e6 D:0000 DB:00 nvMXdizC V: 32 H:1164 F:15
c01cc2 inx                    A:a2d1 X:000d Y:0000 S:01e6 D:0000 DB:00 nvMXdizC V: 32 H:1196 F:15
c01cc3 bne $1cbf     [c01cbf] A:a2d1 X:000e Y:0000 S:01e6 D:0000 DB:00 nvMXdizC V: 32 H:1208 F:15
c01cbf stz $0200,x   [00020e] A:a2d1 X:000e Y:0000 S:01e6 D:0000 DB:00 nvMXdizC V: 32 H:1226 F:15
c01cc2 inx                    A:a2d1 X:000e Y:0000 S:01e6 D:0000 DB:00 nvMXdizC V: 32 H:1258 F:15
c01cc3 bne $1cbf     [c01cbf] A:a2d1 X:000f Y:0000 S:01e6 D:0000 DB:00 nvMXdizC V: 32 H:1270 F:15
c01cbf stz $0200,x   [00020f] A:a2d1 X:000f Y:0000 S:01e6 D:0000 DB:00 nvMXdizC V: 32 H:1288 F:15
c01cc2 inx                    A:a2d1 X:000f Y:0000 S:01e6 D:0000 DB:00 nvMXdizC V: 32 H:1320 F:15
c01cc3 bne $1cbf     [c01cbf] A:a2d1 X:0010 Y:0000 S:01e6 D:0000 DB:00 nvMXdizC V: 32 H:1332 F:15
c01cbf stz $0200,x   [000210] A:a2d1 X:0010 Y:0000 S:01e6 D:0000 DB:00 nvMXdizC V: 32 H:1350 F:15
c01cc2 inx                    A:a2d1 X:0010 Y:0000 S:01e6 D:0000 DB:00 nvMXdizC V: 33 H:  18 F:15
c01cc3 bne $1cbf     [c01cbf] A:a2d1 X:0011 Y:0000 S:01e6 D:0000 DB:00 nvMXdizC V: 33 H:  30 F:15
c01cbf stz $0200,x   [000211] A:a2d1 X:0011 Y:0000 S:01e6 D:0000 DB:00 nvMXdizC V: 33 H:  48 F:15
c01cc2 inx                    A:a2d1 X:0011 Y:0000 S:01e6 D:0000 DB:00 nvMXdizC V: 33 H:  80 F:15
c01cc3 bne $1cbf     [c01cbf] A:a2d1 X:0012 Y:0000 S:01e6 D:0000 DB:00 nvMXdizC V: 33 H:  92 F:15
c01cbf stz $0200,x   [000212] A:a2d1 X:0012 Y:0000 S:01e6 D:0000 DB:00 nvMXdizC V: 33 H: 110 F:15
c01cc2 inx                    A:a2d1 X:0012 Y:0000 S:01e6 D:0000 DB:00 nvMXdizC V: 33 H: 142 F:15
c01cc3 bne $1cbf     [c01cbf] A:a2d1 X:0013 Y:0000 S:01e6 D:0000 DB:00 nvMXdizC V: 33 H: 154 F:15
c01cbf stz $0200,x   [000213] A:a2d1 X:0013 Y:0000 S:01e6 D:0000 DB:00 nvMXdizC V: 33 H: 172 F:15
c01cc2 inx                    A:a2d1 X:0013 Y:0000 S:01e6 D:0000 DB:00 nvMXdizC V: 33 H: 204 F:15
c01cc3 bne $1cbf     [c01cbf] A:a2d1 X:0014 Y:0000 S:01e6 D:0000 DB:00 nvMXdizC V: 33 H: 216 F:15
c01cbf stz $0200,x   [000214] A:a2d1 X:0014 Y:0000 S:01e6 D:0000 DB:00 nvMXdizC V: 33 H: 234 F:15
c01cc2 inx                    A:a2d1 X:0014 Y:0000 S:01e6 D:0000 DB:00 nvMXdizC V: 33 H: 266 F:15
c01cc3 bne $1cbf     [c01cbf] A:a2d1 X:0015 Y:0000 S:01e6 D:0000 DB:00 nvMXdizC V: 33 H: 278 F:15
c01cbf stz $0200,x   [000215] A:a2d1 X:0015 Y:0000 S:01e6 D:0000 DB:00 nvMXdizC V: 33 H: 296 F:15
c01cc2 inx                    A:a2d1 X:0015 Y:0000 S:01e6 D:0000 DB:00 nvMXdizC V: 33 H: 328 F:15
c01cc3 bne $1cbf     [c01cbf] A:a2d1 X:0016 Y:0000 S:01e6 D:0000 DB:00 nvMXdizC V: 33 H: 340 F:15
c01cbf stz $0200,x   [000216] A:a2d1 X:0016 Y:0000 S:01e6 D:0000 DB:00 nvMXdizC V: 33 H: 358 F:15
c01cc2 inx                    A:a2d1 X:0016 Y:0000 S:01e6 D:0000 DB:00 nvMXdizC V: 33 H: 390 F:15
c01cc3 bne $1cbf     [c01cbf] A:a2d1 X:0017 Y:0000 S:01e6 D:0000 DB:00 nvMXdizC V: 33 H: 402 F:15
c01cbf stz $0200,x   [000217] A:a2d1 X:0017 Y:0000 S:01e6 D:0000 DB:00 nvMXdizC V: 33 H: 420 F:15
c01cc2 inx                    A:a2d1 X:0017 Y:0000 S:01e6 D:0000 DB:00 nvMXdizC V: 33 H: 452 F:15
c01cc3 bne $1cbf     [c01cbf] A:a2d1 X:0018 Y:0000 S:01e6 D:0000 DB:00 nvMXdizC V: 33 H: 464 F:15
c01cbf stz $0200,x   [000218] A:a2d1 X:0018 Y:0000 S:01e6 D:0000 DB:00 nvMXdizC V: 33 H: 482 F:15
c01cc2 inx                    A:a2d1 X:0018 Y:0000 S:01e6 D:0000 DB:00 nvMXdizC V: 33 H: 514 F:15
c01cc3 bne $1cbf     [c01cbf] A:a2d1 X:0019 Y:0000 S:01e6 D:0000 DB:00 nvMXdizC V: 33 H: 526 F:15
c01cbf stz $0200,x   [000219] A:a2d1 X:0019 Y:0000 S:01e6 D:0000 DB:00 nvMXdizC V: 33 H: 584 F:15
c01cc2 inx                    A:a2d1 X:0019 Y:0000 S:01e6 D:0000 DB:00 nvMXdizC V: 33 H: 616 F:15
c01cc3 bne $1cbf     [c01cbf] A:a2d1 X:001a Y:0000 S:01e6 D:0000 DB:00 nvMXdizC V: 33 H: 628 F:15
c01cbf stz $0200,x   [00021a] A:a2d1 X:001a Y:0000 S:01e6 D:0000 DB:00 nvMXdizC V: 33 H: 646 F:15
c01cc2 inx                    A:a2d1 X:001a Y:0000 S:01e6 D:0000 DB:00 nvMXdizC V: 33 H: 678 F:15
c01cc3 bne $1cbf     [c01cbf] A:a2d1 X:001b Y:0000 S:01e6 D:0000 DB:00 nvMXdizC V: 33 H: 690 F:15
c01cbf stz $0200,x   [00021b] A:a2d1 X:001b Y:0000 S:01e6 D:0000 DB:00 nvMXdizC V: 33 H: 708 F:15
c01cc2 inx                    A:a2d1 X:001b Y:0000 S:01e6 D:0000 DB:00 nvMXdizC V: 33 H: 740 F:15
c01cc3 bne $1cbf     [c01cbf] A:a2d1 X:001c Y:0000 S:01e6 D:0000 DB:00 nvMXdizC V: 33 H: 752 F:15
c01cbf stz $0200,x   [00021c] A:a2d1 X:001c Y:0000 S:01e6 D:0000 DB:00 nvMXdizC V: 33 H: 770 F:15
c01cc2 inx                    A:a2d1 X:001c Y:0000 S:01e6 D:0000 DB:00 nvMXdizC V: 33 H: 802 F:15
c01cc3 bne $1cbf     [c01cbf] A:a2d1 X:001d Y:0000 S:01e6 D:0000 DB:00 nvMXdizC V: 33 H: 814 F:15
c01cbf stz $0200,x   [00021d] A:a2d1 X:001d Y:0000 S:01e6 D:0000 DB:00 nvMXdizC V: 33 H: 832 F:15
c01cc2 inx                    A:a2d1 X:001d Y:0000 S:01e6 D:0000 DB:00 nvMXdizC V: 33 H: 864 F:15
c01cc3 bne $1cbf     [c01cbf] A:a2d1 X:001e Y:0000 S:01e6 D:0000 DB:00 nvMXdizC V: 33 H: 876 F:15
c01cbf stz $0200,x   [00021e] A:a2d1 X:001e Y:0000 S:01e6 D:0000 DB:00 nvMXdizC V: 33 H: 894 F:15
c01cc2 inx                    A:a2d1 X:001e Y:0000 S:01e6 D:0000 DB:00 nvMXdizC V: 33 H: 926 F:15
c01cc3 bne $1cbf     [c01cbf] A:a2d1 X:001f Y:0000 S:01e6 D:0000 DB:00 nvMXdizC V: 33 H: 938 F:15
c01cbf stz $0200,x   [00021f] A:a2d1 X:001f Y:0000 S:01e6 D:0000 DB:00 nvMXdizC V: 33 H: 956 F:15
c01cc2 inx                    A:a2d1 X:001f Y:0000 S:01e6 D:0000 DB:00 nvMXdizC V: 33 H: 988 F:15
c01cc3 bne $1cbf     [c01cbf] A:a2d1 X:0020 Y:0000 S:01e6 D:0000 DB:00 nvMXdizC V: 33 H:1000 F:15
c01cbf stz $0200,x   [000220] A:a2d1 X:0020 Y:0000 S:01e6 D:0000 DB:00 nvMXdizC V: 33 H:1018 F:15
c01cc2 inx                    A:a2d1 X:0020 Y:0000 S:01e6 D:0000 DB:00 nvMXdizC V: 33 H:1050 F:15
c01cc3 bne $1cbf     [c01cbf] A:a2d1 X:0021 Y:0000 S:01e6 D:0000 DB:00 nvMXdizC V: 33 H:1062 F:15
c01cbf stz $0200,x   [000221] A:a2d1 X:0021 Y:0000 S:01e6 D:0000 DB:00 nvMXdizC V: 33 H:1080 F:15
c01cc2 inx                    A:a2d1 X:0021 Y:0000 S:01e6 D:0000 DB:00 nvMXdizC V: 33 H:1112 F:15
c01cc3 bne $1cbf     [c01cbf] A:a2d1 X:0022 Y:0000 S:01e6 D:0000 DB:00 nvMXdizC V: 33 H:1124 F:15
c01cbf stz $0200,x   [000222] A:a2d1 X:0022 Y:0000 S:01e6 D:0000 DB:00 nvMXdizC V: 33 H:1142 F:15
c01cc2 inx                    A:a2d1 X:0022 Y:0000 S:01e6 D:0000 DB:00 nvMXdizC V: 33 H:1174 F:15
c01cc3 bne $1cbf     [c01cbf] A:a2d1 X:0023 Y:0000 S:01e6 D:0000 DB:00 nvMXdizC V: 33 H:1186 F:15
c01cbf stz $0200,x   [000223] A:a2d1 X:0023 Y:0000 S:01e6 D:0000 DB:00 nvMXdizC V: 33 H:1204 F:15
c01cc2 inx                    A:a2d1 X:0023 Y:0000 S:01e6 D:0000 DB:00 nvMXdizC V: 33 H:1236 F:15
c01cc3 bne $1cbf     [c01cbf] A:a2d1 X:0024 Y:0000 S:01e6 D:0000 DB:00 nvMXdizC V: 33 H:1248 F:15
c01cbf stz $0200,x   [000224] A:a2d1 X:0024 Y:0000 S:01e6 D:0000 DB:00 nvMXdizC V: 33 H:1266 F:15
c01cc2 inx                    A:a2d1 X:0024 Y:0000 S:01e6 D:0000 DB:00 nvMXdizC V: 33 H:1298 F:15
c01cc3 bne $1cbf     [c01cbf] A:a2d1 X:0025 Y:0000 S:01e6 D:0000 DB:00 nvMXdizC V: 33 H:1310 F:15
c01cbf stz $0200,x   [000225] A:a2d1 X:0025 Y:0000 S:01e6 D:0000 DB:00 nvMXdizC V: 33 H:1328 F:15
c01cc2 inx                    A:a2d1 X:0025 Y:0000 S:01e6 D:0000 DB:00 nvMXdizC V: 33 H:1360 F:15
c01cc3 bne $1cbf     [c01cbf] A:a2d1 X:0026 Y:0000 S:01e6 D:0000 DB:00 nvMXdizC V: 34 H:   8 F:15
c01cbf stz $0200,x   [000226] A:a2d1 X:0026 Y:0000 S:01e6 D:0000 DB:00 nvMXdizC V: 34 H:  26 F:15
c01cc2 inx                    A:a2d1 X:0026 Y:0000 S:01e6 D:0000 DB:00 nvMXdizC V: 34 H:  58 F:15
c01cc3 bne $1cbf     [c01cbf] A:a2d1 X:0027 Y:0000 S:01e6 D:0000 DB:00 nvMXdizC V: 34 H:  70 F:15
c01cbf stz $0200,x   [000227] A:a2d1 X:0027 Y:0000 S:01e6 D:0000 DB:00 nvMXdizC V: 34 H:  88 F:15
c01cc2 inx                    A:a2d1 X:0027 Y:0000 S:01e6 D:0000 DB:00 nvMXdizC V: 34 H: 120 F:15
c01cc3 bne $1cbf     [c01cbf] A:a2d1 X:0028 Y:0000 S:01e6 D:0000 DB:00 nvMXdizC V: 34 H: 132 F:15
c01cbf stz $0200,x   [000228] A:a2d1 X:0028 Y:0000 S:01e6 D:0000 DB:00 nvMXdizC V: 34 H: 150 F:15
c01cc2 inx                    A:a2d1 X:0028 Y:0000 S:01e6 D:0000 DB:00 nvMXdizC V: 34 H: 182 F:15
c01cc3 bne $1cbf     [c01cbf] A:a2d1 X:0029 Y:0000 S:01e6 D:0000 DB:00 nvMXdizC V: 34 H: 194 F:15
c01cbf stz $0200,x   [000229] A:a2d1 X:0029 Y:0000 S:01e6 D:0000 DB:00 nvMXdizC V: 34 H: 212 F:15
c01cc2 inx                    A:a2d1 X:0029 Y:0000 S:01e6 D:0000 DB:00 nvMXdizC V: 34 H: 244 F:15
c01cc3 bne $1cbf     [c01cbf] A:a2d1 X:002a Y:0000 S:01e6 D:0000 DB:00 nvMXdizC V: 34 H: 256 F:15
c01cbf stz $0200,x   [00022a] A:a2d1 X:002a Y:0000 S:01e6 D:0000 DB:00 nvMXdizC V: 34 H: 274 F:15
c01cc2 inx                    A:a2d1 X:002a Y:0000 S:01e6 D:0000 DB:00 nvMXdizC V: 34 H: 306 F:15
c01cc3 bne $1cbf     [c01cbf] A:a2d1 X:002b Y:0000 S:01e6 D:0000 DB:00 nvMXdizC V: 34 H: 318 F:15
c01cbf stz $0200,x   [00022b] A:a2d1 X:002b Y:0000 S:01e6 D:0000 DB:00 nvMXdizC V: 34 H: 336 F:15
c01cc2 inx                    A:a2d1 X:002b Y:0000 S:01e6 D:0000 DB:00 nvMXdizC V: 34 H: 368 F:15
c01cc3 bne $1cbf     [c01cbf] A:a2d1 X:002c Y:0000 S:01e6 D:0000 DB:00 nvMXdizC V: 34 H: 380 F:15
c01cbf stz $0200,x   [00022c] A:a2d1 X:002c Y:0000 S:01e6 D:0000 DB:00 nvMXdizC V: 34 H: 398 F:15
c01cc2 inx                    A:a2d1 X:002c Y:0000 S:01e6 D:0000 DB:00 nvMXdizC V: 34 H: 430 F:15
c01cc3 bne $1cbf     [c01cbf] A:a2d1 X:002d Y:0000 S:01e6 D:0000 DB:00 nvMXdizC V: 34 H: 442 F:15
c01cbf stz $0200,x   [00022d] A:a2d1 X:002d Y:0000 S:01e6 D:0000 DB:00 nvMXdizC V: 34 H: 460 F:15
c01cc2 inx                    A:a2d1 X:002d Y:0000 S:01e6 D:0000 DB:00 nvMXdizC V: 34 H: 492 F:15
c01cc3 bne $1cbf     [c01cbf] A:a2d1 X:002e Y:0000 S:01e6 D:0000 DB:00 nvMXdizC V: 34 H: 504 F:15
c01cbf stz $0200,x   [00022e] A:a2d1 X:002e Y:0000 S:01e6 D:0000 DB:00 nvMXdizC V: 34 H: 522 F:15
c01cc2 inx                    A:a2d1 X:002e Y:0000 S:01e6 D:0000 DB:00 nvMXdizC V: 34 H: 594 F:15
c01cc3 bne $1cbf     [c01cbf] A:a2d1 X:002f Y:0000 S:01e6 D:0000 DB:00 nvMXdizC V: 34 H: 606 F:15
c01cbf stz $0200,x   [00022f] A:a2d1 X:002f Y:0000 S:01e6 D:0000 DB:00 nvMXdizC V: 34 H: 624 F:15
c01cc2 inx                    A:a2d1 X:002f Y:0000 S:01e6 D:0000 DB:00 nvMXdizC V: 34 H: 656 F:15
c01cc3 bne $1cbf     [c01cbf] A:a2d1 X:0030 Y:0000 S:01e6 D:0000 DB:00 nvMXdizC V: 34 H: 668 F:15
c01cbf stz $0200,x   [000230] A:a2d1 X:0030 Y:0000 S:01e6 D:0000 DB:00 nvMXdizC V: 34 H: 686 F:15
c01cc2 inx                    A:a2d1 X:0030 Y:0000 S:01e6 D:0000 DB:00 nvMXdizC V: 34 H: 718 F:15
c01cc3 bne $1cbf     [c01cbf] A:a2d1 X:0031 Y:0000 S:01e6 D:0000 DB:00 nvMXdizC V: 34 H: 730 F:15
c01cbf stz $0200,x   [000231] A:a2d1 X:0031 Y:0000 S:01e6 D:0000 DB:00 nvMXdizC V: 34 H: 748 F:15
c01cc2 inx                    A:a2d1 X:0031 Y:0000 S:01e6 D:0000 DB:00 nvMXdizC V: 34 H: 780 F:15
c01cc3 bne $1cbf     [c01cbf] A:a2d1 X:0032 Y:0000 S:01e6 D:0000 DB:00 nvMXdizC V: 34 H: 792 F:15
c01cbf stz $0200,x   [000232] A:a2d1 X:0032 Y:0000 S:01e6 D:0000 DB:00 nvMXdizC V: 34 H: 810 F:15
c01cc2 inx                    A:a2d1 X:0032 Y:0000 S:01e6 D:0000 DB:00 nvMXdizC V: 34 H: 842 F:15
c01cc3 bne $1cbf     [c01cbf] A:a2d1 X:0033 Y:0000 S:01e6 D:0000 DB:00 nvMXdizC V: 34 H: 854 F:15
c01cbf stz $0200,x   [000233] A:a2d1 X:0033 Y:0000 S:01e6 D:0000 DB:00 nvMXdizC V: 34 H: 872 F:15
c01cc2 inx                    A:a2d1 X:0033 Y:0000 S:01e6 D:0000 DB:00 nvMXdizC V: 34 H: 904 F:15
c01cc3 bne $1cbf     [c01cbf] A:a2d1 X:0034 Y:0000 S:01e6 D:0000 DB:00 nvMXdizC V: 34 H: 916 F:15
c01cbf stz $0200,x   [000234] A:a2d1 X:0034 Y:0000 S:01e6 D:0000 DB:00 nvMXdizC V: 34 H: 934 F:15
c01cc2 inx                    A:a2d1 X:0034 Y:0000 S:01e6 D:0000 DB:00 nvMXdizC V: 34 H: 966 F:15
c01cc3 bne $1cbf     [c01cbf] A:a2d1 X:0035 Y:0000 S:01e6 D:0000 DB:00 nvMXdizC V: 34 H: 978 F:15
c01cbf stz $0200,x   [000235] A:a2d1 X:0035 Y:0000 S:01e6 D:0000 DB:00 nvMXdizC V: 34 H: 996 F:15
c01cc2 inx                    A:a2d1 X:0035 Y:0000 S:01e6 D:0000 DB:00 nvMXdizC V: 34 H:1028 F:15
c01cc3 bne $1cbf     [c01cbf] A:a2d1 X:0036 Y:0000 S:01e6 D:0000 DB:00 nvMXdizC V: 34 H:1040 F:15
c01cbf stz $0200,x   [000236] A:a2d1 X:0036 Y:0000 S:01e6 D:0000 DB:00 nvMXdizC V: 34 H:1058 F:15
c01cc2 inx                    A:a2d1 X:0036 Y:0000 S:01e6 D:0000 DB:00 nvMXdizC V: 34 H:1090 F:15
c01cc3 bne $1cbf     [c01cbf] A:a2d1 X:0037 Y:0000 S:01e6 D:0000 DB:00 nvMXdizC V: 34 H:1102 F:15
c01cbf stz $0200,x   [000237] A:a2d1 X:0037 Y:0000 S:01e6 D:0000 DB:00 nvMXdizC V: 34 H:1120 F:15
c01cc2 inx                    A:a2d1 X:0037 Y:0000 S:01e6 D:0000 DB:00 nvMXdizC V: 34 H:1152 F:15
c01cc3 bne $1cbf     [c01cbf] A:a2d1 X:0038 Y:0000 S:01e6 D:0000 DB:00 nvMXdizC V: 34 H:1164 F:15
c01cbf stz $0200,x   [000238] A:a2d1 X:0038 Y:0000 S:01e6 D:0000 DB:00 nvMXdizC V: 34 H:1182 F:15
c01cc2 inx                    A:a2d1 X:0038 Y:0000 S:01e6 D:0000 DB:00 nvMXdizC V: 34 H:1214 F:15
c01cc3 bne $1cbf     [c01cbf] A:a2d1 X:0039 Y:0000 S:01e6 D:0000 DB:00 nvMXdizC V: 34 H:1226 F:15
c01cbf stz $0200,x   [000239] A:a2d1 X:0039 Y:0000 S:01e6 D:0000 DB:00 nvMXdizC V: 34 H:1244 F:15
c01cc2 inx                    A:a2d1 X:0039 Y:0000 S:01e6 D:0000 DB:00 nvMXdizC V: 34 H:1276 F:15
c01cc3 bne $1cbf     [c01cbf] A:a2d1 X:003a Y:0000 S:01e6 D:0000 DB:00 nvMXdizC V: 34 H:1288 F:15
c01cbf stz $0200,x   [00023a] A:a2d1 X:003a Y:0000 S:01e6 D:0000 DB:00 nvMXdizC V: 34 H:1306 F:15
c01cc2 inx                    A:a2d1 X:003a Y:0000 S:01e6 D:0000 DB:00 nvMXdizC V: 34 H:1338 F:15
c01cc3 bne $1cbf     [c01cbf] A:a2d1 X:003b Y:0000 S:01e6 D:0000 DB:00 nvMXdizC V: 34 H:1350 F:15
c01cbf stz $0200,x   [00023b] A:a2d1 X:003b Y:0000 S:01e6 D:0000 DB:00 nvMXdizC V: 35 H:   4 F:15
c01cc2 inx                    A:a2d1 X:003b Y:0000 S:01e6 D:0000 DB:00 nvMXdizC V: 35 H:  36 F:15
c01cc3 bne $1cbf     [c01cbf] A:a2d1 X:003c Y:0000 S:01e6 D:0000 DB:00 nvMXdizC V: 35 H:  48 F:15
c01cbf stz $0200,x   [00023c] A:a2d1 X:003c Y:0000 S:01e6 D:0000 DB:00 nvMXdizC V: 35 H:  66 F:15
c01cc2 inx                    A:a2d1 X:003c Y:0000 S:01e6 D:0000 DB:00 nvMXdizC V: 35 H:  98 F:15
c01cc3 bne $1cbf     [c01cbf] A:a2d1 X:003d Y:0000 S:01e6 D:0000 DB:00 nvMXdizC V: 35 H: 110 F:15
c01cbf stz $0200,x   [00023d] A:a2d1 X:003d Y:0000 S:01e6 D:0000 DB:00 nvMXdizC V: 35 H: 128 F:15
c01cc2 inx                    A:a2d1 X:003d Y:0000 S:01e6 D:0000 DB:00 nvMXdizC V: 35 H: 160 F:15
c01cc3 bne $1cbf     [c01cbf] A:a2d1 X:003e Y:0000 S:01e6 D:0000 DB:00 nvMXdizC V: 35 H: 172 F:15
c01cbf stz $0200,x   [00023e] A:a2d1 X:003e Y:0000 S:01e6 D:0000 DB:00 nvMXdizC V: 35 H: 190 F:15
c01cc2 inx                    A:a2d1 X:003e Y:0000 S:01e6 D:0000 DB:00 nvMXdizC V: 35 H: 222 F:15
c01cc3 bne $1cbf     [c01cbf] A:a2d1 X:003f Y:0000 S:01e6 D:0000 DB:00 nvMXdizC V: 35 H: 234 F:15
c01cbf stz $0200,x   [00023f] A:a2d1 X:003f Y:0000 S:01e6 D:0000 DB:00 nvMXdizC V: 35 H: 252 F:15
c01cc2 inx                    A:a2d1 X:003f Y:0000 S:01e6 D:0000 DB:00 nvMXdizC V: 35 H: 284 F:15
c01cc3 bne $1cbf     [c01cbf] A:a2d1 X:0040 Y:0000 S:01e6 D:0000 DB:00 nvMXdizC V: 35 H: 296 F:15
c01cbf stz $0200,x   [000240] A:a2d1 X:0040 Y:0000 S:01e6 D:0000 DB:00 nvMXdizC V: 35 H: 314 F:15
c01cc2 inx                    A:a2d1 X:0040 Y:0000 S:01e6 D:0000 DB:00 nvMXdizC V: 35 H: 346 F:15
c01cc3 bne $1cbf     [c01cbf] A:a2d1 X:0041 Y:0000 S:01e6 D:0000 DB:00 nvMXdizC V: 35 H: 358 F:15
c01cbf stz $0200,x   [000241] A:a2d1 X:0041 Y:0000 S:01e6 D:0000 DB:00 nvMXdizC V: 35 H: 376 F:15
c01cc2 inx                    A:a2d1 X:0041 Y:0000 S:01e6 D:0000 DB:00 nvMXdizC V: 35 H: 408 F:15
c01cc3 bne $1cbf     [c01cbf] A:a2d1 X:0042 Y:0000 S:01e6 D:0000 DB:00 nvMXdizC V: 35 H: 420 F:15
c01cbf stz $0200,x   [000242] A:a2d1 X:0042 Y:0000 S:01e6 D:0000 DB:00 nvMXdizC V: 35 H: 438 F:15
c01cc2 inx                    A:a2d1 X:0042 Y:0000 S:01e6 D:0000 DB:00 nvMXdizC V: 35 H: 470 F:15
c01cc3 bne $1cbf     [c01cbf] A:a2d1 X:0043 Y:0000 S:01e6 D:0000 DB:00 nvMXdizC V: 35 H: 482 F:15
c01cbf stz $0200,x   [000243] A:a2d1 X:0043 Y:0000 S:01e6 D:0000 DB:00 nvMXdizC V: 35 H: 500 F:15
c01cc2 inx                    A:a2d1 X:0043 Y:0000 S:01e6 D:0000 DB:00 nvMXdizC V: 35 H: 532 F:15
c01cc3 bne $1cbf     [c01cbf] A:a2d1 X:0044 Y:0000 S:01e6 D:0000 DB:00 nvMXdizC V: 35 H: 584 F:15
c01cbf stz $0200,x   [000244] A:a2d1 X:0044 Y:0000 S:01e6 D:0000 DB:00 nvMXdizC V: 35 H: 602 F:15
c01cc2 inx                    A:a2d1 X:0044 Y:0000 S:01e6 D:0000 DB:00 nvMXdizC V: 35 H: 634 F:15
c01cc3 bne $1cbf     [c01cbf] A:a2d1 X:0045 Y:0000 S:01e6 D:0000 DB:00 nvMXdizC V: 35 H: 646 F:15
c01cbf stz $0200,x   [000245] A:a2d1 X:0045 Y:0000 S:01e6 D:0000 DB:00 nvMXdizC V: 35 H: 664 F:15
c01cc2 inx                    A:a2d1 X:0045 Y:0000 S:01e6 D:0000 DB:00 nvMXdizC V: 35 H: 696 F:15
c01cc3 bne $1cbf     [c01cbf] A:a2d1 X:0046 Y:0000 S:01e6 D:0000 DB:00 nvMXdizC V: 35 H: 708 F:15
c01cbf stz $0200,x   [000246] A:a2d1 X:0046 Y:0000 S:01e6 D:0000 DB:00 nvMXdizC V: 35 H: 726 F:15
c01cc2 inx                    A:a2d1 X:0046 Y:0000 S:01e6 D:0000 DB:00 nvMXdizC V: 35 H: 758 F:15
c01cc3 bne $1cbf     [c01cbf] A:a2d1 X:0047 Y:0000 S:01e6 D:0000 DB:00 nvMXdizC V: 35 H: 770 F:15
c01cbf stz $0200,x   [000247] A:a2d1 X:0047 Y:0000 S:01e6 D:0000 DB:00 nvMXdizC V: 35 H: 788 F:15
c01cc2 inx                    A:a2d1 X:0047 Y:0000 S:01e6 D:0000 DB:00 nvMXdizC V: 35 H: 820 F:15
c01cc3 bne $1cbf     [c01cbf] A:a2d1 X:0048 Y:0000 S:01e6 D:0000 DB:00 nvMXdizC V: 35 H: 832 F:15
c01cbf stz $0200,x   [000248] A:a2d1 X:0048 Y:0000 S:01e6 D:0000 DB:00 nvMXdizC V: 35 H: 850 F:15
c01cc2 inx                    A:a2d1 X:0048 Y:0000 S:01e6 D:0000 DB:00 nvMXdizC V: 35 H: 882 F:15
c01cc3 bne $1cbf     [c01cbf] A:a2d1 X:0049 Y:0000 S:01e6 D:0000 DB:00 nvMXdizC V: 35 H: 894 F:15
c01cbf stz $0200,x   [000249] A:a2d1 X:0049 Y:0000 S:01e6 D:0000 DB:00 nvMXdizC V: 35 H: 912 F:15
c01cc2 inx                    A:a2d1 X:0049 Y:0000 S:01e6 D:0000 DB:00 nvMXdizC V: 35 H: 944 F:15
c01cc3 bne $1cbf     [c01cbf] A:a2d1 X:004a Y:0000 S:01e6 D:0000 DB:00 nvMXdizC V: 35 H: 956 F:15
c01cbf stz $0200,x   [00024a] A:a2d1 X:004a Y:0000 S:01e6 D:0000 DB:00 nvMXdizC V: 35 H: 974 F:15
c01cc2 inx                    A:a2d1 X:004a Y:0000 S:01e6 D:0000 DB:00 nvMXdizC V: 35 H:1006 F:15
c01cc3 bne $1cbf     [c01cbf] A:a2d1 X:004b Y:0000 S:01e6 D:0000 DB:00 nvMXdizC V: 35 H:1018 F:15
c01cbf stz $0200,x   [00024b] A:a2d1 X:004b Y:0000 S:01e6 D:0000 DB:00 nvMXdizC V: 35 H:1036 F:15
c01cc2 inx                    A:a2d1 X:004b Y:0000 S:01e6 D:0000 DB:00 nvMXdizC V: 35 H:1068 F:15
c01cc3 bne $1cbf     [c01cbf] A:a2d1 X:004c Y:0000 S:01e6 D:0000 DB:00 nvMXdizC V: 35 H:1080 F:15
c01cbf stz $0200,x   [00024c] A:a2d1 X:004c Y:0000 S:01e6 D:0000 DB:00 nvMXdizC V: 35 H:1098 F:15
c01cc2 inx                    A:a2d1 X:004c Y:0000 S:01e6 D:0000 DB:00 nvMXdizC V: 35 H:1130 F:15
c01cc3 bne $1cbf     [c01cbf] A:a2d1 X:004d Y:0000 S:01e6 D:0000 DB:00 nvMXdizC V: 35 H:1142 F:15
c01cbf stz $0200,x   [00024d] A:a2d1 X:004d Y:0000 S:01e6 D:0000 DB:00 nvMXdizC V: 35 H:1160 F:15
c01cc2 inx                    A:a2d1 X:004d Y:0000 S:01e6 D:0000 DB:00 nvMXdizC V: 35 H:1192 F:15
c01cc3 bne $1cbf     [c01cbf] A:a2d1 X:004e Y:0000 S:01e6 D:0000 DB:00 nvMXdizC V: 35 H:1204 F:15
c01cbf stz $0200,x   [00024e] A:a2d1 X:004e Y:0000 S:01e6 D:0000 DB:00 nvMXdizC V: 35 H:1222 F:15
c01cc2 inx                    A:a2d1 X:004e Y:0000 S:01e6 D:0000 DB:00 nvMXdizC V: 35 H:1254 F:15
c01cc3 bne $1cbf     [c01cbf] A:a2d1 X:004f Y:0000 S:01e6 D:0000 DB:00 nvMXdizC V: 35 H:1266 F:15
c01cbf stz $0200,x   [00024f] A:a2d1 X:004f Y:0000 S:01e6 D:0000 DB:00 nvMXdizC V: 35 H:1284 F:15
c01cc2 inx                    A:a2d1 X:004f Y:0000 S:01e6 D:0000 DB:00 nvMXdizC V: 35 H:1316 F:15
c01cc3 bne $1cbf     [c01cbf] A:a2d1 X:0050 Y:0000 S:01e6 D:0000 DB:00 nvMXdizC V: 35 H:1328 F:15
c01cbf stz $0200,x   [000250] A:a2d1 X:0050 Y:0000 S:01e6 D:0000 DB:00 nvMXdizC V: 35 H:1346 F:15
c01cc2 inx                    A:a2d1 X:0050 Y:0000 S:01e6 D:0000 DB:00 nvMXdizC V: 36 H:  14 F:15
c01cc3 bne $1cbf     [c01cbf] A:a2d1 X:0051 Y:0000 S:01e6 D:0000 DB:00 nvMXdizC V: 36 H:  26 F:15
c01cbf stz $0200,x   [000251] A:a2d1 X:0051 Y:0000 S:01e6 D:0000 DB:00 nvMXdizC V: 36 H:  44 F:15
c01cc2 inx                    A:a2d1 X:0051 Y:0000 S:01e6 D:0000 DB:00 nvMXdizC V: 36 H:  76 F:15
c01cc3 bne $1cbf     [c01cbf] A:a2d1 X:0052 Y:0000 S:01e6 D:0000 DB:00 nvMXdizC V: 36 H:  88 F:15
c01cbf stz $0200,x   [000252] A:a2d1 X:0052 Y:0000 S:01e6 D:0000 DB:00 nvMXdizC V: 36 H: 106 F:15
c01cc2 inx                    A:a2d1 X:0052 Y:0000 S:01e6 D:0000 DB:00 nvMXdizC V: 36 H: 138 F:15
c01cc3 bne $1cbf     [c01cbf] A:a2d1 X:0053 Y:0000 S:01e6 D:0000 DB:00 nvMXdizC V: 36 H: 150 F:15
c01cbf stz $0200,x   [000253] A:a2d1 X:0053 Y:0000 S:01e6 D:0000 DB:00 nvMXdizC V: 36 H: 168 F:15
c01cc2 inx                    A:a2d1 X:0053 Y:0000 S:01e6 D:0000 DB:00 nvMXdizC V: 36 H: 200 F:15
c01cc3 bne $1cbf     [c01cbf] A:a2d1 X:0054 Y:0000 S:01e6 D:0000 DB:00 nvMXdizC V: 36 H: 212 F:15
c01cbf stz $0200,x   [000254] A:a2d1 X:0054 Y:0000 S:01e6 D:0000 DB:00 nvMXdizC V: 36 H: 230 F:15
c01cc2 inx                    A:a2d1 X:0054 Y:0000 S:01e6 D:0000 DB:00 nvMXdizC V: 36 H: 262 F:15
c01cc3 bne $1cbf     [c01cbf] A:a2d1 X:0055 Y:0000 S:01e6 D:0000 DB:00 nvMXdizC V: 36 H: 274 F:15
c01cbf stz $0200,x   [000255] A:a2d1 X:0055 Y:0000 S:01e6 D:0000 DB:00 nvMXdizC V: 36 H: 292 F:15
c01cc2 inx                    A:a2d1 X:0055 Y:0000 S:01e6 D:0000 DB:00 nvMXdizC V: 36 H: 324 F:15
c01cc3 bne $1cbf     [c01cbf] A:a2d1 X:0056 Y:0000 S:01e6 D:0000 DB:00 nvMXdizC V: 36 H: 336 F:15
c01cbf stz $0200,x   [000256] A:a2d1 X:0056 Y:0000 S:01e6 D:0000 DB:00 nvMXdizC V: 36 H: 354 F:15
c01cc2 inx                    A:a2d1 X:0056 Y:0000 S:01e6 D:0000 DB:00 nvMXdizC V: 36 H: 386 F:15
c01cc3 bne $1cbf     [c01cbf] A:a2d1 X:0057 Y:0000 S:01e6 D:0000 DB:00 nvMXdizC V: 36 H: 398 F:15
c01cbf stz $0200,x   [000257] A:a2d1 X:0057 Y:0000 S:01e6 D:0000 DB:00 nvMXdizC V: 36 H: 416 F:15
c01cc2 inx                    A:a2d1 X:0057 Y:0000 S:01e6 D:0000 DB:00 nvMXdizC V: 36 H: 448 F:15
c01cc3 bne $1cbf     [c01cbf] A:a2d1 X:0058 Y:0000 S:01e6 D:0000 DB:00 nvMXdizC V: 36 H: 460 F:15
c01cbf stz $0200,x   [000258] A:a2d1 X:0058 Y:0000 S:01e6 D:0000 DB:00 nvMXdizC V: 36 H: 478 F:15
c01cc2 inx                    A:a2d1 X:0058 Y:0000 S:01e6 D:0000 DB:00 nvMXdizC V: 36 H: 510 F:15
c01cc3 bne $1cbf     [c01cbf] A:a2d1 X:0059 Y:0000 S:01e6 D:0000 DB:00 nvMXdizC V: 36 H: 522 F:15
c01cbf stz $0200,x   [000259] A:a2d1 X:0059 Y:0000 S:01e6 D:0000 DB:00 nvMXdizC V: 36 H: 580 F:15
c01cc2 inx                    A:a2d1 X:0059 Y:0000 S:01e6 D:0000 DB:00 nvMXdizC V: 36 H: 612 F:15
c01cc3 bne $1cbf     [c01cbf] A:a2d1 X:005a Y:0000 S:01e6 D:0000 DB:00 nvMXdizC V: 36 H: 624 F:15
c01cbf stz $0200,x   [00025a] A:a2d1 X:005a Y:0000 S:01e6 D:0000 DB:00 nvMXdizC V: 36 H: 642 F:15
c01cc2 inx                    A:a2d1 X:005a Y:0000 S:01e6 D:0000 DB:00 nvMXdizC V: 36 H: 674 F:15
c01cc3 bne $1cbf     [c01cbf] A:a2d1 X:005b Y:0000 S:01e6 D:0000 DB:00 nvMXdizC V: 36 H: 686 F:15
c01cbf stz $0200,x   [00025b] A:a2d1 X:005b Y:0000 S:01e6 D:0000 DB:00 nvMXdizC V: 36 H: 704 F:15
c01cc2 inx                    A:a2d1 X:005b Y:0000 S:01e6 D:0000 DB:00 nvMXdizC V: 36 H: 736 F:15
c01cc3 bne $1cbf     [c01cbf] A:a2d1 X:005c Y:0000 S:01e6 D:0000 DB:00 nvMXdizC V: 36 H: 748 F:15
c01cbf stz $0200,x   [00025c] A:a2d1 X:005c Y:0000 S:01e6 D:0000 DB:00 nvMXdizC V: 36 H: 766 F:15
c01cc2 inx                    A:a2d1 X:005c Y:0000 S:01e6 D:0000 DB:00 nvMXdizC V: 36 H: 798 F:15
c01cc3 bne $1cbf     [c01cbf] A:a2d1 X:005d Y:0000 S:01e6 D:0000 DB:00 nvMXdizC V: 36 H: 810 F:15
c01cbf stz $0200,x   [00025d] A:a2d1 X:005d Y:0000 S:01e6 D:0000 DB:00 nvMXdizC V: 36 H: 828 F:15
c01cc2 inx                    A:a2d1 X:005d Y:0000 S:01e6 D:0000 DB:00 nvMXdizC V: 36 H: 860 F:15
c01cc3 bne $1cbf     [c01cbf] A:a2d1 X:005e Y:0000 S:01e6 D:0000 DB:00 nvMXdizC V: 36 H: 872 F:15
c01cbf stz $0200,x   [00025e] A:a2d1 X:005e Y:0000 S:01e6 D:0000 DB:00 nvMXdizC V: 36 H: 890 F:15
c01cc2 inx                    A:a2d1 X:005e Y:0000 S:01e6 D:0000 DB:00 nvMXdizC V: 36 H: 922 F:15
c01cc3 bne $1cbf     [c01cbf] A:a2d1 X:005f Y:0000 S:01e6 D:0000 DB:00 nvMXdizC V: 36 H: 934 F:15
c01cbf stz $0200,x   [00025f] A:a2d1 X:005f Y:0000 S:01e6 D:0000 DB:00 nvMXdizC V: 36 H: 952 F:15
c01cc2 inx                    A:a2d1 X:005f Y:0000 S:01e6 D:0000 DB:00 nvMXdizC V: 36 H: 984 F:15
c01cc3 bne $1cbf     [c01cbf] A:a2d1 X:0060 Y:0000 S:01e6 D:0000 DB:00 nvMXdizC V: 36 H: 996 F:15
c01cbf stz $0200,x   [000260] A:a2d1 X:0060 Y:0000 S:01e6 D:0000 DB:00 nvMXdizC V: 36 H:1014 F:15
c01cc2 inx                    A:a2d1 X:0060 Y:0000 S:01e6 D:0000 DB:00 nvMXdizC V: 36 H:1046 F:15
c01cc3 bne $1cbf     [c01cbf] A:a2d1 X:0061 Y:0000 S:01e6 D:0000 DB:00 nvMXdizC V: 36 H:1058 F:15
c01cbf stz $0200,x   [000261] A:a2d1 X:0061 Y:0000 S:01e6 D:0000 DB:00 nvMXdizC V: 36 H:1076 F:15
c01cc2 inx                    A:a2d1 X:0061 Y:0000 S:01e6 D:0000 DB:00 nvMXdizC V: 36 H:1108 F:15
c01cc3 bne $1cbf     [c01cbf] A:a2d1 X:0062 Y:0000 S:01e6 D:0000 DB:00 nvMXdizC V: 36 H:1120 F:15
c01cbf stz $0200,x   [000262] A:a2d1 X:0062 Y:0000 S:01e6 D:0000 DB:00 nvMXdizC V: 36 H:1138 F:15
c01cc2 inx                    A:a2d1 X:0062 Y:0000 S:01e6 D:0000 DB:00 nvMXdizC V: 36 H:1170 F:15
c01cc3 bne $1cbf     [c01cbf] A:a2d1 X:0063 Y:0000 S:01e6 D:0000 DB:00 nvMXdizC V: 36 H:1182 F:15
c01cbf stz $0200,x   [000263] A:a2d1 X:0063 Y:0000 S:01e6 D:0000 DB:00 nvMXdizC V: 36 H:1200 F:15
c01cc2 inx                    A:a2d1 X:0063 Y:0000 S:01e6 D:0000 DB:00 nvMXdizC V: 36 H:1232 F:15
c01cc3 bne $1cbf     [c01cbf] A:a2d1 X:0064 Y:0000 S:01e6 D:0000 DB:00 nvMXdizC V: 36 H:1244 F:15
c01cbf stz $0200,x   [000264] A:a2d1 X:0064 Y:0000 S:01e6 D:0000 DB:00 nvMXdizC V: 36 H:1262 F:15
c01cc2 inx                    A:a2d1 X:0064 Y:0000 S:01e6 D:0000 DB:00 nvMXdizC V: 36 H:1294 F:15
c01cc3 bne $1cbf     [c01cbf] A:a2d1 X:0065 Y:0000 S:01e6 D:0000 DB:00 nvMXdizC V: 36 H:1306 F:15
c01cbf stz $0200,x   [000265] A:a2d1 X:0065 Y:0000 S:01e6 D:0000 DB:00 nvMXdizC V: 36 H:1324 F:15
c01cc2 inx                    A:a2d1 X:0065 Y:0000 S:01e6 D:0000 DB:00 nvMXdizC V: 36 H:1356 F:15
c01cc3 bne $1cbf     [c01cbf] A:a2d1 X:0066 Y:0000 S:01e6 D:0000 DB:00 nvMXdizC V: 37 H:   4 F:15
c01cbf stz $0200,x   [000266] A:a2d1 X:0066 Y:0000 S:01e6 D:0000 DB:00 nvMXdizC V: 37 H:  22 F:15
c01cc2 inx                    A:a2d1 X:0066 Y:0000 S:01e6 D:0000 DB:00 nvMXdizC V: 37 H:  54 F:15
c01cc3 bne $1cbf     [c01cbf] A:a2d1 X:0067 Y:0000 S:01e6 D:0000 DB:00 nvMXdizC V: 37 H:  66 F:15
c01cbf stz $0200,x   [000267] A:a2d1 X:0067 Y:0000 S:01e6 D:0000 DB:00 nvMXdizC V: 37 H:  84 F:15
c01cc2 inx                    A:a2d1 X:0067 Y:0000 S:01e6 D:0000 DB:00 nvMXdizC V: 37 H: 116 F:15
c01cc3 bne $1cbf     [c01cbf] A:a2d1 X:0068 Y:0000 S:01e6 D:0000 DB:00 nvMXdizC V: 37 H: 128 F:15
c01cbf stz $0200,x   [000268] A:a2d1 X:0068 Y:0000 S:01e6 D:0000 DB:00 nvMXdizC V: 37 H: 146 F:15
c01cc2 inx                    A:a2d1 X:0068 Y:0000 S:01e6 D:0000 DB:00 nvMXdizC V: 37 H: 178 F:15
c01cc3 bne $1cbf     [c01cbf] A:a2d1 X:0069 Y:0000 S:01e6 D:0000 DB:00 nvMXdizC V: 37 H: 190 F:15
c01cbf stz $0200,x   [000269] A:a2d1 X:0069 Y:0000 S:01e6 D:0000 DB:00 nvMXdizC V: 37 H: 208 F:15
c01cc2 inx                    A:a2d1 X:0069 Y:0000 S:01e6 D:0000 DB:00 nvMXdizC V: 37 H: 240 F:15
c01cc3 bne $1cbf     [c01cbf] A:a2d1 X:006a Y:0000 S:01e6 D:0000 DB:00 nvMXdizC V: 37 H: 252 F:15
c01cbf stz $0200,x   [00026a] A:a2d1 X:006a Y:0000 S:01e6 D:0000 DB:00 nvMXdizC V: 37 H: 270 F:15
c01cc2 inx                    A:a2d1 X:006a Y:0000 S:01e6 D:0000 DB:00 nvMXdizC V: 37 H: 302 F:15
c01cc3 bne $1cbf     [c01cbf] A:a2d1 X:006b Y:0000 S:01e6 D:0000 DB:00 nvMXdizC V: 37 H: 314 F:15
c01cbf stz $0200,x   [00026b] A:a2d1 X:006b Y:0000 S:01e6 D:0000 DB:00 nvMXdizC V: 37 H: 332 F:15
c01cc2 inx                    A:a2d1 X:006b Y:0000 S:01e6 D:0000 DB:00 nvMXdizC V: 37 H: 364 F:15
c01cc3 bne $1cbf     [c01cbf] A:a2d1 X:006c Y:0000 S:01e6 D:0000 DB:00 nvMXdizC V: 37 H: 376 F:15
c01cbf stz $0200,x   [00026c] A:a2d1 X:006c Y:0000 S:01e6 D:0000 DB:00 nvMXdizC V: 37 H: 394 F:15
c01cc2 inx                    A:a2d1 X:006c Y:0000 S:01e6 D:0000 DB:00 nvMXdizC V: 37 H: 426 F:15
c01cc3 bne $1cbf     [c01cbf] A:a2d1 X:006d Y:0000 S:01e6 D:0000 DB:00 nvMXdizC V: 37 H: 438 F:15
c01cbf stz $0200,x   [00026d] A:a2d1 X:006d Y:0000 S:01e6 D:0000 DB:00 nvMXdizC V: 37 H: 456 F:15
c01cc2 inx                    A:a2d1 X:006d Y:0000 S:01e6 D:0000 DB:00 nvMXdizC V: 37 H: 488 F:15
c01cc3 bne $1cbf     [c01cbf] A:a2d1 X:006e Y:0000 S:01e6 D:0000 DB:00 nvMXdizC V: 37 H: 500 F:15
c01cbf stz $0200,x   [00026e] A:a2d1 X:006e Y:0000 S:01e6 D:0000 DB:00 nvMXdizC V: 37 H: 518 F:15
c01cc2 inx                    A:a2d1 X:006e Y:0000 S:01e6 D:0000 DB:00 nvMXdizC V: 37 H: 590 F:15
c01cc3 bne $1cbf     [c01cbf] A:a2d1 X:006f Y:0000 S:01e6 D:0000 DB:00 nvMXdizC V: 37 H: 602 F:15
c01cbf stz $0200,x   [00026f] A:a2d1 X:006f Y:0000 S:01e6 D:0000 DB:00 nvMXdizC V: 37 H: 620 F:15
c01cc2 inx                    A:a2d1 X:006f Y:0000 S:01e6 D:0000 DB:00 nvMXdizC V: 37 H: 652 F:15
c01cc3 bne $1cbf     [c01cbf] A:a2d1 X:0070 Y:0000 S:01e6 D:0000 DB:00 nvMXdizC V: 37 H: 664 F:15
c01cbf stz $0200,x   [000270] A:a2d1 X:0070 Y:0000 S:01e6 D:0000 DB:00 nvMXdizC V: 37 H: 682 F:15
c01cc2 inx                    A:a2d1 X:0070 Y:0000 S:01e6 D:0000 DB:00 nvMXdizC V: 37 H: 714 F:15
c01cc3 bne $1cbf     [c01cbf] A:a2d1 X:0071 Y:0000 S:01e6 D:0000 DB:00 nvMXdizC V: 37 H: 726 F:15
c01cbf stz $0200,x   [000271] A:a2d1 X:0071 Y:0000 S:01e6 D:0000 DB:00 nvMXdizC V: 37 H: 744 F:15
c01cc2 inx                    A:a2d1 X:0071 Y:0000 S:01e6 D:0000 DB:00 nvMXdizC V: 37 H: 776 F:15
c01cc3 bne $1cbf     [c01cbf] A:a2d1 X:0072 Y:0000 S:01e6 D:0000 DB:00 nvMXdizC V: 37 H: 788 F:15
c01cbf stz $0200,x   [000272] A:a2d1 X:0072 Y:0000 S:01e6 D:0000 DB:00 nvMXdizC V: 37 H: 806 F:15
c01cc2 inx                    A:a2d1 X:0072 Y:0000 S:01e6 D:0000 DB:00 nvMXdizC V: 37 H: 838 F:15
c01cc3 bne $1cbf     [c01cbf] A:a2d1 X:0073 Y:0000 S:01e6 D:0000 DB:00 nvMXdizC V: 37 H: 850 F:15
c01cbf stz $0200,x   [000273] A:a2d1 X:0073 Y:0000 S:01e6 D:0000 DB:00 nvMXdizC V: 37 H: 868 F:15
c01cc2 inx                    A:a2d1 X:0073 Y:0000 S:01e6 D:0000 DB:00 nvMXdizC V: 37 H: 900 F:15
c01cc3 bne $1cbf     [c01cbf] A:a2d1 X:0074 Y:0000 S:01e6 D:0000 DB:00 nvMXdizC V: 37 H: 912 F:15
c01cbf stz $0200,x   [000274] A:a2d1 X:0074 Y:0000 S:01e6 D:0000 DB:00 nvMXdizC V: 37 H: 930 F:15
c01cc2 inx                    A:a2d1 X:0074 Y:0000 S:01e6 D:0000 DB:00 nvMXdizC V: 37 H: 962 F:15
c01cc3 bne $1cbf     [c01cbf] A:a2d1 X:0075 Y:0000 S:01e6 D:0000 DB:00 nvMXdizC V: 37 H: 974 F:15
c01cbf stz $0200,x   [000275] A:a2d1 X:0075 Y:0000 S:01e6 D:0000 DB:00 nvMXdizC V: 37 H: 992 F:15
c01cc2 inx                    A:a2d1 X:0075 Y:0000 S:01e6 D:0000 DB:00 nvMXdizC V: 37 H:1024 F:15
c01cc3 bne $1cbf     [c01cbf] A:a2d1 X:0076 Y:0000 S:01e6 D:0000 DB:00 nvMXdizC V: 37 H:1036 F:15
c01cbf stz $0200,x   [000276] A:a2d1 X:0076 Y:0000 S:01e6 D:0000 DB:00 nvMXdizC V: 37 H:1054 F:15
c01cc2 inx                    A:a2d1 X:0076 Y:0000 S:01e6 D:0000 DB:00 nvMXdizC V: 37 H:1086 F:15
c01cc3 bne $1cbf     [c01cbf] A:a2d1 X:0077 Y:0000 S:01e6 D:0000 DB:00 nvMXdizC V: 37 H:1098 F:15
c01cbf stz $0200,x   [000277] A:a2d1 X:0077 Y:0000 S:01e6 D:0000 DB:00 nvMXdizC V: 37 H:1116 F:15
c01cc2 inx                    A:a2d1 X:0077 Y:0000 S:01e6 D:0000 DB:00 nvMXdizC V: 37 H:1148 F:15
c01cc3 bne $1cbf     [c01cbf] A:a2d1 X:0078 Y:0000 S:01e6 D:0000 DB:00 nvMXdizC V: 37 H:1160 F:15
c01cbf stz $0200,x   [000278] A:a2d1 X:0078 Y:0000 S:01e6 D:0000 DB:00 nvMXdizC V: 37 H:1178 F:15
c01cc2 inx                    A:a2d1 X:0078 Y:0000 S:01e6 D:0000 DB:00 nvMXdizC V: 37 H:1210 F:15
c01cc3 bne $1cbf     [c01cbf] A:a2d1 X:0079 Y:0000 S:01e6 D:0000 DB:00 nvMXdizC V: 37 H:1222 F:15
c01cbf stz $0200,x   [000279] A:a2d1 X:0079 Y:0000 S:01e6 D:0000 DB:00 nvMXdizC V: 37 H:1240 F:15
c01cc2 inx                    A:a2d1 X:0079 Y:0000 S:01e6 D:0000 DB:00 nvMXdizC V: 37 H:1272 F:15
c01cc3 bne $1cbf     [c01cbf] A:a2d1 X:007a Y:0000 S:01e6 D:0000 DB:00 nvMXdizC V: 37 H:1284 F:15
c01cbf stz $0200,x   [00027a] A:a2d1 X:007a Y:0000 S:01e6 D:0000 DB:00 nvMXdizC V: 37 H:1302 F:15
c01cc2 inx                    A:a2d1 X:007a Y:0000 S:01e6 D:0000 DB:00 nvMXdizC V: 37 H:1334 F:15
c01cc3 bne $1cbf     [c01cbf] A:a2d1 X:007b Y:0000 S:01e6 D:0000 DB:00 nvMXdizC V: 37 H:1346 F:15
c01cbf stz $0200,x   [00027b] A:a2d1 X:007b Y:0000 S:01e6 D:0000 DB:00 nvMXdizC V: 38 H:   0 F:15
c01cc2 inx                    A:a2d1 X:007b Y:0000 S:01e6 D:0000 DB:00 nvMXdizC V: 38 H:  32 F:15
c01cc3 bne $1cbf     [c01cbf] A:a2d1 X:007c Y:0000 S:01e6 D:0000 DB:00 nvMXdizC V: 38 H:  44 F:15
c01cbf stz $0200,x   [00027c] A:a2d1 X:007c Y:0000 S:01e6 D:0000 DB:00 nvMXdizC V: 38 H:  62 F:15
c01cc2 inx                    A:a2d1 X:007c Y:0000 S:01e6 D:0000 DB:00 nvMXdizC V: 38 H:  94 F:15
c01cc3 bne $1cbf     [c01cbf] A:a2d1 X:007d Y:0000 S:01e6 D:0000 DB:00 nvMXdizC V: 38 H: 106 F:15
c01cbf stz $0200,x   [00027d] A:a2d1 X:007d Y:0000 S:01e6 D:0000 DB:00 nvMXdizC V: 38 H: 124 F:15
c01cc2 inx                    A:a2d1 X:007d Y:0000 S:01e6 D:0000 DB:00 nvMXdizC V: 38 H: 156 F:15
c01cc3 bne $1cbf     [c01cbf] A:a2d1 X:007e Y:0000 S:01e6 D:0000 DB:00 nvMXdizC V: 38 H: 168 F:15
c01cbf stz $0200,x   [00027e] A:a2d1 X:007e Y:0000 S:01e6 D:0000 DB:00 nvMXdizC V: 38 H: 186 F:15
c01cc2 inx                    A:a2d1 X:007e Y:0000 S:01e6 D:0000 DB:00 nvMXdizC V: 38 H: 218 F:15
c01cc3 bne $1cbf     [c01cbf] A:a2d1 X:007f Y:0000 S:01e6 D:0000 DB:00 nvMXdizC V: 38 H: 230 F:15
c01cbf stz $0200,x   [00027f] A:a2d1 X:007f Y:0000 S:01e6 D:0000 DB:00 nvMXdizC V: 38 H: 248 F:15
c01cc2 inx                    A:a2d1 X:007f Y:0000 S:01e6 D:0000 DB:00 nvMXdizC V: 38 H: 280 F:15
c01cc3 bne $1cbf     [c01cbf] A:a2d1 X:0080 Y:0000 S:01e6 D:0000 DB:00 NvMXdizC V: 38 H: 292 F:15
c01cbf stz $0200,x   [000280] A:a2d1 X:0080 Y:0000 S:01e6 D:0000 DB:00 NvMXdizC V: 38 H: 310 F:15
c01cc2 inx                    A:a2d1 X:0080 Y:0000 S:01e6 D:0000 DB:00 NvMXdizC V: 38 H: 342 F:15
c01cc3 bne $1cbf     [c01cbf] A:a2d1 X:0081 Y:0000 S:01e6 D:0000 DB:00 NvMXdizC V: 38 H: 354 F:15
c01cbf stz $0200,x   [000281] A:a2d1 X:0081 Y:0000 S:01e6 D:0000 DB:00 NvMXdizC V: 38 H: 372 F:15
c01cc2 inx                    A:a2d1 X:0081 Y:0000 S:01e6 D:0000 DB:00 NvMXdizC V: 38 H: 404 F:15
c01cc3 bne $1cbf     [c01cbf] A:a2d1 X:0082 Y:0000 S:01e6 D:0000 DB:00 NvMXdizC V: 38 H: 416 F:15
c01cbf stz $0200,x   [000282] A:a2d1 X:0082 Y:0000 S:01e6 D:0000 DB:00 NvMXdizC V: 38 H: 434 F:15
c01cc2 inx                    A:a2d1 X:0082 Y:0000 S:01e6 D:0000 DB:00 NvMXdizC V: 38 H: 466 F:15
c01cc3 bne $1cbf     [c01cbf] A:a2d1 X:0083 Y:0000 S:01e6 D:0000 DB:00 NvMXdizC V: 38 H: 478 F:15
c01cbf stz $0200,x   [000283] A:a2d1 X:0083 Y:0000 S:01e6 D:0000 DB:00 NvMXdizC V: 38 H: 496 F:15
c01cc2 inx                    A:a2d1 X:0083 Y:0000 S:01e6 D:0000 DB:00 NvMXdizC V: 38 H: 528 F:15
c01cc3 bne $1cbf     [c01cbf] A:a2d1 X:0084 Y:0000 S:01e6 D:0000 DB:00 NvMXdizC V: 38 H: 580 F:15
c01cbf stz $0200,x   [000284] A:a2d1 X:0084 Y:0000 S:01e6 D:0000 DB:00 NvMXdizC V: 38 H: 598 F:15
c01cc2 inx                    A:a2d1 X:0084 Y:0000 S:01e6 D:0000 DB:00 NvMXdizC V: 38 H: 630 F:15
c01cc3 bne $1cbf     [c01cbf] A:a2d1 X:0085 Y:0000 S:01e6 D:0000 DB:00 NvMXdizC V: 38 H: 642 F:15
c01cbf stz $0200,x   [000285] A:a2d1 X:0085 Y:0000 S:01e6 D:0000 DB:00 NvMXdizC V: 38 H: 660 F:15
c01cc2 inx                    A:a2d1 X:0085 Y:0000 S:01e6 D:0000 DB:00 NvMXdizC V: 38 H: 692 F:15
c01cc3 bne $1cbf     [c01cbf] A:a2d1 X:0086 Y:0000 S:01e6 D:0000 DB:00 NvMXdizC V: 38 H: 704 F:15
c01cbf stz $0200,x   [000286] A:a2d1 X:0086 Y:0000 S:01e6 D:0000 DB:00 NvMXdizC V: 38 H: 722 F:15
c01cc2 inx                    A:a2d1 X:0086 Y:0000 S:01e6 D:0000 DB:00 NvMXdizC V: 38 H: 754 F:15
c01cc3 bne $1cbf     [c01cbf] A:a2d1 X:0087 Y:0000 S:01e6 D:0000 DB:00 NvMXdizC V: 38 H: 766 F:15
c01cbf stz $0200,x   [000287] A:a2d1 X:0087 Y:0000 S:01e6 D:0000 DB:00 NvMXdizC V: 38 H: 784 F:15
c01cc2 inx                    A:a2d1 X:0087 Y:0000 S:01e6 D:0000 DB:00 NvMXdizC V: 38 H: 816 F:15
c01cc3 bne $1cbf     [c01cbf] A:a2d1 X:0088 Y:0000 S:01e6 D:0000 DB:00 NvMXdizC V: 38 H: 828 F:15
c01cbf stz $0200,x   [000288] A:a2d1 X:0088 Y:0000 S:01e6 D:0000 DB:00 NvMXdizC V: 38 H: 846 F:15
c01cc2 inx                    A:a2d1 X:0088 Y:0000 S:01e6 D:0000 DB:00 NvMXdizC V: 38 H: 878 F:15
c01cc3 bne $1cbf     [c01cbf] A:a2d1 X:0089 Y:0000 S:01e6 D:0000 DB:00 NvMXdizC V: 38 H: 890 F:15
c01cbf stz $0200,x   [000289] A:a2d1 X:0089 Y:0000 S:01e6 D:0000 DB:00 NvMXdizC V: 38 H: 908 F:15
c01cc2 inx                    A:a2d1 X:0089 Y:0000 S:01e6 D:0000 DB:00 NvMXdizC V: 38 H: 940 F:15
c01cc3 bne $1cbf     [c01cbf] A:a2d1 X:008a Y:0000 S:01e6 D:0000 DB:00 NvMXdizC V: 38 H: 952 F:15
c01cbf stz $0200,x   [00028a] A:a2d1 X:008a Y:0000 S:01e6 D:0000 DB:00 NvMXdizC V: 38 H: 970 F:15
c01cc2 inx                    A:a2d1 X:008a Y:0000 S:01e6 D:0000 DB:00 NvMXdizC V: 38 H:1002 F:15
c01cc3 bne $1cbf     [c01cbf] A:a2d1 X:008b Y:0000 S:01e6 D:0000 DB:00 NvMXdizC V: 38 H:1014 F:15
c01cbf stz $0200,x   [00028b] A:a2d1 X:008b Y:0000 S:01e6 D:0000 DB:00 NvMXdizC V: 38 H:1032 F:15
c01cc2 inx                    A:a2d1 X:008b Y:0000 S:01e6 D:0000 DB:00 NvMXdizC V: 38 H:1064 F:15
c01cc3 bne $1cbf     [c01cbf] A:a2d1 X:008c Y:0000 S:01e6 D:0000 DB:00 NvMXdizC V: 38 H:1076 F:15
c01cbf stz $0200,x   [00028c] A:a2d1 X:008c Y:0000 S:01e6 D:0000 DB:00 NvMXdizC V: 38 H:1094 F:15
c01cc2 inx                    A:a2d1 X:008c Y:0000 S:01e6 D:0000 DB:00 NvMXdizC V: 38 H:1126 F:15
c01cc3 bne $1cbf     [c01cbf] A:a2d1 X:008d Y:0000 S:01e6 D:0000 DB:00 NvMXdizC V: 38 H:1138 F:15
c01cbf stz $0200,x   [00028d] A:a2d1 X:008d Y:0000 S:01e6 D:0000 DB:00 NvMXdizC V: 38 H:1156 F:15
c01cc2 inx                    A:a2d1 X:008d Y:0000 S:01e6 D:0000 DB:00 NvMXdizC V: 38 H:1188 F:15
c01cc3 bne $1cbf     [c01cbf] A:a2d1 X:008e Y:0000 S:01e6 D:0000 DB:00 NvMXdizC V: 38 H:1200 F:15
c01cbf stz $0200,x   [00028e] A:a2d1 X:008e Y:0000 S:01e6 D:0000 DB:00 NvMXdizC V: 38 H:1218 F:15
c01cc2 inx                    A:a2d1 X:008e Y:0000 S:01e6 D:0000 DB:00 NvMXdizC V: 38 H:1250 F:15
c01cc3 bne $1cbf     [c01cbf] A:a2d1 X:008f Y:0000 S:01e6 D:0000 DB:00 NvMXdizC V: 38 H:1262 F:15
c01cbf stz $0200,x   [00028f] A:a2d1 X:008f Y:0000 S:01e6 D:0000 DB:00 NvMXdizC V: 38 H:1280 F:15
c01cc2 inx                    A:a2d1 X:008f Y:0000 S:01e6 D:0000 DB:00 NvMXdizC V: 38 H:1312 F:15
c01cc3 bne $1cbf     [c01cbf] A:a2d1 X:0090 Y:0000 S:01e6 D:0000 DB:00 NvMXdizC V: 38 H:1324 F:15
c01cbf stz $0200,x   [000290] A:a2d1 X:0090 Y:0000 S:01e6 D:0000 DB:00 NvMXdizC V: 38 H:1342 F:15
c01cc2 inx                    A:a2d1 X:0090 Y:0000 S:01e6 D:0000 DB:00 NvMXdizC V: 39 H:  10 F:15
c01cc3 bne $1cbf     [c01cbf] A:a2d1 X:0091 Y:0000 S:01e6 D:0000 DB:00 NvMXdizC V: 39 H:  22 F:15
c01cbf stz $0200,x   [000291] A:a2d1 X:0091 Y:0000 S:01e6 D:0000 DB:00 NvMXdizC V: 39 H:  40 F:15
c01cc2 inx                    A:a2d1 X:0091 Y:0000 S:01e6 D:0000 DB:00 NvMXdizC V: 39 H:  72 F:15
c01cc3 bne $1cbf     [c01cbf] A:a2d1 X:0092 Y:0000 S:01e6 D:0000 DB:00 NvMXdizC V: 39 H:  84 F:15
c01cbf stz $0200,x   [000292] A:a2d1 X:0092 Y:0000 S:01e6 D:0000 DB:00 NvMXdizC V: 39 H: 102 F:15
c01cc2 inx                    A:a2d1 X:0092 Y:0000 S:01e6 D:0000 DB:00 NvMXdizC V: 39 H: 134 F:15
c01cc3 bne $1cbf     [c01cbf] A:a2d1 X:0093 Y:0000 S:01e6 D:0000 DB:00 NvMXdizC V: 39 H: 146 F:15
c01cbf stz $0200,x   [000293] A:a2d1 X:0093 Y:0000 S:01e6 D:0000 DB:00 NvMXdizC V: 39 H: 164 F:15
c01cc2 inx                    A:a2d1 X:0093 Y:0000 S:01e6 D:0000 DB:00 NvMXdizC V: 39 H: 196 F:15
c01cc3 bne $1cbf     [c01cbf] A:a2d1 X:0094 Y:0000 S:01e6 D:0000 DB:00 NvMXdizC V: 39 H: 208 F:15
c01cbf stz $0200,x   [000294] A:a2d1 X:0094 Y:0000 S:01e6 D:0000 DB:00 NvMXdizC V: 39 H: 226 F:15
c01cc2 inx                    A:a2d1 X:0094 Y:0000 S:01e6 D:0000 DB:00 NvMXdizC V: 39 H: 258 F:15
c01cc3 bne $1cbf     [c01cbf] A:a2d1 X:0095 Y:0000 S:01e6 D:0000 DB:00 NvMXdizC V: 39 H: 270 F:15
c01cbf stz $0200,x   [000295] A:a2d1 X:0095 Y:0000 S:01e6 D:0000 DB:00 NvMXdizC V: 39 H: 288 F:15
c01cc2 inx                    A:a2d1 X:0095 Y:0000 S:01e6 D:0000 DB:00 NvMXdizC V: 39 H: 320 F:15
c01cc3 bne $1cbf     [c01cbf] A:a2d1 X:0096 Y:0000 S:01e6 D:0000 DB:00 NvMXdizC V: 39 H: 332 F:15
c01cbf stz $0200,x   [000296] A:a2d1 X:0096 Y:0000 S:01e6 D:0000 DB:00 NvMXdizC V: 39 H: 350 F:15
c01cc2 inx                    A:a2d1 X:0096 Y:0000 S:01e6 D:0000 DB:00 NvMXdizC V: 39 H: 382 F:15
c01cc3 bne $1cbf     [c01cbf] A:a2d1 X:0097 Y:0000 S:01e6 D:0000 DB:00 NvMXdizC V: 39 H: 394 F:15
c01cbf stz $0200,x   [000297] A:a2d1 X:0097 Y:0000 S:01e6 D:0000 DB:00 NvMXdizC V: 39 H: 412 F:15
c01cc2 inx                    A:a2d1 X:0097 Y:0000 S:01e6 D:0000 DB:00 NvMXdizC V: 39 H: 444 F:15
c01cc3 bne $1cbf     [c01cbf] A:a2d1 X:0098 Y:0000 S:01e6 D:0000 DB:00 NvMXdizC V: 39 H: 456 F:15
c01cbf stz $0200,x   [000298] A:a2d1 X:0098 Y:0000 S:01e6 D:0000 DB:00 NvMXdizC V: 39 H: 474 F:15
c01cc2 inx                    A:a2d1 X:0098 Y:0000 S:01e6 D:0000 DB:00 NvMXdizC V: 39 H: 506 F:15
c01cc3 bne $1cbf     [c01cbf] A:a2d1 X:0099 Y:0000 S:01e6 D:0000 DB:00 NvMXdizC V: 39 H: 518 F:15
c01cbf stz $0200,x   [000299] A:a2d1 X:0099 Y:0000 S:01e6 D:0000 DB:00 NvMXdizC V: 39 H: 536 F:15
c01cc2 inx                    A:a2d1 X:0099 Y:0000 S:01e6 D:0000 DB:00 NvMXdizC V: 39 H: 608 F:15
c01cc3 bne $1cbf     [c01cbf] A:a2d1 X:009a Y:0000 S:01e6 D:0000 DB:00 NvMXdizC V: 39 H: 620 F:15
c01cbf stz $0200,x   [00029a] A:a2d1 X:009a Y:0000 S:01e6 D:0000 DB:00 NvMXdizC V: 39 H: 638 F:15
c01cc2 inx                    A:a2d1 X:009a Y:0000 S:01e6 D:0000 DB:00 NvMXdizC V: 39 H: 670 F:15
c01cc3 bne $1cbf     [c01cbf] A:a2d1 X:009b Y:0000 S:01e6 D:0000 DB:00 NvMXdizC V: 39 H: 682 F:15
c01cbf stz $0200,x   [00029b] A:a2d1 X:009b Y:0000 S:01e6 D:0000 DB:00 NvMXdizC V: 39 H: 700 F:15
c01cc2 inx                    A:a2d1 X:009b Y:0000 S:01e6 D:0000 DB:00 NvMXdizC V: 39 H: 732 F:15
c01cc3 bne $1cbf     [c01cbf] A:a2d1 X:009c Y:0000 S:01e6 D:0000 DB:00 NvMXdizC V: 39 H: 744 F:15
c01cbf stz $0200,x   [00029c] A:a2d1 X:009c Y:0000 S:01e6 D:0000 DB:00 NvMXdizC V: 39 H: 762 F:15
c01cc2 inx                    A:a2d1 X:009c Y:0000 S:01e6 D:0000 DB:00 NvMXdizC V: 39 H: 794 F:15
c01cc3 bne $1cbf     [c01cbf] A:a2d1 X:009d Y:0000 S:01e6 D:0000 DB:00 NvMXdizC V: 39 H: 806 F:15
c01cbf stz $0200,x   [00029d] A:a2d1 X:009d Y:0000 S:01e6 D:0000 DB:00 NvMXdizC V: 39 H: 824 F:15
c01cc2 inx                    A:a2d1 X:009d Y:0000 S:01e6 D:0000 DB:00 NvMXdizC V: 39 H: 856 F:15
c01cc3 bne $1cbf     [c01cbf] A:a2d1 X:009e Y:0000 S:01e6 D:0000 DB:00 NvMXdizC V: 39 H: 868 F:15
c01cbf stz $0200,x   [00029e] A:a2d1 X:009e Y:0000 S:01e6 D:0000 DB:00 NvMXdizC V: 39 H: 886 F:15
c01cc2 inx                    A:a2d1 X:009e Y:0000 S:01e6 D:0000 DB:00 NvMXdizC V: 39 H: 918 F:15
c01cc3 bne $1cbf     [c01cbf] A:a2d1 X:009f Y:0000 S:01e6 D:0000 DB:00 NvMXdizC V: 39 H: 930 F:15
c01cbf stz $0200,x   [00029f] A:a2d1 X:009f Y:0000 S:01e6 D:0000 DB:00 NvMXdizC V: 39 H: 948 F:15
c01cc2 inx                    A:a2d1 X:009f Y:0000 S:01e6 D:0000 DB:00 NvMXdizC V: 39 H: 980 F:15
c01cc3 bne $1cbf     [c01cbf] A:a2d1 X:00a0 Y:0000 S:01e6 D:0000 DB:00 NvMXdizC V: 39 H: 992 F:15
c01cbf stz $0200,x   [0002a0] A:a2d1 X:00a0 Y:0000 S:01e6 D:0000 DB:00 NvMXdizC V: 39 H:1010 F:15
c01cc2 inx                    A:a2d1 X:00a0 Y:0000 S:01e6 D:0000 DB:00 NvMXdizC V: 39 H:1042 F:15
c01cc3 bne $1cbf     [c01cbf] A:a2d1 X:00a1 Y:0000 S:01e6 D:0000 DB:00 NvMXdizC V: 39 H:1054 F:15
c01cbf stz $0200,x   [0002a1] A:a2d1 X:00a1 Y:0000 S:01e6 D:0000 DB:00 NvMXdizC V: 39 H:1072 F:15
c01cc2 inx                    A:a2d1 X:00a1 Y:0000 S:01e6 D:0000 DB:00 NvMXdizC V: 39 H:1104 F:15
c01cc3 bne $1cbf     [c01cbf] A:a2d1 X:00a2 Y:0000 S:01e6 D:0000 DB:00 NvMXdizC V: 39 H:1116 F:15
c01cbf stz $0200,x   [0002a2] A:a2d1 X:00a2 Y:0000 S:01e6 D:0000 DB:00 NvMXdizC V: 39 H:1134 F:15
c01cc2 inx                    A:a2d1 X:00a2 Y:0000 S:01e6 D:0000 DB:00 NvMXdizC V: 39 H:1166 F:15
c01cc3 bne $1cbf     [c01cbf] A:a2d1 X:00a3 Y:0000 S:01e6 D:0000 DB:00 NvMXdizC V: 39 H:1178 F:15
c01cbf stz $0200,x   [0002a3] A:a2d1 X:00a3 Y:0000 S:01e6 D:0000 DB:00 NvMXdizC V: 39 H:1196 F:15
c01cc2 inx                    A:a2d1 X:00a3 Y:0000 S:01e6 D:0000 DB:00 NvMXdizC V: 39 H:1228 F:15
c01cc3 bne $1cbf     [c01cbf] A:a2d1 X:00a4 Y:0000 S:01e6 D:0000 DB:00 NvMXdizC V: 39 H:1240 F:15
c01cbf stz $0200,x   [0002a4] A:a2d1 X:00a4 Y:0000 S:01e6 D:0000 DB:00 NvMXdizC V: 39 H:1258 F:15
c01cc2 inx                    A:a2d1 X:00a4 Y:0000 S:01e6 D:0000 DB:00 NvMXdizC V: 39 H:1290 F:15
c01cc3 bne $1cbf     [c01cbf] A:a2d1 X:00a5 Y:0000 S:01e6 D:0000 DB:00 NvMXdizC V: 39 H:1302 F:15
c01cbf stz $0200,x   [0002a5] A:a2d1 X:00a5 Y:0000 S:01e6 D:0000 DB:00 NvMXdizC V: 39 H:1320 F:15
c01cc2 inx                    A:a2d1 X:00a5 Y:0000 S:01e6 D:0000 DB:00 NvMXdizC V: 39 H:1352 F:15
c01cc3 bne $1cbf     [c01cbf] A:a2d1 X:00a6 Y:0000 S:01e6 D:0000 DB:00 NvMXdizC V: 40 H:   0 F:15
c01cbf stz $0200,x   [0002a6] A:a2d1 X:00a6 Y:0000 S:01e6 D:0000 DB:00 NvMXdizC V: 40 H:  18 F:15
c01cc2 inx                    A:a2d1 X:00a6 Y:0000 S:01e6 D:0000 DB:00 NvMXdizC V: 40 H:  50 F:15
c01cc3 bne $1cbf     [c01cbf] A:a2d1 X:00a7 Y:0000 S:01e6 D:0000 DB:00 NvMXdizC V: 40 H:  62 F:15
c01cbf stz $0200,x   [0002a7] A:a2d1 X:00a7 Y:0000 S:01e6 D:0000 DB:00 NvMXdizC V: 40 H:  80 F:15
c01cc2 inx                    A:a2d1 X:00a7 Y:0000 S:01e6 D:0000 DB:00 NvMXdizC V: 40 H: 112 F:15
c01cc3 bne $1cbf     [c01cbf] A:a2d1 X:00a8 Y:0000 S:01e6 D:0000 DB:00 NvMXdizC V: 40 H: 124 F:15
c01cbf stz $0200,x   [0002a8] A:a2d1 X:00a8 Y:0000 S:01e6 D:0000 DB:00 NvMXdizC V: 40 H: 142 F:15
c01cc2 inx                    A:a2d1 X:00a8 Y:0000 S:01e6 D:0000 DB:00 NvMXdizC V: 40 H: 174 F:15
c01cc3 bne $1cbf     [c01cbf] A:a2d1 X:00a9 Y:0000 S:01e6 D:0000 DB:00 NvMXdizC V: 40 H: 186 F:15
c01cbf stz $0200,x   [0002a9] A:a2d1 X:00a9 Y:0000 S:01e6 D:0000 DB:00 NvMXdizC V: 40 H: 204 F:15
c01cc2 inx                    A:a2d1 X:00a9 Y:0000 S:01e6 D:0000 DB:00 NvMXdizC V: 40 H: 236 F:15
c01cc3 bne $1cbf     [c01cbf] A:a2d1 X:00aa Y:0000 S:01e6 D:0000 DB:00 NvMXdizC V: 40 H: 248 F:15
c01cbf stz $0200,x   [0002aa] A:a2d1 X:00aa Y:0000 S:01e6 D:0000 DB:00 NvMXdizC V: 40 H: 266 F:15
c01cc2 inx                    A:a2d1 X:00aa Y:0000 S:01e6 D:0000 DB:00 NvMXdizC V: 40 H: 298 F:15
c01cc3 bne $1cbf     [c01cbf] A:a2d1 X:00ab Y:0000 S:01e6 D:0000 DB:00 NvMXdizC V: 40 H: 310 F:15
c01cbf stz $0200,x   [0002ab] A:a2d1 X:00ab Y:0000 S:01e6 D:0000 DB:00 NvMXdizC V: 40 H: 328 F:15
c01cc2 inx                    A:a2d1 X:00ab Y:0000 S:01e6 D:0000 DB:00 NvMXdizC V: 40 H: 360 F:15
c01cc3 bne $1cbf     [c01cbf] A:a2d1 X:00ac Y:0000 S:01e6 D:0000 DB:00 NvMXdizC V: 40 H: 372 F:15
c01cbf stz $0200,x   [0002ac] A:a2d1 X:00ac Y:0000 S:01e6 D:0000 DB:00 NvMXdizC V: 40 H: 390 F:15
c01cc2 inx                    A:a2d1 X:00ac Y:0000 S:01e6 D:0000 DB:00 NvMXdizC V: 40 H: 422 F:15
c01cc3 bne $1cbf     [c01cbf] A:a2d1 X:00ad Y:0000 S:01e6 D:0000 DB:00 NvMXdizC V: 40 H: 434 F:15
c01cbf stz $0200,x   [0002ad] A:a2d1 X:00ad Y:0000 S:01e6 D:0000 DB:00 NvMXdizC V: 40 H: 452 F:15
c01cc2 inx                    A:a2d1 X:00ad Y:0000 S:01e6 D:0000 DB:00 NvMXdizC V: 40 H: 484 F:15
c01cc3 bne $1cbf     [c01cbf] A:a2d1 X:00ae Y:0000 S:01e6 D:0000 DB:00 NvMXdizC V: 40 H: 496 F:15
c01cbf stz $0200,x   [0002ae] A:a2d1 X:00ae Y:0000 S:01e6 D:0000 DB:00 NvMXdizC V: 40 H: 514 F:15
c01cc2 inx                    A:a2d1 X:00ae Y:0000 S:01e6 D:0000 DB:00 NvMXdizC V: 40 H: 586 F:15
c01cc3 bne $1cbf     [c01cbf] A:a2d1 X:00af Y:0000 S:01e6 D:0000 DB:00 NvMXdizC V: 40 H: 598 F:15
c01cbf stz $0200,x   [0002af] A:a2d1 X:00af Y:0000 S:01e6 D:0000 DB:00 NvMXdizC V: 40 H: 616 F:15
c01cc2 inx                    A:a2d1 X:00af Y:0000 S:01e6 D:0000 DB:00 NvMXdizC V: 40 H: 648 F:15
c01cc3 bne $1cbf     [c01cbf] A:a2d1 X:00b0 Y:0000 S:01e6 D:0000 DB:00 NvMXdizC V: 40 H: 660 F:15
c01cbf stz $0200,x   [0002b0] A:a2d1 X:00b0 Y:0000 S:01e6 D:0000 DB:00 NvMXdizC V: 40 H: 678 F:15
c01cc2 inx                    A:a2d1 X:00b0 Y:0000 S:01e6 D:0000 DB:00 NvMXdizC V: 40 H: 710 F:15
c01cc3 bne $1cbf     [c01cbf] A:a2d1 X:00b1 Y:0000 S:01e6 D:0000 DB:00 NvMXdizC V: 40 H: 722 F:15
c01cbf stz $0200,x   [0002b1] A:a2d1 X:00b1 Y:0000 S:01e6 D:0000 DB:00 NvMXdizC V: 40 H: 740 F:15
c01cc2 inx                    A:a2d1 X:00b1 Y:0000 S:01e6 D:0000 DB:00 NvMXdizC V: 40 H: 772 F:15
c01cc3 bne $1cbf     [c01cbf] A:a2d1 X:00b2 Y:0000 S:01e6 D:0000 DB:00 NvMXdizC V: 40 H: 784 F:15
c01cbf stz $0200,x   [0002b2] A:a2d1 X:00b2 Y:0000 S:01e6 D:0000 DB:00 NvMXdizC V: 40 H: 802 F:15
c01cc2 inx                    A:a2d1 X:00b2 Y:0000 S:01e6 D:0000 DB:00 NvMXdizC V: 40 H: 834 F:15
c01cc3 bne $1cbf     [c01cbf] A:a2d1 X:00b3 Y:0000 S:01e6 D:0000 DB:00 NvMXdizC V: 40 H: 846 F:15
c01cbf stz $0200,x   [0002b3] A:a2d1 X:00b3 Y:0000 S:01e6 D:0000 DB:00 NvMXdizC V: 40 H: 864 F:15
c01cc2 inx                    A:a2d1 X:00b3 Y:0000 S:01e6 D:0000 DB:00 NvMXdizC V: 40 H: 896 F:15
c01cc3 bne $1cbf     [c01cbf] A:a2d1 X:00b4 Y:0000 S:01e6 D:0000 DB:00 NvMXdizC V: 40 H: 908 F:15
c01cbf stz $0200,x   [0002b4] A:a2d1 X:00b4 Y:0000 S:01e6 D:0000 DB:00 NvMXdizC V: 40 H: 926 F:15
c01cc2 inx                    A:a2d1 X:00b4 Y:0000 S:01e6 D:0000 DB:00 NvMXdizC V: 40 H: 958 F:15
c01cc3 bne $1cbf     [c01cbf] A:a2d1 X:00b5 Y:0000 S:01e6 D:0000 DB:00 NvMXdizC V: 40 H: 970 F:15
c01cbf stz $0200,x   [0002b5] A:a2d1 X:00b5 Y:0000 S:01e6 D:0000 DB:00 NvMXdizC V: 40 H: 988 F:15
c01cc2 inx                    A:a2d1 X:00b5 Y:0000 S:01e6 D:0000 DB:00 NvMXdizC V: 40 H:1020 F:15
c01cc3 bne $1cbf     [c01cbf] A:a2d1 X:00b6 Y:0000 S:01e6 D:0000 DB:00 NvMXdizC V: 40 H:1032 F:15
c01cbf stz $0200,x   [0002b6] A:a2d1 X:00b6 Y:0000 S:01e6 D:0000 DB:00 NvMXdizC V: 40 H:1050 F:15
c01cc2 inx                    A:a2d1 X:00b6 Y:0000 S:01e6 D:0000 DB:00 NvMXdizC V: 40 H:1082 F:15
c01cc3 bne $1cbf     [c01cbf] A:a2d1 X:00b7 Y:0000 S:01e6 D:0000 DB:00 NvMXdizC V: 40 H:1094 F:15
c01cbf stz $0200,x   [0002b7] A:a2d1 X:00b7 Y:0000 S:01e6 D:0000 DB:00 NvMXdizC V: 40 H:1112 F:15
c01cc2 inx                    A:a2d1 X:00b7 Y:0000 S:01e6 D:0000 DB:00 NvMXdizC V: 40 H:1144 F:15
c01cc3 bne $1cbf     [c01cbf] A:a2d1 X:00b8 Y:0000 S:01e6 D:0000 DB:00 NvMXdizC V: 40 H:1156 F:15
c01cbf stz $0200,x   [0002b8] A:a2d1 X:00b8 Y:0000 S:01e6 D:0000 DB:00 NvMXdizC V: 40 H:1174 F:15
c01cc2 inx                    A:a2d1 X:00b8 Y:0000 S:01e6 D:0000 DB:00 NvMXdizC V: 40 H:1206 F:15
c01cc3 bne $1cbf     [c01cbf] A:a2d1 X:00b9 Y:0000 S:01e6 D:0000 DB:00 NvMXdizC V: 40 H:1218 F:15
c01cbf stz $0200,x   [0002b9] A:a2d1 X:00b9 Y:0000 S:01e6 D:0000 DB:00 NvMXdizC V: 40 H:1236 F:15
c01cc2 inx                    A:a2d1 X:00b9 Y:0000 S:01e6 D:0000 DB:00 NvMXdizC V: 40 H:1268 F:15
c01cc3 bne $1cbf     [c01cbf] A:a2d1 X:00ba Y:0000 S:01e6 D:0000 DB:00 NvMXdizC V: 40 H:1280 F:15
c01cbf stz $0200,x   [0002ba] A:a2d1 X:00ba Y:0000 S:01e6 D:0000 DB:00 NvMXdizC V: 40 H:1298 F:15
c01cc2 inx                    A:a2d1 X:00ba Y:0000 S:01e6 D:0000 DB:00 NvMXdizC V: 40 H:1330 F:15
c01cc3 bne $1cbf     [c01cbf] A:a2d1 X:00bb Y:0000 S:01e6 D:0000 DB:00 NvMXdizC V: 40 H:1342 F:15
c01cbf stz $0200,x   [0002bb] A:a2d1 X:00bb Y:0000 S:01e6 D:0000 DB:00 NvMXdizC V: 40 H:1360 F:15
c01cc2 inx                    A:a2d1 X:00bb Y:0000 S:01e6 D:0000 DB:00 NvMXdizC V: 41 H:  28 F:15
c01cc3 bne $1cbf     [c01cbf] A:a2d1 X:00bc Y:0000 S:01e6 D:0000 DB:00 NvMXdizC V: 41 H:  40 F:15
c01cbf stz $0200,x   [0002bc] A:a2d1 X:00bc Y:0000 S:01e6 D:0000 DB:00 NvMXdizC V: 41 H:  58 F:15
c01cc2 inx                    A:a2d1 X:00bc Y:0000 S:01e6 D:0000 DB:00 NvMXdizC V: 41 H:  90 F:15
c01cc3 bne $1cbf     [c01cbf] A:a2d1 X:00bd Y:0000 S:01e6 D:0000 DB:00 NvMXdizC V: 41 H: 102 F:15
c01cbf stz $0200,x   [0002bd] A:a2d1 X:00bd Y:0000 S:01e6 D:0000 DB:00 NvMXdizC V: 41 H: 120 F:15
c01cc2 inx                    A:a2d1 X:00bd Y:0000 S:01e6 D:0000 DB:00 NvMXdizC V: 41 H: 152 F:15
c01cc3 bne $1cbf     [c01cbf] A:a2d1 X:00be Y:0000 S:01e6 D:0000 DB:00 NvMXdizC V: 41 H: 164 F:15
c01cbf stz $0200,x   [0002be] A:a2d1 X:00be Y:0000 S:01e6 D:0000 DB:00 NvMXdizC V: 41 H: 182 F:15
c01cc2 inx                    A:a2d1 X:00be Y:0000 S:01e6 D:0000 DB:00 NvMXdizC V: 41 H: 214 F:15
c01cc3 bne $1cbf     [c01cbf] A:a2d1 X:00bf Y:0000 S:01e6 D:0000 DB:00 NvMXdizC V: 41 H: 226 F:15
c01cbf stz $0200,x   [0002bf] A:a2d1 X:00bf Y:0000 S:01e6 D:0000 DB:00 NvMXdizC V: 41 H: 244 F:15
c01cc2 inx                    A:a2d1 X:00bf Y:0000 S:01e6 D:0000 DB:00 NvMXdizC V: 41 H: 276 F:15
c01cc3 bne $1cbf     [c01cbf] A:a2d1 X:00c0 Y:0000 S:01e6 D:0000 DB:00 NvMXdizC V: 41 H: 288 F:15
c01cbf stz $0200,x   [0002c0] A:a2d1 X:00c0 Y:0000 S:01e6 D:0000 DB:00 NvMXdizC V: 41 H: 306 F:15
c01cc2 inx                    A:a2d1 X:00c0 Y:0000 S:01e6 D:0000 DB:00 NvMXdizC V: 41 H: 338 F:15
c01cc3 bne $1cbf     [c01cbf] A:a2d1 X:00c1 Y:0000 S:01e6 D:0000 DB:00 NvMXdizC V: 41 H: 350 F:15
c01cbf stz $0200,x   [0002c1] A:a2d1 X:00c1 Y:0000 S:01e6 D:0000 DB:00 NvMXdizC V: 41 H: 368 F:15
c01cc2 inx                    A:a2d1 X:00c1 Y:0000 S:01e6 D:0000 DB:00 NvMXdizC V: 41 H: 400 F:15
c01cc3 bne $1cbf     [c01cbf] A:a2d1 X:00c2 Y:0000 S:01e6 D:0000 DB:00 NvMXdizC V: 41 H: 412 F:15
c01cbf stz $0200,x   [0002c2] A:a2d1 X:00c2 Y:0000 S:01e6 D:0000 DB:00 NvMXdizC V: 41 H: 430 F:15
c01cc2 inx                    A:a2d1 X:00c2 Y:0000 S:01e6 D:0000 DB:00 NvMXdizC V: 41 H: 462 F:15
c01cc3 bne $1cbf     [c01cbf] A:a2d1 X:00c3 Y:0000 S:01e6 D:0000 DB:00 NvMXdizC V: 41 H: 474 F:15
c01cbf stz $0200,x   [0002c3] A:a2d1 X:00c3 Y:0000 S:01e6 D:0000 DB:00 NvMXdizC V: 41 H: 492 F:15
c01cc2 inx                    A:a2d1 X:00c3 Y:0000 S:01e6 D:0000 DB:00 NvMXdizC V: 41 H: 524 F:15
c01cc3 bne $1cbf     [c01cbf] A:a2d1 X:00c4 Y:0000 S:01e6 D:0000 DB:00 NvMXdizC V: 41 H: 536 F:15
c01cbf stz $0200,x   [0002c4] A:a2d1 X:00c4 Y:0000 S:01e6 D:0000 DB:00 NvMXdizC V: 41 H: 594 F:15
c01cc2 inx                    A:a2d1 X:00c4 Y:0000 S:01e6 D:0000 DB:00 NvMXdizC V: 41 H: 626 F:15
c01cc3 bne $1cbf     [c01cbf] A:a2d1 X:00c5 Y:0000 S:01e6 D:0000 DB:00 NvMXdizC V: 41 H: 638 F:15
c01cbf stz $0200,x   [0002c5] A:a2d1 X:00c5 Y:0000 S:01e6 D:0000 DB:00 NvMXdizC V: 41 H: 656 F:15
c01cc2 inx                    A:a2d1 X:00c5 Y:0000 S:01e6 D:0000 DB:00 NvMXdizC V: 41 H: 688 F:15
c01cc3 bne $1cbf     [c01cbf] A:a2d1 X:00c6 Y:0000 S:01e6 D:0000 DB:00 NvMXdizC V: 41 H: 700 F:15
c01cbf stz $0200,x   [0002c6] A:a2d1 X:00c6 Y:0000 S:01e6 D:0000 DB:00 NvMXdizC V: 41 H: 718 F:15
c01cc2 inx                    A:a2d1 X:00c6 Y:0000 S:01e6 D:0000 DB:00 NvMXdizC V: 41 H: 750 F:15
c01cc3 bne $1cbf     [c01cbf] A:a2d1 X:00c7 Y:0000 S:01e6 D:0000 DB:00 NvMXdizC V: 41 H: 762 F:15
c01cbf stz $0200,x   [0002c7] A:a2d1 X:00c7 Y:0000 S:01e6 D:0000 DB:00 NvMXdizC V: 41 H: 780 F:15
c01cc2 inx                    A:a2d1 X:00c7 Y:0000 S:01e6 D:0000 DB:00 NvMXdizC V: 41 H: 812 F:15
c01cc3 bne $1cbf     [c01cbf] A:a2d1 X:00c8 Y:0000 S:01e6 D:0000 DB:00 NvMXdizC V: 41 H: 824 F:15
c01cbf stz $0200,x   [0002c8] A:a2d1 X:00c8 Y:0000 S:01e6 D:0000 DB:00 NvMXdizC V: 41 H: 842 F:15
c01cc2 inx                    A:a2d1 X:00c8 Y:0000 S:01e6 D:0000 DB:00 NvMXdizC V: 41 H: 874 F:15
c01cc3 bne $1cbf     [c01cbf] A:a2d1 X:00c9 Y:0000 S:01e6 D:0000 DB:00 NvMXdizC V: 41 H: 886 F:15
c01cbf stz $0200,x   [0002c9] A:a2d1 X:00c9 Y:0000 S:01e6 D:0000 DB:00 NvMXdizC V: 41 H: 904 F:15
c01cc2 inx                    A:a2d1 X:00c9 Y:0000 S:01e6 D:0000 DB:00 NvMXdizC V: 41 H: 936 F:15
c01cc3 bne $1cbf     [c01cbf] A:a2d1 X:00ca Y:0000 S:01e6 D:0000 DB:00 NvMXdizC V: 41 H: 948 F:15
c01cbf stz $0200,x   [0002ca] A:a2d1 X:00ca Y:0000 S:01e6 D:0000 DB:00 NvMXdizC V: 41 H: 966 F:15
c01cc2 inx                    A:a2d1 X:00ca Y:0000 S:01e6 D:0000 DB:00 NvMXdizC V: 41 H: 998 F:15
c01cc3 bne $1cbf     [c01cbf] A:a2d1 X:00cb Y:0000 S:01e6 D:0000 DB:00 NvMXdizC V: 41 H:1010 F:15
c01cbf stz $0200,x   [0002cb] A:a2d1 X:00cb Y:0000 S:01e6 D:0000 DB:00 NvMXdizC V: 41 H:1028 F:15
c01cc2 inx                    A:a2d1 X:00cb Y:0000 S:01e6 D:0000 DB:00 NvMXdizC V: 41 H:1060 F:15
c01cc3 bne $1cbf     [c01cbf] A:a2d1 X:00cc Y:0000 S:01e6 D:0000 DB:00 NvMXdizC V: 41 H:1072 F:15
c01cbf stz $0200,x   [0002cc] A:a2d1 X:00cc Y:0000 S:01e6 D:0000 DB:00 NvMXdizC V: 41 H:1090 F:15
c01cc2 inx                    A:a2d1 X:00cc Y:0000 S:01e6 D:0000 DB:00 NvMXdizC V: 41 H:1122 F:15
c01cc3 bne $1cbf     [c01cbf] A:a2d1 X:00cd Y:0000 S:01e6 D:0000 DB:00 NvMXdizC V: 41 H:1134 F:15
c01cbf stz $0200,x   [0002cd] A:a2d1 X:00cd Y:0000 S:01e6 D:0000 DB:00 NvMXdizC V: 41 H:1152 F:15
c01cc2 inx                    A:a2d1 X:00cd Y:0000 S:01e6 D:0000 DB:00 NvMXdizC V: 41 H:1184 F:15
c01cc3 bne $1cbf     [c01cbf] A:a2d1 X:00ce Y:0000 S:01e6 D:0000 DB:00 NvMXdizC V: 41 H:1196 F:15
c01cbf stz $0200,x   [0002ce] A:a2d1 X:00ce Y:0000 S:01e6 D:0000 DB:00 NvMXdizC V: 41 H:1214 F:15
c01cc2 inx                    A:a2d1 X:00ce Y:0000 S:01e6 D:0000 DB:00 NvMXdizC V: 41 H:1246 F:15
c01cc3 bne $1cbf     [c01cbf] A:a2d1 X:00cf Y:0000 S:01e6 D:0000 DB:00 NvMXdizC V: 41 H:1258 F:15
c01cbf stz $0200,x   [0002cf] A:a2d1 X:00cf Y:0000 S:01e6 D:0000 DB:00 NvMXdizC V: 41 H:1276 F:15
c01cc2 inx                    A:a2d1 X:00cf Y:0000 S:01e6 D:0000 DB:00 NvMXdizC V: 41 H:1308 F:15
c01cc3 bne $1cbf     [c01cbf] A:a2d1 X:00d0 Y:0000 S:01e6 D:0000 DB:00 NvMXdizC V: 41 H:1320 F:15
c01cbf stz $0200,x   [0002d0] A:a2d1 X:00d0 Y:0000 S:01e6 D:0000 DB:00 NvMXdizC V: 41 H:1338 F:15
c01cc2 inx                    A:a2d1 X:00d0 Y:0000 S:01e6 D:0000 DB:00 NvMXdizC V: 42 H:   6 F:15
c01cc3 bne $1cbf     [c01cbf] A:a2d1 X:00d1 Y:0000 S:01e6 D:0000 DB:00 NvMXdizC V: 42 H:  18 F:15
c01cbf stz $0200,x   [0002d1] A:a2d1 X:00d1 Y:0000 S:01e6 D:0000 DB:00 NvMXdizC V: 42 H:  36 F:15
c01cc2 inx                    A:a2d1 X:00d1 Y:0000 S:01e6 D:0000 DB:00 NvMXdizC V: 42 H:  68 F:15
c01cc3 bne $1cbf     [c01cbf] A:a2d1 X:00d2 Y:0000 S:01e6 D:0000 DB:00 NvMXdizC V: 42 H:  80 F:15
c01cbf stz $0200,x   [0002d2] A:a2d1 X:00d2 Y:0000 S:01e6 D:0000 DB:00 NvMXdizC V: 42 H:  98 F:15
c01cc2 inx                    A:a2d1 X:00d2 Y:0000 S:01e6 D:0000 DB:00 NvMXdizC V: 42 H: 130 F:15
c01cc3 bne $1cbf     [c01cbf] A:a2d1 X:00d3 Y:0000 S:01e6 D:0000 DB:00 NvMXdizC V: 42 H: 142 F:15
c01cbf stz $0200,x   [0002d3] A:a2d1 X:00d3 Y:0000 S:01e6 D:0000 DB:00 NvMXdizC V: 42 H: 160 F:15
c01cc2 inx                    A:a2d1 X:00d3 Y:0000 S:01e6 D:0000 DB:00 NvMXdizC V: 42 H: 192 F:15
c01cc3 bne $1cbf     [c01cbf] A:a2d1 X:00d4 Y:0000 S:01e6 D:0000 DB:00 NvMXdizC V: 42 H: 204 F:15
c01cbf stz $0200,x   [0002d4] A:a2d1 X:00d4 Y:0000 S:01e6 D:0000 DB:00 NvMXdizC V: 42 H: 222 F:15
c01cc2 inx                    A:a2d1 X:00d4 Y:0000 S:01e6 D:0000 DB:00 NvMXdizC V: 42 H: 254 F:15
c01cc3 bne $1cbf     [c01cbf] A:a2d1 X:00d5 Y:0000 S:01e6 D:0000 DB:00 NvMXdizC V: 42 H: 266 F:15
c01cbf stz $0200,x   [0002d5] A:a2d1 X:00d5 Y:0000 S:01e6 D:0000 DB:00 NvMXdizC V: 42 H: 284 F:15
c01cc2 inx                    A:a2d1 X:00d5 Y:0000 S:01e6 D:0000 DB:00 NvMXdizC V: 42 H: 316 F:15
c01cc3 bne $1cbf     [c01cbf] A:a2d1 X:00d6 Y:0000 S:01e6 D:0000 DB:00 NvMXdizC V: 42 H: 328 F:15
c01cbf stz $0200,x   [0002d6] A:a2d1 X:00d6 Y:0000 S:01e6 D:0000 DB:00 NvMXdizC V: 42 H: 346 F:15
c01cc2 inx                    A:a2d1 X:00d6 Y:0000 S:01e6 D:0000 DB:00 NvMXdizC V: 42 H: 378 F:15
c01cc3 bne $1cbf     [c01cbf] A:a2d1 X:00d7 Y:0000 S:01e6 D:0000 DB:00 NvMXdizC V: 42 H: 390 F:15
c01cbf stz $0200,x   [0002d7] A:a2d1 X:00d7 Y:0000 S:01e6 D:0000 DB:00 NvMXdizC V: 42 H: 408 F:15
c01cc2 inx                    A:a2d1 X:00d7 Y:0000 S:01e6 D:0000 DB:00 NvMXdizC V: 42 H: 440 F:15
c01cc3 bne $1cbf     [c01cbf] A:a2d1 X:00d8 Y:0000 S:01e6 D:0000 DB:00 NvMXdizC V: 42 H: 452 F:15
c01cbf stz $0200,x   [0002d8] A:a2d1 X:00d8 Y:0000 S:01e6 D:0000 DB:00 NvMXdizC V: 42 H: 470 F:15
c01cc2 inx                    A:a2d1 X:00d8 Y:0000 S:01e6 D:0000 DB:00 NvMXdizC V: 42 H: 502 F:15
c01cc3 bne $1cbf     [c01cbf] A:a2d1 X:00d9 Y:0000 S:01e6 D:0000 DB:00 NvMXdizC V: 42 H: 514 F:15
c01cbf stz $0200,x   [0002d9] A:a2d1 X:00d9 Y:0000 S:01e6 D:0000 DB:00 NvMXdizC V: 42 H: 532 F:15
c01cc2 inx                    A:a2d1 X:00d9 Y:0000 S:01e6 D:0000 DB:00 NvMXdizC V: 42 H: 604 F:15
c01cc3 bne $1cbf     [c01cbf] A:a2d1 X:00da Y:0000 S:01e6 D:0000 DB:00 NvMXdizC V: 42 H: 616 F:15
c01cbf stz $0200,x   [0002da] A:a2d1 X:00da Y:0000 S:01e6 D:0000 DB:00 NvMXdizC V: 42 H: 634 F:15
c01cc2 inx                    A:a2d1 X:00da Y:0000 S:01e6 D:0000 DB:00 NvMXdizC V: 42 H: 666 F:15
c01cc3 bne $1cbf     [c01cbf] A:a2d1 X:00db Y:0000 S:01e6 D:0000 DB:00 NvMXdizC V: 42 H: 678 F:15
c01cbf stz $0200,x   [0002db] A:a2d1 X:00db Y:0000 S:01e6 D:0000 DB:00 NvMXdizC V: 42 H: 696 F:15
c01cc2 inx                    A:a2d1 X:00db Y:0000 S:01e6 D:0000 DB:00 NvMXdizC V: 42 H: 728 F:15
c01cc3 bne $1cbf     [c01cbf] A:a2d1 X:00dc Y:0000 S:01e6 D:0000 DB:00 NvMXdizC V: 42 H: 740 F:15
c01cbf stz $0200,x   [0002dc] A:a2d1 X:00dc Y:0000 S:01e6 D:0000 DB:00 NvMXdizC V: 42 H: 758 F:15
c01cc2 inx                    A:a2d1 X:00dc Y:0000 S:01e6 D:0000 DB:00 NvMXdizC V: 42 H: 790 F:15
c01cc3 bne $1cbf     [c01cbf] A:a2d1 X:00dd Y:0000 S:01e6 D:0000 DB:00 NvMXdizC V: 42 H: 802 F:15
c01cbf stz $0200,x   [0002dd] A:a2d1 X:00dd Y:0000 S:01e6 D:0000 DB:00 NvMXdizC V: 42 H: 820 F:15
c01cc2 inx                    A:a2d1 X:00dd Y:0000 S:01e6 D:0000 DB:00 NvMXdizC V: 42 H: 852 F:15
c01cc3 bne $1cbf     [c01cbf] A:a2d1 X:00de Y:0000 S:01e6 D:0000 DB:00 NvMXdizC V: 42 H: 864 F:15
c01cbf stz $0200,x   [0002de] A:a2d1 X:00de Y:0000 S:01e6 D:0000 DB:00 NvMXdizC V: 42 H: 882 F:15
c01cc2 inx                    A:a2d1 X:00de Y:0000 S:01e6 D:0000 DB:00 NvMXdizC V: 42 H: 914 F:15
c01cc3 bne $1cbf     [c01cbf] A:a2d1 X:00df Y:0000 S:01e6 D:0000 DB:00 NvMXdizC V: 42 H: 926 F:15
c01cbf stz $0200,x   [0002df] A:a2d1 X:00df Y:0000 S:01e6 D:0000 DB:00 NvMXdizC V: 42 H: 944 F:15
c01cc2 inx                    A:a2d1 X:00df Y:0000 S:01e6 D:0000 DB:00 NvMXdizC V: 42 H: 976 F:15
c01cc3 bne $1cbf     [c01cbf] A:a2d1 X:00e0 Y:0000 S:01e6 D:0000 DB:00 NvMXdizC V: 42 H: 988 F:15
c01cbf stz $0200,x   [0002e0] A:a2d1 X:00e0 Y:0000 S:01e6 D:0000 DB:00 NvMXdizC V: 42 H:1006 F:15
c01cc2 inx                    A:a2d1 X:00e0 Y:0000 S:01e6 D:0000 DB:00 NvMXdizC V: 42 H:1038 F:15
c01cc3 bne $1cbf     [c01cbf] A:a2d1 X:00e1 Y:0000 S:01e6 D:0000 DB:00 NvMXdizC V: 42 H:1050 F:15
c01cbf stz $0200,x   [0002e1] A:a2d1 X:00e1 Y:0000 S:01e6 D:0000 DB:00 NvMXdizC V: 42 H:1068 F:15
c01cc2 inx                    A:a2d1 X:00e1 Y:0000 S:01e6 D:0000 DB:00 NvMXdizC V: 42 H:1100 F:15
c01cc3 bne $1cbf     [c01cbf] A:a2d1 X:00e2 Y:0000 S:01e6 D:0000 DB:00 NvMXdizC V: 42 H:1112 F:15
c01cbf stz $0200,x   [0002e2] A:a2d1 X:00e2 Y:0000 S:01e6 D:0000 DB:00 NvMXdizC V: 42 H:1130 F:15
c01cc2 inx                    A:a2d1 X:00e2 Y:0000 S:01e6 D:0000 DB:00 NvMXdizC V: 42 H:1162 F:15
c01cc3 bne $1cbf     [c01cbf] A:a2d1 X:00e3 Y:0000 S:01e6 D:0000 DB:00 NvMXdizC V: 42 H:1174 F:15
c01cbf stz $0200,x   [0002e3] A:a2d1 X:00e3 Y:0000 S:01e6 D:0000 DB:00 NvMXdizC V: 42 H:1192 F:15
c01cc2 inx                    A:a2d1 X:00e3 Y:0000 S:01e6 D:0000 DB:00 NvMXdizC V: 42 H:1224 F:15
c01cc3 bne $1cbf     [c01cbf] A:a2d1 X:00e4 Y:0000 S:01e6 D:0000 DB:00 NvMXdizC V: 42 H:1236 F:15
c01cbf stz $0200,x   [0002e4] A:a2d1 X:00e4 Y:0000 S:01e6 D:0000 DB:00 NvMXdizC V: 42 H:1254 F:15
c01cc2 inx                    A:a2d1 X:00e4 Y:0000 S:01e6 D:0000 DB:00 NvMXdizC V: 42 H:1286 F:15
c01cc3 bne $1cbf     [c01cbf] A:a2d1 X:00e5 Y:0000 S:01e6 D:0000 DB:00 NvMXdizC V: 42 H:1298 F:15
c01cbf stz $0200,x   [0002e5] A:a2d1 X:00e5 Y:0000 S:01e6 D:0000 DB:00 NvMXdizC V: 42 H:1316 F:15
c01cc2 inx                    A:a2d1 X:00e5 Y:0000 S:01e6 D:0000 DB:00 NvMXdizC V: 42 H:1348 F:15
c01cc3 bne $1cbf     [c01cbf] A:a2d1 X:00e6 Y:0000 S:01e6 D:0000 DB:00 NvMXdizC V: 42 H:1360 F:15
c01cbf stz $0200,x   [0002e6] A:a2d1 X:00e6 Y:0000 S:01e6 D:0000 DB:00 NvMXdizC V: 43 H:  14 F:15
c01cc2 inx                    A:a2d1 X:00e6 Y:0000 S:01e6 D:0000 DB:00 NvMXdizC V: 43 H:  46 F:15
c01cc3 bne $1cbf     [c01cbf] A:a2d1 X:00e7 Y:0000 S:01e6 D:0000 DB:00 NvMXdizC V: 43 H:  58 F:15
c01cbf stz $0200,x   [0002e7] A:a2d1 X:00e7 Y:0000 S:01e6 D:0000 DB:00 NvMXdizC V: 43 H:  76 F:15
c01cc2 inx                    A:a2d1 X:00e7 Y:0000 S:01e6 D:0000 DB:00 NvMXdizC V: 43 H: 108 F:15
c01cc3 bne $1cbf     [c01cbf] A:a2d1 X:00e8 Y:0000 S:01e6 D:0000 DB:00 NvMXdizC V: 43 H: 120 F:15
c01cbf stz $0200,x   [0002e8] A:a2d1 X:00e8 Y:0000 S:01e6 D:0000 DB:00 NvMXdizC V: 43 H: 138 F:15
c01cc2 inx                    A:a2d1 X:00e8 Y:0000 S:01e6 D:0000 DB:00 NvMXdizC V: 43 H: 170 F:15
c01cc3 bne $1cbf     [c01cbf] A:a2d1 X:00e9 Y:0000 S:01e6 D:0000 DB:00 NvMXdizC V: 43 H: 182 F:15
c01cbf stz $0200,x   [0002e9] A:a2d1 X:00e9 Y:0000 S:01e6 D:0000 DB:00 NvMXdizC V: 43 H: 200 F:15
c01cc2 inx                    A:a2d1 X:00e9 Y:0000 S:01e6 D:0000 DB:00 NvMXdizC V: 43 H: 232 F:15
c01cc3 bne $1cbf     [c01cbf] A:a2d1 X:00ea Y:0000 S:01e6 D:0000 DB:00 NvMXdizC V: 43 H: 244 F:15
c01cbf stz $0200,x   [0002ea] A:a2d1 X:00ea Y:0000 S:01e6 D:0000 DB:00 NvMXdizC V: 43 H: 262 F:15
c01cc2 inx                    A:a2d1 X:00ea Y:0000 S:01e6 D:0000 DB:00 NvMXdizC V: 43 H: 294 F:15
c01cc3 bne $1cbf     [c01cbf] A:a2d1 X:00eb Y:0000 S:01e6 D:0000 DB:00 NvMXdizC V: 43 H: 306 F:15
c01cbf stz $0200,x   [0002eb] A:a2d1 X:00eb Y:0000 S:01e6 D:0000 DB:00 NvMXdizC V: 43 H: 324 F:15
c01cc2 inx                    A:a2d1 X:00eb Y:0000 S:01e6 D:0000 DB:00 NvMXdizC V: 43 H: 356 F:15
c01cc3 bne $1cbf     [c01cbf] A:a2d1 X:00ec Y:0000 S:01e6 D:0000 DB:00 NvMXdizC V: 43 H: 368 F:15
c01cbf stz $0200,x   [0002ec] A:a2d1 X:00ec Y:0000 S:01e6 D:0000 DB:00 NvMXdizC V: 43 H: 386 F:15
c01cc2 inx                    A:a2d1 X:00ec Y:0000 S:01e6 D:0000 DB:00 NvMXdizC V: 43 H: 418 F:15
c01cc3 bne $1cbf     [c01cbf] A:a2d1 X:00ed Y:0000 S:01e6 D:0000 DB:00 NvMXdizC V: 43 H: 430 F:15
c01cbf stz $0200,x   [0002ed] A:a2d1 X:00ed Y:0000 S:01e6 D:0000 DB:00 NvMXdizC V: 43 H: 448 F:15
c01cc2 inx                    A:a2d1 X:00ed Y:0000 S:01e6 D:0000 DB:00 NvMXdizC V: 43 H: 480 F:15
c01cc3 bne $1cbf     [c01cbf] A:a2d1 X:00ee Y:0000 S:01e6 D:0000 DB:00 NvMXdizC V: 43 H: 492 F:15
c01cbf stz $0200,x   [0002ee] A:a2d1 X:00ee Y:0000 S:01e6 D:0000 DB:00 NvMXdizC V: 43 H: 510 F:15
c01cc2 inx                    A:a2d1 X:00ee Y:0000 S:01e6 D:0000 DB:00 NvMXdizC V: 43 H: 582 F:15
c01cc3 bne $1cbf     [c01cbf] A:a2d1 X:00ef Y:0000 S:01e6 D:0000 DB:00 NvMXdizC V: 43 H: 594 F:15
c01cbf stz $0200,x   [0002ef] A:a2d1 X:00ef Y:0000 S:01e6 D:0000 DB:00 NvMXdizC V: 43 H: 612 F:15
c01cc2 inx                    A:a2d1 X:00ef Y:0000 S:01e6 D:0000 DB:00 NvMXdizC V: 43 H: 644 F:15
c01cc3 bne $1cbf     [c01cbf] A:a2d1 X:00f0 Y:0000 S:01e6 D:0000 DB:00 NvMXdizC V: 43 H: 656 F:15
c01cbf stz $0200,x   [0002f0] A:a2d1 X:00f0 Y:0000 S:01e6 D:0000 DB:00 NvMXdizC V: 43 H: 674 F:15
c01cc2 inx                    A:a2d1 X:00f0 Y:0000 S:01e6 D:0000 DB:00 NvMXdizC V: 43 H: 706 F:15
c01cc3 bne $1cbf     [c01cbf] A:a2d1 X:00f1 Y:0000 S:01e6 D:0000 DB:00 NvMXdizC V: 43 H: 718 F:15
c01cbf stz $0200,x   [0002f1] A:a2d1 X:00f1 Y:0000 S:01e6 D:0000 DB:00 NvMXdizC V: 43 H: 736 F:15
c01cc2 inx                    A:a2d1 X:00f1 Y:0000 S:01e6 D:0000 DB:00 NvMXdizC V: 43 H: 768 F:15
c01cc3 bne $1cbf     [c01cbf] A:a2d1 X:00f2 Y:0000 S:01e6 D:0000 DB:00 NvMXdizC V: 43 H: 780 F:15
c01cbf stz $0200,x   [0002f2] A:a2d1 X:00f2 Y:0000 S:01e6 D:0000 DB:00 NvMXdizC V: 43 H: 798 F:15
c01cc2 inx                    A:a2d1 X:00f2 Y:0000 S:01e6 D:0000 DB:00 NvMXdizC V: 43 H: 830 F:15
c01cc3 bne $1cbf     [c01cbf] A:a2d1 X:00f3 Y:0000 S:01e6 D:0000 DB:00 NvMXdizC V: 43 H: 842 F:15
c01cbf stz $0200,x   [0002f3] A:a2d1 X:00f3 Y:0000 S:01e6 D:0000 DB:00 NvMXdizC V: 43 H: 860 F:15
c01cc2 inx                    A:a2d1 X:00f3 Y:0000 S:01e6 D:0000 DB:00 NvMXdizC V: 43 H: 892 F:15
c01cc3 bne $1cbf     [c01cbf] A:a2d1 X:00f4 Y:0000 S:01e6 D:0000 DB:00 NvMXdizC V: 43 H: 904 F:15
c01cbf stz $0200,x   [0002f4] A:a2d1 X:00f4 Y:0000 S:01e6 D:0000 DB:00 NvMXdizC V: 43 H: 922 F:15
c01cc2 inx                    A:a2d1 X:00f4 Y:0000 S:01e6 D:0000 DB:00 NvMXdizC V: 43 H: 954 F:15
c01cc3 bne $1cbf     [c01cbf] A:a2d1 X:00f5 Y:0000 S:01e6 D:0000 DB:00 NvMXdizC V: 43 H: 966 F:15
c01cbf stz $0200,x   [0002f5] A:a2d1 X:00f5 Y:0000 S:01e6 D:0000 DB:00 NvMXdizC V: 43 H: 984 F:15
c01cc2 inx                    A:a2d1 X:00f5 Y:0000 S:01e6 D:0000 DB:00 NvMXdizC V: 43 H:1016 F:15
c01cc3 bne $1cbf     [c01cbf] A:a2d1 X:00f6 Y:0000 S:01e6 D:0000 DB:00 NvMXdizC V: 43 H:1028 F:15
c01cbf stz $0200,x   [0002f6] A:a2d1 X:00f6 Y:0000 S:01e6 D:0000 DB:00 NvMXdizC V: 43 H:1046 F:15
c01cc2 inx                    A:a2d1 X:00f6 Y:0000 S:01e6 D:0000 DB:00 NvMXdizC V: 43 H:1078 F:15
c01cc3 bne $1cbf     [c01cbf] A:a2d1 X:00f7 Y:0000 S:01e6 D:0000 DB:00 NvMXdizC V: 43 H:1090 F:15
c01cbf stz $0200,x   [0002f7] A:a2d1 X:00f7 Y:0000 S:01e6 D:0000 DB:00 NvMXdizC V: 43 H:1108 F:15
c01cc2 inx                    A:a2d1 X:00f7 Y:0000 S:01e6 D:0000 DB:00 NvMXdizC V: 43 H:1140 F:15
c01cc3 bne $1cbf     [c01cbf] A:a2d1 X:00f8 Y:0000 S:01e6 D:0000 DB:00 NvMXdizC V: 43 H:1152 F:15
c01cbf stz $0200,x   [0002f8] A:a2d1 X:00f8 Y:0000 S:01e6 D:0000 DB:00 NvMXdizC V: 43 H:1170 F:15
c01cc2 inx                    A:a2d1 X:00f8 Y:0000 S:01e6 D:0000 DB:00 NvMXdizC V: 43 H:1202 F:15
c01cc3 bne $1cbf     [c01cbf] A:a2d1 X:00f9 Y:0000 S:01e6 D:0000 DB:00 NvMXdizC V: 43 H:1214 F:15
c01cbf stz $0200,x   [0002f9] A:a2d1 X:00f9 Y:0000 S:01e6 D:0000 DB:00 NvMXdizC V: 43 H:1232 F:15
c01cc2 inx                    A:a2d1 X:00f9 Y:0000 S:01e6 D:0000 DB:00 NvMXdizC V: 43 H:1264 F:15
c01cc3 bne $1cbf     [c01cbf] A:a2d1 X:00fa Y:0000 S:01e6 D:0000 DB:00 NvMXdizC V: 43 H:1276 F:15
c01cbf stz $0200,x   [0002fa] A:a2d1 X:00fa Y:0000 S:01e6 D:0000 DB:00 NvMXdizC V: 43 H:1294 F:15
c01cc2 inx                    A:a2d1 X:00fa Y:0000 S:01e6 D:0000 DB:00 NvMXdizC V: 43 H:1326 F:15
c01cc3 bne $1cbf     [c01cbf] A:a2d1 X:00fb Y:0000 S:01e6 D:0000 DB:00 NvMXdizC V: 43 H:1338 F:15
c01cbf stz $0200,x   [0002fb] A:a2d1 X:00fb Y:0000 S:01e6 D:0000 DB:00 NvMXdizC V: 43 H:1356 F:15
c01cc2 inx                    A:a2d1 X:00fb Y:0000 S:01e6 D:0000 DB:00 NvMXdizC V: 44 H:  24 F:15
c01cc3 bne $1cbf     [c01cbf] A:a2d1 X:00fc Y:0000 S:01e6 D:0000 DB:00 NvMXdizC V: 44 H:  36 F:15
c01cbf stz $0200,x   [0002fc] A:a2d1 X:00fc Y:0000 S:01e6 D:0000 DB:00 NvMXdizC V: 44 H:  54 F:15
c01cc2 inx                    A:a2d1 X:00fc Y:0000 S:01e6 D:0000 DB:00 NvMXdizC V: 44 H:  86 F:15
c01cc3 bne $1cbf     [c01cbf] A:a2d1 X:00fd Y:0000 S:01e6 D:0000 DB:00 NvMXdizC V: 44 H:  98 F:15
c01cbf stz $0200,x   [0002fd] A:a2d1 X:00fd Y:0000 S:01e6 D:0000 DB:00 NvMXdizC V: 44 H: 116 F:15
c01cc2 inx                    A:a2d1 X:00fd Y:0000 S:01e6 D:0000 DB:00 NvMXdizC V: 44 H: 148 F:15
c01cc3 bne $1cbf     [c01cbf] A:a2d1 X:00fe Y:0000 S:01e6 D:0000 DB:00 NvMXdizC V: 44 H: 160 F:15
c01cbf stz $0200,x   [0002fe] A:a2d1 X:00fe Y:0000 S:01e6 D:0000 DB:00 NvMXdizC V: 44 H: 178 F:15
c01cc2 inx                    A:a2d1 X:00fe Y:0000 S:01e6 D:0000 DB:00 NvMXdizC V: 44 H: 210 F:15
c01cc3 bne $1cbf     [c01cbf] A:a2d1 X:00ff Y:0000 S:01e6 D:0000 DB:00 NvMXdizC V: 44 H: 222 F:15
c01cbf stz $0200,x   [0002ff] A:a2d1 X:00ff Y:0000 S:01e6 D:0000 DB:00 NvMXdizC V: 44 H: 240 F:15
c01cc2 inx                    A:a2d1 X:00ff Y:0000 S:01e6 D:0000 DB:00 NvMXdizC V: 44 H: 272 F:15
c01cc3 bne $1cbf     [c01cbf] A:a2d1 X:0000 Y:0000 S:01e6 D:0000 DB:00 nvMXdiZC V: 44 H: 284 F:15
c01cc5 stz $66       [000066] A:a2d1 X:0000 Y:0000 S:01e6 D:0000 DB:00 nvMXdiZC V: 44 H: 296 F:15
c01cc7 jsr $1d45     [c01d45] A:a2d1 X:0000 Y:0000 S:01e6 D:0000 DB:00 nvMXdiZC V: 44 H: 316 F:15
c01d45 lda [$60]     [d1a220] A:a2d1 X:0000 Y:0000 S:01e4 D:0000 DB:00 nvMXdiZC V: 44 H: 356 F:15
c01d47 sta $64       [000064] A:a200 X:0000 Y:0000 S:01e4 D:0000 DB:00 nvMXdiZC V: 44 H: 398 F:15
c01d49 and #$1f               A:a200 X:0000 Y:0000 S:01e4 D:0000 DB:00 nvMXdiZC V: 44 H: 418 F:15
c01d4b inc                    A:a200 X:0000 Y:0000 S:01e4 D:0000 DB:00 nvMXdiZC V: 44 H: 430 F:15
c01d4c sta $65       [000065] A:a201 X:0000 Y:0000 S:01e4 D:0000 DB:00 nvMXdizC V: 44 H: 442 F:15
c01d4e lda $64       [000064] A:a201 X:0000 Y:0000 S:01e4 D:0000 DB:00 nvMXdizC V: 44 H: 462 F:15
c01d50 lsr a                  A:a200 X:0000 Y:0000 S:01e4 D:0000 DB:00 nvMXdiZC V: 44 H: 482 F:15
c01d51 lsr a                  A:a200 X:0000 Y:0000 S:01e4 D:0000 DB:00 nvMXdiZc V: 44 H: 494 F:15
c01d52 lsr a                  A:a200 X:0000 Y:0000 S:01e4 D:0000 DB:00 nvMXdiZc V: 44 H: 506 F:15
c01d53 lsr a                  A:a200 X:0000 Y:0000 S:01e4 D:0000 DB:00 nvMXdiZc V: 44 H: 518 F:15
c01d54 and #$0e               A:a200 X:0000 Y:0000 S:01e4 D:0000 DB:00 nvMXdiZc V: 44 H: 530 F:15
c01d56 sta $64       [000064] A:a200 X:0000 Y:0000 S:01e4 D:0000 DB:00 nvMXdiZc V: 44 H: 582 F:15
c01d58 inc $60       [000060] A:a200 X:0000 Y:0000 S:01e4 D:0000 DB:00 nvMXdiZc V: 44 H: 602 F:15
c01d5a bne $1d62     [c01d62] A:a200 X:0000 Y:0000 S:01e4 D:0000 DB:00 nvMXdizc V: 44 H: 636 F:15
c01d62 rts                    A:a200 X:0000 Y:0000 S:01e4 D:0000 DB:00 nvMXdizc V: 44 H: 654 F:15
c01cca plx                    A:a200 X:0000 Y:0000 S:01e6 D:0000 DB:00 nvMXdizc V: 44 H: 694 F:15
c01ccb rtl                    A:a200 X:0000 Y:0000 S:01e7 D:0000 DB:00 nvMXdiZc V: 44 H: 720 F:15
c00106 jsr $0135     [c00135] A:a200 X:0000 Y:0000 S:01ea D:0000 DB:00 nvMXdiZc V: 44 H: 762 F:15
c00135 lda $1d2a     [001d2a] A:a200 X:0000 Y:0000 S:01e8 D:0000 DB:00 nvMXdiZc V: 44 H: 802 F:15
c00138 pha                    A:a209 X:0000 Y:0000 S:01e8 D:0000 DB:00 nvMXdizc V: 44 H: 828 F:15
c00139 ldy $1d35     [001d35] A:a209 X:0000 Y:0000 S:01e7 D:0000 DB:00 nvMXdizc V: 44 H: 848 F:15
c0013c jsl $c008e0   [c008e0] A:a209 X:0000 Y:0002 S:01e7 D:0000 DB:00 nvMXdizc V: 44 H: 874 F:15
c008e0 lda $1d28     [001d28] A:a209 X:0000 Y:0002 S:01e4 D:0000 DB:00 nvMXdizc V: 44 H: 928 F:15
c008e3 sta $b1       [0000b1] A:a216 X:0000 Y:0002 S:01e4 D:0000 DB:00 nvMXdizc V: 44 H: 954 F:15
c008e5 lda $1d2a     [001d2a] A:a216 X:0000 Y:0002 S:01e4 D:0000 DB:00 nvMXdizc V: 44 H: 974 F:15
c008e8 sta $b3       [0000b3] A:a209 X:0000 Y:0002 S:01e4 D:0000 DB:00 nvMXdizc V: 44 H:1000 F:15
c008ea jsr $0906     [c00906] A:a209 X:0000 Y:0002 S:01e4 D:0000 DB:00 nvMXdizc V: 44 H:1020 F:15
c00906 phy                    A:a209 X:0000 Y:0002 S:01e2 D:0000 DB:00 nvMXdizc V: 44 H:1060 F:15
c00907 lda $0372     [000372] A:a209 X:0000 Y:0002 S:01e1 D:0000 DB:00 nvMXdizc V: 44 H:1080 F:15
c0090a beq $0915     [c00915] A:a200 X:0000 Y:0002 S:01e1 D:0000 DB:00 nvMXdiZc V: 44 H:1106 F:15
c00915 sta $b5       [0000b5] A:a200 X:0000 Y:0002 S:01e1 D:0000 DB:00 nvMXdiZc V: 44 H:1124 F:15
c00917 stz $b2       [0000b2] A:a200 X:0000 Y:0002 S:01e1 D:0000 DB:00 nvMXdiZc V: 44 H:1144 F:15
c00919 stz $b4       [0000b4] A:a200 X:0000 Y:0002 S:01e1 D:0000 DB:00 nvMXdiZc V: 44 H:1164 F:15
c0091b lda $b1       [0000b1] A:a200 X:0000 Y:0002 S:01e1 D:0000 DB:00 nvMXdiZc V: 44 H:1184 F:15
c0091d clc                    A:a216 X:0000 Y:0002 S:01e1 D:0000 DB:00 nvMXdizc V: 44 H:1204 F:15
c0091e adc $036c     [00036c] A:a216 X:0000 Y:0002 S:01e1 D:0000 DB:00 nvMXdizc V: 44 H:1216 F:15
c00921 and #$7f               A:a216 X:0000 Y:0002 S:01e1 D:0000 DB:00 nvMXdizc V: 44 H:1242 F:15
c00923 ldy $b5       [0000b5] A:a216 X:0000 Y:0002 S:01e1 D:0000 DB:00 nvMXdizc V: 44 H:1254 F:15
c00925 bne $0929     [c00929] A:a216 X:0000 Y:0000 S:01e1 D:0000 DB:00 nvMXdiZc V: 44 H:1274 F:15
c00927 and #$3f               A:a216 X:0000 Y:0000 S:01e1 D:0000 DB:00 nvMXdiZc V: 44 H:1286 F:15
c00929 sta $b1       [0000b1] A:a216 X:0000 Y:0000 S:01e1 D:0000 DB:00 nvMXdizc V: 44 H:1298 F:15
c0092b lda $b3       [0000b3] A:a216 X:0000 Y:0000 S:01e1 D:0000 DB:00 nvMXdizc V: 44 H:1318 F:15
c0092d clc                    A:a209 X:0000 Y:0000 S:01e1 D:0000 DB:00 nvMXdizc V: 44 H:1338 F:15
c0092e adc $036d     [00036d] A:a209 X:0000 Y:0000 S:01e1 D:0000 DB:00 nvMXdizc V: 44 H:1350 F:15
c00931 and #$7f               A:a209 X:0000 Y:0000 S:01e1 D:0000 DB:00 nvMXdizc V: 45 H:  12 F:15
c00933 ldy $b5       [0000b5] A:a209 X:0000 Y:0000 S:01e1 D:0000 DB:00 nvMXdizc V: 45 H:  24 F:15
c00935 bne $0939     [c00939] A:a209 X:0000 Y:0000 S:01e1 D:0000 DB:00 nvMXdiZc V: 45 H:  44 F:15
c00937 and #$1f               A:a209 X:0000 Y:0000 S:01e1 D:0000 DB:00 nvMXdiZc V: 45 H:  56 F:15
c00939 sta $b3       [0000b3] A:a209 X:0000 Y:0000 S:01e1 D:0000 DB:00 nvMXdizc V: 45 H:  68 F:15
c0093b rep #$20               A:a209 X:0000 Y:0000 S:01e1 D:0000 DB:00 nvMXdizc V: 45 H:  88 F:15
c0093d ldy $b5       [0000b5] A:a209 X:0000 Y:0000 S:01e1 D:0000 DB:00 nvmXdizc V: 45 H: 106 F:15
c0093f bne $0956     [c00956] A:a209 X:0000 Y:0000 S:01e1 D:0000 DB:00 nvmXdiZc V: 45 H: 126 F:15
c00941 lda $b1       [0000b1] A:a209 X:0000 Y:0000 S:01e1 D:0000 DB:00 nvmXdiZc V: 45 H: 138 F:15
c00943 and #$0020             A:0016 X:0000 Y:0000 S:01e1 D:0000 DB:00 nvmXdizc V: 45 H: 166 F:15
c00946 asl a                  A:0000 X:0000 Y:0000 S:01e1 D:0000 DB:00 nvmXdiZc V: 45 H: 184 F:15
c00947 asl a                  A:0000 X:0000 Y:0000 S:01e1 D:0000 DB:00 nvmXdiZc V: 45 H: 196 F:15
c00948 asl a                  A:0000 X:0000 Y:0000 S:01e1 D:0000 DB:00 nvmXdiZc V: 45 H: 208 F:15
c00949 asl a                  A:0000 X:0000 Y:0000 S:01e1 D:0000 DB:00 nvmXdiZc V: 45 H: 220 F:15
c0094a asl a                  A:0000 X:0000 Y:0000 S:01e1 D:0000 DB:00 nvmXdiZc V: 45 H: 232 F:15
c0094b sta $9f       [00009f] A:0000 X:0000 Y:0000 S:01e1 D:0000 DB:00 nvmXdiZc V: 45 H: 244 F:15
c0094d lda $b1       [0000b1] A:0000 X:0000 Y:0000 S:01e1 D:0000 DB:00 nvmXdiZc V: 45 H: 272 F:15
c0094f and #$001f             A:0016 X:0000 Y:0000 S:01e1 D:0000 DB:00 nvmXdizc V: 45 H: 300 F:15
c00952 ora $9f       [00009f] A:0016 X:0000 Y:0000 S:01e1 D:0000 DB:00 nvmXdizc V: 45 H: 318 F:15
c00954 sta $b1       [0000b1] A:0016 X:0000 Y:0000 S:01e1 D:0000 DB:00 nvmXdizc V: 45 H: 346 F:15
c00956 lda $b3       [0000b3] A:0016 X:0000 Y:0000 S:01e1 D:0000 DB:00 nvmXdizc V: 45 H: 374 F:15
c00958 asl a                  A:0009 X:0000 Y:0000 S:01e1 D:0000 DB:00 nvmXdizc V: 45 H: 402 F:15
c00959 asl a                  A:0012 X:0000 Y:0000 S:01e1 D:0000 DB:00 nvmXdizc V: 45 H: 414 F:15
c0095a asl a                  A:0024 X:0000 Y:0000 S:01e1 D:0000 DB:00 nvmXdizc V: 45 H: 426 F:15
c0095b asl a                  A:0048 X:0000 Y:0000 S:01e1 D:0000 DB:00 nvmXdizc V: 45 H: 438 F:15
c0095c asl a                  A:0090 X:0000 Y:0000 S:01e1 D:0000 DB:00 nvmXdizc V: 45 H: 450 F:15
c0095d ldy $b5       [0000b5] A:0120 X:0000 Y:0000 S:01e1 D:0000 DB:00 nvmXdizc V: 45 H: 462 F:15
c0095f beq $0963     [c00963] A:0120 X:0000 Y:0000 S:01e1 D:0000 DB:00 nvmXdiZc V: 45 H: 482 F:15
c00963 ora $b1       [0000b1] A:0120 X:0000 Y:0000 S:01e1 D:0000 DB:00 nvmXdiZc V: 45 H: 500 F:15
c00965 ldy $0372     [000372] A:0136 X:0000 Y:0000 S:01e1 D:0000 DB:00 nvmXdizc V: 45 H: 528 F:15
c00968 bne $096e     [c0096e] A:0136 X:0000 Y:0000 S:01e1 D:0000 DB:00 nvmXdiZc V: 45 H: 594 F:15
c0096a clc                    A:0136 X:0000 Y:0000 S:01e1 D:0000 DB:00 nvmXdiZc V: 45 H: 606 F:15
c0096b adc $036f     [00036f] A:0136 X:0000 Y:0000 S:01e1 D:0000 DB:00 nvmXdiZc V: 45 H: 618 F:15
c0096e sep #$20               A:3136 X:0000 Y:0000 S:01e1 D:0000 DB:00 nvmXdizc V: 45 H: 652 F:15
c00970 ply                    A:3136 X:0000 Y:0000 S:01e1 D:0000 DB:00 nvMXdizc V: 45 H: 670 F:15
c00971 rts                    A:3136 X:0000 Y:0002 S:01e2 D:0000 DB:00 nvMXdizc V: 45 H: 696 F:15
c008ed sta $08       [000008] A:3136 X:0000 Y:0002 S:01e4 D:0000 DB:00 nvMXdizc V: 45 H: 736 F:15
c008ef xba                    A:3136 X:0000 Y:0002 S:01e4 D:0000 DB:00 nvMXdizc V: 45 H: 756 F:15
c008f0 sta $09       [000009] A:3631 X:0000 Y:0002 S:01e4 D:0000 DB:00 nvMXdizc V: 45 H: 774 F:15
c008f2 rtl                    A:3631 X:0000 Y:0002 S:01e4 D:0000 DB:00 nvMXdizc V: 45 H: 794 F:15
c00140 rep #$20               A:3631 X:0000 Y:0002 S:01e7 D:0000 DB:00 nvMXdizc V: 45 H: 836 F:15
c00142 lda $08       [000008] A:3631 X:0000 Y:0002 S:01e7 D:0000 DB:00 nvmXdizc V: 45 H: 854 F:15
c00144 sta $ae       [0000ae] A:3136 X:0000 Y:0002 S:01e7 D:0000 DB:00 nvmXdizc V: 45 H: 882 F:15
c00146 sep #$20               A:3136 X:0000 Y:0002 S:01e7 D:0000 DB:00 nvmXdizc V: 45 H: 910 F:15
c00148 jsl $c00478   [c00478] A:3136 X:0000 Y:0002 S:01e7 D:0000 DB:00 nvMXdizc V: 45 H: 928 F:15
c00478 phx                    A:3136 X:0000 Y:0002 S:01e4 D:0000 DB:00 nvMXdizc V: 45 H: 982 F:15
c00479 rep #$30               A:3136 X:0000 Y:0002 S:01e3 D:0000 DB:00 nvMXdizc V: 45 H:1002 F:15
c0047b ldx $0357     [000357] A:3136 X:0000 Y:0002 S:01e3 D:0000 DB:00 nvmxdizc V: 45 H:1020 F:15
c0047e lda $ae       [0000ae] A:3136 X:3778 Y:0002 S:01e3 D:0000 DB:00 nvmxdizc V: 45 H:1054 F:15
c00480 sta $7e8004,x [7eb77c] A:3136 X:3778 Y:0002 S:01e3 D:0000 DB:00 nvmxdizc V: 45 H:1082 F:15
c00484 lda $0352     [000352] A:3136 X:3778 Y:0002 S:01e3 D:0000 DB:00 nvmxdizc V: 45 H:1122 F:15
c00487 sta $7e8000,x [7eb778] A:0080 X:3778 Y:0002 S:01e3 D:0000 DB:00 nvmxdizc V: 45 H:1156 F:15
c0048b txa                    A:0080 X:3778 Y:0002 S:01e3 D:0000 DB:00 nvmxdizc V: 45 H:1196 F:15
c0048c clc                    A:3778 X:3778 Y:0002 S:01e3 D:0000 DB:00 nvmxdizc V: 45 H:1208 F:15
c0048d adc #$0006             A:3778 X:3778 Y:0002 S:01e3 D:0000 DB:00 nvmxdizc V: 45 H:1220 F:15
c00490 sta $035b     [00035b] A:377e X:3778 Y:0002 S:01e3 D:0000 DB:00 nvmxdizc V: 45 H:1238 F:15
c00493 sep #$30               A:377e X:3778 Y:0002 S:01e3 D:0000 DB:00 nvmxdizc V: 45 H:1272 F:15
c00495 plx                    A:377e X:0078 Y:0002 S:01e3 D:0000 DB:00 nvMXdizc V: 45 H:1290 F:15
c00496 rtl                    A:377e X:0000 Y:0002 S:01e4 D:0000 DB:00 nvMXdiZc V: 45 H:1316 F:15
c0014c ldx $1d34     [001d34] A:377e X:0000 Y:0002 S:01e7 D:0000 DB:00 nvMXdiZc V: 45 H:1358 F:15
c0014f jsl $c01ccc   [c01ccc] A:377e X:0002 Y:0002 S:01e7 D:0000 DB:00 nvMXdizc V: 46 H:  20 F:15
c01ccc phx                    A:377e X:0002 Y:0002 S:01e4 D:0000 DB:00 nvMXdizc V: 46 H:  74 F:15
c01ccd ldx $64       [000064] A:377e X:0002 Y:0002 S:01e3 D:0000 DB:00 nvMXdizc V: 46 H:  94 F:15
c01ccf jsr ($1ce5,x) [c01ce5] A:377e X:0000 Y:0002 S:01e3 D:0000 DB:00 nvMXdiZc V: 46 H: 114 F:15
c01cf5 lda [$60]     [d1a221] A:377e X:0000 Y:0002 S:01e1 D:0000 DB:00 nvMXdiZc V: 46 H: 166 F:15
c01cf7 inc $60       [000060] A:3730 X:0000 Y:0002 S:01e1 D:0000 DB:00 nvMXdizc V: 46 H: 208 F:15
c01cf9 bne $1d01     [c01d01] A:3730 X:0000 Y:0002 S:01e1 D:0000 DB:00 nvMXdizc V: 46 H: 242 F:15
c01d01 rts                    A:3730 X:0000 Y:0002 S:01e1 D:0000 DB:00 nvMXdizc V: 46 H: 260 F:15
c01cd2 ldx $66       [000066] A:3730 X:0000 Y:0002 S:01e3 D:0000 DB:00 nvMXdizc V: 46 H: 300 F:15
c01cd4 sta $0200,x   [000200] A:3730 X:0000 Y:0002 S:01e3 D:0000 DB:00 nvMXdiZc V: 46 H: 320 F:15
c01cd7 inc $66       [000066] A:3730 X:0000 Y:0002 S:01e3 D:0000 DB:00 nvMXdiZc V: 46 H: 352 F:15
c01cd9 dec $65       [000065] A:3730 X:0000 Y:0002 S:01e3 D:0000 DB:00 nvMXdizc V: 46 H: 386 F:15
c01cdb bne $1ce0     [c01ce0] A:3730 X:0000 Y:0002 S:01e3 D:0000 DB:00 nvMXdiZc V: 46 H: 420 F:15
c01cdd jsr $1d45     [c01d45] A:3730 X:0000 Y:0002 S:01e3 D:0000 DB:00 nvMXdiZc V: 46 H: 432 F:15
c01d45 lda [$60]     [d1a222] A:3730 X:0000 Y:0002 S:01e1 D:0000 DB:00 nvMXdiZc V: 46 H: 472 F:15
c01d47 sta $64       [000064] A:3742 X:0000 Y:0002 S:01e1 D:0000 DB:00 nvMXdizc V: 46 H: 514 F:15
c01d49 and #$1f               A:3742 X:0000 Y:0002 S:01e1 D:0000 DB:00 nvMXdizc V: 46 H: 574 F:15
c01d4b inc                    A:3702 X:0000 Y:0002 S:01e1 D:0000 DB:00 nvMXdizc V: 46 H: 586 F:15
c01d4c sta $65       [000065] A:3703 X:0000 Y:0002 S:01e1 D:0000 DB:00 nvMXdizc V: 46 H: 598 F:15
c01d4e lda $64       [000064] A:3703 X:0000 Y:0002 S:01e1 D:0000 DB:00 nvMXdizc V: 46 H: 618 F:15
c01d50 lsr a                  A:3742 X:0000 Y:0002 S:01e1 D:0000 DB:00 nvMXdizc V: 46 H: 638 F:15
c01d51 lsr a                  A:3721 X:0000 Y:0002 S:01e1 D:0000 DB:00 nvMXdizc V: 46 H: 650 F:15
c01d52 lsr a                  A:3710 X:0000 Y:0002 S:01e1 D:0000 DB:00 nvMXdizC V: 46 H: 662 F:15
c01d53 lsr a                  A:3708 X:0000 Y:0002 S:01e1 D:0000 DB:00 nvMXdizc V: 46 H: 674 F:15
c01d54 and #$0e               A:3704 X:0000 Y:0002 S:01e1 D:0000 DB:00 nvMXdizc V: 46 H: 686 F:15
c01d56 sta $64       [000064] A:3704 X:0000 Y:0002 S:01e1 D:0000 DB:00 nvMXdizc V: 46 H: 698 F:15
c01d58 inc $60       [000060] A:3704 X:0000 Y:0002 S:01e1 D:0000 DB:00 nvMXdizc V: 46 H: 718 F:15
c01d5a bne $1d62     [c01d62] A:3704 X:0000 Y:0002 S:01e1 D:0000 DB:00 nvMXdizc V: 46 H: 752 F:15
c01d62 rts                    A:3704 X:0000 Y:0002 S:01e1 D:0000 DB:00 nvMXdizc V: 46 H: 770 F:15
c01ce0 lda $0200,x   [000200] A:3704 X:0000 Y:0002 S:01e3 D:0000 DB:00 nvMXdizc V: 46 H: 810 F:15
c01ce3 plx                    A:3730 X:0000 Y:0002 S:01e3 D:0000 DB:00 nvMXdizc V: 46 H: 836 F:15
c01ce4 rtl                    A:3730 X:0002 Y:0002 S:01e4 D:0000 DB:00 nvMXdizc V: 46 H: 862 F:15
c00153 sta $a5       [0000a5] A:3730 X:0002 Y:0002 S:01e7 D:0000 DB:00 nvMXdizc V: 46 H: 904 F:15
c00155 jsl $c01ccc   [c01ccc] A:3730 X:0002 Y:0002 S:01e7 D:0000 DB:00 nvMXdizc V: 46 H: 924 F:15
c01ccc phx                    A:3730 X:0002 Y:0002 S:01e4 D:0000 DB:00 nvMXdizc V: 46 H: 978 F:15
c01ccd ldx $64       [000064] A:3730 X:0002 Y:0002 S:01e3 D:0000 DB:00 nvMXdizc V: 46 H: 998 F:15
c01ccf jsr ($1ce5,x) [c01ce9] A:3730 X:0004 Y:0002 S:01e3 D:0000 DB:00 nvMXdizc V: 46 H:1018 F:15
c01d0a ldx $66       [000066] A:3730 X:0004 Y:0002 S:01e1 D:0000 DB:00 nvMXdizc V: 46 H:1070 F:15
c01d0c dex                    A:3730 X:0001 Y:0002 S:01e1 D:0000 DB:00 nvMXdizc V: 46 H:1090 F:15
c01d0d lda $0200,x   [000200] A:3730 X:0000 Y:0002 S:01e1 D:0000 DB:00 nvMXdiZc V: 46 H:1102 F:15
c01d10 rts                    A:3730 X:0000 Y:0002 S:01e1 D:0000 DB:00 nvMXdizc V: 46 H:1128 F:15
c01cd2 ldx $66       [000066] A:3730 X:0000 Y:0002 S:01e3 D:0000 DB:00 nvMXdizc V: 46 H:1168 F:15
c01cd4 sta $0200,x   [000201] A:3730 X:0001 Y:0002 S:01e3 D:0000 DB:00 nvMXdizc V: 46 H:1188 F:15
c01cd7 inc $66       [000066] A:3730 X:0001 Y:0002 S:01e3 D:0000 DB:00 nvMXdizc V: 46 H:1220 F:15
c01cd9 dec $65       [000065] A:3730 X:0001 Y:0002 S:01e3 D:0000 DB:00 nvMXdizc V: 46 H:1254 F:15
c01cdb bne $1ce0     [c01ce0] A:3730 X:0001 Y:0002 S:01e3 D:0000 DB:00 nvMXdizc V: 46 H:1288 F:15
c01ce0 lda $0200,x   [000201] A:3730 X:0001 Y:0002 S:01e3 D:0000 DB:00 nvMXdizc V: 46 H:1306 F:15
c01ce3 plx                    A:3730 X:0001 Y:0002 S:01e3 D:0000 DB:00 nvMXdizc V: 46 H:1332 F:15
c01ce4 rtl                    A:3730 X:0002 Y:0002 S:01e4 D:0000 DB:00 nvMXdizc V: 46 H:1358 F:15
c00159 sta $a6       [0000a6] A:3730 X:0002 Y:0002 S:01e7 D:0000 DB:00 nvMXdizc V: 47 H:  36 F:15
c0015b jsl $c00497   [c00497] A:3730 X:0002 Y:0002 S:01e7 D:0000 DB:00 nvMXdizc V: 47 H:  56 F:15
c00497 phx                    A:3730 X:0002 Y:0002 S:01e4 D:0000 DB:00 nvMXdizc V: 47 H: 110 F:15
c00498 rep #$30               A:3730 X:0002 Y:0002 S:01e3 D:0000 DB:00 nvMXdizc V: 47 H: 130 F:15
c0049a ldx $035b     [00035b] A:3730 X:0002 Y:0002 S:01e3 D:0000 DB:00 nvmxdizc V: 47 H: 148 F:15
c0049d lda $a5       [0000a5] A:3730 X:377e Y:0002 S:01e3 D:0000 DB:00 nvmxdizc V: 47 H: 182 F:15
c0049f sta $7e8000,x [7eb77e] A:3030 X:377e Y:0002 S:01e3 D:0000 DB:00 nvmxdizc V: 47 H: 210 F:15
c004a3 inx                    A:3030 X:377e Y:0002 S:01e3 D:0000 DB:00 nvmxdizc V: 47 H: 250 F:15
c004a4 inx                    A:3030 X:377f Y:0002 S:01e3 D:0000 DB:00 nvmxdizc V: 47 H: 262 F:15
c004a5 stx $035b     [00035b] A:3030 X:3780 Y:0002 S:01e3 D:0000 DB:00 nvmxdizc V: 47 H: 274 F:15
c004a8 sep #$30               A:3030 X:3780 Y:0002 S:01e3 D:0000 DB:00 nvmxdizc V: 47 H: 308 F:15
c004aa plx                    A:3030 X:0080 Y:0002 S:01e3 D:0000 DB:00 nvMXdizc V: 47 H: 326 F:15
c004ab rtl                    A:3030 X:0002 Y:0002 S:01e4 D:0000 DB:00 nvMXdizc V: 47 H: 352 F:15
c0015f dex                    A:3030 X:0002 Y:0002 S:01e7 D:0000 DB:00 nvMXdizc V: 47 H: 394 F:15
c00160 dex                    A:3030 X:0001 Y:0002 S:01e7 D:0000 DB:00 nvMXdizc V: 47 H: 406 F:15
c00161 bne $014f     [c0014f] A:3030 X:0000 Y:0002 S:01e7 D:0000 DB:00 nvMXdiZc V: 47 H: 418 F:15
c00163 jsl $c004ac   [c004ac] A:3030 X:0000 Y:0002 S:01e7 D:0000 DB:00 nvMXdiZc V: 47 H: 430 F:15
c004ac phx                    A:3030 X:0000 Y:0002 S:01e4 D:0000 DB:00 nvMXdiZc V: 47 H: 484 F:15
c004ad rep #$30               A:3030 X:0000 Y:0002 S:01e3 D:0000 DB:00 nvMXdiZc V: 47 H: 504 F:15
c004af ldx $0357     [000357] A:3030 X:0000 Y:0002 S:01e3 D:0000 DB:00 nvmxdiZc V: 47 H: 522 F:15
c004b2 lda $035b     [00035b] A:3030 X:3778 Y:0002 S:01e3 D:0000 DB:00 nvmxdizc V: 47 H: 596 F:15
c004b5 sec                    A:3780 X:3778 Y:0002 S:01e3 D:0000 DB:00 nvmxdizc V: 47 H: 630 F:15
c004b6 sbc $0357     [000357] A:3780 X:3778 Y:0002 S:01e3 D:0000 DB:00 nvmxdizC V: 47 H: 642 F:15
c004b9 sbc #$0006             A:0008 X:3778 Y:0002 S:01e3 D:0000 DB:00 nvmxdizC V: 47 H: 676 F:15
c004bc sta $7e8002,x [7eb77a] A:0002 X:3778 Y:0002 S:01e3 D:0000 DB:00 nvmxdizC V: 47 H: 694 F:15
c004c0 lda $035b     [00035b] A:0002 X:3778 Y:0002 S:01e3 D:0000 DB:00 nvmxdizC V: 47 H: 734 F:15
c004c3 and #$3fff             A:3780 X:3778 Y:0002 S:01e3 D:0000 DB:00 nvmxdizC V: 47 H: 768 F:15
c004c6 sta $0357     [000357] A:3780 X:3778 Y:0002 S:01e3 D:0000 DB:00 nvmxdizC V: 47 H: 786 F:15
c004c9 sep #$30               A:3780 X:3778 Y:0002 S:01e3 D:0000 DB:00 nvmxdizC V: 47 H: 820 F:15
c004cb plx                    A:3780 X:0078 Y:0002 S:01e3 D:0000 DB:00 nvMXdizC V: 47 H: 838 F:15
c004cc rtl                    A:3780 X:0000 Y:0002 S:01e4 D:0000 DB:00 nvMXdiZC V: 47 H: 864 F:15
c00167 inc $1d2a     [001d2a] A:3780 X:0000 Y:0002 S:01e7 D:0000 DB:00 nvMXdiZC V: 47 H: 906 F:15
c0016a dey                    A:3780 X:0000 Y:0002 S:01e7 D:0000 DB:00 nvMXdizC V: 47 H: 946 F:15
c0016b bne $013c     [c0013c] A:3780 X:0000 Y:0001 S:01e7 D:0000 DB:00 nvMXdizC V: 47 H: 958 F:15
c0013c jsl $c008e0   [c008e0] A:3780 X:0000 Y:0001 S:01e7 D:0000 DB:00 nvMXdizC V: 47 H: 976 F:15
c008e0 lda $1d28     [001d28] A:3780 X:0000 Y:0001 S:01e4 D:0000 DB:00 nvMXdizC V: 47 H:1030 F:15
c008e3 sta $b1       [0000b1] A:3716 X:0000 Y:0001 S:01e4 D:0000 DB:00 nvMXdizC V: 47 H:1056 F:15
c008e5 lda $1d2a     [001d2a] A:3716 X:0000 Y:0001 S:01e4 D:0000 DB:00 nvMXdizC V: 47 H:1076 F:15
c008e8 sta $b3       [0000b3] A:370a X:0000 Y:0001 S:01e4 D:0000 DB:00 nvMXdizC V: 47 H:1102 F:15
c008ea jsr $0906     [c00906] A:370a X:0000 Y:0001 S:01e4 D:0000 DB:00 nvMXdizC V: 47 H:1122 F:15
c00906 phy                    A:370a X:0000 Y:0001 S:01e2 D:0000 DB:00 nvMXdizC V: 47 H:1162 F:15
c00907 lda $0372     [000372] A:370a X:0000 Y:0001 S:01e1 D:0000 DB:00 nvMXdizC V: 47 H:1182 F:15
c0090a beq $0915     [c00915] A:3700 X:0000 Y:0001 S:01e1 D:0000 DB:00 nvMXdiZC V: 47 H:1208 F:15
c00915 sta $b5       [0000b5] A:3700 X:0000 Y:0001 S:01e1 D:0000 DB:00 nvMXdiZC V: 47 H:1226 F:15
c00917 stz $b2       [0000b2] A:3700 X:0000 Y:0001 S:01e1 D:0000 DB:00 nvMXdiZC V: 47 H:1246 F:15
c00919 stz $b4       [0000b4] A:3700 X:0000 Y:0001 S:01e1 D:0000 DB:00 nvMXdiZC V: 47 H:1266 F:15
c0091b lda $b1       [0000b1] A:3700 X:0000 Y:0001 S:01e1 D:0000 DB:00 nvMXdiZC V: 47 H:1286 F:15
c0091d clc                    A:3716 X:0000 Y:0001 S:01e1 D:0000 DB:00 nvMXdizC V: 47 H:1306 F:15
c0091e adc $036c     [00036c] A:3716 X:0000 Y:0001 S:01e1 D:0000 DB:00 nvMXdizc V: 47 H:1318 F:15
c00921 and #$7f               A:3716 X:0000 Y:0001 S:01e1 D:0000 DB:00 nvMXdizc V: 47 H:1344 F:15
c00923 ldy $b5       [0000b5] A:3716 X:0000 Y:0001 S:01e1 D:0000 DB:00 nvMXdizc V: 47 H:1356 F:15
c00925 bne $0929     [c00929] A:3716 X:0000 Y:0000 S:01e1 D:0000 DB:00 nvMXdiZc V: 48 H:  12 F:15
c00927 and #$3f               A:3716 X:0000 Y:0000 S:01e1 D:0000 DB:00 nvMXdiZc V: 48 H:  24 F:15
c00929 sta $b1       [0000b1] A:3716 X:0000 Y:0000 S:01e1 D:0000 DB:00 nvMXdizc V: 48 H:  36 F:15
c0092b lda $b3       [0000b3] A:3716 X:0000 Y:0000 S:01e1 D:0000 DB:00 nvMXdizc V: 48 H:  56 F:15
c0092d clc                    A:370a X:0000 Y:0000 S:01e1 D:0000 DB:00 nvMXdizc V: 48 H:  76 F:15
c0092e adc $036d     [00036d] A:370a X:0000 Y:0000 S:01e1 D:0000 DB:00 nvMXdizc V: 48 H:  88 F:15
c00931 and #$7f               A:370a X:0000 Y:0000 S:01e1 D:0000 DB:00 nvMXdizc V: 48 H: 114 F:15
c00933 ldy $b5       [0000b5] A:370a X:0000 Y:0000 S:01e1 D:0000 DB:00 nvMXdizc V: 48 H: 126 F:15
c00935 bne $0939     [c00939] A:370a X:0000 Y:0000 S:01e1 D:0000 DB:00 nvMXdiZc V: 48 H: 146 F:15
c00937 and #$1f               A:370a X:0000 Y:0000 S:01e1 D:0000 DB:00 nvMXdiZc V: 48 H: 158 F:15
c00939 sta $b3       [0000b3] A:370a X:0000 Y:0000 S:01e1 D:0000 DB:00 nvMXdizc V: 48 H: 170 F:15
c0093b rep #$20               A:370a X:0000 Y:0000 S:01e1 D:0000 DB:00 nvMXdizc V: 48 H: 190 F:15
c0093d ldy $b5       [0000b5] A:370a X:0000 Y:0000 S:01e1 D:0000 DB:00 nvmXdizc V: 48 H: 208 F:15
c0093f bne $0956     [c00956] A:370a X:0000 Y:0000 S:01e1 D:0000 DB:00 nvmXdiZc V: 48 H: 228 F:15
c00941 lda $b1       [0000b1] A:370a X:0000 Y:0000 S:01e1 D:0000 DB:00 nvmXdiZc V: 48 H: 240 F:15
c00943 and #$0020             A:0016 X:0000 Y:0000 S:01e1 D:0000 DB:00 nvmXdizc V: 48 H: 268 F:15
c00946 asl a                  A:0000 X:0000 Y:0000 S:01e1 D:0000 DB:00 nvmXdiZc V: 48 H: 286 F:15
c00947 asl a                  A:0000 X:0000 Y:0000 S:01e1 D:0000 DB:00 nvmXdiZc V: 48 H: 298 F:15
c00948 asl a                  A:0000 X:0000 Y:0000 S:01e1 D:0000 DB:00 nvmXdiZc V: 48 H: 310 F:15
c00949 asl a                  A:0000 X:0000 Y:0000 S:01e1 D:0000 DB:00 nvmXdiZc V: 48 H: 322 F:15
c0094a asl a                  A:0000 X:0000 Y:0000 S:01e1 D:0000 DB:00 nvmXdiZc V: 48 H: 334 F:15
c0094b sta $9f       [00009f] A:0000 X:0000 Y:0000 S:01e1 D:0000 DB:00 nvmXdiZc V: 48 H: 346 F:15
c0094d lda $b1       [0000b1] A:0000 X:0000 Y:0000 S:01e1 D:0000 DB:00 nvmXdiZc V: 48 H: 374 F:15
c0094f and #$001f             A:0016 X:0000 Y:0000 S:01e1 D:0000 DB:00 nvmXdizc V: 48 H: 402 F:15
c00952 ora $9f       [00009f] A:0016 X:0000 Y:0000 S:01e1 D:0000 DB:00 nvmXdizc V: 48 H: 420 F:15
c00954 sta $b1       [0000b1] A:0016 X:0000 Y:0000 S:01e1 D:0000 DB:00 nvmXdizc V: 48 H: 448 F:15
c00956 lda $b3       [0000b3] A:0016 X:0000 Y:0000 S:01e1 D:0000 DB:00 nvmXdizc V: 48 H: 476 F:15
c00958 asl a                  A:000a X:0000 Y:0000 S:01e1 D:0000 DB:00 nvmXdizc V: 48 H: 504 F:15
c00959 asl a                  A:0014 X:0000 Y:0000 S:01e1 D:0000 DB:00 nvmXdizc V: 48 H: 516 F:15
c0095a asl a                  A:0028 X:0000 Y:0000 S:01e1 D:0000 DB:00 nvmXdizc V: 48 H: 528 F:15
c0095b asl a                  A:0050 X:0000 Y:0000 S:01e1 D:0000 DB:00 nvmXdizc V: 48 H: 580 F:15
c0095c asl a                  A:00a0 X:0000 Y:0000 S:01e1 D:0000 DB:00 nvmXdizc V: 48 H: 592 F:15
c0095d ldy $b5       [0000b5] A:0140 X:0000 Y:0000 S:01e1 D:0000 DB:00 nvmXdizc V: 48 H: 604 F:15
c0095f beq $0963     [c00963] A:0140 X:0000 Y:0000 S:01e1 D:0000 DB:00 nvmXdiZc V: 48 H: 624 F:15
c00963 ora $b1       [0000b1] A:0140 X:0000 Y:0000 S:01e1 D:0000 DB:00 nvmXdiZc V: 48 H: 642 F:15
c00965 ldy $0372     [000372] A:0156 X:0000 Y:0000 S:01e1 D:0000 DB:00 nvmXdizc V: 48 H: 670 F:15
c00968 bne $096e     [c0096e] A:0156 X:0000 Y:0000 S:01e1 D:0000 DB:00 nvmXdiZc V: 48 H: 696 F:15
c0096a clc                    A:0156 X:0000 Y:0000 S:01e1 D:0000 DB:00 nvmXdiZc V: 48 H: 708 F:15
c0096b adc $036f     [00036f] A:0156 X:0000 Y:0000 S:01e1 D:0000 DB:00 nvmXdiZc V: 48 H: 720 F:15
c0096e sep #$20               A:3156 X:0000 Y:0000 S:01e1 D:0000 DB:00 nvmXdizc V: 48 H: 754 F:15
c00970 ply                    A:3156 X:0000 Y:0000 S:01e1 D:0000 DB:00 nvMXdizc V: 48 H: 772 F:15
c00971 rts                    A:3156 X:0000 Y:0001 S:01e2 D:0000 DB:00 nvMXdizc V: 48 H: 798 F:15
c008ed sta $08       [000008] A:3156 X:0000 Y:0001 S:01e4 D:0000 DB:00 nvMXdizc V: 48 H: 838 F:15
c008ef xba                    A:3156 X:0000 Y:0001 S:01e4 D:0000 DB:00 nvMXdizc V: 48 H: 858 F:15
c008f0 sta $09       [000009] A:5631 X:0000 Y:0001 S:01e4 D:0000 DB:00 nvMXdizc V: 48 H: 876 F:15
c008f2 rtl                    A:5631 X:0000 Y:0001 S:01e4 D:0000 DB:00 nvMXdizc V: 48 H: 896 F:15
c00140 rep #$20               A:5631 X:0000 Y:0001 S:01e7 D:0000 DB:00 nvMXdizc V: 48 H: 938 F:15
c00142 lda $08       [000008] A:5631 X:0000 Y:0001 S:01e7 D:0000 DB:00 nvmXdizc V: 48 H: 956 F:15
c00144 sta $ae       [0000ae] A:3156 X:0000 Y:0001 S:01e7 D:0000 DB:00 nvmXdizc V: 48 H: 984 F:15
c00146 sep #$20               A:3156 X:0000 Y:0001 S:01e7 D:0000 DB:00 nvmXdizc V: 48 H:1012 F:15
c00148 jsl $c00478   [c00478] A:3156 X:0000 Y:0001 S:01e7 D:0000 DB:00 nvMXdizc V: 48 H:1030 F:15
c00478 phx                    A:3156 X:0000 Y:0001 S:01e4 D:0000 DB:00 nvMXdizc V: 48 H:1084 F:15
c00479 rep #$30               A:3156 X:0000 Y:0001 S:01e3 D:0000 DB:00 nvMXdizc V: 48 H:1104 F:15
c0047b ldx $0357     [000357] A:3156 X:0000 Y:0001 S:01e3 D:0000 DB:00 nvmxdizc V: 48 H:1122 F:15
c0047e lda $ae       [0000ae] A:3156 X:3780 Y:0001 S:01e3 D:0000 DB:00 nvmxdizc V: 48 H:1156 F:15
c00480 sta $7e8004,x [7eb784] A:3156 X:3780 Y:0001 S:01e3 D:0000 DB:00 nvmxdizc V: 48 H:1184 F:15
c00484 lda $0352     [000352] A:3156 X:3780 Y:0001 S:01e3 D:0000 DB:00 nvmxdizc V: 48 H:1224 F:15
c00487 sta $7e8000,x [7eb780] A:0080 X:3780 Y:0001 S:01e3 D:0000 DB:00 nvmxdizc V: 48 H:1258 F:15
c0048b txa                    A:0080 X:3780 Y:0001 S:01e3 D:0000 DB:00 nvmxdizc V: 48 H:1298 F:15
c0048c clc                    A:3780 X:3780 Y:0001 S:01e3 D:0000 DB:00 nvmxdizc V: 48 H:1310 F:15
c0048d adc #$0006             A:3780 X:3780 Y:0001 S:01e3 D:0000 DB:00 nvmxdizc V: 48 H:1322 F:15
c00490 sta $035b     [00035b] A:3786 X:3780 Y:0001 S:01e3 D:0000 DB:00 nvmxdizc V: 48 H:1340 F:15
c00493 sep #$30               A:3786 X:3780 Y:0001 S:01e3 D:0000 DB:00 nvmxdizc V: 49 H:  10 F:15
c00495 plx                    A:3786 X:0080 Y:0001 S:01e3 D:0000 DB:00 nvMXdizc V: 49 H:  28 F:15
c00496 rtl                    A:3786 X:0000 Y:0001 S:01e4 D:0000 DB:00 nvMXdiZc V: 49 H:  54 F:15
c0014c ldx $1d34     [001d34] A:3786 X:0000 Y:0001 S:01e7 D:0000 DB:00 nvMXdiZc V: 49 H:  96 F:15
c0014f jsl $c01ccc   [c01ccc] A:3786 X:0002 Y:0001 S:01e7 D:0000 DB:00 nvMXdizc V: 49 H: 122 F:15
c01ccc phx                    A:3786 X:0002 Y:0001 S:01e4 D:0000 DB:00 nvMXdizc V: 49 H: 176 F:15
c01ccd ldx $64       [000064] A:3786 X:0002 Y:0001 S:01e3 D:0000 DB:00 nvMXdizc V: 49 H: 196 F:15
c01ccf jsr ($1ce5,x) [c01ce9] A:3786 X:0004 Y:0001 S:01e3 D:0000 DB:00 nvMXdizc V: 49 H: 216 F:15
c01d0a ldx $66       [000066] A:3786 X:0004 Y:0001 S:01e1 D:0000 DB:00 nvMXdizc V: 49 H: 268 F:15
c01d0c dex                    A:3786 X:0002 Y:0001 S:01e1 D:0000 DB:00 nvMXdizc V: 49 H: 288 F:15
c01d0d lda $0200,x   [000201] A:3786 X:0001 Y:0001 S:01e1 D:0000 DB:00 nvMXdizc V: 49 H: 300 F:15
c01d10 rts                    A:3730 X:0001 Y:0001 S:01e1 D:0000 DB:00 nvMXdizc V: 49 H: 326 F:15
c01cd2 ldx $66       [000066] A:3730 X:0001 Y:0001 S:01e3 D:0000 DB:00 nvMXdizc V: 49 H: 366 F:15
c01cd4 sta $0200,x   [000202] A:3730 X:0002 Y:0001 S:01e3 D:0000 DB:00 nvMXdizc V: 49 H: 386 F:15
c01cd7 inc $66       [000066] A:3730 X:0002 Y:0001 S:01e3 D:0000 DB:00 nvMXdizc V: 49 H: 418 F:15
c01cd9 dec $65       [000065] A:3730 X:0002 Y:0001 S:01e3 D:0000 DB:00 nvMXdizc V: 49 H: 452 F:15
c01cdb bne $1ce0     [c01ce0] A:3730 X:0002 Y:0001 S:01e3 D:0000 DB:00 nvMXdizc V: 49 H: 486 F:15
c01ce0 lda $0200,x   [000202] A:3730 X:0002 Y:0001 S:01e3 D:0000 DB:00 nvMXdizc V: 49 H: 504 F:15
c01ce3 plx                    A:3730 X:0002 Y:0001 S:01e3 D:0000 DB:00 nvMXdizc V: 49 H: 530 F:15
c01ce4 rtl                    A:3730 X:0002 Y:0001 S:01e4 D:0000 DB:00 nvMXdizc V: 49 H: 596 F:15
c00153 sta $a5       [0000a5] A:3730 X:0002 Y:0001 S:01e7 D:0000 DB:00 nvMXdizc V: 49 H: 638 F:15
c00155 jsl $c01ccc   [c01ccc] A:3730 X:0002 Y:0001 S:01e7 D:0000 DB:00 nvMXdizc V: 49 H: 658 F:15
c01ccc phx                    A:3730 X:0002 Y:0001 S:01e4 D:0000 DB:00 nvMXdizc V: 49 H: 712 F:15
c01ccd ldx $64       [000064] A:3730 X:0002 Y:0001 S:01e3 D:0000 DB:00 nvMXdizc V: 49 H: 732 F:15
c01ccf jsr ($1ce5,x) [c01ce9] A:3730 X:0004 Y:0001 S:01e3 D:0000 DB:00 nvMXdizc V: 49 H: 752 F:15
c01d0a ldx $66       [000066] A:3730 X:0004 Y:0001 S:01e1 D:0000 DB:00 nvMXdizc V: 49 H: 804 F:15
c01d0c dex                    A:3730 X:0003 Y:0001 S:01e1 D:0000 DB:00 nvMXdizc V: 49 H: 824 F:15
c01d0d lda $0200,x   [000202] A:3730 X:0002 Y:0001 S:01e1 D:0000 DB:00 nvMXdizc V: 49 H: 836 F:15
c01d10 rts                    A:3730 X:0002 Y:0001 S:01e1 D:0000 DB:00 nvMXdizc V: 49 H: 862 F:15
c01cd2 ldx $66       [000066] A:3730 X:0002 Y:0001 S:01e3 D:0000 DB:00 nvMXdizc V: 49 H: 902 F:15
c01cd4 sta $0200,x   [000203] A:3730 X:0003 Y:0001 S:01e3 D:0000 DB:00 nvMXdizc V: 49 H: 922 F:15
c01cd7 inc $66       [000066] A:3730 X:0003 Y:0001 S:01e3 D:0000 DB:00 nvMXdizc V: 49 H: 954 F:15
c01cd9 dec $65       [000065] A:3730 X:0003 Y:0001 S:01e3 D:0000 DB:00 nvMXdizc V: 49 H: 988 F:15
c01cdb bne $1ce0     [c01ce0] A:3730 X:0003 Y:0001 S:01e3 D:0000 DB:00 nvMXdiZc V: 49 H:1022 F:15
c01cdd jsr $1d45     [c01d45] A:3730 X:0003 Y:0001 S:01e3 D:0000 DB:00 nvMXdiZc V: 49 H:1034 F:15
c01d45 lda [$60]     [d1a223] A:3730 X:0003 Y:0001 S:01e1 D:0000 DB:00 nvMXdiZc V: 49 H:1074 F:15
c01d47 sta $64       [000064] A:3700 X:0003 Y:0001 S:01e1 D:0000 DB:00 nvMXdiZc V: 49 H:1116 F:15
c01d49 and #$1f               A:3700 X:0003 Y:0001 S:01e1 D:0000 DB:00 nvMXdiZc V: 49 H:1136 F:15
c01d4b inc                    A:3700 X:0003 Y:0001 S:01e1 D:0000 DB:00 nvMXdiZc V: 49 H:1148 F:15
c01d4c sta $65       [000065] A:3701 X:0003 Y:0001 S:01e1 D:0000 DB:00 nvMXdizc V: 49 H:1160 F:15
c01d4e lda $64       [000064] A:3701 X:0003 Y:0001 S:01e1 D:0000 DB:00 nvMXdizc V: 49 H:1180 F:15
c01d50 lsr a                  A:3700 X:0003 Y:0001 S:01e1 D:0000 DB:00 nvMXdiZc V: 49 H:1200 F:15
c01d51 lsr a                  A:3700 X:0003 Y:0001 S:01e1 D:0000 DB:00 nvMXdiZc V: 49 H:1212 F:15
c01d52 lsr a                  A:3700 X:0003 Y:0001 S:01e1 D:0000 DB:00 nvMXdiZc V: 49 H:1224 F:15
c01d53 lsr a                  A:3700 X:0003 Y:0001 S:01e1 D:0000 DB:00 nvMXdiZc V: 49 H:1236 F:15
c01d54 and #$0e               A:3700 X:0003 Y:0001 S:01e1 D:0000 DB:00 nvMXdiZc V: 49 H:1248 F:15
c01d56 sta $64       [000064] A:3700 X:0003 Y:0001 S:01e1 D:0000 DB:00 nvMXdiZc V: 49 H:1260 F:15
c01d58 inc $60       [000060] A:3700 X:0003 Y:0001 S:01e1 D:0000 DB:00 nvMXdiZc V: 49 H:1280 F:15
c01d5a bne $1d62     [c01d62] A:3700 X:0003 Y:0001 S:01e1 D:0000 DB:00 nvMXdizc V: 49 H:1314 F:15
c01d62 rts                    A:3700 X:0003 Y:0001 S:01e1 D:0000 DB:00 nvMXdizc V: 49 H:1332 F:15
c01ce0 lda $0200,x   [000203] A:3700 X:0003 Y:0001 S:01e3 D:0000 DB:00 nvMXdizc V: 50 H:   8 F:15
c01ce3 plx                    A:3730 X:0003 Y:0001 S:01e3 D:0000 DB:00 nvMXdizc V: 50 H:  34 F:15
c01ce4 rtl                    A:3730 X:0002 Y:0001 S:01e4 D:0000 DB:00 nvMXdizc V: 50 H:  60 F:15
c00159 sta $a6       [0000a6] A:3730 X:0002 Y:0001 S:01e7 D:0000 DB:00 nvMXdizc V: 50 H: 102 F:15
c0015b jsl $c00497   [c00497] A:3730 X:0002 Y:0001 S:01e7 D:0000 DB:00 nvMXdizc V: 50 H: 122 F:15
c00497 phx                    A:3730 X:0002 Y:0001 S:01e4 D:0000 DB:00 nvMXdizc V: 50 H: 176 F:15
c00498 rep #$30               A:3730 X:0002 Y:0001 S:01e3 D:0000 DB:00 nvMXdizc V: 50 H: 196 F:15
c0049a ldx $035b     [00035b] A:3730 X:0002 Y:0001 S:01e3 D:0000 DB:00 nvmxdizc V: 50 H: 214 F:15
c0049d lda $a5       [0000a5] A:3730 X:3786 Y:0001 S:01e3 D:0000 DB:00 nvmxdizc V: 50 H: 248 F:15
c0049f sta $7e8000,x [7eb786] A:3030 X:3786 Y:0001 S:01e3 D:0000 DB:00 nvmxdizc V: 50 H: 276 F:15
c004a3 inx                    A:3030 X:3786 Y:0001 S:01e3 D:0000 DB:00 nvmxdizc V: 50 H: 316 F:15
c004a4 inx                    A:3030 X:3787 Y:0001 S:01e3 D:0000 DB:00 nvmxdizc V: 50 H: 328 F:15
c004a5 stx $035b     [00035b] A:3030 X:3788 Y:0001 S:01e3 D:0000 DB:00 nvmxdizc V: 50 H: 340 F:15
c004a8 sep #$30               A:3030 X:3788 Y:0001 S:01e3 D:0000 DB:00 nvmxdizc V: 50 H: 374 F:15
c004aa plx                    A:3030 X:0088 Y:0001 S:01e3 D:0000 DB:00 nvMXdizc V: 50 H: 392 F:15
c004ab rtl                    A:3030 X:0002 Y:0001 S:01e4 D:0000 DB:00 nvMXdizc V: 50 H: 418 F:15
c0015f dex                    A:3030 X:0002 Y:0001 S:01e7 D:0000 DB:00 nvMXdizc V: 50 H: 460 F:15
c00160 dex                    A:3030 X:0001 Y:0001 S:01e7 D:0000 DB:00 nvMXdizc V: 50 H: 472 F:15
c00161 bne $014f     [c0014f] A:3030 X:0000 Y:0001 S:01e7 D:0000 DB:00 nvMXdiZc V: 50 H: 484 F:15
c00163 jsl $c004ac   [c004ac] A:3030 X:0000 Y:0001 S:01e7 D:0000 DB:00 nvMXdiZc V: 50 H: 496 F:15
c004ac phx                    A:3030 X:0000 Y:0001 S:01e4 D:0000 DB:00 nvMXdiZc V: 50 H: 590 F:15
c004ad rep #$30               A:3030 X:0000 Y:0001 S:01e3 D:0000 DB:00 nvMXdiZc V: 50 H: 610 F:15
c004af ldx $0357     [000357] A:3030 X:0000 Y:0001 S:01e3 D:0000 DB:00 nvmxdiZc V: 50 H: 628 F:15
c004b2 lda $035b     [00035b] A:3030 X:3780 Y:0001 S:01e3 D:0000 DB:00 nvmxdizc V: 50 H: 662 F:15
c004b5 sec                    A:3788 X:3780 Y:0001 S:01e3 D:0000 DB:00 nvmxdizc V: 50 H: 696 F:15
c004b6 sbc $0357     [000357] A:3788 X:3780 Y:0001 S:01e3 D:0000 DB:00 nvmxdizC V: 50 H: 708 F:15
c004b9 sbc #$0006             A:0008 X:3780 Y:0001 S:01e3 D:0000 DB:00 nvmxdizC V: 50 H: 742 F:15
c004bc sta $7e8002,x [7eb782] A:0002 X:3780 Y:0001 S:01e3 D:0000 DB:00 nvmxdizC V: 50 H: 760 F:15
c004c0 lda $035b     [00035b] A:0002 X:3780 Y:0001 S:01e3 D:0000 DB:00 nvmxdizC V: 50 H: 800 F:15
c004c3 and #$3fff             A:3788 X:3780 Y:0001 S:01e3 D:0000 DB:00 nvmxdizC V: 50 H: 834 F:15
c004c6 sta $0357     [000357] A:3788 X:3780 Y:0001 S:01e3 D:0000 DB:00 nvmxdizC V: 50 H: 852 F:15
c004c9 sep #$30               A:3788 X:3780 Y:0001 S:01e3 D:0000 DB:00 nvmxdizC V: 50 H: 886 F:15
c004cb plx                    A:3788 X:0080 Y:0001 S:01e3 D:0000 DB:00 nvMXdizC V: 50 H: 904 F:15
c004cc rtl                    A:3788 X:0000 Y:0001 S:01e4 D:0000 DB:00 nvMXdiZC V: 50 H: 930 F:15
c00167 inc $1d2a     [001d2a] A:3788 X:0000 Y:0001 S:01e7 D:0000 DB:00 nvMXdiZC V: 50 H: 972 F:15
c0016a dey                    A:3788 X:0000 Y:0001 S:01e7 D:0000 DB:00 nvMXdizC V: 50 H:1012 F:15
c0016b bne $013c     [c0013c] A:3788 X:0000 Y:0000 S:01e7 D:0000 DB:00 nvMXdiZC V: 50 H:1024 F:15
c0016d pla                    A:3788 X:0000 Y:0000 S:01e7 D:0000 DB:00 nvMXdiZC V: 50 H:1036 F:15
c0016e sta $1d2a     [001d2a] A:3709 X:0000 Y:0000 S:01e8 D:0000 DB:00 nvMXdizC V: 50 H:1062 F:15
c00171 rts                    A:3709 X:0000 Y:0000 S:01e8 D:0000 DB:00 nvMXdizC V: 50 H:1088 F:15
c00109 lda #$84               A:3709 X:0000 Y:0000 S:01ea D:0000 DB:00 nvMXdizC V: 50 H:1128 F:15
c0010b sta $0352     [000352] A:3784 X:0000 Y:0000 S:01ea D:0000 DB:00 NvMXdizC V: 50 H:1140 F:15
c0010e lda $0341     [000341] A:3784 X:0000 Y:0000 S:01ea D:0000 DB:00 NvMXdizC V: 50 H:1166 F:15
c00111 bit #$01               A:3702 X:0000 Y:0000 S:01ea D:0000 DB:00 nvMXdizC V: 50 H:1192 F:15
c00113 beq $0128     [c00128] A:3702 X:0000 Y:0000 S:01ea D:0000 DB:00 nvMXdiZC V: 50 H:1204 F:15
c00128 inc $0343     [000343] A:3702 X:0000 Y:0000 S:01ea D:0000 DB:00 nvMXdiZC V: 50 H:1222 F:15
c0012b jsl $c01d63   [c01d63] A:3702 X:0000 Y:0000 S:01ea D:0000 DB:00 nvMXdizC V: 50 H:1262 F:15
c01d63 sec                    A:3702 X:0000 Y:0000 S:01e7 D:0000 DB:00 nvMXdizC V: 50 H:1316 F:15
c01d64 rep #$20               A:3702 X:0000 Y:0000 S:01e7 D:0000 DB:00 nvMXdizC V: 50 H:1328 F:15
c01d66 lda $60       [000060] A:3702 X:0000 Y:0000 S:01e7 D:0000 DB:00 nvmXdizC V: 50 H:1346 F:15
c01d68 sbc #$0001             A:a224 X:0000 Y:0000 S:01e7 D:0000 DB:00 NvmXdizC V: 51 H:  10 F:15
c01d6b sta $a5       [0000a5] A:a223 X:0000 Y:0000 S:01e7 D:0000 DB:00 NvmXdizC V: 51 H:  28 F:15
c01d6d sep #$20               A:a223 X:0000 Y:0000 S:01e7 D:0000 DB:00 NvmXdizC V: 51 H:  56 F:15
c01d6f lda $62       [000062] A:a223 X:0000 Y:0000 S:01e7 D:0000 DB:00 NvMXdizC V: 51 H:  74 F:15
c01d71 sbc #$00               A:a2d1 X:0000 Y:0000 S:01e7 D:0000 DB:00 NvMXdizC V: 51 H:  94 F:15
c01d73 sta $a7       [0000a7] A:a2d1 X:0000 Y:0000 S:01e7 D:0000 DB:00 NvMXdizC V: 51 H: 106 F:15
c01d75 rtl                    A:a2d1 X:0000 Y:0000 S:01e7 D:0000 DB:00 NvMXdizC V: 51 H: 126 F:15
c0012f jmp $0062     [c00062] A:a2d1 X:0000 Y:0000 S:01ea D:0000 DB:00 NvMXdizC V: 51 H: 168 F:15
c00062 ldy #$00               A:a2d1 X:0000 Y:0000 S:01ea D:0000 DB:00 NvMXdizC V: 51 H: 186 F:15
c00064 lda [$a5],y   [d1a223] A:a2d1 X:0000 Y:0000 S:01ea D:0000 DB:00 nvMXdiZC V: 51 H: 198 F:15
c00066 sta $1d34     [001d34] A:a200 X:0000 Y:0000 S:01ea D:0000 DB:00 nvMXdiZC V: 51 H: 240 F:15
c00069 bne $006e     [c0006e] A:a200 X:0000 Y:0000 S:01ea D:0000 DB:00 nvMXdiZC V: 51 H: 266 F:15
c0006b jmp $0132     [c00132] A:a200 X:0000 Y:0000 S:01ea D:0000 DB:00 nvMXdiZC V: 51 H: 278 F:15
c00132 plx                    A:a200 X:0000 Y:0000 S:01ea D:0000 DB:00 nvMXdiZC V: 51 H: 296 F:15
c00133 ply                    A:a200 X:0009 Y:0000 S:01eb D:0000 DB:00 nvMXdizC V: 51 H: 322 F:15
c00134 rtl                    A:a200 X:0009 Y:0004 S:01ec D:0000 DB:00 nvMXdizC V: 51 H: 348 F:15
c174f8 rtl                    A:a200 X:0009 Y:0004 S:01ef D:0000 DB:00 nvMXdizC V: 51 H: 390 F:15
c2040f plx                    A:a200 X:0009 Y:0004 S:01f2 D:0000 DB:00 nvMXdizC V: 51 H: 432 F:15
c20410 ply                    A:a200 X:0009 Y:0004 S:01f3 D:0000 DB:00 nvMXdizC V: 51 H: 458 F:15
c20411 rtl                    A:a200 X:0009 Y:00ff S:01f4 D:0000 DB:00 NvMXdizC V: 51 H: 484 F:15
c20234 lda $0d77,x   [000d80] A:a200 X:0009 Y:00ff S:01f7 D:0000 DB:00 NvMXdizC V: 51 H: 526 F:15
c20237 bmi $023b     [c2023b] A:a201 X:0009 Y:00ff S:01f7 D:0000 DB:00 nvMXdizC V: 51 H: 592 F:15
c20239 lda #$00               A:a201 X:0009 Y:00ff S:01f7 D:0000 DB:00 nvMXdizC V: 51 H: 604 F:15
c2023b and #$7f               A:a200 X:0009 Y:00ff S:01f7 D:0000 DB:00 nvMXdiZC V: 51 H: 616 F:15
c2023d sta $0d77,x   [000d80] A:a200 X:0009 Y:00ff S:01f7 D:0000 DB:00 nvMXdiZC V: 51 H: 628 F:15
c20240 bra $0222     [c20222] A:a200 X:0009 Y:00ff S:01f7 D:0000 DB:00 nvMXdiZC V: 51 H: 660 F:15
c20222 lda $0380     [000380] A:a200 X:0009 Y:00ff S:01f7 D:0000 DB:00 nvMXdiZC V: 51 H: 678 F:15
c20225 bit #$40               A:a200 X:0009 Y:00ff S:01f7 D:0000 DB:00 nvMXdiZC V: 51 H: 704 F:15
c20227 bne $0242     [c20242] A:a200 X:0009 Y:00ff S:01f7 D:0000 DB:00 nvMXdiZC V: 51 H: 716 F:15
c20229 jsr $0254     [c20254] A:a200 X:0009 Y:00ff S:01f7 D:0000 DB:00 nvMXdiZC V: 51 H: 728 F:15
c20254 rep #$20               A:a200 X:0009 Y:00ff S:01f5 D:0000 DB:00 nvMXdiZC V: 51 H: 768 F:15
c20256 lda $10       [000010] A:a200 X:0009 Y:00ff S:01f5 D:0000 DB:00 nvmXdiZC V: 51 H: 786 F:15
c20258 cmp #$0400             A:000b X:0009 Y:00ff S:01f5 D:0000 DB:00 nvmXdizC V: 51 H: 814 F:15
c2025b bcc $025f     [c2025f] A:000b X:0009 Y:00ff S:01f5 D:0000 DB:00 NvmXdizc V: 51 H: 832 F:15
c2025f rep #$20               A:000b X:0009 Y:00ff S:01f5 D:0000 DB:00 NvmXdizc V: 51 H: 850 F:15
c20261 lda $0a       [00000a] A:000b X:0009 Y:00ff S:01f5 D:0000 DB:00 NvmXdizc V: 51 H: 868 F:15
c20263 cmp #$0000             A:8f82 X:0009 Y:00ff S:01f5 D:0000 DB:00 NvmXdizc V: 51 H: 896 F:15
c20266 sep #$20               A:8f82 X:0009 Y:00ff S:01f5 D:0000 DB:00 NvmXdizC V: 51 H: 914 F:15
c20268 lda $0c       [00000c] A:8f82 X:0009 Y:00ff S:01f5 D:0000 DB:00 NvMXdizC V: 51 H: 932 F:15
c2026a sbc #$c6               A:8fc6 X:0009 Y:00ff S:01f5 D:0000 DB:00 NvMXdizC V: 51 H: 952 F:15
c2026c bcs $0270     [c20270] A:8f00 X:0009 Y:00ff S:01f5 D:0000 DB:00 nvMXdiZC V: 51 H: 964 F:15
c20270 rts                    A:8f00 X:0009 Y:00ff S:01f5 D:0000 DB:00 nvMXdiZC V: 51 H: 982 F:15
c2022c lda [$0a]     [c68f82] A:8f00 X:0009 Y:00ff S:01f7 D:0000 DB:00 nvMXdiZC V: 51 H:1022 F:15
c2022e beq $0242     [c20242] A:8f5a X:0009 Y:00ff S:01f7 D:0000 DB:00 nvMXdizC V: 51 H:1064 F:15
c20230 jsl $c2038f   [c2038f] A:8f5a X:0009 Y:00ff S:01f7 D:0000 DB:00 nvMXdizC V: 51 H:1076 F:15
c2038f phy                    A:8f5a X:0009 Y:00ff S:01f4 D:0000 DB:00 nvMXdizC V: 51 H:1130 F:15
c20390 phx                    A:8f5a X:0009 Y:00ff S:01f3 D:0000 DB:00 nvMXdizC V: 51 H:1150 F:15
c20391 lda #$c2               A:8f5a X:0009 Y:00ff S:01f2 D:0000 DB:00 nvMXdizC V: 51 H:1170 F:15
c20393 sta $bf       [0000bf] A:8fc2 X:0009 Y:00ff S:01f2 D:0000 DB:00 NvMXdizC V: 51 H:1182 F:15
c20395 sta $c2       [0000c2] A:8fc2 X:0009 Y:00ff S:01f2 D:0000 DB:00 NvMXdizC V: 51 H:1202 F:15
c20397 lda [$0a]     [c68f82] A:8fc2 X:0009 Y:00ff S:01f2 D:0000 DB:00 NvMXdizC V: 51 H:1222 F:15
c20399 cmp #$fe               A:8f5a X:0009 Y:00ff S:01f2 D:0000 DB:00 nvMXdizC V: 51 H:1264 F:15
c2039b bcs $03d1     [c203d1] A:8f5a X:0009 Y:00ff S:01f2 D:0000 DB:00 nvMXdizc V: 51 H:1276 F:15
c2039d cmp #$fd               A:8f5a X:0009 Y:00ff S:01f2 D:0000 DB:00 nvMXdizc V: 51 H:1288 F:15
c2039f beq $03cc     [c203cc] A:8f5a X:0009 Y:00ff S:01f2 D:0000 DB:00 nvMXdizc V: 51 H:1300 F:15
c203a1 cmp #$fc               A:8f5a X:0009 Y:00ff S:01f2 D:0000 DB:00 nvMXdizc V: 51 H:1312 F:15
c203a3 beq $03c7     [c203c7] A:8f5a X:0009 Y:00ff S:01f2 D:0000 DB:00 nvMXdizc V: 51 H:1324 F:15
c203a5 dec                    A:8f5a X:0009 Y:00ff S:01f2 D:0000 DB:00 nvMXdizc V: 51 H:1336 F:15
c203a6 tax                    A:8f59 X:0009 Y:00ff S:01f2 D:0000 DB:00 nvMXdizc V: 51 H:1348 F:15
c203a7 lda $c20af5,x [c20b4e] A:8f59 X:0059 Y:00ff S:01f2 D:0000 DB:00 nvMXdizc V: 51 H:1360 F:15
c203ab sta $b1       [0000b1] A:8f01 X:0059 Y:00ff S:01f2 D:0000 DB:00 nvMXdizc V: 52 H:  26 F:15
c203ad txa                    A:8f01 X:0059 Y:00ff S:01f2 D:0000 DB:00 nvMXdizc V: 52 H:  46 F:15
c203ae rep #$30               A:8f59 X:0059 Y:00ff S:01f2 D:0000 DB:00 nvMXdizc V: 52 H:  58 F:15
c203b0 and #$00ff             A:8f59 X:0059 Y:00ff S:01f2 D:0000 DB:00 nvmxdizc V: 52 H:  76 F:15
c203b3 asl a                  A:0059 X:0059 Y:00ff S:01f2 D:0000 DB:00 nvmxdizc V: 52 H:  94 F:15
c203b4 tax                    A:00b2 X:0059 Y:00ff S:01f2 D:0000 DB:00 nvmxdizc V: 52 H: 106 F:15
c203b5 lda $c204fa,x [c205ac] A:00b2 X:00b2 Y:00ff S:01f2 D:0000 DB:00 nvmxdizc V: 52 H: 118 F:15
c203b9 sta $bd       [0000bd] A:1aaa X:00b2 Y:00ff S:01f2 D:0000 DB:00 nvmxdizc V: 52 H: 154 F:15
c203bb sep #$30               A:1aaa X:00b2 Y:00ff S:01f2 D:0000 DB:00 nvmxdizc V: 52 H: 182 F:15
c203bd lda #$01               A:1aaa X:00b2 Y:00ff S:01f2 D:0000 DB:00 nvMXdizc V: 52 H: 200 F:15
c203bf jsr $041d     [c2041d] A:1a01 X:00b2 Y:00ff S:01f2 D:0000 DB:00 nvMXdizc V: 52 H: 212 F:15
c2041d phx                    A:1a01 X:00b2 Y:00ff S:01f0 D:0000 DB:00 nvMXdizc V: 52 H: 252 F:15
c2041e ldx $0073     [000073] A:1a01 X:00b2 Y:00ff S:01ef D:0000 DB:00 nvMXdizc V: 52 H: 272 F:15
c20421 sta $0d9f,x   [000da8] A:1a01 X:0009 Y:00ff S:01ef D:0000 DB:00 nvMXdizc V: 52 H: 298 F:15
c20424 lda $b1       [0000b1] A:1a01 X:0009 Y:00ff S:01ef D:0000 DB:00 nvMXdizc V: 52 H: 330 F:15
c20426 sta $0dc7,x   [000dd0] A:1a01 X:0009 Y:00ff S:01ef D:0000 DB:00 nvMXdizc V: 52 H: 350 F:15
c20429 lda $0d77,x   [000d80] A:1a01 X:0009 Y:00ff S:01ef D:0000 DB:00 nvMXdizc V: 52 H: 382 F:15
c2042c bne $044c     [c2044c] A:1a00 X:0009 Y:00ff S:01ef D:0000 DB:00 nvMXdiZc V: 52 H: 408 F:15
c2042e clc                    A:1a00 X:0009 Y:00ff S:01ef D:0000 DB:00 nvMXdiZc V: 52 H: 420 F:15
c2042f lda $0d9f,x   [000da8] A:1a00 X:0009 Y:00ff S:01ef D:0000 DB:00 nvMXdiZc V: 52 H: 432 F:15
c20432 adc $0a       [00000a] A:1a01 X:0009 Y:00ff S:01ef D:0000 DB:00 nvMXdizc V: 52 H: 458 F:15
c20434 sta $0d       [00000d] A:1a83 X:0009 Y:00ff S:01ef D:0000 DB:00 NvMXdizc V: 52 H: 478 F:15
c20436 rep #$20               A:1a83 X:0009 Y:00ff S:01ef D:0000 DB:00 NvMXdizc V: 52 H: 498 F:15
c20438 lda #$0000             A:1a83 X:0009 Y:00ff S:01ef D:0000 DB:00 NvmXdizc V: 52 H: 516 F:15
c2043b adc $0b       [00000b] A:0000 X:0009 Y:00ff S:01ef D:0000 DB:00 nvmXdiZc V: 52 H: 574 F:15
c2043d sta $0e       [00000e] A:c68f X:0009 Y:00ff S:01ef D:0000 DB:00 NvmXdizc V: 52 H: 602 F:15
c2043f sep #$20               A:c68f X:0009 Y:00ff S:01ef D:0000 DB:00 NvmXdizc V: 52 H: 630 F:15
c20441 lda $0d9f,x   [000da8] A:c68f X:0009 Y:00ff S:01ef D:0000 DB:00 NvMXdizc V: 52 H: 648 F:15
c20444 clc                    A:c601 X:0009 Y:00ff S:01ef D:0000 DB:00 nvMXdizc V: 52 H: 674 F:15
c20445 adc $b1       [0000b1] A:c601 X:0009 Y:00ff S:01ef D:0000 DB:00 nvMXdizc V: 52 H: 686 F:15
c20447 sta $0d9f,x   [000da8] A:c602 X:0009 Y:00ff S:01ef D:0000 DB:00 nvMXdizc V: 52 H: 706 F:15
c2044a bra $0467     [c20467] A:c602 X:0009 Y:00ff S:01ef D:0000 DB:00 nvMXdizc V: 52 H: 738 F:15
c20467 clc                    A:c602 X:0009 Y:00ff S:01ef D:0000 DB:00 nvMXdizc V: 52 H: 756 F:15
c20468 lda $0d9f,x   [000da8] A:c602 X:0009 Y:00ff S:01ef D:0000 DB:00 nvMXdizc V: 52 H: 768 F:15
c2046b adc $0a       [00000a] A:c602 X:0009 Y:00ff S:01ef D:0000 DB:00 nvMXdizc V: 52 H: 794 F:15
c2046d sta $0a       [00000a] A:c684 X:0009 Y:00ff S:01ef D:0000 DB:00 NvMXdizc V: 52 H: 814 F:15
c2046f rep #$20               A:c684 X:0009 Y:00ff S:01ef D:0000 DB:00 NvMXdizc V: 52 H: 834 F:15
c20471 lda #$0000             A:c684 X:0009 Y:00ff S:01ef D:0000 DB:00 NvmXdizc V: 52 H: 852 F:15
c20474 adc $0b       [00000b] A:0000 X:0009 Y:00ff S:01ef D:0000 DB:00 nvmXdiZc V: 52 H: 870 F:15
c20476 sta $0b       [00000b] A:c68f X:0009 Y:00ff S:01ef D:0000 DB:00 NvmXdizc V: 52 H: 898 F:15
c20478 sep #$20               A:c68f X:0009 Y:00ff S:01ef D:0000 DB:00 NvmXdizc V: 52 H: 926 F:15
c2047a plx                    A:c68f X:0009 Y:00ff S:01ef D:0000 DB:00 NvMXdizc V: 52 H: 944 F:15
c2047b rts                    A:c68f X:00b2 Y:00ff S:01f0 D:0000 DB:00 NvMXdizc V: 52 H: 970 F:15
c203c2 jsr $0412     [c20412] A:c68f X:00b2 Y:00ff S:01f2 D:0000 DB:00 NvMXdizc V: 52 H:1010 F:15
c20412 ldx $0073     [000073] A:c68f X:00b2 Y:00ff S:01f0 D:0000 DB:00 NvMXdizc V: 52 H:1050 F:15
c20415 jsr $04ea     [c204ea] A:c68f X:0009 Y:00ff S:01f0 D:0000 DB:00 nvMXdizc V: 52 H:1076 F:15
c204ea lda $0a       [00000a] A:c68f X:0009 Y:00ff S:01ee D:0000 DB:00 nvMXdizc V: 52 H:1116 F:15
c204ec sta $0c87,x   [000c90] A:c684 X:0009 Y:00ff S:01ee D:0000 DB:00 NvMXdizc V: 52 H:1136 F:15
c204ef lda $0b       [00000b] A:c684 X:0009 Y:00ff S:01ee D:0000 DB:00 NvMXdizc V: 52 H:1168 F:15
c204f1 sta $0caf,x   [000cb8] A:c68f X:0009 Y:00ff S:01ee D:0000 DB:00 NvMXdizc V: 52 H:1188 F:15
c204f4 lda $0c       [00000c] A:c68f X:0009 Y:00ff S:01ee D:0000 DB:00 NvMXdizc V: 52 H:1220 F:15
c204f6 sta $0cd7,x   [000ce0] A:c6c6 X:0009 Y:00ff S:01ee D:0000 DB:00 NvMXdizc V: 52 H:1240 F:15
c204f9 rts                    A:c6c6 X:0009 Y:00ff S:01ee D:0000 DB:00 NvMXdizc V: 52 H:1272 F:15
c20418 ldy #$01               A:c6c6 X:0009 Y:00ff S:01f0 D:0000 DB:00 NvMXdizc V: 52 H:1312 F:15
c2041a jmp [$00bd]   [0000bd] A:c6c6 X:0009 Y:0001 S:01f0 D:0000 DB:00 nvMXdizc V: 52 H:1324 F:15
c21aaa stz $a0       [0000a0] A:c6c6 X:0009 Y:0001 S:01f0 D:0000 DB:00 nvMXdizc V: 53 H:   2 F:15
c21aac lda [$0d]     [c68f83] A:c6c6 X:0009 Y:0001 S:01f0 D:0000 DB:00 nvMXdizc V: 53 H:  22 F:15
c21aae sta $9f       [00009f] A:c605 X:0009 Y:0001 S:01f0 D:0000 DB:00 nvMXdizc V: 53 H:  64 F:15
c21ab0 bpl $1ab4     [c21ab4] A:c605 X:0009 Y:0001 S:01f0 D:0000 DB:00 nvMXdizc V: 53 H:  84 F:15
c21ab4 rep #$20               A:c605 X:0009 Y:0001 S:01f0 D:0000 DB:00 nvMXdizc V: 53 H: 102 F:15
c21ab6 lda $10       [000010] A:c605 X:0009 Y:0001 S:01f0 D:0000 DB:00 nvmXdizc V: 53 H: 120 F:15
c21ab8 sec                    A:000b X:0009 Y:0001 S:01f0 D:0000 DB:00 nvmXdizc V: 53 H: 148 F:15
c21ab9 sbc $9f       [00009f] A:000b X:0009 Y:0001 S:01f0 D:0000 DB:00 nvmXdizC V: 53 H: 160 F:15
c21abb bpl $1abd     [c21abd] A:0006 X:0009 Y:0001 S:01f0 D:0000 DB:00 nvmXdizC V: 53 H: 188 F:15
c21abd sta $10       [000010] A:0006 X:0009 Y:0001 S:01f0 D:0000 DB:00 nvmXdizC V: 53 H: 206 F:15
c21abf sep #$20               A:0006 X:0009 Y:0001 S:01f0 D:0000 DB:00 nvmXdizC V: 53 H: 234 F:15
c21ac1 rts                    A:0006 X:0009 Y:0001 S:01f0 D:0000 DB:00 nvMXdizC V: 53 H: 252 F:15
c203c5 bra $040f     [c2040f] A:0006 X:0009 Y:0001 S:01f2 D:0000 DB:00 nvMXdizC V: 53 H: 292 F:15
c2040f plx                    A:0006 X:0009 Y:0001 S:01f2 D:0000 DB:00 nvMXdizC V: 53 H: 310 F:15
c20410 ply                    A:0006 X:0009 Y:0001 S:01f3 D:0000 DB:00 nvMXdizC V: 53 H: 336 F:15
c20411 rtl                    A:0006 X:0009 Y:00ff S:01f4 D:0000 DB:00 NvMXdizC V: 53 H: 362 F:15
c20234 lda $0d77,x   [000d80] A:0006 X:0009 Y:00ff S:01f7 D:0000 DB:00 NvMXdizC V: 53 H: 404 F:15
c20237 bmi $023b     [c2023b] A:0000 X:0009 Y:00ff S:01f7 D:0000 DB:00 nvMXdiZC V: 53 H: 430 F:15
c20239 lda #$00               A:0000 X:0009 Y:00ff S:01f7 D:0000 DB:00 nvMXdiZC V: 53 H: 442 F:15
c2023b and #$7f               A:0000 X:0009 Y:00ff S:01f7 D:0000 DB:00 nvMXdiZC V: 53 H: 454 F:15
c2023d sta $0d77,x   [000d80] A:0000 X:0009 Y:00ff S:01f7 D:0000 DB:00 nvMXdiZC V: 53 H: 466 F:15
c20240 bra $0222     [c20222] A:0000 X:0009 Y:00ff S:01f7 D:0000 DB:00 nvMXdiZC V: 53 H: 498 F:15
c20222 lda $0380     [000380] A:0000 X:0009 Y:00ff S:01f7 D:0000 DB:00 nvMXdiZC V: 53 H: 516 F:15
c20225 bit #$40               A:0000 X:0009 Y:00ff S:01f7 D:0000 DB:00 nvMXdiZC V: 53 H: 582 F:15
c20227 bne $0242     [c20242] A:0000 X:0009 Y:00ff S:01f7 D:0000 DB:00 nvMXdiZC V: 53 H: 594 F:15
c20229 jsr $0254     [c20254] A:0000 X:0009 Y:00ff S:01f7 D:0000 DB:00 nvMXdiZC V: 53 H: 606 F:15
c20254 rep #$20               A:0000 X:0009 Y:00ff S:01f5 D:0000 DB:00 nvMXdiZC V: 53 H: 646 F:15
c20256 lda $10       [000010] A:0000 X:0009 Y:00ff S:01f5 D:0000 DB:00 nvmXdiZC V: 53 H: 664 F:15
c20258 cmp #$0400             A:0006 X:0009 Y:00ff S:01f5 D:0000 DB:00 nvmXdizC V: 53 H: 692 F:15
c2025b bcc $025f     [c2025f] A:0006 X:0009 Y:00ff S:01f5 D:0000 DB:00 NvmXdizc V: 53 H: 710 F:15
c2025f rep #$20               A:0006 X:0009 Y:00ff S:01f5 D:0000 DB:00 NvmXdizc V: 53 H: 728 F:15
c20261 lda $0a       [00000a] A:0006 X:0009 Y:00ff S:01f5 D:0000 DB:00 NvmXdizc V: 53 H: 746 F:15
c20263 cmp #$0000             A:8f84 X:0009 Y:00ff S:01f5 D:0000 DB:00 NvmXdizc V: 53 H: 774 F:15
c20266 sep #$20               A:8f84 X:0009 Y:00ff S:01f5 D:0000 DB:00 NvmXdizC V: 53 H: 792 F:15
c20268 lda $0c       [00000c] A:8f84 X:0009 Y:00ff S:01f5 D:0000 DB:00 NvMXdizC V: 53 H: 810 F:15
c2026a sbc #$c6               A:8fc6 X:0009 Y:00ff S:01f5 D:0000 DB:00 NvMXdizC V: 53 H: 830 F:15
c2026c bcs $0270     [c20270] A:8f00 X:0009 Y:00ff S:01f5 D:0000 DB:00 nvMXdiZC V: 53 H: 842 F:15
c20270 rts                    A:8f00 X:0009 Y:00ff S:01f5 D:0000 DB:00 nvMXdiZC V: 53 H: 860 F:15
c2022c lda [$0a]     [c68f84] A:8f00 X:0009 Y:00ff S:01f7 D:0000 DB:00 nvMXdiZC V: 53 H: 900 F:15
c2022e beq $0242     [c20242] A:8f5d X:0009 Y:00ff S:01f7 D:0000 DB:00 nvMXdizC V: 53 H: 942 F:15
c20230 jsl $c2038f   [c2038f] A:8f5d X:0009 Y:00ff S:01f7 D:0000 DB:00 nvMXdizC V: 53 H: 954 F:15
c2038f phy                    A:8f5d X:0009 Y:00ff S:01f4 D:0000 DB:00 nvMXdizC V: 53 H:1008 F:15
c20390 phx                    A:8f5d X:0009 Y:00ff S:01f3 D:0000 DB:00 nvMXdizC V: 53 H:1028 F:15
c20391 lda #$c2               A:8f5d X:0009 Y:00ff S:01f2 D:0000 DB:00 nvMXdizC V: 53 H:1048 F:15
c20393 sta $bf       [0000bf] A:8fc2 X:0009 Y:00ff S:01f2 D:0000 DB:00 NvMXdizC V: 53 H:1060 F:15
c20395 sta $c2       [0000c2] A:8fc2 X:0009 Y:00ff S:01f2 D:0000 DB:00 NvMXdizC V: 53 H:1080 F:15
c20397 lda [$0a]     [c68f84] A:8fc2 X:0009 Y:00ff S:01f2 D:0000 DB:00 NvMXdizC V: 53 H:1100 F:15
c20399 cmp #$fe               A:8f5d X:0009 Y:00ff S:01f2 D:0000 DB:00 nvMXdizC V: 53 H:1142 F:15
c2039b bcs $03d1     [c203d1] A:8f5d X:0009 Y:00ff S:01f2 D:0000 DB:00 nvMXdizc V: 53 H:1154 F:15
c2039d cmp #$fd               A:8f5d X:0009 Y:00ff S:01f2 D:0000 DB:00 nvMXdizc V: 53 H:1166 F:15
c2039f beq $03cc     [c203cc] A:8f5d X:0009 Y:00ff S:01f2 D:0000 DB:00 nvMXdizc V: 53 H:1178 F:15
c203a1 cmp #$fc               A:8f5d X:0009 Y:00ff S:01f2 D:0000 DB:00 nvMXdizc V: 53 H:1190 F:15
c203a3 beq $03c7     [c203c7] A:8f5d X:0009 Y:00ff S:01f2 D:0000 DB:00 nvMXdizc V: 53 H:1202 F:15
c203a5 dec                    A:8f5d X:0009 Y:00ff S:01f2 D:0000 DB:00 nvMXdizc V: 53 H:1214 F:15
c203a6 tax                    A:8f5c X:0009 Y:00ff S:01f2 D:0000 DB:00 nvMXdizc V: 53 H:1226 F:15
c203a7 lda $c20af5,x [c20b51] A:8f5c X:005c Y:00ff S:01f2 D:0000 DB:00 nvMXdizc V: 53 H:1238 F:15
c203ab sta $b1       [0000b1] A:8f02 X:005c Y:00ff S:01f2 D:0000 DB:00 nvMXdizc V: 53 H:1268 F:15
c203ad txa                    A:8f02 X:005c Y:00ff S:01f2 D:0000 DB:00 nvMXdizc V: 53 H:1288 F:15
c203ae rep #$30               A:8f5c X:005c Y:00ff S:01f2 D:0000 DB:00 nvMXdizc V: 53 H:1300 F:15
c203b0 and #$00ff             A:8f5c X:005c Y:00ff S:01f2 D:0000 DB:00 nvmxdizc V: 53 H:1318 F:15
c203b3 asl a                  A:005c X:005c Y:00ff S:01f2 D:0000 DB:00 nvmxdizc V: 53 H:1336 F:15
c203b4 tax                    A:00b8 X:005c Y:00ff S:01f2 D:0000 DB:00 nvmxdizc V: 53 H:1348 F:15
c203b5 lda $c204fa,x [c205b2] A:00b8 X:00b8 Y:00ff S:01f2 D:0000 DB:00 nvmxdizc V: 53 H:1360 F:15
c203b9 sta $bd       [0000bd] A:1ac6 X:00b8 Y:00ff S:01f2 D:0000 DB:00 nvmxdizc V: 54 H:  32 F:15
c203bb sep #$30               A:1ac6 X:00b8 Y:00ff S:01f2 D:0000 DB:00 nvmxdizc V: 54 H:  60 F:15
c203bd lda #$01               A:1ac6 X:00b8 Y:00ff S:01f2 D:0000 DB:00 nvMXdizc V: 54 H:  78 F:15
c203bf jsr $041d     [c2041d] A:1a01 X:00b8 Y:00ff S:01f2 D:0000 DB:00 nvMXdizc V: 54 H:  90 F:15
c2041d phx                    A:1a01 X:00b8 Y:00ff S:01f0 D:0000 DB:00 nvMXdizc V: 54 H: 130 F:15
c2041e ldx $0073     [000073] A:1a01 X:00b8 Y:00ff S:01ef D:0000 DB:00 nvMXdizc V: 54 H: 150 F:15
c20421 sta $0d9f,x   [000da8] A:1a01 X:0009 Y:00ff S:01ef D:0000 DB:00 nvMXdizc V: 54 H: 176 F:15
c20424 lda $b1       [0000b1] A:1a01 X:0009 Y:00ff S:01ef D:0000 DB:00 nvMXdizc V: 54 H: 208 F:15
c20426 sta $0dc7,x   [000dd0] A:1a02 X:0009 Y:00ff S:01ef D:0000 DB:00 nvMXdizc V: 54 H: 228 F:15
c20429 lda $0d77,x   [000d80] A:1a02 X:0009 Y:00ff S:01ef D:0000 DB:00 nvMXdizc V: 54 H: 260 F:15
c2042c bne $044c     [c2044c] A:1a00 X:0009 Y:00ff S:01ef D:0000 DB:00 nvMXdiZc V: 54 H: 286 F:15
c2042e clc                    A:1a00 X:0009 Y:00ff S:01ef D:0000 DB:00 nvMXdiZc V: 54 H: 298 F:15
c2042f lda $0d9f,x   [000da8] A:1a00 X:0009 Y:00ff S:01ef D:0000 DB:00 nvMXdiZc V: 54 H: 310 F:15
c20432 adc $0a       [00000a] A:1a01 X:0009 Y:00ff S:01ef D:0000 DB:00 nvMXdizc V: 54 H: 336 F:15
c20434 sta $0d       [00000d] A:1a85 X:0009 Y:00ff S:01ef D:0000 DB:00 NvMXdizc V: 54 H: 356 F:15
c20436 rep #$20               A:1a85 X:0009 Y:00ff S:01ef D:0000 DB:00 NvMXdizc V: 54 H: 376 F:15
c20438 lda #$0000             A:1a85 X:0009 Y:00ff S:01ef D:0000 DB:00 NvmXdizc V: 54 H: 394 F:15
c2043b adc $0b       [00000b] A:0000 X:0009 Y:00ff S:01ef D:0000 DB:00 nvmXdiZc V: 54 H: 412 F:15
c2043d sta $0e       [00000e] A:c68f X:0009 Y:00ff S:01ef D:0000 DB:00 NvmXdizc V: 54 H: 440 F:15
c2043f sep #$20               A:c68f X:0009 Y:00ff S:01ef D:0000 DB:00 NvmXdizc V: 54 H: 468 F:15
c20441 lda $0d9f,x   [000da8] A:c68f X:0009 Y:00ff S:01ef D:0000 DB:00 NvMXdizc V: 54 H: 486 F:15
c20444 clc                    A:c601 X:0009 Y:00ff S:01ef D:0000 DB:00 nvMXdizc V: 54 H: 512 F:15
c20445 adc $b1       [0000b1] A:c601 X:0009 Y:00ff S:01ef D:0000 DB:00 nvMXdizc V: 54 H: 524 F:15
c20447 sta $0d9f,x   [000da8] A:c603 X:0009 Y:00ff S:01ef D:0000 DB:00 nvMXdizc V: 54 H: 584 F:15
c2044a bra $0467     [c20467] A:c603 X:0009 Y:00ff S:01ef D:0000 DB:00 nvMXdizc V: 54 H: 616 F:15
c20467 clc                    A:c603 X:0009 Y:00ff S:01ef D:0000 DB:00 nvMXdizc V: 54 H: 634 F:15
c20468 lda $0d9f,x   [000da8] A:c603 X:0009 Y:00ff S:01ef D:0000 DB:00 nvMXdizc V: 54 H: 646 F:15
c2046b adc $0a       [00000a] A:c603 X:0009 Y:00ff S:01ef D:0000 DB:00 nvMXdizc V: 54 H: 672 F:15
c2046d sta $0a       [00000a] A:c687 X:0009 Y:00ff S:01ef D:0000 DB:00 NvMXdizc V: 54 H: 692 F:15
c2046f rep #$20               A:c687 X:0009 Y:00ff S:01ef D:0000 DB:00 NvMXdizc V: 54 H: 712 F:15
c20471 lda #$0000             A:c687 X:0009 Y:00ff S:01ef D:0000 DB:00 NvmXdizc V: 54 H: 730 F:15
c20474 adc $0b       [00000b] A:0000 X:0009 Y:00ff S:01ef D:0000 DB:00 nvmXdiZc V: 54 H: 748 F:15
c20476 sta $0b       [00000b] A:c68f X:0009 Y:00ff S:01ef D:0000 DB:00 NvmXdizc V: 54 H: 776 F:15
c20478 sep #$20               A:c68f X:0009 Y:00ff S:01ef D:0000 DB:00 NvmXdizc V: 54 H: 804 F:15
c2047a plx                    A:c68f X:0009 Y:00ff S:01ef D:0000 DB:00 NvMXdizc V: 54 H: 822 F:15
c2047b rts                    A:c68f X:00b8 Y:00ff S:01f0 D:0000 DB:00 NvMXdizc V: 54 H: 848 F:15
c203c2 jsr $0412     [c20412] A:c68f X:00b8 Y:00ff S:01f2 D:0000 DB:00 NvMXdizc V: 54 H: 888 F:15
c20412 ldx $0073     [000073] A:c68f X:00b8 Y:00ff S:01f0 D:0000 DB:00 NvMXdizc V: 54 H: 928 F:15
c20415 jsr $04ea     [c204ea] A:c68f X:0009 Y:00ff S:01f0 D:0000 DB:00 nvMXdizc V: 54 H: 954 F:15
c204ea lda $0a       [00000a] A:c68f X:0009 Y:00ff S:01ee D:0000 DB:00 nvMXdizc V: 54 H: 994 F:15
c204ec sta $0c87,x   [000c90] A:c687 X:0009 Y:00ff S:01ee D:0000 DB:00 NvMXdizc V: 54 H:1014 F:15
c204ef lda $0b       [00000b] A:c687 X:0009 Y:00ff S:01ee D:0000 DB:00 NvMXdizc V: 54 H:1046 F:15
c204f1 sta $0caf,x   [000cb8] A:c68f X:0009 Y:00ff S:01ee D:0000 DB:00 NvMXdizc V: 54 H:1066 F:15
c204f4 lda $0c       [00000c] A:c68f X:0009 Y:00ff S:01ee D:0000 DB:00 NvMXdizc V: 54 H:1098 F:15
c204f6 sta $0cd7,x   [000ce0] A:c6c6 X:0009 Y:00ff S:01ee D:0000 DB:00 NvMXdizc V: 54 H:1118 F:15
c204f9 rts                    A:c6c6 X:0009 Y:00ff S:01ee D:0000 DB:00 NvMXdizc V: 54 H:1150 F:15
c20418 ldy #$01               A:c6c6 X:0009 Y:00ff S:01f0 D:0000 DB:00 NvMXdizc V: 54 H:1190 F:15
c2041a jmp [$00bd]   [0000bd] A:c6c6 X:0009 Y:0001 S:01f0 D:0000 DB:00 nvMXdizc V: 54 H:1202 F:15
c21ac6 jsr $1ecf     [c21ecf] A:c6c6 X:0009 Y:0001 S:01f0 D:0000 DB:00 nvMXdizc V: 54 H:1244 F:15
c21ecf rep #$20               A:c6c6 X:0009 Y:0001 S:01ee D:0000 DB:00 nvMXdizc V: 54 H:1284 F:15
c21ed1 lda [$0d]     [c68f85] A:c6c6 X:0009 Y:0001 S:01ee D:0000 DB:00 nvmXdizc V: 54 H:1302 F:15
c21ed3 sta $bd       [0000bd] A:625c X:0009 Y:0001 S:01ee D:0000 DB:00 nvmXdizc V: 54 H:1350 F:15
c21ed5 sep #$20               A:625c X:0009 Y:0001 S:01ee D:0000 DB:00 nvmXdizc V: 55 H:  14 F:15
c21ed7 lda #$7e               A:625c X:0009 Y:0001 S:01ee D:0000 DB:00 nvMXdizc V: 55 H:  32 F:15
c21ed9 sta $bf       [0000bf] A:627e X:0009 Y:0001 S:01ee D:0000 DB:00 nvMXdizc V: 55 H:  44 F:15
c21edb rts                    A:627e X:0009 Y:0001 S:01ee D:0000 DB:00 nvMXdizc V: 55 H:  64 F:15
c21ac9 lda [$bd]     [7e625c] A:627e X:0009 Y:0001 S:01f0 D:0000 DB:00 nvMXdizc V: 55 H: 104 F:15
c21acb sta $0373     [000373] A:6201 X:0009 Y:0001 S:01f0 D:0000 DB:00 nvMXdizc V: 55 H: 148 F:15
c21ace stz $0374     [000374] A:6201 X:0009 Y:0001 S:01f0 D:0000 DB:00 nvMXdizc V: 55 H: 174 F:15
c21ad1 rts                    A:6201 X:0009 Y:0001 S:01f0 D:0000 DB:00 nvMXdizc V: 55 H: 200 F:15
c203c5 bra $040f     [c2040f] A:6201 X:0009 Y:0001 S:01f2 D:0000 DB:00 nvMXdizc V: 55 H: 240 F:15
c2040f plx                    A:6201 X:0009 Y:0001 S:01f2 D:0000 DB:00 nvMXdizc V: 55 H: 258 F:15
c20410 ply                    A:6201 X:0009 Y:0001 S:01f3 D:0000 DB:00 nvMXdizc V: 55 H: 284 F:15
c20411 rtl                    A:6201 X:0009 Y:00ff S:01f4 D:0000 DB:00 NvMXdizc V: 55 H: 310 F:15
c20234 lda $0d77,x   [000d80] A:6201 X:0009 Y:00ff S:01f7 D:0000 DB:00 NvMXdizc V: 55 H: 352 F:15
c20237 bmi $023b     [c2023b] A:6200 X:0009 Y:00ff S:01f7 D:0000 DB:00 nvMXdiZc V: 55 H: 378 F:15
c20239 lda #$00               A:6200 X:0009 Y:00ff S:01f7 D:0000 DB:00 nvMXdiZc V: 55 H: 390 F:15
c2023b and #$7f               A:6200 X:0009 Y:00ff S:01f7 D:0000 DB:00 nvMXdiZc V: 55 H: 402 F:15
c2023d sta $0d77,x   [000d80] A:6200 X:0009 Y:00ff S:01f7 D:0000 DB:00 nvMXdiZc V: 55 H: 414 F:15
c20240 bra $0222     [c20222] A:6200 X:0009 Y:00ff S:01f7 D:0000 DB:00 nvMXdiZc V: 55 H: 446 F:15
c20222 lda $0380     [000380] A:6200 X:0009 Y:00ff S:01f7 D:0000 DB:00 nvMXdiZc V: 55 H: 464 F:15
c20225 bit #$40               A:6200 X:0009 Y:00ff S:01f7 D:0000 DB:00 nvMXdiZc V: 55 H: 490 F:15
c20227 bne $0242     [c20242] A:6200 X:0009 Y:00ff S:01f7 D:0000 DB:00 nvMXdiZc V: 55 H: 502 F:15
c20229 jsr $0254     [c20254] A:6200 X:0009 Y:00ff S:01f7 D:0000 DB:00 nvMXdiZc V: 55 H: 514 F:15
c20254 rep #$20               A:6200 X:0009 Y:00ff S:01f5 D:0000 DB:00 nvMXdiZc V: 55 H: 594 F:15
c20256 lda $10       [000010] A:6200 X:0009 Y:00ff S:01f5 D:0000 DB:00 nvmXdiZc V: 55 H: 612 F:15
c20258 cmp #$0400             A:0006 X:0009 Y:00ff S:01f5 D:0000 DB:00 nvmXdizc V: 55 H: 640 F:15
c2025b bcc $025f     [c2025f] A:0006 X:0009 Y:00ff S:01f5 D:0000 DB:00 NvmXdizc V: 55 H: 658 F:15
c2025f rep #$20               A:0006 X:0009 Y:00ff S:01f5 D:0000 DB:00 NvmXdizc V: 55 H: 676 F:15
c20261 lda $0a       [00000a] A:0006 X:0009 Y:00ff S:01f5 D:0000 DB:00 NvmXdizc V: 55 H: 694 F:15
c20263 cmp #$0000             A:8f87 X:0009 Y:00ff S:01f5 D:0000 DB:00 NvmXdizc V: 55 H: 722 F:15
c20266 sep #$20               A:8f87 X:0009 Y:00ff S:01f5 D:0000 DB:00 NvmXdizC V: 55 H: 740 F:15
c20268 lda $0c       [00000c] A:8f87 X:0009 Y:00ff S:01f5 D:0000 DB:00 NvMXdizC V: 55 H: 758 F:15
c2026a sbc #$c6               A:8fc6 X:0009 Y:00ff S:01f5 D:0000 DB:00 NvMXdizC V: 55 H: 778 F:15
c2026c bcs $0270     [c20270] A:8f00 X:0009 Y:00ff S:01f5 D:0000 DB:00 nvMXdiZC V: 55 H: 790 F:15
c20270 rts                    A:8f00 X:0009 Y:00ff S:01f5 D:0000 DB:00 nvMXdiZC V: 55 H: 808 F:15
c2022c lda [$0a]     [c68f87] A:8f00 X:0009 Y:00ff S:01f7 D:0000 DB:00 nvMXdiZC V: 55 H: 848 F:15
c2022e beq $0242     [c20242] A:8f5f X:0009 Y:00ff S:01f7 D:0000 DB:00 nvMXdizC V: 55 H: 890 F:15
c20230 jsl $c2038f   [c2038f] A:8f5f X:0009 Y:00ff S:01f7 D:0000 DB:00 nvMXdizC V: 55 H: 902 F:15
c2038f phy                    A:8f5f X:0009 Y:00ff S:01f4 D:0000 DB:00 nvMXdizC V: 55 H: 956 F:15
c20390 phx                    A:8f5f X:0009 Y:00ff S:01f3 D:0000 DB:00 nvMXdizC V: 55 H: 976 F:15
c20391 lda #$c2               A:8f5f X:0009 Y:00ff S:01f2 D:0000 DB:00 nvMXdizC V: 55 H: 996 F:15
c20393 sta $bf       [0000bf] A:8fc2 X:0009 Y:00ff S:01f2 D:0000 DB:00 NvMXdizC V: 55 H:1008 F:15
c20395 sta $c2       [0000c2] A:8fc2 X:0009 Y:00ff S:01f2 D:0000 DB:00 NvMXdizC V: 55 H:1028 F:15
c20397 lda [$0a]     [c68f87] A:8fc2 X:0009 Y:00ff S:01f2 D:0000 DB:00 NvMXdizC V: 55 H:1048 F:15
c20399 cmp #$fe               A:8f5f X:0009 Y:00ff S:01f2 D:0000 DB:00 nvMXdizC V: 55 H:1090 F:15
c2039b bcs $03d1     [c203d1] A:8f5f X:0009 Y:00ff S:01f2 D:0000 DB:00 nvMXdizc V: 55 H:1102 F:15
c2039d cmp #$fd               A:8f5f X:0009 Y:00ff S:01f2 D:0000 DB:00 nvMXdizc V: 55 H:1114 F:15
c2039f beq $03cc     [c203cc] A:8f5f X:0009 Y:00ff S:01f2 D:0000 DB:00 nvMXdizc V: 55 H:1126 F:15
c203a1 cmp #$fc               A:8f5f X:0009 Y:00ff S:01f2 D:0000 DB:00 nvMXdizc V: 55 H:1138 F:15
c203a3 beq $03c7     [c203c7] A:8f5f X:0009 Y:00ff S:01f2 D:0000 DB:00 nvMXdizc V: 55 H:1150 F:15
c203a5 dec                    A:8f5f X:0009 Y:00ff S:01f2 D:0000 DB:00 nvMXdizc V: 55 H:1162 F:15
c203a6 tax                    A:8f5e X:0009 Y:00ff S:01f2 D:0000 DB:00 nvMXdizc V: 55 H:1174 F:15
c203a7 lda $c20af5,x [c20b53] A:8f5e X:005e Y:00ff S:01f2 D:0000 DB:00 nvMXdizc V: 55 H:1186 F:15
c203ab sta $b1       [0000b1] A:8f02 X:005e Y:00ff S:01f2 D:0000 DB:00 nvMXdizc V: 55 H:1216 F:15
c203ad txa                    A:8f02 X:005e Y:00ff S:01f2 D:0000 DB:00 nvMXdizc V: 55 H:1236 F:15
c203ae rep #$30               A:8f5e X:005e Y:00ff S:01f2 D:0000 DB:00 nvMXdizc V: 55 H:1248 F:15
c203b0 and #$00ff             A:8f5e X:005e Y:00ff S:01f2 D:0000 DB:00 nvmxdizc V: 55 H:1266 F:15
c203b3 asl a                  A:005e X:005e Y:00ff S:01f2 D:0000 DB:00 nvmxdizc V: 55 H:1284 F:15
c203b4 tax                    A:00bc X:005e Y:00ff S:01f2 D:0000 DB:00 nvmxdizc V: 55 H:1296 F:15
c203b5 lda $c204fa,x [c205b6] A:00bc X:00bc Y:00ff S:01f2 D:0000 DB:00 nvmxdizc V: 55 H:1308 F:15
c203b9 sta $bd       [0000bd] A:1ae9 X:00bc Y:00ff S:01f2 D:0000 DB:00 nvmxdizc V: 55 H:1344 F:15
c203bb sep #$30               A:1ae9 X:00bc Y:00ff S:01f2 D:0000 DB:00 nvmxdizc V: 56 H:   8 F:15
c203bd lda #$01               A:1ae9 X:00bc Y:00ff S:01f2 D:0000 DB:00 nvMXdizc V: 56 H:  26 F:15
c203bf jsr $041d     [c2041d] A:1a01 X:00bc Y:00ff S:01f2 D:0000 DB:00 nvMXdizc V: 56 H:  38 F:15
c2041d phx                    A:1a01 X:00bc Y:00ff S:01f0 D:0000 DB:00 nvMXdizc V: 56 H:  78 F:15
c2041e ldx $0073     [000073] A:1a01 X:00bc Y:00ff S:01ef D:0000 DB:00 nvMXdizc V: 56 H:  98 F:15
c20421 sta $0d9f,x   [000da8] A:1a01 X:0009 Y:00ff S:01ef D:0000 DB:00 nvMXdizc V: 56 H: 124 F:15
c20424 lda $b1       [0000b1] A:1a01 X:0009 Y:00ff S:01ef D:0000 DB:00 nvMXdizc V: 56 H: 156 F:15
c20426 sta $0dc7,x   [000dd0] A:1a02 X:0009 Y:00ff S:01ef D:0000 DB:00 nvMXdizc V: 56 H: 176 F:15
c20429 lda $0d77,x   [000d80] A:1a02 X:0009 Y:00ff S:01ef D:0000 DB:00 nvMXdizc V: 56 H: 208 F:15
c2042c bne $044c     [c2044c] A:1a00 X:0009 Y:00ff S:01ef D:0000 DB:00 nvMXdiZc V: 56 H: 234 F:15
c2042e clc                    A:1a00 X:0009 Y:00ff S:01ef D:0000 DB:00 nvMXdiZc V: 56 H: 246 F:15
c2042f lda $0d9f,x   [000da8] A:1a00 X:0009 Y:00ff S:01ef D:0000 DB:00 nvMXdiZc V: 56 H: 258 F:15
c20432 adc $0a       [00000a] A:1a01 X:0009 Y:00ff S:01ef D:0000 DB:00 nvMXdizc V: 56 H: 284 F:15
c20434 sta $0d       [00000d] A:1a88 X:0009 Y:00ff S:01ef D:0000 DB:00 NvMXdizc V: 56 H: 304 F:15
c20436 rep #$20               A:1a88 X:0009 Y:00ff S:01ef D:0000 DB:00 NvMXdizc V: 56 H: 324 F:15
c20438 lda #$0000             A:1a88 X:0009 Y:00ff S:01ef D:0000 DB:00 NvmXdizc V: 56 H: 342 F:15
c2043b adc $0b       [00000b] A:0000 X:0009 Y:00ff S:01ef D:0000 DB:00 nvmXdiZc V: 56 H: 360 F:15
c2043d sta $0e       [00000e] A:c68f X:0009 Y:00ff S:01ef D:0000 DB:00 NvmXdizc V: 56 H: 388 F:15
c2043f sep #$20               A:c68f X:0009 Y:00ff S:01ef D:0000 DB:00 NvmXdizc V: 56 H: 416 F:15
c20441 lda $0d9f,x   [000da8] A:c68f X:0009 Y:00ff S:01ef D:0000 DB:00 NvMXdizc V: 56 H: 434 F:15
c20444 clc                    A:c601 X:0009 Y:00ff S:01ef D:0000 DB:00 nvMXdizc V: 56 H: 460 F:15
c20445 adc $b1       [0000b1] A:c601 X:0009 Y:00ff S:01ef D:0000 DB:00 nvMXdizc V: 56 H: 472 F:15
c20447 sta $0d9f,x   [000da8] A:c603 X:0009 Y:00ff S:01ef D:0000 DB:00 nvMXdizc V: 56 H: 492 F:15
c2044a bra $0467     [c20467] A:c603 X:0009 Y:00ff S:01ef D:0000 DB:00 nvMXdizc V: 56 H: 524 F:15
c20467 clc                    A:c603 X:0009 Y:00ff S:01ef D:0000 DB:00 nvMXdizc V: 56 H: 582 F:15
c20468 lda $0d9f,x   [000da8] A:c603 X:0009 Y:00ff S:01ef D:0000 DB:00 nvMXdizc V: 56 H: 594 F:15
c2046b adc $0a       [00000a] A:c603 X:0009 Y:00ff S:01ef D:0000 DB:00 nvMXdizc V: 56 H: 620 F:15
c2046d sta $0a       [00000a] A:c68a X:0009 Y:00ff S:01ef D:0000 DB:00 NvMXdizc V: 56 H: 640 F:15
c2046f rep #$20               A:c68a X:0009 Y:00ff S:01ef D:0000 DB:00 NvMXdizc V: 56 H: 660 F:15
c20471 lda #$0000             A:c68a X:0009 Y:00ff S:01ef D:0000 DB:00 NvmXdizc V: 56 H: 678 F:15
c20474 adc $0b       [00000b] A:0000 X:0009 Y:00ff S:01ef D:0000 DB:00 nvmXdiZc V: 56 H: 696 F:15
c20476 sta $0b       [00000b] A:c68f X:0009 Y:00ff S:01ef D:0000 DB:00 NvmXdizc V: 56 H: 724 F:15
c20478 sep #$20               A:c68f X:0009 Y:00ff S:01ef D:0000 DB:00 NvmXdizc V: 56 H: 752 F:15
c2047a plx                    A:c68f X:0009 Y:00ff S:01ef D:0000 DB:00 NvMXdizc V: 56 H: 770 F:15
c2047b rts                    A:c68f X:00bc Y:00ff S:01f0 D:0000 DB:00 NvMXdizc V: 56 H: 796 F:15
c203c2 jsr $0412     [c20412] A:c68f X:00bc Y:00ff S:01f2 D:0000 DB:00 NvMXdizc V: 56 H: 836 F:15
c20412 ldx $0073     [000073] A:c68f X:00bc Y:00ff S:01f0 D:0000 DB:00 NvMXdizc V: 56 H: 876 F:15
c20415 jsr $04ea     [c204ea] A:c68f X:0009 Y:00ff S:01f0 D:0000 DB:00 nvMXdizc V: 56 H: 902 F:15
c204ea lda $0a       [00000a] A:c68f X:0009 Y:00ff S:01ee D:0000 DB:00 nvMXdizc V: 56 H: 942 F:15
c204ec sta $0c87,x   [000c90] A:c68a X:0009 Y:00ff S:01ee D:0000 DB:00 NvMXdizc V: 56 H: 962 F:15
c204ef lda $0b       [00000b] A:c68a X:0009 Y:00ff S:01ee D:0000 DB:00 NvMXdizc V: 56 H: 994 F:15
c204f1 sta $0caf,x   [000cb8] A:c68f X:0009 Y:00ff S:01ee D:0000 DB:00 NvMXdizc V: 56 H:1014 F:15
c204f4 lda $0c       [00000c] A:c68f X:0009 Y:00ff S:01ee D:0000 DB:00 NvMXdizc V: 56 H:1046 F:15
c204f6 sta $0cd7,x   [000ce0] A:c6c6 X:0009 Y:00ff S:01ee D:0000 DB:00 NvMXdizc V: 56 H:1066 F:15
c204f9 rts                    A:c6c6 X:0009 Y:00ff S:01ee D:0000 DB:00 NvMXdizc V: 56 H:1098 F:15
c20418 ldy #$01               A:c6c6 X:0009 Y:00ff S:01f0 D:0000 DB:00 NvMXdizc V: 56 H:1138 F:15
c2041a jmp [$00bd]   [0000bd] A:c6c6 X:0009 Y:0001 S:01f0 D:0000 DB:00 nvMXdizc V: 56 H:1150 F:15
c21ae9 jsr $1ecf     [c21ecf] A:c6c6 X:0009 Y:0001 S:01f0 D:0000 DB:00 nvMXdizc V: 56 H:1192 F:15
c21ecf rep #$20               A:c6c6 X:0009 Y:0001 S:01ee D:0000 DB:00 nvMXdizc V: 56 H:1232 F:15
c21ed1 lda [$0d]     [c68f88] A:c6c6 X:0009 Y:0001 S:01ee D:0000 DB:00 nvmXdizc V: 56 H:1250 F:15
c21ed3 sta $bd       [0000bd] A:103d X:0009 Y:0001 S:01ee D:0000 DB:00 nvmXdizc V: 56 H:1298 F:15
c21ed5 sep #$20               A:103d X:0009 Y:0001 S:01ee D:0000 DB:00 nvmXdizc V: 56 H:1326 F:15
c21ed7 lda #$7e               A:103d X:0009 Y:0001 S:01ee D:0000 DB:00 nvMXdizc V: 56 H:1344 F:15
c21ed9 sta $bf       [0000bf] A:107e X:0009 Y:0001 S:01ee D:0000 DB:00 nvMXdizc V: 56 H:1356 F:15
c21edb rts                    A:107e X:0009 Y:0001 S:01ee D:0000 DB:00 nvMXdizc V: 57 H:  12 F:15
c21aec lda $0373     [000373] A:107e X:0009 Y:0001 S:01f0 D:0000 DB:00 nvMXdizc V: 57 H:  52 F:15
c21aef sta [$bd]     [7e103d] A:1001 X:0009 Y:0001 S:01f0 D:0000 DB:00 nvMXdizc V: 57 H:  78 F:15
c21af1 rts                    A:1001 X:0009 Y:0001 S:01f0 D:0000 DB:00 nvMXdizc V: 57 H: 122 F:15
c203c5 bra $040f     [c2040f] A:1001 X:0009 Y:0001 S:01f2 D:0000 DB:00 nvMXdizc V: 57 H: 162 F:15
c2040f plx                    A:1001 X:0009 Y:0001 S:01f2 D:0000 DB:00 nvMXdizc V: 57 H: 180 F:15
c20410 ply                    A:1001 X:0009 Y:0001 S:01f3 D:0000 DB:00 nvMXdizc V: 57 H: 206 F:15
c20411 rtl                    A:1001 X:0009 Y:00ff S:01f4 D:0000 DB:00 NvMXdizc V: 57 H: 232 F:15
c20234 lda $0d77,x   [000d80] A:1001 X:0009 Y:00ff S:01f7 D:0000 DB:00 NvMXdizc V: 57 H: 274 F:15
c20237 bmi $023b     [c2023b] A:1000 X:0009 Y:00ff S:01f7 D:0000 DB:00 nvMXdiZc V: 57 H: 300 F:15
c20239 lda #$00               A:1000 X:0009 Y:00ff S:01f7 D:0000 DB:00 nvMXdiZc V: 57 H: 312 F:15
c2023b and #$7f               A:1000 X:0009 Y:00ff S:01f7 D:0000 DB:00 nvMXdiZc V: 57 H: 324 F:15
c2023d sta $0d77,x   [000d80] A:1000 X:0009 Y:00ff S:01f7 D:0000 DB:00 nvMXdiZc V: 57 H: 336 F:15
c20240 bra $0222     [c20222] A:1000 X:0009 Y:00ff S:01f7 D:0000 DB:00 nvMXdiZc V: 57 H: 368 F:15
c20222 lda $0380     [000380] A:1000 X:0009 Y:00ff S:01f7 D:0000 DB:00 nvMXdiZc V: 57 H: 386 F:15
c20225 bit #$40               A:1000 X:0009 Y:00ff S:01f7 D:0000 DB:00 nvMXdiZc V: 57 H: 412 F:15
c20227 bne $0242     [c20242] A:1000 X:0009 Y:00ff S:01f7 D:0000 DB:00 nvMXdiZc V: 57 H: 424 F:15
c20229 jsr $0254     [c20254] A:1000 X:0009 Y:00ff S:01f7 D:0000 DB:00 nvMXdiZc V: 57 H: 436 F:15
c20254 rep #$20               A:1000 X:0009 Y:00ff S:01f5 D:0000 DB:00 nvMXdiZc V: 57 H: 476 F:15
c20256 lda $10       [000010] A:1000 X:0009 Y:00ff S:01f5 D:0000 DB:00 nvmXdiZc V: 57 H: 494 F:15
c20258 cmp #$0400             A:0006 X:0009 Y:00ff S:01f5 D:0000 DB:00 nvmXdizc V: 57 H: 522 F:15
c2025b bcc $025f     [c2025f] A:0006 X:0009 Y:00ff S:01f5 D:0000 DB:00 NvmXdizc V: 57 H: 580 F:15
c2025f rep #$20               A:0006 X:0009 Y:00ff S:01f5 D:0000 DB:00 NvmXdizc V: 57 H: 598 F:15
c20261 lda $0a       [00000a] A:0006 X:0009 Y:00ff S:01f5 D:0000 DB:00 NvmXdizc V: 57 H: 616 F:15
c20263 cmp #$0000             A:8f8a X:0009 Y:00ff S:01f5 D:0000 DB:00 NvmXdizc V: 57 H: 644 F:15
c20266 sep #$20               A:8f8a X:0009 Y:00ff S:01f5 D:0000 DB:00 NvmXdizC V: 57 H: 662 F:15
c20268 lda $0c       [00000c] A:8f8a X:0009 Y:00ff S:01f5 D:0000 DB:00 NvMXdizC V: 57 H: 680 F:15
c2026a sbc #$c6               A:8fc6 X:0009 Y:00ff S:01f5 D:0000 DB:00 NvMXdizC V: 57 H: 700 F:15
c2026c bcs $0270     [c20270] A:8f00 X:0009 Y:00ff S:01f5 D:0000 DB:00 nvMXdiZC V: 57 H: 712 F:15
c20270 rts                    A:8f00 X:0009 Y:00ff S:01f5 D:0000 DB:00 nvMXdiZC V: 57 H: 730 F:15
c2022c lda [$0a]     [c68f8a] A:8f00 X:0009 Y:00ff S:01f7 D:0000 DB:00 nvMXdiZC V: 57 H: 770 F:15
c2022e beq $0242     [c20242] A:8f36 X:0009 Y:00ff S:01f7 D:0000 DB:00 nvMXdizC V: 57 H: 812 F:15
c20230 jsl $c2038f   [c2038f] A:8f36 X:0009 Y:00ff S:01f7 D:0000 DB:00 nvMXdizC V: 57 H: 824 F:15
c2038f phy                    A:8f36 X:0009 Y:00ff S:01f4 D:0000 DB:00 nvMXdizC V: 57 H: 878 F:15
c20390 phx                    A:8f36 X:0009 Y:00ff S:01f3 D:0000 DB:00 nvMXdizC V: 57 H: 898 F:15
c20391 lda #$c2               A:8f36 X:0009 Y:00ff S:01f2 D:0000 DB:00 nvMXdizC V: 57 H: 918 F:15
c20393 sta $bf       [0000bf] A:8fc2 X:0009 Y:00ff S:01f2 D:0000 DB:00 NvMXdizC V: 57 H: 930 F:15
c20395 sta $c2       [0000c2] A:8fc2 X:0009 Y:00ff S:01f2 D:0000 DB:00 NvMXdizC V: 57 H: 950 F:15
c20397 lda [$0a]     [c68f8a] A:8fc2 X:0009 Y:00ff S:01f2 D:0000 DB:00 NvMXdizC V: 57 H: 970 F:15
c20399 cmp #$fe               A:8f36 X:0009 Y:00ff S:01f2 D:0000 DB:00 nvMXdizC V: 57 H:1012 F:15
c2039b bcs $03d1     [c203d1] A:8f36 X:0009 Y:00ff S:01f2 D:0000 DB:00 nvMXdizc V: 57 H:1024 F:15
c2039d cmp #$fd               A:8f36 X:0009 Y:00ff S:01f2 D:0000 DB:00 nvMXdizc V: 57 H:1036 F:15
c2039f beq $03cc     [c203cc] A:8f36 X:0009 Y:00ff S:01f2 D:0000 DB:00 nvMXdizc V: 57 H:1048 F:15
c203a1 cmp #$fc               A:8f36 X:0009 Y:00ff S:01f2 D:0000 DB:00 nvMXdizc V: 57 H:1060 F:15
c203a3 beq $03c7     [c203c7] A:8f36 X:0009 Y:00ff S:01f2 D:0000 DB:00 nvMXdizc V: 57 H:1072 F:15
c203a5 dec                    A:8f36 X:0009 Y:00ff S:01f2 D:0000 DB:00 nvMXdizc V: 57 H:1084 F:15
c203a6 tax                    A:8f35 X:0009 Y:00ff S:01f2 D:0000 DB:00 nvMXdizc V: 57 H:1096 F:15
c203a7 lda $c20af5,x [c20b2a] A:8f35 X:0035 Y:00ff S:01f2 D:0000 DB:00 nvMXdizc V: 57 H:1108 F:15
c203ab sta $b1       [0000b1] A:8f05 X:0035 Y:00ff S:01f2 D:0000 DB:00 nvMXdizc V: 57 H:1138 F:15
c203ad txa                    A:8f05 X:0035 Y:00ff S:01f2 D:0000 DB:00 nvMXdizc V: 57 H:1158 F:15
c203ae rep #$30               A:8f35 X:0035 Y:00ff S:01f2 D:0000 DB:00 nvMXdizc V: 57 H:1170 F:15
c203b0 and #$00ff             A:8f35 X:0035 Y:00ff S:01f2 D:0000 DB:00 nvmxdizc V: 57 H:1188 F:15
c203b3 asl a                  A:0035 X:0035 Y:00ff S:01f2 D:0000 DB:00 nvmxdizc V: 57 H:1206 F:15
c203b4 tax                    A:006a X:0035 Y:00ff S:01f2 D:0000 DB:00 nvmxdizc V: 57 H:1218 F:15
c203b5 lda $c204fa,x [c20564] A:006a X:006a Y:00ff S:01f2 D:0000 DB:00 nvmxdizc V: 57 H:1230 F:15
c203b9 sta $bd       [0000bd] A:1940 X:006a Y:00ff S:01f2 D:0000 DB:00 nvmxdizc V: 57 H:1266 F:15
c203bb sep #$30               A:1940 X:006a Y:00ff S:01f2 D:0000 DB:00 nvmxdizc V: 57 H:1294 F:15
c203bd lda #$01               A:1940 X:006a Y:00ff S:01f2 D:0000 DB:00 nvMXdizc V: 57 H:1312 F:15
c203bf jsr $041d     [c2041d] A:1901 X:006a Y:00ff S:01f2 D:0000 DB:00 nvMXdizc V: 57 H:1324 F:15
c2041d phx                    A:1901 X:006a Y:00ff S:01f0 D:0000 DB:00 nvMXdizc V: 58 H:   0 F:15
c2041e ldx $0073     [000073] A:1901 X:006a Y:00ff S:01ef D:0000 DB:00 nvMXdizc V: 58 H:  20 F:15
c20421 sta $0d9f,x   [000da8] A:1901 X:0009 Y:00ff S:01ef D:0000 DB:00 nvMXdizc V: 58 H:  46 F:15
c20424 lda $b1       [0000b1] A:1901 X:0009 Y:00ff S:01ef D:0000 DB:00 nvMXdizc V: 58 H:  78 F:15
c20426 sta $0dc7,x   [000dd0] A:1905 X:0009 Y:00ff S:01ef D:0000 DB:00 nvMXdizc V: 58 H:  98 F:15
c20429 lda $0d77,x   [000d80] A:1905 X:0009 Y:00ff S:01ef D:0000 DB:00 nvMXdizc V: 58 H: 130 F:15
c2042c bne $044c     [c2044c] A:1900 X:0009 Y:00ff S:01ef D:0000 DB:00 nvMXdiZc V: 58 H: 156 F:15
c2042e clc                    A:1900 X:0009 Y:00ff S:01ef D:0000 DB:00 nvMXdiZc V: 58 H: 168 F:15
c2042f lda $0d9f,x   [000da8] A:1900 X:0009 Y:00ff S:01ef D:0000 DB:00 nvMXdiZc V: 58 H: 180 F:15
c20432 adc $0a       [00000a] A:1901 X:0009 Y:00ff S:01ef D:0000 DB:00 nvMXdizc V: 58 H: 206 F:15
c20434 sta $0d       [00000d] A:198b X:0009 Y:00ff S:01ef D:0000 DB:00 NvMXdizc V: 58 H: 226 F:15
c20436 rep #$20               A:198b X:0009 Y:00ff S:01ef D:0000 DB:00 NvMXdizc V: 58 H: 246 F:15
c20438 lda #$0000             A:198b X:0009 Y:00ff S:01ef D:0000 DB:00 NvmXdizc V: 58 H: 264 F:15
c2043b adc $0b       [00000b] A:0000 X:0009 Y:00ff S:01ef D:0000 DB:00 nvmXdiZc V: 58 H: 282 F:15
c2043d sta $0e       [00000e] A:c68f X:0009 Y:00ff S:01ef D:0000 DB:00 NvmXdizc V: 58 H: 310 F:15
c2043f sep #$20               A:c68f X:0009 Y:00ff S:01ef D:0000 DB:00 NvmXdizc V: 58 H: 338 F:15
c20441 lda $0d9f,x   [000da8] A:c68f X:0009 Y:00ff S:01ef D:0000 DB:00 NvMXdizc V: 58 H: 356 F:15
c20444 clc                    A:c601 X:0009 Y:00ff S:01ef D:0000 DB:00 nvMXdizc V: 58 H: 382 F:15
c20445 adc $b1       [0000b1] A:c601 X:0009 Y:00ff S:01ef D:0000 DB:00 nvMXdizc V: 58 H: 394 F:15
c20447 sta $0d9f,x   [000da8] A:c606 X:0009 Y:00ff S:01ef D:0000 DB:00 nvMXdizc V: 58 H: 414 F:15
c2044a bra $0467     [c20467] A:c606 X:0009 Y:00ff S:01ef D:0000 DB:00 nvMXdizc V: 58 H: 446 F:15
c20467 clc                    A:c606 X:0009 Y:00ff S:01ef D:0000 DB:00 nvMXdizc V: 58 H: 464 F:15
c20468 lda $0d9f,x   [000da8] A:c606 X:0009 Y:00ff S:01ef D:0000 DB:00 nvMXdizc V: 58 H: 476 F:15
c2046b adc $0a       [00000a] A:c606 X:0009 Y:00ff S:01ef D:0000 DB:00 nvMXdizc V: 58 H: 502 F:15
c2046d sta $0a       [00000a] A:c690 X:0009 Y:00ff S:01ef D:0000 DB:00 NvMXdizc V: 58 H: 522 F:15
c2046f rep #$20               A:c690 X:0009 Y:00ff S:01ef D:0000 DB:00 NvMXdizc V: 58 H: 582 F:15
c20471 lda #$0000             A:c690 X:0009 Y:00ff S:01ef D:0000 DB:00 NvmXdizc V: 58 H: 600 F:15
c20474 adc $0b       [00000b] A:0000 X:0009 Y:00ff S:01ef D:0000 DB:00 nvmXdiZc V: 58 H: 618 F:15
c20476 sta $0b       [00000b] A:c68f X:0009 Y:00ff S:01ef D:0000 DB:00 NvmXdizc V: 58 H: 646 F:15
c20478 sep #$20               A:c68f X:0009 Y:00ff S:01ef D:0000 DB:00 NvmXdizc V: 58 H: 674 F:15
c2047a plx                    A:c68f X:0009 Y:00ff S:01ef D:0000 DB:00 NvMXdizc V: 58 H: 692 F:15
c2047b rts                    A:c68f X:006a Y:00ff S:01f0 D:0000 DB:00 nvMXdizc V: 58 H: 718 F:15
c203c2 jsr $0412     [c20412] A:c68f X:006a Y:00ff S:01f2 D:0000 DB:00 nvMXdizc V: 58 H: 758 F:15
c20412 ldx $0073     [000073] A:c68f X:006a Y:00ff S:01f0 D:0000 DB:00 nvMXdizc V: 58 H: 798 F:15
c20415 jsr $04ea     [c204ea] A:c68f X:0009 Y:00ff S:01f0 D:0000 DB:00 nvMXdizc V: 58 H: 824 F:15
c204ea lda $0a       [00000a] A:c68f X:0009 Y:00ff S:01ee D:0000 DB:00 nvMXdizc V: 58 H: 864 F:15
c204ec sta $0c87,x   [000c90] A:c690 X:0009 Y:00ff S:01ee D:0000 DB:00 NvMXdizc V: 58 H: 884 F:15
c204ef lda $0b       [00000b] A:c690 X:0009 Y:00ff S:01ee D:0000 DB:00 NvMXdizc V: 58 H: 916 F:15
c204f1 sta $0caf,x   [000cb8] A:c68f X:0009 Y:00ff S:01ee D:0000 DB:00 NvMXdizc V: 58 H: 936 F:15
c204f4 lda $0c       [00000c] A:c68f X:0009 Y:00ff S:01ee D:0000 DB:00 NvMXdizc V: 58 H: 968 F:15
c204f6 sta $0cd7,x   [000ce0] A:c6c6 X:0009 Y:00ff S:01ee D:0000 DB:00 NvMXdizc V: 58 H: 988 F:15
c204f9 rts                    A:c6c6 X:0009 Y:00ff S:01ee D:0000 DB:00 NvMXdizc V: 58 H:1020 F:15
c20418 ldy #$01               A:c6c6 X:0009 Y:00ff S:01f0 D:0000 DB:00 NvMXdizc V: 58 H:1060 F:15
c2041a jmp [$00bd]   [0000bd] A:c6c6 X:0009 Y:0001 S:01f0 D:0000 DB:00 nvMXdizc V: 58 H:1072 F:15
c21940 jsr $1956     [c21956] A:c6c6 X:0009 Y:0001 S:01f0 D:0000 DB:00 nvMXdizc V: 58 H:1114 F:15
c21956 ldy #$00               A:c6c6 X:0009 Y:0001 S:01ee D:0000 DB:00 nvMXdizc V: 58 H:1154 F:15
c21958 jsr $1971     [c21971] A:c6c6 X:0009 Y:0000 S:01ee D:0000 DB:00 nvMXdiZc V: 58 H:1166 F:15
c21971 rep #$20               A:c6c6 X:0009 Y:0000 S:01ec D:0000 DB:00 nvMXdiZc V: 58 H:1206 F:15
c21973 lda [$0d],y   [c68f8b] A:c6c6 X:0009 Y:0000 S:01ec D:0000 DB:00 nvmXdiZc V: 58 H:1224 F:15
c21975 sta $bd       [0000bd] A:103d X:0009 Y:0000 S:01ec D:0000 DB:00 nvmXdizc V: 58 H:1272 F:15
c21977 sep #$20               A:103d X:0009 Y:0000 S:01ec D:0000 DB:00 nvmXdizc V: 58 H:1300 F:15
c21979 lda #$7e               A:103d X:0009 Y:0000 S:01ec D:0000 DB:00 nvMXdizc V: 58 H:1318 F:15
c2197b sta $bf       [0000bf] A:107e X:0009 Y:0000 S:01ec D:0000 DB:00 nvMXdizc V: 58 H:1330 F:15
c2197d rts                    A:107e X:0009 Y:0000 S:01ec D:0000 DB:00 nvMXdizc V: 58 H:1350 F:15
c2195b lda [$bd]     [7e103d] A:107e X:0009 Y:0000 S:01ee D:0000 DB:00 nvMXdizc V: 59 H:  26 F:15
c2195d sta $b1       [0000b1] A:1001 X:0009 Y:0000 S:01ee D:0000 DB:00 nvMXdizc V: 59 H:  70 F:15
c2195f ldy #$02               A:1001 X:0009 Y:0000 S:01ee D:0000 DB:00 nvMXdizc V: 59 H:  90 F:15
c21961 rep #$20               A:1001 X:0009 Y:0002 S:01ee D:0000 DB:00 nvMXdizc V: 59 H: 102 F:15
c21963 lda [$0d],y   [c68f8d] A:1001 X:0009 Y:0002 S:01ee D:0000 DB:00 nvmXdizc V: 59 H: 120 F:15
c21965 sta $bd       [0000bd] A:7ecc X:0009 Y:0002 S:01ee D:0000 DB:00 nvmXdizc V: 59 H: 168 F:15
c21967 sep #$20               A:7ecc X:0009 Y:0002 S:01ee D:0000 DB:00 nvmXdizc V: 59 H: 196 F:15
c21969 iny                    A:7ecc X:0009 Y:0002 S:01ee D:0000 DB:00 nvMXdizc V: 59 H: 214 F:15
c2196a iny                    A:7ecc X:0009 Y:0003 S:01ee D:0000 DB:00 nvMXdizc V: 59 H: 226 F:15
c2196b lda [$0d],y   [c68f8f] A:7ecc X:0009 Y:0004 S:01ee D:0000 DB:00 nvMXdizc V: 59 H: 238 F:15
c2196d sta $bf       [0000bf] A:7ec6 X:0009 Y:0004 S:01ee D:0000 DB:00 NvMXdizc V: 59 H: 280 F:15
c2196f iny                    A:7ec6 X:0009 Y:0004 S:01ee D:0000 DB:00 NvMXdizc V: 59 H: 300 F:15
c21970 rts                    A:7ec6 X:0009 Y:0005 S:01ee D:0000 DB:00 nvMXdizc V: 59 H: 312 F:15
c21943 ldy $b1       [0000b1] A:7ec6 X:0009 Y:0005 S:01f0 D:0000 DB:00 nvMXdizc V: 59 H: 352 F:15
c21945 lda [$bd],y   [c67ecd] A:7ec6 X:0009 Y:0001 S:01f0 D:0000 DB:00 nvMXdizc V: 59 H: 372 F:15
c21947 jsl $c174d1   [c174d1] A:7e7b X:0009 Y:0001 S:01f0 D:0000 DB:00 nvMXdizc V: 59 H: 414 F:15
c174d1 sta $0373     [000373] A:7e7b X:0009 Y:0001 S:01ed D:0000 DB:00 nvMXdizc V: 59 H: 468 F:15
c174d4 stz $0374     [000374] A:7e7b X:0009 Y:0001 S:01ed D:0000 DB:00 nvMXdizc V: 59 H: 494 F:15
c174d7 rtl                    A:7e7b X:0009 Y:0001 S:01ed D:0000 DB:00 nvMXdizc V: 59 H: 520 F:15
c2194b rts                    A:7e7b X:0009 Y:0001 S:01f0 D:0000 DB:00 nvMXdizc V: 59 H: 602 F:15
c203c5 bra $040f     [c2040f] A:7e7b X:0009 Y:0001 S:01f2 D:0000 DB:00 nvMXdizc V: 59 H: 642 F:15
c2040f plx                    A:7e7b X:0009 Y:0001 S:01f2 D:0000 DB:00 nvMXdizc V: 59 H: 660 F:15
c20410 ply                    A:7e7b X:0009 Y:0001 S:01f3 D:0000 DB:00 nvMXdizc V: 59 H: 686 F:15
c20411 rtl                    A:7e7b X:0009 Y:00ff S:01f4 D:0000 DB:00 NvMXdizc V: 59 H: 712 F:15
c20234 lda $0d77,x   [000d80] A:7e7b X:0009 Y:00ff S:01f7 D:0000 DB:00 NvMXdizc V: 59 H: 754 F:15
c20237 bmi $023b     [c2023b] A:7e00 X:0009 Y:00ff S:01f7 D:0000 DB:00 nvMXdiZc V: 59 H: 780 F:15
c20239 lda #$00               A:7e00 X:0009 Y:00ff S:01f7 D:0000 DB:00 nvMXdiZc V: 59 H: 792 F:15
c2023b and #$7f               A:7e00 X:0009 Y:00ff S:01f7 D:0000 DB:00 nvMXdiZc V: 59 H: 804 F:15
c2023d sta $0d77,x   [000d80] A:7e00 X:0009 Y:00ff S:01f7 D:0000 DB:00 nvMXdiZc V: 59 H: 816 F:15
c20240 bra $0222     [c20222] A:7e00 X:0009 Y:00ff S:01f7 D:0000 DB:00 nvMXdiZc V: 59 H: 848 F:15
c20222 lda $0380     [000380] A:7e00 X:0009 Y:00ff S:01f7 D:0000 DB:00 nvMXdiZc V: 59 H: 866 F:15
c20225 bit #$40               A:7e00 X:0009 Y:00ff S:01f7 D:0000 DB:00 nvMXdiZc V: 59 H: 892 F:15
c20227 bne $0242     [c20242] A:7e00 X:0009 Y:00ff S:01f7 D:0000 DB:00 nvMXdiZc V: 59 H: 904 F:15
c20229 jsr $0254     [c20254] A:7e00 X:0009 Y:00ff S:01f7 D:0000 DB:00 nvMXdiZc V: 59 H: 916 F:15
c20254 rep #$20               A:7e00 X:0009 Y:00ff S:01f5 D:0000 DB:00 nvMXdiZc V: 59 H: 956 F:15
c20256 lda $10       [000010] A:7e00 X:0009 Y:00ff S:01f5 D:0000 DB:00 nvmXdiZc V: 59 H: 974 F:15
c20258 cmp #$0400             A:0006 X:0009 Y:00ff S:01f5 D:0000 DB:00 nvmXdizc V: 59 H:1002 F:15
c2025b bcc $025f     [c2025f] A:0006 X:0009 Y:00ff S:01f5 D:0000 DB:00 NvmXdizc V: 59 H:1020 F:15
c2025f rep #$20               A:0006 X:0009 Y:00ff S:01f5 D:0000 DB:00 NvmXdizc V: 59 H:1038 F:15
c20261 lda $0a       [00000a] A:0006 X:0009 Y:00ff S:01f5 D:0000 DB:00 NvmXdizc V: 59 H:1056 F:15
c20263 cmp #$0000             A:8f90 X:0009 Y:00ff S:01f5 D:0000 DB:00 NvmXdizc V: 59 H:1084 F:15
c20266 sep #$20               A:8f90 X:0009 Y:00ff S:01f5 D:0000 DB:00 NvmXdizC V: 59 H:1102 F:15
c20268 lda $0c       [00000c] A:8f90 X:0009 Y:00ff S:01f5 D:0000 DB:00 NvMXdizC V: 59 H:1120 F:15
c2026a sbc #$c6               A:8fc6 X:0009 Y:00ff S:01f5 D:0000 DB:00 NvMXdizC V: 59 H:1140 F:15
c2026c bcs $0270     [c20270] A:8f00 X:0009 Y:00ff S:01f5 D:0000 DB:00 nvMXdiZC V: 59 H:1152 F:15
c20270 rts                    A:8f00 X:0009 Y:00ff S:01f5 D:0000 DB:00 nvMXdiZC V: 59 H:1170 F:15
c2022c lda [$0a]     [c68f90] A:8f00 X:0009 Y:00ff S:01f7 D:0000 DB:00 nvMXdiZC V: 59 H:1210 F:15
c2022e beq $0242     [c20242] A:8f5f X:0009 Y:00ff S:01f7 D:0000 DB:00 nvMXdizC V: 59 H:1252 F:15
c20230 jsl $c2038f   [c2038f] A:8f5f X:0009 Y:00ff S:01f7 D:0000 DB:00 nvMXdizC V: 59 H:1264 F:15
c2038f phy                    A:8f5f X:0009 Y:00ff S:01f4 D:0000 DB:00 nvMXdizC V: 59 H:1318 F:15
c20390 phx                    A:8f5f X:0009 Y:00ff S:01f3 D:0000 DB:00 nvMXdizC V: 59 H:1338 F:15
c20391 lda #$c2               A:8f5f X:0009 Y:00ff S:01f2 D:0000 DB:00 nvMXdizC V: 59 H:1358 F:15
c20393 sta $bf       [0000bf] A:8fc2 X:0009 Y:00ff S:01f2 D:0000 DB:00 NvMXdizC V: 60 H:   6 F:15
c20395 sta $c2       [0000c2] A:8fc2 X:0009 Y:00ff S:01f2 D:0000 DB:00 NvMXdizC V: 60 H:  26 F:15
c20397 lda [$0a]     [c68f90] A:8fc2 X:0009 Y:00ff S:01f2 D:0000 DB:00 NvMXdizC V: 60 H:  46 F:15
c20399 cmp #$fe               A:8f5f X:0009 Y:00ff S:01f2 D:0000 DB:00 nvMXdizC V: 60 H:  88 F:15
c2039b bcs $03d1     [c203d1] A:8f5f X:0009 Y:00ff S:01f2 D:0000 DB:00 nvMXdizc V: 60 H: 100 F:15
c2039d cmp #$fd               A:8f5f X:0009 Y:00ff S:01f2 D:0000 DB:00 nvMXdizc V: 60 H: 112 F:15
c2039f beq $03cc     [c203cc] A:8f5f X:0009 Y:00ff S:01f2 D:0000 DB:00 nvMXdizc V: 60 H: 124 F:15
c203a1 cmp #$fc               A:8f5f X:0009 Y:00ff S:01f2 D:0000 DB:00 nvMXdizc V: 60 H: 136 F:15
c203a3 beq $03c7     [c203c7] A:8f5f X:0009 Y:00ff S:01f2 D:0000 DB:00 nvMXdizc V: 60 H: 148 F:15
c203a5 dec                    A:8f5f X:0009 Y:00ff S:01f2 D:0000 DB:00 nvMXdizc V: 60 H: 160 F:15
c203a6 tax                    A:8f5e X:0009 Y:00ff S:01f2 D:0000 DB:00 nvMXdizc V: 60 H: 172 F:15
c203a7 lda $c20af5,x [c20b53] A:8f5e X:005e Y:00ff S:01f2 D:0000 DB:00 nvMXdizc V: 60 H: 184 F:15
c203ab sta $b1       [0000b1] A:8f02 X:005e Y:00ff S:01f2 D:0000 DB:00 nvMXdizc V: 60 H: 214 F:15
c203ad txa                    A:8f02 X:005e Y:00ff S:01f2 D:0000 DB:00 nvMXdizc V: 60 H: 234 F:15
c203ae rep #$30               A:8f5e X:005e Y:00ff S:01f2 D:0000 DB:00 nvMXdizc V: 60 H: 246 F:15
c203b0 and #$00ff             A:8f5e X:005e Y:00ff S:01f2 D:0000 DB:00 nvmxdizc V: 60 H: 264 F:15
c203b3 asl a                  A:005e X:005e Y:00ff S:01f2 D:0000 DB:00 nvmxdizc V: 60 H: 282 F:15
c203b4 tax                    A:00bc X:005e Y:00ff S:01f2 D:0000 DB:00 nvmxdizc V: 60 H: 294 F:15
c203b5 lda $c204fa,x [c205b6] A:00bc X:00bc Y:00ff S:01f2 D:0000 DB:00 nvmxdizc V: 60 H: 306 F:15
c203b9 sta $bd       [0000bd] A:1ae9 X:00bc Y:00ff S:01f2 D:0000 DB:00 nvmxdizc V: 60 H: 342 F:15
c203bb sep #$30               A:1ae9 X:00bc Y:00ff S:01f2 D:0000 DB:00 nvmxdizc V: 60 H: 370 F:15
c203bd lda #$01               A:1ae9 X:00bc Y:00ff S:01f2 D:0000 DB:00 nvMXdizc V: 60 H: 388 F:15
c203bf jsr $041d     [c2041d] A:1a01 X:00bc Y:00ff S:01f2 D:0000 DB:00 nvMXdizc V: 60 H: 400 F:15
c2041d phx                    A:1a01 X:00bc Y:00ff S:01f0 D:0000 DB:00 nvMXdizc V: 60 H: 440 F:15
c2041e ldx $0073     [000073] A:1a01 X:00bc Y:00ff S:01ef D:0000 DB:00 nvMXdizc V: 60 H: 460 F:15
c20421 sta $0d9f,x   [000da8] A:1a01 X:0009 Y:00ff S:01ef D:0000 DB:00 nvMXdizc V: 60 H: 486 F:15
c20424 lda $b1       [0000b1] A:1a01 X:0009 Y:00ff S:01ef D:0000 DB:00 nvMXdizc V: 60 H: 518 F:15
c20426 sta $0dc7,x   [000dd0] A:1a02 X:0009 Y:00ff S:01ef D:0000 DB:00 nvMXdizc V: 60 H: 578 F:15
c20429 lda $0d77,x   [000d80] A:1a02 X:0009 Y:00ff S:01ef D:0000 DB:00 nvMXdizc V: 60 H: 610 F:15
c2042c bne $044c     [c2044c] A:1a00 X:0009 Y:00ff S:01ef D:0000 DB:00 nvMXdiZc V: 60 H: 636 F:15
c2042e clc                    A:1a00 X:0009 Y:00ff S:01ef D:0000 DB:00 nvMXdiZc V: 60 H: 648 F:15
c2042f lda $0d9f,x   [000da8] A:1a00 X:0009 Y:00ff S:01ef D:0000 DB:00 nvMXdiZc V: 60 H: 660 F:15
c20432 adc $0a       [00000a] A:1a01 X:0009 Y:00ff S:01ef D:0000 DB:00 nvMXdizc V: 60 H: 686 F:15
c20434 sta $0d       [00000d] A:1a91 X:0009 Y:00ff S:01ef D:0000 DB:00 NvMXdizc V: 60 H: 706 F:15
c20436 rep #$20               A:1a91 X:0009 Y:00ff S:01ef D:0000 DB:00 NvMXdizc V: 60 H: 726 F:15
c20438 lda #$0000             A:1a91 X:0009 Y:00ff S:01ef D:0000 DB:00 NvmXdizc V: 60 H: 744 F:15
c2043b adc $0b       [00000b] A:0000 X:0009 Y:00ff S:01ef D:0000 DB:00 nvmXdiZc V: 60 H: 762 F:15
c2043d sta $0e       [00000e] A:c68f X:0009 Y:00ff S:01ef D:0000 DB:00 NvmXdizc V: 60 H: 790 F:15
c2043f sep #$20               A:c68f X:0009 Y:00ff S:01ef D:0000 DB:00 NvmXdizc V: 60 H: 818 F:15
c20441 lda $0d9f,x   [000da8] A:c68f X:0009 Y:00ff S:01ef D:0000 DB:00 NvMXdizc V: 60 H: 836 F:15
c20444 clc                    A:c601 X:0009 Y:00ff S:01ef D:0000 DB:00 nvMXdizc V: 60 H: 862 F:15
c20445 adc $b1       [0000b1] A:c601 X:0009 Y:00ff S:01ef D:0000 DB:00 nvMXdizc V: 60 H: 874 F:15
c20447 sta $0d9f,x   [000da8] A:c603 X:0009 Y:00ff S:01ef D:0000 DB:00 nvMXdizc V: 60 H: 894 F:15
c2044a bra $0467     [c20467] A:c603 X:0009 Y:00ff S:01ef D:0000 DB:00 nvMXdizc V: 60 H: 926 F:15
c20467 clc                    A:c603 X:0009 Y:00ff S:01ef D:0000 DB:00 nvMXdizc V: 60 H: 944 F:15
c20468 lda $0d9f,x   [000da8] A:c603 X:0009 Y:00ff S:01ef D:0000 DB:00 nvMXdizc V: 60 H: 956 F:15
c2046b adc $0a       [00000a] A:c603 X:0009 Y:00ff S:01ef D:0000 DB:00 nvMXdizc V: 60 H: 982 F:15
c2046d sta $0a       [00000a] A:c693 X:0009 Y:00ff S:01ef D:0000 DB:00 NvMXdizc V: 60 H:1002 F:15
c2046f rep #$20               A:c693 X:0009 Y:00ff S:01ef D:0000 DB:00 NvMXdizc V: 60 H:1022 F:15
c20471 lda #$0000             A:c693 X:0009 Y:00ff S:01ef D:0000 DB:00 NvmXdizc V: 60 H:1040 F:15
c20474 adc $0b       [00000b] A:0000 X:0009 Y:00ff S:01ef D:0000 DB:00 nvmXdiZc V: 60 H:1058 F:15
c20476 sta $0b       [00000b] A:c68f X:0009 Y:00ff S:01ef D:0000 DB:00 NvmXdizc V: 60 H:1086 F:15
c20478 sep #$20               A:c68f X:0009 Y:00ff S:01ef D:0000 DB:00 NvmXdizc V: 60 H:1114 F:15
c2047a plx                    A:c68f X:0009 Y:00ff S:01ef D:0000 DB:00 NvMXdizc V: 60 H:1132 F:15
c2047b rts                    A:c68f X:00bc Y:00ff S:01f0 D:0000 DB:00 NvMXdizc V: 60 H:1158 F:15
c203c2 jsr $0412     [c20412] A:c68f X:00bc Y:00ff S:01f2 D:0000 DB:00 NvMXdizc V: 60 H:1198 F:15
c20412 ldx $0073     [000073] A:c68f X:00bc Y:00ff S:01f0 D:0000 DB:00 NvMXdizc V: 60 H:1238 F:15
c20415 jsr $04ea     [c204ea] A:c68f X:0009 Y:00ff S:01f0 D:0000 DB:00 nvMXdizc V: 60 H:1264 F:15
c204ea lda $0a       [00000a] A:c68f X:0009 Y:00ff S:01ee D:0000 DB:00 nvMXdizc V: 60 H:1304 F:15
c204ec sta $0c87,x   [000c90] A:c693 X:0009 Y:00ff S:01ee D:0000 DB:00 NvMXdizc V: 60 H:1324 F:15
c204ef lda $0b       [00000b] A:c693 X:0009 Y:00ff S:01ee D:0000 DB:00 NvMXdizc V: 60 H:1356 F:15
c204f1 sta $0caf,x   [000cb8] A:c68f X:0009 Y:00ff S:01ee D:0000 DB:00 NvMXdizc V: 61 H:  12 F:15
c204f4 lda $0c       [00000c] A:c68f X:0009 Y:00ff S:01ee D:0000 DB:00 NvMXdizc V: 61 H:  44 F:15
c204f6 sta $0cd7,x   [000ce0] A:c6c6 X:0009 Y:00ff S:01ee D:0000 DB:00 NvMXdizc V: 61 H:  64 F:15
c204f9 rts                    A:c6c6 X:0009 Y:00ff S:01ee D:0000 DB:00 NvMXdizc V: 61 H:  96 F:15
c20418 ldy #$01               A:c6c6 X:0009 Y:00ff S:01f0 D:0000 DB:00 NvMXdizc V: 61 H: 136 F:15
c2041a jmp [$00bd]   [0000bd] A:c6c6 X:0009 Y:0001 S:01f0 D:0000 DB:00 nvMXdizc V: 61 H: 148 F:15
c21ae9 jsr $1ecf     [c21ecf] A:c6c6 X:0009 Y:0001 S:01f0 D:0000 DB:00 nvMXdizc V: 61 H: 190 F:15
c21ecf rep #$20               A:c6c6 X:0009 Y:0001 S:01ee D:0000 DB:00 nvMXdizc V: 61 H: 230 F:15
c21ed1 lda [$0d]     [c68f91] A:c6c6 X:0009 Y:0001 S:01ee D:0000 DB:00 nvmXdizc V: 61 H: 248 F:15
c21ed3 sta $bd       [0000bd] A:103c X:0009 Y:0001 S:01ee D:0000 DB:00 nvmXdizc V: 61 H: 296 F:15
c21ed5 sep #$20               A:103c X:0009 Y:0001 S:01ee D:0000 DB:00 nvmXdizc V: 61 H: 324 F:15
c21ed7 lda #$7e               A:103c X:0009 Y:0001 S:01ee D:0000 DB:00 nvMXdizc V: 61 H: 342 F:15
c21ed9 sta $bf       [0000bf] A:107e X:0009 Y:0001 S:01ee D:0000 DB:00 nvMXdizc V: 61 H: 354 F:15
c21edb rts                    A:107e X:0009 Y:0001 S:01ee D:0000 DB:00 nvMXdizc V: 61 H: 374 F:15
c21aec lda $0373     [000373] A:107e X:0009 Y:0001 S:01f0 D:0000 DB:00 nvMXdizc V: 61 H: 414 F:15
c21aef sta [$bd]     [7e103c] A:107b X:0009 Y:0001 S:01f0 D:0000 DB:00 nvMXdizc V: 61 H: 440 F:15
c21af1 rts                    A:107b X:0009 Y:0001 S:01f0 D:0000 DB:00 nvMXdizc V: 61 H: 484 F:15
c203c5 bra $040f     [c2040f] A:107b X:0009 Y:0001 S:01f2 D:0000 DB:00 nvMXdizc V: 61 H: 524 F:15
c2040f plx                    A:107b X:0009 Y:0001 S:01f2 D:0000 DB:00 nvMXdizc V: 61 H: 582 F:15
c20410 ply                    A:107b X:0009 Y:0001 S:01f3 D:0000 DB:00 nvMXdizc V: 61 H: 608 F:15
c20411 rtl                    A:107b X:0009 Y:00ff S:01f4 D:0000 DB:00 NvMXdizc V: 61 H: 634 F:15
c20234 lda $0d77,x   [000d80] A:107b X:0009 Y:00ff S:01f7 D:0000 DB:00 NvMXdizc V: 61 H: 676 F:15
c20237 bmi $023b     [c2023b] A:1000 X:0009 Y:00ff S:01f7 D:0000 DB:00 nvMXdiZc V: 61 H: 702 F:15
c20239 lda #$00               A:1000 X:0009 Y:00ff S:01f7 D:0000 DB:00 nvMXdiZc V: 61 H: 714 F:15
c2023b and #$7f               A:1000 X:0009 Y:00ff S:01f7 D:0000 DB:00 nvMXdiZc V: 61 H: 726 F:15
c2023d sta $0d77,x   [000d80] A:1000 X:0009 Y:00ff S:01f7 D:0000 DB:00 nvMXdiZc V: 61 H: 738 F:15
c20240 bra $0222     [c20222] A:1000 X:0009 Y:00ff S:01f7 D:0000 DB:00 nvMXdiZc V: 61 H: 770 F:15
c20222 lda $0380     [000380] A:1000 X:0009 Y:00ff S:01f7 D:0000 DB:00 nvMXdiZc V: 61 H: 788 F:15
c20225 bit #$40               A:1000 X:0009 Y:00ff S:01f7 D:0000 DB:00 nvMXdiZc V: 61 H: 814 F:15
c20227 bne $0242     [c20242] A:1000 X:0009 Y:00ff S:01f7 D:0000 DB:00 nvMXdiZc V: 61 H: 826 F:15
c20229 jsr $0254     [c20254] A:1000 X:0009 Y:00ff S:01f7 D:0000 DB:00 nvMXdiZc V: 61 H: 838 F:15
c20254 rep #$20               A:1000 X:0009 Y:00ff S:01f5 D:0000 DB:00 nvMXdiZc V: 61 H: 878 F:15
c20256 lda $10       [000010] A:1000 X:0009 Y:00ff S:01f5 D:0000 DB:00 nvmXdiZc V: 61 H: 896 F:15
c20258 cmp #$0400             A:0006 X:0009 Y:00ff S:01f5 D:0000 DB:00 nvmXdizc V: 61 H: 924 F:15
c2025b bcc $025f     [c2025f] A:0006 X:0009 Y:00ff S:01f5 D:0000 DB:00 NvmXdizc V: 61 H: 942 F:15
c2025f rep #$20               A:0006 X:0009 Y:00ff S:01f5 D:0000 DB:00 NvmXdizc V: 61 H: 960 F:15
c20261 lda $0a       [00000a] A:0006 X:0009 Y:00ff S:01f5 D:0000 DB:00 NvmXdizc V: 61 H: 978 F:15
c20263 cmp #$0000             A:8f93 X:0009 Y:00ff S:01f5 D:0000 DB:00 NvmXdizc V: 61 H:1006 F:15
c20266 sep #$20               A:8f93 X:0009 Y:00ff S:01f5 D:0000 DB:00 NvmXdizC V: 61 H:1024 F:15
c20268 lda $0c       [00000c] A:8f93 X:0009 Y:00ff S:01f5 D:0000 DB:00 NvMXdizC V: 61 H:1042 F:15
c2026a sbc #$c6               A:8fc6 X:0009 Y:00ff S:01f5 D:0000 DB:00 NvMXdizC V: 61 H:1062 F:15
c2026c bcs $0270     [c20270] A:8f00 X:0009 Y:00ff S:01f5 D:0000 DB:00 nvMXdiZC V: 61 H:1074 F:15
c20270 rts                    A:8f00 X:0009 Y:00ff S:01f5 D:0000 DB:00 nvMXdiZC V: 61 H:1092 F:15
c2022c lda [$0a]     [c68f93] A:8f00 X:0009 Y:00ff S:01f7 D:0000 DB:00 nvMXdiZC V: 61 H:1132 F:15
c2022e beq $0242     [c20242] A:8f53 X:0009 Y:00ff S:01f7 D:0000 DB:00 nvMXdizC V: 61 H:1174 F:15
c20230 jsl $c2038f   [c2038f] A:8f53 X:0009 Y:00ff S:01f7 D:0000 DB:00 nvMXdizC V: 61 H:1186 F:15
c2038f phy                    A:8f53 X:0009 Y:00ff S:01f4 D:0000 DB:00 nvMXdizC V: 61 H:1240 F:15
c20390 phx                    A:8f53 X:0009 Y:00ff S:01f3 D:0000 DB:00 nvMXdizC V: 61 H:1260 F:15
c20391 lda #$c2               A:8f53 X:0009 Y:00ff S:01f2 D:0000 DB:00 nvMXdizC V: 61 H:1280 F:15
c20393 sta $bf       [0000bf] A:8fc2 X:0009 Y:00ff S:01f2 D:0000 DB:00 NvMXdizC V: 61 H:1292 F:15
c20395 sta $c2       [0000c2] A:8fc2 X:0009 Y:00ff S:01f2 D:0000 DB:00 NvMXdizC V: 61 H:1312 F:15
c20397 lda [$0a]     [c68f93] A:8fc2 X:0009 Y:00ff S:01f2 D:0000 DB:00 NvMXdizC V: 61 H:1332 F:15
c20399 cmp #$fe               A:8f53 X:0009 Y:00ff S:01f2 D:0000 DB:00 nvMXdizC V: 62 H:  10 F:15
c2039b bcs $03d1     [c203d1] A:8f53 X:0009 Y:00ff S:01f2 D:0000 DB:00 nvMXdizc V: 62 H:  22 F:15
c2039d cmp #$fd               A:8f53 X:0009 Y:00ff S:01f2 D:0000 DB:00 nvMXdizc V: 62 H:  34 F:15
c2039f beq $03cc     [c203cc] A:8f53 X:0009 Y:00ff S:01f2 D:0000 DB:00 nvMXdizc V: 62 H:  46 F:15
c203a1 cmp #$fc               A:8f53 X:0009 Y:00ff S:01f2 D:0000 DB:00 nvMXdizc V: 62 H:  58 F:15
c203a3 beq $03c7     [c203c7] A:8f53 X:0009 Y:00ff S:01f2 D:0000 DB:00 nvMXdizc V: 62 H:  70 F:15
c203a5 dec                    A:8f53 X:0009 Y:00ff S:01f2 D:0000 DB:00 nvMXdizc V: 62 H:  82 F:15
c203a6 tax                    A:8f52 X:0009 Y:00ff S:01f2 D:0000 DB:00 nvMXdizc V: 62 H:  94 F:15
c203a7 lda $c20af5,x [c20b47] A:8f52 X:0052 Y:00ff S:01f2 D:0000 DB:00 nvMXdizc V: 62 H: 106 F:15
c203ab sta $b1       [0000b1] A:8f02 X:0052 Y:00ff S:01f2 D:0000 DB:00 nvMXdizc V: 62 H: 136 F:15
c203ad txa                    A:8f02 X:0052 Y:00ff S:01f2 D:0000 DB:00 nvMXdizc V: 62 H: 156 F:15
c203ae rep #$30               A:8f52 X:0052 Y:00ff S:01f2 D:0000 DB:00 nvMXdizc V: 62 H: 168 F:15
c203b0 and #$00ff             A:8f52 X:0052 Y:00ff S:01f2 D:0000 DB:00 nvmxdizc V: 62 H: 186 F:15
c203b3 asl a                  A:0052 X:0052 Y:00ff S:01f2 D:0000 DB:00 nvmxdizc V: 62 H: 204 F:15
c203b4 tax                    A:00a4 X:0052 Y:00ff S:01f2 D:0000 DB:00 nvmxdizc V: 62 H: 216 F:15
c203b5 lda $c204fa,x [c2059e] A:00a4 X:00a4 Y:00ff S:01f2 D:0000 DB:00 nvmxdizc V: 62 H: 228 F:15
c203b9 sta $bd       [0000bd] A:1a3f X:00a4 Y:00ff S:01f2 D:0000 DB:00 nvmxdizc V: 62 H: 264 F:15
c203bb sep #$30               A:1a3f X:00a4 Y:00ff S:01f2 D:0000 DB:00 nvmxdizc V: 62 H: 292 F:15
c203bd lda #$01               A:1a3f X:00a4 Y:00ff S:01f2 D:0000 DB:00 nvMXdizc V: 62 H: 310 F:15
c203bf jsr $041d     [c2041d] A:1a01 X:00a4 Y:00ff S:01f2 D:0000 DB:00 nvMXdizc V: 62 H: 322 F:15
c2041d phx                    A:1a01 X:00a4 Y:00ff S:01f0 D:0000 DB:00 nvMXdizc V: 62 H: 362 F:15
c2041e ldx $0073     [000073] A:1a01 X:00a4 Y:00ff S:01ef D:0000 DB:00 nvMXdizc V: 62 H: 382 F:15
c20421 sta $0d9f,x   [000da8] A:1a01 X:0009 Y:00ff S:01ef D:0000 DB:00 nvMXdizc V: 62 H: 408 F:15
c20424 lda $b1       [0000b1] A:1a01 X:0009 Y:00ff S:01ef D:0000 DB:00 nvMXdizc V: 62 H: 440 F:15
c20426 sta $0dc7,x   [000dd0] A:1a02 X:0009 Y:00ff S:01ef D:0000 DB:00 nvMXdizc V: 62 H: 460 F:15
c20429 lda $0d77,x   [000d80] A:1a02 X:0009 Y:00ff S:01ef D:0000 DB:00 nvMXdizc V: 62 H: 492 F:15
c2042c bne $044c     [c2044c] A:1a00 X:0009 Y:00ff S:01ef D:0000 DB:00 nvMXdiZc V: 62 H: 518 F:15
c2042e clc                    A:1a00 X:0009 Y:00ff S:01ef D:0000 DB:00 nvMXdiZc V: 62 H: 530 F:15
c2042f lda $0d9f,x   [000da8] A:1a00 X:0009 Y:00ff S:01ef D:0000 DB:00 nvMXdiZc V: 62 H: 582 F:15
c20432 adc $0a       [00000a] A:1a01 X:0009 Y:00ff S:01ef D:0000 DB:00 nvMXdizc V: 62 H: 608 F:15
c20434 sta $0d       [00000d] A:1a94 X:0009 Y:00ff S:01ef D:0000 DB:00 NvMXdizc V: 62 H: 628 F:15
c20436 rep #$20               A:1a94 X:0009 Y:00ff S:01ef D:0000 DB:00 NvMXdizc V: 62 H: 648 F:15
c20438 lda #$0000             A:1a94 X:0009 Y:00ff S:01ef D:0000 DB:00 NvmXdizc V: 62 H: 666 F:15
c2043b adc $0b       [00000b] A:0000 X:0009 Y:00ff S:01ef D:0000 DB:00 nvmXdiZc V: 62 H: 684 F:15
c2043d sta $0e       [00000e] A:c68f X:0009 Y:00ff S:01ef D:0000 DB:00 NvmXdizc V: 62 H: 712 F:15
c2043f sep #$20               A:c68f X:0009 Y:00ff S:01ef D:0000 DB:00 NvmXdizc V: 62 H: 740 F:15
c20441 lda $0d9f,x   [000da8] A:c68f X:0009 Y:00ff S:01ef D:0000 DB:00 NvMXdizc V: 62 H: 758 F:15
c20444 clc                    A:c601 X:0009 Y:00ff S:01ef D:0000 DB:00 nvMXdizc V: 62 H: 784 F:15
c20445 adc $b1       [0000b1] A:c601 X:0009 Y:00ff S:01ef D:0000 DB:00 nvMXdizc V: 62 H: 796 F:15
c20447 sta $0d9f,x   [000da8] A:c603 X:0009 Y:00ff S:01ef D:0000 DB:00 nvMXdizc V: 62 H: 816 F:15
c2044a bra $0467     [c20467] A:c603 X:0009 Y:00ff S:01ef D:0000 DB:00 nvMXdizc V: 62 H: 848 F:15
c20467 clc                    A:c603 X:0009 Y:00ff S:01ef D:0000 DB:00 nvMXdizc V: 62 H: 866 F:15
c20468 lda $0d9f,x   [000da8] A:c603 X:0009 Y:00ff S:01ef D:0000 DB:00 nvMXdizc V: 62 H: 878 F:15
c2046b adc $0a       [00000a] A:c603 X:0009 Y:00ff S:01ef D:0000 DB:00 nvMXdizc V: 62 H: 904 F:15
c2046d sta $0a       [00000a] A:c696 X:0009 Y:00ff S:01ef D:0000 DB:00 NvMXdizc V: 62 H: 924 F:15
c2046f rep #$20               A:c696 X:0009 Y:00ff S:01ef D:0000 DB:00 NvMXdizc V: 62 H: 944 F:15
c20471 lda #$0000             A:c696 X:0009 Y:00ff S:01ef D:0000 DB:00 NvmXdizc V: 62 H: 962 F:15
c20474 adc $0b       [00000b] A:0000 X:0009 Y:00ff S:01ef D:0000 DB:00 nvmXdiZc V: 62 H: 980 F:15
c20476 sta $0b       [00000b] A:c68f X:0009 Y:00ff S:01ef D:0000 DB:00 NvmXdizc V: 62 H:1008 F:15
c20478 sep #$20               A:c68f X:0009 Y:00ff S:01ef D:0000 DB:00 NvmXdizc V: 62 H:1036 F:15
c2047a plx                    A:c68f X:0009 Y:00ff S:01ef D:0000 DB:00 NvMXdizc V: 62 H:1054 F:15
c2047b rts                    A:c68f X:00a4 Y:00ff S:01f0 D:0000 DB:00 NvMXdizc V: 62 H:1080 F:15
c203c2 jsr $0412     [c20412] A:c68f X:00a4 Y:00ff S:01f2 D:0000 DB:00 NvMXdizc V: 62 H:1120 F:15
c20412 ldx $0073     [000073] A:c68f X:00a4 Y:00ff S:01f0 D:0000 DB:00 NvMXdizc V: 62 H:1160 F:15
c20415 jsr $04ea     [c204ea] A:c68f X:0009 Y:00ff S:01f0 D:0000 DB:00 nvMXdizc V: 62 H:1186 F:15
c204ea lda $0a       [00000a] A:c68f X:0009 Y:00ff S:01ee D:0000 DB:00 nvMXdizc V: 62 H:1226 F:15
c204ec sta $0c87,x   [000c90] A:c696 X:0009 Y:00ff S:01ee D:0000 DB:00 NvMXdizc V: 62 H:1246 F:15
c204ef lda $0b       [00000b] A:c696 X:0009 Y:00ff S:01ee D:0000 DB:00 NvMXdizc V: 62 H:1278 F:15
c204f1 sta $0caf,x   [000cb8] A:c68f X:0009 Y:00ff S:01ee D:0000 DB:00 NvMXdizc V: 62 H:1298 F:15
c204f4 lda $0c       [00000c] A:c68f X:0009 Y:00ff S:01ee D:0000 DB:00 NvMXdizc V: 62 H:1330 F:15
c204f6 sta $0cd7,x   [000ce0] A:c6c6 X:0009 Y:00ff S:01ee D:0000 DB:00 NvMXdizc V: 62 H:1350 F:15
c204f9 rts                    A:c6c6 X:0009 Y:00ff S:01ee D:0000 DB:00 NvMXdizc V: 63 H:  18 F:15
c20418 ldy #$01               A:c6c6 X:0009 Y:00ff S:01f0 D:0000 DB:00 NvMXdizc V: 63 H:  58 F:15
c2041a jmp [$00bd]   [0000bd] A:c6c6 X:0009 Y:0001 S:01f0 D:0000 DB:00 nvMXdizc V: 63 H:  70 F:15
c21a3f lda #$01               A:c6c6 X:0009 Y:0001 S:01f0 D:0000 DB:00 nvMXdizc V: 63 H: 112 F:15
c21a41 sta $b1       [0000b1] A:c601 X:0009 Y:0001 S:01f0 D:0000 DB:00 nvMXdizc V: 63 H: 124 F:15
c21a43 stz $b2       [0000b2] A:c601 X:0009 Y:0001 S:01f0 D:0000 DB:00 nvMXdizc V: 63 H: 144 F:15
c21a45 jsr $1ecf     [c21ecf] A:c601 X:0009 Y:0001 S:01f0 D:0000 DB:00 nvMXdizc V: 63 H: 164 F:15
c21ecf rep #$20               A:c601 X:0009 Y:0001 S:01ee D:0000 DB:00 nvMXdizc V: 63 H: 204 F:15
c21ed1 lda [$0d]     [c68f94] A:c601 X:0009 Y:0001 S:01ee D:0000 DB:00 nvmXdizc V: 63 H: 222 F:15
c21ed3 sta $bd       [0000bd] A:103c X:0009 Y:0001 S:01ee D:0000 DB:00 nvmXdizc V: 63 H: 270 F:15
c21ed5 sep #$20               A:103c X:0009 Y:0001 S:01ee D:0000 DB:00 nvmXdizc V: 63 H: 298 F:15
c21ed7 lda #$7e               A:103c X:0009 Y:0001 S:01ee D:0000 DB:00 nvMXdizc V: 63 H: 316 F:15
c21ed9 sta $bf       [0000bf] A:107e X:0009 Y:0001 S:01ee D:0000 DB:00 nvMXdizc V: 63 H: 328 F:15
c21edb rts                    A:107e X:0009 Y:0001 S:01ee D:0000 DB:00 nvMXdizc V: 63 H: 348 F:15
c21a48 rep #$10               A:107e X:0009 Y:0001 S:01f0 D:0000 DB:00 nvMXdizc V: 63 H: 388 F:15
c21a4a ldy #$0000             A:107e X:0009 Y:0001 S:01f0 D:0000 DB:00 nvMxdizc V: 63 H: 406 F:15
c21a4d ldx $10       [000010] A:107e X:0009 Y:0000 S:01f0 D:0000 DB:00 nvMxdiZc V: 63 H: 424 F:15
c21a4f lda [$bd],y   [7e103c] A:107e X:0006 Y:0000 S:01f0 D:0000 DB:00 nvMxdizc V: 63 H: 452 F:15
c21a51 sta $7e2000,x [7e2006] A:107b X:0006 Y:0000 S:01f0 D:0000 DB:00 nvMxdizc V: 63 H: 496 F:15
c21a55 inx                    A:107b X:0006 Y:0000 S:01f0 D:0000 DB:00 nvMxdizc V: 63 H: 528 F:15
c21a56 iny                    A:107b X:0007 Y:0000 S:01f0 D:0000 DB:00 nvMxdizc V: 63 H: 580 F:15
c21a57 cpy $b1       [0000b1] A:107b X:0007 Y:0001 S:01f0 D:0000 DB:00 nvMxdizc V: 63 H: 592 F:15
c21a59 bcc $1a4f     [c21a4f] A:107b X:0007 Y:0001 S:01f0 D:0000 DB:00 nvMxdiZC V: 63 H: 620 F:15
c21a5b stx $10       [000010] A:107b X:0007 Y:0001 S:01f0 D:0000 DB:00 nvMxdiZC V: 63 H: 632 F:15
c21a5d sep #$10               A:107b X:0007 Y:0001 S:01f0 D:0000 DB:00 nvMxdiZC V: 63 H: 660 F:15
c21a5f rts                    A:107b X:0007 Y:0001 S:01f0 D:0000 DB:00 nvMXdiZC V: 63 H: 678 F:15
c203c5 bra $040f     [c2040f] A:107b X:0007 Y:0001 S:01f2 D:0000 DB:00 nvMXdiZC V: 63 H: 718 F:15
c2040f plx                    A:107b X:0007 Y:0001 S:01f2 D:0000 DB:00 nvMXdiZC V: 63 H: 736 F:15
c20410 ply                    A:107b X:0009 Y:0001 S:01f3 D:0000 DB:00 nvMXdizC V: 63 H: 762 F:15
c20411 rtl                    A:107b X:0009 Y:00ff S:01f4 D:0000 DB:00 NvMXdizC V: 63 H: 788 F:15
c20234 lda $0d77,x   [000d80] A:107b X:0009 Y:00ff S:01f7 D:0000 DB:00 NvMXdizC V: 63 H: 830 F:15
c20237 bmi $023b     [c2023b] A:1000 X:0009 Y:00ff S:01f7 D:0000 DB:00 nvMXdiZC V: 63 H: 856 F:15
c20239 lda #$00               A:1000 X:0009 Y:00ff S:01f7 D:0000 DB:00 nvMXdiZC V: 63 H: 868 F:15
c2023b and #$7f               A:1000 X:0009 Y:00ff S:01f7 D:0000 DB:00 nvMXdiZC V: 63 H: 880 F:15
c2023d sta $0d77,x   [000d80] A:1000 X:0009 Y:00ff S:01f7 D:0000 DB:00 nvMXdiZC V: 63 H: 892 F:15
c20240 bra $0222     [c20222] A:1000 X:0009 Y:00ff S:01f7 D:0000 DB:00 nvMXdiZC V: 63 H: 924 F:15
c20222 lda $0380     [000380] A:1000 X:0009 Y:00ff S:01f7 D:0000 DB:00 nvMXdiZC V: 63 H: 942 F:15
c20225 bit #$40               A:1000 X:0009 Y:00ff S:01f7 D:0000 DB:00 nvMXdiZC V: 63 H: 968 F:15
c20227 bne $0242     [c20242] A:1000 X:0009 Y:00ff S:01f7 D:0000 DB:00 nvMXdiZC V: 63 H: 980 F:15
c20229 jsr $0254     [c20254] A:1000 X:0009 Y:00ff S:01f7 D:0000 DB:00 nvMXdiZC V: 63 H: 992 F:15
c20254 rep #$20               A:1000 X:0009 Y:00ff S:01f5 D:0000 DB:00 nvMXdiZC V: 63 H:1032 F:15
c20256 lda $10       [000010] A:1000 X:0009 Y:00ff S:01f5 D:0000 DB:00 nvmXdiZC V: 63 H:1050 F:15
c20258 cmp #$0400             A:0007 X:0009 Y:00ff S:01f5 D:0000 DB:00 nvmXdizC V: 63 H:1078 F:15
c2025b bcc $025f     [c2025f] A:0007 X:0009 Y:00ff S:01f5 D:0000 DB:00 NvmXdizc V: 63 H:1096 F:15
c2025f rep #$20               A:0007 X:0009 Y:00ff S:01f5 D:0000 DB:00 NvmXdizc V: 63 H:1114 F:15
c20261 lda $0a       [00000a] A:0007 X:0009 Y:00ff S:01f5 D:0000 DB:00 NvmXdizc V: 63 H:1132 F:15
c20263 cmp #$0000             A:8f96 X:0009 Y:00ff S:01f5 D:0000 DB:00 NvmXdizc V: 63 H:1160 F:15
c20266 sep #$20               A:8f96 X:0009 Y:00ff S:01f5 D:0000 DB:00 NvmXdizC V: 63 H:1178 F:15
c20268 lda $0c       [00000c] A:8f96 X:0009 Y:00ff S:01f5 D:0000 DB:00 NvMXdizC V: 63 H:1196 F:15
c2026a sbc #$c6               A:8fc6 X:0009 Y:00ff S:01f5 D:0000 DB:00 NvMXdizC V: 63 H:1216 F:15
c2026c bcs $0270     [c20270] A:8f00 X:0009 Y:00ff S:01f5 D:0000 DB:00 nvMXdiZC V: 63 H:1228 F:15
c20270 rts                    A:8f00 X:0009 Y:00ff S:01f5 D:0000 DB:00 nvMXdiZC V: 63 H:1246 F:15
c2022c lda [$0a]     [c68f96] A:8f00 X:0009 Y:00ff S:01f7 D:0000 DB:00 nvMXdiZC V: 63 H:1286 F:15
c2022e beq $0242     [c20242] A:8f4f X:0009 Y:00ff S:01f7 D:0000 DB:00 nvMXdizC V: 63 H:1328 F:15
c20230 jsl $c2038f   [c2038f] A:8f4f X:0009 Y:00ff S:01f7 D:0000 DB:00 nvMXdizC V: 63 H:1340 F:15
c2038f phy                    A:8f4f X:0009 Y:00ff S:01f4 D:0000 DB:00 nvMXdizC V: 64 H:  30 F:15
c20390 phx                    A:8f4f X:0009 Y:00ff S:01f3 D:0000 DB:00 nvMXdizC V: 64 H:  50 F:15
c20391 lda #$c2               A:8f4f X:0009 Y:00ff S:01f2 D:0000 DB:00 nvMXdizC V: 64 H:  70 F:15
c20393 sta $bf       [0000bf] A:8fc2 X:0009 Y:00ff S:01f2 D:0000 DB:00 NvMXdizC V: 64 H:  82 F:15
c20395 sta $c2       [0000c2] A:8fc2 X:0009 Y:00ff S:01f2 D:0000 DB:00 NvMXdizC V: 64 H: 102 F:15
c20397 lda [$0a]     [c68f96] A:8fc2 X:0009 Y:00ff S:01f2 D:0000 DB:00 NvMXdizC V: 64 H: 122 F:15
c20399 cmp #$fe               A:8f4f X:0009 Y:00ff S:01f2 D:0000 DB:00 nvMXdizC V: 64 H: 164 F:15
c2039b bcs $03d1     [c203d1] A:8f4f X:0009 Y:00ff S:01f2 D:0000 DB:00 nvMXdizc V: 64 H: 176 F:15
c2039d cmp #$fd               A:8f4f X:0009 Y:00ff S:01f2 D:0000 DB:00 nvMXdizc V: 64 H: 188 F:15
c2039f beq $03cc     [c203cc] A:8f4f X:0009 Y:00ff S:01f2 D:0000 DB:00 nvMXdizc V: 64 H: 200 F:15
c203a1 cmp #$fc               A:8f4f X:0009 Y:00ff S:01f2 D:0000 DB:00 nvMXdizc V: 64 H: 212 F:15
c203a3 beq $03c7     [c203c7] A:8f4f X:0009 Y:00ff S:01f2 D:0000 DB:00 nvMXdizc V: 64 H: 224 F:15
c203a5 dec                    A:8f4f X:0009 Y:00ff S:01f2 D:0000 DB:00 nvMXdizc V: 64 H: 236 F:15
c203a6 tax                    A:8f4e X:0009 Y:00ff S:01f2 D:0000 DB:00 nvMXdizc V: 64 H: 248 F:15
c203a7 lda $c20af5,x [c20b43] A:8f4e X:004e Y:00ff S:01f2 D:0000 DB:00 nvMXdizc V: 64 H: 260 F:15
c203ab sta $b1       [0000b1] A:8f01 X:004e Y:00ff S:01f2 D:0000 DB:00 nvMXdizc V: 64 H: 290 F:15
c203ad txa                    A:8f01 X:004e Y:00ff S:01f2 D:0000 DB:00 nvMXdizc V: 64 H: 310 F:15
c203ae rep #$30               A:8f4e X:004e Y:00ff S:01f2 D:0000 DB:00 nvMXdizc V: 64 H: 322 F:15
c203b0 and #$00ff             A:8f4e X:004e Y:00ff S:01f2 D:0000 DB:00 nvmxdizc V: 64 H: 340 F:15
c203b3 asl a                  A:004e X:004e Y:00ff S:01f2 D:0000 DB:00 nvmxdizc V: 64 H: 358 F:15
c203b4 tax                    A:009c X:004e Y:00ff S:01f2 D:0000 DB:00 nvmxdizc V: 64 H: 370 F:15
c203b5 lda $c204fa,x [c20596] A:009c X:009c Y:00ff S:01f2 D:0000 DB:00 nvmxdizc V: 64 H: 382 F:15
c203b9 sta $bd       [0000bd] A:1a15 X:009c Y:00ff S:01f2 D:0000 DB:00 nvmxdizc V: 64 H: 418 F:15
c203bb sep #$30               A:1a15 X:009c Y:00ff S:01f2 D:0000 DB:00 nvmxdizc V: 64 H: 446 F:15
c203bd lda #$01               A:1a15 X:009c Y:00ff S:01f2 D:0000 DB:00 nvMXdizc V: 64 H: 464 F:15
c203bf jsr $041d     [c2041d] A:1a01 X:009c Y:00ff S:01f2 D:0000 DB:00 nvMXdizc V: 64 H: 476 F:15
c2041d phx                    A:1a01 X:009c Y:00ff S:01f0 D:0000 DB:00 nvMXdizc V: 64 H: 516 F:15
c2041e ldx $0073     [000073] A:1a01 X:009c Y:00ff S:01ef D:0000 DB:00 nvMXdizc V: 64 H: 576 F:15
c20421 sta $0d9f,x   [000da8] A:1a01 X:0009 Y:00ff S:01ef D:0000 DB:00 nvMXdizc V: 64 H: 602 F:15
c20424 lda $b1       [0000b1] A:1a01 X:0009 Y:00ff S:01ef D:0000 DB:00 nvMXdizc V: 64 H: 634 F:15
c20426 sta $0dc7,x   [000dd0] A:1a01 X:0009 Y:00ff S:01ef D:0000 DB:00 nvMXdizc V: 64 H: 654 F:15
c20429 lda $0d77,x   [000d80] A:1a01 X:0009 Y:00ff S:01ef D:0000 DB:00 nvMXdizc V: 64 H: 686 F:15
c2042c bne $044c     [c2044c] A:1a00 X:0009 Y:00ff S:01ef D:0000 DB:00 nvMXdiZc V: 64 H: 712 F:15
c2042e clc                    A:1a00 X:0009 Y:00ff S:01ef D:0000 DB:00 nvMXdiZc V: 64 H: 724 F:15
c2042f lda $0d9f,x   [000da8] A:1a00 X:0009 Y:00ff S:01ef D:0000 DB:00 nvMXdiZc V: 64 H: 736 F:15
c20432 adc $0a       [00000a] A:1a01 X:0009 Y:00ff S:01ef D:0000 DB:00 nvMXdizc V: 64 H: 762 F:15
c20434 sta $0d       [00000d] A:1a97 X:0009 Y:00ff S:01ef D:0000 DB:00 NvMXdizc V: 64 H: 782 F:15
c20436 rep #$20               A:1a97 X:0009 Y:00ff S:01ef D:0000 DB:00 NvMXdizc V: 64 H: 802 F:15
c20438 lda #$0000             A:1a97 X:0009 Y:00ff S:01ef D:0000 DB:00 NvmXdizc V: 64 H: 820 F:15
c2043b adc $0b       [00000b] A:0000 X:0009 Y:00ff S:01ef D:0000 DB:00 nvmXdiZc V: 64 H: 838 F:15
c2043d sta $0e       [00000e] A:c68f X:0009 Y:00ff S:01ef D:0000 DB:00 NvmXdizc V: 64 H: 866 F:15
c2043f sep #$20               A:c68f X:0009 Y:00ff S:01ef D:0000 DB:00 NvmXdizc V: 64 H: 894 F:15
c20441 lda $0d9f,x   [000da8] A:c68f X:0009 Y:00ff S:01ef D:0000 DB:00 NvMXdizc V: 64 H: 912 F:15
c20444 clc                    A:c601 X:0009 Y:00ff S:01ef D:0000 DB:00 nvMXdizc V: 64 H: 938 F:15
c20445 adc $b1       [0000b1] A:c601 X:0009 Y:00ff S:01ef D:0000 DB:00 nvMXdizc V: 64 H: 950 F:15
c20447 sta $0d9f,x   [000da8] A:c602 X:0009 Y:00ff S:01ef D:0000 DB:00 nvMXdizc V: 64 H: 970 F:15
c2044a bra $0467     [c20467] A:c602 X:0009 Y:00ff S:01ef D:0000 DB:00 nvMXdizc V: 64 H:1002 F:15
c20467 clc                    A:c602 X:0009 Y:00ff S:01ef D:0000 DB:00 nvMXdizc V: 64 H:1020 F:15
c20468 lda $0d9f,x   [000da8] A:c602 X:0009 Y:00ff S:01ef D:0000 DB:00 nvMXdizc V: 64 H:1032 F:15
c2046b adc $0a       [00000a] A:c602 X:0009 Y:00ff S:01ef D:0000 DB:00 nvMXdizc V: 64 H:1058 F:15
c2046d sta $0a       [00000a] A:c698 X:0009 Y:00ff S:01ef D:0000 DB:00 NvMXdizc V: 64 H:1078 F:15
c2046f rep #$20               A:c698 X:0009 Y:00ff S:01ef D:0000 DB:00 NvMXdizc V: 64 H:1098 F:15
c20471 lda #$0000             A:c698 X:0009 Y:00ff S:01ef D:0000 DB:00 NvmXdizc V: 64 H:1116 F:15
c20474 adc $0b       [00000b] A:0000 X:0009 Y:00ff S:01ef D:0000 DB:00 nvmXdiZc V: 64 H:1134 F:15
c20476 sta $0b       [00000b] A:c68f X:0009 Y:00ff S:01ef D:0000 DB:00 NvmXdizc V: 64 H:1162 F:15
c20478 sep #$20               A:c68f X:0009 Y:00ff S:01ef D:0000 DB:00 NvmXdizc V: 64 H:1190 F:15
c2047a plx                    A:c68f X:0009 Y:00ff S:01ef D:0000 DB:00 NvMXdizc V: 64 H:1208 F:15
c2047b rts                    A:c68f X:009c Y:00ff S:01f0 D:0000 DB:00 NvMXdizc V: 64 H:1234 F:15
c203c2 jsr $0412     [c20412] A:c68f X:009c Y:00ff S:01f2 D:0000 DB:00 NvMXdizc V: 64 H:1274 F:15
c20412 ldx $0073     [000073] A:c68f X:009c Y:00ff S:01f0 D:0000 DB:00 NvMXdizc V: 64 H:1314 F:15
c20415 jsr $04ea     [c204ea] A:c68f X:0009 Y:00ff S:01f0 D:0000 DB:00 nvMXdizc V: 64 H:1340 F:15
c204ea lda $0a       [00000a] A:c68f X:0009 Y:00ff S:01ee D:0000 DB:00 nvMXdizc V: 65 H:  16 F:15
c204ec sta $0c87,x   [000c90] A:c698 X:0009 Y:00ff S:01ee D:0000 DB:00 NvMXdizc V: 65 H:  36 F:15
c204ef lda $0b       [00000b] A:c698 X:0009 Y:00ff S:01ee D:0000 DB:00 NvMXdizc V: 65 H:  68 F:15
c204f1 sta $0caf,x   [000cb8] A:c68f X:0009 Y:00ff S:01ee D:0000 DB:00 NvMXdizc V: 65 H:  88 F:15
c204f4 lda $0c       [00000c] A:c68f X:0009 Y:00ff S:01ee D:0000 DB:00 NvMXdizc V: 65 H: 120 F:15
c204f6 sta $0cd7,x   [000ce0] A:c6c6 X:0009 Y:00ff S:01ee D:0000 DB:00 NvMXdizc V: 65 H: 140 F:15
c204f9 rts                    A:c6c6 X:0009 Y:00ff S:01ee D:0000 DB:00 NvMXdizc V: 65 H: 172 F:15
c20418 ldy #$01               A:c6c6 X:0009 Y:00ff S:01f0 D:0000 DB:00 NvMXdizc V: 65 H: 212 F:15
c2041a jmp [$00bd]   [0000bd] A:c6c6 X:0009 Y:0001 S:01f0 D:0000 DB:00 nvMXdizc V: 65 H: 224 F:15
c21a15 lda #$01               A:c6c6 X:0009 Y:0001 S:01f0 D:0000 DB:00 nvMXdizc V: 65 H: 266 F:15
c21a17 sta $b1       [0000b1] A:c601 X:0009 Y:0001 S:01f0 D:0000 DB:00 nvMXdizc V: 65 H: 278 F:15
c21a19 stz $b2       [0000b2] A:c601 X:0009 Y:0001 S:01f0 D:0000 DB:00 nvMXdizc V: 65 H: 298 F:15
c21a1b rep #$10               A:c601 X:0009 Y:0001 S:01f0 D:0000 DB:00 nvMXdizc V: 65 H: 318 F:15
c21a1d ldy #$0000             A:c601 X:0009 Y:0001 S:01f0 D:0000 DB:00 nvMxdizc V: 65 H: 336 F:15
c21a20 ldx $10       [000010] A:c601 X:0009 Y:0000 S:01f0 D:0000 DB:00 nvMxdiZc V: 65 H: 354 F:15
c21a22 lda [$0d],y   [c68f97] A:c601 X:0007 Y:0000 S:01f0 D:0000 DB:00 nvMxdizc V: 65 H: 382 F:15
c21a24 sta $7e2000,x [7e2007] A:c606 X:0007 Y:0000 S:01f0 D:0000 DB:00 nvMxdizc V: 65 H: 424 F:15
c21a28 inx                    A:c606 X:0007 Y:0000 S:01f0 D:0000 DB:00 nvMxdizc V: 65 H: 456 F:15
c21a29 iny                    A:c606 X:0008 Y:0000 S:01f0 D:0000 DB:00 nvMxdizc V: 65 H: 468 F:15
c21a2a cpy $b1       [0000b1] A:c606 X:0008 Y:0001 S:01f0 D:0000 DB:00 nvMxdizc V: 65 H: 480 F:15
c21a2c bcc $1a22     [c21a22] A:c606 X:0008 Y:0001 S:01f0 D:0000 DB:00 nvMxdiZC V: 65 H: 508 F:15
c21a2e stx $10       [000010] A:c606 X:0008 Y:0001 S:01f0 D:0000 DB:00 nvMxdiZC V: 65 H: 520 F:15
c21a30 sep #$10               A:c606 X:0008 Y:0001 S:01f0 D:0000 DB:00 nvMxdiZC V: 65 H: 588 F:15
c21a32 rts                    A:c606 X:0008 Y:0001 S:01f0 D:0000 DB:00 nvMXdiZC V: 65 H: 606 F:15
c203c5 bra $040f     [c2040f] A:c606 X:0008 Y:0001 S:01f2 D:0000 DB:00 nvMXdiZC V: 65 H: 646 F:15
c2040f plx                    A:c606 X:0008 Y:0001 S:01f2 D:0000 DB:00 nvMXdiZC V: 65 H: 664 F:15
c20410 ply                    A:c606 X:0009 Y:0001 S:01f3 D:0000 DB:00 nvMXdizC V: 65 H: 690 F:15
c20411 rtl                    A:c606 X:0009 Y:00ff S:01f4 D:0000 DB:00 NvMXdizC V: 65 H: 716 F:15
c20234 lda $0d77,x   [000d80] A:c606 X:0009 Y:00ff S:01f7 D:0000 DB:00 NvMXdizC V: 65 H: 758 F:15
c20237 bmi $023b     [c2023b] A:c600 X:0009 Y:00ff S:01f7 D:0000 DB:00 nvMXdiZC V: 65 H: 784 F:15
c20239 lda #$00               A:c600 X:0009 Y:00ff S:01f7 D:0000 DB:00 nvMXdiZC V: 65 H: 796 F:15
c2023b and #$7f               A:c600 X:0009 Y:00ff S:01f7 D:0000 DB:00 nvMXdiZC V: 65 H: 808 F:15
c2023d sta $0d77,x   [000d80] A:c600 X:0009 Y:00ff S:01f7 D:0000 DB:00 nvMXdiZC V: 65 H: 820 F:15
c20240 bra $0222     [c20222] A:c600 X:0009 Y:00ff S:01f7 D:0000 DB:00 nvMXdiZC V: 65 H: 852 F:15
c20222 lda $0380     [000380] A:c600 X:0009 Y:00ff S:01f7 D:0000 DB:00 nvMXdiZC V: 65 H: 870 F:15
c20225 bit #$40               A:c600 X:0009 Y:00ff S:01f7 D:0000 DB:00 nvMXdiZC V: 65 H: 896 F:15
c20227 bne $0242     [c20242] A:c600 X:0009 Y:00ff S:01f7 D:0000 DB:00 nvMXdiZC V: 65 H: 908 F:15
c20229 jsr $0254     [c20254] A:c600 X:0009 Y:00ff S:01f7 D:0000 DB:00 nvMXdiZC V: 65 H: 920 F:15
c20254 rep #$20               A:c600 X:0009 Y:00ff S:01f5 D:0000 DB:00 nvMXdiZC V: 65 H: 960 F:15
c20256 lda $10       [000010] A:c600 X:0009 Y:00ff S:01f5 D:0000 DB:00 nvmXdiZC V: 65 H: 978 F:15
c20258 cmp #$0400             A:0008 X:0009 Y:00ff S:01f5 D:0000 DB:00 nvmXdizC V: 65 H:1006 F:15
c2025b bcc $025f     [c2025f] A:0008 X:0009 Y:00ff S:01f5 D:0000 DB:00 NvmXdizc V: 65 H:1024 F:15
c2025f rep #$20               A:0008 X:0009 Y:00ff S:01f5 D:0000 DB:00 NvmXdizc V: 65 H:1042 F:15
c20261 lda $0a       [00000a] A:0008 X:0009 Y:00ff S:01f5 D:0000 DB:00 NvmXdizc V: 65 H:1060 F:15
c20263 cmp #$0000             A:8f98 X:0009 Y:00ff S:01f5 D:0000 DB:00 NvmXdizc V: 65 H:1088 F:15
c20266 sep #$20               A:8f98 X:0009 Y:00ff S:01f5 D:0000 DB:00 NvmXdizC V: 65 H:1106 F:15
c20268 lda $0c       [00000c] A:8f98 X:0009 Y:00ff S:01f5 D:0000 DB:00 NvMXdizC V: 65 H:1124 F:15
c2026a sbc #$c6               A:8fc6 X:0009 Y:00ff S:01f5 D:0000 DB:00 NvMXdizC V: 65 H:1144 F:15
c2026c bcs $0270     [c20270] A:8f00 X:0009 Y:00ff S:01f5 D:0000 DB:00 nvMXdiZC V: 65 H:1156 F:15
c20270 rts                    A:8f00 X:0009 Y:00ff S:01f5 D:0000 DB:00 nvMXdiZC V: 65 H:1174 F:15
c2022c lda [$0a]     [c68f98] A:8f00 X:0009 Y:00ff S:01f7 D:0000 DB:00 nvMXdiZC V: 65 H:1214 F:15
c2022e beq $0242     [c20242] A:8f4f X:0009 Y:00ff S:01f7 D:0000 DB:00 nvMXdizC V: 65 H:1256 F:15
c20230 jsl $c2038f   [c2038f] A:8f4f X:0009 Y:00ff S:01f7 D:0000 DB:00 nvMXdizC V: 65 H:1268 F:15
c2038f phy                    A:8f4f X:0009 Y:00ff S:01f4 D:0000 DB:00 nvMXdizC V: 65 H:1322 F:15
c20390 phx                    A:8f4f X:0009 Y:00ff S:01f3 D:0000 DB:00 nvMXdizC V: 65 H:1342 F:15
c20391 lda #$c2               A:8f4f X:0009 Y:00ff S:01f2 D:0000 DB:00 nvMXdizC V: 65 H:1362 F:15
c20393 sta $bf       [0000bf] A:8fc2 X:0009 Y:00ff S:01f2 D:0000 DB:00 NvMXdizC V: 66 H:  10 F:15
c20395 sta $c2       [0000c2] A:8fc2 X:0009 Y:00ff S:01f2 D:0000 DB:00 NvMXdizC V: 66 H:  30 F:15
c20397 lda [$0a]     [c68f98] A:8fc2 X:0009 Y:00ff S:01f2 D:0000 DB:00 NvMXdizC V: 66 H:  50 F:15
c20399 cmp #$fe               A:8f4f X:0009 Y:00ff S:01f2 D:0000 DB:00 nvMXdizC V: 66 H:  92 F:15
c2039b bcs $03d1     [c203d1] A:8f4f X:0009 Y:00ff S:01f2 D:0000 DB:00 nvMXdizc V: 66 H: 104 F:15
c2039d cmp #$fd               A:8f4f X:0009 Y:00ff S:01f2 D:0000 DB:00 nvMXdizc V: 66 H: 116 F:15
c2039f beq $03cc     [c203cc] A:8f4f X:0009 Y:00ff S:01f2 D:0000 DB:00 nvMXdizc V: 66 H: 128 F:15
c203a1 cmp #$fc               A:8f4f X:0009 Y:00ff S:01f2 D:0000 DB:00 nvMXdizc V: 66 H: 140 F:15
c203a3 beq $03c7     [c203c7] A:8f4f X:0009 Y:00ff S:01f2 D:0000 DB:00 nvMXdizc V: 66 H: 152 F:15
c203a5 dec                    A:8f4f X:0009 Y:00ff S:01f2 D:0000 DB:00 nvMXdizc V: 66 H: 164 F:15
c203a6 tax                    A:8f4e X:0009 Y:00ff S:01f2 D:0000 DB:00 nvMXdizc V: 66 H: 176 F:15
c203a7 lda $c20af5,x [c20b43] A:8f4e X:004e Y:00ff S:01f2 D:0000 DB:00 nvMXdizc V: 66 H: 188 F:15
c203ab sta $b1       [0000b1] A:8f01 X:004e Y:00ff S:01f2 D:0000 DB:00 nvMXdizc V: 66 H: 218 F:15
c203ad txa                    A:8f01 X:004e Y:00ff S:01f2 D:0000 DB:00 nvMXdizc V: 66 H: 238 F:15
c203ae rep #$30               A:8f4e X:004e Y:00ff S:01f2 D:0000 DB:00 nvMXdizc V: 66 H: 250 F:15
c203b0 and #$00ff             A:8f4e X:004e Y:00ff S:01f2 D:0000 DB:00 nvmxdizc V: 66 H: 268 F:15
c203b3 asl a                  A:004e X:004e Y:00ff S:01f2 D:0000 DB:00 nvmxdizc V: 66 H: 286 F:15
c203b4 tax                    A:009c X:004e Y:00ff S:01f2 D:0000 DB:00 nvmxdizc V: 66 H: 298 F:15
c203b5 lda $c204fa,x [c20596] A:009c X:009c Y:00ff S:01f2 D:0000 DB:00 nvmxdizc V: 66 H: 310 F:15
c203b9 sta $bd       [0000bd] A:1a15 X:009c Y:00ff S:01f2 D:0000 DB:00 nvmxdizc V: 66 H: 346 F:15
c203bb sep #$30               A:1a15 X:009c Y:00ff S:01f2 D:0000 DB:00 nvmxdizc V: 66 H: 374 F:15
c203bd lda #$01               A:1a15 X:009c Y:00ff S:01f2 D:0000 DB:00 nvMXdizc V: 66 H: 392 F:15
c203bf jsr $041d     [c2041d] A:1a01 X:009c Y:00ff S:01f2 D:0000 DB:00 nvMXdizc V: 66 H: 404 F:15
c2041d phx                    A:1a01 X:009c Y:00ff S:01f0 D:0000 DB:00 nvMXdizc V: 66 H: 444 F:15
c2041e ldx $0073     [000073] A:1a01 X:009c Y:00ff S:01ef D:0000 DB:00 nvMXdizc V: 66 H: 464 F:15
c20421 sta $0d9f,x   [000da8] A:1a01 X:0009 Y:00ff S:01ef D:0000 DB:00 nvMXdizc V: 66 H: 490 F:15
c20424 lda $b1       [0000b1] A:1a01 X:0009 Y:00ff S:01ef D:0000 DB:00 nvMXdizc V: 66 H: 522 F:15
c20426 sta $0dc7,x   [000dd0] A:1a01 X:0009 Y:00ff S:01ef D:0000 DB:00 nvMXdizc V: 66 H: 582 F:15
c20429 lda $0d77,x   [000d80] A:1a01 X:0009 Y:00ff S:01ef D:0000 DB:00 nvMXdizc V: 66 H: 614 F:15
c2042c bne $044c     [c2044c] A:1a00 X:0009 Y:00ff S:01ef D:0000 DB:00 nvMXdiZc V: 66 H: 640 F:15
c2042e clc                    A:1a00 X:0009 Y:00ff S:01ef D:0000 DB:00 nvMXdiZc V: 66 H: 652 F:15
c2042f lda $0d9f,x   [000da8] A:1a00 X:0009 Y:00ff S:01ef D:0000 DB:00 nvMXdiZc V: 66 H: 664 F:15
c20432 adc $0a       [00000a] A:1a01 X:0009 Y:00ff S:01ef D:0000 DB:00 nvMXdizc V: 66 H: 690 F:15
c20434 sta $0d       [00000d] A:1a99 X:0009 Y:00ff S:01ef D:0000 DB:00 NvMXdizc V: 66 H: 710 F:15
c20436 rep #$20               A:1a99 X:0009 Y:00ff S:01ef D:0000 DB:00 NvMXdizc V: 66 H: 730 F:15
c20438 lda #$0000             A:1a99 X:0009 Y:00ff S:01ef D:0000 DB:00 NvmXdizc V: 66 H: 748 F:15
c2043b adc $0b       [00000b] A:0000 X:0009 Y:00ff S:01ef D:0000 DB:00 nvmXdiZc V: 66 H: 766 F:15
c2043d sta $0e       [00000e] A:c68f X:0009 Y:00ff S:01ef D:0000 DB:00 NvmXdizc V: 66 H: 794 F:15
c2043f sep #$20               A:c68f X:0009 Y:00ff S:01ef D:0000 DB:00 NvmXdizc V: 66 H: 822 F:15
c20441 lda $0d9f,x   [000da8] A:c68f X:0009 Y:00ff S:01ef D:0000 DB:00 NvMXdizc V: 66 H: 840 F:15
c20444 clc                    A:c601 X:0009 Y:00ff S:01ef D:0000 DB:00 nvMXdizc V: 66 H: 866 F:15
c20445 adc $b1       [0000b1] A:c601 X:0009 Y:00ff S:01ef D:0000 DB:00 nvMXdizc V: 66 H: 878 F:15
c20447 sta $0d9f,x   [000da8] A:c602 X:0009 Y:00ff S:01ef D:0000 DB:00 nvMXdizc V: 66 H: 898 F:15
c2044a bra $0467     [c20467] A:c602 X:0009 Y:00ff S:01ef D:0000 DB:00 nvMXdizc V: 66 H: 930 F:15
c20467 clc                    A:c602 X:0009 Y:00ff S:01ef D:0000 DB:00 nvMXdizc V: 66 H: 948 F:15
c20468 lda $0d9f,x   [000da8] A:c602 X:0009 Y:00ff S:01ef D:0000 DB:00 nvMXdizc V: 66 H: 960 F:15
c2046b adc $0a       [00000a] A:c602 X:0009 Y:00ff S:01ef D:0000 DB:00 nvMXdizc V: 66 H: 986 F:15
c2046d sta $0a       [00000a] A:c69a X:0009 Y:00ff S:01ef D:0000 DB:00 NvMXdizc V: 66 H:1006 F:15
c2046f rep #$20               A:c69a X:0009 Y:00ff S:01ef D:0000 DB:00 NvMXdizc V: 66 H:1026 F:15
c20471 lda #$0000             A:c69a X:0009 Y:00ff S:01ef D:0000 DB:00 NvmXdizc V: 66 H:1044 F:15
c20474 adc $0b       [00000b] A:0000 X:0009 Y:00ff S:01ef D:0000 DB:00 nvmXdiZc V: 66 H:1062 F:15
c20476 sta $0b       [00000b] A:c68f X:0009 Y:00ff S:01ef D:0000 DB:00 NvmXdizc V: 66 H:1090 F:15
c20478 sep #$20               A:c68f X:0009 Y:00ff S:01ef D:0000 DB:00 NvmXdizc V: 66 H:1118 F:15
c2047a plx                    A:c68f X:0009 Y:00ff S:01ef D:0000 DB:00 NvMXdizc V: 66 H:1136 F:15
c2047b rts                    A:c68f X:009c Y:00ff S:01f0 D:0000 DB:00 NvMXdizc V: 66 H:1162 F:15
c203c2 jsr $0412     [c20412] A:c68f X:009c Y:00ff S:01f2 D:0000 DB:00 NvMXdizc V: 66 H:1202 F:15
c20412 ldx $0073     [000073] A:c68f X:009c Y:00ff S:01f0 D:0000 DB:00 NvMXdizc V: 66 H:1242 F:15
c20415 jsr $04ea     [c204ea] A:c68f X:0009 Y:00ff S:01f0 D:0000 DB:00 nvMXdizc V: 66 H:1268 F:15
c204ea lda $0a       [00000a] A:c68f X:0009 Y:00ff S:01ee D:0000 DB:00 nvMXdizc V: 66 H:1308 F:15
c204ec sta $0c87,x   [000c90] A:c69a X:0009 Y:00ff S:01ee D:0000 DB:00 NvMXdizc V: 66 H:1328 F:15
c204ef lda $0b       [00000b] A:c69a X:0009 Y:00ff S:01ee D:0000 DB:00 NvMXdizc V: 66 H:1360 F:15
c204f1 sta $0caf,x   [000cb8] A:c68f X:0009 Y:00ff S:01ee D:0000 DB:00 NvMXdizc V: 67 H:  16 F:15
c204f4 lda $0c       [00000c] A:c68f X:0009 Y:00ff S:01ee D:0000 DB:00 NvMXdizc V: 67 H:  48 F:15
c204f6 sta $0cd7,x   [000ce0] A:c6c6 X:0009 Y:00ff S:01ee D:0000 DB:00 NvMXdizc V: 67 H:  68 F:15
c204f9 rts                    A:c6c6 X:0009 Y:00ff S:01ee D:0000 DB:00 NvMXdizc V: 67 H: 100 F:15
c20418 ldy #$01               A:c6c6 X:0009 Y:00ff S:01f0 D:0000 DB:00 NvMXdizc V: 67 H: 140 F:15
c2041a jmp [$00bd]   [0000bd] A:c6c6 X:0009 Y:0001 S:01f0 D:0000 DB:00 nvMXdizc V: 67 H: 152 F:15
c21a15 lda #$01               A:c6c6 X:0009 Y:0001 S:01f0 D:0000 DB:00 nvMXdizc V: 67 H: 194 F:15
c21a17 sta $b1       [0000b1] A:c601 X:0009 Y:0001 S:01f0 D:0000 DB:00 nvMXdizc V: 67 H: 206 F:15
c21a19 stz $b2       [0000b2] A:c601 X:0009 Y:0001 S:01f0 D:0000 DB:00 nvMXdizc V: 67 H: 226 F:15
c21a1b rep #$10               A:c601 X:0009 Y:0001 S:01f0 D:0000 DB:00 nvMXdizc V: 67 H: 246 F:15
c21a1d ldy #$0000             A:c601 X:0009 Y:0001 S:01f0 D:0000 DB:00 nvMxdizc V: 67 H: 264 F:15
c21a20 ldx $10       [000010] A:c601 X:0009 Y:0000 S:01f0 D:0000 DB:00 nvMxdiZc V: 67 H: 282 F:15
c21a22 lda [$0d],y   [c68f99] A:c601 X:0008 Y:0000 S:01f0 D:0000 DB:00 nvMxdizc V: 67 H: 310 F:15
c21a24 sta $7e2000,x [7e2008] A:c601 X:0008 Y:0000 S:01f0 D:0000 DB:00 nvMxdizc V: 67 H: 352 F:15
c21a28 inx                    A:c601 X:0008 Y:0000 S:01f0 D:0000 DB:00 nvMxdizc V: 67 H: 384 F:15
c21a29 iny                    A:c601 X:0009 Y:0000 S:01f0 D:0000 DB:00 nvMxdizc V: 67 H: 396 F:15
c21a2a cpy $b1       [0000b1] A:c601 X:0009 Y:0001 S:01f0 D:0000 DB:00 nvMxdizc V: 67 H: 408 F:15
c21a2c bcc $1a22     [c21a22] A:c601 X:0009 Y:0001 S:01f0 D:0000 DB:00 nvMxdiZC V: 67 H: 436 F:15
c21a2e stx $10       [000010] A:c601 X:0009 Y:0001 S:01f0 D:0000 DB:00 nvMxdiZC V: 67 H: 448 F:15
c21a30 sep #$10               A:c601 X:0009 Y:0001 S:01f0 D:0000 DB:00 nvMxdiZC V: 67 H: 476 F:15
c21a32 rts                    A:c601 X:0009 Y:0001 S:01f0 D:0000 DB:00 nvMXdiZC V: 67 H: 494 F:15
c203c5 bra $040f     [c2040f] A:c601 X:0009 Y:0001 S:01f2 D:0000 DB:00 nvMXdiZC V: 67 H: 534 F:15
c2040f plx                    A:c601 X:0009 Y:0001 S:01f2 D:0000 DB:00 nvMXdiZC V: 67 H: 592 F:15
c20410 ply                    A:c601 X:0009 Y:0001 S:01f3 D:0000 DB:00 nvMXdizC V: 67 H: 618 F:15
c20411 rtl                    A:c601 X:0009 Y:00ff S:01f4 D:0000 DB:00 NvMXdizC V: 67 H: 644 F:15
c20234 lda $0d77,x   [000d80] A:c601 X:0009 Y:00ff S:01f7 D:0000 DB:00 NvMXdizC V: 67 H: 686 F:15
c20237 bmi $023b     [c2023b] A:c600 X:0009 Y:00ff S:01f7 D:0000 DB:00 nvMXdiZC V: 67 H: 712 F:15
c20239 lda #$00               A:c600 X:0009 Y:00ff S:01f7 D:0000 DB:00 nvMXdiZC V: 67 H: 724 F:15
c2023b and #$7f               A:c600 X:0009 Y:00ff S:01f7 D:0000 DB:00 nvMXdiZC V: 67 H: 736 F:15
c2023d sta $0d77,x   [000d80] A:c600 X:0009 Y:00ff S:01f7 D:0000 DB:00 nvMXdiZC V: 67 H: 748 F:15
c20240 bra $0222     [c20222] A:c600 X:0009 Y:00ff S:01f7 D:0000 DB:00 nvMXdiZC V: 67 H: 780 F:15
c20222 lda $0380     [000380] A:c600 X:0009 Y:00ff S:01f7 D:0000 DB:00 nvMXdiZC V: 67 H: 798 F:15
c20225 bit #$40               A:c600 X:0009 Y:00ff S:01f7 D:0000 DB:00 nvMXdiZC V: 67 H: 824 F:15
c20227 bne $0242     [c20242] A:c600 X:0009 Y:00ff S:01f7 D:0000 DB:00 nvMXdiZC V: 67 H: 836 F:15
c20229 jsr $0254     [c20254] A:c600 X:0009 Y:00ff S:01f7 D:0000 DB:00 nvMXdiZC V: 67 H: 848 F:15
c20254 rep #$20               A:c600 X:0009 Y:00ff S:01f5 D:0000 DB:00 nvMXdiZC V: 67 H: 888 F:15
c20256 lda $10       [000010] A:c600 X:0009 Y:00ff S:01f5 D:0000 DB:00 nvmXdiZC V: 67 H: 906 F:15
c20258 cmp #$0400             A:0009 X:0009 Y:00ff S:01f5 D:0000 DB:00 nvmXdizC V: 67 H: 934 F:15
c2025b bcc $025f     [c2025f] A:0009 X:0009 Y:00ff S:01f5 D:0000 DB:00 NvmXdizc V: 67 H: 952 F:15
c2025f rep #$20               A:0009 X:0009 Y:00ff S:01f5 D:0000 DB:00 NvmXdizc V: 67 H: 970 F:15
c20261 lda $0a       [00000a] A:0009 X:0009 Y:00ff S:01f5 D:0000 DB:00 NvmXdizc V: 67 H: 988 F:15
c20263 cmp #$0000             A:8f9a X:0009 Y:00ff S:01f5 D:0000 DB:00 NvmXdizc V: 67 H:1016 F:15
c20266 sep #$20               A:8f9a X:0009 Y:00ff S:01f5 D:0000 DB:00 NvmXdizC V: 67 H:1034 F:15
c20268 lda $0c       [00000c] A:8f9a X:0009 Y:00ff S:01f5 D:0000 DB:00 NvMXdizC V: 67 H:1052 F:15
c2026a sbc #$c6               A:8fc6 X:0009 Y:00ff S:01f5 D:0000 DB:00 NvMXdizC V: 67 H:1072 F:15
c2026c bcs $0270     [c20270] A:8f00 X:0009 Y:00ff S:01f5 D:0000 DB:00 nvMXdiZC V: 67 H:1084 F:15
c20270 rts                    A:8f00 X:0009 Y:00ff S:01f5 D:0000 DB:00 nvMXdiZC V: 67 H:1102 F:15
c2022c lda [$0a]     [c68f9a] A:8f00 X:0009 Y:00ff S:01f7 D:0000 DB:00 nvMXdiZC V: 67 H:1142 F:15
c2022e beq $0242     [c20242] A:8f4f X:0009 Y:00ff S:01f7 D:0000 DB:00 nvMXdizC V: 67 H:1184 F:15
c20230 jsl $c2038f   [c2038f] A:8f4f X:0009 Y:00ff S:01f7 D:0000 DB:00 nvMXdizC V: 67 H:1196 F:15
c2038f phy                    A:8f4f X:0009 Y:00ff S:01f4 D:0000 DB:00 nvMXdizC V: 67 H:1250 F:15
c20390 phx                    A:8f4f X:0009 Y:00ff S:01f3 D:0000 DB:00 nvMXdizC V: 67 H:1270 F:15
c20391 lda #$c2               A:8f4f X:0009 Y:00ff S:01f2 D:0000 DB:00 nvMXdizC V: 67 H:1290 F:15
c20393 sta $bf       [0000bf] A:8fc2 X:0009 Y:00ff S:01f2 D:0000 DB:00 NvMXdizC V: 67 H:1302 F:15
c20395 sta $c2       [0000c2] A:8fc2 X:0009 Y:00ff S:01f2 D:0000 DB:00 NvMXdizC V: 67 H:1322 F:15
c20397 lda [$0a]     [c68f9a] A:8fc2 X:0009 Y:00ff S:01f2 D:0000 DB:00 NvMXdizC V: 67 H:1342 F:15
c20399 cmp #$fe               A:8f4f X:0009 Y:00ff S:01f2 D:0000 DB:00 nvMXdizC V: 68 H:  20 F:15
c2039b bcs $03d1     [c203d1] A:8f4f X:0009 Y:00ff S:01f2 D:0000 DB:00 nvMXdizc V: 68 H:  32 F:15
c2039d cmp #$fd               A:8f4f X:0009 Y:00ff S:01f2 D:0000 DB:00 nvMXdizc V: 68 H:  44 F:15
c2039f beq $03cc     [c203cc] A:8f4f X:0009 Y:00ff S:01f2 D:0000 DB:00 nvMXdizc V: 68 H:  56 F:15
c203a1 cmp #$fc               A:8f4f X:0009 Y:00ff S:01f2 D:0000 DB:00 nvMXdizc V: 68 H:  68 F:15
c203a3 beq $03c7     [c203c7] A:8f4f X:0009 Y:00ff S:01f2 D:0000 DB:00 nvMXdizc V: 68 H:  80 F:15
c203a5 dec                    A:8f4f X:0009 Y:00ff S:01f2 D:0000 DB:00 nvMXdizc V: 68 H:  92 F:15
c203a6 tax                    A:8f4e X:0009 Y:00ff S:01f2 D:0000 DB:00 nvMXdizc V: 68 H: 104 F:15
c203a7 lda $c20af5,x [c20b43] A:8f4e X:004e Y:00ff S:01f2 D:0000 DB:00 nvMXdizc V: 68 H: 116 F:15
c203ab sta $b1       [0000b1] A:8f01 X:004e Y:00ff S:01f2 D:0000 DB:00 nvMXdizc V: 68 H: 146 F:15
c203ad txa                    A:8f01 X:004e Y:00ff S:01f2 D:0000 DB:00 nvMXdizc V: 68 H: 166 F:15
c203ae rep #$30               A:8f4e X:004e Y:00ff S:01f2 D:0000 DB:00 nvMXdizc V: 68 H: 178 F:15
c203b0 and #$00ff             A:8f4e X:004e Y:00ff S:01f2 D:0000 DB:00 nvmxdizc V: 68 H: 196 F:15
c203b3 asl a                  A:004e X:004e Y:00ff S:01f2 D:0000 DB:00 nvmxdizc V: 68 H: 214 F:15
c203b4 tax                    A:009c X:004e Y:00ff S:01f2 D:0000 DB:00 nvmxdizc V: 68 H: 226 F:15
c203b5 lda $c204fa,x [c20596] A:009c X:009c Y:00ff S:01f2 D:0000 DB:00 nvmxdizc V: 68 H: 238 F:15
c203b9 sta $bd       [0000bd] A:1a15 X:009c Y:00ff S:01f2 D:0000 DB:00 nvmxdizc V: 68 H: 274 F:15
c203bb sep #$30               A:1a15 X:009c Y:00ff S:01f2 D:0000 DB:00 nvmxdizc V: 68 H: 302 F:15
c203bd lda #$01               A:1a15 X:009c Y:00ff S:01f2 D:0000 DB:00 nvMXdizc V: 68 H: 320 F:15
c203bf jsr $041d     [c2041d] A:1a01 X:009c Y:00ff S:01f2 D:0000 DB:00 nvMXdizc V: 68 H: 332 F:15
c2041d phx                    A:1a01 X:009c Y:00ff S:01f0 D:0000 DB:00 nvMXdizc V: 68 H: 372 F:15
c2041e ldx $0073     [000073] A:1a01 X:009c Y:00ff S:01ef D:0000 DB:00 nvMXdizc V: 68 H: 392 F:15
c20421 sta $0d9f,x   [000da8] A:1a01 X:0009 Y:00ff S:01ef D:0000 DB:00 nvMXdizc V: 68 H: 418 F:15
c20424 lda $b1       [0000b1] A:1a01 X:0009 Y:00ff S:01ef D:0000 DB:00 nvMXdizc V: 68 H: 450 F:15
c20426 sta $0dc7,x   [000dd0] A:1a01 X:0009 Y:00ff S:01ef D:0000 DB:00 nvMXdizc V: 68 H: 470 F:15
c20429 lda $0d77,x   [000d80] A:1a01 X:0009 Y:00ff S:01ef D:0000 DB:00 nvMXdizc V: 68 H: 502 F:15
c2042c bne $044c     [c2044c] A:1a00 X:0009 Y:00ff S:01ef D:0000 DB:00 nvMXdiZc V: 68 H: 528 F:15
c2042e clc                    A:1a00 X:0009 Y:00ff S:01ef D:0000 DB:00 nvMXdiZc V: 68 H: 580 F:15
c2042f lda $0d9f,x   [000da8] A:1a00 X:0009 Y:00ff S:01ef D:0000 DB:00 nvMXdiZc V: 68 H: 592 F:15
c20432 adc $0a       [00000a] A:1a01 X:0009 Y:00ff S:01ef D:0000 DB:00 nvMXdizc V: 68 H: 618 F:15
c20434 sta $0d       [00000d] A:1a9b X:0009 Y:00ff S:01ef D:0000 DB:00 NvMXdizc V: 68 H: 638 F:15
c20436 rep #$20               A:1a9b X:0009 Y:00ff S:01ef D:0000 DB:00 NvMXdizc V: 68 H: 658 F:15
c20438 lda #$0000             A:1a9b X:0009 Y:00ff S:01ef D:0000 DB:00 NvmXdizc V: 68 H: 676 F:15
c2043b adc $0b       [00000b] A:0000 X:0009 Y:00ff S:01ef D:0000 DB:00 nvmXdiZc V: 68 H: 694 F:15
c2043d sta $0e       [00000e] A:c68f X:0009 Y:00ff S:01ef D:0000 DB:00 NvmXdizc V: 68 H: 722 F:15
c2043f sep #$20               A:c68f X:0009 Y:00ff S:01ef D:0000 DB:00 NvmXdizc V: 68 H: 750 F:15
c20441 lda $0d9f,x   [000da8] A:c68f X:0009 Y:00ff S:01ef D:0000 DB:00 NvMXdizc V: 68 H: 768 F:15
c20444 clc                    A:c601 X:0009 Y:00ff S:01ef D:0000 DB:00 nvMXdizc V: 68 H: 794 F:15
c20445 adc $b1       [0000b1] A:c601 X:0009 Y:00ff S:01ef D:0000 DB:00 nvMXdizc V: 68 H: 806 F:15
c20447 sta $0d9f,x   [000da8] A:c602 X:0009 Y:00ff S:01ef D:0000 DB:00 nvMXdizc V: 68 H: 826 F:15
c2044a bra $0467     [c20467] A:c602 X:0009 Y:00ff S:01ef D:0000 DB:00 nvMXdizc V: 68 H: 858 F:15
c20467 clc                    A:c602 X:0009 Y:00ff S:01ef D:0000 DB:00 nvMXdizc V: 68 H: 876 F:15
c20468 lda $0d9f,x   [000da8] A:c602 X:0009 Y:00ff S:01ef D:0000 DB:00 nvMXdizc V: 68 H: 888 F:15
c2046b adc $0a       [00000a] A:c602 X:0009 Y:00ff S:01ef D:0000 DB:00 nvMXdizc V: 68 H: 914 F:15
c2046d sta $0a       [00000a] A:c69c X:0009 Y:00ff S:01ef D:0000 DB:00 NvMXdizc V: 68 H: 934 F:15
c2046f rep #$20               A:c69c X:0009 Y:00ff S:01ef D:0000 DB:00 NvMXdizc V: 68 H: 954 F:15
c20471 lda #$0000             A:c69c X:0009 Y:00ff S:01ef D:0000 DB:00 NvmXdizc V: 68 H: 972 F:15
c20474 adc $0b       [00000b] A:0000 X:0009 Y:00ff S:01ef D:0000 DB:00 nvmXdiZc V: 68 H: 990 F:15
c20476 sta $0b       [00000b] A:c68f X:0009 Y:00ff S:01ef D:0000 DB:00 NvmXdizc V: 68 H:1018 F:15
c20478 sep #$20               A:c68f X:0009 Y:00ff S:01ef D:0000 DB:00 NvmXdizc V: 68 H:1046 F:15
c2047a plx                    A:c68f X:0009 Y:00ff S:01ef D:0000 DB:00 NvMXdizc V: 68 H:1064 F:15
c2047b rts                    A:c68f X:009c Y:00ff S:01f0 D:0000 DB:00 NvMXdizc V: 68 H:1090 F:15
c203c2 jsr $0412     [c20412] A:c68f X:009c Y:00ff S:01f2 D:0000 DB:00 NvMXdizc V: 68 H:1130 F:15
c20412 ldx $0073     [000073] A:c68f X:009c Y:00ff S:01f0 D:0000 DB:00 NvMXdizc V: 68 H:1170 F:15
c20415 jsr $04ea     [c204ea] A:c68f X:0009 Y:00ff S:01f0 D:0000 DB:00 nvMXdizc V: 68 H:1196 F:15
c204ea lda $0a       [00000a] A:c68f X:0009 Y:00ff S:01ee D:0000 DB:00 nvMXdizc V: 68 H:1236 F:15
c204ec sta $0c87,x   [000c90] A:c69c X:0009 Y:00ff S:01ee D:0000 DB:00 NvMXdizc V: 68 H:1256 F:15
c204ef lda $0b       [00000b] A:c69c X:0009 Y:00ff S:01ee D:0000 DB:00 NvMXdizc V: 68 H:1288 F:15
c204f1 sta $0caf,x   [000cb8] A:c68f X:0009 Y:00ff S:01ee D:0000 DB:00 NvMXdizc V: 68 H:1308 F:15
c204f4 lda $0c       [00000c] A:c68f X:0009 Y:00ff S:01ee D:0000 DB:00 NvMXdizc V: 68 H:1340 F:15
c204f6 sta $0cd7,x   [000ce0] A:c6c6 X:0009 Y:00ff S:01ee D:0000 DB:00 NvMXdizc V: 68 H:1360 F:15
c204f9 rts                    A:c6c6 X:0009 Y:00ff S:01ee D:0000 DB:00 NvMXdizc V: 69 H:  28 F:15
c20418 ldy #$01               A:c6c6 X:0009 Y:00ff S:01f0 D:0000 DB:00 NvMXdizc V: 69 H:  68 F:15
c2041a jmp [$00bd]   [0000bd] A:c6c6 X:0009 Y:0001 S:01f0 D:0000 DB:00 nvMXdizc V: 69 H:  80 F:15
c21a15 lda #$01               A:c6c6 X:0009 Y:0001 S:01f0 D:0000 DB:00 nvMXdizc V: 69 H: 122 F:15
c21a17 sta $b1       [0000b1] A:c601 X:0009 Y:0001 S:01f0 D:0000 DB:00 nvMXdizc V: 69 H: 134 F:15
c21a19 stz $b2       [0000b2] A:c601 X:0009 Y:0001 S:01f0 D:0000 DB:00 nvMXdizc V: 69 H: 154 F:15
c21a1b rep #$10               A:c601 X:0009 Y:0001 S:01f0 D:0000 DB:00 nvMXdizc V: 69 H: 174 F:15
c21a1d ldy #$0000             A:c601 X:0009 Y:0001 S:01f0 D:0000 DB:00 nvMxdizc V: 69 H: 192 F:15
c21a20 ldx $10       [000010] A:c601 X:0009 Y:0000 S:01f0 D:0000 DB:00 nvMxdiZc V: 69 H: 210 F:15
c21a22 lda [$0d],y   [c68f9b] A:c601 X:0009 Y:0000 S:01f0 D:0000 DB:00 nvMxdizc V: 69 H: 238 F:15
c21a24 sta $7e2000,x [7e2009] A:c616 X:0009 Y:0000 S:01f0 D:0000 DB:00 nvMxdizc V: 69 H: 280 F:15
c21a28 inx                    A:c616 X:0009 Y:0000 S:01f0 D:0000 DB:00 nvMxdizc V: 69 H: 312 F:15
c21a29 iny                    A:c616 X:000a Y:0000 S:01f0 D:0000 DB:00 nvMxdizc V: 69 H: 324 F:15
c21a2a cpy $b1       [0000b1] A:c616 X:000a Y:0001 S:01f0 D:0000 DB:00 nvMxdizc V: 69 H: 336 F:15
c21a2c bcc $1a22     [c21a22] A:c616 X:000a Y:0001 S:01f0 D:0000 DB:00 nvMxdiZC V: 69 H: 364 F:15
c21a2e stx $10       [000010] A:c616 X:000a Y:0001 S:01f0 D:0000 DB:00 nvMxdiZC V: 69 H: 376 F:15
c21a30 sep #$10               A:c616 X:000a Y:0001 S:01f0 D:0000 DB:00 nvMxdiZC V: 69 H: 404 F:15
c21a32 rts                    A:c616 X:000a Y:0001 S:01f0 D:0000 DB:00 nvMXdiZC V: 69 H: 422 F:15
c203c5 bra $040f     [c2040f] A:c616 X:000a Y:0001 S:01f2 D:0000 DB:00 nvMXdiZC V: 69 H: 462 F:15
c2040f plx                    A:c616 X:000a Y:0001 S:01f2 D:0000 DB:00 nvMXdiZC V: 69 H: 480 F:15
c20410 ply                    A:c616 X:0009 Y:0001 S:01f3 D:0000 DB:00 nvMXdizC V: 69 H: 506 F:15
c20411 rtl                    A:c616 X:0009 Y:00ff S:01f4 D:0000 DB:00 NvMXdizC V: 69 H: 532 F:15
c20234 lda $0d77,x   [000d80] A:c616 X:0009 Y:00ff S:01f7 D:0000 DB:00 NvMXdizC V: 69 H: 614 F:15
c20237 bmi $023b     [c2023b] A:c600 X:0009 Y:00ff S:01f7 D:0000 DB:00 nvMXdiZC V: 69 H: 640 F:15
c20239 lda #$00               A:c600 X:0009 Y:00ff S:01f7 D:0000 DB:00 nvMXdiZC V: 69 H: 652 F:15
c2023b and #$7f               A:c600 X:0009 Y:00ff S:01f7 D:0000 DB:00 nvMXdiZC V: 69 H: 664 F:15
c2023d sta $0d77,x   [000d80] A:c600 X:0009 Y:00ff S:01f7 D:0000 DB:00 nvMXdiZC V: 69 H: 676 F:15
c20240 bra $0222     [c20222] A:c600 X:0009 Y:00ff S:01f7 D:0000 DB:00 nvMXdiZC V: 69 H: 708 F:15
c20222 lda $0380     [000380] A:c600 X:0009 Y:00ff S:01f7 D:0000 DB:00 nvMXdiZC V: 69 H: 726 F:15
c20225 bit #$40               A:c600 X:0009 Y:00ff S:01f7 D:0000 DB:00 nvMXdiZC V: 69 H: 752 F:15
c20227 bne $0242     [c20242] A:c600 X:0009 Y:00ff S:01f7 D:0000 DB:00 nvMXdiZC V: 69 H: 764 F:15
c20229 jsr $0254     [c20254] A:c600 X:0009 Y:00ff S:01f7 D:0000 DB:00 nvMXdiZC V: 69 H: 776 F:15
c20254 rep #$20               A:c600 X:0009 Y:00ff S:01f5 D:0000 DB:00 nvMXdiZC V: 69 H: 816 F:15
c20256 lda $10       [000010] A:c600 X:0009 Y:00ff S:01f5 D:0000 DB:00 nvmXdiZC V: 69 H: 834 F:15
c20258 cmp #$0400             A:000a X:0009 Y:00ff S:01f5 D:0000 DB:00 nvmXdizC V: 69 H: 862 F:15
c2025b bcc $025f     [c2025f] A:000a X:0009 Y:00ff S:01f5 D:0000 DB:00 NvmXdizc V: 69 H: 880 F:15
c2025f rep #$20               A:000a X:0009 Y:00ff S:01f5 D:0000 DB:00 NvmXdizc V: 69 H: 898 F:15
c20261 lda $0a       [00000a] A:000a X:0009 Y:00ff S:01f5 D:0000 DB:00 NvmXdizc V: 69 H: 916 F:15
c20263 cmp #$0000             A:8f9c X:0009 Y:00ff S:01f5 D:0000 DB:00 NvmXdizc V: 69 H: 944 F:15
c20266 sep #$20               A:8f9c X:0009 Y:00ff S:01f5 D:0000 DB:00 NvmXdizC V: 69 H: 962 F:15
c20268 lda $0c       [00000c] A:8f9c X:0009 Y:00ff S:01f5 D:0000 DB:00 NvMXdizC V: 69 H: 980 F:15
c2026a sbc #$c6               A:8fc6 X:0009 Y:00ff S:01f5 D:0000 DB:00 NvMXdizC V: 69 H:1000 F:15
c2026c bcs $0270     [c20270] A:8f00 X:0009 Y:00ff S:01f5 D:0000 DB:00 nvMXdiZC V: 69 H:1012 F:15
c20270 rts                    A:8f00 X:0009 Y:00ff S:01f5 D:0000 DB:00 nvMXdiZC V: 69 H:1030 F:15
c2022c lda [$0a]     [c68f9c] A:8f00 X:0009 Y:00ff S:01f7 D:0000 DB:00 nvMXdiZC V: 69 H:1070 F:15
c2022e beq $0242     [c20242] A:8f4f X:0009 Y:00ff S:01f7 D:0000 DB:00 nvMXdizC V: 69 H:1112 F:15
c20230 jsl $c2038f   [c2038f] A:8f4f X:0009 Y:00ff S:01f7 D:0000 DB:00 nvMXdizC V: 69 H:1124 F:15
c2038f phy                    A:8f4f X:0009 Y:00ff S:01f4 D:0000 DB:00 nvMXdizC V: 69 H:1178 F:15
c20390 phx                    A:8f4f X:0009 Y:00ff S:01f3 D:0000 DB:00 nvMXdizC V: 69 H:1198 F:15
c20391 lda #$c2               A:8f4f X:0009 Y:00ff S:01f2 D:0000 DB:00 nvMXdizC V: 69 H:1218 F:15
c20393 sta $bf       [0000bf] A:8fc2 X:0009 Y:00ff S:01f2 D:0000 DB:00 NvMXdizC V: 69 H:1230 F:15
c20395 sta $c2       [0000c2] A:8fc2 X:0009 Y:00ff S:01f2 D:0000 DB:00 NvMXdizC V: 69 H:1250 F:15
c20397 lda [$0a]     [c68f9c] A:8fc2 X:0009 Y:00ff S:01f2 D:0000 DB:00 NvMXdizC V: 69 H:1270 F:15
c20399 cmp #$fe               A:8f4f X:0009 Y:00ff S:01f2 D:0000 DB:00 nvMXdizC V: 69 H:1312 F:15
c2039b bcs $03d1     [c203d1] A:8f4f X:0009 Y:00ff S:01f2 D:0000 DB:00 nvMXdizc V: 69 H:1324 F:15
c2039d cmp #$fd               A:8f4f X:0009 Y:00ff S:01f2 D:0000 DB:00 nvMXdizc V: 69 H:1336 F:15
c2039f beq $03cc     [c203cc] A:8f4f X:0009 Y:00ff S:01f2 D:0000 DB:00 nvMXdizc V: 69 H:1348 F:15
c203a1 cmp #$fc               A:8f4f X:0009 Y:00ff S:01f2 D:0000 DB:00 nvMXdizc V: 69 H:1360 F:15
c203a3 beq $03c7     [c203c7] A:8f4f X:0009 Y:00ff S:01f2 D:0000 DB:00 nvMXdizc V: 70 H:   8 F:15
c203a5 dec                    A:8f4f X:0009 Y:00ff S:01f2 D:0000 DB:00 nvMXdizc V: 70 H:  20 F:15
c203a6 tax                    A:8f4e X:0009 Y:00ff S:01f2 D:0000 DB:00 nvMXdizc V: 70 H:  32 F:15
c203a7 lda $c20af5,x [c20b43] A:8f4e X:004e Y:00ff S:01f2 D:0000 DB:00 nvMXdizc V: 70 H:  44 F:15
c203ab sta $b1       [0000b1] A:8f01 X:004e Y:00ff S:01f2 D:0000 DB:00 nvMXdizc V: 70 H:  74 F:15
c203ad txa                    A:8f01 X:004e Y:00ff S:01f2 D:0000 DB:00 nvMXdizc V: 70 H:  94 F:15
c203ae rep #$30               A:8f4e X:004e Y:00ff S:01f2 D:0000 DB:00 nvMXdizc V: 70 H: 106 F:15
c203b0 and #$00ff             A:8f4e X:004e Y:00ff S:01f2 D:0000 DB:00 nvmxdizc V: 70 H: 124 F:15
c203b3 asl a                  A:004e X:004e Y:00ff S:01f2 D:0000 DB:00 nvmxdizc V: 70 H: 142 F:15
c203b4 tax                    A:009c X:004e Y:00ff S:01f2 D:0000 DB:00 nvmxdizc V: 70 H: 154 F:15
c203b5 lda $c204fa,x [c20596] A:009c X:009c Y:00ff S:01f2 D:0000 DB:00 nvmxdizc V: 70 H: 166 F:15
c203b9 sta $bd       [0000bd] A:1a15 X:009c Y:00ff S:01f2 D:0000 DB:00 nvmxdizc V: 70 H: 202 F:15
c203bb sep #$30               A:1a15 X:009c Y:00ff S:01f2 D:0000 DB:00 nvmxdizc V: 70 H: 230 F:15
c203bd lda #$01               A:1a15 X:009c Y:00ff S:01f2 D:0000 DB:00 nvMXdizc V: 70 H: 248 F:15
c203bf jsr $041d     [c2041d] A:1a01 X:009c Y:00ff S:01f2 D:0000 DB:00 nvMXdizc V: 70 H: 260 F:15
c2041d phx                    A:1a01 X:009c Y:00ff S:01f0 D:0000 DB:00 nvMXdizc V: 70 H: 300 F:15
c2041e ldx $0073     [000073] A:1a01 X:009c Y:00ff S:01ef D:0000 DB:00 nvMXdizc V: 70 H: 320 F:15
c20421 sta $0d9f,x   [000da8] A:1a01 X:0009 Y:00ff S:01ef D:0000 DB:00 nvMXdizc V: 70 H: 346 F:15
c20424 lda $b1       [0000b1] A:1a01 X:0009 Y:00ff S:01ef D:0000 DB:00 nvMXdizc V: 70 H: 378 F:15
c20426 sta $0dc7,x   [000dd0] A:1a01 X:0009 Y:00ff S:01ef D:0000 DB:00 nvMXdizc V: 70 H: 398 F:15
c20429 lda $0d77,x   [000d80] A:1a01 X:0009 Y:00ff S:01ef D:0000 DB:00 nvMXdizc V: 70 H: 430 F:15
c2042c bne $044c     [c2044c] A:1a00 X:0009 Y:00ff S:01ef D:0000 DB:00 nvMXdiZc V: 70 H: 456 F:15
c2042e clc                    A:1a00 X:0009 Y:00ff S:01ef D:0000 DB:00 nvMXdiZc V: 70 H: 468 F:15
c2042f lda $0d9f,x   [000da8] A:1a00 X:0009 Y:00ff S:01ef D:0000 DB:00 nvMXdiZc V: 70 H: 480 F:15
c20432 adc $0a       [00000a] A:1a01 X:0009 Y:00ff S:01ef D:0000 DB:00 nvMXdizc V: 70 H: 506 F:15
c20434 sta $0d       [00000d] A:1a9d X:0009 Y:00ff S:01ef D:0000 DB:00 NvMXdizc V: 70 H: 526 F:15
c20436 rep #$20               A:1a9d X:0009 Y:00ff S:01ef D:0000 DB:00 NvMXdizc V: 70 H: 586 F:15
c20438 lda #$0000             A:1a9d X:0009 Y:00ff S:01ef D:0000 DB:00 NvmXdizc V: 70 H: 604 F:15
c2043b adc $0b       [00000b] A:0000 X:0009 Y:00ff S:01ef D:0000 DB:00 nvmXdiZc V: 70 H: 622 F:15
c2043d sta $0e       [00000e] A:c68f X:0009 Y:00ff S:01ef D:0000 DB:00 NvmXdizc V: 70 H: 650 F:15
c2043f sep #$20               A:c68f X:0009 Y:00ff S:01ef D:0000 DB:00 NvmXdizc V: 70 H: 678 F:15
c20441 lda $0d9f,x   [000da8] A:c68f X:0009 Y:00ff S:01ef D:0000 DB:00 NvMXdizc V: 70 H: 696 F:15
c20444 clc                    A:c601 X:0009 Y:00ff S:01ef D:0000 DB:00 nvMXdizc V: 70 H: 722 F:15
c20445 adc $b1       [0000b1] A:c601 X:0009 Y:00ff S:01ef D:0000 DB:00 nvMXdizc V: 70 H: 734 F:15
c20447 sta $0d9f,x   [000da8] A:c602 X:0009 Y:00ff S:01ef D:0000 DB:00 nvMXdizc V: 70 H: 754 F:15
c2044a bra $0467     [c20467] A:c602 X:0009 Y:00ff S:01ef D:0000 DB:00 nvMXdizc V: 70 H: 786 F:15
c20467 clc                    A:c602 X:0009 Y:00ff S:01ef D:0000 DB:00 nvMXdizc V: 70 H: 804 F:15
c20468 lda $0d9f,x   [000da8] A:c602 X:0009 Y:00ff S:01ef D:0000 DB:00 nvMXdizc V: 70 H: 816 F:15
c2046b adc $0a       [00000a] A:c602 X:0009 Y:00ff S:01ef D:0000 DB:00 nvMXdizc V: 70 H: 842 F:15
c2046d sta $0a       [00000a] A:c69e X:0009 Y:00ff S:01ef D:0000 DB:00 NvMXdizc V: 70 H: 862 F:15
c2046f rep #$20               A:c69e X:0009 Y:00ff S:01ef D:0000 DB:00 NvMXdizc V: 70 H: 882 F:15
c20471 lda #$0000             A:c69e X:0009 Y:00ff S:01ef D:0000 DB:00 NvmXdizc V: 70 H: 900 F:15
c20474 adc $0b       [00000b] A:0000 X:0009 Y:00ff S:01ef D:0000 DB:00 nvmXdiZc V: 70 H: 918 F:15
c20476 sta $0b       [00000b] A:c68f X:0009 Y:00ff S:01ef D:0000 DB:00 NvmXdizc V: 70 H: 946 F:15
c20478 sep #$20               A:c68f X:0009 Y:00ff S:01ef D:0000 DB:00 NvmXdizc V: 70 H: 974 F:15
c2047a plx                    A:c68f X:0009 Y:00ff S:01ef D:0000 DB:00 NvMXdizc V: 70 H: 992 F:15
c2047b rts                    A:c68f X:009c Y:00ff S:01f0 D:0000 DB:00 NvMXdizc V: 70 H:1018 F:15
c203c2 jsr $0412     [c20412] A:c68f X:009c Y:00ff S:01f2 D:0000 DB:00 NvMXdizc V: 70 H:1058 F:15
c20412 ldx $0073     [000073] A:c68f X:009c Y:00ff S:01f0 D:0000 DB:00 NvMXdizc V: 70 H:1098 F:15
c20415 jsr $04ea     [c204ea] A:c68f X:0009 Y:00ff S:01f0 D:0000 DB:00 nvMXdizc V: 70 H:1124 F:15
c204ea lda $0a       [00000a] A:c68f X:0009 Y:00ff S:01ee D:0000 DB:00 nvMXdizc V: 70 H:1164 F:15
c204ec sta $0c87,x   [000c90] A:c69e X:0009 Y:00ff S:01ee D:0000 DB:00 NvMXdizc V: 70 H:1184 F:15
c204ef lda $0b       [00000b] A:c69e X:0009 Y:00ff S:01ee D:0000 DB:00 NvMXdizc V: 70 H:1216 F:15
c204f1 sta $0caf,x   [000cb8] A:c68f X:0009 Y:00ff S:01ee D:0000 DB:00 NvMXdizc V: 70 H:1236 F:15
c204f4 lda $0c       [00000c] A:c68f X:0009 Y:00ff S:01ee D:0000 DB:00 NvMXdizc V: 70 H:1268 F:15
c204f6 sta $0cd7,x   [000ce0] A:c6c6 X:0009 Y:00ff S:01ee D:0000 DB:00 NvMXdizc V: 70 H:1288 F:15
c204f9 rts                    A:c6c6 X:0009 Y:00ff S:01ee D:0000 DB:00 NvMXdizc V: 70 H:1320 F:15
c20418 ldy #$01               A:c6c6 X:0009 Y:00ff S:01f0 D:0000 DB:00 NvMXdizc V: 70 H:1360 F:15
c2041a jmp [$00bd]   [0000bd] A:c6c6 X:0009 Y:0001 S:01f0 D:0000 DB:00 nvMXdizc V: 71 H:   8 F:15
c21a15 lda #$01               A:c6c6 X:0009 Y:0001 S:01f0 D:0000 DB:00 nvMXdizc V: 71 H:  50 F:15
c21a17 sta $b1       [0000b1] A:c601 X:0009 Y:0001 S:01f0 D:0000 DB:00 nvMXdizc V: 71 H:  62 F:15
c21a19 stz $b2       [0000b2] A:c601 X:0009 Y:0001 S:01f0 D:0000 DB:00 nvMXdizc V: 71 H:  82 F:15
c21a1b rep #$10               A:c601 X:0009 Y:0001 S:01f0 D:0000 DB:00 nvMXdizc V: 71 H: 102 F:15
c21a1d ldy #$0000             A:c601 X:0009 Y:0001 S:01f0 D:0000 DB:00 nvMxdizc V: 71 H: 120 F:15
c21a20 ldx $10       [000010] A:c601 X:0009 Y:0000 S:01f0 D:0000 DB:00 nvMxdiZc V: 71 H: 138 F:15
c21a22 lda [$0d],y   [c68f9d] A:c601 X:000a Y:0000 S:01f0 D:0000 DB:00 nvMxdizc V: 71 H: 166 F:15
c21a24 sta $7e2000,x [7e200a] A:c60c X:000a Y:0000 S:01f0 D:0000 DB:00 nvMxdizc V: 71 H: 208 F:15
c21a28 inx                    A:c60c X:000a Y:0000 S:01f0 D:0000 DB:00 nvMxdizc V: 71 H: 240 F:15
c21a29 iny                    A:c60c X:000b Y:0000 S:01f0 D:0000 DB:00 nvMxdizc V: 71 H: 252 F:15
c21a2a cpy $b1       [0000b1] A:c60c X:000b Y:0001 S:01f0 D:0000 DB:00 nvMxdizc V: 71 H: 264 F:15
c21a2c bcc $1a22     [c21a22] A:c60c X:000b Y:0001 S:01f0 D:0000 DB:00 nvMxdiZC V: 71 H: 292 F:15
c21a2e stx $10       [000010] A:c60c X:000b Y:0001 S:01f0 D:0000 DB:00 nvMxdiZC V: 71 H: 304 F:15
c21a30 sep #$10               A:c60c X:000b Y:0001 S:01f0 D:0000 DB:00 nvMxdiZC V: 71 H: 332 F:15
c21a32 rts                    A:c60c X:000b Y:0001 S:01f0 D:0000 DB:00 nvMXdiZC V: 71 H: 350 F:15
c203c5 bra $040f     [c2040f] A:c60c X:000b Y:0001 S:01f2 D:0000 DB:00 nvMXdiZC V: 71 H: 390 F:15
c2040f plx                    A:c60c X:000b Y:0001 S:01f2 D:0000 DB:00 nvMXdiZC V: 71 H: 408 F:15
c20410 ply                    A:c60c X:0009 Y:0001 S:01f3 D:0000 DB:00 nvMXdizC V: 71 H: 434 F:15
c20411 rtl                    A:c60c X:0009 Y:00ff S:01f4 D:0000 DB:00 NvMXdizC V: 71 H: 460 F:15
c20234 lda $0d77,x   [000d80] A:c60c X:0009 Y:00ff S:01f7 D:0000 DB:00 NvMXdizC V: 71 H: 502 F:15
c20237 bmi $023b     [c2023b] A:c600 X:0009 Y:00ff S:01f7 D:0000 DB:00 nvMXdiZC V: 71 H: 528 F:15
c20239 lda #$00               A:c600 X:0009 Y:00ff S:01f7 D:0000 DB:00 nvMXdiZC V: 71 H: 580 F:15
c2023b and #$7f               A:c600 X:0009 Y:00ff S:01f7 D:0000 DB:00 nvMXdiZC V: 71 H: 592 F:15
c2023d sta $0d77,x   [000d80] A:c600 X:0009 Y:00ff S:01f7 D:0000 DB:00 nvMXdiZC V: 71 H: 604 F:15
c20240 bra $0222     [c20222] A:c600 X:0009 Y:00ff S:01f7 D:0000 DB:00 nvMXdiZC V: 71 H: 636 F:15
c20222 lda $0380     [000380] A:c600 X:0009 Y:00ff S:01f7 D:0000 DB:00 nvMXdiZC V: 71 H: 654 F:15
c20225 bit #$40               A:c600 X:0009 Y:00ff S:01f7 D:0000 DB:00 nvMXdiZC V: 71 H: 680 F:15
c20227 bne $0242     [c20242] A:c600 X:0009 Y:00ff S:01f7 D:0000 DB:00 nvMXdiZC V: 71 H: 692 F:15
c20229 jsr $0254     [c20254] A:c600 X:0009 Y:00ff S:01f7 D:0000 DB:00 nvMXdiZC V: 71 H: 704 F:15
c20254 rep #$20               A:c600 X:0009 Y:00ff S:01f5 D:0000 DB:00 nvMXdiZC V: 71 H: 744 F:15
c20256 lda $10       [000010] A:c600 X:0009 Y:00ff S:01f5 D:0000 DB:00 nvmXdiZC V: 71 H: 762 F:15
c20258 cmp #$0400             A:000b X:0009 Y:00ff S:01f5 D:0000 DB:00 nvmXdizC V: 71 H: 790 F:15
c2025b bcc $025f     [c2025f] A:000b X:0009 Y:00ff S:01f5 D:0000 DB:00 NvmXdizc V: 71 H: 808 F:15
c2025f rep #$20               A:000b X:0009 Y:00ff S:01f5 D:0000 DB:00 NvmXdizc V: 71 H: 826 F:15
c20261 lda $0a       [00000a] A:000b X:0009 Y:00ff S:01f5 D:0000 DB:00 NvmXdizc V: 71 H: 844 F:15
c20263 cmp #$0000             A:8f9e X:0009 Y:00ff S:01f5 D:0000 DB:00 NvmXdizc V: 71 H: 872 F:15
c20266 sep #$20               A:8f9e X:0009 Y:00ff S:01f5 D:0000 DB:00 NvmXdizC V: 71 H: 890 F:15
c20268 lda $0c       [00000c] A:8f9e X:0009 Y:00ff S:01f5 D:0000 DB:00 NvMXdizC V: 71 H: 908 F:15
c2026a sbc #$c6               A:8fc6 X:0009 Y:00ff S:01f5 D:0000 DB:00 NvMXdizC V: 71 H: 928 F:15
c2026c bcs $0270     [c20270] A:8f00 X:0009 Y:00ff S:01f5 D:0000 DB:00 nvMXdiZC V: 71 H: 940 F:15
c20270 rts                    A:8f00 X:0009 Y:00ff S:01f5 D:0000 DB:00 nvMXdiZC V: 71 H: 958 F:15
c2022c lda [$0a]     [c68f9e] A:8f00 X:0009 Y:00ff S:01f7 D:0000 DB:00 nvMXdiZC V: 71 H: 998 F:15
c2022e beq $0242     [c20242] A:8f4a X:0009 Y:00ff S:01f7 D:0000 DB:00 nvMXdizC V: 71 H:1040 F:15
c20230 jsl $c2038f   [c2038f] A:8f4a X:0009 Y:00ff S:01f7 D:0000 DB:00 nvMXdizC V: 71 H:1052 F:15
c2038f phy                    A:8f4a X:0009 Y:00ff S:01f4 D:0000 DB:00 nvMXdizC V: 71 H:1106 F:15
c20390 phx                    A:8f4a X:0009 Y:00ff S:01f3 D:0000 DB:00 nvMXdizC V: 71 H:1126 F:15
c20391 lda #$c2               A:8f4a X:0009 Y:00ff S:01f2 D:0000 DB:00 nvMXdizC V: 71 H:1146 F:15
c20393 sta $bf       [0000bf] A:8fc2 X:0009 Y:00ff S:01f2 D:0000 DB:00 NvMXdizC V: 71 H:1158 F:15
c20395 sta $c2       [0000c2] A:8fc2 X:0009 Y:00ff S:01f2 D:0000 DB:00 NvMXdizC V: 71 H:1178 F:15
c20397 lda [$0a]     [c68f9e] A:8fc2 X:0009 Y:00ff S:01f2 D:0000 DB:00 NvMXdizC V: 71 H:1198 F:15
c20399 cmp #$fe               A:8f4a X:0009 Y:00ff S:01f2 D:0000 DB:00 nvMXdizC V: 71 H:1240 F:15
c2039b bcs $03d1     [c203d1] A:8f4a X:0009 Y:00ff S:01f2 D:0000 DB:00 nvMXdizc V: 71 H:1252 F:15
c2039d cmp #$fd               A:8f4a X:0009 Y:00ff S:01f2 D:0000 DB:00 nvMXdizc V: 71 H:1264 F:15
c2039f beq $03cc     [c203cc] A:8f4a X:0009 Y:00ff S:01f2 D:0000 DB:00 nvMXdizc V: 71 H:1276 F:15
c203a1 cmp #$fc               A:8f4a X:0009 Y:00ff S:01f2 D:0000 DB:00 nvMXdizc V: 71 H:1288 F:15
c203a3 beq $03c7     [c203c7] A:8f4a X:0009 Y:00ff S:01f2 D:0000 DB:00 nvMXdizc V: 71 H:1300 F:15
c203a5 dec                    A:8f4a X:0009 Y:00ff S:01f2 D:0000 DB:00 nvMXdizc V: 71 H:1312 F:15
c203a6 tax                    A:8f49 X:0009 Y:00ff S:01f2 D:0000 DB:00 nvMXdizc V: 71 H:1324 F:15
c203a7 lda $c20af5,x [c20b3e] A:8f49 X:0049 Y:00ff S:01f2 D:0000 DB:00 nvMXdizc V: 71 H:1336 F:15
c203ab sta $b1       [0000b1] A:8f00 X:0049 Y:00ff S:01f2 D:0000 DB:00 nvMXdiZc V: 72 H:   2 F:15
c203ad txa                    A:8f00 X:0049 Y:00ff S:01f2 D:0000 DB:00 nvMXdiZc V: 72 H:  22 F:15
c203ae rep #$30               A:8f49 X:0049 Y:00ff S:01f2 D:0000 DB:00 nvMXdizc V: 72 H:  34 F:15
c203b0 and #$00ff             A:8f49 X:0049 Y:00ff S:01f2 D:0000 DB:00 nvmxdizc V: 72 H:  52 F:15
c203b3 asl a                  A:0049 X:0049 Y:00ff S:01f2 D:0000 DB:00 nvmxdizc V: 72 H:  70 F:15
c203b4 tax                    A:0092 X:0049 Y:00ff S:01f2 D:0000 DB:00 nvmxdizc V: 72 H:  82 F:15
c203b5 lda $c204fa,x [c2058c] A:0092 X:0092 Y:00ff S:01f2 D:0000 DB:00 nvmxdizc V: 72 H:  94 F:15
c203b9 sta $bd       [0000bd] A:19d8 X:0092 Y:00ff S:01f2 D:0000 DB:00 nvmxdizc V: 72 H: 130 F:15
c203bb sep #$30               A:19d8 X:0092 Y:00ff S:01f2 D:0000 DB:00 nvmxdizc V: 72 H: 158 F:15
c203bd lda #$01               A:19d8 X:0092 Y:00ff S:01f2 D:0000 DB:00 nvMXdizc V: 72 H: 176 F:15
c203bf jsr $041d     [c2041d] A:1901 X:0092 Y:00ff S:01f2 D:0000 DB:00 nvMXdizc V: 72 H: 188 F:15
c2041d phx                    A:1901 X:0092 Y:00ff S:01f0 D:0000 DB:00 nvMXdizc V: 72 H: 228 F:15
c2041e ldx $0073     [000073] A:1901 X:0092 Y:00ff S:01ef D:0000 DB:00 nvMXdizc V: 72 H: 248 F:15
c20421 sta $0d9f,x   [000da8] A:1901 X:0009 Y:00ff S:01ef D:0000 DB:00 nvMXdizc V: 72 H: 274 F:15
c20424 lda $b1       [0000b1] A:1901 X:0009 Y:00ff S:01ef D:0000 DB:00 nvMXdizc V: 72 H: 306 F:15
c20426 sta $0dc7,x   [000dd0] A:1900 X:0009 Y:00ff S:01ef D:0000 DB:00 nvMXdiZc V: 72 H: 326 F:15
c20429 lda $0d77,x   [000d80] A:1900 X:0009 Y:00ff S:01ef D:0000 DB:00 nvMXdiZc V: 72 H: 358 F:15
c2042c bne $044c     [c2044c] A:1900 X:0009 Y:00ff S:01ef D:0000 DB:00 nvMXdiZc V: 72 H: 384 F:15
c2042e clc                    A:1900 X:0009 Y:00ff S:01ef D:0000 DB:00 nvMXdiZc V: 72 H: 396 F:15
c2042f lda $0d9f,x   [000da8] A:1900 X:0009 Y:00ff S:01ef D:0000 DB:00 nvMXdiZc V: 72 H: 408 F:15
c20432 adc $0a       [00000a] A:1901 X:0009 Y:00ff S:01ef D:0000 DB:00 nvMXdizc V: 72 H: 434 F:15
c20434 sta $0d       [00000d] A:199f X:0009 Y:00ff S:01ef D:0000 DB:00 NvMXdizc V: 72 H: 454 F:15
c20436 rep #$20               A:199f X:0009 Y:00ff S:01ef D:0000 DB:00 NvMXdizc V: 72 H: 474 F:15
c20438 lda #$0000             A:199f X:0009 Y:00ff S:01ef D:0000 DB:00 NvmXdizc V: 72 H: 492 F:15
c2043b adc $0b       [00000b] A:0000 X:0009 Y:00ff S:01ef D:0000 DB:00 nvmXdiZc V: 72 H: 510 F:15
c2043d sta $0e       [00000e] A:c68f X:0009 Y:00ff S:01ef D:0000 DB:00 NvmXdizc V: 72 H: 578 F:15
c2043f sep #$20               A:c68f X:0009 Y:00ff S:01ef D:0000 DB:00 NvmXdizc V: 72 H: 606 F:15
c20441 lda $0d9f,x   [000da8] A:c68f X:0009 Y:00ff S:01ef D:0000 DB:00 NvMXdizc V: 72 H: 624 F:15
c20444 clc                    A:c601 X:0009 Y:00ff S:01ef D:0000 DB:00 nvMXdizc V: 72 H: 650 F:15
c20445 adc $b1       [0000b1] A:c601 X:0009 Y:00ff S:01ef D:0000 DB:00 nvMXdizc V: 72 H: 662 F:15
c20447 sta $0d9f,x   [000da8] A:c601 X:0009 Y:00ff S:01ef D:0000 DB:00 nvMXdizc V: 72 H: 682 F:15
c2044a bra $0467     [c20467] A:c601 X:0009 Y:00ff S:01ef D:0000 DB:00 nvMXdizc V: 72 H: 714 F:15
c20467 clc                    A:c601 X:0009 Y:00ff S:01ef D:0000 DB:00 nvMXdizc V: 72 H: 732 F:15
c20468 lda $0d9f,x   [000da8] A:c601 X:0009 Y:00ff S:01ef D:0000 DB:00 nvMXdizc V: 72 H: 744 F:15
c2046b adc $0a       [00000a] A:c601 X:0009 Y:00ff S:01ef D:0000 DB:00 nvMXdizc V: 72 H: 770 F:15
c2046d sta $0a       [00000a] A:c69f X:0009 Y:00ff S:01ef D:0000 DB:00 NvMXdizc V: 72 H: 790 F:15
c2046f rep #$20               A:c69f X:0009 Y:00ff S:01ef D:0000 DB:00 NvMXdizc V: 72 H: 810 F:15
c20471 lda #$0000             A:c69f X:0009 Y:00ff S:01ef D:0000 DB:00 NvmXdizc V: 72 H: 828 F:15
c20474 adc $0b       [00000b] A:0000 X:0009 Y:00ff S:01ef D:0000 DB:00 nvmXdiZc V: 72 H: 846 F:15
c20476 sta $0b       [00000b] A:c68f X:0009 Y:00ff S:01ef D:0000 DB:00 NvmXdizc V: 72 H: 874 F:15
c20478 sep #$20               A:c68f X:0009 Y:00ff S:01ef D:0000 DB:00 NvmXdizc V: 72 H: 902 F:15
c2047a plx                    A:c68f X:0009 Y:00ff S:01ef D:0000 DB:00 NvMXdizc V: 72 H: 920 F:15
c2047b rts                    A:c68f X:0092 Y:00ff S:01f0 D:0000 DB:00 NvMXdizc V: 72 H: 946 F:15
c203c2 jsr $0412     [c20412] A:c68f X:0092 Y:00ff S:01f2 D:0000 DB:00 NvMXdizc V: 72 H: 986 F:15
c20412 ldx $0073     [000073] A:c68f X:0092 Y:00ff S:01f0 D:0000 DB:00 NvMXdizc V: 72 H:1026 F:15
c20415 jsr $04ea     [c204ea] A:c68f X:0009 Y:00ff S:01f0 D:0000 DB:00 nvMXdizc V: 72 H:1052 F:15
c204ea lda $0a       [00000a] A:c68f X:0009 Y:00ff S:01ee D:0000 DB:00 nvMXdizc V: 72 H:1092 F:15
c204ec sta $0c87,x   [000c90] A:c69f X:0009 Y:00ff S:01ee D:0000 DB:00 NvMXdizc V: 72 H:1112 F:15
c204ef lda $0b       [00000b] A:c69f X:0009 Y:00ff S:01ee D:0000 DB:00 NvMXdizc V: 72 H:1144 F:15
c204f1 sta $0caf,x   [000cb8] A:c68f X:0009 Y:00ff S:01ee D:0000 DB:00 NvMXdizc V: 72 H:1164 F:15
c204f4 lda $0c       [00000c] A:c68f X:0009 Y:00ff S:01ee D:0000 DB:00 NvMXdizc V: 72 H:1196 F:15
c204f6 sta $0cd7,x   [000ce0] A:c6c6 X:0009 Y:00ff S:01ee D:0000 DB:00 NvMXdizc V: 72 H:1216 F:15
c204f9 rts                    A:c6c6 X:0009 Y:00ff S:01ee D:0000 DB:00 NvMXdizc V: 72 H:1248 F:15
c20418 ldy #$01               A:c6c6 X:0009 Y:00ff S:01f0 D:0000 DB:00 NvMXdizc V: 72 H:1288 F:15
c2041a jmp [$00bd]   [0000bd] A:c6c6 X:0009 Y:0001 S:01f0 D:0000 DB:00 nvMXdizc V: 72 H:1300 F:15
c219d8 lda #$81               A:c6c6 X:0009 Y:0001 S:01f0 D:0000 DB:00 nvMXdizc V: 72 H:1342 F:15
c219da sta $0d77,x   [000d80] A:c681 X:0009 Y:0001 S:01f0 D:0000 DB:00 NvMXdizc V: 72 H:1354 F:15
c219dd rts                    A:c681 X:0009 Y:0001 S:01f0 D:0000 DB:00 NvMXdizc V: 73 H:  22 F:15
c203c5 bra $040f     [c2040f] A:c681 X:0009 Y:0001 S:01f2 D:0000 DB:00 NvMXdizc V: 73 H:  62 F:15
c2040f plx                    A:c681 X:0009 Y:0001 S:01f2 D:0000 DB:00 NvMXdizc V: 73 H:  80 F:15
c20410 ply                    A:c681 X:0009 Y:0001 S:01f3 D:0000 DB:00 nvMXdizc V: 73 H: 106 F:15
c20411 rtl                    A:c681 X:0009 Y:00ff S:01f4 D:0000 DB:00 NvMXdizc V: 73 H: 132 F:15
c20234 lda $0d77,x   [000d80] A:c681 X:0009 Y:00ff S:01f7 D:0000 DB:00 NvMXdizc V: 73 H: 174 F:15
c20237 bmi $023b     [c2023b] A:c681 X:0009 Y:00ff S:01f7 D:0000 DB:00 NvMXdizc V: 73 H: 200 F:15
c2023b and #$7f               A:c681 X:0009 Y:00ff S:01f7 D:0000 DB:00 NvMXdizc V: 73 H: 218 F:15
c2023d sta $0d77,x   [000d80] A:c601 X:0009 Y:00ff S:01f7 D:0000 DB:00 nvMXdizc V: 73 H: 230 F:15
c20240 bra $0222     [c20222] A:c601 X:0009 Y:00ff S:01f7 D:0000 DB:00 nvMXdizc V: 73 H: 262 F:15
c20222 lda $0380     [000380] A:c601 X:0009 Y:00ff S:01f7 D:0000 DB:00 nvMXdizc V: 73 H: 280 F:15
c20225 bit #$40               A:c600 X:0009 Y:00ff S:01f7 D:0000 DB:00 nvMXdiZc V: 73 H: 306 F:15
c20227 bne $0242     [c20242] A:c600 X:0009 Y:00ff S:01f7 D:0000 DB:00 nvMXdiZc V: 73 H: 318 F:15
c20229 jsr $0254     [c20254] A:c600 X:0009 Y:00ff S:01f7 D:0000 DB:00 nvMXdiZc V: 73 H: 330 F:15
c20254 rep #$20               A:c600 X:0009 Y:00ff S:01f5 D:0000 DB:00 nvMXdiZc V: 73 H: 370 F:15
c20256 lda $10       [000010] A:c600 X:0009 Y:00ff S:01f5 D:0000 DB:00 nvmXdiZc V: 73 H: 388 F:15
c20258 cmp #$0400             A:000b X:0009 Y:00ff S:01f5 D:0000 DB:00 nvmXdizc V: 73 H: 416 F:15
c2025b bcc $025f     [c2025f] A:000b X:0009 Y:00ff S:01f5 D:0000 DB:00 NvmXdizc V: 73 H: 434 F:15
c2025f rep #$20               A:000b X:0009 Y:00ff S:01f5 D:0000 DB:00 NvmXdizc V: 73 H: 452 F:15
c20261 lda $0a       [00000a] A:000b X:0009 Y:00ff S:01f5 D:0000 DB:00 NvmXdizc V: 73 H: 470 F:15
c20263 cmp #$0000             A:8f9f X:0009 Y:00ff S:01f5 D:0000 DB:00 NvmXdizc V: 73 H: 498 F:15
c20266 sep #$20               A:8f9f X:0009 Y:00ff S:01f5 D:0000 DB:00 NvmXdizC V: 73 H: 516 F:15
c20268 lda $0c       [00000c] A:8f9f X:0009 Y:00ff S:01f5 D:0000 DB:00 NvMXdizC V: 73 H: 534 F:15
c2026a sbc #$c6               A:8fc6 X:0009 Y:00ff S:01f5 D:0000 DB:00 NvMXdizC V: 73 H: 594 F:15
c2026c bcs $0270     [c20270] A:8f00 X:0009 Y:00ff S:01f5 D:0000 DB:00 nvMXdiZC V: 73 H: 606 F:15
c20270 rts                    A:8f00 X:0009 Y:00ff S:01f5 D:0000 DB:00 nvMXdiZC V: 73 H: 624 F:15
c2022c lda [$0a]     [c68f9f] A:8f00 X:0009 Y:00ff S:01f7 D:0000 DB:00 nvMXdiZC V: 73 H: 664 F:15
c2022e beq $0242     [c20242] A:8fff X:0009 Y:00ff S:01f7 D:0000 DB:00 NvMXdizC V: 73 H: 706 F:15
c20230 jsl $c2038f   [c2038f] A:8fff X:0009 Y:00ff S:01f7 D:0000 DB:00 NvMXdizC V: 73 H: 718 F:15
c2038f phy                    A:8fff X:0009 Y:00ff S:01f4 D:0000 DB:00 NvMXdizC V: 73 H: 772 F:15
c20390 phx                    A:8fff X:0009 Y:00ff S:01f3 D:0000 DB:00 NvMXdizC V: 73 H: 792 F:15
c20391 lda #$c2               A:8fff X:0009 Y:00ff S:01f2 D:0000 DB:00 NvMXdizC V: 73 H: 812 F:15
c20393 sta $bf       [0000bf] A:8fc2 X:0009 Y:00ff S:01f2 D:0000 DB:00 NvMXdizC V: 73 H: 824 F:15
c20395 sta $c2       [0000c2] A:8fc2 X:0009 Y:00ff S:01f2 D:0000 DB:00 NvMXdizC V: 73 H: 844 F:15
c20397 lda [$0a]     [c68f9f] A:8fc2 X:0009 Y:00ff S:01f2 D:0000 DB:00 NvMXdizC V: 73 H: 864 F:15
c20399 cmp #$fe               A:8fff X:0009 Y:00ff S:01f2 D:0000 DB:00 NvMXdizC V: 73 H: 906 F:15
c2039b bcs $03d1     [c203d1] A:8fff X:0009 Y:00ff S:01f2 D:0000 DB:00 nvMXdizC V: 73 H: 918 F:15
c203d1 eor #$ff               A:8fff X:0009 Y:00ff S:01f2 D:0000 DB:00 nvMXdizC V: 73 H: 936 F:15
c203d3 asl a                  A:8f00 X:0009 Y:00ff S:01f2 D:0000 DB:00 nvMXdiZC V: 73 H: 948 F:15
c203d4 tax                    A:8f00 X:0009 Y:00ff S:01f2 D:0000 DB:00 nvMXdiZc V: 73 H: 960 F:15
c203d5 rep #$20               A:8f00 X:0000 Y:00ff S:01f2 D:0000 DB:00 nvMXdiZc V: 73 H: 972 F:15
c203d7 lda $c2064c,x [c2064c] A:8f00 X:0000 Y:00ff S:01f2 D:0000 DB:00 nvmXdiZc V: 73 H: 990 F:15
c203db sta $c0       [0000c0] A:0650 X:0000 Y:00ff S:01f2 D:0000 DB:00 nvmXdizc V: 73 H:1026 F:15
c203dd lda $c209d4,x [c209d4] A:0650 X:0000 Y:00ff S:01f2 D:0000 DB:00 nvmXdizc V: 73 H:1054 F:15
c203e1 sta $bd       [0000bd] A:09d8 X:0000 Y:00ff S:01f2 D:0000 DB:00 nvmXdizc V: 73 H:1090 F:15
c203e3 sep #$20               A:09d8 X:0000 Y:00ff S:01f2 D:0000 DB:00 nvmXdizc V: 73 H:1118 F:15
c203e5 ldy #$01               A:09d8 X:0000 Y:00ff S:01f2 D:0000 DB:00 nvMXdizc V: 73 H:1136 F:15
c203e7 lda [$0a],y   [c68fa0] A:09d8 X:0000 Y:0001 S:01f2 D:0000 DB:00 nvMXdizc V: 73 H:1148 F:15
c203e9 dec                    A:098e X:0000 Y:0001 S:01f2 D:0000 DB:00 NvMXdizc V: 73 H:1190 F:15
c203ea tay                    A:098d X:0000 Y:0001 S:01f2 D:0000 DB:00 NvMXdizc V: 73 H:1202 F:15
c203eb lda [$bd],y   [c20a65] A:098d X:0000 Y:008d S:01f2 D:0000 DB:00 NvMXdizc V: 73 H:1214 F:15
c203ed sta $b1       [0000b1] A:0905 X:0000 Y:008d S:01f2 D:0000 DB:00 nvMXdizc V: 73 H:1256 F:15
c203ef tya                    A:0905 X:0000 Y:008d S:01f2 D:0000 DB:00 nvMXdizc V: 73 H:1276 F:15
c203f0 rep #$30               A:098d X:0000 Y:008d S:01f2 D:0000 DB:00 NvMXdizc V: 73 H:1288 F:15
c203f2 and #$00ff             A:098d X:0000 Y:008d S:01f2 D:0000 DB:00 Nvmxdizc V: 73 H:1306 F:15
c203f5 sta $9f       [00009f] A:008d X:0000 Y:008d S:01f2 D:0000 DB:00 nvmxdizc V: 73 H:1324 F:15
c203f7 asl a                  A:008d X:0000 Y:008d S:01f2 D:0000 DB:00 nvmxdizc V: 73 H:1352 F:15
c203f8 adc $9f       [00009f] A:011a X:0000 Y:008d S:01f2 D:0000 DB:00 nvmxdizc V: 74 H:   0 F:15
c203fa tay                    A:01a7 X:0000 Y:008d S:01f2 D:0000 DB:00 nvmxdizc V: 74 H:  28 F:15
c203fb lda [$c0],y   [c207f7] A:01a7 X:0000 Y:01a7 S:01f2 D:0000 DB:00 nvmxdizc V: 74 H:  40 F:15
c203fd sta $bd       [0000bd] A:74f1 X:0000 Y:01a7 S:01f2 D:0000 DB:00 nvmxdizc V: 74 H:  88 F:15
c203ff iny                    A:74f1 X:0000 Y:01a7 S:01f2 D:0000 DB:00 nvmxdizc V: 74 H: 116 F:15
c20400 lda [$c0],y   [c207f8] A:74f1 X:0000 Y:01a8 S:01f2 D:0000 DB:00 nvmxdizc V: 74 H: 128 F:15
c20402 sta $be       [0000be] A:c174 X:0000 Y:01a8 S:01f2 D:0000 DB:00 Nvmxdizc V: 74 H: 176 F:15
c20404 sep #$30               A:c174 X:0000 Y:01a8 S:01f2 D:0000 DB:00 Nvmxdizc V: 74 H: 204 F:15
c20406 lda #$02               A:c174 X:0000 Y:00a8 S:01f2 D:0000 DB:00 NvMXdizc V: 74 H: 222 F:15
c20408 jsr $041d     [c2041d] A:c102 X:0000 Y:00a8 S:01f2 D:0000 DB:00 nvMXdizc V: 74 H: 234 F:15
c2041d phx                    A:c102 X:0000 Y:00a8 S:01f0 D:0000 DB:00 nvMXdizc V: 74 H: 274 F:15
c2041e ldx $0073     [000073] A:c102 X:0000 Y:00a8 S:01ef D:0000 DB:00 nvMXdizc V: 74 H: 294 F:15
c20421 sta $0d9f,x   [000da8] A:c102 X:0009 Y:00a8 S:01ef D:0000 DB:00 nvMXdizc V: 74 H: 320 F:15
c20424 lda $b1       [0000b1] A:c102 X:0009 Y:00a8 S:01ef D:0000 DB:00 nvMXdizc V: 74 H: 352 F:15
c20426 sta $0dc7,x   [000dd0] A:c105 X:0009 Y:00a8 S:01ef D:0000 DB:00 nvMXdizc V: 74 H: 372 F:15
c20429 lda $0d77,x   [000d80] A:c105 X:0009 Y:00a8 S:01ef D:0000 DB:00 nvMXdizc V: 74 H: 404 F:15
c2042c bne $044c     [c2044c] A:c101 X:0009 Y:00a8 S:01ef D:0000 DB:00 nvMXdizc V: 74 H: 430 F:15
c2044c lda $0dc7,x   [000dd0] A:c101 X:0009 Y:00a8 S:01ef D:0000 DB:00 nvMXdizc V: 74 H: 448 F:15
c2044f rep #$20               A:c105 X:0009 Y:00a8 S:01ef D:0000 DB:00 nvMXdizc V: 74 H: 474 F:15
c20451 and #$00ff             A:c105 X:0009 Y:00a8 S:01ef D:0000 DB:00 nvmXdizc V: 74 H: 492 F:15
c20454 sta $9f       [00009f] A:0005 X:0009 Y:00a8 S:01ef D:0000 DB:00 nvmXdizc V: 74 H: 510 F:15
c20456 clc                    A:0005 X:0009 Y:00a8 S:01ef D:0000 DB:00 nvmXdizc V: 74 H: 578 F:15
c20457 lda $10       [000010] A:0005 X:0009 Y:00a8 S:01ef D:0000 DB:00 nvmXdizc V: 74 H: 590 F:15
c20459 adc #$2000             A:000b X:0009 Y:00a8 S:01ef D:0000 DB:00 nvmXdizc V: 74 H: 618 F:15
c2045c sec                    A:200b X:0009 Y:00a8 S:01ef D:0000 DB:00 nvmXdizc V: 74 H: 636 F:15
c2045d sbc $9f       [00009f] A:200b X:0009 Y:00a8 S:01ef D:0000 DB:00 nvmXdizC V: 74 H: 648 F:15
c2045f sta $0d       [00000d] A:2006 X:0009 Y:00a8 S:01ef D:0000 DB:00 nvmXdizC V: 74 H: 676 F:15
c20461 sep #$20               A:2006 X:0009 Y:00a8 S:01ef D:0000 DB:00 nvmXdizC V: 74 H: 704 F:15
c20463 lda #$7e               A:2006 X:0009 Y:00a8 S:01ef D:0000 DB:00 nvMXdizC V: 74 H: 722 F:15
c20465 sta $0f       [00000f] A:207e X:0009 Y:00a8 S:01ef D:0000 DB:00 nvMXdizC V: 74 H: 734 F:15
c20467 clc                    A:207e X:0009 Y:00a8 S:01ef D:0000 DB:00 nvMXdizC V: 74 H: 754 F:15
c20468 lda $0d9f,x   [000da8] A:207e X:0009 Y:00a8 S:01ef D:0000 DB:00 nvMXdizc V: 74 H: 766 F:15
c2046b adc $0a       [00000a] A:2002 X:0009 Y:00a8 S:01ef D:0000 DB:00 nvMXdizc V: 74 H: 792 F:15
c2046d sta $0a       [00000a] A:20a1 X:0009 Y:00a8 S:01ef D:0000 DB:00 NvMXdizc V: 74 H: 812 F:15
c2046f rep #$20               A:20a1 X:0009 Y:00a8 S:01ef D:0000 DB:00 NvMXdizc V: 74 H: 832 F:15
c20471 lda #$0000             A:20a1 X:0009 Y:00a8 S:01ef D:0000 DB:00 NvmXdizc V: 74 H: 850 F:15
c20474 adc $0b       [00000b] A:0000 X:0009 Y:00a8 S:01ef D:0000 DB:00 nvmXdiZc V: 74 H: 868 F:15
c20476 sta $0b       [00000b] A:c68f X:0009 Y:00a8 S:01ef D:0000 DB:00 NvmXdizc V: 74 H: 896 F:15
c20478 sep #$20               A:c68f X:0009 Y:00a8 S:01ef D:0000 DB:00 NvmXdizc V: 74 H: 924 F:15
c2047a plx                    A:c68f X:0009 Y:00a8 S:01ef D:0000 DB:00 NvMXdizc V: 74 H: 942 F:15
c2047b rts                    A:c68f X:0000 Y:00a8 S:01f0 D:0000 DB:00 nvMXdiZc V: 74 H: 968 F:15
c2040b jsl $c20412   [c20412] A:c68f X:0000 Y:00a8 S:01f2 D:0000 DB:00 nvMXdiZc V: 74 H:1008 F:15
c20412 ldx $0073     [000073] A:c68f X:0000 Y:00a8 S:01ef D:0000 DB:00 nvMXdiZc V: 74 H:1062 F:15
c20415 jsr $04ea     [c204ea] A:c68f X:0009 Y:00a8 S:01ef D:0000 DB:00 nvMXdizc V: 74 H:1088 F:15
c204ea lda $0a       [00000a] A:c68f X:0009 Y:00a8 S:01ed D:0000 DB:00 nvMXdizc V: 74 H:1128 F:15
c204ec sta $0c87,x   [000c90] A:c6a1 X:0009 Y:00a8 S:01ed D:0000 DB:00 NvMXdizc V: 74 H:1148 F:15
c204ef lda $0b       [00000b] A:c6a1 X:0009 Y:00a8 S:01ed D:0000 DB:00 NvMXdizc V: 74 H:1180 F:15
c204f1 sta $0caf,x   [000cb8] A:c68f X:0009 Y:00a8 S:01ed D:0000 DB:00 NvMXdizc V: 74 H:1200 F:15
c204f4 lda $0c       [00000c] A:c68f X:0009 Y:00a8 S:01ed D:0000 DB:00 NvMXdizc V: 74 H:1232 F:15
c204f6 sta $0cd7,x   [000ce0] A:c6c6 X:0009 Y:00a8 S:01ed D:0000 DB:00 NvMXdizc V: 74 H:1252 F:15
c204f9 rts                    A:c6c6 X:0009 Y:00a8 S:01ed D:0000 DB:00 NvMXdizc V: 74 H:1284 F:15
c20418 ldy #$01               A:c6c6 X:0009 Y:00a8 S:01ef D:0000 DB:00 NvMXdizc V: 74 H:1324 F:15
c2041a jmp [$00bd]   [0000bd] A:c6c6 X:0009 Y:0001 S:01ef D:0000 DB:00 nvMXdizc V: 74 H:1336 F:15
c174f1 jsr $7511     [c17511] A:c6c6 X:0009 Y:0001 S:01ef D:0000 DB:00 nvMXdizc V: 75 H:  14 F:15
c17511 lda [$0d],y   [7e2007] A:c6c6 X:0009 Y:0001 S:01ed D:0000 DB:00 nvMXdizc V: 75 H:  54 F:15
c17513 sta $0340     [000340] A:c606 X:0009 Y:0001 S:01ed D:0000 DB:00 nvMXdizc V: 75 H:  98 F:15
c17516 iny                    A:c606 X:0009 Y:0001 S:01ed D:0000 DB:00 nvMXdizc V: 75 H: 124 F:15
c17517 lda [$0d],y   [7e2008] A:c606 X:0009 Y:0002 S:01ed D:0000 DB:00 nvMXdizc V: 75 H: 136 F:15
c17519 jsl $c007b8   [c007b8] A:c601 X:0009 Y:0002 S:01ed D:0000 DB:00 nvMXdizc V: 75 H: 180 F:15
c007b8 phx                    A:c601 X:0009 Y:0002 S:01ea D:0000 DB:00 nvMXdizc V: 75 H: 234 F:15
c007b9 sta $036e     [00036e] A:c601 X:0009 Y:0002 S:01e9 D:0000 DB:00 nvMXdizc V: 75 H: 254 F:15
c007bc sta $9f       [00009f] A:c601 X:0009 Y:0002 S:01e9 D:0000 DB:00 nvMXdizc V: 75 H: 280 F:15
c007be lda $0371     [000371] A:c601 X:0009 Y:0002 S:01e9 D:0000 DB:00 nvMXdizc V: 75 H: 300 F:15
c007c1 asl a                  A:c600 X:0009 Y:0002 S:01e9 D:0000 DB:00 nvMXdiZc V: 75 H: 326 F:15
c007c2 asl a                  A:c600 X:0009 Y:0002 S:01e9 D:0000 DB:00 nvMXdiZc V: 75 H: 338 F:15
c007c3 clc                    A:c600 X:0009 Y:0002 S:01e9 D:0000 DB:00 nvMXdiZc V: 75 H: 350 F:15
c007c4 adc $9f       [00009f] A:c600 X:0009 Y:0002 S:01e9 D:0000 DB:00 nvMXdiZc V: 75 H: 362 F:15
c007c6 dec                    A:c601 X:0009 Y:0002 S:01e9 D:0000 DB:00 nvMXdizc V: 75 H: 382 F:15
c007c7 asl a                  A:c600 X:0009 Y:0002 S:01e9 D:0000 DB:00 nvMXdiZc V: 75 H: 394 F:15
c007c8 tax                    A:c600 X:0009 Y:0002 S:01e9 D:0000 DB:00 nvMXdiZc V: 75 H: 406 F:15
c007c9 rep #$20               A:c600 X:0000 Y:0002 S:01e9 D:0000 DB:00 nvMXdiZc V: 75 H: 418 F:15
c007cb lda $808035,x [808035] A:c600 X:0000 Y:0002 S:01e9 D:0000 DB:00 nvmXdiZc V: 75 H: 436 F:15
c007cf sta $036f     [00036f] A:3000 X:0000 Y:0002 S:01e9 D:0000 DB:00 nvmXdizc V: 75 H: 472 F:15
c007d2 sep #$20               A:3000 X:0000 Y:0002 S:01e9 D:0000 DB:00 nvmXdizc V: 75 H: 506 F:15
c007d4 jsl $c007da   [c007da] A:3000 X:0000 Y:0002 S:01e9 D:0000 DB:00 nvMXdizc V: 75 H: 524 F:15
c007da phx                    A:3000 X:0000 Y:0002 S:01e6 D:0000 DB:00 nvMXdizc V: 75 H: 618 F:15
c007db lda $036e     [00036e] A:3000 X:0000 Y:0002 S:01e5 D:0000 DB:00 nvMXdizc V: 75 H: 638 F:15
c007de asl a                  A:3001 X:0000 Y:0002 S:01e5 D:0000 DB:00 nvMXdizc V: 75 H: 664 F:15
c007df tax                    A:3002 X:0000 Y:0002 S:01e5 D:0000 DB:00 nvMXdizc V: 75 H: 676 F:15
c007e0 lda $0318,x   [00031a] A:3002 X:0002 Y:0002 S:01e5 D:0000 DB:00 nvMXdizc V: 75 H: 688 F:15
c007e3 lsr a                  A:3000 X:0002 Y:0002 S:01e5 D:0000 DB:00 nvMXdiZc V: 75 H: 714 F:15
c007e4 lda $0317,x   [000319] A:3000 X:0002 Y:0002 S:01e5 D:0000 DB:00 nvMXdiZc V: 75 H: 726 F:15
c007e7 ror a                  A:3000 X:0002 Y:0002 S:01e5 D:0000 DB:00 nvMXdiZc V: 75 H: 752 F:15
c007e8 lsr a                  A:3000 X:0002 Y:0002 S:01e5 D:0000 DB:00 nvMXdiZc V: 75 H: 764 F:15
c007e9 lsr a                  A:3000 X:0002 Y:0002 S:01e5 D:0000 DB:00 nvMXdiZc V: 75 H: 776 F:15
c007ea sta $036c     [00036c] A:3000 X:0002 Y:0002 S:01e5 D:0000 DB:00 nvMXdiZc V: 75 H: 788 F:15
c007ed lda $031d,x   [00031f] A:3000 X:0002 Y:0002 S:01e5 D:0000 DB:00 nvMXdiZc V: 75 H: 814 F:15
c007f0 inc                    A:3000 X:0002 Y:0002 S:01e5 D:0000 DB:00 nvMXdiZc V: 75 H: 840 F:15
c007f1 lsr a                  A:3001 X:0002 Y:0002 S:01e5 D:0000 DB:00 nvMXdizc V: 75 H: 852 F:15
c007f2 lsr a                  A:3000 X:0002 Y:0002 S:01e5 D:0000 DB:00 nvMXdiZC V: 75 H: 864 F:15
c007f3 lsr a                  A:3000 X:0002 Y:0002 S:01e5 D:0000 DB:00 nvMXdiZc V: 75 H: 876 F:15
c007f4 sta $036d     [00036d] A:3000 X:0002 Y:0002 S:01e5 D:0000 DB:00 nvMXdiZc V: 75 H: 888 F:15
c007f7 plx                    A:3000 X:0002 Y:0002 S:01e5 D:0000 DB:00 nvMXdiZc V: 75 H: 914 F:15
c007f8 rtl                    A:3000 X:0000 Y:0002 S:01e6 D:0000 DB:00 nvMXdiZc V: 75 H: 940 F:15
c007d8 plx                    A:3000 X:0000 Y:0002 S:01e9 D:0000 DB:00 nvMXdiZc V: 75 H: 982 F:15
c007d9 rtl                    A:3000 X:0009 Y:0002 S:01ea D:0000 DB:00 nvMXdizc V: 75 H:1008 F:15
c1751d iny                    A:3000 X:0009 Y:0002 S:01ed D:0000 DB:00 nvMXdizc V: 75 H:1050 F:15
c1751e lda [$0d],y   [7e2009] A:3000 X:0009 Y:0003 S:01ed D:0000 DB:00 nvMXdizc V: 75 H:1062 F:15
c17520 sta $1d28     [001d28] A:3016 X:0009 Y:0003 S:01ed D:0000 DB:00 nvMXdizc V: 75 H:1106 F:15
c17523 iny                    A:3016 X:0009 Y:0003 S:01ed D:0000 DB:00 nvMXdizc V: 75 H:1132 F:15
c17524 lda [$0d],y   [7e200a] A:3016 X:0009 Y:0004 S:01ed D:0000 DB:00 nvMXdizc V: 75 H:1144 F:15
c17526 sta $1d2a     [001d2a] A:300c X:0009 Y:0004 S:01ed D:0000 DB:00 nvMXdizc V: 75 H:1188 F:15
c17529 lda [$0d]     [7e2006] A:300c X:0009 Y:0004 S:01ed D:0000 DB:00 nvMXdizc V: 75 H:1214 F:15
c1752b rts                    A:307b X:0009 Y:0004 S:01ed D:0000 DB:00 nvMXdizc V: 75 H:1258 F:15
c174f4 jsl $c00009   [c00009] A:307b X:0009 Y:0004 S:01ef D:0000 DB:00 nvMXdizc V: 75 H:1298 F:15
c00009 sta $9f       [00009f] A:307b X:0009 Y:0004 S:01ec D:0000 DB:00 nvMXdizc V: 75 H:1352 F:15
c0000b lda #$02               A:307b X:0009 Y:0004 S:01ec D:0000 DB:00 nvMXdizc V: 76 H:   8 F:15
c0000d sta $0341     [000341] A:3002 X:0009 Y:0004 S:01ec D:0000 DB:00 nvMXdizc V: 76 H:  20 F:15
c00010 bra $0020     [c00020] A:3002 X:0009 Y:0004 S:01ec D:0000 DB:00 nvMXdizc V: 76 H:  46 F:15
c00020 phy                    A:3002 X:0009 Y:0004 S:01ec D:0000 DB:00 nvMXdizc V: 76 H:  64 F:15
c00021 phx                    A:3002 X:0009 Y:0004 S:01eb D:0000 DB:00 nvMXdizc V: 76 H:  84 F:15
c00022 lda $9f       [00009f] A:3002 X:0009 Y:0004 S:01ea D:0000 DB:00 nvMXdizc V: 76 H: 104 F:15
c00024 dec                    A:307b X:0009 Y:0004 S:01ea D:0000 DB:00 nvMXdizc V: 76 H: 124 F:15
c00025 cmp #$ff               A:307a X:0009 Y:0004 S:01ea D:0000 DB:00 nvMXdizc V: 76 H: 136 F:15
c00027 bne $002c     [c0002c] A:307a X:0009 Y:0004 S:01ea D:0000 DB:00 nvMXdizc V: 76 H: 148 F:15
c0002c pha                    A:307a X:0009 Y:0004 S:01ea D:0000 DB:00 nvMXdizc V: 76 H: 166 F:15
c0002d lda $0340     [000340] A:307a X:0009 Y:0004 S:01e9 D:0000 DB:00 nvMXdizc V: 76 H: 186 F:15
c00030 asl a                  A:3006 X:0009 Y:0004 S:01e9 D:0000 DB:00 nvMXdizc V: 76 H: 212 F:15
c00031 adc $0340     [000340] A:300c X:0009 Y:0004 S:01e9 D:0000 DB:00 nvMXdizc V: 76 H: 224 F:15
c00034 tax                    A:3012 X:0009 Y:0004 S:01e9 D:0000 DB:00 nvMXdizc V: 76 H: 250 F:15
c00035 rep #$20               A:3012 X:0012 Y:0004 S:01e9 D:0000 DB:00 nvMXdizc V: 76 H: 262 F:15
