c00037 lda $808000,x [808012] A:3012 X:0012 Y:0004 S:01e9 D:0000 DB:00 nvmXdizc V:143 H: 330 F:15
c0003b sta $a5       [0000a5] A:a000 X:0012 Y:0004 S:01e9 D:0000 DB:00 NvmXdizc V:143 H: 366 F:15
c0003d sep #$20               A:a000 X:0012 Y:0004 S:01e9 D:0000 DB:00 NvmXdizc V:143 H: 394 F:15
c0003f lda $808002,x [808014] A:a000 X:0012 Y:0004 S:01e9 D:0000 DB:00 NvMXdizc V:143 H: 412 F:15
c00043 sta $a7       [0000a7] A:a0d1 X:0012 Y:0004 S:01e9 D:0000 DB:00 NvMXdizc V:143 H: 442 F:15
c00045 pla                    A:a0d1 X:0012 Y:0004 S:01e9 D:0000 DB:00 NvMXdizc V:143 H: 462 F:15
c00046 rep #$30               A:a081 X:0012 Y:0004 S:01ea D:0000 DB:00 NvMXdizc V:143 H: 488 F:15
c00048 and #$00ff             A:a081 X:0012 Y:0004 S:01ea D:0000 DB:00 Nvmxdizc V:143 H: 506 F:15
c0004b asl a                  A:0081 X:0012 Y:0004 S:01ea D:0000 DB:00 nvmxdizc V:143 H: 524 F:15
c0004c tay                    A:0102 X:0012 Y:0004 S:01ea D:0000 DB:00 nvmxdizc V:143 H: 536 F:15
c0004d lda [$a5],y   [d1a102] A:0102 X:0012 Y:0102 S:01ea D:0000 DB:00 nvmxdizc V:143 H: 588 F:15
c0004f sta $a5       [0000a5] A:b214 X:0012 Y:0102 S:01ea D:0000 DB:00 Nvmxdizc V:143 H: 636 F:15
c00051 sep #$30               A:b214 X:0012 Y:0102 S:01ea D:0000 DB:00 Nvmxdizc V:143 H: 664 F:15
c00053 stz $0343     [000343] A:b214 X:0012 Y:0002 S:01ea D:0000 DB:00 NvMXdizc V:143 H: 682 F:15
c00056 lda $1d28     [001d28] A:b214 X:0012 Y:0002 S:01ea D:0000 DB:00 NvMXdizc V:143 H: 708 F:15
c00059 sta $0344     [000344] A:b216 X:0012 Y:0002 S:01ea D:0000 DB:00 nvMXdizc V:143 H: 734 F:15
c0005c lda $1d2a     [001d2a] A:b216 X:0012 Y:0002 S:01ea D:0000 DB:00 nvMXdizc V:143 H: 760 F:15
c0005f sta $0345     [000345] A:b20f X:0012 Y:0002 S:01ea D:0000 DB:00 nvMXdizc V:143 H: 786 F:15
c00062 ldy #$00               A:b20f X:0012 Y:0002 S:01ea D:0000 DB:00 nvMXdizc V:143 H: 812 F:15
c00064 lda [$a5],y   [d1b214] A:b20f X:0012 Y:0000 S:01ea D:0000 DB:00 nvMXdiZc V:143 H: 824 F:15
c00066 sta $1d34     [001d34] A:b208 X:0012 Y:0000 S:01ea D:0000 DB:00 nvMXdizc V:143 H: 866 F:15
c00069 bne $006e     [c0006e] A:b208 X:0012 Y:0000 S:01ea D:0000 DB:00 nvMXdizc V:143 H: 892 F:15
c0006e iny                    A:b208 X:0012 Y:0000 S:01ea D:0000 DB:00 nvMXdizc V:143 H: 910 F:15
c0006f lda [$a5],y   [d1b215] A:b208 X:0012 Y:0001 S:01ea D:0000 DB:00 nvMXdizc V:143 H: 922 F:15
c00071 sta $1d35     [001d35] A:b202 X:0012 Y:0001 S:01ea D:0000 DB:00 nvMXdizc V:143 H: 964 F:15
c00074 iny                    A:b202 X:0012 Y:0001 S:01ea D:0000 DB:00 nvMXdizc V:143 H: 990 F:15
c00075 lda $0341     [000341] A:b202 X:0012 Y:0002 S:01ea D:0000 DB:00 nvMXdizc V:143 H:1002 F:15
c00078 bit #$02               A:b202 X:0012 Y:0002 S:01ea D:0000 DB:00 nvMXdizc V:143 H:1028 F:15
c0007a bne $009e     [c0009e] A:b202 X:0012 Y:0002 S:01ea D:0000 DB:00 nvMXdizc V:143 H:1040 F:15
c0009e lda $0344     [000344] A:b202 X:0012 Y:0002 S:01ea D:0000 DB:00 nvMXdizc V:143 H:1058 F:15
c000a1 sta $1d28     [001d28] A:b216 X:0012 Y:0002 S:01ea D:0000 DB:00 nvMXdizc V:143 H:1084 F:15
c000a4 lda $0345     [000345] A:b216 X:0012 Y:0002 S:01ea D:0000 DB:00 nvMXdizc V:143 H:1110 F:15
c000a7 sta $1d2a     [001d2a] A:b20f X:0012 Y:0002 S:01ea D:0000 DB:00 nvMXdizc V:143 H:1136 F:15
c000aa iny                    A:b20f X:0012 Y:0002 S:01ea D:0000 DB:00 nvMXdizc V:143 H:1162 F:15
c000ab iny                    A:b20f X:0012 Y:0003 S:01ea D:0000 DB:00 nvMXdizc V:143 H:1174 F:15
c000ac lda $0343     [000343] A:b20f X:0012 Y:0004 S:01ea D:0000 DB:00 nvMXdizc V:143 H:1186 F:15
c000af beq $00c8     [c000c8] A:b200 X:0012 Y:0004 S:01ea D:0000 DB:00 nvMXdiZc V:143 H:1212 F:15
c000c8 lda [$a5],y   [d1b218] A:b200 X:0012 Y:0004 S:01ea D:0000 DB:00 nvMXdiZc V:143 H:1230 F:15
c000ca sta $0342     [000342] A:b200 X:0012 Y:0004 S:01ea D:0000 DB:00 nvMXdiZc V:143 H:1272 F:15
c000cd iny                    A:b200 X:0012 Y:0004 S:01ea D:0000 DB:00 nvMXdiZc V:143 H:1298 F:15
c000ce lda $0341     [000341] A:b200 X:0012 Y:0005 S:01ea D:0000 DB:00 nvMXdizc V:143 H:1310 F:15
c000d1 bit #$01               A:b202 X:0012 Y:0005 S:01ea D:0000 DB:00 nvMXdizc V:143 H:1336 F:15
c000d3 beq $00de     [c000de] A:b202 X:0012 Y:0005 S:01ea D:0000 DB:00 nvMXdiZc V:143 H:1348 F:15
c000de clc                    A:b202 X:0012 Y:0005 S:01ea D:0000 DB:00 nvMXdiZc V:144 H:   2 F:15
c000df tya                    A:b202 X:0012 Y:0005 S:01ea D:0000 DB:00 nvMXdiZc V:144 H:  14 F:15
c000e0 adc $a5       [0000a5] A:b205 X:0012 Y:0005 S:01ea D:0000 DB:00 nvMXdizc V:144 H:  26 F:15
c000e2 sta $a5       [0000a5] A:b219 X:0012 Y:0005 S:01ea D:0000 DB:00 nvMXdizc V:144 H:  46 F:15
c000e4 lda #$00               A:b219 X:0012 Y:0005 S:01ea D:0000 DB:00 nvMXdizc V:144 H:  66 F:15
c000e6 adc $a6       [0000a6] A:b200 X:0012 Y:0005 S:01ea D:0000 DB:00 nvMXdiZc V:144 H:  78 F:15
c000e8 sta $a6       [0000a6] A:b2b2 X:0012 Y:0005 S:01ea D:0000 DB:00 NvMXdizc V:144 H:  98 F:15
c000ea jsl $c01cb0   [c01cb0] A:b2b2 X:0012 Y:0005 S:01ea D:0000 DB:00 NvMXdizc V:144 H: 118 F:15
c01cb0 phx                    A:b2b2 X:0012 Y:0005 S:01e7 D:0000 DB:00 NvMXdizc V:144 H: 172 F:15
c01cb1 rep #$20               A:b2b2 X:0012 Y:0005 S:01e6 D:0000 DB:00 NvMXdizc V:144 H: 192 F:15
c01cb3 lda $a5       [0000a5] A:b2b2 X:0012 Y:0005 S:01e6 D:0000 DB:00 NvmXdizc V:144 H: 210 F:15
c01cb5 sta $60       [000060] A:b219 X:0012 Y:0005 S:01e6 D:0000 DB:00 NvmXdizc V:144 H: 238 F:15
c01cb7 sep #$20               A:b219 X:0012 Y:0005 S:01e6 D:0000 DB:00 NvmXdizc V:144 H: 266 F:15
c01cb9 lda $a7       [0000a7] A:b219 X:0012 Y:0005 S:01e6 D:0000 DB:00 NvMXdizc V:144 H: 284 F:15
c01cbb sta $62       [000062] A:b2d1 X:0012 Y:0005 S:01e6 D:0000 DB:00 NvMXdizc V:144 H: 304 F:15
c01cbd ldx #$00               A:b2d1 X:0012 Y:0005 S:01e6 D:0000 DB:00 NvMXdizc V:144 H: 324 F:15
c01cbf stz $0200,x   [000200] A:b2d1 X:0000 Y:0005 S:01e6 D:0000 DB:00 nvMXdiZc V:144 H: 336 F:15
c01cc2 inx                    A:b2d1 X:0000 Y:0005 S:01e6 D:0000 DB:00 nvMXdiZc V:144 H: 368 F:15
c01cc3 bne $1cbf     [c01cbf] A:b2d1 X:0001 Y:0005 S:01e6 D:0000 DB:00 nvMXdizc V:144 H: 380 F:15
c01cbf stz $0200,x   [000201] A:b2d1 X:0001 Y:0005 S:01e6 D:0000 DB:00 nvMXdizc V:144 H: 398 F:15
c01cc2 inx                    A:b2d1 X:0001 Y:0005 S:01e6 D:0000 DB:00 nvMXdizc V:144 H: 430 F:15
c01cc3 bne $1cbf     [c01cbf] A:b2d1 X:0002 Y:0005 S:01e6 D:0000 DB:00 nvMXdizc V:144 H: 442 F:15
c01cbf stz $0200,x   [000202] A:b2d1 X:0002 Y:0005 S:01e6 D:0000 DB:00 nvMXdizc V:144 H: 460 F:15
c01cc2 inx                    A:b2d1 X:0002 Y:0005 S:01e6 D:0000 DB:00 nvMXdizc V:144 H: 492 F:15
c01cc3 bne $1cbf     [c01cbf] A:b2d1 X:0003 Y:0005 S:01e6 D:0000 DB:00 nvMXdizc V:144 H: 504 F:15
c01cbf stz $0200,x   [000203] A:b2d1 X:0003 Y:0005 S:01e6 D:0000 DB:00 nvMXdizc V:144 H: 522 F:15
c01cc2 inx                    A:b2d1 X:0003 Y:0005 S:01e6 D:0000 DB:00 nvMXdizc V:144 H: 594 F:15
c01cc3 bne $1cbf     [c01cbf] A:b2d1 X:0004 Y:0005 S:01e6 D:0000 DB:00 nvMXdizc V:144 H: 606 F:15
c01cbf stz $0200,x   [000204] A:b2d1 X:0004 Y:0005 S:01e6 D:0000 DB:00 nvMXdizc V:144 H: 624 F:15
c01cc2 inx                    A:b2d1 X:0004 Y:0005 S:01e6 D:0000 DB:00 nvMXdizc V:144 H: 656 F:15
c01cc3 bne $1cbf     [c01cbf] A:b2d1 X:0005 Y:0005 S:01e6 D:0000 DB:00 nvMXdizc V:144 H: 668 F:15
c01cbf stz $0200,x   [000205] A:b2d1 X:0005 Y:0005 S:01e6 D:0000 DB:00 nvMXdizc V:144 H: 686 F:15
c01cc2 inx                    A:b2d1 X:0005 Y:0005 S:01e6 D:0000 DB:00 nvMXdizc V:144 H: 718 F:15
c01cc3 bne $1cbf     [c01cbf] A:b2d1 X:0006 Y:0005 S:01e6 D:0000 DB:00 nvMXdizc V:144 H: 730 F:15
c01cbf stz $0200,x   [000206] A:b2d1 X:0006 Y:0005 S:01e6 D:0000 DB:00 nvMXdizc V:144 H: 748 F:15
c01cc2 inx                    A:b2d1 X:0006 Y:0005 S:01e6 D:0000 DB:00 nvMXdizc V:144 H: 780 F:15
c01cc3 bne $1cbf     [c01cbf] A:b2d1 X:0007 Y:0005 S:01e6 D:0000 DB:00 nvMXdizc V:144 H: 792 F:15
c01cbf stz $0200,x   [000207] A:b2d1 X:0007 Y:0005 S:01e6 D:0000 DB:00 nvMXdizc V:144 H: 810 F:15
c01cc2 inx                    A:b2d1 X:0007 Y:0005 S:01e6 D:0000 DB:00 nvMXdizc V:144 H: 842 F:15
c01cc3 bne $1cbf     [c01cbf] A:b2d1 X:0008 Y:0005 S:01e6 D:0000 DB:00 nvMXdizc V:144 H: 854 F:15
c01cbf stz $0200,x   [000208] A:b2d1 X:0008 Y:0005 S:01e6 D:0000 DB:00 nvMXdizc V:144 H: 872 F:15
c01cc2 inx                    A:b2d1 X:0008 Y:0005 S:01e6 D:0000 DB:00 nvMXdizc V:144 H: 904 F:15
c01cc3 bne $1cbf     [c01cbf] A:b2d1 X:0009 Y:0005 S:01e6 D:0000 DB:00 nvMXdizc V:144 H: 916 F:15
c01cbf stz $0200,x   [000209] A:b2d1 X:0009 Y:0005 S:01e6 D:0000 DB:00 nvMXdizc V:144 H: 934 F:15
c01cc2 inx                    A:b2d1 X:0009 Y:0005 S:01e6 D:0000 DB:00 nvMXdizc V:144 H: 966 F:15
c01cc3 bne $1cbf     [c01cbf] A:b2d1 X:000a Y:0005 S:01e6 D:0000 DB:00 nvMXdizc V:144 H: 978 F:15
c01cbf stz $0200,x   [00020a] A:b2d1 X:000a Y:0005 S:01e6 D:0000 DB:00 nvMXdizc V:144 H: 996 F:15
c01cc2 inx                    A:b2d1 X:000a Y:0005 S:01e6 D:0000 DB:00 nvMXdizc V:144 H:1028 F:15
c01cc3 bne $1cbf     [c01cbf] A:b2d1 X:000b Y:0005 S:01e6 D:0000 DB:00 nvMXdizc V:144 H:1040 F:15
c01cbf stz $0200,x   [00020b] A:b2d1 X:000b Y:0005 S:01e6 D:0000 DB:00 nvMXdizc V:144 H:1058 F:15
c01cc2 inx                    A:b2d1 X:000b Y:0005 S:01e6 D:0000 DB:00 nvMXdizc V:144 H:1090 F:15
c01cc3 bne $1cbf     [c01cbf] A:b2d1 X:000c Y:0005 S:01e6 D:0000 DB:00 nvMXdizc V:144 H:1102 F:15
c01cbf stz $0200,x   [00020c] A:b2d1 X:000c Y:0005 S:01e6 D:0000 DB:00 nvMXdizc V:144 H:1120 F:15
c01cc2 inx                    A:b2d1 X:000c Y:0005 S:01e6 D:0000 DB:00 nvMXdizc V:144 H:1152 F:15
c01cc3 bne $1cbf     [c01cbf] A:b2d1 X:000d Y:0005 S:01e6 D:0000 DB:00 nvMXdizc V:144 H:1164 F:15
c01cbf stz $0200,x   [00020d] A:b2d1 X:000d Y:0005 S:01e6 D:0000 DB:00 nvMXdizc V:144 H:1182 F:15
c01cc2 inx                    A:b2d1 X:000d Y:0005 S:01e6 D:0000 DB:00 nvMXdizc V:144 H:1214 F:15
c01cc3 bne $1cbf     [c01cbf] A:b2d1 X:000e Y:0005 S:01e6 D:0000 DB:00 nvMXdizc V:144 H:1226 F:15
c01cbf stz $0200,x   [00020e] A:b2d1 X:000e Y:0005 S:01e6 D:0000 DB:00 nvMXdizc V:144 H:1244 F:15
c01cc2 inx                    A:b2d1 X:000e Y:0005 S:01e6 D:0000 DB:00 nvMXdizc V:144 H:1276 F:15
c01cc3 bne $1cbf     [c01cbf] A:b2d1 X:000f Y:0005 S:01e6 D:0000 DB:00 nvMXdizc V:144 H:1288 F:15
c01cbf stz $0200,x   [00020f] A:b2d1 X:000f Y:0005 S:01e6 D:0000 DB:00 nvMXdizc V:144 H:1306 F:15
c01cc2 inx                    A:b2d1 X:000f Y:0005 S:01e6 D:0000 DB:00 nvMXdizc V:144 H:1338 F:15
c01cc3 bne $1cbf     [c01cbf] A:b2d1 X:0010 Y:0005 S:01e6 D:0000 DB:00 nvMXdizc V:144 H:1350 F:15
c01cbf stz $0200,x   [000210] A:b2d1 X:0010 Y:0005 S:01e6 D:0000 DB:00 nvMXdizc V:145 H:   4 F:15
c01cc2 inx                    A:b2d1 X:0010 Y:0005 S:01e6 D:0000 DB:00 nvMXdizc V:145 H:  36 F:15
c01cc3 bne $1cbf     [c01cbf] A:b2d1 X:0011 Y:0005 S:01e6 D:0000 DB:00 nvMXdizc V:145 H:  48 F:15
c01cbf stz $0200,x   [000211] A:b2d1 X:0011 Y:0005 S:01e6 D:0000 DB:00 nvMXdizc V:145 H:  66 F:15
c01cc2 inx                    A:b2d1 X:0011 Y:0005 S:01e6 D:0000 DB:00 nvMXdizc V:145 H:  98 F:15
c01cc3 bne $1cbf     [c01cbf] A:b2d1 X:0012 Y:0005 S:01e6 D:0000 DB:00 nvMXdizc V:145 H: 110 F:15
c01cbf stz $0200,x   [000212] A:b2d1 X:0012 Y:0005 S:01e6 D:0000 DB:00 nvMXdizc V:145 H: 128 F:15
c01cc2 inx                    A:b2d1 X:0012 Y:0005 S:01e6 D:0000 DB:00 nvMXdizc V:145 H: 160 F:15
c01cc3 bne $1cbf     [c01cbf] A:b2d1 X:0013 Y:0005 S:01e6 D:0000 DB:00 nvMXdizc V:145 H: 172 F:15
c01cbf stz $0200,x   [000213] A:b2d1 X:0013 Y:0005 S:01e6 D:0000 DB:00 nvMXdizc V:145 H: 190 F:15
c01cc2 inx                    A:b2d1 X:0013 Y:0005 S:01e6 D:0000 DB:00 nvMXdizc V:145 H: 222 F:15
c01cc3 bne $1cbf     [c01cbf] A:b2d1 X:0014 Y:0005 S:01e6 D:0000 DB:00 nvMXdizc V:145 H: 234 F:15
c01cbf stz $0200,x   [000214] A:b2d1 X:0014 Y:0005 S:01e6 D:0000 DB:00 nvMXdizc V:145 H: 252 F:15
c01cc2 inx                    A:b2d1 X:0014 Y:0005 S:01e6 D:0000 DB:00 nvMXdizc V:145 H: 284 F:15
c01cc3 bne $1cbf     [c01cbf] A:b2d1 X:0015 Y:0005 S:01e6 D:0000 DB:00 nvMXdizc V:145 H: 296 F:15
c01cbf stz $0200,x   [000215] A:b2d1 X:0015 Y:0005 S:01e6 D:0000 DB:00 nvMXdizc V:145 H: 314 F:15
c01cc2 inx                    A:b2d1 X:0015 Y:0005 S:01e6 D:0000 DB:00 nvMXdizc V:145 H: 346 F:15
c01cc3 bne $1cbf     [c01cbf] A:b2d1 X:0016 Y:0005 S:01e6 D:0000 DB:00 nvMXdizc V:145 H: 358 F:15
c01cbf stz $0200,x   [000216] A:b2d1 X:0016 Y:0005 S:01e6 D:0000 DB:00 nvMXdizc V:145 H: 376 F:15
c01cc2 inx                    A:b2d1 X:0016 Y:0005 S:01e6 D:0000 DB:00 nvMXdizc V:145 H: 408 F:15
c01cc3 bne $1cbf     [c01cbf] A:b2d1 X:0017 Y:0005 S:01e6 D:0000 DB:00 nvMXdizc V:145 H: 420 F:15
c01cbf stz $0200,x   [000217] A:b2d1 X:0017 Y:0005 S:01e6 D:0000 DB:00 nvMXdizc V:145 H: 438 F:15
c01cc2 inx                    A:b2d1 X:0017 Y:0005 S:01e6 D:0000 DB:00 nvMXdizc V:145 H: 470 F:15
c01cc3 bne $1cbf     [c01cbf] A:b2d1 X:0018 Y:0005 S:01e6 D:0000 DB:00 nvMXdizc V:145 H: 482 F:15
c01cbf stz $0200,x   [000218] A:b2d1 X:0018 Y:0005 S:01e6 D:0000 DB:00 nvMXdizc V:145 H: 500 F:15
c01cc2 inx                    A:b2d1 X:0018 Y:0005 S:01e6 D:0000 DB:00 nvMXdizc V:145 H: 532 F:15
c01cc3 bne $1cbf     [c01cbf] A:b2d1 X:0019 Y:0005 S:01e6 D:0000 DB:00 nvMXdizc V:145 H: 584 F:15
c01cbf stz $0200,x   [000219] A:b2d1 X:0019 Y:0005 S:01e6 D:0000 DB:00 nvMXdizc V:145 H: 602 F:15
c01cc2 inx                    A:b2d1 X:0019 Y:0005 S:01e6 D:0000 DB:00 nvMXdizc V:145 H: 634 F:15
c01cc3 bne $1cbf     [c01cbf] A:b2d1 X:001a Y:0005 S:01e6 D:0000 DB:00 nvMXdizc V:145 H: 646 F:15
c01cbf stz $0200,x   [00021a] A:b2d1 X:001a Y:0005 S:01e6 D:0000 DB:00 nvMXdizc V:145 H: 664 F:15
c01cc2 inx                    A:b2d1 X:001a Y:0005 S:01e6 D:0000 DB:00 nvMXdizc V:145 H: 696 F:15
c01cc3 bne $1cbf     [c01cbf] A:b2d1 X:001b Y:0005 S:01e6 D:0000 DB:00 nvMXdizc V:145 H: 708 F:15
c01cbf stz $0200,x   [00021b] A:b2d1 X:001b Y:0005 S:01e6 D:0000 DB:00 nvMXdizc V:145 H: 726 F:15
c01cc2 inx                    A:b2d1 X:001b Y:0005 S:01e6 D:0000 DB:00 nvMXdizc V:145 H: 758 F:15
c01cc3 bne $1cbf     [c01cbf] A:b2d1 X:001c Y:0005 S:01e6 D:0000 DB:00 nvMXdizc V:145 H: 770 F:15
c01cbf stz $0200,x   [00021c] A:b2d1 X:001c Y:0005 S:01e6 D:0000 DB:00 nvMXdizc V:145 H: 788 F:15
c01cc2 inx                    A:b2d1 X:001c Y:0005 S:01e6 D:0000 DB:00 nvMXdizc V:145 H: 820 F:15
c01cc3 bne $1cbf     [c01cbf] A:b2d1 X:001d Y:0005 S:01e6 D:0000 DB:00 nvMXdizc V:145 H: 832 F:15
c01cbf stz $0200,x   [00021d] A:b2d1 X:001d Y:0005 S:01e6 D:0000 DB:00 nvMXdizc V:145 H: 850 F:15
c01cc2 inx                    A:b2d1 X:001d Y:0005 S:01e6 D:0000 DB:00 nvMXdizc V:145 H: 882 F:15
c01cc3 bne $1cbf     [c01cbf] A:b2d1 X:001e Y:0005 S:01e6 D:0000 DB:00 nvMXdizc V:145 H: 894 F:15
c01cbf stz $0200,x   [00021e] A:b2d1 X:001e Y:0005 S:01e6 D:0000 DB:00 nvMXdizc V:145 H: 912 F:15
c01cc2 inx                    A:b2d1 X:001e Y:0005 S:01e6 D:0000 DB:00 nvMXdizc V:145 H: 944 F:15
c01cc3 bne $1cbf     [c01cbf] A:b2d1 X:001f Y:0005 S:01e6 D:0000 DB:00 nvMXdizc V:145 H: 956 F:15
c01cbf stz $0200,x   [00021f] A:b2d1 X:001f Y:0005 S:01e6 D:0000 DB:00 nvMXdizc V:145 H: 974 F:15
c01cc2 inx                    A:b2d1 X:001f Y:0005 S:01e6 D:0000 DB:00 nvMXdizc V:145 H:1006 F:15
c01cc3 bne $1cbf     [c01cbf] A:b2d1 X:0020 Y:0005 S:01e6 D:0000 DB:00 nvMXdizc V:145 H:1018 F:15
c01cbf stz $0200,x   [000220] A:b2d1 X:0020 Y:0005 S:01e6 D:0000 DB:00 nvMXdizc V:145 H:1036 F:15
c01cc2 inx                    A:b2d1 X:0020 Y:0005 S:01e6 D:0000 DB:00 nvMXdizc V:145 H:1068 F:15
c01cc3 bne $1cbf     [c01cbf] A:b2d1 X:0021 Y:0005 S:01e6 D:0000 DB:00 nvMXdizc V:145 H:1080 F:15
c01cbf stz $0200,x   [000221] A:b2d1 X:0021 Y:0005 S:01e6 D:0000 DB:00 nvMXdizc V:145 H:1098 F:15
c01cc2 inx                    A:b2d1 X:0021 Y:0005 S:01e6 D:0000 DB:00 nvMXdizc V:145 H:1130 F:15
c01cc3 bne $1cbf     [c01cbf] A:b2d1 X:0022 Y:0005 S:01e6 D:0000 DB:00 nvMXdizc V:145 H:1142 F:15
c01cbf stz $0200,x   [000222] A:b2d1 X:0022 Y:0005 S:01e6 D:0000 DB:00 nvMXdizc V:145 H:1160 F:15
c01cc2 inx                    A:b2d1 X:0022 Y:0005 S:01e6 D:0000 DB:00 nvMXdizc V:145 H:1192 F:15
c01cc3 bne $1cbf     [c01cbf] A:b2d1 X:0023 Y:0005 S:01e6 D:0000 DB:00 nvMXdizc V:145 H:1204 F:15
c01cbf stz $0200,x   [000223] A:b2d1 X:0023 Y:0005 S:01e6 D:0000 DB:00 nvMXdizc V:145 H:1222 F:15
c01cc2 inx                    A:b2d1 X:0023 Y:0005 S:01e6 D:0000 DB:00 nvMXdizc V:145 H:1254 F:15
c01cc3 bne $1cbf     [c01cbf] A:b2d1 X:0024 Y:0005 S:01e6 D:0000 DB:00 nvMXdizc V:145 H:1266 F:15
c01cbf stz $0200,x   [000224] A:b2d1 X:0024 Y:0005 S:01e6 D:0000 DB:00 nvMXdizc V:145 H:1284 F:15
c01cc2 inx                    A:b2d1 X:0024 Y:0005 S:01e6 D:0000 DB:00 nvMXdizc V:145 H:1316 F:15
c01cc3 bne $1cbf     [c01cbf] A:b2d1 X:0025 Y:0005 S:01e6 D:0000 DB:00 nvMXdizc V:145 H:1328 F:15
c01cbf stz $0200,x   [000225] A:b2d1 X:0025 Y:0005 S:01e6 D:0000 DB:00 nvMXdizc V:145 H:1346 F:15
c01cc2 inx                    A:b2d1 X:0025 Y:0005 S:01e6 D:0000 DB:00 nvMXdizc V:146 H:  14 F:15
c01cc3 bne $1cbf     [c01cbf] A:b2d1 X:0026 Y:0005 S:01e6 D:0000 DB:00 nvMXdizc V:146 H:  26 F:15
c01cbf stz $0200,x   [000226] A:b2d1 X:0026 Y:0005 S:01e6 D:0000 DB:00 nvMXdizc V:146 H:  44 F:15
c01cc2 inx                    A:b2d1 X:0026 Y:0005 S:01e6 D:0000 DB:00 nvMXdizc V:146 H:  76 F:15
c01cc3 bne $1cbf     [c01cbf] A:b2d1 X:0027 Y:0005 S:01e6 D:0000 DB:00 nvMXdizc V:146 H:  88 F:15
c01cbf stz $0200,x   [000227] A:b2d1 X:0027 Y:0005 S:01e6 D:0000 DB:00 nvMXdizc V:146 H: 106 F:15
c01cc2 inx                    A:b2d1 X:0027 Y:0005 S:01e6 D:0000 DB:00 nvMXdizc V:146 H: 138 F:15
c01cc3 bne $1cbf     [c01cbf] A:b2d1 X:0028 Y:0005 S:01e6 D:0000 DB:00 nvMXdizc V:146 H: 150 F:15
c01cbf stz $0200,x   [000228] A:b2d1 X:0028 Y:0005 S:01e6 D:0000 DB:00 nvMXdizc V:146 H: 168 F:15
c01cc2 inx                    A:b2d1 X:0028 Y:0005 S:01e6 D:0000 DB:00 nvMXdizc V:146 H: 200 F:15
c01cc3 bne $1cbf     [c01cbf] A:b2d1 X:0029 Y:0005 S:01e6 D:0000 DB:00 nvMXdizc V:146 H: 212 F:15
c01cbf stz $0200,x   [000229] A:b2d1 X:0029 Y:0005 S:01e6 D:0000 DB:00 nvMXdizc V:146 H: 230 F:15
c01cc2 inx                    A:b2d1 X:0029 Y:0005 S:01e6 D:0000 DB:00 nvMXdizc V:146 H: 262 F:15
c01cc3 bne $1cbf     [c01cbf] A:b2d1 X:002a Y:0005 S:01e6 D:0000 DB:00 nvMXdizc V:146 H: 274 F:15
c01cbf stz $0200,x   [00022a] A:b2d1 X:002a Y:0005 S:01e6 D:0000 DB:00 nvMXdizc V:146 H: 292 F:15
c01cc2 inx                    A:b2d1 X:002a Y:0005 S:01e6 D:0000 DB:00 nvMXdizc V:146 H: 324 F:15
c01cc3 bne $1cbf     [c01cbf] A:b2d1 X:002b Y:0005 S:01e6 D:0000 DB:00 nvMXdizc V:146 H: 336 F:15
c01cbf stz $0200,x   [00022b] A:b2d1 X:002b Y:0005 S:01e6 D:0000 DB:00 nvMXdizc V:146 H: 354 F:15
c01cc2 inx                    A:b2d1 X:002b Y:0005 S:01e6 D:0000 DB:00 nvMXdizc V:146 H: 386 F:15
c01cc3 bne $1cbf     [c01cbf] A:b2d1 X:002c Y:0005 S:01e6 D:0000 DB:00 nvMXdizc V:146 H: 398 F:15
c01cbf stz $0200,x   [00022c] A:b2d1 X:002c Y:0005 S:01e6 D:0000 DB:00 nvMXdizc V:146 H: 416 F:15
c01cc2 inx                    A:b2d1 X:002c Y:0005 S:01e6 D:0000 DB:00 nvMXdizc V:146 H: 448 F:15
c01cc3 bne $1cbf     [c01cbf] A:b2d1 X:002d Y:0005 S:01e6 D:0000 DB:00 nvMXdizc V:146 H: 460 F:15
c01cbf stz $0200,x   [00022d] A:b2d1 X:002d Y:0005 S:01e6 D:0000 DB:00 nvMXdizc V:146 H: 478 F:15
c01cc2 inx                    A:b2d1 X:002d Y:0005 S:01e6 D:0000 DB:00 nvMXdizc V:146 H: 510 F:15
c01cc3 bne $1cbf     [c01cbf] A:b2d1 X:002e Y:0005 S:01e6 D:0000 DB:00 nvMXdizc V:146 H: 522 F:15
c01cbf stz $0200,x   [00022e] A:b2d1 X:002e Y:0005 S:01e6 D:0000 DB:00 nvMXdizc V:146 H: 580 F:15
c01cc2 inx                    A:b2d1 X:002e Y:0005 S:01e6 D:0000 DB:00 nvMXdizc V:146 H: 612 F:15
c01cc3 bne $1cbf     [c01cbf] A:b2d1 X:002f Y:0005 S:01e6 D:0000 DB:00 nvMXdizc V:146 H: 624 F:15
c01cbf stz $0200,x   [00022f] A:b2d1 X:002f Y:0005 S:01e6 D:0000 DB:00 nvMXdizc V:146 H: 642 F:15
c01cc2 inx                    A:b2d1 X:002f Y:0005 S:01e6 D:0000 DB:00 nvMXdizc V:146 H: 674 F:15
c01cc3 bne $1cbf     [c01cbf] A:b2d1 X:0030 Y:0005 S:01e6 D:0000 DB:00 nvMXdizc V:146 H: 686 F:15
c01cbf stz $0200,x   [000230] A:b2d1 X:0030 Y:0005 S:01e6 D:0000 DB:00 nvMXdizc V:146 H: 704 F:15
c01cc2 inx                    A:b2d1 X:0030 Y:0005 S:01e6 D:0000 DB:00 nvMXdizc V:146 H: 736 F:15
c01cc3 bne $1cbf     [c01cbf] A:b2d1 X:0031 Y:0005 S:01e6 D:0000 DB:00 nvMXdizc V:146 H: 748 F:15
c01cbf stz $0200,x   [000231] A:b2d1 X:0031 Y:0005 S:01e6 D:0000 DB:00 nvMXdizc V:146 H: 766 F:15
c01cc2 inx                    A:b2d1 X:0031 Y:0005 S:01e6 D:0000 DB:00 nvMXdizc V:146 H: 798 F:15
c01cc3 bne $1cbf     [c01cbf] A:b2d1 X:0032 Y:0005 S:01e6 D:0000 DB:00 nvMXdizc V:146 H: 810 F:15
c01cbf stz $0200,x   [000232] A:b2d1 X:0032 Y:0005 S:01e6 D:0000 DB:00 nvMXdizc V:146 H: 828 F:15
c01cc2 inx                    A:b2d1 X:0032 Y:0005 S:01e6 D:0000 DB:00 nvMXdizc V:146 H: 860 F:15
c01cc3 bne $1cbf     [c01cbf] A:b2d1 X:0033 Y:0005 S:01e6 D:0000 DB:00 nvMXdizc V:146 H: 872 F:15
c01cbf stz $0200,x   [000233] A:b2d1 X:0033 Y:0005 S:01e6 D:0000 DB:00 nvMXdizc V:146 H: 890 F:15
c01cc2 inx                    A:b2d1 X:0033 Y:0005 S:01e6 D:0000 DB:00 nvMXdizc V:146 H: 922 F:15
c01cc3 bne $1cbf     [c01cbf] A:b2d1 X:0034 Y:0005 S:01e6 D:0000 DB:00 nvMXdizc V:146 H: 934 F:15
c01cbf stz $0200,x   [000234] A:b2d1 X:0034 Y:0005 S:01e6 D:0000 DB:00 nvMXdizc V:146 H: 952 F:15
c01cc2 inx                    A:b2d1 X:0034 Y:0005 S:01e6 D:0000 DB:00 nvMXdizc V:146 H: 984 F:15
c01cc3 bne $1cbf     [c01cbf] A:b2d1 X:0035 Y:0005 S:01e6 D:0000 DB:00 nvMXdizc V:146 H: 996 F:15
c01cbf stz $0200,x   [000235] A:b2d1 X:0035 Y:0005 S:01e6 D:0000 DB:00 nvMXdizc V:146 H:1014 F:15
c01cc2 inx                    A:b2d1 X:0035 Y:0005 S:01e6 D:0000 DB:00 nvMXdizc V:146 H:1046 F:15
c01cc3 bne $1cbf     [c01cbf] A:b2d1 X:0036 Y:0005 S:01e6 D:0000 DB:00 nvMXdizc V:146 H:1058 F:15
c01cbf stz $0200,x   [000236] A:b2d1 X:0036 Y:0005 S:01e6 D:0000 DB:00 nvMXdizc V:146 H:1076 F:15
c01cc2 inx                    A:b2d1 X:0036 Y:0005 S:01e6 D:0000 DB:00 nvMXdizc V:146 H:1108 F:15
c01cc3 bne $1cbf     [c01cbf] A:b2d1 X:0037 Y:0005 S:01e6 D:0000 DB:00 nvMXdizc V:146 H:1120 F:15
c01cbf stz $0200,x   [000237] A:b2d1 X:0037 Y:0005 S:01e6 D:0000 DB:00 nvMXdizc V:146 H:1138 F:15
c01cc2 inx                    A:b2d1 X:0037 Y:0005 S:01e6 D:0000 DB:00 nvMXdizc V:146 H:1170 F:15
c01cc3 bne $1cbf     [c01cbf] A:b2d1 X:0038 Y:0005 S:01e6 D:0000 DB:00 nvMXdizc V:146 H:1182 F:15
c01cbf stz $0200,x   [000238] A:b2d1 X:0038 Y:0005 S:01e6 D:0000 DB:00 nvMXdizc V:146 H:1200 F:15
c01cc2 inx                    A:b2d1 X:0038 Y:0005 S:01e6 D:0000 DB:00 nvMXdizc V:146 H:1232 F:15
c01cc3 bne $1cbf     [c01cbf] A:b2d1 X:0039 Y:0005 S:01e6 D:0000 DB:00 nvMXdizc V:146 H:1244 F:15
c01cbf stz $0200,x   [000239] A:b2d1 X:0039 Y:0005 S:01e6 D:0000 DB:00 nvMXdizc V:146 H:1262 F:15
c01cc2 inx                    A:b2d1 X:0039 Y:0005 S:01e6 D:0000 DB:00 nvMXdizc V:146 H:1294 F:15
c01cc3 bne $1cbf     [c01cbf] A:b2d1 X:003a Y:0005 S:01e6 D:0000 DB:00 nvMXdizc V:146 H:1306 F:15
c01cbf stz $0200,x   [00023a] A:b2d1 X:003a Y:0005 S:01e6 D:0000 DB:00 nvMXdizc V:146 H:1324 F:15
c01cc2 inx                    A:b2d1 X:003a Y:0005 S:01e6 D:0000 DB:00 nvMXdizc V:146 H:1356 F:15
c01cc3 bne $1cbf     [c01cbf] A:b2d1 X:003b Y:0005 S:01e6 D:0000 DB:00 nvMXdizc V:147 H:   4 F:15
c01cbf stz $0200,x   [00023b] A:b2d1 X:003b Y:0005 S:01e6 D:0000 DB:00 nvMXdizc V:147 H:  22 F:15
c01cc2 inx                    A:b2d1 X:003b Y:0005 S:01e6 D:0000 DB:00 nvMXdizc V:147 H:  54 F:15
c01cc3 bne $1cbf     [c01cbf] A:b2d1 X:003c Y:0005 S:01e6 D:0000 DB:00 nvMXdizc V:147 H:  66 F:15
c01cbf stz $0200,x   [00023c] A:b2d1 X:003c Y:0005 S:01e6 D:0000 DB:00 nvMXdizc V:147 H:  84 F:15
c01cc2 inx                    A:b2d1 X:003c Y:0005 S:01e6 D:0000 DB:00 nvMXdizc V:147 H: 116 F:15
c01cc3 bne $1cbf     [c01cbf] A:b2d1 X:003d Y:0005 S:01e6 D:0000 DB:00 nvMXdizc V:147 H: 128 F:15
c01cbf stz $0200,x   [00023d] A:b2d1 X:003d Y:0005 S:01e6 D:0000 DB:00 nvMXdizc V:147 H: 146 F:15
c01cc2 inx                    A:b2d1 X:003d Y:0005 S:01e6 D:0000 DB:00 nvMXdizc V:147 H: 178 F:15
c01cc3 bne $1cbf     [c01cbf] A:b2d1 X:003e Y:0005 S:01e6 D:0000 DB:00 nvMXdizc V:147 H: 190 F:15
c01cbf stz $0200,x   [00023e] A:b2d1 X:003e Y:0005 S:01e6 D:0000 DB:00 nvMXdizc V:147 H: 208 F:15
c01cc2 inx                    A:b2d1 X:003e Y:0005 S:01e6 D:0000 DB:00 nvMXdizc V:147 H: 240 F:15
c01cc3 bne $1cbf     [c01cbf] A:b2d1 X:003f Y:0005 S:01e6 D:0000 DB:00 nvMXdizc V:147 H: 252 F:15
c01cbf stz $0200,x   [00023f] A:b2d1 X:003f Y:0005 S:01e6 D:0000 DB:00 nvMXdizc V:147 H: 270 F:15
c01cc2 inx                    A:b2d1 X:003f Y:0005 S:01e6 D:0000 DB:00 nvMXdizc V:147 H: 302 F:15
c01cc3 bne $1cbf     [c01cbf] A:b2d1 X:0040 Y:0005 S:01e6 D:0000 DB:00 nvMXdizc V:147 H: 314 F:15
c01cbf stz $0200,x   [000240] A:b2d1 X:0040 Y:0005 S:01e6 D:0000 DB:00 nvMXdizc V:147 H: 332 F:15
c01cc2 inx                    A:b2d1 X:0040 Y:0005 S:01e6 D:0000 DB:00 nvMXdizc V:147 H: 364 F:15
c01cc3 bne $1cbf     [c01cbf] A:b2d1 X:0041 Y:0005 S:01e6 D:0000 DB:00 nvMXdizc V:147 H: 376 F:15
c01cbf stz $0200,x   [000241] A:b2d1 X:0041 Y:0005 S:01e6 D:0000 DB:00 nvMXdizc V:147 H: 394 F:15
c01cc2 inx                    A:b2d1 X:0041 Y:0005 S:01e6 D:0000 DB:00 nvMXdizc V:147 H: 426 F:15
c01cc3 bne $1cbf     [c01cbf] A:b2d1 X:0042 Y:0005 S:01e6 D:0000 DB:00 nvMXdizc V:147 H: 438 F:15
c01cbf stz $0200,x   [000242] A:b2d1 X:0042 Y:0005 S:01e6 D:0000 DB:00 nvMXdizc V:147 H: 456 F:15
c01cc2 inx                    A:b2d1 X:0042 Y:0005 S:01e6 D:0000 DB:00 nvMXdizc V:147 H: 488 F:15
c01cc3 bne $1cbf     [c01cbf] A:b2d1 X:0043 Y:0005 S:01e6 D:0000 DB:00 nvMXdizc V:147 H: 500 F:15
c01cbf stz $0200,x   [000243] A:b2d1 X:0043 Y:0005 S:01e6 D:0000 DB:00 nvMXdizc V:147 H: 518 F:15
c01cc2 inx                    A:b2d1 X:0043 Y:0005 S:01e6 D:0000 DB:00 nvMXdizc V:147 H: 590 F:15
c01cc3 bne $1cbf     [c01cbf] A:b2d1 X:0044 Y:0005 S:01e6 D:0000 DB:00 nvMXdizc V:147 H: 602 F:15
c01cbf stz $0200,x   [000244] A:b2d1 X:0044 Y:0005 S:01e6 D:0000 DB:00 nvMXdizc V:147 H: 620 F:15
c01cc2 inx                    A:b2d1 X:0044 Y:0005 S:01e6 D:0000 DB:00 nvMXdizc V:147 H: 652 F:15
c01cc3 bne $1cbf     [c01cbf] A:b2d1 X:0045 Y:0005 S:01e6 D:0000 DB:00 nvMXdizc V:147 H: 664 F:15
c01cbf stz $0200,x   [000245] A:b2d1 X:0045 Y:0005 S:01e6 D:0000 DB:00 nvMXdizc V:147 H: 682 F:15
c01cc2 inx                    A:b2d1 X:0045 Y:0005 S:01e6 D:0000 DB:00 nvMXdizc V:147 H: 714 F:15
c01cc3 bne $1cbf     [c01cbf] A:b2d1 X:0046 Y:0005 S:01e6 D:0000 DB:00 nvMXdizc V:147 H: 726 F:15
c01cbf stz $0200,x   [000246] A:b2d1 X:0046 Y:0005 S:01e6 D:0000 DB:00 nvMXdizc V:147 H: 744 F:15
c01cc2 inx                    A:b2d1 X:0046 Y:0005 S:01e6 D:0000 DB:00 nvMXdizc V:147 H: 776 F:15
c01cc3 bne $1cbf     [c01cbf] A:b2d1 X:0047 Y:0005 S:01e6 D:0000 DB:00 nvMXdizc V:147 H: 788 F:15
c01cbf stz $0200,x   [000247] A:b2d1 X:0047 Y:0005 S:01e6 D:0000 DB:00 nvMXdizc V:147 H: 806 F:15
c01cc2 inx                    A:b2d1 X:0047 Y:0005 S:01e6 D:0000 DB:00 nvMXdizc V:147 H: 838 F:15
c01cc3 bne $1cbf     [c01cbf] A:b2d1 X:0048 Y:0005 S:01e6 D:0000 DB:00 nvMXdizc V:147 H: 850 F:15
c01cbf stz $0200,x   [000248] A:b2d1 X:0048 Y:0005 S:01e6 D:0000 DB:00 nvMXdizc V:147 H: 868 F:15
c01cc2 inx                    A:b2d1 X:0048 Y:0005 S:01e6 D:0000 DB:00 nvMXdizc V:147 H: 900 F:15
c01cc3 bne $1cbf     [c01cbf] A:b2d1 X:0049 Y:0005 S:01e6 D:0000 DB:00 nvMXdizc V:147 H: 912 F:15
c01cbf stz $0200,x   [000249] A:b2d1 X:0049 Y:0005 S:01e6 D:0000 DB:00 nvMXdizc V:147 H: 930 F:15
c01cc2 inx                    A:b2d1 X:0049 Y:0005 S:01e6 D:0000 DB:00 nvMXdizc V:147 H: 962 F:15
c01cc3 bne $1cbf     [c01cbf] A:b2d1 X:004a Y:0005 S:01e6 D:0000 DB:00 nvMXdizc V:147 H: 974 F:15
c01cbf stz $0200,x   [00024a] A:b2d1 X:004a Y:0005 S:01e6 D:0000 DB:00 nvMXdizc V:147 H: 992 F:15
c01cc2 inx                    A:b2d1 X:004a Y:0005 S:01e6 D:0000 DB:00 nvMXdizc V:147 H:1024 F:15
c01cc3 bne $1cbf     [c01cbf] A:b2d1 X:004b Y:0005 S:01e6 D:0000 DB:00 nvMXdizc V:147 H:1036 F:15
c01cbf stz $0200,x   [00024b] A:b2d1 X:004b Y:0005 S:01e6 D:0000 DB:00 nvMXdizc V:147 H:1054 F:15
c01cc2 inx                    A:b2d1 X:004b Y:0005 S:01e6 D:0000 DB:00 nvMXdizc V:147 H:1086 F:15
c01cc3 bne $1cbf     [c01cbf] A:b2d1 X:004c Y:0005 S:01e6 D:0000 DB:00 nvMXdizc V:147 H:1098 F:15
c01cbf stz $0200,x   [00024c] A:b2d1 X:004c Y:0005 S:01e6 D:0000 DB:00 nvMXdizc V:147 H:1116 F:15
c01cc2 inx                    A:b2d1 X:004c Y:0005 S:01e6 D:0000 DB:00 nvMXdizc V:147 H:1148 F:15
c01cc3 bne $1cbf     [c01cbf] A:b2d1 X:004d Y:0005 S:01e6 D:0000 DB:00 nvMXdizc V:147 H:1160 F:15
c01cbf stz $0200,x   [00024d] A:b2d1 X:004d Y:0005 S:01e6 D:0000 DB:00 nvMXdizc V:147 H:1178 F:15
c01cc2 inx                    A:b2d1 X:004d Y:0005 S:01e6 D:0000 DB:00 nvMXdizc V:147 H:1210 F:15
c01cc3 bne $1cbf     [c01cbf] A:b2d1 X:004e Y:0005 S:01e6 D:0000 DB:00 nvMXdizc V:147 H:1222 F:15
c01cbf stz $0200,x   [00024e] A:b2d1 X:004e Y:0005 S:01e6 D:0000 DB:00 nvMXdizc V:147 H:1240 F:15
c01cc2 inx                    A:b2d1 X:004e Y:0005 S:01e6 D:0000 DB:00 nvMXdizc V:147 H:1272 F:15
c01cc3 bne $1cbf     [c01cbf] A:b2d1 X:004f Y:0005 S:01e6 D:0000 DB:00 nvMXdizc V:147 H:1284 F:15
c01cbf stz $0200,x   [00024f] A:b2d1 X:004f Y:0005 S:01e6 D:0000 DB:00 nvMXdizc V:147 H:1302 F:15
c01cc2 inx                    A:b2d1 X:004f Y:0005 S:01e6 D:0000 DB:00 nvMXdizc V:147 H:1334 F:15
c01cc3 bne $1cbf     [c01cbf] A:b2d1 X:0050 Y:0005 S:01e6 D:0000 DB:00 nvMXdizc V:147 H:1346 F:15
c01cbf stz $0200,x   [000250] A:b2d1 X:0050 Y:0005 S:01e6 D:0000 DB:00 nvMXdizc V:148 H:   0 F:15
c01cc2 inx                    A:b2d1 X:0050 Y:0005 S:01e6 D:0000 DB:00 nvMXdizc V:148 H:  32 F:15
c01cc3 bne $1cbf     [c01cbf] A:b2d1 X:0051 Y:0005 S:01e6 D:0000 DB:00 nvMXdizc V:148 H:  44 F:15
c01cbf stz $0200,x   [000251] A:b2d1 X:0051 Y:0005 S:01e6 D:0000 DB:00 nvMXdizc V:148 H:  62 F:15
c01cc2 inx                    A:b2d1 X:0051 Y:0005 S:01e6 D:0000 DB:00 nvMXdizc V:148 H:  94 F:15
c01cc3 bne $1cbf     [c01cbf] A:b2d1 X:0052 Y:0005 S:01e6 D:0000 DB:00 nvMXdizc V:148 H: 106 F:15
c01cbf stz $0200,x   [000252] A:b2d1 X:0052 Y:0005 S:01e6 D:0000 DB:00 nvMXdizc V:148 H: 124 F:15
c01cc2 inx                    A:b2d1 X:0052 Y:0005 S:01e6 D:0000 DB:00 nvMXdizc V:148 H: 156 F:15
c01cc3 bne $1cbf     [c01cbf] A:b2d1 X:0053 Y:0005 S:01e6 D:0000 DB:00 nvMXdizc V:148 H: 168 F:15
c01cbf stz $0200,x   [000253] A:b2d1 X:0053 Y:0005 S:01e6 D:0000 DB:00 nvMXdizc V:148 H: 186 F:15
c01cc2 inx                    A:b2d1 X:0053 Y:0005 S:01e6 D:0000 DB:00 nvMXdizc V:148 H: 218 F:15
c01cc3 bne $1cbf     [c01cbf] A:b2d1 X:0054 Y:0005 S:01e6 D:0000 DB:00 nvMXdizc V:148 H: 230 F:15
c01cbf stz $0200,x   [000254] A:b2d1 X:0054 Y:0005 S:01e6 D:0000 DB:00 nvMXdizc V:148 H: 248 F:15
c01cc2 inx                    A:b2d1 X:0054 Y:0005 S:01e6 D:0000 DB:00 nvMXdizc V:148 H: 280 F:15
c01cc3 bne $1cbf     [c01cbf] A:b2d1 X:0055 Y:0005 S:01e6 D:0000 DB:00 nvMXdizc V:148 H: 292 F:15
c01cbf stz $0200,x   [000255] A:b2d1 X:0055 Y:0005 S:01e6 D:0000 DB:00 nvMXdizc V:148 H: 310 F:15
c01cc2 inx                    A:b2d1 X:0055 Y:0005 S:01e6 D:0000 DB:00 nvMXdizc V:148 H: 342 F:15
c01cc3 bne $1cbf     [c01cbf] A:b2d1 X:0056 Y:0005 S:01e6 D:0000 DB:00 nvMXdizc V:148 H: 354 F:15
c01cbf stz $0200,x   [000256] A:b2d1 X:0056 Y:0005 S:01e6 D:0000 DB:00 nvMXdizc V:148 H: 372 F:15
c01cc2 inx                    A:b2d1 X:0056 Y:0005 S:01e6 D:0000 DB:00 nvMXdizc V:148 H: 404 F:15
c01cc3 bne $1cbf     [c01cbf] A:b2d1 X:0057 Y:0005 S:01e6 D:0000 DB:00 nvMXdizc V:148 H: 416 F:15
c01cbf stz $0200,x   [000257] A:b2d1 X:0057 Y:0005 S:01e6 D:0000 DB:00 nvMXdizc V:148 H: 434 F:15
c01cc2 inx                    A:b2d1 X:0057 Y:0005 S:01e6 D:0000 DB:00 nvMXdizc V:148 H: 466 F:15
c01cc3 bne $1cbf     [c01cbf] A:b2d1 X:0058 Y:0005 S:01e6 D:0000 DB:00 nvMXdizc V:148 H: 478 F:15
c01cbf stz $0200,x   [000258] A:b2d1 X:0058 Y:0005 S:01e6 D:0000 DB:00 nvMXdizc V:148 H: 496 F:15
c01cc2 inx                    A:b2d1 X:0058 Y:0005 S:01e6 D:0000 DB:00 nvMXdizc V:148 H: 528 F:15
c01cc3 bne $1cbf     [c01cbf] A:b2d1 X:0059 Y:0005 S:01e6 D:0000 DB:00 nvMXdizc V:148 H: 580 F:15
c01cbf stz $0200,x   [000259] A:b2d1 X:0059 Y:0005 S:01e6 D:0000 DB:00 nvMXdizc V:148 H: 598 F:15
c01cc2 inx                    A:b2d1 X:0059 Y:0005 S:01e6 D:0000 DB:00 nvMXdizc V:148 H: 630 F:15
c01cc3 bne $1cbf     [c01cbf] A:b2d1 X:005a Y:0005 S:01e6 D:0000 DB:00 nvMXdizc V:148 H: 642 F:15
c01cbf stz $0200,x   [00025a] A:b2d1 X:005a Y:0005 S:01e6 D:0000 DB:00 nvMXdizc V:148 H: 660 F:15
c01cc2 inx                    A:b2d1 X:005a Y:0005 S:01e6 D:0000 DB:00 nvMXdizc V:148 H: 692 F:15
c01cc3 bne $1cbf     [c01cbf] A:b2d1 X:005b Y:0005 S:01e6 D:0000 DB:00 nvMXdizc V:148 H: 704 F:15
c01cbf stz $0200,x   [00025b] A:b2d1 X:005b Y:0005 S:01e6 D:0000 DB:00 nvMXdizc V:148 H: 722 F:15
c01cc2 inx                    A:b2d1 X:005b Y:0005 S:01e6 D:0000 DB:00 nvMXdizc V:148 H: 754 F:15
c01cc3 bne $1cbf     [c01cbf] A:b2d1 X:005c Y:0005 S:01e6 D:0000 DB:00 nvMXdizc V:148 H: 766 F:15
c01cbf stz $0200,x   [00025c] A:b2d1 X:005c Y:0005 S:01e6 D:0000 DB:00 nvMXdizc V:148 H: 784 F:15
c01cc2 inx                    A:b2d1 X:005c Y:0005 S:01e6 D:0000 DB:00 nvMXdizc V:148 H: 816 F:15
c01cc3 bne $1cbf     [c01cbf] A:b2d1 X:005d Y:0005 S:01e6 D:0000 DB:00 nvMXdizc V:148 H: 828 F:15
c01cbf stz $0200,x   [00025d] A:b2d1 X:005d Y:0005 S:01e6 D:0000 DB:00 nvMXdizc V:148 H: 846 F:15
c01cc2 inx                    A:b2d1 X:005d Y:0005 S:01e6 D:0000 DB:00 nvMXdizc V:148 H: 878 F:15
c01cc3 bne $1cbf     [c01cbf] A:b2d1 X:005e Y:0005 S:01e6 D:0000 DB:00 nvMXdizc V:148 H: 890 F:15
c01cbf stz $0200,x   [00025e] A:b2d1 X:005e Y:0005 S:01e6 D:0000 DB:00 nvMXdizc V:148 H: 908 F:15
c01cc2 inx                    A:b2d1 X:005e Y:0005 S:01e6 D:0000 DB:00 nvMXdizc V:148 H: 940 F:15
c01cc3 bne $1cbf     [c01cbf] A:b2d1 X:005f Y:0005 S:01e6 D:0000 DB:00 nvMXdizc V:148 H: 952 F:15
c01cbf stz $0200,x   [00025f] A:b2d1 X:005f Y:0005 S:01e6 D:0000 DB:00 nvMXdizc V:148 H: 970 F:15
c01cc2 inx                    A:b2d1 X:005f Y:0005 S:01e6 D:0000 DB:00 nvMXdizc V:148 H:1002 F:15
c01cc3 bne $1cbf     [c01cbf] A:b2d1 X:0060 Y:0005 S:01e6 D:0000 DB:00 nvMXdizc V:148 H:1014 F:15
c01cbf stz $0200,x   [000260] A:b2d1 X:0060 Y:0005 S:01e6 D:0000 DB:00 nvMXdizc V:148 H:1032 F:15
c01cc2 inx                    A:b2d1 X:0060 Y:0005 S:01e6 D:0000 DB:00 nvMXdizc V:148 H:1064 F:15
c01cc3 bne $1cbf     [c01cbf] A:b2d1 X:0061 Y:0005 S:01e6 D:0000 DB:00 nvMXdizc V:148 H:1076 F:15
c01cbf stz $0200,x   [000261] A:b2d1 X:0061 Y:0005 S:01e6 D:0000 DB:00 nvMXdizc V:148 H:1094 F:15
c01cc2 inx                    A:b2d1 X:0061 Y:0005 S:01e6 D:0000 DB:00 nvMXdizc V:148 H:1126 F:15
c01cc3 bne $1cbf     [c01cbf] A:b2d1 X:0062 Y:0005 S:01e6 D:0000 DB:00 nvMXdizc V:148 H:1138 F:15
c01cbf stz $0200,x   [000262] A:b2d1 X:0062 Y:0005 S:01e6 D:0000 DB:00 nvMXdizc V:148 H:1156 F:15
c01cc2 inx                    A:b2d1 X:0062 Y:0005 S:01e6 D:0000 DB:00 nvMXdizc V:148 H:1188 F:15
c01cc3 bne $1cbf     [c01cbf] A:b2d1 X:0063 Y:0005 S:01e6 D:0000 DB:00 nvMXdizc V:148 H:1200 F:15
c01cbf stz $0200,x   [000263] A:b2d1 X:0063 Y:0005 S:01e6 D:0000 DB:00 nvMXdizc V:148 H:1218 F:15
c01cc2 inx                    A:b2d1 X:0063 Y:0005 S:01e6 D:0000 DB:00 nvMXdizc V:148 H:1250 F:15
c01cc3 bne $1cbf     [c01cbf] A:b2d1 X:0064 Y:0005 S:01e6 D:0000 DB:00 nvMXdizc V:148 H:1262 F:15
c01cbf stz $0200,x   [000264] A:b2d1 X:0064 Y:0005 S:01e6 D:0000 DB:00 nvMXdizc V:148 H:1280 F:15
c01cc2 inx                    A:b2d1 X:0064 Y:0005 S:01e6 D:0000 DB:00 nvMXdizc V:148 H:1312 F:15
c01cc3 bne $1cbf     [c01cbf] A:b2d1 X:0065 Y:0005 S:01e6 D:0000 DB:00 nvMXdizc V:148 H:1324 F:15
c01cbf stz $0200,x   [000265] A:b2d1 X:0065 Y:0005 S:01e6 D:0000 DB:00 nvMXdizc V:148 H:1342 F:15
c01cc2 inx                    A:b2d1 X:0065 Y:0005 S:01e6 D:0000 DB:00 nvMXdizc V:149 H:  10 F:15
c01cc3 bne $1cbf     [c01cbf] A:b2d1 X:0066 Y:0005 S:01e6 D:0000 DB:00 nvMXdizc V:149 H:  22 F:15
c01cbf stz $0200,x   [000266] A:b2d1 X:0066 Y:0005 S:01e6 D:0000 DB:00 nvMXdizc V:149 H:  40 F:15
c01cc2 inx                    A:b2d1 X:0066 Y:0005 S:01e6 D:0000 DB:00 nvMXdizc V:149 H:  72 F:15
c01cc3 bne $1cbf     [c01cbf] A:b2d1 X:0067 Y:0005 S:01e6 D:0000 DB:00 nvMXdizc V:149 H:  84 F:15
c01cbf stz $0200,x   [000267] A:b2d1 X:0067 Y:0005 S:01e6 D:0000 DB:00 nvMXdizc V:149 H: 102 F:15
c01cc2 inx                    A:b2d1 X:0067 Y:0005 S:01e6 D:0000 DB:00 nvMXdizc V:149 H: 134 F:15
c01cc3 bne $1cbf     [c01cbf] A:b2d1 X:0068 Y:0005 S:01e6 D:0000 DB:00 nvMXdizc V:149 H: 146 F:15
c01cbf stz $0200,x   [000268] A:b2d1 X:0068 Y:0005 S:01e6 D:0000 DB:00 nvMXdizc V:149 H: 164 F:15
c01cc2 inx                    A:b2d1 X:0068 Y:0005 S:01e6 D:0000 DB:00 nvMXdizc V:149 H: 196 F:15
c01cc3 bne $1cbf     [c01cbf] A:b2d1 X:0069 Y:0005 S:01e6 D:0000 DB:00 nvMXdizc V:149 H: 208 F:15
c01cbf stz $0200,x   [000269] A:b2d1 X:0069 Y:0005 S:01e6 D:0000 DB:00 nvMXdizc V:149 H: 226 F:15
c01cc2 inx                    A:b2d1 X:0069 Y:0005 S:01e6 D:0000 DB:00 nvMXdizc V:149 H: 258 F:15
c01cc3 bne $1cbf     [c01cbf] A:b2d1 X:006a Y:0005 S:01e6 D:0000 DB:00 nvMXdizc V:149 H: 270 F:15
c01cbf stz $0200,x   [00026a] A:b2d1 X:006a Y:0005 S:01e6 D:0000 DB:00 nvMXdizc V:149 H: 288 F:15
c01cc2 inx                    A:b2d1 X:006a Y:0005 S:01e6 D:0000 DB:00 nvMXdizc V:149 H: 320 F:15
c01cc3 bne $1cbf     [c01cbf] A:b2d1 X:006b Y:0005 S:01e6 D:0000 DB:00 nvMXdizc V:149 H: 332 F:15
c01cbf stz $0200,x   [00026b] A:b2d1 X:006b Y:0005 S:01e6 D:0000 DB:00 nvMXdizc V:149 H: 350 F:15
c01cc2 inx                    A:b2d1 X:006b Y:0005 S:01e6 D:0000 DB:00 nvMXdizc V:149 H: 382 F:15
c01cc3 bne $1cbf     [c01cbf] A:b2d1 X:006c Y:0005 S:01e6 D:0000 DB:00 nvMXdizc V:149 H: 394 F:15
c01cbf stz $0200,x   [00026c] A:b2d1 X:006c Y:0005 S:01e6 D:0000 DB:00 nvMXdizc V:149 H: 412 F:15
c01cc2 inx                    A:b2d1 X:006c Y:0005 S:01e6 D:0000 DB:00 nvMXdizc V:149 H: 444 F:15
c01cc3 bne $1cbf     [c01cbf] A:b2d1 X:006d Y:0005 S:01e6 D:0000 DB:00 nvMXdizc V:149 H: 456 F:15
c01cbf stz $0200,x   [00026d] A:b2d1 X:006d Y:0005 S:01e6 D:0000 DB:00 nvMXdizc V:149 H: 474 F:15
c01cc2 inx                    A:b2d1 X:006d Y:0005 S:01e6 D:0000 DB:00 nvMXdizc V:149 H: 506 F:15
c01cc3 bne $1cbf     [c01cbf] A:b2d1 X:006e Y:0005 S:01e6 D:0000 DB:00 nvMXdizc V:149 H: 518 F:15
c01cbf stz $0200,x   [00026e] A:b2d1 X:006e Y:0005 S:01e6 D:0000 DB:00 nvMXdizc V:149 H: 536 F:15
c01cc2 inx                    A:b2d1 X:006e Y:0005 S:01e6 D:0000 DB:00 nvMXdizc V:149 H: 608 F:15
c01cc3 bne $1cbf     [c01cbf] A:b2d1 X:006f Y:0005 S:01e6 D:0000 DB:00 nvMXdizc V:149 H: 620 F:15
c01cbf stz $0200,x   [00026f] A:b2d1 X:006f Y:0005 S:01e6 D:0000 DB:00 nvMXdizc V:149 H: 638 F:15
c01cc2 inx                    A:b2d1 X:006f Y:0005 S:01e6 D:0000 DB:00 nvMXdizc V:149 H: 670 F:15
c01cc3 bne $1cbf     [c01cbf] A:b2d1 X:0070 Y:0005 S:01e6 D:0000 DB:00 nvMXdizc V:149 H: 682 F:15
c01cbf stz $0200,x   [000270] A:b2d1 X:0070 Y:0005 S:01e6 D:0000 DB:00 nvMXdizc V:149 H: 700 F:15
c01cc2 inx                    A:b2d1 X:0070 Y:0005 S:01e6 D:0000 DB:00 nvMXdizc V:149 H: 732 F:15
c01cc3 bne $1cbf     [c01cbf] A:b2d1 X:0071 Y:0005 S:01e6 D:0000 DB:00 nvMXdizc V:149 H: 744 F:15
c01cbf stz $0200,x   [000271] A:b2d1 X:0071 Y:0005 S:01e6 D:0000 DB:00 nvMXdizc V:149 H: 762 F:15
c01cc2 inx                    A:b2d1 X:0071 Y:0005 S:01e6 D:0000 DB:00 nvMXdizc V:149 H: 794 F:15
c01cc3 bne $1cbf     [c01cbf] A:b2d1 X:0072 Y:0005 S:01e6 D:0000 DB:00 nvMXdizc V:149 H: 806 F:15
c01cbf stz $0200,x   [000272] A:b2d1 X:0072 Y:0005 S:01e6 D:0000 DB:00 nvMXdizc V:149 H: 824 F:15
c01cc2 inx                    A:b2d1 X:0072 Y:0005 S:01e6 D:0000 DB:00 nvMXdizc V:149 H: 856 F:15
c01cc3 bne $1cbf     [c01cbf] A:b2d1 X:0073 Y:0005 S:01e6 D:0000 DB:00 nvMXdizc V:149 H: 868 F:15
c01cbf stz $0200,x   [000273] A:b2d1 X:0073 Y:0005 S:01e6 D:0000 DB:00 nvMXdizc V:149 H: 886 F:15
c01cc2 inx                    A:b2d1 X:0073 Y:0005 S:01e6 D:0000 DB:00 nvMXdizc V:149 H: 918 F:15
c01cc3 bne $1cbf     [c01cbf] A:b2d1 X:0074 Y:0005 S:01e6 D:0000 DB:00 nvMXdizc V:149 H: 930 F:15
c01cbf stz $0200,x   [000274] A:b2d1 X:0074 Y:0005 S:01e6 D:0000 DB:00 nvMXdizc V:149 H: 948 F:15
c01cc2 inx                    A:b2d1 X:0074 Y:0005 S:01e6 D:0000 DB:00 nvMXdizc V:149 H: 980 F:15
c01cc3 bne $1cbf     [c01cbf] A:b2d1 X:0075 Y:0005 S:01e6 D:0000 DB:00 nvMXdizc V:149 H: 992 F:15
c01cbf stz $0200,x   [000275] A:b2d1 X:0075 Y:0005 S:01e6 D:0000 DB:00 nvMXdizc V:149 H:1010 F:15
c01cc2 inx                    A:b2d1 X:0075 Y:0005 S:01e6 D:0000 DB:00 nvMXdizc V:149 H:1042 F:15
c01cc3 bne $1cbf     [c01cbf] A:b2d1 X:0076 Y:0005 S:01e6 D:0000 DB:00 nvMXdizc V:149 H:1054 F:15
c01cbf stz $0200,x   [000276] A:b2d1 X:0076 Y:0005 S:01e6 D:0000 DB:00 nvMXdizc V:149 H:1072 F:15
c01cc2 inx                    A:b2d1 X:0076 Y:0005 S:01e6 D:0000 DB:00 nvMXdizc V:149 H:1104 F:15
c01cc3 bne $1cbf     [c01cbf] A:b2d1 X:0077 Y:0005 S:01e6 D:0000 DB:00 nvMXdizc V:149 H:1116 F:15
c01cbf stz $0200,x   [000277] A:b2d1 X:0077 Y:0005 S:01e6 D:0000 DB:00 nvMXdizc V:149 H:1134 F:15
c01cc2 inx                    A:b2d1 X:0077 Y:0005 S:01e6 D:0000 DB:00 nvMXdizc V:149 H:1166 F:15
c01cc3 bne $1cbf     [c01cbf] A:b2d1 X:0078 Y:0005 S:01e6 D:0000 DB:00 nvMXdizc V:149 H:1178 F:15
c01cbf stz $0200,x   [000278] A:b2d1 X:0078 Y:0005 S:01e6 D:0000 DB:00 nvMXdizc V:149 H:1196 F:15
c01cc2 inx                    A:b2d1 X:0078 Y:0005 S:01e6 D:0000 DB:00 nvMXdizc V:149 H:1228 F:15
c01cc3 bne $1cbf     [c01cbf] A:b2d1 X:0079 Y:0005 S:01e6 D:0000 DB:00 nvMXdizc V:149 H:1240 F:15
c01cbf stz $0200,x   [000279] A:b2d1 X:0079 Y:0005 S:01e6 D:0000 DB:00 nvMXdizc V:149 H:1258 F:15
c01cc2 inx                    A:b2d1 X:0079 Y:0005 S:01e6 D:0000 DB:00 nvMXdizc V:149 H:1290 F:15
c01cc3 bne $1cbf     [c01cbf] A:b2d1 X:007a Y:0005 S:01e6 D:0000 DB:00 nvMXdizc V:149 H:1302 F:15
c01cbf stz $0200,x   [00027a] A:b2d1 X:007a Y:0005 S:01e6 D:0000 DB:00 nvMXdizc V:149 H:1320 F:15
c01cc2 inx                    A:b2d1 X:007a Y:0005 S:01e6 D:0000 DB:00 nvMXdizc V:149 H:1352 F:15
c01cc3 bne $1cbf     [c01cbf] A:b2d1 X:007b Y:0005 S:01e6 D:0000 DB:00 nvMXdizc V:150 H:   0 F:15
c01cbf stz $0200,x   [00027b] A:b2d1 X:007b Y:0005 S:01e6 D:0000 DB:00 nvMXdizc V:150 H:  18 F:15
c01cc2 inx                    A:b2d1 X:007b Y:0005 S:01e6 D:0000 DB:00 nvMXdizc V:150 H:  50 F:15
c01cc3 bne $1cbf     [c01cbf] A:b2d1 X:007c Y:0005 S:01e6 D:0000 DB:00 nvMXdizc V:150 H:  62 F:15
c01cbf stz $0200,x   [00027c] A:b2d1 X:007c Y:0005 S:01e6 D:0000 DB:00 nvMXdizc V:150 H:  80 F:15
c01cc2 inx                    A:b2d1 X:007c Y:0005 S:01e6 D:0000 DB:00 nvMXdizc V:150 H: 112 F:15
c01cc3 bne $1cbf     [c01cbf] A:b2d1 X:007d Y:0005 S:01e6 D:0000 DB:00 nvMXdizc V:150 H: 124 F:15
c01cbf stz $0200,x   [00027d] A:b2d1 X:007d Y:0005 S:01e6 D:0000 DB:00 nvMXdizc V:150 H: 142 F:15
c01cc2 inx                    A:b2d1 X:007d Y:0005 S:01e6 D:0000 DB:00 nvMXdizc V:150 H: 174 F:15
c01cc3 bne $1cbf     [c01cbf] A:b2d1 X:007e Y:0005 S:01e6 D:0000 DB:00 nvMXdizc V:150 H: 186 F:15
c01cbf stz $0200,x   [00027e] A:b2d1 X:007e Y:0005 S:01e6 D:0000 DB:00 nvMXdizc V:150 H: 204 F:15
c01cc2 inx                    A:b2d1 X:007e Y:0005 S:01e6 D:0000 DB:00 nvMXdizc V:150 H: 236 F:15
c01cc3 bne $1cbf     [c01cbf] A:b2d1 X:007f Y:0005 S:01e6 D:0000 DB:00 nvMXdizc V:150 H: 248 F:15
c01cbf stz $0200,x   [00027f] A:b2d1 X:007f Y:0005 S:01e6 D:0000 DB:00 nvMXdizc V:150 H: 266 F:15
c01cc2 inx                    A:b2d1 X:007f Y:0005 S:01e6 D:0000 DB:00 nvMXdizc V:150 H: 298 F:15
c01cc3 bne $1cbf     [c01cbf] A:b2d1 X:0080 Y:0005 S:01e6 D:0000 DB:00 NvMXdizc V:150 H: 310 F:15
c01cbf stz $0200,x   [000280] A:b2d1 X:0080 Y:0005 S:01e6 D:0000 DB:00 NvMXdizc V:150 H: 328 F:15
c01cc2 inx                    A:b2d1 X:0080 Y:0005 S:01e6 D:0000 DB:00 NvMXdizc V:150 H: 360 F:15
c01cc3 bne $1cbf     [c01cbf] A:b2d1 X:0081 Y:0005 S:01e6 D:0000 DB:00 NvMXdizc V:150 H: 372 F:15
c01cbf stz $0200,x   [000281] A:b2d1 X:0081 Y:0005 S:01e6 D:0000 DB:00 NvMXdizc V:150 H: 390 F:15
c01cc2 inx                    A:b2d1 X:0081 Y:0005 S:01e6 D:0000 DB:00 NvMXdizc V:150 H: 422 F:15
c01cc3 bne $1cbf     [c01cbf] A:b2d1 X:0082 Y:0005 S:01e6 D:0000 DB:00 NvMXdizc V:150 H: 434 F:15
c01cbf stz $0200,x   [000282] A:b2d1 X:0082 Y:0005 S:01e6 D:0000 DB:00 NvMXdizc V:150 H: 452 F:15
c01cc2 inx                    A:b2d1 X:0082 Y:0005 S:01e6 D:0000 DB:00 NvMXdizc V:150 H: 484 F:15
c01cc3 bne $1cbf     [c01cbf] A:b2d1 X:0083 Y:0005 S:01e6 D:0000 DB:00 NvMXdizc V:150 H: 496 F:15
c01cbf stz $0200,x   [000283] A:b2d1 X:0083 Y:0005 S:01e6 D:0000 DB:00 NvMXdizc V:150 H: 514 F:15
c01cc2 inx                    A:b2d1 X:0083 Y:0005 S:01e6 D:0000 DB:00 NvMXdizc V:150 H: 586 F:15
c01cc3 bne $1cbf     [c01cbf] A:b2d1 X:0084 Y:0005 S:01e6 D:0000 DB:00 NvMXdizc V:150 H: 598 F:15
c01cbf stz $0200,x   [000284] A:b2d1 X:0084 Y:0005 S:01e6 D:0000 DB:00 NvMXdizc V:150 H: 616 F:15
c01cc2 inx                    A:b2d1 X:0084 Y:0005 S:01e6 D:0000 DB:00 NvMXdizc V:150 H: 648 F:15
c01cc3 bne $1cbf     [c01cbf] A:b2d1 X:0085 Y:0005 S:01e6 D:0000 DB:00 NvMXdizc V:150 H: 660 F:15
c01cbf stz $0200,x   [000285] A:b2d1 X:0085 Y:0005 S:01e6 D:0000 DB:00 NvMXdizc V:150 H: 678 F:15
c01cc2 inx                    A:b2d1 X:0085 Y:0005 S:01e6 D:0000 DB:00 NvMXdizc V:150 H: 710 F:15
c01cc3 bne $1cbf     [c01cbf] A:b2d1 X:0086 Y:0005 S:01e6 D:0000 DB:00 NvMXdizc V:150 H: 722 F:15
c01cbf stz $0200,x   [000286] A:b2d1 X:0086 Y:0005 S:01e6 D:0000 DB:00 NvMXdizc V:150 H: 740 F:15
c01cc2 inx                    A:b2d1 X:0086 Y:0005 S:01e6 D:0000 DB:00 NvMXdizc V:150 H: 772 F:15
c01cc3 bne $1cbf     [c01cbf] A:b2d1 X:0087 Y:0005 S:01e6 D:0000 DB:00 NvMXdizc V:150 H: 784 F:15
c01cbf stz $0200,x   [000287] A:b2d1 X:0087 Y:0005 S:01e6 D:0000 DB:00 NvMXdizc V:150 H: 802 F:15
c01cc2 inx                    A:b2d1 X:0087 Y:0005 S:01e6 D:0000 DB:00 NvMXdizc V:150 H: 834 F:15
c01cc3 bne $1cbf     [c01cbf] A:b2d1 X:0088 Y:0005 S:01e6 D:0000 DB:00 NvMXdizc V:150 H: 846 F:15
c01cbf stz $0200,x   [000288] A:b2d1 X:0088 Y:0005 S:01e6 D:0000 DB:00 NvMXdizc V:150 H: 864 F:15
c01cc2 inx                    A:b2d1 X:0088 Y:0005 S:01e6 D:0000 DB:00 NvMXdizc V:150 H: 896 F:15
c01cc3 bne $1cbf     [c01cbf] A:b2d1 X:0089 Y:0005 S:01e6 D:0000 DB:00 NvMXdizc V:150 H: 908 F:15
c01cbf stz $0200,x   [000289] A:b2d1 X:0089 Y:0005 S:01e6 D:0000 DB:00 NvMXdizc V:150 H: 926 F:15
c01cc2 inx                    A:b2d1 X:0089 Y:0005 S:01e6 D:0000 DB:00 NvMXdizc V:150 H: 958 F:15
c01cc3 bne $1cbf     [c01cbf] A:b2d1 X:008a Y:0005 S:01e6 D:0000 DB:00 NvMXdizc V:150 H: 970 F:15
c01cbf stz $0200,x   [00028a] A:b2d1 X:008a Y:0005 S:01e6 D:0000 DB:00 NvMXdizc V:150 H: 988 F:15
c01cc2 inx                    A:b2d1 X:008a Y:0005 S:01e6 D:0000 DB:00 NvMXdizc V:150 H:1020 F:15
c01cc3 bne $1cbf     [c01cbf] A:b2d1 X:008b Y:0005 S:01e6 D:0000 DB:00 NvMXdizc V:150 H:1032 F:15
c01cbf stz $0200,x   [00028b] A:b2d1 X:008b Y:0005 S:01e6 D:0000 DB:00 NvMXdizc V:150 H:1050 F:15
c01cc2 inx                    A:b2d1 X:008b Y:0005 S:01e6 D:0000 DB:00 NvMXdizc V:150 H:1082 F:15
c01cc3 bne $1cbf     [c01cbf] A:b2d1 X:008c Y:0005 S:01e6 D:0000 DB:00 NvMXdizc V:150 H:1094 F:15
c01cbf stz $0200,x   [00028c] A:b2d1 X:008c Y:0005 S:01e6 D:0000 DB:00 NvMXdizc V:150 H:1112 F:15
c01cc2 inx                    A:b2d1 X:008c Y:0005 S:01e6 D:0000 DB:00 NvMXdizc V:150 H:1144 F:15
c01cc3 bne $1cbf     [c01cbf] A:b2d1 X:008d Y:0005 S:01e6 D:0000 DB:00 NvMXdizc V:150 H:1156 F:15
c01cbf stz $0200,x   [00028d] A:b2d1 X:008d Y:0005 S:01e6 D:0000 DB:00 NvMXdizc V:150 H:1174 F:15
c01cc2 inx                    A:b2d1 X:008d Y:0005 S:01e6 D:0000 DB:00 NvMXdizc V:150 H:1206 F:15
c01cc3 bne $1cbf     [c01cbf] A:b2d1 X:008e Y:0005 S:01e6 D:0000 DB:00 NvMXdizc V:150 H:1218 F:15
c01cbf stz $0200,x   [00028e] A:b2d1 X:008e Y:0005 S:01e6 D:0000 DB:00 NvMXdizc V:150 H:1236 F:15
c01cc2 inx                    A:b2d1 X:008e Y:0005 S:01e6 D:0000 DB:00 NvMXdizc V:150 H:1268 F:15
c01cc3 bne $1cbf     [c01cbf] A:b2d1 X:008f Y:0005 S:01e6 D:0000 DB:00 NvMXdizc V:150 H:1280 F:15
c01cbf stz $0200,x   [00028f] A:b2d1 X:008f Y:0005 S:01e6 D:0000 DB:00 NvMXdizc V:150 H:1298 F:15
c01cc2 inx                    A:b2d1 X:008f Y:0005 S:01e6 D:0000 DB:00 NvMXdizc V:150 H:1330 F:15
c01cc3 bne $1cbf     [c01cbf] A:b2d1 X:0090 Y:0005 S:01e6 D:0000 DB:00 NvMXdizc V:150 H:1342 F:15
c01cbf stz $0200,x   [000290] A:b2d1 X:0090 Y:0005 S:01e6 D:0000 DB:00 NvMXdizc V:150 H:1360 F:15
c01cc2 inx                    A:b2d1 X:0090 Y:0005 S:01e6 D:0000 DB:00 NvMXdizc V:151 H:  28 F:15
c01cc3 bne $1cbf     [c01cbf] A:b2d1 X:0091 Y:0005 S:01e6 D:0000 DB:00 NvMXdizc V:151 H:  40 F:15
c01cbf stz $0200,x   [000291] A:b2d1 X:0091 Y:0005 S:01e6 D:0000 DB:00 NvMXdizc V:151 H:  58 F:15
c01cc2 inx                    A:b2d1 X:0091 Y:0005 S:01e6 D:0000 DB:00 NvMXdizc V:151 H:  90 F:15
c01cc3 bne $1cbf     [c01cbf] A:b2d1 X:0092 Y:0005 S:01e6 D:0000 DB:00 NvMXdizc V:151 H: 102 F:15
c01cbf stz $0200,x   [000292] A:b2d1 X:0092 Y:0005 S:01e6 D:0000 DB:00 NvMXdizc V:151 H: 120 F:15
c01cc2 inx                    A:b2d1 X:0092 Y:0005 S:01e6 D:0000 DB:00 NvMXdizc V:151 H: 152 F:15
c01cc3 bne $1cbf     [c01cbf] A:b2d1 X:0093 Y:0005 S:01e6 D:0000 DB:00 NvMXdizc V:151 H: 164 F:15
c01cbf stz $0200,x   [000293] A:b2d1 X:0093 Y:0005 S:01e6 D:0000 DB:00 NvMXdizc V:151 H: 182 F:15
c01cc2 inx                    A:b2d1 X:0093 Y:0005 S:01e6 D:0000 DB:00 NvMXdizc V:151 H: 214 F:15
c01cc3 bne $1cbf     [c01cbf] A:b2d1 X:0094 Y:0005 S:01e6 D:0000 DB:00 NvMXdizc V:151 H: 226 F:15
c01cbf stz $0200,x   [000294] A:b2d1 X:0094 Y:0005 S:01e6 D:0000 DB:00 NvMXdizc V:151 H: 244 F:15
c01cc2 inx                    A:b2d1 X:0094 Y:0005 S:01e6 D:0000 DB:00 NvMXdizc V:151 H: 276 F:15
c01cc3 bne $1cbf     [c01cbf] A:b2d1 X:0095 Y:0005 S:01e6 D:0000 DB:00 NvMXdizc V:151 H: 288 F:15
c01cbf stz $0200,x   [000295] A:b2d1 X:0095 Y:0005 S:01e6 D:0000 DB:00 NvMXdizc V:151 H: 306 F:15
c01cc2 inx                    A:b2d1 X:0095 Y:0005 S:01e6 D:0000 DB:00 NvMXdizc V:151 H: 338 F:15
c01cc3 bne $1cbf     [c01cbf] A:b2d1 X:0096 Y:0005 S:01e6 D:0000 DB:00 NvMXdizc V:151 H: 350 F:15
c01cbf stz $0200,x   [000296] A:b2d1 X:0096 Y:0005 S:01e6 D:0000 DB:00 NvMXdizc V:151 H: 368 F:15
c01cc2 inx                    A:b2d1 X:0096 Y:0005 S:01e6 D:0000 DB:00 NvMXdizc V:151 H: 400 F:15
c01cc3 bne $1cbf     [c01cbf] A:b2d1 X:0097 Y:0005 S:01e6 D:0000 DB:00 NvMXdizc V:151 H: 412 F:15
c01cbf stz $0200,x   [000297] A:b2d1 X:0097 Y:0005 S:01e6 D:0000 DB:00 NvMXdizc V:151 H: 430 F:15
c01cc2 inx                    A:b2d1 X:0097 Y:0005 S:01e6 D:0000 DB:00 NvMXdizc V:151 H: 462 F:15
c01cc3 bne $1cbf     [c01cbf] A:b2d1 X:0098 Y:0005 S:01e6 D:0000 DB:00 NvMXdizc V:151 H: 474 F:15
c01cbf stz $0200,x   [000298] A:b2d1 X:0098 Y:0005 S:01e6 D:0000 DB:00 NvMXdizc V:151 H: 492 F:15
c01cc2 inx                    A:b2d1 X:0098 Y:0005 S:01e6 D:0000 DB:00 NvMXdizc V:151 H: 524 F:15
c01cc3 bne $1cbf     [c01cbf] A:b2d1 X:0099 Y:0005 S:01e6 D:0000 DB:00 NvMXdizc V:151 H: 536 F:15
c01cbf stz $0200,x   [000299] A:b2d1 X:0099 Y:0005 S:01e6 D:0000 DB:00 NvMXdizc V:151 H: 594 F:15
c01cc2 inx                    A:b2d1 X:0099 Y:0005 S:01e6 D:0000 DB:00 NvMXdizc V:151 H: 626 F:15
c01cc3 bne $1cbf     [c01cbf] A:b2d1 X:009a Y:0005 S:01e6 D:0000 DB:00 NvMXdizc V:151 H: 638 F:15
c01cbf stz $0200,x   [00029a] A:b2d1 X:009a Y:0005 S:01e6 D:0000 DB:00 NvMXdizc V:151 H: 656 F:15
c01cc2 inx                    A:b2d1 X:009a Y:0005 S:01e6 D:0000 DB:00 NvMXdizc V:151 H: 688 F:15
c01cc3 bne $1cbf     [c01cbf] A:b2d1 X:009b Y:0005 S:01e6 D:0000 DB:00 NvMXdizc V:151 H: 700 F:15
c01cbf stz $0200,x   [00029b] A:b2d1 X:009b Y:0005 S:01e6 D:0000 DB:00 NvMXdizc V:151 H: 718 F:15
c01cc2 inx                    A:b2d1 X:009b Y:0005 S:01e6 D:0000 DB:00 NvMXdizc V:151 H: 750 F:15
c01cc3 bne $1cbf     [c01cbf] A:b2d1 X:009c Y:0005 S:01e6 D:0000 DB:00 NvMXdizc V:151 H: 762 F:15
c01cbf stz $0200,x   [00029c] A:b2d1 X:009c Y:0005 S:01e6 D:0000 DB:00 NvMXdizc V:151 H: 780 F:15
c01cc2 inx                    A:b2d1 X:009c Y:0005 S:01e6 D:0000 DB:00 NvMXdizc V:151 H: 812 F:15
c01cc3 bne $1cbf     [c01cbf] A:b2d1 X:009d Y:0005 S:01e6 D:0000 DB:00 NvMXdizc V:151 H: 824 F:15
c01cbf stz $0200,x   [00029d] A:b2d1 X:009d Y:0005 S:01e6 D:0000 DB:00 NvMXdizc V:151 H: 842 F:15
c01cc2 inx                    A:b2d1 X:009d Y:0005 S:01e6 D:0000 DB:00 NvMXdizc V:151 H: 874 F:15
c01cc3 bne $1cbf     [c01cbf] A:b2d1 X:009e Y:0005 S:01e6 D:0000 DB:00 NvMXdizc V:151 H: 886 F:15
c01cbf stz $0200,x   [00029e] A:b2d1 X:009e Y:0005 S:01e6 D:0000 DB:00 NvMXdizc V:151 H: 904 F:15
c01cc2 inx                    A:b2d1 X:009e Y:0005 S:01e6 D:0000 DB:00 NvMXdizc V:151 H: 936 F:15
c01cc3 bne $1cbf     [c01cbf] A:b2d1 X:009f Y:0005 S:01e6 D:0000 DB:00 NvMXdizc V:151 H: 948 F:15
c01cbf stz $0200,x   [00029f] A:b2d1 X:009f Y:0005 S:01e6 D:0000 DB:00 NvMXdizc V:151 H: 966 F:15
c01cc2 inx                    A:b2d1 X:009f Y:0005 S:01e6 D:0000 DB:00 NvMXdizc V:151 H: 998 F:15
c01cc3 bne $1cbf     [c01cbf] A:b2d1 X:00a0 Y:0005 S:01e6 D:0000 DB:00 NvMXdizc V:151 H:1010 F:15
c01cbf stz $0200,x   [0002a0] A:b2d1 X:00a0 Y:0005 S:01e6 D:0000 DB:00 NvMXdizc V:151 H:1028 F:15
c01cc2 inx                    A:b2d1 X:00a0 Y:0005 S:01e6 D:0000 DB:00 NvMXdizc V:151 H:1060 F:15
c01cc3 bne $1cbf     [c01cbf] A:b2d1 X:00a1 Y:0005 S:01e6 D:0000 DB:00 NvMXdizc V:151 H:1072 F:15
c01cbf stz $0200,x   [0002a1] A:b2d1 X:00a1 Y:0005 S:01e6 D:0000 DB:00 NvMXdizc V:151 H:1090 F:15
c01cc2 inx                    A:b2d1 X:00a1 Y:0005 S:01e6 D:0000 DB:00 NvMXdizc V:151 H:1122 F:15
c01cc3 bne $1cbf     [c01cbf] A:b2d1 X:00a2 Y:0005 S:01e6 D:0000 DB:00 NvMXdizc V:151 H:1134 F:15
c01cbf stz $0200,x   [0002a2] A:b2d1 X:00a2 Y:0005 S:01e6 D:0000 DB:00 NvMXdizc V:151 H:1152 F:15
c01cc2 inx                    A:b2d1 X:00a2 Y:0005 S:01e6 D:0000 DB:00 NvMXdizc V:151 H:1184 F:15
c01cc3 bne $1cbf     [c01cbf] A:b2d1 X:00a3 Y:0005 S:01e6 D:0000 DB:00 NvMXdizc V:151 H:1196 F:15
c01cbf stz $0200,x   [0002a3] A:b2d1 X:00a3 Y:0005 S:01e6 D:0000 DB:00 NvMXdizc V:151 H:1214 F:15
c01cc2 inx                    A:b2d1 X:00a3 Y:0005 S:01e6 D:0000 DB:00 NvMXdizc V:151 H:1246 F:15
c01cc3 bne $1cbf     [c01cbf] A:b2d1 X:00a4 Y:0005 S:01e6 D:0000 DB:00 NvMXdizc V:151 H:1258 F:15
c01cbf stz $0200,x   [0002a4] A:b2d1 X:00a4 Y:0005 S:01e6 D:0000 DB:00 NvMXdizc V:151 H:1276 F:15
c01cc2 inx                    A:b2d1 X:00a4 Y:0005 S:01e6 D:0000 DB:00 NvMXdizc V:151 H:1308 F:15
c01cc3 bne $1cbf     [c01cbf] A:b2d1 X:00a5 Y:0005 S:01e6 D:0000 DB:00 NvMXdizc V:151 H:1320 F:15
c01cbf stz $0200,x   [0002a5] A:b2d1 X:00a5 Y:0005 S:01e6 D:0000 DB:00 NvMXdizc V:151 H:1338 F:15
c01cc2 inx                    A:b2d1 X:00a5 Y:0005 S:01e6 D:0000 DB:00 NvMXdizc V:152 H:   6 F:15
c01cc3 bne $1cbf     [c01cbf] A:b2d1 X:00a6 Y:0005 S:01e6 D:0000 DB:00 NvMXdizc V:152 H:  18 F:15
c01cbf stz $0200,x   [0002a6] A:b2d1 X:00a6 Y:0005 S:01e6 D:0000 DB:00 NvMXdizc V:152 H:  36 F:15
c01cc2 inx                    A:b2d1 X:00a6 Y:0005 S:01e6 D:0000 DB:00 NvMXdizc V:152 H:  68 F:15
c01cc3 bne $1cbf     [c01cbf] A:b2d1 X:00a7 Y:0005 S:01e6 D:0000 DB:00 NvMXdizc V:152 H:  80 F:15
c01cbf stz $0200,x   [0002a7] A:b2d1 X:00a7 Y:0005 S:01e6 D:0000 DB:00 NvMXdizc V:152 H:  98 F:15
c01cc2 inx                    A:b2d1 X:00a7 Y:0005 S:01e6 D:0000 DB:00 NvMXdizc V:152 H: 130 F:15
c01cc3 bne $1cbf     [c01cbf] A:b2d1 X:00a8 Y:0005 S:01e6 D:0000 DB:00 NvMXdizc V:152 H: 142 F:15
c01cbf stz $0200,x   [0002a8] A:b2d1 X:00a8 Y:0005 S:01e6 D:0000 DB:00 NvMXdizc V:152 H: 160 F:15
c01cc2 inx                    A:b2d1 X:00a8 Y:0005 S:01e6 D:0000 DB:00 NvMXdizc V:152 H: 192 F:15
c01cc3 bne $1cbf     [c01cbf] A:b2d1 X:00a9 Y:0005 S:01e6 D:0000 DB:00 NvMXdizc V:152 H: 204 F:15
c01cbf stz $0200,x   [0002a9] A:b2d1 X:00a9 Y:0005 S:01e6 D:0000 DB:00 NvMXdizc V:152 H: 222 F:15
c01cc2 inx                    A:b2d1 X:00a9 Y:0005 S:01e6 D:0000 DB:00 NvMXdizc V:152 H: 254 F:15
c01cc3 bne $1cbf     [c01cbf] A:b2d1 X:00aa Y:0005 S:01e6 D:0000 DB:00 NvMXdizc V:152 H: 266 F:15
c01cbf stz $0200,x   [0002aa] A:b2d1 X:00aa Y:0005 S:01e6 D:0000 DB:00 NvMXdizc V:152 H: 284 F:15
c01cc2 inx                    A:b2d1 X:00aa Y:0005 S:01e6 D:0000 DB:00 NvMXdizc V:152 H: 316 F:15
c01cc3 bne $1cbf     [c01cbf] A:b2d1 X:00ab Y:0005 S:01e6 D:0000 DB:00 NvMXdizc V:152 H: 328 F:15
c01cbf stz $0200,x   [0002ab] A:b2d1 X:00ab Y:0005 S:01e6 D:0000 DB:00 NvMXdizc V:152 H: 346 F:15
c01cc2 inx                    A:b2d1 X:00ab Y:0005 S:01e6 D:0000 DB:00 NvMXdizc V:152 H: 378 F:15
c01cc3 bne $1cbf     [c01cbf] A:b2d1 X:00ac Y:0005 S:01e6 D:0000 DB:00 NvMXdizc V:152 H: 390 F:15
c01cbf stz $0200,x   [0002ac] A:b2d1 X:00ac Y:0005 S:01e6 D:0000 DB:00 NvMXdizc V:152 H: 408 F:15
c01cc2 inx                    A:b2d1 X:00ac Y:0005 S:01e6 D:0000 DB:00 NvMXdizc V:152 H: 440 F:15
c01cc3 bne $1cbf     [c01cbf] A:b2d1 X:00ad Y:0005 S:01e6 D:0000 DB:00 NvMXdizc V:152 H: 452 F:15
c01cbf stz $0200,x   [0002ad] A:b2d1 X:00ad Y:0005 S:01e6 D:0000 DB:00 NvMXdizc V:152 H: 470 F:15
c01cc2 inx                    A:b2d1 X:00ad Y:0005 S:01e6 D:0000 DB:00 NvMXdizc V:152 H: 502 F:15
c01cc3 bne $1cbf     [c01cbf] A:b2d1 X:00ae Y:0005 S:01e6 D:0000 DB:00 NvMXdizc V:152 H: 514 F:15
c01cbf stz $0200,x   [0002ae] A:b2d1 X:00ae Y:0005 S:01e6 D:0000 DB:00 NvMXdizc V:152 H: 532 F:15
c01cc2 inx                    A:b2d1 X:00ae Y:0005 S:01e6 D:0000 DB:00 NvMXdizc V:152 H: 604 F:15
c01cc3 bne $1cbf     [c01cbf] A:b2d1 X:00af Y:0005 S:01e6 D:0000 DB:00 NvMXdizc V:152 H: 616 F:15
c01cbf stz $0200,x   [0002af] A:b2d1 X:00af Y:0005 S:01e6 D:0000 DB:00 NvMXdizc V:152 H: 634 F:15
c01cc2 inx                    A:b2d1 X:00af Y:0005 S:01e6 D:0000 DB:00 NvMXdizc V:152 H: 666 F:15
c01cc3 bne $1cbf     [c01cbf] A:b2d1 X:00b0 Y:0005 S:01e6 D:0000 DB:00 NvMXdizc V:152 H: 678 F:15
c01cbf stz $0200,x   [0002b0] A:b2d1 X:00b0 Y:0005 S:01e6 D:0000 DB:00 NvMXdizc V:152 H: 696 F:15
c01cc2 inx                    A:b2d1 X:00b0 Y:0005 S:01e6 D:0000 DB:00 NvMXdizc V:152 H: 728 F:15
c01cc3 bne $1cbf     [c01cbf] A:b2d1 X:00b1 Y:0005 S:01e6 D:0000 DB:00 NvMXdizc V:152 H: 740 F:15
c01cbf stz $0200,x   [0002b1] A:b2d1 X:00b1 Y:0005 S:01e6 D:0000 DB:00 NvMXdizc V:152 H: 758 F:15
c01cc2 inx                    A:b2d1 X:00b1 Y:0005 S:01e6 D:0000 DB:00 NvMXdizc V:152 H: 790 F:15
c01cc3 bne $1cbf     [c01cbf] A:b2d1 X:00b2 Y:0005 S:01e6 D:0000 DB:00 NvMXdizc V:152 H: 802 F:15
c01cbf stz $0200,x   [0002b2] A:b2d1 X:00b2 Y:0005 S:01e6 D:0000 DB:00 NvMXdizc V:152 H: 820 F:15
c01cc2 inx                    A:b2d1 X:00b2 Y:0005 S:01e6 D:0000 DB:00 NvMXdizc V:152 H: 852 F:15
c01cc3 bne $1cbf     [c01cbf] A:b2d1 X:00b3 Y:0005 S:01e6 D:0000 DB:00 NvMXdizc V:152 H: 864 F:15
c01cbf stz $0200,x   [0002b3] A:b2d1 X:00b3 Y:0005 S:01e6 D:0000 DB:00 NvMXdizc V:152 H: 882 F:15
c01cc2 inx                    A:b2d1 X:00b3 Y:0005 S:01e6 D:0000 DB:00 NvMXdizc V:152 H: 914 F:15
c01cc3 bne $1cbf     [c01cbf] A:b2d1 X:00b4 Y:0005 S:01e6 D:0000 DB:00 NvMXdizc V:152 H: 926 F:15
c01cbf stz $0200,x   [0002b4] A:b2d1 X:00b4 Y:0005 S:01e6 D:0000 DB:00 NvMXdizc V:152 H: 944 F:15
c01cc2 inx                    A:b2d1 X:00b4 Y:0005 S:01e6 D:0000 DB:00 NvMXdizc V:152 H: 976 F:15
c01cc3 bne $1cbf     [c01cbf] A:b2d1 X:00b5 Y:0005 S:01e6 D:0000 DB:00 NvMXdizc V:152 H: 988 F:15
c01cbf stz $0200,x   [0002b5] A:b2d1 X:00b5 Y:0005 S:01e6 D:0000 DB:00 NvMXdizc V:152 H:1006 F:15
c01cc2 inx                    A:b2d1 X:00b5 Y:0005 S:01e6 D:0000 DB:00 NvMXdizc V:152 H:1038 F:15
c01cc3 bne $1cbf     [c01cbf] A:b2d1 X:00b6 Y:0005 S:01e6 D:0000 DB:00 NvMXdizc V:152 H:1050 F:15
c01cbf stz $0200,x   [0002b6] A:b2d1 X:00b6 Y:0005 S:01e6 D:0000 DB:00 NvMXdizc V:152 H:1068 F:15
c01cc2 inx                    A:b2d1 X:00b6 Y:0005 S:01e6 D:0000 DB:00 NvMXdizc V:152 H:1100 F:15
c01cc3 bne $1cbf     [c01cbf] A:b2d1 X:00b7 Y:0005 S:01e6 D:0000 DB:00 NvMXdizc V:152 H:1112 F:15
c01cbf stz $0200,x   [0002b7] A:b2d1 X:00b7 Y:0005 S:01e6 D:0000 DB:00 NvMXdizc V:152 H:1130 F:15
c01cc2 inx                    A:b2d1 X:00b7 Y:0005 S:01e6 D:0000 DB:00 NvMXdizc V:152 H:1162 F:15
c01cc3 bne $1cbf     [c01cbf] A:b2d1 X:00b8 Y:0005 S:01e6 D:0000 DB:00 NvMXdizc V:152 H:1174 F:15
c01cbf stz $0200,x   [0002b8] A:b2d1 X:00b8 Y:0005 S:01e6 D:0000 DB:00 NvMXdizc V:152 H:1192 F:15
c01cc2 inx                    A:b2d1 X:00b8 Y:0005 S:01e6 D:0000 DB:00 NvMXdizc V:152 H:1224 F:15
c01cc3 bne $1cbf     [c01cbf] A:b2d1 X:00b9 Y:0005 S:01e6 D:0000 DB:00 NvMXdizc V:152 H:1236 F:15
c01cbf stz $0200,x   [0002b9] A:b2d1 X:00b9 Y:0005 S:01e6 D:0000 DB:00 NvMXdizc V:152 H:1254 F:15
c01cc2 inx                    A:b2d1 X:00b9 Y:0005 S:01e6 D:0000 DB:00 NvMXdizc V:152 H:1286 F:15
c01cc3 bne $1cbf     [c01cbf] A:b2d1 X:00ba Y:0005 S:01e6 D:0000 DB:00 NvMXdizc V:152 H:1298 F:15
c01cbf stz $0200,x   [0002ba] A:b2d1 X:00ba Y:0005 S:01e6 D:0000 DB:00 NvMXdizc V:152 H:1316 F:15
c01cc2 inx                    A:b2d1 X:00ba Y:0005 S:01e6 D:0000 DB:00 NvMXdizc V:152 H:1348 F:15
c01cc3 bne $1cbf     [c01cbf] A:b2d1 X:00bb Y:0005 S:01e6 D:0000 DB:00 NvMXdizc V:152 H:1360 F:15
c01cbf stz $0200,x   [0002bb] A:b2d1 X:00bb Y:0005 S:01e6 D:0000 DB:00 NvMXdizc V:153 H:  14 F:15
c01cc2 inx                    A:b2d1 X:00bb Y:0005 S:01e6 D:0000 DB:00 NvMXdizc V:153 H:  46 F:15
c01cc3 bne $1cbf     [c01cbf] A:b2d1 X:00bc Y:0005 S:01e6 D:0000 DB:00 NvMXdizc V:153 H:  58 F:15
c01cbf stz $0200,x   [0002bc] A:b2d1 X:00bc Y:0005 S:01e6 D:0000 DB:00 NvMXdizc V:153 H:  76 F:15
c01cc2 inx                    A:b2d1 X:00bc Y:0005 S:01e6 D:0000 DB:00 NvMXdizc V:153 H: 108 F:15
c01cc3 bne $1cbf     [c01cbf] A:b2d1 X:00bd Y:0005 S:01e6 D:0000 DB:00 NvMXdizc V:153 H: 120 F:15
c01cbf stz $0200,x   [0002bd] A:b2d1 X:00bd Y:0005 S:01e6 D:0000 DB:00 NvMXdizc V:153 H: 138 F:15
c01cc2 inx                    A:b2d1 X:00bd Y:0005 S:01e6 D:0000 DB:00 NvMXdizc V:153 H: 170 F:15
c01cc3 bne $1cbf     [c01cbf] A:b2d1 X:00be Y:0005 S:01e6 D:0000 DB:00 NvMXdizc V:153 H: 182 F:15
c01cbf stz $0200,x   [0002be] A:b2d1 X:00be Y:0005 S:01e6 D:0000 DB:00 NvMXdizc V:153 H: 200 F:15
c01cc2 inx                    A:b2d1 X:00be Y:0005 S:01e6 D:0000 DB:00 NvMXdizc V:153 H: 232 F:15
c01cc3 bne $1cbf     [c01cbf] A:b2d1 X:00bf Y:0005 S:01e6 D:0000 DB:00 NvMXdizc V:153 H: 244 F:15
c01cbf stz $0200,x   [0002bf] A:b2d1 X:00bf Y:0005 S:01e6 D:0000 DB:00 NvMXdizc V:153 H: 262 F:15
c01cc2 inx                    A:b2d1 X:00bf Y:0005 S:01e6 D:0000 DB:00 NvMXdizc V:153 H: 294 F:15
c01cc3 bne $1cbf     [c01cbf] A:b2d1 X:00c0 Y:0005 S:01e6 D:0000 DB:00 NvMXdizc V:153 H: 306 F:15
c01cbf stz $0200,x   [0002c0] A:b2d1 X:00c0 Y:0005 S:01e6 D:0000 DB:00 NvMXdizc V:153 H: 324 F:15
c01cc2 inx                    A:b2d1 X:00c0 Y:0005 S:01e6 D:0000 DB:00 NvMXdizc V:153 H: 356 F:15
c01cc3 bne $1cbf     [c01cbf] A:b2d1 X:00c1 Y:0005 S:01e6 D:0000 DB:00 NvMXdizc V:153 H: 368 F:15
c01cbf stz $0200,x   [0002c1] A:b2d1 X:00c1 Y:0005 S:01e6 D:0000 DB:00 NvMXdizc V:153 H: 386 F:15
c01cc2 inx                    A:b2d1 X:00c1 Y:0005 S:01e6 D:0000 DB:00 NvMXdizc V:153 H: 418 F:15
c01cc3 bne $1cbf     [c01cbf] A:b2d1 X:00c2 Y:0005 S:01e6 D:0000 DB:00 NvMXdizc V:153 H: 430 F:15
c01cbf stz $0200,x   [0002c2] A:b2d1 X:00c2 Y:0005 S:01e6 D:0000 DB:00 NvMXdizc V:153 H: 448 F:15
c01cc2 inx                    A:b2d1 X:00c2 Y:0005 S:01e6 D:0000 DB:00 NvMXdizc V:153 H: 480 F:15
c01cc3 bne $1cbf     [c01cbf] A:b2d1 X:00c3 Y:0005 S:01e6 D:0000 DB:00 NvMXdizc V:153 H: 492 F:15
c01cbf stz $0200,x   [0002c3] A:b2d1 X:00c3 Y:0005 S:01e6 D:0000 DB:00 NvMXdizc V:153 H: 510 F:15
c01cc2 inx                    A:b2d1 X:00c3 Y:0005 S:01e6 D:0000 DB:00 NvMXdizc V:153 H: 582 F:15
c01cc3 bne $1cbf     [c01cbf] A:b2d1 X:00c4 Y:0005 S:01e6 D:0000 DB:00 NvMXdizc V:153 H: 594 F:15
c01cbf stz $0200,x   [0002c4] A:b2d1 X:00c4 Y:0005 S:01e6 D:0000 DB:00 NvMXdizc V:153 H: 612 F:15
c01cc2 inx                    A:b2d1 X:00c4 Y:0005 S:01e6 D:0000 DB:00 NvMXdizc V:153 H: 644 F:15
c01cc3 bne $1cbf     [c01cbf] A:b2d1 X:00c5 Y:0005 S:01e6 D:0000 DB:00 NvMXdizc V:153 H: 656 F:15
c01cbf stz $0200,x   [0002c5] A:b2d1 X:00c5 Y:0005 S:01e6 D:0000 DB:00 NvMXdizc V:153 H: 674 F:15
c01cc2 inx                    A:b2d1 X:00c5 Y:0005 S:01e6 D:0000 DB:00 NvMXdizc V:153 H: 706 F:15
c01cc3 bne $1cbf     [c01cbf] A:b2d1 X:00c6 Y:0005 S:01e6 D:0000 DB:00 NvMXdizc V:153 H: 718 F:15
c01cbf stz $0200,x   [0002c6] A:b2d1 X:00c6 Y:0005 S:01e6 D:0000 DB:00 NvMXdizc V:153 H: 736 F:15
c01cc2 inx                    A:b2d1 X:00c6 Y:0005 S:01e6 D:0000 DB:00 NvMXdizc V:153 H: 768 F:15
c01cc3 bne $1cbf     [c01cbf] A:b2d1 X:00c7 Y:0005 S:01e6 D:0000 DB:00 NvMXdizc V:153 H: 780 F:15
c01cbf stz $0200,x   [0002c7] A:b2d1 X:00c7 Y:0005 S:01e6 D:0000 DB:00 NvMXdizc V:153 H: 798 F:15
c01cc2 inx                    A:b2d1 X:00c7 Y:0005 S:01e6 D:0000 DB:00 NvMXdizc V:153 H: 830 F:15
c01cc3 bne $1cbf     [c01cbf] A:b2d1 X:00c8 Y:0005 S:01e6 D:0000 DB:00 NvMXdizc V:153 H: 842 F:15
c01cbf stz $0200,x   [0002c8] A:b2d1 X:00c8 Y:0005 S:01e6 D:0000 DB:00 NvMXdizc V:153 H: 860 F:15
c01cc2 inx                    A:b2d1 X:00c8 Y:0005 S:01e6 D:0000 DB:00 NvMXdizc V:153 H: 892 F:15
c01cc3 bne $1cbf     [c01cbf] A:b2d1 X:00c9 Y:0005 S:01e6 D:0000 DB:00 NvMXdizc V:153 H: 904 F:15
c01cbf stz $0200,x   [0002c9] A:b2d1 X:00c9 Y:0005 S:01e6 D:0000 DB:00 NvMXdizc V:153 H: 922 F:15
c01cc2 inx                    A:b2d1 X:00c9 Y:0005 S:01e6 D:0000 DB:00 NvMXdizc V:153 H: 954 F:15
c01cc3 bne $1cbf     [c01cbf] A:b2d1 X:00ca Y:0005 S:01e6 D:0000 DB:00 NvMXdizc V:153 H: 966 F:15
c01cbf stz $0200,x   [0002ca] A:b2d1 X:00ca Y:0005 S:01e6 D:0000 DB:00 NvMXdizc V:153 H: 984 F:15
c01cc2 inx                    A:b2d1 X:00ca Y:0005 S:01e6 D:0000 DB:00 NvMXdizc V:153 H:1016 F:15
c01cc3 bne $1cbf     [c01cbf] A:b2d1 X:00cb Y:0005 S:01e6 D:0000 DB:00 NvMXdizc V:153 H:1028 F:15
c01cbf stz $0200,x   [0002cb] A:b2d1 X:00cb Y:0005 S:01e6 D:0000 DB:00 NvMXdizc V:153 H:1046 F:15
c01cc2 inx                    A:b2d1 X:00cb Y:0005 S:01e6 D:0000 DB:00 NvMXdizc V:153 H:1078 F:15
c01cc3 bne $1cbf     [c01cbf] A:b2d1 X:00cc Y:0005 S:01e6 D:0000 DB:00 NvMXdizc V:153 H:1090 F:15
c01cbf stz $0200,x   [0002cc] A:b2d1 X:00cc Y:0005 S:01e6 D:0000 DB:00 NvMXdizc V:153 H:1108 F:15
c01cc2 inx                    A:b2d1 X:00cc Y:0005 S:01e6 D:0000 DB:00 NvMXdizc V:153 H:1140 F:15
c01cc3 bne $1cbf     [c01cbf] A:b2d1 X:00cd Y:0005 S:01e6 D:0000 DB:00 NvMXdizc V:153 H:1152 F:15
c01cbf stz $0200,x   [0002cd] A:b2d1 X:00cd Y:0005 S:01e6 D:0000 DB:00 NvMXdizc V:153 H:1170 F:15
c01cc2 inx                    A:b2d1 X:00cd Y:0005 S:01e6 D:0000 DB:00 NvMXdizc V:153 H:1202 F:15
c01cc3 bne $1cbf     [c01cbf] A:b2d1 X:00ce Y:0005 S:01e6 D:0000 DB:00 NvMXdizc V:153 H:1214 F:15
c01cbf stz $0200,x   [0002ce] A:b2d1 X:00ce Y:0005 S:01e6 D:0000 DB:00 NvMXdizc V:153 H:1232 F:15
c01cc2 inx                    A:b2d1 X:00ce Y:0005 S:01e6 D:0000 DB:00 NvMXdizc V:153 H:1264 F:15
c01cc3 bne $1cbf     [c01cbf] A:b2d1 X:00cf Y:0005 S:01e6 D:0000 DB:00 NvMXdizc V:153 H:1276 F:15
c01cbf stz $0200,x   [0002cf] A:b2d1 X:00cf Y:0005 S:01e6 D:0000 DB:00 NvMXdizc V:153 H:1294 F:15
c01cc2 inx                    A:b2d1 X:00cf Y:0005 S:01e6 D:0000 DB:00 NvMXdizc V:153 H:1326 F:15
c01cc3 bne $1cbf     [c01cbf] A:b2d1 X:00d0 Y:0005 S:01e6 D:0000 DB:00 NvMXdizc V:153 H:1338 F:15
c01cbf stz $0200,x   [0002d0] A:b2d1 X:00d0 Y:0005 S:01e6 D:0000 DB:00 NvMXdizc V:153 H:1356 F:15
c01cc2 inx                    A:b2d1 X:00d0 Y:0005 S:01e6 D:0000 DB:00 NvMXdizc V:154 H:  24 F:15
c01cc3 bne $1cbf     [c01cbf] A:b2d1 X:00d1 Y:0005 S:01e6 D:0000 DB:00 NvMXdizc V:154 H:  36 F:15
c01cbf stz $0200,x   [0002d1] A:b2d1 X:00d1 Y:0005 S:01e6 D:0000 DB:00 NvMXdizc V:154 H:  54 F:15
c01cc2 inx                    A:b2d1 X:00d1 Y:0005 S:01e6 D:0000 DB:00 NvMXdizc V:154 H:  86 F:15
c01cc3 bne $1cbf     [c01cbf] A:b2d1 X:00d2 Y:0005 S:01e6 D:0000 DB:00 NvMXdizc V:154 H:  98 F:15
c01cbf stz $0200,x   [0002d2] A:b2d1 X:00d2 Y:0005 S:01e6 D:0000 DB:00 NvMXdizc V:154 H: 116 F:15
c01cc2 inx                    A:b2d1 X:00d2 Y:0005 S:01e6 D:0000 DB:00 NvMXdizc V:154 H: 148 F:15
c01cc3 bne $1cbf     [c01cbf] A:b2d1 X:00d3 Y:0005 S:01e6 D:0000 DB:00 NvMXdizc V:154 H: 160 F:15
c01cbf stz $0200,x   [0002d3] A:b2d1 X:00d3 Y:0005 S:01e6 D:0000 DB:00 NvMXdizc V:154 H: 178 F:15
c01cc2 inx                    A:b2d1 X:00d3 Y:0005 S:01e6 D:0000 DB:00 NvMXdizc V:154 H: 210 F:15
c01cc3 bne $1cbf     [c01cbf] A:b2d1 X:00d4 Y:0005 S:01e6 D:0000 DB:00 NvMXdizc V:154 H: 222 F:15
c01cbf stz $0200,x   [0002d4] A:b2d1 X:00d4 Y:0005 S:01e6 D:0000 DB:00 NvMXdizc V:154 H: 240 F:15
c01cc2 inx                    A:b2d1 X:00d4 Y:0005 S:01e6 D:0000 DB:00 NvMXdizc V:154 H: 272 F:15
c01cc3 bne $1cbf     [c01cbf] A:b2d1 X:00d5 Y:0005 S:01e6 D:0000 DB:00 NvMXdizc V:154 H: 284 F:15
c01cbf stz $0200,x   [0002d5] A:b2d1 X:00d5 Y:0005 S:01e6 D:0000 DB:00 NvMXdizc V:154 H: 302 F:15
c01cc2 inx                    A:b2d1 X:00d5 Y:0005 S:01e6 D:0000 DB:00 NvMXdizc V:154 H: 334 F:15
c01cc3 bne $1cbf     [c01cbf] A:b2d1 X:00d6 Y:0005 S:01e6 D:0000 DB:00 NvMXdizc V:154 H: 346 F:15
c01cbf stz $0200,x   [0002d6] A:b2d1 X:00d6 Y:0005 S:01e6 D:0000 DB:00 NvMXdizc V:154 H: 364 F:15
c01cc2 inx                    A:b2d1 X:00d6 Y:0005 S:01e6 D:0000 DB:00 NvMXdizc V:154 H: 396 F:15
c01cc3 bne $1cbf     [c01cbf] A:b2d1 X:00d7 Y:0005 S:01e6 D:0000 DB:00 NvMXdizc V:154 H: 408 F:15
c01cbf stz $0200,x   [0002d7] A:b2d1 X:00d7 Y:0005 S:01e6 D:0000 DB:00 NvMXdizc V:154 H: 426 F:15
c01cc2 inx                    A:b2d1 X:00d7 Y:0005 S:01e6 D:0000 DB:00 NvMXdizc V:154 H: 458 F:15
c01cc3 bne $1cbf     [c01cbf] A:b2d1 X:00d8 Y:0005 S:01e6 D:0000 DB:00 NvMXdizc V:154 H: 470 F:15
c01cbf stz $0200,x   [0002d8] A:b2d1 X:00d8 Y:0005 S:01e6 D:0000 DB:00 NvMXdizc V:154 H: 488 F:15
c01cc2 inx                    A:b2d1 X:00d8 Y:0005 S:01e6 D:0000 DB:00 NvMXdizc V:154 H: 520 F:15
c01cc3 bne $1cbf     [c01cbf] A:b2d1 X:00d9 Y:0005 S:01e6 D:0000 DB:00 NvMXdizc V:154 H: 532 F:15
c01cbf stz $0200,x   [0002d9] A:b2d1 X:00d9 Y:0005 S:01e6 D:0000 DB:00 NvMXdizc V:154 H: 590 F:15
c01cc2 inx                    A:b2d1 X:00d9 Y:0005 S:01e6 D:0000 DB:00 NvMXdizc V:154 H: 622 F:15
c01cc3 bne $1cbf     [c01cbf] A:b2d1 X:00da Y:0005 S:01e6 D:0000 DB:00 NvMXdizc V:154 H: 634 F:15
c01cbf stz $0200,x   [0002da] A:b2d1 X:00da Y:0005 S:01e6 D:0000 DB:00 NvMXdizc V:154 H: 652 F:15
c01cc2 inx                    A:b2d1 X:00da Y:0005 S:01e6 D:0000 DB:00 NvMXdizc V:154 H: 684 F:15
c01cc3 bne $1cbf     [c01cbf] A:b2d1 X:00db Y:0005 S:01e6 D:0000 DB:00 NvMXdizc V:154 H: 696 F:15
c01cbf stz $0200,x   [0002db] A:b2d1 X:00db Y:0005 S:01e6 D:0000 DB:00 NvMXdizc V:154 H: 714 F:15
c01cc2 inx                    A:b2d1 X:00db Y:0005 S:01e6 D:0000 DB:00 NvMXdizc V:154 H: 746 F:15
c01cc3 bne $1cbf     [c01cbf] A:b2d1 X:00dc Y:0005 S:01e6 D:0000 DB:00 NvMXdizc V:154 H: 758 F:15
c01cbf stz $0200,x   [0002dc] A:b2d1 X:00dc Y:0005 S:01e6 D:0000 DB:00 NvMXdizc V:154 H: 776 F:15
c01cc2 inx                    A:b2d1 X:00dc Y:0005 S:01e6 D:0000 DB:00 NvMXdizc V:154 H: 808 F:15
c01cc3 bne $1cbf     [c01cbf] A:b2d1 X:00dd Y:0005 S:01e6 D:0000 DB:00 NvMXdizc V:154 H: 820 F:15
c01cbf stz $0200,x   [0002dd] A:b2d1 X:00dd Y:0005 S:01e6 D:0000 DB:00 NvMXdizc V:154 H: 838 F:15
c01cc2 inx                    A:b2d1 X:00dd Y:0005 S:01e6 D:0000 DB:00 NvMXdizc V:154 H: 870 F:15
c01cc3 bne $1cbf     [c01cbf] A:b2d1 X:00de Y:0005 S:01e6 D:0000 DB:00 NvMXdizc V:154 H: 882 F:15
c01cbf stz $0200,x   [0002de] A:b2d1 X:00de Y:0005 S:01e6 D:0000 DB:00 NvMXdizc V:154 H: 900 F:15
c01cc2 inx                    A:b2d1 X:00de Y:0005 S:01e6 D:0000 DB:00 NvMXdizc V:154 H: 932 F:15
c01cc3 bne $1cbf     [c01cbf] A:b2d1 X:00df Y:0005 S:01e6 D:0000 DB:00 NvMXdizc V:154 H: 944 F:15
c01cbf stz $0200,x   [0002df] A:b2d1 X:00df Y:0005 S:01e6 D:0000 DB:00 NvMXdizc V:154 H: 962 F:15
c01cc2 inx                    A:b2d1 X:00df Y:0005 S:01e6 D:0000 DB:00 NvMXdizc V:154 H: 994 F:15
c01cc3 bne $1cbf     [c01cbf] A:b2d1 X:00e0 Y:0005 S:01e6 D:0000 DB:00 NvMXdizc V:154 H:1006 F:15
c01cbf stz $0200,x   [0002e0] A:b2d1 X:00e0 Y:0005 S:01e6 D:0000 DB:00 NvMXdizc V:154 H:1024 F:15
c01cc2 inx                    A:b2d1 X:00e0 Y:0005 S:01e6 D:0000 DB:00 NvMXdizc V:154 H:1056 F:15
c01cc3 bne $1cbf     [c01cbf] A:b2d1 X:00e1 Y:0005 S:01e6 D:0000 DB:00 NvMXdizc V:154 H:1068 F:15
c01cbf stz $0200,x   [0002e1] A:b2d1 X:00e1 Y:0005 S:01e6 D:0000 DB:00 NvMXdizc V:154 H:1086 F:15
c01cc2 inx                    A:b2d1 X:00e1 Y:0005 S:01e6 D:0000 DB:00 NvMXdizc V:154 H:1118 F:15
c01cc3 bne $1cbf     [c01cbf] A:b2d1 X:00e2 Y:0005 S:01e6 D:0000 DB:00 NvMXdizc V:154 H:1130 F:15
c01cbf stz $0200,x   [0002e2] A:b2d1 X:00e2 Y:0005 S:01e6 D:0000 DB:00 NvMXdizc V:154 H:1148 F:15
c01cc2 inx                    A:b2d1 X:00e2 Y:0005 S:01e6 D:0000 DB:00 NvMXdizc V:154 H:1180 F:15
c01cc3 bne $1cbf     [c01cbf] A:b2d1 X:00e3 Y:0005 S:01e6 D:0000 DB:00 NvMXdizc V:154 H:1192 F:15
c01cbf stz $0200,x   [0002e3] A:b2d1 X:00e3 Y:0005 S:01e6 D:0000 DB:00 NvMXdizc V:154 H:1210 F:15
c01cc2 inx                    A:b2d1 X:00e3 Y:0005 S:01e6 D:0000 DB:00 NvMXdizc V:154 H:1242 F:15
c01cc3 bne $1cbf     [c01cbf] A:b2d1 X:00e4 Y:0005 S:01e6 D:0000 DB:00 NvMXdizc V:154 H:1254 F:15
c01cbf stz $0200,x   [0002e4] A:b2d1 X:00e4 Y:0005 S:01e6 D:0000 DB:00 NvMXdizc V:154 H:1272 F:15
c01cc2 inx                    A:b2d1 X:00e4 Y:0005 S:01e6 D:0000 DB:00 NvMXdizc V:154 H:1304 F:15
c01cc3 bne $1cbf     [c01cbf] A:b2d1 X:00e5 Y:0005 S:01e6 D:0000 DB:00 NvMXdizc V:154 H:1316 F:15
c01cbf stz $0200,x   [0002e5] A:b2d1 X:00e5 Y:0005 S:01e6 D:0000 DB:00 NvMXdizc V:154 H:1334 F:15
c01cc2 inx                    A:b2d1 X:00e5 Y:0005 S:01e6 D:0000 DB:00 NvMXdizc V:155 H:   2 F:15
c01cc3 bne $1cbf     [c01cbf] A:b2d1 X:00e6 Y:0005 S:01e6 D:0000 DB:00 NvMXdizc V:155 H:  14 F:15
c01cbf stz $0200,x   [0002e6] A:b2d1 X:00e6 Y:0005 S:01e6 D:0000 DB:00 NvMXdizc V:155 H:  32 F:15
c01cc2 inx                    A:b2d1 X:00e6 Y:0005 S:01e6 D:0000 DB:00 NvMXdizc V:155 H:  64 F:15
c01cc3 bne $1cbf     [c01cbf] A:b2d1 X:00e7 Y:0005 S:01e6 D:0000 DB:00 NvMXdizc V:155 H:  76 F:15
c01cbf stz $0200,x   [0002e7] A:b2d1 X:00e7 Y:0005 S:01e6 D:0000 DB:00 NvMXdizc V:155 H:  94 F:15
c01cc2 inx                    A:b2d1 X:00e7 Y:0005 S:01e6 D:0000 DB:00 NvMXdizc V:155 H: 126 F:15
c01cc3 bne $1cbf     [c01cbf] A:b2d1 X:00e8 Y:0005 S:01e6 D:0000 DB:00 NvMXdizc V:155 H: 138 F:15
c01cbf stz $0200,x   [0002e8] A:b2d1 X:00e8 Y:0005 S:01e6 D:0000 DB:00 NvMXdizc V:155 H: 156 F:15
c01cc2 inx                    A:b2d1 X:00e8 Y:0005 S:01e6 D:0000 DB:00 NvMXdizc V:155 H: 188 F:15
c01cc3 bne $1cbf     [c01cbf] A:b2d1 X:00e9 Y:0005 S:01e6 D:0000 DB:00 NvMXdizc V:155 H: 200 F:15
c01cbf stz $0200,x   [0002e9] A:b2d1 X:00e9 Y:0005 S:01e6 D:0000 DB:00 NvMXdizc V:155 H: 218 F:15
c01cc2 inx                    A:b2d1 X:00e9 Y:0005 S:01e6 D:0000 DB:00 NvMXdizc V:155 H: 250 F:15
c01cc3 bne $1cbf     [c01cbf] A:b2d1 X:00ea Y:0005 S:01e6 D:0000 DB:00 NvMXdizc V:155 H: 262 F:15
c01cbf stz $0200,x   [0002ea] A:b2d1 X:00ea Y:0005 S:01e6 D:0000 DB:00 NvMXdizc V:155 H: 280 F:15
c01cc2 inx                    A:b2d1 X:00ea Y:0005 S:01e6 D:0000 DB:00 NvMXdizc V:155 H: 312 F:15
c01cc3 bne $1cbf     [c01cbf] A:b2d1 X:00eb Y:0005 S:01e6 D:0000 DB:00 NvMXdizc V:155 H: 324 F:15
c01cbf stz $0200,x   [0002eb] A:b2d1 X:00eb Y:0005 S:01e6 D:0000 DB:00 NvMXdizc V:155 H: 342 F:15
c01cc2 inx                    A:b2d1 X:00eb Y:0005 S:01e6 D:0000 DB:00 NvMXdizc V:155 H: 374 F:15
c01cc3 bne $1cbf     [c01cbf] A:b2d1 X:00ec Y:0005 S:01e6 D:0000 DB:00 NvMXdizc V:155 H: 386 F:15
c01cbf stz $0200,x   [0002ec] A:b2d1 X:00ec Y:0005 S:01e6 D:0000 DB:00 NvMXdizc V:155 H: 404 F:15
c01cc2 inx                    A:b2d1 X:00ec Y:0005 S:01e6 D:0000 DB:00 NvMXdizc V:155 H: 436 F:15
c01cc3 bne $1cbf     [c01cbf] A:b2d1 X:00ed Y:0005 S:01e6 D:0000 DB:00 NvMXdizc V:155 H: 448 F:15
c01cbf stz $0200,x   [0002ed] A:b2d1 X:00ed Y:0005 S:01e6 D:0000 DB:00 NvMXdizc V:155 H: 466 F:15
c01cc2 inx                    A:b2d1 X:00ed Y:0005 S:01e6 D:0000 DB:00 NvMXdizc V:155 H: 498 F:15
c01cc3 bne $1cbf     [c01cbf] A:b2d1 X:00ee Y:0005 S:01e6 D:0000 DB:00 NvMXdizc V:155 H: 510 F:15
c01cbf stz $0200,x   [0002ee] A:b2d1 X:00ee Y:0005 S:01e6 D:0000 DB:00 NvMXdizc V:155 H: 528 F:15
c01cc2 inx                    A:b2d1 X:00ee Y:0005 S:01e6 D:0000 DB:00 NvMXdizc V:155 H: 600 F:15
c01cc3 bne $1cbf     [c01cbf] A:b2d1 X:00ef Y:0005 S:01e6 D:0000 DB:00 NvMXdizc V:155 H: 612 F:15
c01cbf stz $0200,x   [0002ef] A:b2d1 X:00ef Y:0005 S:01e6 D:0000 DB:00 NvMXdizc V:155 H: 630 F:15
c01cc2 inx                    A:b2d1 X:00ef Y:0005 S:01e6 D:0000 DB:00 NvMXdizc V:155 H: 662 F:15
c01cc3 bne $1cbf     [c01cbf] A:b2d1 X:00f0 Y:0005 S:01e6 D:0000 DB:00 NvMXdizc V:155 H: 674 F:15
c01cbf stz $0200,x   [0002f0] A:b2d1 X:00f0 Y:0005 S:01e6 D:0000 DB:00 NvMXdizc V:155 H: 692 F:15
c01cc2 inx                    A:b2d1 X:00f0 Y:0005 S:01e6 D:0000 DB:00 NvMXdizc V:155 H: 724 F:15
c01cc3 bne $1cbf     [c01cbf] A:b2d1 X:00f1 Y:0005 S:01e6 D:0000 DB:00 NvMXdizc V:155 H: 736 F:15
c01cbf stz $0200,x   [0002f1] A:b2d1 X:00f1 Y:0005 S:01e6 D:0000 DB:00 NvMXdizc V:155 H: 754 F:15
c01cc2 inx                    A:b2d1 X:00f1 Y:0005 S:01e6 D:0000 DB:00 NvMXdizc V:155 H: 786 F:15
c01cc3 bne $1cbf     [c01cbf] A:b2d1 X:00f2 Y:0005 S:01e6 D:0000 DB:00 NvMXdizc V:155 H: 798 F:15
c01cbf stz $0200,x   [0002f2] A:b2d1 X:00f2 Y:0005 S:01e6 D:0000 DB:00 NvMXdizc V:155 H: 816 F:15
c01cc2 inx                    A:b2d1 X:00f2 Y:0005 S:01e6 D:0000 DB:00 NvMXdizc V:155 H: 848 F:15
c01cc3 bne $1cbf     [c01cbf] A:b2d1 X:00f3 Y:0005 S:01e6 D:0000 DB:00 NvMXdizc V:155 H: 860 F:15
c01cbf stz $0200,x   [0002f3] A:b2d1 X:00f3 Y:0005 S:01e6 D:0000 DB:00 NvMXdizc V:155 H: 878 F:15
c01cc2 inx                    A:b2d1 X:00f3 Y:0005 S:01e6 D:0000 DB:00 NvMXdizc V:155 H: 910 F:15
c01cc3 bne $1cbf     [c01cbf] A:b2d1 X:00f4 Y:0005 S:01e6 D:0000 DB:00 NvMXdizc V:155 H: 922 F:15
c01cbf stz $0200,x   [0002f4] A:b2d1 X:00f4 Y:0005 S:01e6 D:0000 DB:00 NvMXdizc V:155 H: 940 F:15
c01cc2 inx                    A:b2d1 X:00f4 Y:0005 S:01e6 D:0000 DB:00 NvMXdizc V:155 H: 972 F:15
c01cc3 bne $1cbf     [c01cbf] A:b2d1 X:00f5 Y:0005 S:01e6 D:0000 DB:00 NvMXdizc V:155 H: 984 F:15
c01cbf stz $0200,x   [0002f5] A:b2d1 X:00f5 Y:0005 S:01e6 D:0000 DB:00 NvMXdizc V:155 H:1002 F:15
c01cc2 inx                    A:b2d1 X:00f5 Y:0005 S:01e6 D:0000 DB:00 NvMXdizc V:155 H:1034 F:15
c01cc3 bne $1cbf     [c01cbf] A:b2d1 X:00f6 Y:0005 S:01e6 D:0000 DB:00 NvMXdizc V:155 H:1046 F:15
c01cbf stz $0200,x   [0002f6] A:b2d1 X:00f6 Y:0005 S:01e6 D:0000 DB:00 NvMXdizc V:155 H:1064 F:15
c01cc2 inx                    A:b2d1 X:00f6 Y:0005 S:01e6 D:0000 DB:00 NvMXdizc V:155 H:1096 F:15
c01cc3 bne $1cbf     [c01cbf] A:b2d1 X:00f7 Y:0005 S:01e6 D:0000 DB:00 NvMXdizc V:155 H:1108 F:15
c01cbf stz $0200,x   [0002f7] A:b2d1 X:00f7 Y:0005 S:01e6 D:0000 DB:00 NvMXdizc V:155 H:1126 F:15
c01cc2 inx                    A:b2d1 X:00f7 Y:0005 S:01e6 D:0000 DB:00 NvMXdizc V:155 H:1158 F:15
c01cc3 bne $1cbf     [c01cbf] A:b2d1 X:00f8 Y:0005 S:01e6 D:0000 DB:00 NvMXdizc V:155 H:1170 F:15
c01cbf stz $0200,x   [0002f8] A:b2d1 X:00f8 Y:0005 S:01e6 D:0000 DB:00 NvMXdizc V:155 H:1188 F:15
c01cc2 inx                    A:b2d1 X:00f8 Y:0005 S:01e6 D:0000 DB:00 NvMXdizc V:155 H:1220 F:15
c01cc3 bne $1cbf     [c01cbf] A:b2d1 X:00f9 Y:0005 S:01e6 D:0000 DB:00 NvMXdizc V:155 H:1232 F:15
c01cbf stz $0200,x   [0002f9] A:b2d1 X:00f9 Y:0005 S:01e6 D:0000 DB:00 NvMXdizc V:155 H:1250 F:15
c01cc2 inx                    A:b2d1 X:00f9 Y:0005 S:01e6 D:0000 DB:00 NvMXdizc V:155 H:1282 F:15
c01cc3 bne $1cbf     [c01cbf] A:b2d1 X:00fa Y:0005 S:01e6 D:0000 DB:00 NvMXdizc V:155 H:1294 F:15
c01cbf stz $0200,x   [0002fa] A:b2d1 X:00fa Y:0005 S:01e6 D:0000 DB:00 NvMXdizc V:155 H:1312 F:15
c01cc2 inx                    A:b2d1 X:00fa Y:0005 S:01e6 D:0000 DB:00 NvMXdizc V:155 H:1344 F:15
c01cc3 bne $1cbf     [c01cbf] A:b2d1 X:00fb Y:0005 S:01e6 D:0000 DB:00 NvMXdizc V:155 H:1356 F:15
c01cbf stz $0200,x   [0002fb] A:b2d1 X:00fb Y:0005 S:01e6 D:0000 DB:00 NvMXdizc V:156 H:  10 F:15
c01cc2 inx                    A:b2d1 X:00fb Y:0005 S:01e6 D:0000 DB:00 NvMXdizc V:156 H:  42 F:15
c01cc3 bne $1cbf     [c01cbf] A:b2d1 X:00fc Y:0005 S:01e6 D:0000 DB:00 NvMXdizc V:156 H:  54 F:15
c01cbf stz $0200,x   [0002fc] A:b2d1 X:00fc Y:0005 S:01e6 D:0000 DB:00 NvMXdizc V:156 H:  72 F:15
c01cc2 inx                    A:b2d1 X:00fc Y:0005 S:01e6 D:0000 DB:00 NvMXdizc V:156 H: 104 F:15
c01cc3 bne $1cbf     [c01cbf] A:b2d1 X:00fd Y:0005 S:01e6 D:0000 DB:00 NvMXdizc V:156 H: 116 F:15
c01cbf stz $0200,x   [0002fd] A:b2d1 X:00fd Y:0005 S:01e6 D:0000 DB:00 NvMXdizc V:156 H: 134 F:15
c01cc2 inx                    A:b2d1 X:00fd Y:0005 S:01e6 D:0000 DB:00 NvMXdizc V:156 H: 166 F:15
c01cc3 bne $1cbf     [c01cbf] A:b2d1 X:00fe Y:0005 S:01e6 D:0000 DB:00 NvMXdizc V:156 H: 178 F:15
c01cbf stz $0200,x   [0002fe] A:b2d1 X:00fe Y:0005 S:01e6 D:0000 DB:00 NvMXdizc V:156 H: 196 F:15
c01cc2 inx                    A:b2d1 X:00fe Y:0005 S:01e6 D:0000 DB:00 NvMXdizc V:156 H: 228 F:15
c01cc3 bne $1cbf     [c01cbf] A:b2d1 X:00ff Y:0005 S:01e6 D:0000 DB:00 NvMXdizc V:156 H: 240 F:15
c01cbf stz $0200,x   [0002ff] A:b2d1 X:00ff Y:0005 S:01e6 D:0000 DB:00 NvMXdizc V:156 H: 258 F:15
c01cc2 inx                    A:b2d1 X:00ff Y:0005 S:01e6 D:0000 DB:00 NvMXdizc V:156 H: 290 F:15
c01cc3 bne $1cbf     [c01cbf] A:b2d1 X:0000 Y:0005 S:01e6 D:0000 DB:00 nvMXdiZc V:156 H: 302 F:15
c01cc5 stz $66       [000066] A:b2d1 X:0000 Y:0005 S:01e6 D:0000 DB:00 nvMXdiZc V:156 H: 314 F:15
c01cc7 jsr $1d45     [c01d45] A:b2d1 X:0000 Y:0005 S:01e6 D:0000 DB:00 nvMXdiZc V:156 H: 334 F:15
c01d45 lda [$60]     [d1b219] A:b2d1 X:0000 Y:0005 S:01e4 D:0000 DB:00 nvMXdiZc V:156 H: 374 F:15
c01d47 sta $64       [000064] A:b20f X:0000 Y:0005 S:01e4 D:0000 DB:00 nvMXdizc V:156 H: 416 F:15
c01d49 and #$1f               A:b20f X:0000 Y:0005 S:01e4 D:0000 DB:00 nvMXdizc V:156 H: 436 F:15
c01d4b inc                    A:b20f X:0000 Y:0005 S:01e4 D:0000 DB:00 nvMXdizc V:156 H: 448 F:15
c01d4c sta $65       [000065] A:b210 X:0000 Y:0005 S:01e4 D:0000 DB:00 nvMXdizc V:156 H: 460 F:15
c01d4e lda $64       [000064] A:b210 X:0000 Y:0005 S:01e4 D:0000 DB:00 nvMXdizc V:156 H: 480 F:15
c01d50 lsr a                  A:b20f X:0000 Y:0005 S:01e4 D:0000 DB:00 nvMXdizc V:156 H: 500 F:15
c01d51 lsr a                  A:b207 X:0000 Y:0005 S:01e4 D:0000 DB:00 nvMXdizC V:156 H: 512 F:15
c01d52 lsr a                  A:b203 X:0000 Y:0005 S:01e4 D:0000 DB:00 nvMXdizC V:156 H: 524 F:15
c01d53 lsr a                  A:b201 X:0000 Y:0005 S:01e4 D:0000 DB:00 nvMXdizC V:156 H: 576 F:15
c01d54 and #$0e               A:b200 X:0000 Y:0005 S:01e4 D:0000 DB:00 nvMXdiZC V:156 H: 588 F:15
c01d56 sta $64       [000064] A:b200 X:0000 Y:0005 S:01e4 D:0000 DB:00 nvMXdiZC V:156 H: 600 F:15
c01d58 inc $60       [000060] A:b200 X:0000 Y:0005 S:01e4 D:0000 DB:00 nvMXdiZC V:156 H: 620 F:15
c01d5a bne $1d62     [c01d62] A:b200 X:0000 Y:0005 S:01e4 D:0000 DB:00 nvMXdizC V:156 H: 654 F:15
c01d62 rts                    A:b200 X:0000 Y:0005 S:01e4 D:0000 DB:00 nvMXdizC V:156 H: 672 F:15
c01cca plx                    A:b200 X:0000 Y:0005 S:01e6 D:0000 DB:00 nvMXdizC V:156 H: 712 F:15
c01ccb rtl                    A:b200 X:0012 Y:0005 S:01e7 D:0000 DB:00 nvMXdizC V:156 H: 738 F:15
c000ee stz $0352     [000352] A:b200 X:0012 Y:0005 S:01ea D:0000 DB:00 nvMXdizC V:156 H: 780 F:15
c000f1 jsr $0135     [c00135] A:b200 X:0012 Y:0005 S:01ea D:0000 DB:00 nvMXdizC V:156 H: 806 F:15
c00135 lda $1d2a     [001d2a] A:b200 X:0012 Y:0005 S:01e8 D:0000 DB:00 nvMXdizC V:156 H: 846 F:15
c00138 pha                    A:b20f X:0012 Y:0005 S:01e8 D:0000 DB:00 nvMXdizC V:156 H: 872 F:15
c00139 ldy $1d35     [001d35] A:b20f X:0012 Y:0005 S:01e7 D:0000 DB:00 nvMXdizC V:156 H: 892 F:15
c0013c jsl $c008e0   [c008e0] A:b20f X:0012 Y:0002 S:01e7 D:0000 DB:00 nvMXdizC V:156 H: 918 F:15
c008e0 lda $1d28     [001d28] A:b20f X:0012 Y:0002 S:01e4 D:0000 DB:00 nvMXdizC V:156 H: 972 F:15
c008e3 sta $b1       [0000b1] A:b216 X:0012 Y:0002 S:01e4 D:0000 DB:00 nvMXdizC V:156 H: 998 F:15
c008e5 lda $1d2a     [001d2a] A:b216 X:0012 Y:0002 S:01e4 D:0000 DB:00 nvMXdizC V:156 H:1018 F:15
c008e8 sta $b3       [0000b3] A:b20f X:0012 Y:0002 S:01e4 D:0000 DB:00 nvMXdizC V:156 H:1044 F:15
c008ea jsr $0906     [c00906] A:b20f X:0012 Y:0002 S:01e4 D:0000 DB:00 nvMXdizC V:156 H:1064 F:15
c00906 phy                    A:b20f X:0012 Y:0002 S:01e2 D:0000 DB:00 nvMXdizC V:156 H:1104 F:15
c00907 lda $0372     [000372] A:b20f X:0012 Y:0002 S:01e1 D:0000 DB:00 nvMXdizC V:156 H:1124 F:15
c0090a beq $0915     [c00915] A:b200 X:0012 Y:0002 S:01e1 D:0000 DB:00 nvMXdiZC V:156 H:1150 F:15
c00915 sta $b5       [0000b5] A:b200 X:0012 Y:0002 S:01e1 D:0000 DB:00 nvMXdiZC V:156 H:1168 F:15
c00917 stz $b2       [0000b2] A:b200 X:0012 Y:0002 S:01e1 D:0000 DB:00 nvMXdiZC V:156 H:1188 F:15
c00919 stz $b4       [0000b4] A:b200 X:0012 Y:0002 S:01e1 D:0000 DB:00 nvMXdiZC V:156 H:1208 F:15
c0091b lda $b1       [0000b1] A:b200 X:0012 Y:0002 S:01e1 D:0000 DB:00 nvMXdiZC V:156 H:1228 F:15
c0091d clc                    A:b216 X:0012 Y:0002 S:01e1 D:0000 DB:00 nvMXdizC V:156 H:1248 F:15
c0091e adc $036c     [00036c] A:b216 X:0012 Y:0002 S:01e1 D:0000 DB:00 nvMXdizc V:156 H:1260 F:15
c00921 and #$7f               A:b216 X:0012 Y:0002 S:01e1 D:0000 DB:00 nvMXdizc V:156 H:1286 F:15
c00923 ldy $b5       [0000b5] A:b216 X:0012 Y:0002 S:01e1 D:0000 DB:00 nvMXdizc V:156 H:1298 F:15
c00925 bne $0929     [c00929] A:b216 X:0012 Y:0000 S:01e1 D:0000 DB:00 nvMXdiZc V:156 H:1318 F:15
c00927 and #$3f               A:b216 X:0012 Y:0000 S:01e1 D:0000 DB:00 nvMXdiZc V:156 H:1330 F:15
c00929 sta $b1       [0000b1] A:b216 X:0012 Y:0000 S:01e1 D:0000 DB:00 nvMXdizc V:156 H:1342 F:15
c0092b lda $b3       [0000b3] A:b216 X:0012 Y:0000 S:01e1 D:0000 DB:00 nvMXdizc V:156 H:1362 F:15
c0092d clc                    A:b20f X:0012 Y:0000 S:01e1 D:0000 DB:00 nvMXdizc V:157 H:  18 F:15
c0092e adc $036d     [00036d] A:b20f X:0012 Y:0000 S:01e1 D:0000 DB:00 nvMXdizc V:157 H:  30 F:15
c00931 and #$7f               A:b20f X:0012 Y:0000 S:01e1 D:0000 DB:00 nvMXdizc V:157 H:  56 F:15
c00933 ldy $b5       [0000b5] A:b20f X:0012 Y:0000 S:01e1 D:0000 DB:00 nvMXdizc V:157 H:  68 F:15
c00935 bne $0939     [c00939] A:b20f X:0012 Y:0000 S:01e1 D:0000 DB:00 nvMXdiZc V:157 H:  88 F:15
c00937 and #$1f               A:b20f X:0012 Y:0000 S:01e1 D:0000 DB:00 nvMXdiZc V:157 H: 100 F:15
c00939 sta $b3       [0000b3] A:b20f X:0012 Y:0000 S:01e1 D:0000 DB:00 nvMXdizc V:157 H: 112 F:15
c0093b rep #$20               A:b20f X:0012 Y:0000 S:01e1 D:0000 DB:00 nvMXdizc V:157 H: 132 F:15
c0093d ldy $b5       [0000b5] A:b20f X:0012 Y:0000 S:01e1 D:0000 DB:00 nvmXdizc V:157 H: 150 F:15
c0093f bne $0956     [c00956] A:b20f X:0012 Y:0000 S:01e1 D:0000 DB:00 nvmXdiZc V:157 H: 170 F:15
c00941 lda $b1       [0000b1] A:b20f X:0012 Y:0000 S:01e1 D:0000 DB:00 nvmXdiZc V:157 H: 182 F:15
c00943 and #$0020             A:0016 X:0012 Y:0000 S:01e1 D:0000 DB:00 nvmXdizc V:157 H: 210 F:15
c00946 asl a                  A:0000 X:0012 Y:0000 S:01e1 D:0000 DB:00 nvmXdiZc V:157 H: 228 F:15
c00947 asl a                  A:0000 X:0012 Y:0000 S:01e1 D:0000 DB:00 nvmXdiZc V:157 H: 240 F:15
c00948 asl a                  A:0000 X:0012 Y:0000 S:01e1 D:0000 DB:00 nvmXdiZc V:157 H: 252 F:15
c00949 asl a                  A:0000 X:0012 Y:0000 S:01e1 D:0000 DB:00 nvmXdiZc V:157 H: 264 F:15
c0094a asl a                  A:0000 X:0012 Y:0000 S:01e1 D:0000 DB:00 nvmXdiZc V:157 H: 276 F:15
c0094b sta $9f       [00009f] A:0000 X:0012 Y:0000 S:01e1 D:0000 DB:00 nvmXdiZc V:157 H: 288 F:15
c0094d lda $b1       [0000b1] A:0000 X:0012 Y:0000 S:01e1 D:0000 DB:00 nvmXdiZc V:157 H: 316 F:15
c0094f and #$001f             A:0016 X:0012 Y:0000 S:01e1 D:0000 DB:00 nvmXdizc V:157 H: 344 F:15
c00952 ora $9f       [00009f] A:0016 X:0012 Y:0000 S:01e1 D:0000 DB:00 nvmXdizc V:157 H: 362 F:15
c00954 sta $b1       [0000b1] A:0016 X:0012 Y:0000 S:01e1 D:0000 DB:00 nvmXdizc V:157 H: 390 F:15
c00956 lda $b3       [0000b3] A:0016 X:0012 Y:0000 S:01e1 D:0000 DB:00 nvmXdizc V:157 H: 418 F:15
c00958 asl a                  A:000f X:0012 Y:0000 S:01e1 D:0000 DB:00 nvmXdizc V:157 H: 446 F:15
c00959 asl a                  A:001e X:0012 Y:0000 S:01e1 D:0000 DB:00 nvmXdizc V:157 H: 458 F:15
c0095a asl a                  A:003c X:0012 Y:0000 S:01e1 D:0000 DB:00 nvmXdizc V:157 H: 470 F:15
c0095b asl a                  A:0078 X:0012 Y:0000 S:01e1 D:0000 DB:00 nvmXdizc V:157 H: 482 F:15
c0095c asl a                  A:00f0 X:0012 Y:0000 S:01e1 D:0000 DB:00 nvmXdizc V:157 H: 494 F:15
c0095d ldy $b5       [0000b5] A:01e0 X:0012 Y:0000 S:01e1 D:0000 DB:00 nvmXdizc V:157 H: 506 F:15
c0095f beq $0963     [c00963] A:01e0 X:0012 Y:0000 S:01e1 D:0000 DB:00 nvmXdiZc V:157 H: 526 F:15
c00963 ora $b1       [0000b1] A:01e0 X:0012 Y:0000 S:01e1 D:0000 DB:00 nvmXdiZc V:157 H: 584 F:15
c00965 ldy $0372     [000372] A:01f6 X:0012 Y:0000 S:01e1 D:0000 DB:00 nvmXdizc V:157 H: 612 F:15
c00968 bne $096e     [c0096e] A:01f6 X:0012 Y:0000 S:01e1 D:0000 DB:00 nvmXdiZc V:157 H: 638 F:15
c0096a clc                    A:01f6 X:0012 Y:0000 S:01e1 D:0000 DB:00 nvmXdiZc V:157 H: 650 F:15
c0096b adc $036f     [00036f] A:01f6 X:0012 Y:0000 S:01e1 D:0000 DB:00 nvmXdiZc V:157 H: 662 F:15
c0096e sep #$20               A:31f6 X:0012 Y:0000 S:01e1 D:0000 DB:00 nvmXdizc V:157 H: 696 F:15
c00970 ply                    A:31f6 X:0012 Y:0000 S:01e1 D:0000 DB:00 nvMXdizc V:157 H: 714 F:15
c00971 rts                    A:31f6 X:0012 Y:0002 S:01e2 D:0000 DB:00 nvMXdizc V:157 H: 740 F:15
c008ed sta $08       [000008] A:31f6 X:0012 Y:0002 S:01e4 D:0000 DB:00 nvMXdizc V:157 H: 780 F:15
c008ef xba                    A:31f6 X:0012 Y:0002 S:01e4 D:0000 DB:00 nvMXdizc V:157 H: 800 F:15
c008f0 sta $09       [000009] A:f631 X:0012 Y:0002 S:01e4 D:0000 DB:00 nvMXdizc V:157 H: 818 F:15
c008f2 rtl                    A:f631 X:0012 Y:0002 S:01e4 D:0000 DB:00 nvMXdizc V:157 H: 838 F:15
c00140 rep #$20               A:f631 X:0012 Y:0002 S:01e7 D:0000 DB:00 nvMXdizc V:157 H: 880 F:15
c00142 lda $08       [000008] A:f631 X:0012 Y:0002 S:01e7 D:0000 DB:00 nvmXdizc V:157 H: 898 F:15
c00144 sta $ae       [0000ae] A:31f6 X:0012 Y:0002 S:01e7 D:0000 DB:00 nvmXdizc V:157 H: 926 F:15
c00146 sep #$20               A:31f6 X:0012 Y:0002 S:01e7 D:0000 DB:00 nvmXdizc V:157 H: 954 F:15
c00148 jsl $c00478   [c00478] A:31f6 X:0012 Y:0002 S:01e7 D:0000 DB:00 nvMXdizc V:157 H: 972 F:15
c00478 phx                    A:31f6 X:0012 Y:0002 S:01e4 D:0000 DB:00 nvMXdizc V:157 H:1026 F:15
c00479 rep #$30               A:31f6 X:0012 Y:0002 S:01e3 D:0000 DB:00 nvMXdizc V:157 H:1046 F:15
c0047b ldx $0357     [000357] A:31f6 X:0012 Y:0002 S:01e3 D:0000 DB:00 nvmxdizc V:157 H:1064 F:15
c0047e lda $ae       [0000ae] A:31f6 X:37c0 Y:0002 S:01e3 D:0000 DB:00 nvmxdizc V:157 H:1098 F:15
c00480 sta $7e8004,x [7eb7c4] A:31f6 X:37c0 Y:0002 S:01e3 D:0000 DB:00 nvmxdizc V:157 H:1126 F:15
c00484 lda $0352     [000352] A:31f6 X:37c0 Y:0002 S:01e3 D:0000 DB:00 nvmxdizc V:157 H:1166 F:15
c00487 sta $7e8000,x [7eb7c0] A:0000 X:37c0 Y:0002 S:01e3 D:0000 DB:00 nvmxdiZc V:157 H:1200 F:15
c0048b txa                    A:0000 X:37c0 Y:0002 S:01e3 D:0000 DB:00 nvmxdiZc V:157 H:1240 F:15
c0048c clc                    A:37c0 X:37c0 Y:0002 S:01e3 D:0000 DB:00 nvmxdizc V:157 H:1252 F:15
c0048d adc #$0006             A:37c0 X:37c0 Y:0002 S:01e3 D:0000 DB:00 nvmxdizc V:157 H:1264 F:15
c00490 sta $035b     [00035b] A:37c6 X:37c0 Y:0002 S:01e3 D:0000 DB:00 nvmxdizc V:157 H:1282 F:15
c00493 sep #$30               A:37c6 X:37c0 Y:0002 S:01e3 D:0000 DB:00 nvmxdizc V:157 H:1316 F:15
c00495 plx                    A:37c6 X:00c0 Y:0002 S:01e3 D:0000 DB:00 nvMXdizc V:157 H:1334 F:15
c00496 rtl                    A:37c6 X:0012 Y:0002 S:01e4 D:0000 DB:00 nvMXdizc V:157 H:1360 F:15
c0014c ldx $1d34     [001d34] A:37c6 X:0012 Y:0002 S:01e7 D:0000 DB:00 nvMXdizc V:158 H:  38 F:15
c0014f jsl $c01ccc   [c01ccc] A:37c6 X:0008 Y:0002 S:01e7 D:0000 DB:00 nvMXdizc V:158 H:  64 F:15
c01ccc phx                    A:37c6 X:0008 Y:0002 S:01e4 D:0000 DB:00 nvMXdizc V:158 H: 118 F:15
c01ccd ldx $64       [000064] A:37c6 X:0008 Y:0002 S:01e3 D:0000 DB:00 nvMXdizc V:158 H: 138 F:15
c01ccf jsr ($1ce5,x) [c01ce5] A:37c6 X:0000 Y:0002 S:01e3 D:0000 DB:00 nvMXdiZc V:158 H: 158 F:15
c01cf5 lda [$60]     [d1b21a] A:37c6 X:0000 Y:0002 S:01e1 D:0000 DB:00 nvMXdiZc V:158 H: 210 F:15
c01cf7 inc $60       [000060] A:3761 X:0000 Y:0002 S:01e1 D:0000 DB:00 nvMXdizc V:158 H: 252 F:15
c01cf9 bne $1d01     [c01d01] A:3761 X:0000 Y:0002 S:01e1 D:0000 DB:00 nvMXdizc V:158 H: 286 F:15
c01d01 rts                    A:3761 X:0000 Y:0002 S:01e1 D:0000 DB:00 nvMXdizc V:158 H: 304 F:15
c01cd2 ldx $66       [000066] A:3761 X:0000 Y:0002 S:01e3 D:0000 DB:00 nvMXdizc V:158 H: 344 F:15
c01cd4 sta $0200,x   [000200] A:3761 X:0000 Y:0002 S:01e3 D:0000 DB:00 nvMXdiZc V:158 H: 364 F:15
c01cd7 inc $66       [000066] A:3761 X:0000 Y:0002 S:01e3 D:0000 DB:00 nvMXdiZc V:158 H: 396 F:15
c01cd9 dec $65       [000065] A:3761 X:0000 Y:0002 S:01e3 D:0000 DB:00 nvMXdizc V:158 H: 430 F:15
c01cdb bne $1ce0     [c01ce0] A:3761 X:0000 Y:0002 S:01e3 D:0000 DB:00 nvMXdizc V:158 H: 464 F:15
c01ce0 lda $0200,x   [000200] A:3761 X:0000 Y:0002 S:01e3 D:0000 DB:00 nvMXdizc V:158 H: 482 F:15
c01ce3 plx                    A:3761 X:0000 Y:0002 S:01e3 D:0000 DB:00 nvMXdizc V:158 H: 508 F:15
c01ce4 rtl                    A:3761 X:0008 Y:0002 S:01e4 D:0000 DB:00 nvMXdizc V:158 H: 574 F:15
c00153 sta $a5       [0000a5] A:3761 X:0008 Y:0002 S:01e7 D:0000 DB:00 nvMXdizc V:158 H: 616 F:15
c00155 jsl $c01ccc   [c01ccc] A:3761 X:0008 Y:0002 S:01e7 D:0000 DB:00 nvMXdizc V:158 H: 636 F:15
c01ccc phx                    A:3761 X:0008 Y:0002 S:01e4 D:0000 DB:00 nvMXdizc V:158 H: 690 F:15
c01ccd ldx $64       [000064] A:3761 X:0008 Y:0002 S:01e3 D:0000 DB:00 nvMXdizc V:158 H: 710 F:15
c01ccf jsr ($1ce5,x) [c01ce5] A:3761 X:0000 Y:0002 S:01e3 D:0000 DB:00 nvMXdiZc V:158 H: 730 F:15
c01cf5 lda [$60]     [d1b21b] A:3761 X:0000 Y:0002 S:01e1 D:0000 DB:00 nvMXdiZc V:158 H: 782 F:15
c01cf7 inc $60       [000060] A:3762 X:0000 Y:0002 S:01e1 D:0000 DB:00 nvMXdizc V:158 H: 824 F:15
c01cf9 bne $1d01     [c01d01] A:3762 X:0000 Y:0002 S:01e1 D:0000 DB:00 nvMXdizc V:158 H: 858 F:15
c01d01 rts                    A:3762 X:0000 Y:0002 S:01e1 D:0000 DB:00 nvMXdizc V:158 H: 876 F:15
c01cd2 ldx $66       [000066] A:3762 X:0000 Y:0002 S:01e3 D:0000 DB:00 nvMXdizc V:158 H: 916 F:15
c01cd4 sta $0200,x   [000201] A:3762 X:0001 Y:0002 S:01e3 D:0000 DB:00 nvMXdizc V:158 H: 936 F:15
c01cd7 inc $66       [000066] A:3762 X:0001 Y:0002 S:01e3 D:0000 DB:00 nvMXdizc V:158 H: 968 F:15
c01cd9 dec $65       [000065] A:3762 X:0001 Y:0002 S:01e3 D:0000 DB:00 nvMXdizc V:158 H:1002 F:15
c01cdb bne $1ce0     [c01ce0] A:3762 X:0001 Y:0002 S:01e3 D:0000 DB:00 nvMXdizc V:158 H:1036 F:15
c01ce0 lda $0200,x   [000201] A:3762 X:0001 Y:0002 S:01e3 D:0000 DB:00 nvMXdizc V:158 H:1054 F:15
c01ce3 plx                    A:3762 X:0001 Y:0002 S:01e3 D:0000 DB:00 nvMXdizc V:158 H:1080 F:15
c01ce4 rtl                    A:3762 X:0008 Y:0002 S:01e4 D:0000 DB:00 nvMXdizc V:158 H:1106 F:15
c00159 sta $a6       [0000a6] A:3762 X:0008 Y:0002 S:01e7 D:0000 DB:00 nvMXdizc V:158 H:1148 F:15
c0015b jsl $c00497   [c00497] A:3762 X:0008 Y:0002 S:01e7 D:0000 DB:00 nvMXdizc V:158 H:1168 F:15
c00497 phx                    A:3762 X:0008 Y:0002 S:01e4 D:0000 DB:00 nvMXdizc V:158 H:1222 F:15
c00498 rep #$30               A:3762 X:0008 Y:0002 S:01e3 D:0000 DB:00 nvMXdizc V:158 H:1242 F:15
c0049a ldx $035b     [00035b] A:3762 X:0008 Y:0002 S:01e3 D:0000 DB:00 nvmxdizc V:158 H:1260 F:15
c0049d lda $a5       [0000a5] A:3762 X:37c6 Y:0002 S:01e3 D:0000 DB:00 nvmxdizc V:158 H:1294 F:15
c0049f sta $7e8000,x [7eb7c6] A:6261 X:37c6 Y:0002 S:01e3 D:0000 DB:00 nvmxdizc V:158 H:1322 F:15
c004a3 inx                    A:6261 X:37c6 Y:0002 S:01e3 D:0000 DB:00 nvmxdizc V:158 H:1362 F:15
c004a4 inx                    A:6261 X:37c7 Y:0002 S:01e3 D:0000 DB:00 nvmxdizc V:159 H:  10 F:15
c004a5 stx $035b     [00035b] A:6261 X:37c8 Y:0002 S:01e3 D:0000 DB:00 nvmxdizc V:159 H:  22 F:15
c004a8 sep #$30               A:6261 X:37c8 Y:0002 S:01e3 D:0000 DB:00 nvmxdizc V:159 H:  56 F:15
c004aa plx                    A:6261 X:00c8 Y:0002 S:01e3 D:0000 DB:00 nvMXdizc V:159 H:  74 F:15
c004ab rtl                    A:6261 X:0008 Y:0002 S:01e4 D:0000 DB:00 nvMXdizc V:159 H: 100 F:15
c0015f dex                    A:6261 X:0008 Y:0002 S:01e7 D:0000 DB:00 nvMXdizc V:159 H: 142 F:15
c00160 dex                    A:6261 X:0007 Y:0002 S:01e7 D:0000 DB:00 nvMXdizc V:159 H: 154 F:15
c00161 bne $014f     [c0014f] A:6261 X:0006 Y:0002 S:01e7 D:0000 DB:00 nvMXdizc V:159 H: 166 F:15
c0014f jsl $c01ccc   [c01ccc] A:6261 X:0006 Y:0002 S:01e7 D:0000 DB:00 nvMXdizc V:159 H: 184 F:15
c01ccc phx                    A:6261 X:0006 Y:0002 S:01e4 D:0000 DB:00 nvMXdizc V:159 H: 238 F:15
c01ccd ldx $64       [000064] A:6261 X:0006 Y:0002 S:01e3 D:0000 DB:00 nvMXdizc V:159 H: 258 F:15
c01ccf jsr ($1ce5,x) [c01ce5] A:6261 X:0000 Y:0002 S:01e3 D:0000 DB:00 nvMXdiZc V:159 H: 278 F:15
c01cf5 lda [$60]     [d1b21c] A:6261 X:0000 Y:0002 S:01e1 D:0000 DB:00 nvMXdiZc V:159 H: 330 F:15
c01cf7 inc $60       [000060] A:6279 X:0000 Y:0002 S:01e1 D:0000 DB:00 nvMXdizc V:159 H: 372 F:15
c01cf9 bne $1d01     [c01d01] A:6279 X:0000 Y:0002 S:01e1 D:0000 DB:00 nvMXdizc V:159 H: 406 F:15
c01d01 rts                    A:6279 X:0000 Y:0002 S:01e1 D:0000 DB:00 nvMXdizc V:159 H: 424 F:15
c01cd2 ldx $66       [000066] A:6279 X:0000 Y:0002 S:01e3 D:0000 DB:00 nvMXdizc V:159 H: 464 F:15
c01cd4 sta $0200,x   [000202] A:6279 X:0002 Y:0002 S:01e3 D:0000 DB:00 nvMXdizc V:159 H: 484 F:15
c01cd7 inc $66       [000066] A:6279 X:0002 Y:0002 S:01e3 D:0000 DB:00 nvMXdizc V:159 H: 516 F:15
c01cd9 dec $65       [000065] A:6279 X:0002 Y:0002 S:01e3 D:0000 DB:00 nvMXdizc V:159 H: 590 F:15
c01cdb bne $1ce0     [c01ce0] A:6279 X:0002 Y:0002 S:01e3 D:0000 DB:00 nvMXdizc V:159 H: 624 F:15
c01ce0 lda $0200,x   [000202] A:6279 X:0002 Y:0002 S:01e3 D:0000 DB:00 nvMXdizc V:159 H: 642 F:15
c01ce3 plx                    A:6279 X:0002 Y:0002 S:01e3 D:0000 DB:00 nvMXdizc V:159 H: 668 F:15
c01ce4 rtl                    A:6279 X:0006 Y:0002 S:01e4 D:0000 DB:00 nvMXdizc V:159 H: 694 F:15
c00153 sta $a5       [0000a5] A:6279 X:0006 Y:0002 S:01e7 D:0000 DB:00 nvMXdizc V:159 H: 736 F:15
c00155 jsl $c01ccc   [c01ccc] A:6279 X:0006 Y:0002 S:01e7 D:0000 DB:00 nvMXdizc V:159 H: 756 F:15
c01ccc phx                    A:6279 X:0006 Y:0002 S:01e4 D:0000 DB:00 nvMXdizc V:159 H: 810 F:15
c01ccd ldx $64       [000064] A:6279 X:0006 Y:0002 S:01e3 D:0000 DB:00 nvMXdizc V:159 H: 830 F:15
c01ccf jsr ($1ce5,x) [c01ce5] A:6279 X:0000 Y:0002 S:01e3 D:0000 DB:00 nvMXdiZc V:159 H: 850 F:15
c01cf5 lda [$60]     [d1b21d] A:6279 X:0000 Y:0002 S:01e1 D:0000 DB:00 nvMXdiZc V:159 H: 902 F:15
c01cf7 inc $60       [000060] A:627a X:0000 Y:0002 S:01e1 D:0000 DB:00 nvMXdizc V:159 H: 944 F:15
c01cf9 bne $1d01     [c01d01] A:627a X:0000 Y:0002 S:01e1 D:0000 DB:00 nvMXdizc V:159 H: 978 F:15
c01d01 rts                    A:627a X:0000 Y:0002 S:01e1 D:0000 DB:00 nvMXdizc V:159 H: 996 F:15
c01cd2 ldx $66       [000066] A:627a X:0000 Y:0002 S:01e3 D:0000 DB:00 nvMXdizc V:159 H:1036 F:15
c01cd4 sta $0200,x   [000203] A:627a X:0003 Y:0002 S:01e3 D:0000 DB:00 nvMXdizc V:159 H:1056 F:15
c01cd7 inc $66       [000066] A:627a X:0003 Y:0002 S:01e3 D:0000 DB:00 nvMXdizc V:159 H:1088 F:15
c01cd9 dec $65       [000065] A:627a X:0003 Y:0002 S:01e3 D:0000 DB:00 nvMXdizc V:159 H:1122 F:15
c01cdb bne $1ce0     [c01ce0] A:627a X:0003 Y:0002 S:01e3 D:0000 DB:00 nvMXdizc V:159 H:1156 F:15
c01ce0 lda $0200,x   [000203] A:627a X:0003 Y:0002 S:01e3 D:0000 DB:00 nvMXdizc V:159 H:1174 F:15
c01ce3 plx                    A:627a X:0003 Y:0002 S:01e3 D:0000 DB:00 nvMXdizc V:159 H:1200 F:15
c01ce4 rtl                    A:627a X:0006 Y:0002 S:01e4 D:0000 DB:00 nvMXdizc V:159 H:1226 F:15
c00159 sta $a6       [0000a6] A:627a X:0006 Y:0002 S:01e7 D:0000 DB:00 nvMXdizc V:159 H:1268 F:15
c0015b jsl $c00497   [c00497] A:627a X:0006 Y:0002 S:01e7 D:0000 DB:00 nvMXdizc V:159 H:1288 F:15
c00497 phx                    A:627a X:0006 Y:0002 S:01e4 D:0000 DB:00 nvMXdizc V:159 H:1342 F:15
c00498 rep #$30               A:627a X:0006 Y:0002 S:01e3 D:0000 DB:00 nvMXdizc V:159 H:1362 F:15
c0049a ldx $035b     [00035b] A:627a X:0006 Y:0002 S:01e3 D:0000 DB:00 nvmxdizc V:160 H:  16 F:15
c0049d lda $a5       [0000a5] A:627a X:37c8 Y:0002 S:01e3 D:0000 DB:00 nvmxdizc V:160 H:  50 F:15
c0049f sta $7e8000,x [7eb7c8] A:7a79 X:37c8 Y:0002 S:01e3 D:0000 DB:00 nvmxdizc V:160 H:  78 F:15
c004a3 inx                    A:7a79 X:37c8 Y:0002 S:01e3 D:0000 DB:00 nvmxdizc V:160 H: 118 F:15
c004a4 inx                    A:7a79 X:37c9 Y:0002 S:01e3 D:0000 DB:00 nvmxdizc V:160 H: 130 F:15
c004a5 stx $035b     [00035b] A:7a79 X:37ca Y:0002 S:01e3 D:0000 DB:00 nvmxdizc V:160 H: 142 F:15
c004a8 sep #$30               A:7a79 X:37ca Y:0002 S:01e3 D:0000 DB:00 nvmxdizc V:160 H: 176 F:15
c004aa plx                    A:7a79 X:00ca Y:0002 S:01e3 D:0000 DB:00 nvMXdizc V:160 H: 194 F:15
c004ab rtl                    A:7a79 X:0006 Y:0002 S:01e4 D:0000 DB:00 nvMXdizc V:160 H: 220 F:15
c0015f dex                    A:7a79 X:0006 Y:0002 S:01e7 D:0000 DB:00 nvMXdizc V:160 H: 262 F:15
c00160 dex                    A:7a79 X:0005 Y:0002 S:01e7 D:0000 DB:00 nvMXdizc V:160 H: 274 F:15
c00161 bne $014f     [c0014f] A:7a79 X:0004 Y:0002 S:01e7 D:0000 DB:00 nvMXdizc V:160 H: 286 F:15
c0014f jsl $c01ccc   [c01ccc] A:7a79 X:0004 Y:0002 S:01e7 D:0000 DB:00 nvMXdizc V:160 H: 304 F:15
c01ccc phx                    A:7a79 X:0004 Y:0002 S:01e4 D:0000 DB:00 nvMXdizc V:160 H: 358 F:15
c01ccd ldx $64       [000064] A:7a79 X:0004 Y:0002 S:01e3 D:0000 DB:00 nvMXdizc V:160 H: 378 F:15
c01ccf jsr ($1ce5,x) [c01ce5] A:7a79 X:0000 Y:0002 S:01e3 D:0000 DB:00 nvMXdiZc V:160 H: 398 F:15
c01cf5 lda [$60]     [d1b21e] A:7a79 X:0000 Y:0002 S:01e1 D:0000 DB:00 nvMXdiZc V:160 H: 450 F:15
c01cf7 inc $60       [000060] A:7aa1 X:0000 Y:0002 S:01e1 D:0000 DB:00 NvMXdizc V:160 H: 492 F:15
c01cf9 bne $1d01     [c01d01] A:7aa1 X:0000 Y:0002 S:01e1 D:0000 DB:00 nvMXdizc V:160 H: 526 F:15
c01d01 rts                    A:7aa1 X:0000 Y:0002 S:01e1 D:0000 DB:00 nvMXdizc V:160 H: 584 F:15
c01cd2 ldx $66       [000066] A:7aa1 X:0000 Y:0002 S:01e3 D:0000 DB:00 nvMXdizc V:160 H: 624 F:15
c01cd4 sta $0200,x   [000204] A:7aa1 X:0004 Y:0002 S:01e3 D:0000 DB:00 nvMXdizc V:160 H: 644 F:15
c01cd7 inc $66       [000066] A:7aa1 X:0004 Y:0002 S:01e3 D:0000 DB:00 nvMXdizc V:160 H: 676 F:15
c01cd9 dec $65       [000065] A:7aa1 X:0004 Y:0002 S:01e3 D:0000 DB:00 nvMXdizc V:160 H: 710 F:15
c01cdb bne $1ce0     [c01ce0] A:7aa1 X:0004 Y:0002 S:01e3 D:0000 DB:00 nvMXdizc V:160 H: 744 F:15
c01ce0 lda $0200,x   [000204] A:7aa1 X:0004 Y:0002 S:01e3 D:0000 DB:00 nvMXdizc V:160 H: 762 F:15
c01ce3 plx                    A:7aa1 X:0004 Y:0002 S:01e3 D:0000 DB:00 NvMXdizc V:160 H: 788 F:15
c01ce4 rtl                    A:7aa1 X:0004 Y:0002 S:01e4 D:0000 DB:00 nvMXdizc V:160 H: 814 F:15
c00153 sta $a5       [0000a5] A:7aa1 X:0004 Y:0002 S:01e7 D:0000 DB:00 nvMXdizc V:160 H: 856 F:15
c00155 jsl $c01ccc   [c01ccc] A:7aa1 X:0004 Y:0002 S:01e7 D:0000 DB:00 nvMXdizc V:160 H: 876 F:15
c01ccc phx                    A:7aa1 X:0004 Y:0002 S:01e4 D:0000 DB:00 nvMXdizc V:160 H: 930 F:15
c01ccd ldx $64       [000064] A:7aa1 X:0004 Y:0002 S:01e3 D:0000 DB:00 nvMXdizc V:160 H: 950 F:15
c01ccf jsr ($1ce5,x) [c01ce5] A:7aa1 X:0000 Y:0002 S:01e3 D:0000 DB:00 nvMXdiZc V:160 H: 970 F:15
c01cf5 lda [$60]     [d1b21f] A:7aa1 X:0000 Y:0002 S:01e1 D:0000 DB:00 nvMXdiZc V:160 H:1022 F:15
c01cf7 inc $60       [000060] A:7aa2 X:0000 Y:0002 S:01e1 D:0000 DB:00 NvMXdizc V:160 H:1064 F:15
c01cf9 bne $1d01     [c01d01] A:7aa2 X:0000 Y:0002 S:01e1 D:0000 DB:00 nvMXdizc V:160 H:1098 F:15
c01d01 rts                    A:7aa2 X:0000 Y:0002 S:01e1 D:0000 DB:00 nvMXdizc V:160 H:1116 F:15
c01cd2 ldx $66       [000066] A:7aa2 X:0000 Y:0002 S:01e3 D:0000 DB:00 nvMXdizc V:160 H:1156 F:15
c01cd4 sta $0200,x   [000205] A:7aa2 X:0005 Y:0002 S:01e3 D:0000 DB:00 nvMXdizc V:160 H:1176 F:15
c01cd7 inc $66       [000066] A:7aa2 X:0005 Y:0002 S:01e3 D:0000 DB:00 nvMXdizc V:160 H:1208 F:15
c01cd9 dec $65       [000065] A:7aa2 X:0005 Y:0002 S:01e3 D:0000 DB:00 nvMXdizc V:160 H:1242 F:15
c01cdb bne $1ce0     [c01ce0] A:7aa2 X:0005 Y:0002 S:01e3 D:0000 DB:00 nvMXdizc V:160 H:1276 F:15
c01ce0 lda $0200,x   [000205] A:7aa2 X:0005 Y:0002 S:01e3 D:0000 DB:00 nvMXdizc V:160 H:1294 F:15
c01ce3 plx                    A:7aa2 X:0005 Y:0002 S:01e3 D:0000 DB:00 NvMXdizc V:160 H:1320 F:15
c01ce4 rtl                    A:7aa2 X:0004 Y:0002 S:01e4 D:0000 DB:00 nvMXdizc V:160 H:1346 F:15
c00159 sta $a6       [0000a6] A:7aa2 X:0004 Y:0002 S:01e7 D:0000 DB:00 nvMXdizc V:161 H:  24 F:15
c0015b jsl $c00497   [c00497] A:7aa2 X:0004 Y:0002 S:01e7 D:0000 DB:00 nvMXdizc V:161 H:  44 F:15
c00497 phx                    A:7aa2 X:0004 Y:0002 S:01e4 D:0000 DB:00 nvMXdizc V:161 H:  98 F:15
c00498 rep #$30               A:7aa2 X:0004 Y:0002 S:01e3 D:0000 DB:00 nvMXdizc V:161 H: 118 F:15
c0049a ldx $035b     [00035b] A:7aa2 X:0004 Y:0002 S:01e3 D:0000 DB:00 nvmxdizc V:161 H: 136 F:15
c0049d lda $a5       [0000a5] A:7aa2 X:37ca Y:0002 S:01e3 D:0000 DB:00 nvmxdizc V:161 H: 170 F:15
c0049f sta $7e8000,x [7eb7ca] A:a2a1 X:37ca Y:0002 S:01e3 D:0000 DB:00 Nvmxdizc V:161 H: 198 F:15
c004a3 inx                    A:a2a1 X:37ca Y:0002 S:01e3 D:0000 DB:00 Nvmxdizc V:161 H: 238 F:15
c004a4 inx                    A:a2a1 X:37cb Y:0002 S:01e3 D:0000 DB:00 nvmxdizc V:161 H: 250 F:15
c004a5 stx $035b     [00035b] A:a2a1 X:37cc Y:0002 S:01e3 D:0000 DB:00 nvmxdizc V:161 H: 262 F:15
c004a8 sep #$30               A:a2a1 X:37cc Y:0002 S:01e3 D:0000 DB:00 nvmxdizc V:161 H: 296 F:15
c004aa plx                    A:a2a1 X:00cc Y:0002 S:01e3 D:0000 DB:00 nvMXdizc V:161 H: 314 F:15
c004ab rtl                    A:a2a1 X:0004 Y:0002 S:01e4 D:0000 DB:00 nvMXdizc V:161 H: 340 F:15
c0015f dex                    A:a2a1 X:0004 Y:0002 S:01e7 D:0000 DB:00 nvMXdizc V:161 H: 382 F:15
c00160 dex                    A:a2a1 X:0003 Y:0002 S:01e7 D:0000 DB:00 nvMXdizc V:161 H: 394 F:15
c00161 bne $014f     [c0014f] A:a2a1 X:0002 Y:0002 S:01e7 D:0000 DB:00 nvMXdizc V:161 H: 406 F:15
c0014f jsl $c01ccc   [c01ccc] A:a2a1 X:0002 Y:0002 S:01e7 D:0000 DB:00 nvMXdizc V:161 H: 424 F:15
c01ccc phx                    A:a2a1 X:0002 Y:0002 S:01e4 D:0000 DB:00 nvMXdizc V:161 H: 478 F:15
c01ccd ldx $64       [000064] A:a2a1 X:0002 Y:0002 S:01e3 D:0000 DB:00 nvMXdizc V:161 H: 498 F:15
c01ccf jsr ($1ce5,x) [c01ce5] A:a2a1 X:0000 Y:0002 S:01e3 D:0000 DB:00 nvMXdiZc V:161 H: 518 F:15
c01cf5 lda [$60]     [d1b220] A:a2a1 X:0000 Y:0002 S:01e1 D:0000 DB:00 nvMXdiZc V:161 H: 610 F:15
c01cf7 inc $60       [000060] A:a251 X:0000 Y:0002 S:01e1 D:0000 DB:00 nvMXdizc V:161 H: 652 F:15
c01cf9 bne $1d01     [c01d01] A:a251 X:0000 Y:0002 S:01e1 D:0000 DB:00 nvMXdizc V:161 H: 686 F:15
c01d01 rts                    A:a251 X:0000 Y:0002 S:01e1 D:0000 DB:00 nvMXdizc V:161 H: 704 F:15
c01cd2 ldx $66       [000066] A:a251 X:0000 Y:0002 S:01e3 D:0000 DB:00 nvMXdizc V:161 H: 744 F:15
c01cd4 sta $0200,x   [000206] A:a251 X:0006 Y:0002 S:01e3 D:0000 DB:00 nvMXdizc V:161 H: 764 F:15
c01cd7 inc $66       [000066] A:a251 X:0006 Y:0002 S:01e3 D:0000 DB:00 nvMXdizc V:161 H: 796 F:15
c01cd9 dec $65       [000065] A:a251 X:0006 Y:0002 S:01e3 D:0000 DB:00 nvMXdizc V:161 H: 830 F:15
c01cdb bne $1ce0     [c01ce0] A:a251 X:0006 Y:0002 S:01e3 D:0000 DB:00 nvMXdizc V:161 H: 864 F:15
c01ce0 lda $0200,x   [000206] A:a251 X:0006 Y:0002 S:01e3 D:0000 DB:00 nvMXdizc V:161 H: 882 F:15
c01ce3 plx                    A:a251 X:0006 Y:0002 S:01e3 D:0000 DB:00 nvMXdizc V:161 H: 908 F:15
c01ce4 rtl                    A:a251 X:0002 Y:0002 S:01e4 D:0000 DB:00 nvMXdizc V:161 H: 934 F:15
c00153 sta $a5       [0000a5] A:a251 X:0002 Y:0002 S:01e7 D:0000 DB:00 nvMXdizc V:161 H: 976 F:15
c00155 jsl $c01ccc   [c01ccc] A:a251 X:0002 Y:0002 S:01e7 D:0000 DB:00 nvMXdizc V:161 H: 996 F:15
c01ccc phx                    A:a251 X:0002 Y:0002 S:01e4 D:0000 DB:00 nvMXdizc V:161 H:1050 F:15
c01ccd ldx $64       [000064] A:a251 X:0002 Y:0002 S:01e3 D:0000 DB:00 nvMXdizc V:161 H:1070 F:15
c01ccf jsr ($1ce5,x) [c01ce5] A:a251 X:0000 Y:0002 S:01e3 D:0000 DB:00 nvMXdiZc V:161 H:1090 F:15
c01cf5 lda [$60]     [d1b221] A:a251 X:0000 Y:0002 S:01e1 D:0000 DB:00 nvMXdiZc V:161 H:1142 F:15
c01cf7 inc $60       [000060] A:a252 X:0000 Y:0002 S:01e1 D:0000 DB:00 nvMXdizc V:161 H:1184 F:15
c01cf9 bne $1d01     [c01d01] A:a252 X:0000 Y:0002 S:01e1 D:0000 DB:00 nvMXdizc V:161 H:1218 F:15
c01d01 rts                    A:a252 X:0000 Y:0002 S:01e1 D:0000 DB:00 nvMXdizc V:161 H:1236 F:15
c01cd2 ldx $66       [000066] A:a252 X:0000 Y:0002 S:01e3 D:0000 DB:00 nvMXdizc V:161 H:1276 F:15
c01cd4 sta $0200,x   [000207] A:a252 X:0007 Y:0002 S:01e3 D:0000 DB:00 nvMXdizc V:161 H:1296 F:15
c01cd7 inc $66       [000066] A:a252 X:0007 Y:0002 S:01e3 D:0000 DB:00 nvMXdizc V:161 H:1328 F:15
c01cd9 dec $65       [000065] A:a252 X:0007 Y:0002 S:01e3 D:0000 DB:00 nvMXdizc V:161 H:1362 F:15
c01cdb bne $1ce0     [c01ce0] A:a252 X:0007 Y:0002 S:01e3 D:0000 DB:00 nvMXdizc V:162 H:  32 F:15
c01ce0 lda $0200,x   [000207] A:a252 X:0007 Y:0002 S:01e3 D:0000 DB:00 nvMXdizc V:162 H:  50 F:15
c01ce3 plx                    A:a252 X:0007 Y:0002 S:01e3 D:0000 DB:00 nvMXdizc V:162 H:  76 F:15
c01ce4 rtl                    A:a252 X:0002 Y:0002 S:01e4 D:0000 DB:00 nvMXdizc V:162 H: 102 F:15
c00159 sta $a6       [0000a6] A:a252 X:0002 Y:0002 S:01e7 D:0000 DB:00 nvMXdizc V:162 H: 144 F:15
c0015b jsl $c00497   [c00497] A:a252 X:0002 Y:0002 S:01e7 D:0000 DB:00 nvMXdizc V:162 H: 164 F:15
c00497 phx                    A:a252 X:0002 Y:0002 S:01e4 D:0000 DB:00 nvMXdizc V:162 H: 218 F:15
c00498 rep #$30               A:a252 X:0002 Y:0002 S:01e3 D:0000 DB:00 nvMXdizc V:162 H: 238 F:15
c0049a ldx $035b     [00035b] A:a252 X:0002 Y:0002 S:01e3 D:0000 DB:00 nvmxdizc V:162 H: 256 F:15
c0049d lda $a5       [0000a5] A:a252 X:37cc Y:0002 S:01e3 D:0000 DB:00 nvmxdizc V:162 H: 290 F:15
c0049f sta $7e8000,x [7eb7cc] A:5251 X:37cc Y:0002 S:01e3 D:0000 DB:00 nvmxdizc V:162 H: 318 F:15
c004a3 inx                    A:5251 X:37cc Y:0002 S:01e3 D:0000 DB:00 nvmxdizc V:162 H: 358 F:15
c004a4 inx                    A:5251 X:37cd Y:0002 S:01e3 D:0000 DB:00 nvmxdizc V:162 H: 370 F:15
c004a5 stx $035b     [00035b] A:5251 X:37ce Y:0002 S:01e3 D:0000 DB:00 nvmxdizc V:162 H: 382 F:15
c004a8 sep #$30               A:5251 X:37ce Y:0002 S:01e3 D:0000 DB:00 nvmxdizc V:162 H: 416 F:15
c004aa plx                    A:5251 X:00ce Y:0002 S:01e3 D:0000 DB:00 nvMXdizc V:162 H: 434 F:15
c004ab rtl                    A:5251 X:0002 Y:0002 S:01e4 D:0000 DB:00 nvMXdizc V:162 H: 460 F:15
c0015f dex                    A:5251 X:0002 Y:0002 S:01e7 D:0000 DB:00 nvMXdizc V:162 H: 502 F:15
c00160 dex                    A:5251 X:0001 Y:0002 S:01e7 D:0000 DB:00 nvMXdizc V:162 H: 514 F:15
c00161 bne $014f     [c0014f] A:5251 X:0000 Y:0002 S:01e7 D:0000 DB:00 nvMXdiZc V:162 H: 526 F:15
c00163 jsl $c004ac   [c004ac] A:5251 X:0000 Y:0002 S:01e7 D:0000 DB:00 nvMXdiZc V:162 H: 578 F:15
c004ac phx                    A:5251 X:0000 Y:0002 S:01e4 D:0000 DB:00 nvMXdiZc V:162 H: 632 F:15
c004ad rep #$30               A:5251 X:0000 Y:0002 S:01e3 D:0000 DB:00 nvMXdiZc V:162 H: 652 F:15
c004af ldx $0357     [000357] A:5251 X:0000 Y:0002 S:01e3 D:0000 DB:00 nvmxdiZc V:162 H: 670 F:15
c004b2 lda $035b     [00035b] A:5251 X:37c0 Y:0002 S:01e3 D:0000 DB:00 nvmxdizc V:162 H: 704 F:15
c004b5 sec                    A:37ce X:37c0 Y:0002 S:01e3 D:0000 DB:00 nvmxdizc V:162 H: 738 F:15
c004b6 sbc $0357     [000357] A:37ce X:37c0 Y:0002 S:01e3 D:0000 DB:00 nvmxdizC V:162 H: 750 F:15
c004b9 sbc #$0006             A:000e X:37c0 Y:0002 S:01e3 D:0000 DB:00 nvmxdizC V:162 H: 784 F:15
c004bc sta $7e8002,x [7eb7c2] A:0008 X:37c0 Y:0002 S:01e3 D:0000 DB:00 nvmxdizC V:162 H: 802 F:15
c004c0 lda $035b     [00035b] A:0008 X:37c0 Y:0002 S:01e3 D:0000 DB:00 nvmxdizC V:162 H: 842 F:15
c004c3 and #$3fff             A:37ce X:37c0 Y:0002 S:01e3 D:0000 DB:00 nvmxdizC V:162 H: 876 F:15
c004c6 sta $0357     [000357] A:37ce X:37c0 Y:0002 S:01e3 D:0000 DB:00 nvmxdizC V:162 H: 894 F:15
c004c9 sep #$30               A:37ce X:37c0 Y:0002 S:01e3 D:0000 DB:00 nvmxdizC V:162 H: 928 F:15
c004cb plx                    A:37ce X:00c0 Y:0002 S:01e3 D:0000 DB:00 nvMXdizC V:162 H: 946 F:15
c004cc rtl                    A:37ce X:0000 Y:0002 S:01e4 D:0000 DB:00 nvMXdiZC V:162 H: 972 F:15
c00167 inc $1d2a     [001d2a] A:37ce X:0000 Y:0002 S:01e7 D:0000 DB:00 nvMXdiZC V:162 H:1014 F:15
c0016a dey                    A:37ce X:0000 Y:0002 S:01e7 D:0000 DB:00 nvMXdizC V:162 H:1054 F:15
c0016b bne $013c     [c0013c] A:37ce X:0000 Y:0001 S:01e7 D:0000 DB:00 nvMXdizC V:162 H:1066 F:15
c0013c jsl $c008e0   [c008e0] A:37ce X:0000 Y:0001 S:01e7 D:0000 DB:00 nvMXdizC V:162 H:1084 F:15
c008e0 lda $1d28     [001d28] A:37ce X:0000 Y:0001 S:01e4 D:0000 DB:00 nvMXdizC V:162 H:1138 F:15
c008e3 sta $b1       [0000b1] A:3716 X:0000 Y:0001 S:01e4 D:0000 DB:00 nvMXdizC V:162 H:1164 F:15
c008e5 lda $1d2a     [001d2a] A:3716 X:0000 Y:0001 S:01e4 D:0000 DB:00 nvMXdizC V:162 H:1184 F:15
c008e8 sta $b3       [0000b3] A:3710 X:0000 Y:0001 S:01e4 D:0000 DB:00 nvMXdizC V:162 H:1210 F:15
c008ea jsr $0906     [c00906] A:3710 X:0000 Y:0001 S:01e4 D:0000 DB:00 nvMXdizC V:162 H:1230 F:15
c00906 phy                    A:3710 X:0000 Y:0001 S:01e2 D:0000 DB:00 nvMXdizC V:162 H:1270 F:15
c00907 lda $0372     [000372] A:3710 X:0000 Y:0001 S:01e1 D:0000 DB:00 nvMXdizC V:162 H:1290 F:15
c0090a beq $0915     [c00915] A:3700 X:0000 Y:0001 S:01e1 D:0000 DB:00 nvMXdiZC V:162 H:1316 F:15
c00915 sta $b5       [0000b5] A:3700 X:0000 Y:0001 S:01e1 D:0000 DB:00 nvMXdiZC V:162 H:1334 F:15
c00917 stz $b2       [0000b2] A:3700 X:0000 Y:0001 S:01e1 D:0000 DB:00 nvMXdiZC V:162 H:1354 F:15
c00919 stz $b4       [0000b4] A:3700 X:0000 Y:0001 S:01e1 D:0000 DB:00 nvMXdiZC V:163 H:  10 F:15
c0091b lda $b1       [0000b1] A:3700 X:0000 Y:0001 S:01e1 D:0000 DB:00 nvMXdiZC V:163 H:  30 F:15
c0091d clc                    A:3716 X:0000 Y:0001 S:01e1 D:0000 DB:00 nvMXdizC V:163 H:  50 F:15
c0091e adc $036c     [00036c] A:3716 X:0000 Y:0001 S:01e1 D:0000 DB:00 nvMXdizc V:163 H:  62 F:15
c00921 and #$7f               A:3716 X:0000 Y:0001 S:01e1 D:0000 DB:00 nvMXdizc V:163 H:  88 F:15
c00923 ldy $b5       [0000b5] A:3716 X:0000 Y:0001 S:01e1 D:0000 DB:00 nvMXdizc V:163 H: 100 F:15
c00925 bne $0929     [c00929] A:3716 X:0000 Y:0000 S:01e1 D:0000 DB:00 nvMXdiZc V:163 H: 120 F:15
c00927 and #$3f               A:3716 X:0000 Y:0000 S:01e1 D:0000 DB:00 nvMXdiZc V:163 H: 132 F:15
c00929 sta $b1       [0000b1] A:3716 X:0000 Y:0000 S:01e1 D:0000 DB:00 nvMXdizc V:163 H: 144 F:15
c0092b lda $b3       [0000b3] A:3716 X:0000 Y:0000 S:01e1 D:0000 DB:00 nvMXdizc V:163 H: 164 F:15
c0092d clc                    A:3710 X:0000 Y:0000 S:01e1 D:0000 DB:00 nvMXdizc V:163 H: 184 F:15
c0092e adc $036d     [00036d] A:3710 X:0000 Y:0000 S:01e1 D:0000 DB:00 nvMXdizc V:163 H: 196 F:15
c00931 and #$7f               A:3710 X:0000 Y:0000 S:01e1 D:0000 DB:00 nvMXdizc V:163 H: 222 F:15
c00933 ldy $b5       [0000b5] A:3710 X:0000 Y:0000 S:01e1 D:0000 DB:00 nvMXdizc V:163 H: 234 F:15
c00935 bne $0939     [c00939] A:3710 X:0000 Y:0000 S:01e1 D:0000 DB:00 nvMXdiZc V:163 H: 254 F:15
c00937 and #$1f               A:3710 X:0000 Y:0000 S:01e1 D:0000 DB:00 nvMXdiZc V:163 H: 266 F:15
c00939 sta $b3       [0000b3] A:3710 X:0000 Y:0000 S:01e1 D:0000 DB:00 nvMXdizc V:163 H: 278 F:15
c0093b rep #$20               A:3710 X:0000 Y:0000 S:01e1 D:0000 DB:00 nvMXdizc V:163 H: 298 F:15
c0093d ldy $b5       [0000b5] A:3710 X:0000 Y:0000 S:01e1 D:0000 DB:00 nvmXdizc V:163 H: 316 F:15
c0093f bne $0956     [c00956] A:3710 X:0000 Y:0000 S:01e1 D:0000 DB:00 nvmXdiZc V:163 H: 336 F:15
c00941 lda $b1       [0000b1] A:3710 X:0000 Y:0000 S:01e1 D:0000 DB:00 nvmXdiZc V:163 H: 348 F:15
c00943 and #$0020             A:0016 X:0000 Y:0000 S:01e1 D:0000 DB:00 nvmXdizc V:163 H: 376 F:15
c00946 asl a                  A:0000 X:0000 Y:0000 S:01e1 D:0000 DB:00 nvmXdiZc V:163 H: 394 F:15
c00947 asl a                  A:0000 X:0000 Y:0000 S:01e1 D:0000 DB:00 nvmXdiZc V:163 H: 406 F:15
c00948 asl a                  A:0000 X:0000 Y:0000 S:01e1 D:0000 DB:00 nvmXdiZc V:163 H: 418 F:15
c00949 asl a                  A:0000 X:0000 Y:0000 S:01e1 D:0000 DB:00 nvmXdiZc V:163 H: 430 F:15
c0094a asl a                  A:0000 X:0000 Y:0000 S:01e1 D:0000 DB:00 nvmXdiZc V:163 H: 442 F:15
c0094b sta $9f       [00009f] A:0000 X:0000 Y:0000 S:01e1 D:0000 DB:00 nvmXdiZc V:163 H: 454 F:15
c0094d lda $b1       [0000b1] A:0000 X:0000 Y:0000 S:01e1 D:0000 DB:00 nvmXdiZc V:163 H: 482 F:15
c0094f and #$001f             A:0016 X:0000 Y:0000 S:01e1 D:0000 DB:00 nvmXdizc V:163 H: 510 F:15
c00952 ora $9f       [00009f] A:0016 X:0000 Y:0000 S:01e1 D:0000 DB:00 nvmXdizc V:163 H: 528 F:15
c00954 sta $b1       [0000b1] A:0016 X:0000 Y:0000 S:01e1 D:0000 DB:00 nvmXdizc V:163 H: 596 F:15
c00956 lda $b3       [0000b3] A:0016 X:0000 Y:0000 S:01e1 D:0000 DB:00 nvmXdizc V:163 H: 624 F:15
c00958 asl a                  A:0010 X:0000 Y:0000 S:01e1 D:0000 DB:00 nvmXdizc V:163 H: 652 F:15
c00959 asl a                  A:0020 X:0000 Y:0000 S:01e1 D:0000 DB:00 nvmXdizc V:163 H: 664 F:15
c0095a asl a                  A:0040 X:0000 Y:0000 S:01e1 D:0000 DB:00 nvmXdizc V:163 H: 676 F:15
c0095b asl a                  A:0080 X:0000 Y:0000 S:01e1 D:0000 DB:00 nvmXdizc V:163 H: 688 F:15
c0095c asl a                  A:0100 X:0000 Y:0000 S:01e1 D:0000 DB:00 nvmXdizc V:163 H: 700 F:15
c0095d ldy $b5       [0000b5] A:0200 X:0000 Y:0000 S:01e1 D:0000 DB:00 nvmXdizc V:163 H: 712 F:15
c0095f beq $0963     [c00963] A:0200 X:0000 Y:0000 S:01e1 D:0000 DB:00 nvmXdiZc V:163 H: 732 F:15
c00963 ora $b1       [0000b1] A:0200 X:0000 Y:0000 S:01e1 D:0000 DB:00 nvmXdiZc V:163 H: 750 F:15
c00965 ldy $0372     [000372] A:0216 X:0000 Y:0000 S:01e1 D:0000 DB:00 nvmXdizc V:163 H: 778 F:15
c00968 bne $096e     [c0096e] A:0216 X:0000 Y:0000 S:01e1 D:0000 DB:00 nvmXdiZc V:163 H: 804 F:15
c0096a clc                    A:0216 X:0000 Y:0000 S:01e1 D:0000 DB:00 nvmXdiZc V:163 H: 816 F:15
c0096b adc $036f     [00036f] A:0216 X:0000 Y:0000 S:01e1 D:0000 DB:00 nvmXdiZc V:163 H: 828 F:15
c0096e sep #$20               A:3216 X:0000 Y:0000 S:01e1 D:0000 DB:00 nvmXdizc V:163 H: 862 F:15
c00970 ply                    A:3216 X:0000 Y:0000 S:01e1 D:0000 DB:00 nvMXdizc V:163 H: 880 F:15
c00971 rts                    A:3216 X:0000 Y:0001 S:01e2 D:0000 DB:00 nvMXdizc V:163 H: 906 F:15
c008ed sta $08       [000008] A:3216 X:0000 Y:0001 S:01e4 D:0000 DB:00 nvMXdizc V:163 H: 946 F:15
c008ef xba                    A:3216 X:0000 Y:0001 S:01e4 D:0000 DB:00 nvMXdizc V:163 H: 966 F:15
c008f0 sta $09       [000009] A:1632 X:0000 Y:0001 S:01e4 D:0000 DB:00 nvMXdizc V:163 H: 984 F:15
c008f2 rtl                    A:1632 X:0000 Y:0001 S:01e4 D:0000 DB:00 nvMXdizc V:163 H:1004 F:15
c00140 rep #$20               A:1632 X:0000 Y:0001 S:01e7 D:0000 DB:00 nvMXdizc V:163 H:1046 F:15
c00142 lda $08       [000008] A:1632 X:0000 Y:0001 S:01e7 D:0000 DB:00 nvmXdizc V:163 H:1064 F:15
c00144 sta $ae       [0000ae] A:3216 X:0000 Y:0001 S:01e7 D:0000 DB:00 nvmXdizc V:163 H:1092 F:15
c00146 sep #$20               A:3216 X:0000 Y:0001 S:01e7 D:0000 DB:00 nvmXdizc V:163 H:1120 F:15
c00148 jsl $c00478   [c00478] A:3216 X:0000 Y:0001 S:01e7 D:0000 DB:00 nvMXdizc V:163 H:1138 F:15
c00478 phx                    A:3216 X:0000 Y:0001 S:01e4 D:0000 DB:00 nvMXdizc V:163 H:1192 F:15
c00479 rep #$30               A:3216 X:0000 Y:0001 S:01e3 D:0000 DB:00 nvMXdizc V:163 H:1212 F:15
c0047b ldx $0357     [000357] A:3216 X:0000 Y:0001 S:01e3 D:0000 DB:00 nvmxdizc V:163 H:1230 F:15
c0047e lda $ae       [0000ae] A:3216 X:37ce Y:0001 S:01e3 D:0000 DB:00 nvmxdizc V:163 H:1264 F:15
c00480 sta $7e8004,x [7eb7d2] A:3216 X:37ce Y:0001 S:01e3 D:0000 DB:00 nvmxdizc V:163 H:1292 F:15
c00484 lda $0352     [000352] A:3216 X:37ce Y:0001 S:01e3 D:0000 DB:00 nvmxdizc V:163 H:1332 F:15
c00487 sta $7e8000,x [7eb7ce] A:0000 X:37ce Y:0001 S:01e3 D:0000 DB:00 nvmxdiZc V:164 H:   2 F:15
c0048b txa                    A:0000 X:37ce Y:0001 S:01e3 D:0000 DB:00 nvmxdiZc V:164 H:  42 F:15
c0048c clc                    A:37ce X:37ce Y:0001 S:01e3 D:0000 DB:00 nvmxdizc V:164 H:  54 F:15
c0048d adc #$0006             A:37ce X:37ce Y:0001 S:01e3 D:0000 DB:00 nvmxdizc V:164 H:  66 F:15
c00490 sta $035b     [00035b] A:37d4 X:37ce Y:0001 S:01e3 D:0000 DB:00 nvmxdizc V:164 H:  84 F:15
c00493 sep #$30               A:37d4 X:37ce Y:0001 S:01e3 D:0000 DB:00 nvmxdizc V:164 H: 118 F:15
c00495 plx                    A:37d4 X:00ce Y:0001 S:01e3 D:0000 DB:00 nvMXdizc V:164 H: 136 F:15
c00496 rtl                    A:37d4 X:0000 Y:0001 S:01e4 D:0000 DB:00 nvMXdiZc V:164 H: 162 F:15
c0014c ldx $1d34     [001d34] A:37d4 X:0000 Y:0001 S:01e7 D:0000 DB:00 nvMXdiZc V:164 H: 204 F:15
c0014f jsl $c01ccc   [c01ccc] A:37d4 X:0008 Y:0001 S:01e7 D:0000 DB:00 nvMXdizc V:164 H: 230 F:15
c01ccc phx                    A:37d4 X:0008 Y:0001 S:01e4 D:0000 DB:00 nvMXdizc V:164 H: 284 F:15
c01ccd ldx $64       [000064] A:37d4 X:0008 Y:0001 S:01e3 D:0000 DB:00 nvMXdizc V:164 H: 304 F:15
c01ccf jsr ($1ce5,x) [c01ce5] A:37d4 X:0000 Y:0001 S:01e3 D:0000 DB:00 nvMXdiZc V:164 H: 324 F:15
c01cf5 lda [$60]     [d1b222] A:37d4 X:0000 Y:0001 S:01e1 D:0000 DB:00 nvMXdiZc V:164 H: 376 F:15
c01cf7 inc $60       [000060] A:375f X:0000 Y:0001 S:01e1 D:0000 DB:00 nvMXdizc V:164 H: 418 F:15
c01cf9 bne $1d01     [c01d01] A:375f X:0000 Y:0001 S:01e1 D:0000 DB:00 nvMXdizc V:164 H: 452 F:15
c01d01 rts                    A:375f X:0000 Y:0001 S:01e1 D:0000 DB:00 nvMXdizc V:164 H: 470 F:15
c01cd2 ldx $66       [000066] A:375f X:0000 Y:0001 S:01e3 D:0000 DB:00 nvMXdizc V:164 H: 510 F:15
c01cd4 sta $0200,x   [000208] A:375f X:0008 Y:0001 S:01e3 D:0000 DB:00 nvMXdizc V:164 H: 530 F:15
c01cd7 inc $66       [000066] A:375f X:0008 Y:0001 S:01e3 D:0000 DB:00 nvMXdizc V:164 H: 602 F:15
c01cd9 dec $65       [000065] A:375f X:0008 Y:0001 S:01e3 D:0000 DB:00 nvMXdizc V:164 H: 636 F:15
c01cdb bne $1ce0     [c01ce0] A:375f X:0008 Y:0001 S:01e3 D:0000 DB:00 nvMXdizc V:164 H: 670 F:15
c01ce0 lda $0200,x   [000208] A:375f X:0008 Y:0001 S:01e3 D:0000 DB:00 nvMXdizc V:164 H: 688 F:15
c01ce3 plx                    A:375f X:0008 Y:0001 S:01e3 D:0000 DB:00 nvMXdizc V:164 H: 714 F:15
c01ce4 rtl                    A:375f X:0008 Y:0001 S:01e4 D:0000 DB:00 nvMXdizc V:164 H: 740 F:15
c00153 sta $a5       [0000a5] A:375f X:0008 Y:0001 S:01e7 D:0000 DB:00 nvMXdizc V:164 H: 782 F:15
c00155 jsl $c01ccc   [c01ccc] A:375f X:0008 Y:0001 S:01e7 D:0000 DB:00 nvMXdizc V:164 H: 802 F:15
c01ccc phx                    A:375f X:0008 Y:0001 S:01e4 D:0000 DB:00 nvMXdizc V:164 H: 856 F:15
c01ccd ldx $64       [000064] A:375f X:0008 Y:0001 S:01e3 D:0000 DB:00 nvMXdizc V:164 H: 876 F:15
c01ccf jsr ($1ce5,x) [c01ce5] A:375f X:0000 Y:0001 S:01e3 D:0000 DB:00 nvMXdiZc V:164 H: 896 F:15
c01cf5 lda [$60]     [d1b223] A:375f X:0000 Y:0001 S:01e1 D:0000 DB:00 nvMXdiZc V:164 H: 948 F:15
c01cf7 inc $60       [000060] A:3760 X:0000 Y:0001 S:01e1 D:0000 DB:00 nvMXdizc V:164 H: 990 F:15
c01cf9 bne $1d01     [c01d01] A:3760 X:0000 Y:0001 S:01e1 D:0000 DB:00 nvMXdizc V:164 H:1024 F:15
c01d01 rts                    A:3760 X:0000 Y:0001 S:01e1 D:0000 DB:00 nvMXdizc V:164 H:1042 F:15
c01cd2 ldx $66       [000066] A:3760 X:0000 Y:0001 S:01e3 D:0000 DB:00 nvMXdizc V:164 H:1082 F:15
c01cd4 sta $0200,x   [000209] A:3760 X:0009 Y:0001 S:01e3 D:0000 DB:00 nvMXdizc V:164 H:1102 F:15
c01cd7 inc $66       [000066] A:3760 X:0009 Y:0001 S:01e3 D:0000 DB:00 nvMXdizc V:164 H:1134 F:15
c01cd9 dec $65       [000065] A:3760 X:0009 Y:0001 S:01e3 D:0000 DB:00 nvMXdizc V:164 H:1168 F:15
c01cdb bne $1ce0     [c01ce0] A:3760 X:0009 Y:0001 S:01e3 D:0000 DB:00 nvMXdizc V:164 H:1202 F:15
c01ce0 lda $0200,x   [000209] A:3760 X:0009 Y:0001 S:01e3 D:0000 DB:00 nvMXdizc V:164 H:1220 F:15
c01ce3 plx                    A:3760 X:0009 Y:0001 S:01e3 D:0000 DB:00 nvMXdizc V:164 H:1246 F:15
c01ce4 rtl                    A:3760 X:0008 Y:0001 S:01e4 D:0000 DB:00 nvMXdizc V:164 H:1272 F:15
c00159 sta $a6       [0000a6] A:3760 X:0008 Y:0001 S:01e7 D:0000 DB:00 nvMXdizc V:164 H:1314 F:15
c0015b jsl $c00497   [c00497] A:3760 X:0008 Y:0001 S:01e7 D:0000 DB:00 nvMXdizc V:164 H:1334 F:15
c00497 phx                    A:3760 X:0008 Y:0001 S:01e4 D:0000 DB:00 nvMXdizc V:165 H:  24 F:15
c00498 rep #$30               A:3760 X:0008 Y:0001 S:01e3 D:0000 DB:00 nvMXdizc V:165 H:  44 F:15
c0049a ldx $035b     [00035b] A:3760 X:0008 Y:0001 S:01e3 D:0000 DB:00 nvmxdizc V:165 H:  62 F:15
c0049d lda $a5       [0000a5] A:3760 X:37d4 Y:0001 S:01e3 D:0000 DB:00 nvmxdizc V:165 H:  96 F:15
c0049f sta $7e8000,x [7eb7d4] A:605f X:37d4 Y:0001 S:01e3 D:0000 DB:00 nvmxdizc V:165 H: 124 F:15
c004a3 inx                    A:605f X:37d4 Y:0001 S:01e3 D:0000 DB:00 nvmxdizc V:165 H: 164 F:15
c004a4 inx                    A:605f X:37d5 Y:0001 S:01e3 D:0000 DB:00 nvmxdizc V:165 H: 176 F:15
c004a5 stx $035b     [00035b] A:605f X:37d6 Y:0001 S:01e3 D:0000 DB:00 nvmxdizc V:165 H: 188 F:15
c004a8 sep #$30               A:605f X:37d6 Y:0001 S:01e3 D:0000 DB:00 nvmxdizc V:165 H: 222 F:15
c004aa plx                    A:605f X:00d6 Y:0001 S:01e3 D:0000 DB:00 nvMXdizc V:165 H: 240 F:15
c004ab rtl                    A:605f X:0008 Y:0001 S:01e4 D:0000 DB:00 nvMXdizc V:165 H: 266 F:15
c0015f dex                    A:605f X:0008 Y:0001 S:01e7 D:0000 DB:00 nvMXdizc V:165 H: 308 F:15
c00160 dex                    A:605f X:0007 Y:0001 S:01e7 D:0000 DB:00 nvMXdizc V:165 H: 320 F:15
c00161 bne $014f     [c0014f] A:605f X:0006 Y:0001 S:01e7 D:0000 DB:00 nvMXdizc V:165 H: 332 F:15
c0014f jsl $c01ccc   [c01ccc] A:605f X:0006 Y:0001 S:01e7 D:0000 DB:00 nvMXdizc V:165 H: 350 F:15
c01ccc phx                    A:605f X:0006 Y:0001 S:01e4 D:0000 DB:00 nvMXdizc V:165 H: 404 F:15
c01ccd ldx $64       [000064] A:605f X:0006 Y:0001 S:01e3 D:0000 DB:00 nvMXdizc V:165 H: 424 F:15
c01ccf jsr ($1ce5,x) [c01ce5] A:605f X:0000 Y:0001 S:01e3 D:0000 DB:00 nvMXdiZc V:165 H: 444 F:15
c01cf5 lda [$60]     [d1b224] A:605f X:0000 Y:0001 S:01e1 D:0000 DB:00 nvMXdiZc V:165 H: 496 F:15
c01cf7 inc $60       [000060] A:6077 X:0000 Y:0001 S:01e1 D:0000 DB:00 nvMXdizc V:165 H: 578 F:15
c01cf9 bne $1d01     [c01d01] A:6077 X:0000 Y:0001 S:01e1 D:0000 DB:00 nvMXdizc V:165 H: 612 F:15
c01d01 rts                    A:6077 X:0000 Y:0001 S:01e1 D:0000 DB:00 nvMXdizc V:165 H: 630 F:15
c01cd2 ldx $66       [000066] A:6077 X:0000 Y:0001 S:01e3 D:0000 DB:00 nvMXdizc V:165 H: 670 F:15
c01cd4 sta $0200,x   [00020a] A:6077 X:000a Y:0001 S:01e3 D:0000 DB:00 nvMXdizc V:165 H: 690 F:15
c01cd7 inc $66       [000066] A:6077 X:000a Y:0001 S:01e3 D:0000 DB:00 nvMXdizc V:165 H: 722 F:15
c01cd9 dec $65       [000065] A:6077 X:000a Y:0001 S:01e3 D:0000 DB:00 nvMXdizc V:165 H: 756 F:15
c01cdb bne $1ce0     [c01ce0] A:6077 X:000a Y:0001 S:01e3 D:0000 DB:00 nvMXdizc V:165 H: 790 F:15
c01ce0 lda $0200,x   [00020a] A:6077 X:000a Y:0001 S:01e3 D:0000 DB:00 nvMXdizc V:165 H: 808 F:15
c01ce3 plx                    A:6077 X:000a Y:0001 S:01e3 D:0000 DB:00 nvMXdizc V:165 H: 834 F:15
c01ce4 rtl                    A:6077 X:0006 Y:0001 S:01e4 D:0000 DB:00 nvMXdizc V:165 H: 860 F:15
c00153 sta $a5       [0000a5] A:6077 X:0006 Y:0001 S:01e7 D:0000 DB:00 nvMXdizc V:165 H: 902 F:15
c00155 jsl $c01ccc   [c01ccc] A:6077 X:0006 Y:0001 S:01e7 D:0000 DB:00 nvMXdizc V:165 H: 922 F:15
c01ccc phx                    A:6077 X:0006 Y:0001 S:01e4 D:0000 DB:00 nvMXdizc V:165 H: 976 F:15
c01ccd ldx $64       [000064] A:6077 X:0006 Y:0001 S:01e3 D:0000 DB:00 nvMXdizc V:165 H: 996 F:15
c01ccf jsr ($1ce5,x) [c01ce5] A:6077 X:0000 Y:0001 S:01e3 D:0000 DB:00 nvMXdiZc V:165 H:1016 F:15
c01cf5 lda [$60]     [d1b225] A:6077 X:0000 Y:0001 S:01e1 D:0000 DB:00 nvMXdiZc V:165 H:1068 F:15
c01cf7 inc $60       [000060] A:6078 X:0000 Y:0001 S:01e1 D:0000 DB:00 nvMXdizc V:165 H:1110 F:15
c01cf9 bne $1d01     [c01d01] A:6078 X:0000 Y:0001 S:01e1 D:0000 DB:00 nvMXdizc V:165 H:1144 F:15
c01d01 rts                    A:6078 X:0000 Y:0001 S:01e1 D:0000 DB:00 nvMXdizc V:165 H:1162 F:15
c01cd2 ldx $66       [000066] A:6078 X:0000 Y:0001 S:01e3 D:0000 DB:00 nvMXdizc V:165 H:1202 F:15
c01cd4 sta $0200,x   [00020b] A:6078 X:000b Y:0001 S:01e3 D:0000 DB:00 nvMXdizc V:165 H:1222 F:15
c01cd7 inc $66       [000066] A:6078 X:000b Y:0001 S:01e3 D:0000 DB:00 nvMXdizc V:165 H:1254 F:15
c01cd9 dec $65       [000065] A:6078 X:000b Y:0001 S:01e3 D:0000 DB:00 nvMXdizc V:165 H:1288 F:15
c01cdb bne $1ce0     [c01ce0] A:6078 X:000b Y:0001 S:01e3 D:0000 DB:00 nvMXdizc V:165 H:1322 F:15
c01ce0 lda $0200,x   [00020b] A:6078 X:000b Y:0001 S:01e3 D:0000 DB:00 nvMXdizc V:165 H:1340 F:15
c01ce3 plx                    A:6078 X:000b Y:0001 S:01e3 D:0000 DB:00 nvMXdizc V:166 H:   2 F:15
c01ce4 rtl                    A:6078 X:0006 Y:0001 S:01e4 D:0000 DB:00 nvMXdizc V:166 H:  28 F:15
c00159 sta $a6       [0000a6] A:6078 X:0006 Y:0001 S:01e7 D:0000 DB:00 nvMXdizc V:166 H:  70 F:15
c0015b jsl $c00497   [c00497] A:6078 X:0006 Y:0001 S:01e7 D:0000 DB:00 nvMXdizc V:166 H:  90 F:15
c00497 phx                    A:6078 X:0006 Y:0001 S:01e4 D:0000 DB:00 nvMXdizc V:166 H: 144 F:15
c00498 rep #$30               A:6078 X:0006 Y:0001 S:01e3 D:0000 DB:00 nvMXdizc V:166 H: 164 F:15
c0049a ldx $035b     [00035b] A:6078 X:0006 Y:0001 S:01e3 D:0000 DB:00 nvmxdizc V:166 H: 182 F:15
c0049d lda $a5       [0000a5] A:6078 X:37d6 Y:0001 S:01e3 D:0000 DB:00 nvmxdizc V:166 H: 216 F:15
c0049f sta $7e8000,x [7eb7d6] A:7877 X:37d6 Y:0001 S:01e3 D:0000 DB:00 nvmxdizc V:166 H: 244 F:15
c004a3 inx                    A:7877 X:37d6 Y:0001 S:01e3 D:0000 DB:00 nvmxdizc V:166 H: 284 F:15
c004a4 inx                    A:7877 X:37d7 Y:0001 S:01e3 D:0000 DB:00 nvmxdizc V:166 H: 296 F:15
c004a5 stx $035b     [00035b] A:7877 X:37d8 Y:0001 S:01e3 D:0000 DB:00 nvmxdizc V:166 H: 308 F:15
c004a8 sep #$30               A:7877 X:37d8 Y:0001 S:01e3 D:0000 DB:00 nvmxdizc V:166 H: 342 F:15
c004aa plx                    A:7877 X:00d8 Y:0001 S:01e3 D:0000 DB:00 nvMXdizc V:166 H: 360 F:15
c004ab rtl                    A:7877 X:0006 Y:0001 S:01e4 D:0000 DB:00 nvMXdizc V:166 H: 386 F:15
c0015f dex                    A:7877 X:0006 Y:0001 S:01e7 D:0000 DB:00 nvMXdizc V:166 H: 428 F:15
c00160 dex                    A:7877 X:0005 Y:0001 S:01e7 D:0000 DB:00 nvMXdizc V:166 H: 440 F:15
c00161 bne $014f     [c0014f] A:7877 X:0004 Y:0001 S:01e7 D:0000 DB:00 nvMXdizc V:166 H: 452 F:15
c0014f jsl $c01ccc   [c01ccc] A:7877 X:0004 Y:0001 S:01e7 D:0000 DB:00 nvMXdizc V:166 H: 470 F:15
c01ccc phx                    A:7877 X:0004 Y:0001 S:01e4 D:0000 DB:00 nvMXdizc V:166 H: 524 F:15
c01ccd ldx $64       [000064] A:7877 X:0004 Y:0001 S:01e3 D:0000 DB:00 nvMXdizc V:166 H: 584 F:15
c01ccf jsr ($1ce5,x) [c01ce5] A:7877 X:0000 Y:0001 S:01e3 D:0000 DB:00 nvMXdiZc V:166 H: 604 F:15
c01cf5 lda [$60]     [d1b226] A:7877 X:0000 Y:0001 S:01e1 D:0000 DB:00 nvMXdiZc V:166 H: 656 F:15
c01cf7 inc $60       [000060] A:789f X:0000 Y:0001 S:01e1 D:0000 DB:00 NvMXdizc V:166 H: 698 F:15
c01cf9 bne $1d01     [c01d01] A:789f X:0000 Y:0001 S:01e1 D:0000 DB:00 nvMXdizc V:166 H: 732 F:15
c01d01 rts                    A:789f X:0000 Y:0001 S:01e1 D:0000 DB:00 nvMXdizc V:166 H: 750 F:15
c01cd2 ldx $66       [000066] A:789f X:0000 Y:0001 S:01e3 D:0000 DB:00 nvMXdizc V:166 H: 790 F:15
c01cd4 sta $0200,x   [00020c] A:789f X:000c Y:0001 S:01e3 D:0000 DB:00 nvMXdizc V:166 H: 810 F:15
c01cd7 inc $66       [000066] A:789f X:000c Y:0001 S:01e3 D:0000 DB:00 nvMXdizc V:166 H: 842 F:15
c01cd9 dec $65       [000065] A:789f X:000c Y:0001 S:01e3 D:0000 DB:00 nvMXdizc V:166 H: 876 F:15
c01cdb bne $1ce0     [c01ce0] A:789f X:000c Y:0001 S:01e3 D:0000 DB:00 nvMXdizc V:166 H: 910 F:15
c01ce0 lda $0200,x   [00020c] A:789f X:000c Y:0001 S:01e3 D:0000 DB:00 nvMXdizc V:166 H: 928 F:15
c01ce3 plx                    A:789f X:000c Y:0001 S:01e3 D:0000 DB:00 NvMXdizc V:166 H: 954 F:15
c01ce4 rtl                    A:789f X:0004 Y:0001 S:01e4 D:0000 DB:00 nvMXdizc V:166 H: 980 F:15
c00153 sta $a5       [0000a5] A:789f X:0004 Y:0001 S:01e7 D:0000 DB:00 nvMXdizc V:166 H:1022 F:15
c00155 jsl $c01ccc   [c01ccc] A:789f X:0004 Y:0001 S:01e7 D:0000 DB:00 nvMXdizc V:166 H:1042 F:15
c01ccc phx                    A:789f X:0004 Y:0001 S:01e4 D:0000 DB:00 nvMXdizc V:166 H:1096 F:15
c01ccd ldx $64       [000064] A:789f X:0004 Y:0001 S:01e3 D:0000 DB:00 nvMXdizc V:166 H:1116 F:15
c01ccf jsr ($1ce5,x) [c01ce5] A:789f X:0000 Y:0001 S:01e3 D:0000 DB:00 nvMXdiZc V:166 H:1136 F:15
c01cf5 lda [$60]     [d1b227] A:789f X:0000 Y:0001 S:01e1 D:0000 DB:00 nvMXdiZc V:166 H:1188 F:15
c01cf7 inc $60       [000060] A:78a0 X:0000 Y:0001 S:01e1 D:0000 DB:00 NvMXdizc V:166 H:1230 F:15
c01cf9 bne $1d01     [c01d01] A:78a0 X:0000 Y:0001 S:01e1 D:0000 DB:00 nvMXdizc V:166 H:1264 F:15
c01d01 rts                    A:78a0 X:0000 Y:0001 S:01e1 D:0000 DB:00 nvMXdizc V:166 H:1282 F:15
c01cd2 ldx $66       [000066] A:78a0 X:0000 Y:0001 S:01e3 D:0000 DB:00 nvMXdizc V:166 H:1322 F:15
c01cd4 sta $0200,x   [00020d] A:78a0 X:000d Y:0001 S:01e3 D:0000 DB:00 nvMXdizc V:166 H:1342 F:15
c01cd7 inc $66       [000066] A:78a0 X:000d Y:0001 S:01e3 D:0000 DB:00 nvMXdizc V:167 H:  10 F:15
c01cd9 dec $65       [000065] A:78a0 X:000d Y:0001 S:01e3 D:0000 DB:00 nvMXdizc V:167 H:  44 F:15
c01cdb bne $1ce0     [c01ce0] A:78a0 X:000d Y:0001 S:01e3 D:0000 DB:00 nvMXdizc V:167 H:  78 F:15
c01ce0 lda $0200,x   [00020d] A:78a0 X:000d Y:0001 S:01e3 D:0000 DB:00 nvMXdizc V:167 H:  96 F:15
c01ce3 plx                    A:78a0 X:000d Y:0001 S:01e3 D:0000 DB:00 NvMXdizc V:167 H: 122 F:15
c01ce4 rtl                    A:78a0 X:0004 Y:0001 S:01e4 D:0000 DB:00 nvMXdizc V:167 H: 148 F:15
c00159 sta $a6       [0000a6] A:78a0 X:0004 Y:0001 S:01e7 D:0000 DB:00 nvMXdizc V:167 H: 190 F:15
c0015b jsl $c00497   [c00497] A:78a0 X:0004 Y:0001 S:01e7 D:0000 DB:00 nvMXdizc V:167 H: 210 F:15
c00497 phx                    A:78a0 X:0004 Y:0001 S:01e4 D:0000 DB:00 nvMXdizc V:167 H: 264 F:15
c00498 rep #$30               A:78a0 X:0004 Y:0001 S:01e3 D:0000 DB:00 nvMXdizc V:167 H: 284 F:15
c0049a ldx $035b     [00035b] A:78a0 X:0004 Y:0001 S:01e3 D:0000 DB:00 nvmxdizc V:167 H: 302 F:15
c0049d lda $a5       [0000a5] A:78a0 X:37d8 Y:0001 S:01e3 D:0000 DB:00 nvmxdizc V:167 H: 336 F:15
c0049f sta $7e8000,x [7eb7d8] A:a09f X:37d8 Y:0001 S:01e3 D:0000 DB:00 Nvmxdizc V:167 H: 364 F:15
c004a3 inx                    A:a09f X:37d8 Y:0001 S:01e3 D:0000 DB:00 Nvmxdizc V:167 H: 404 F:15
c004a4 inx                    A:a09f X:37d9 Y:0001 S:01e3 D:0000 DB:00 nvmxdizc V:167 H: 416 F:15
c004a5 stx $035b     [00035b] A:a09f X:37da Y:0001 S:01e3 D:0000 DB:00 nvmxdizc V:167 H: 428 F:15
c004a8 sep #$30               A:a09f X:37da Y:0001 S:01e3 D:0000 DB:00 nvmxdizc V:167 H: 462 F:15
c004aa plx                    A:a09f X:00da Y:0001 S:01e3 D:0000 DB:00 nvMXdizc V:167 H: 480 F:15
c004ab rtl                    A:a09f X:0004 Y:0001 S:01e4 D:0000 DB:00 nvMXdizc V:167 H: 506 F:15
c0015f dex                    A:a09f X:0004 Y:0001 S:01e7 D:0000 DB:00 nvMXdizc V:167 H: 588 F:15
c00160 dex                    A:a09f X:0003 Y:0001 S:01e7 D:0000 DB:00 nvMXdizc V:167 H: 600 F:15
c00161 bne $014f     [c0014f] A:a09f X:0002 Y:0001 S:01e7 D:0000 DB:00 nvMXdizc V:167 H: 612 F:15
c0014f jsl $c01ccc   [c01ccc] A:a09f X:0002 Y:0001 S:01e7 D:0000 DB:00 nvMXdizc V:167 H: 630 F:15
c01ccc phx                    A:a09f X:0002 Y:0001 S:01e4 D:0000 DB:00 nvMXdizc V:167 H: 684 F:15
c01ccd ldx $64       [000064] A:a09f X:0002 Y:0001 S:01e3 D:0000 DB:00 nvMXdizc V:167 H: 704 F:15
c01ccf jsr ($1ce5,x) [c01ce5] A:a09f X:0000 Y:0001 S:01e3 D:0000 DB:00 nvMXdiZc V:167 H: 724 F:15
c01cf5 lda [$60]     [d1b228] A:a09f X:0000 Y:0001 S:01e1 D:0000 DB:00 nvMXdiZc V:167 H: 776 F:15
c01cf7 inc $60       [000060] A:a04f X:0000 Y:0001 S:01e1 D:0000 DB:00 nvMXdizc V:167 H: 818 F:15
c01cf9 bne $1d01     [c01d01] A:a04f X:0000 Y:0001 S:01e1 D:0000 DB:00 nvMXdizc V:167 H: 852 F:15
c01d01 rts                    A:a04f X:0000 Y:0001 S:01e1 D:0000 DB:00 nvMXdizc V:167 H: 870 F:15
c01cd2 ldx $66       [000066] A:a04f X:0000 Y:0001 S:01e3 D:0000 DB:00 nvMXdizc V:167 H: 910 F:15
c01cd4 sta $0200,x   [00020e] A:a04f X:000e Y:0001 S:01e3 D:0000 DB:00 nvMXdizc V:167 H: 930 F:15
c01cd7 inc $66       [000066] A:a04f X:000e Y:0001 S:01e3 D:0000 DB:00 nvMXdizc V:167 H: 962 F:15
c01cd9 dec $65       [000065] A:a04f X:000e Y:0001 S:01e3 D:0000 DB:00 nvMXdizc V:167 H: 996 F:15
c01cdb bne $1ce0     [c01ce0] A:a04f X:000e Y:0001 S:01e3 D:0000 DB:00 nvMXdizc V:167 H:1030 F:15
c01ce0 lda $0200,x   [00020e] A:a04f X:000e Y:0001 S:01e3 D:0000 DB:00 nvMXdizc V:167 H:1048 F:15
c01ce3 plx                    A:a04f X:000e Y:0001 S:01e3 D:0000 DB:00 nvMXdizc V:167 H:1074 F:15
c01ce4 rtl                    A:a04f X:0002 Y:0001 S:01e4 D:0000 DB:00 nvMXdizc V:167 H:1100 F:15
c00153 sta $a5       [0000a5] A:a04f X:0002 Y:0001 S:01e7 D:0000 DB:00 nvMXdizc V:167 H:1142 F:15
c00155 jsl $c01ccc   [c01ccc] A:a04f X:0002 Y:0001 S:01e7 D:0000 DB:00 nvMXdizc V:167 H:1162 F:15
c01ccc phx                    A:a04f X:0002 Y:0001 S:01e4 D:0000 DB:00 nvMXdizc V:167 H:1216 F:15
c01ccd ldx $64       [000064] A:a04f X:0002 Y:0001 S:01e3 D:0000 DB:00 nvMXdizc V:167 H:1236 F:15
c01ccf jsr ($1ce5,x) [c01ce5] A:a04f X:0000 Y:0001 S:01e3 D:0000 DB:00 nvMXdiZc V:167 H:1256 F:15
c01cf5 lda [$60]     [d1b229] A:a04f X:0000 Y:0001 S:01e1 D:0000 DB:00 nvMXdiZc V:167 H:1308 F:15
c01cf7 inc $60       [000060] A:a050 X:0000 Y:0001 S:01e1 D:0000 DB:00 nvMXdizc V:167 H:1350 F:15
c01cf9 bne $1d01     [c01d01] A:a050 X:0000 Y:0001 S:01e1 D:0000 DB:00 nvMXdizc V:168 H:  20 F:15
c01d01 rts                    A:a050 X:0000 Y:0001 S:01e1 D:0000 DB:00 nvMXdizc V:168 H:  38 F:15
c01cd2 ldx $66       [000066] A:a050 X:0000 Y:0001 S:01e3 D:0000 DB:00 nvMXdizc V:168 H:  78 F:15
c01cd4 sta $0200,x   [00020f] A:a050 X:000f Y:0001 S:01e3 D:0000 DB:00 nvMXdizc V:168 H:  98 F:15
c01cd7 inc $66       [000066] A:a050 X:000f Y:0001 S:01e3 D:0000 DB:00 nvMXdizc V:168 H: 130 F:15
c01cd9 dec $65       [000065] A:a050 X:000f Y:0001 S:01e3 D:0000 DB:00 nvMXdizc V:168 H: 164 F:15
c01cdb bne $1ce0     [c01ce0] A:a050 X:000f Y:0001 S:01e3 D:0000 DB:00 nvMXdiZc V:168 H: 198 F:15
c01cdd jsr $1d45     [c01d45] A:a050 X:000f Y:0001 S:01e3 D:0000 DB:00 nvMXdiZc V:168 H: 210 F:15
c01d45 lda [$60]     [d1b22a] A:a050 X:000f Y:0001 S:01e1 D:0000 DB:00 nvMXdiZc V:168 H: 250 F:15
c01d47 sta $64       [000064] A:a000 X:000f Y:0001 S:01e1 D:0000 DB:00 nvMXdiZc V:168 H: 292 F:15
c01d49 and #$1f               A:a000 X:000f Y:0001 S:01e1 D:0000 DB:00 nvMXdiZc V:168 H: 312 F:15
c01d4b inc                    A:a000 X:000f Y:0001 S:01e1 D:0000 DB:00 nvMXdiZc V:168 H: 324 F:15
c01d4c sta $65       [000065] A:a001 X:000f Y:0001 S:01e1 D:0000 DB:00 nvMXdizc V:168 H: 336 F:15
c01d4e lda $64       [000064] A:a001 X:000f Y:0001 S:01e1 D:0000 DB:00 nvMXdizc V:168 H: 356 F:15
c01d50 lsr a                  A:a000 X:000f Y:0001 S:01e1 D:0000 DB:00 nvMXdiZc V:168 H: 376 F:15
c01d51 lsr a                  A:a000 X:000f Y:0001 S:01e1 D:0000 DB:00 nvMXdiZc V:168 H: 388 F:15
c01d52 lsr a                  A:a000 X:000f Y:0001 S:01e1 D:0000 DB:00 nvMXdiZc V:168 H: 400 F:15
c01d53 lsr a                  A:a000 X:000f Y:0001 S:01e1 D:0000 DB:00 nvMXdiZc V:168 H: 412 F:15
c01d54 and #$0e               A:a000 X:000f Y:0001 S:01e1 D:0000 DB:00 nvMXdiZc V:168 H: 424 F:15
c01d56 sta $64       [000064] A:a000 X:000f Y:0001 S:01e1 D:0000 DB:00 nvMXdiZc V:168 H: 436 F:15
c01d58 inc $60       [000060] A:a000 X:000f Y:0001 S:01e1 D:0000 DB:00 nvMXdiZc V:168 H: 456 F:15
c01d5a bne $1d62     [c01d62] A:a000 X:000f Y:0001 S:01e1 D:0000 DB:00 nvMXdizc V:168 H: 490 F:15
c01d62 rts                    A:a000 X:000f Y:0001 S:01e1 D:0000 DB:00 nvMXdizc V:168 H: 508 F:15
c01ce0 lda $0200,x   [00020f] A:a000 X:000f Y:0001 S:01e3 D:0000 DB:00 nvMXdizc V:168 H: 588 F:15
c01ce3 plx                    A:a050 X:000f Y:0001 S:01e3 D:0000 DB:00 nvMXdizc V:168 H: 614 F:15
c01ce4 rtl                    A:a050 X:0002 Y:0001 S:01e4 D:0000 DB:00 nvMXdizc V:168 H: 640 F:15
c00159 sta $a6       [0000a6] A:a050 X:0002 Y:0001 S:01e7 D:0000 DB:00 nvMXdizc V:168 H: 682 F:15
c0015b jsl $c00497   [c00497] A:a050 X:0002 Y:0001 S:01e7 D:0000 DB:00 nvMXdizc V:168 H: 702 F:15
c00497 phx                    A:a050 X:0002 Y:0001 S:01e4 D:0000 DB:00 nvMXdizc V:168 H: 756 F:15
c00498 rep #$30               A:a050 X:0002 Y:0001 S:01e3 D:0000 DB:00 nvMXdizc V:168 H: 776 F:15
c0049a ldx $035b     [00035b] A:a050 X:0002 Y:0001 S:01e3 D:0000 DB:00 nvmxdizc V:168 H: 794 F:15
c0049d lda $a5       [0000a5] A:a050 X:37da Y:0001 S:01e3 D:0000 DB:00 nvmxdizc V:168 H: 828 F:15
c0049f sta $7e8000,x [7eb7da] A:504f X:37da Y:0001 S:01e3 D:0000 DB:00 nvmxdizc V:168 H: 856 F:15
c004a3 inx                    A:504f X:37da Y:0001 S:01e3 D:0000 DB:00 nvmxdizc V:168 H: 896 F:15
c004a4 inx                    A:504f X:37db Y:0001 S:01e3 D:0000 DB:00 nvmxdizc V:168 H: 908 F:15
c004a5 stx $035b     [00035b] A:504f X:37dc Y:0001 S:01e3 D:0000 DB:00 nvmxdizc V:168 H: 920 F:15
c004a8 sep #$30               A:504f X:37dc Y:0001 S:01e3 D:0000 DB:00 nvmxdizc V:168 H: 954 F:15
c004aa plx                    A:504f X:00dc Y:0001 S:01e3 D:0000 DB:00 nvMXdizc V:168 H: 972 F:15
c004ab rtl                    A:504f X:0002 Y:0001 S:01e4 D:0000 DB:00 nvMXdizc V:168 H: 998 F:15
c0015f dex                    A:504f X:0002 Y:0001 S:01e7 D:0000 DB:00 nvMXdizc V:168 H:1040 F:15
c00160 dex                    A:504f X:0001 Y:0001 S:01e7 D:0000 DB:00 nvMXdizc V:168 H:1052 F:15
c00161 bne $014f     [c0014f] A:504f X:0000 Y:0001 S:01e7 D:0000 DB:00 nvMXdiZc V:168 H:1064 F:15
c00163 jsl $c004ac   [c004ac] A:504f X:0000 Y:0001 S:01e7 D:0000 DB:00 nvMXdiZc V:168 H:1076 F:15
c004ac phx                    A:504f X:0000 Y:0001 S:01e4 D:0000 DB:00 nvMXdiZc V:168 H:1130 F:15
c004ad rep #$30               A:504f X:0000 Y:0001 S:01e3 D:0000 DB:00 nvMXdiZc V:168 H:1150 F:15
c004af ldx $0357     [000357] A:504f X:0000 Y:0001 S:01e3 D:0000 DB:00 nvmxdiZc V:168 H:1168 F:15
c004b2 lda $035b     [00035b] A:504f X:37ce Y:0001 S:01e3 D:0000 DB:00 nvmxdizc V:168 H:1202 F:15
c004b5 sec                    A:37dc X:37ce Y:0001 S:01e3 D:0000 DB:00 nvmxdizc V:168 H:1236 F:15
c004b6 sbc $0357     [000357] A:37dc X:37ce Y:0001 S:01e3 D:0000 DB:00 nvmxdizC V:168 H:1248 F:15
c004b9 sbc #$0006             A:000e X:37ce Y:0001 S:01e3 D:0000 DB:00 nvmxdizC V:168 H:1282 F:15
c004bc sta $7e8002,x [7eb7d0] A:0008 X:37ce Y:0001 S:01e3 D:0000 DB:00 nvmxdizC V:168 H:1300 F:15
c004c0 lda $035b     [00035b] A:0008 X:37ce Y:0001 S:01e3 D:0000 DB:00 nvmxdizC V:168 H:1340 F:15
c004c3 and #$3fff             A:37dc X:37ce Y:0001 S:01e3 D:0000 DB:00 nvmxdizC V:169 H:  10 F:15
c004c6 sta $0357     [000357] A:37dc X:37ce Y:0001 S:01e3 D:0000 DB:00 nvmxdizC V:169 H:  28 F:15
c004c9 sep #$30               A:37dc X:37ce Y:0001 S:01e3 D:0000 DB:00 nvmxdizC V:169 H:  62 F:15
c004cb plx                    A:37dc X:00ce Y:0001 S:01e3 D:0000 DB:00 nvMXdizC V:169 H:  80 F:15
c004cc rtl                    A:37dc X:0000 Y:0001 S:01e4 D:0000 DB:00 nvMXdiZC V:169 H: 106 F:15
c00167 inc $1d2a     [001d2a] A:37dc X:0000 Y:0001 S:01e7 D:0000 DB:00 nvMXdiZC V:169 H: 148 F:15
c0016a dey                    A:37dc X:0000 Y:0001 S:01e7 D:0000 DB:00 nvMXdizC V:169 H: 188 F:15
c0016b bne $013c     [c0013c] A:37dc X:0000 Y:0000 S:01e7 D:0000 DB:00 nvMXdiZC V:169 H: 200 F:15
c0016d pla                    A:37dc X:0000 Y:0000 S:01e7 D:0000 DB:00 nvMXdiZC V:169 H: 212 F:15
c0016e sta $1d2a     [001d2a] A:370f X:0000 Y:0000 S:01e8 D:0000 DB:00 nvMXdizC V:169 H: 238 F:15
c00171 rts                    A:370f X:0000 Y:0000 S:01e8 D:0000 DB:00 nvMXdizC V:169 H: 264 F:15
c000f4 lda $0342     [000342] A:370f X:0000 Y:0000 S:01ea D:0000 DB:00 nvMXdizC V:169 H: 304 F:15
c000f7 bne $0109     [c00109] A:3700 X:0000 Y:0000 S:01ea D:0000 DB:00 nvMXdiZC V:169 H: 330 F:15
c000f9 lda #$80               A:3700 X:0000 Y:0000 S:01ea D:0000 DB:00 nvMXdiZC V:169 H: 342 F:15
c000fb sta $0352     [000352] A:3780 X:0000 Y:0000 S:01ea D:0000 DB:00 NvMXdizC V:169 H: 354 F:15
c000fe jsl $c01d63   [c01d63] A:3780 X:0000 Y:0000 S:01ea D:0000 DB:00 NvMXdizC V:169 H: 380 F:15
c01d63 sec                    A:3780 X:0000 Y:0000 S:01e7 D:0000 DB:00 NvMXdizC V:169 H: 434 F:15
c01d64 rep #$20               A:3780 X:0000 Y:0000 S:01e7 D:0000 DB:00 NvMXdizC V:169 H: 446 F:15
c01d66 lda $60       [000060] A:3780 X:0000 Y:0000 S:01e7 D:0000 DB:00 NvmXdizC V:169 H: 464 F:15
c01d68 sbc #$0001             A:b22b X:0000 Y:0000 S:01e7 D:0000 DB:00 NvmXdizC V:169 H: 492 F:15
c01d6b sta $a5       [0000a5] A:b22a X:0000 Y:0000 S:01e7 D:0000 DB:00 NvmXdizC V:169 H: 510 F:15
c01d6d sep #$20               A:b22a X:0000 Y:0000 S:01e7 D:0000 DB:00 NvmXdizC V:169 H: 578 F:15
c01d6f lda $62       [000062] A:b22a X:0000 Y:0000 S:01e7 D:0000 DB:00 NvMXdizC V:169 H: 596 F:15
c01d71 sbc #$00               A:b2d1 X:0000 Y:0000 S:01e7 D:0000 DB:00 NvMXdizC V:169 H: 616 F:15
c01d73 sta $a7       [0000a7] A:b2d1 X:0000 Y:0000 S:01e7 D:0000 DB:00 NvMXdizC V:169 H: 628 F:15
c01d75 rtl                    A:b2d1 X:0000 Y:0000 S:01e7 D:0000 DB:00 NvMXdizC V:169 H: 648 F:15
c00102 jsl $c01cb0   [c01cb0] A:b2d1 X:0000 Y:0000 S:01ea D:0000 DB:00 NvMXdizC V:169 H: 690 F:15
c01cb0 phx                    A:b2d1 X:0000 Y:0000 S:01e7 D:0000 DB:00 NvMXdizC V:169 H: 744 F:15
c01cb1 rep #$20               A:b2d1 X:0000 Y:0000 S:01e6 D:0000 DB:00 NvMXdizC V:169 H: 764 F:15
c01cb3 lda $a5       [0000a5] A:b2d1 X:0000 Y:0000 S:01e6 D:0000 DB:00 NvmXdizC V:169 H: 782 F:15
c01cb5 sta $60       [000060] A:b22a X:0000 Y:0000 S:01e6 D:0000 DB:00 NvmXdizC V:169 H: 810 F:15
c01cb7 sep #$20               A:b22a X:0000 Y:0000 S:01e6 D:0000 DB:00 NvmXdizC V:169 H: 838 F:15
c01cb9 lda $a7       [0000a7] A:b22a X:0000 Y:0000 S:01e6 D:0000 DB:00 NvMXdizC V:169 H: 856 F:15
c01cbb sta $62       [000062] A:b2d1 X:0000 Y:0000 S:01e6 D:0000 DB:00 NvMXdizC V:169 H: 876 F:15
c01cbd ldx #$00               A:b2d1 X:0000 Y:0000 S:01e6 D:0000 DB:00 NvMXdizC V:169 H: 896 F:15
c01cbf stz $0200,x   [000200] A:b2d1 X:0000 Y:0000 S:01e6 D:0000 DB:00 nvMXdiZC V:169 H: 908 F:15
c01cc2 inx                    A:b2d1 X:0000 Y:0000 S:01e6 D:0000 DB:00 nvMXdiZC V:169 H: 940 F:15
c01cc3 bne $1cbf     [c01cbf] A:b2d1 X:0001 Y:0000 S:01e6 D:0000 DB:00 nvMXdizC V:169 H: 952 F:15
c01cbf stz $0200,x   [000201] A:b2d1 X:0001 Y:0000 S:01e6 D:0000 DB:00 nvMXdizC V:169 H: 970 F:15
c01cc2 inx                    A:b2d1 X:0001 Y:0000 S:01e6 D:0000 DB:00 nvMXdizC V:169 H:1002 F:15
c01cc3 bne $1cbf     [c01cbf] A:b2d1 X:0002 Y:0000 S:01e6 D:0000 DB:00 nvMXdizC V:169 H:1014 F:15
c01cbf stz $0200,x   [000202] A:b2d1 X:0002 Y:0000 S:01e6 D:0000 DB:00 nvMXdizC V:169 H:1032 F:15
c01cc2 inx                    A:b2d1 X:0002 Y:0000 S:01e6 D:0000 DB:00 nvMXdizC V:169 H:1064 F:15
c01cc3 bne $1cbf     [c01cbf] A:b2d1 X:0003 Y:0000 S:01e6 D:0000 DB:00 nvMXdizC V:169 H:1076 F:15
c01cbf stz $0200,x   [000203] A:b2d1 X:0003 Y:0000 S:01e6 D:0000 DB:00 nvMXdizC V:169 H:1094 F:15
c01cc2 inx                    A:b2d1 X:0003 Y:0000 S:01e6 D:0000 DB:00 nvMXdizC V:169 H:1126 F:15
c01cc3 bne $1cbf     [c01cbf] A:b2d1 X:0004 Y:0000 S:01e6 D:0000 DB:00 nvMXdizC V:169 H:1138 F:15
c01cbf stz $0200,x   [000204] A:b2d1 X:0004 Y:0000 S:01e6 D:0000 DB:00 nvMXdizC V:169 H:1156 F:15
c01cc2 inx                    A:b2d1 X:0004 Y:0000 S:01e6 D:0000 DB:00 nvMXdizC V:169 H:1188 F:15
c01cc3 bne $1cbf     [c01cbf] A:b2d1 X:0005 Y:0000 S:01e6 D:0000 DB:00 nvMXdizC V:169 H:1200 F:15
c01cbf stz $0200,x   [000205] A:b2d1 X:0005 Y:0000 S:01e6 D:0000 DB:00 nvMXdizC V:169 H:1218 F:15
c01cc2 inx                    A:b2d1 X:0005 Y:0000 S:01e6 D:0000 DB:00 nvMXdizC V:169 H:1250 F:15
c01cc3 bne $1cbf     [c01cbf] A:b2d1 X:0006 Y:0000 S:01e6 D:0000 DB:00 nvMXdizC V:169 H:1262 F:15
c01cbf stz $0200,x   [000206] A:b2d1 X:0006 Y:0000 S:01e6 D:0000 DB:00 nvMXdizC V:169 H:1280 F:15
c01cc2 inx                    A:b2d1 X:0006 Y:0000 S:01e6 D:0000 DB:00 nvMXdizC V:169 H:1312 F:15
c01cc3 bne $1cbf     [c01cbf] A:b2d1 X:0007 Y:0000 S:01e6 D:0000 DB:00 nvMXdizC V:169 H:1324 F:15
c01cbf stz $0200,x   [000207] A:b2d1 X:0007 Y:0000 S:01e6 D:0000 DB:00 nvMXdizC V:169 H:1342 F:15
c01cc2 inx                    A:b2d1 X:0007 Y:0000 S:01e6 D:0000 DB:00 nvMXdizC V:170 H:  10 F:15
c01cc3 bne $1cbf     [c01cbf] A:b2d1 X:0008 Y:0000 S:01e6 D:0000 DB:00 nvMXdizC V:170 H:  22 F:15
c01cbf stz $0200,x   [000208] A:b2d1 X:0008 Y:0000 S:01e6 D:0000 DB:00 nvMXdizC V:170 H:  40 F:15
c01cc2 inx                    A:b2d1 X:0008 Y:0000 S:01e6 D:0000 DB:00 nvMXdizC V:170 H:  72 F:15
c01cc3 bne $1cbf     [c01cbf] A:b2d1 X:0009 Y:0000 S:01e6 D:0000 DB:00 nvMXdizC V:170 H:  84 F:15
c01cbf stz $0200,x   [000209] A:b2d1 X:0009 Y:0000 S:01e6 D:0000 DB:00 nvMXdizC V:170 H: 102 F:15
c01cc2 inx                    A:b2d1 X:0009 Y:0000 S:01e6 D:0000 DB:00 nvMXdizC V:170 H: 134 F:15
c01cc3 bne $1cbf     [c01cbf] A:b2d1 X:000a Y:0000 S:01e6 D:0000 DB:00 nvMXdizC V:170 H: 146 F:15
c01cbf stz $0200,x   [00020a] A:b2d1 X:000a Y:0000 S:01e6 D:0000 DB:00 nvMXdizC V:170 H: 164 F:15
c01cc2 inx                    A:b2d1 X:000a Y:0000 S:01e6 D:0000 DB:00 nvMXdizC V:170 H: 196 F:15
c01cc3 bne $1cbf     [c01cbf] A:b2d1 X:000b Y:0000 S:01e6 D:0000 DB:00 nvMXdizC V:170 H: 208 F:15
c01cbf stz $0200,x   [00020b] A:b2d1 X:000b Y:0000 S:01e6 D:0000 DB:00 nvMXdizC V:170 H: 226 F:15
c01cc2 inx                    A:b2d1 X:000b Y:0000 S:01e6 D:0000 DB:00 nvMXdizC V:170 H: 258 F:15
c01cc3 bne $1cbf     [c01cbf] A:b2d1 X:000c Y:0000 S:01e6 D:0000 DB:00 nvMXdizC V:170 H: 270 F:15
c01cbf stz $0200,x   [00020c] A:b2d1 X:000c Y:0000 S:01e6 D:0000 DB:00 nvMXdizC V:170 H: 288 F:15
c01cc2 inx                    A:b2d1 X:000c Y:0000 S:01e6 D:0000 DB:00 nvMXdizC V:170 H: 320 F:15
c01cc3 bne $1cbf     [c01cbf] A:b2d1 X:000d Y:0000 S:01e6 D:0000 DB:00 nvMXdizC V:170 H: 332 F:15
c01cbf stz $0200,x   [00020d] A:b2d1 X:000d Y:0000 S:01e6 D:0000 DB:00 nvMXdizC V:170 H: 350 F:15
c01cc2 inx                    A:b2d1 X:000d Y:0000 S:01e6 D:0000 DB:00 nvMXdizC V:170 H: 382 F:15
c01cc3 bne $1cbf     [c01cbf] A:b2d1 X:000e Y:0000 S:01e6 D:0000 DB:00 nvMXdizC V:170 H: 394 F:15
c01cbf stz $0200,x   [00020e] A:b2d1 X:000e Y:0000 S:01e6 D:0000 DB:00 nvMXdizC V:170 H: 412 F:15
c01cc2 inx                    A:b2d1 X:000e Y:0000 S:01e6 D:0000 DB:00 nvMXdizC V:170 H: 444 F:15
c01cc3 bne $1cbf     [c01cbf] A:b2d1 X:000f Y:0000 S:01e6 D:0000 DB:00 nvMXdizC V:170 H: 456 F:15
c01cbf stz $0200,x   [00020f] A:b2d1 X:000f Y:0000 S:01e6 D:0000 DB:00 nvMXdizC V:170 H: 474 F:15
c01cc2 inx                    A:b2d1 X:000f Y:0000 S:01e6 D:0000 DB:00 nvMXdizC V:170 H: 506 F:15
c01cc3 bne $1cbf     [c01cbf] A:b2d1 X:0010 Y:0000 S:01e6 D:0000 DB:00 nvMXdizC V:170 H: 518 F:15
c01cbf stz $0200,x   [000210] A:b2d1 X:0010 Y:0000 S:01e6 D:0000 DB:00 nvMXdizC V:170 H: 576 F:15
c01cc2 inx                    A:b2d1 X:0010 Y:0000 S:01e6 D:0000 DB:00 nvMXdizC V:170 H: 608 F:15
c01cc3 bne $1cbf     [c01cbf] A:b2d1 X:0011 Y:0000 S:01e6 D:0000 DB:00 nvMXdizC V:170 H: 620 F:15
c01cbf stz $0200,x   [000211] A:b2d1 X:0011 Y:0000 S:01e6 D:0000 DB:00 nvMXdizC V:170 H: 638 F:15
c01cc2 inx                    A:b2d1 X:0011 Y:0000 S:01e6 D:0000 DB:00 nvMXdizC V:170 H: 670 F:15
c01cc3 bne $1cbf     [c01cbf] A:b2d1 X:0012 Y:0000 S:01e6 D:0000 DB:00 nvMXdizC V:170 H: 682 F:15
c01cbf stz $0200,x   [000212] A:b2d1 X:0012 Y:0000 S:01e6 D:0000 DB:00 nvMXdizC V:170 H: 700 F:15
c01cc2 inx                    A:b2d1 X:0012 Y:0000 S:01e6 D:0000 DB:00 nvMXdizC V:170 H: 732 F:15
c01cc3 bne $1cbf     [c01cbf] A:b2d1 X:0013 Y:0000 S:01e6 D:0000 DB:00 nvMXdizC V:170 H: 744 F:15
c01cbf stz $0200,x   [000213] A:b2d1 X:0013 Y:0000 S:01e6 D:0000 DB:00 nvMXdizC V:170 H: 762 F:15
c01cc2 inx                    A:b2d1 X:0013 Y:0000 S:01e6 D:0000 DB:00 nvMXdizC V:170 H: 794 F:15
c01cc3 bne $1cbf     [c01cbf] A:b2d1 X:0014 Y:0000 S:01e6 D:0000 DB:00 nvMXdizC V:170 H: 806 F:15
c01cbf stz $0200,x   [000214] A:b2d1 X:0014 Y:0000 S:01e6 D:0000 DB:00 nvMXdizC V:170 H: 824 F:15
c01cc2 inx                    A:b2d1 X:0014 Y:0000 S:01e6 D:0000 DB:00 nvMXdizC V:170 H: 856 F:15
c01cc3 bne $1cbf     [c01cbf] A:b2d1 X:0015 Y:0000 S:01e6 D:0000 DB:00 nvMXdizC V:170 H: 868 F:15
c01cbf stz $0200,x   [000215] A:b2d1 X:0015 Y:0000 S:01e6 D:0000 DB:00 nvMXdizC V:170 H: 886 F:15
c01cc2 inx                    A:b2d1 X:0015 Y:0000 S:01e6 D:0000 DB:00 nvMXdizC V:170 H: 918 F:15
c01cc3 bne $1cbf     [c01cbf] A:b2d1 X:0016 Y:0000 S:01e6 D:0000 DB:00 nvMXdizC V:170 H: 930 F:15
c01cbf stz $0200,x   [000216] A:b2d1 X:0016 Y:0000 S:01e6 D:0000 DB:00 nvMXdizC V:170 H: 948 F:15
c01cc2 inx                    A:b2d1 X:0016 Y:0000 S:01e6 D:0000 DB:00 nvMXdizC V:170 H: 980 F:15
c01cc3 bne $1cbf     [c01cbf] A:b2d1 X:0017 Y:0000 S:01e6 D:0000 DB:00 nvMXdizC V:170 H: 992 F:15
c01cbf stz $0200,x   [000217] A:b2d1 X:0017 Y:0000 S:01e6 D:0000 DB:00 nvMXdizC V:170 H:1010 F:15
c01cc2 inx                    A:b2d1 X:0017 Y:0000 S:01e6 D:0000 DB:00 nvMXdizC V:170 H:1042 F:15
c01cc3 bne $1cbf     [c01cbf] A:b2d1 X:0018 Y:0000 S:01e6 D:0000 DB:00 nvMXdizC V:170 H:1054 F:15
c01cbf stz $0200,x   [000218] A:b2d1 X:0018 Y:0000 S:01e6 D:0000 DB:00 nvMXdizC V:170 H:1072 F:15
c01cc2 inx                    A:b2d1 X:0018 Y:0000 S:01e6 D:0000 DB:00 nvMXdizC V:170 H:1104 F:15
c01cc3 bne $1cbf     [c01cbf] A:b2d1 X:0019 Y:0000 S:01e6 D:0000 DB:00 nvMXdizC V:170 H:1116 F:15
c01cbf stz $0200,x   [000219] A:b2d1 X:0019 Y:0000 S:01e6 D:0000 DB:00 nvMXdizC V:170 H:1134 F:15
c01cc2 inx                    A:b2d1 X:0019 Y:0000 S:01e6 D:0000 DB:00 nvMXdizC V:170 H:1166 F:15
c01cc3 bne $1cbf     [c01cbf] A:b2d1 X:001a Y:0000 S:01e6 D:0000 DB:00 nvMXdizC V:170 H:1178 F:15
c01cbf stz $0200,x   [00021a] A:b2d1 X:001a Y:0000 S:01e6 D:0000 DB:00 nvMXdizC V:170 H:1196 F:15
c01cc2 inx                    A:b2d1 X:001a Y:0000 S:01e6 D:0000 DB:00 nvMXdizC V:170 H:1228 F:15
c01cc3 bne $1cbf     [c01cbf] A:b2d1 X:001b Y:0000 S:01e6 D:0000 DB:00 nvMXdizC V:170 H:1240 F:15
c01cbf stz $0200,x   [00021b] A:b2d1 X:001b Y:0000 S:01e6 D:0000 DB:00 nvMXdizC V:170 H:1258 F:15
c01cc2 inx                    A:b2d1 X:001b Y:0000 S:01e6 D:0000 DB:00 nvMXdizC V:170 H:1290 F:15
c01cc3 bne $1cbf     [c01cbf] A:b2d1 X:001c Y:0000 S:01e6 D:0000 DB:00 nvMXdizC V:170 H:1302 F:15
c01cbf stz $0200,x   [00021c] A:b2d1 X:001c Y:0000 S:01e6 D:0000 DB:00 nvMXdizC V:170 H:1320 F:15
c01cc2 inx                    A:b2d1 X:001c Y:0000 S:01e6 D:0000 DB:00 nvMXdizC V:170 H:1352 F:15
c01cc3 bne $1cbf     [c01cbf] A:b2d1 X:001d Y:0000 S:01e6 D:0000 DB:00 nvMXdizC V:171 H:   0 F:15
c01cbf stz $0200,x   [00021d] A:b2d1 X:001d Y:0000 S:01e6 D:0000 DB:00 nvMXdizC V:171 H:  18 F:15
c01cc2 inx                    A:b2d1 X:001d Y:0000 S:01e6 D:0000 DB:00 nvMXdizC V:171 H:  50 F:15
c01cc3 bne $1cbf     [c01cbf] A:b2d1 X:001e Y:0000 S:01e6 D:0000 DB:00 nvMXdizC V:171 H:  62 F:15
c01cbf stz $0200,x   [00021e] A:b2d1 X:001e Y:0000 S:01e6 D:0000 DB:00 nvMXdizC V:171 H:  80 F:15
c01cc2 inx                    A:b2d1 X:001e Y:0000 S:01e6 D:0000 DB:00 nvMXdizC V:171 H: 112 F:15
c01cc3 bne $1cbf     [c01cbf] A:b2d1 X:001f Y:0000 S:01e6 D:0000 DB:00 nvMXdizC V:171 H: 124 F:15
c01cbf stz $0200,x   [00021f] A:b2d1 X:001f Y:0000 S:01e6 D:0000 DB:00 nvMXdizC V:171 H: 142 F:15
c01cc2 inx                    A:b2d1 X:001f Y:0000 S:01e6 D:0000 DB:00 nvMXdizC V:171 H: 174 F:15
c01cc3 bne $1cbf     [c01cbf] A:b2d1 X:0020 Y:0000 S:01e6 D:0000 DB:00 nvMXdizC V:171 H: 186 F:15
c01cbf stz $0200,x   [000220] A:b2d1 X:0020 Y:0000 S:01e6 D:0000 DB:00 nvMXdizC V:171 H: 204 F:15
c01cc2 inx                    A:b2d1 X:0020 Y:0000 S:01e6 D:0000 DB:00 nvMXdizC V:171 H: 236 F:15
c01cc3 bne $1cbf     [c01cbf] A:b2d1 X:0021 Y:0000 S:01e6 D:0000 DB:00 nvMXdizC V:171 H: 248 F:15
c01cbf stz $0200,x   [000221] A:b2d1 X:0021 Y:0000 S:01e6 D:0000 DB:00 nvMXdizC V:171 H: 266 F:15
c01cc2 inx                    A:b2d1 X:0021 Y:0000 S:01e6 D:0000 DB:00 nvMXdizC V:171 H: 298 F:15
c01cc3 bne $1cbf     [c01cbf] A:b2d1 X:0022 Y:0000 S:01e6 D:0000 DB:00 nvMXdizC V:171 H: 310 F:15
c01cbf stz $0200,x   [000222] A:b2d1 X:0022 Y:0000 S:01e6 D:0000 DB:00 nvMXdizC V:171 H: 328 F:15
c01cc2 inx                    A:b2d1 X:0022 Y:0000 S:01e6 D:0000 DB:00 nvMXdizC V:171 H: 360 F:15
c01cc3 bne $1cbf     [c01cbf] A:b2d1 X:0023 Y:0000 S:01e6 D:0000 DB:00 nvMXdizC V:171 H: 372 F:15
c01cbf stz $0200,x   [000223] A:b2d1 X:0023 Y:0000 S:01e6 D:0000 DB:00 nvMXdizC V:171 H: 390 F:15
c01cc2 inx                    A:b2d1 X:0023 Y:0000 S:01e6 D:0000 DB:00 nvMXdizC V:171 H: 422 F:15
c01cc3 bne $1cbf     [c01cbf] A:b2d1 X:0024 Y:0000 S:01e6 D:0000 DB:00 nvMXdizC V:171 H: 434 F:15
c01cbf stz $0200,x   [000224] A:b2d1 X:0024 Y:0000 S:01e6 D:0000 DB:00 nvMXdizC V:171 H: 452 F:15
c01cc2 inx                    A:b2d1 X:0024 Y:0000 S:01e6 D:0000 DB:00 nvMXdizC V:171 H: 484 F:15
c01cc3 bne $1cbf     [c01cbf] A:b2d1 X:0025 Y:0000 S:01e6 D:0000 DB:00 nvMXdizC V:171 H: 496 F:15
c01cbf stz $0200,x   [000225] A:b2d1 X:0025 Y:0000 S:01e6 D:0000 DB:00 nvMXdizC V:171 H: 514 F:15
c01cc2 inx                    A:b2d1 X:0025 Y:0000 S:01e6 D:0000 DB:00 nvMXdizC V:171 H: 586 F:15
c01cc3 bne $1cbf     [c01cbf] A:b2d1 X:0026 Y:0000 S:01e6 D:0000 DB:00 nvMXdizC V:171 H: 598 F:15
c01cbf stz $0200,x   [000226] A:b2d1 X:0026 Y:0000 S:01e6 D:0000 DB:00 nvMXdizC V:171 H: 616 F:15
c01cc2 inx                    A:b2d1 X:0026 Y:0000 S:01e6 D:0000 DB:00 nvMXdizC V:171 H: 648 F:15
c01cc3 bne $1cbf     [c01cbf] A:b2d1 X:0027 Y:0000 S:01e6 D:0000 DB:00 nvMXdizC V:171 H: 660 F:15
c01cbf stz $0200,x   [000227] A:b2d1 X:0027 Y:0000 S:01e6 D:0000 DB:00 nvMXdizC V:171 H: 678 F:15
c01cc2 inx                    A:b2d1 X:0027 Y:0000 S:01e6 D:0000 DB:00 nvMXdizC V:171 H: 710 F:15
c01cc3 bne $1cbf     [c01cbf] A:b2d1 X:0028 Y:0000 S:01e6 D:0000 DB:00 nvMXdizC V:171 H: 722 F:15
c01cbf stz $0200,x   [000228] A:b2d1 X:0028 Y:0000 S:01e6 D:0000 DB:00 nvMXdizC V:171 H: 740 F:15
c01cc2 inx                    A:b2d1 X:0028 Y:0000 S:01e6 D:0000 DB:00 nvMXdizC V:171 H: 772 F:15
c01cc3 bne $1cbf     [c01cbf] A:b2d1 X:0029 Y:0000 S:01e6 D:0000 DB:00 nvMXdizC V:171 H: 784 F:15
c01cbf stz $0200,x   [000229] A:b2d1 X:0029 Y:0000 S:01e6 D:0000 DB:00 nvMXdizC V:171 H: 802 F:15
c01cc2 inx                    A:b2d1 X:0029 Y:0000 S:01e6 D:0000 DB:00 nvMXdizC V:171 H: 834 F:15
c01cc3 bne $1cbf     [c01cbf] A:b2d1 X:002a Y:0000 S:01e6 D:0000 DB:00 nvMXdizC V:171 H: 846 F:15
c01cbf stz $0200,x   [00022a] A:b2d1 X:002a Y:0000 S:01e6 D:0000 DB:00 nvMXdizC V:171 H: 864 F:15
c01cc2 inx                    A:b2d1 X:002a Y:0000 S:01e6 D:0000 DB:00 nvMXdizC V:171 H: 896 F:15
c01cc3 bne $1cbf     [c01cbf] A:b2d1 X:002b Y:0000 S:01e6 D:0000 DB:00 nvMXdizC V:171 H: 908 F:15
c01cbf stz $0200,x   [00022b] A:b2d1 X:002b Y:0000 S:01e6 D:0000 DB:00 nvMXdizC V:171 H: 926 F:15
c01cc2 inx                    A:b2d1 X:002b Y:0000 S:01e6 D:0000 DB:00 nvMXdizC V:171 H: 958 F:15
c01cc3 bne $1cbf     [c01cbf] A:b2d1 X:002c Y:0000 S:01e6 D:0000 DB:00 nvMXdizC V:171 H: 970 F:15
c01cbf stz $0200,x   [00022c] A:b2d1 X:002c Y:0000 S:01e6 D:0000 DB:00 nvMXdizC V:171 H: 988 F:15
c01cc2 inx                    A:b2d1 X:002c Y:0000 S:01e6 D:0000 DB:00 nvMXdizC V:171 H:1020 F:15
c01cc3 bne $1cbf     [c01cbf] A:b2d1 X:002d Y:0000 S:01e6 D:0000 DB:00 nvMXdizC V:171 H:1032 F:15
c01cbf stz $0200,x   [00022d] A:b2d1 X:002d Y:0000 S:01e6 D:0000 DB:00 nvMXdizC V:171 H:1050 F:15
c01cc2 inx                    A:b2d1 X:002d Y:0000 S:01e6 D:0000 DB:00 nvMXdizC V:171 H:1082 F:15
c01cc3 bne $1cbf     [c01cbf] A:b2d1 X:002e Y:0000 S:01e6 D:0000 DB:00 nvMXdizC V:171 H:1094 F:15
c01cbf stz $0200,x   [00022e] A:b2d1 X:002e Y:0000 S:01e6 D:0000 DB:00 nvMXdizC V:171 H:1112 F:15
c01cc2 inx                    A:b2d1 X:002e Y:0000 S:01e6 D:0000 DB:00 nvMXdizC V:171 H:1144 F:15
c01cc3 bne $1cbf     [c01cbf] A:b2d1 X:002f Y:0000 S:01e6 D:0000 DB:00 nvMXdizC V:171 H:1156 F:15
c01cbf stz $0200,x   [00022f] A:b2d1 X:002f Y:0000 S:01e6 D:0000 DB:00 nvMXdizC V:171 H:1174 F:15
c01cc2 inx                    A:b2d1 X:002f Y:0000 S:01e6 D:0000 DB:00 nvMXdizC V:171 H:1206 F:15
c01cc3 bne $1cbf     [c01cbf] A:b2d1 X:0030 Y:0000 S:01e6 D:0000 DB:00 nvMXdizC V:171 H:1218 F:15
c01cbf stz $0200,x   [000230] A:b2d1 X:0030 Y:0000 S:01e6 D:0000 DB:00 nvMXdizC V:171 H:1236 F:15
c01cc2 inx                    A:b2d1 X:0030 Y:0000 S:01e6 D:0000 DB:00 nvMXdizC V:171 H:1268 F:15
c01cc3 bne $1cbf     [c01cbf] A:b2d1 X:0031 Y:0000 S:01e6 D:0000 DB:00 nvMXdizC V:171 H:1280 F:15
c01cbf stz $0200,x   [000231] A:b2d1 X:0031 Y:0000 S:01e6 D:0000 DB:00 nvMXdizC V:171 H:1298 F:15
c01cc2 inx                    A:b2d1 X:0031 Y:0000 S:01e6 D:0000 DB:00 nvMXdizC V:171 H:1330 F:15
c01cc3 bne $1cbf     [c01cbf] A:b2d1 X:0032 Y:0000 S:01e6 D:0000 DB:00 nvMXdizC V:171 H:1342 F:15
c01cbf stz $0200,x   [000232] A:b2d1 X:0032 Y:0000 S:01e6 D:0000 DB:00 nvMXdizC V:171 H:1360 F:15
c01cc2 inx                    A:b2d1 X:0032 Y:0000 S:01e6 D:0000 DB:00 nvMXdizC V:172 H:  28 F:15
c01cc3 bne $1cbf     [c01cbf] A:b2d1 X:0033 Y:0000 S:01e6 D:0000 DB:00 nvMXdizC V:172 H:  40 F:15
c01cbf stz $0200,x   [000233] A:b2d1 X:0033 Y:0000 S:01e6 D:0000 DB:00 nvMXdizC V:172 H:  58 F:15
c01cc2 inx                    A:b2d1 X:0033 Y:0000 S:01e6 D:0000 DB:00 nvMXdizC V:172 H:  90 F:15
c01cc3 bne $1cbf     [c01cbf] A:b2d1 X:0034 Y:0000 S:01e6 D:0000 DB:00 nvMXdizC V:172 H: 102 F:15
c01cbf stz $0200,x   [000234] A:b2d1 X:0034 Y:0000 S:01e6 D:0000 DB:00 nvMXdizC V:172 H: 120 F:15
c01cc2 inx                    A:b2d1 X:0034 Y:0000 S:01e6 D:0000 DB:00 nvMXdizC V:172 H: 152 F:15
c01cc3 bne $1cbf     [c01cbf] A:b2d1 X:0035 Y:0000 S:01e6 D:0000 DB:00 nvMXdizC V:172 H: 164 F:15
c01cbf stz $0200,x   [000235] A:b2d1 X:0035 Y:0000 S:01e6 D:0000 DB:00 nvMXdizC V:172 H: 182 F:15
c01cc2 inx                    A:b2d1 X:0035 Y:0000 S:01e6 D:0000 DB:00 nvMXdizC V:172 H: 214 F:15
c01cc3 bne $1cbf     [c01cbf] A:b2d1 X:0036 Y:0000 S:01e6 D:0000 DB:00 nvMXdizC V:172 H: 226 F:15
c01cbf stz $0200,x   [000236] A:b2d1 X:0036 Y:0000 S:01e6 D:0000 DB:00 nvMXdizC V:172 H: 244 F:15
c01cc2 inx                    A:b2d1 X:0036 Y:0000 S:01e6 D:0000 DB:00 nvMXdizC V:172 H: 276 F:15
c01cc3 bne $1cbf     [c01cbf] A:b2d1 X:0037 Y:0000 S:01e6 D:0000 DB:00 nvMXdizC V:172 H: 288 F:15
c01cbf stz $0200,x   [000237] A:b2d1 X:0037 Y:0000 S:01e6 D:0000 DB:00 nvMXdizC V:172 H: 306 F:15
c01cc2 inx                    A:b2d1 X:0037 Y:0000 S:01e6 D:0000 DB:00 nvMXdizC V:172 H: 338 F:15
c01cc3 bne $1cbf     [c01cbf] A:b2d1 X:0038 Y:0000 S:01e6 D:0000 DB:00 nvMXdizC V:172 H: 350 F:15
c01cbf stz $0200,x   [000238] A:b2d1 X:0038 Y:0000 S:01e6 D:0000 DB:00 nvMXdizC V:172 H: 368 F:15
c01cc2 inx                    A:b2d1 X:0038 Y:0000 S:01e6 D:0000 DB:00 nvMXdizC V:172 H: 400 F:15
c01cc3 bne $1cbf     [c01cbf] A:b2d1 X:0039 Y:0000 S:01e6 D:0000 DB:00 nvMXdizC V:172 H: 412 F:15
c01cbf stz $0200,x   [000239] A:b2d1 X:0039 Y:0000 S:01e6 D:0000 DB:00 nvMXdizC V:172 H: 430 F:15
c01cc2 inx                    A:b2d1 X:0039 Y:0000 S:01e6 D:0000 DB:00 nvMXdizC V:172 H: 462 F:15
c01cc3 bne $1cbf     [c01cbf] A:b2d1 X:003a Y:0000 S:01e6 D:0000 DB:00 nvMXdizC V:172 H: 474 F:15
c01cbf stz $0200,x   [00023a] A:b2d1 X:003a Y:0000 S:01e6 D:0000 DB:00 nvMXdizC V:172 H: 492 F:15
c01cc2 inx                    A:b2d1 X:003a Y:0000 S:01e6 D:0000 DB:00 nvMXdizC V:172 H: 524 F:15
c01cc3 bne $1cbf     [c01cbf] A:b2d1 X:003b Y:0000 S:01e6 D:0000 DB:00 nvMXdizC V:172 H: 576 F:15
c01cbf stz $0200,x   [00023b] A:b2d1 X:003b Y:0000 S:01e6 D:0000 DB:00 nvMXdizC V:172 H: 594 F:15
c01cc2 inx                    A:b2d1 X:003b Y:0000 S:01e6 D:0000 DB:00 nvMXdizC V:172 H: 626 F:15
c01cc3 bne $1cbf     [c01cbf] A:b2d1 X:003c Y:0000 S:01e6 D:0000 DB:00 nvMXdizC V:172 H: 638 F:15
c01cbf stz $0200,x   [00023c] A:b2d1 X:003c Y:0000 S:01e6 D:0000 DB:00 nvMXdizC V:172 H: 656 F:15
c01cc2 inx                    A:b2d1 X:003c Y:0000 S:01e6 D:0000 DB:00 nvMXdizC V:172 H: 688 F:15
c01cc3 bne $1cbf     [c01cbf] A:b2d1 X:003d Y:0000 S:01e6 D:0000 DB:00 nvMXdizC V:172 H: 700 F:15
c01cbf stz $0200,x   [00023d] A:b2d1 X:003d Y:0000 S:01e6 D:0000 DB:00 nvMXdizC V:172 H: 718 F:15
c01cc2 inx                    A:b2d1 X:003d Y:0000 S:01e6 D:0000 DB:00 nvMXdizC V:172 H: 750 F:15
c01cc3 bne $1cbf     [c01cbf] A:b2d1 X:003e Y:0000 S:01e6 D:0000 DB:00 nvMXdizC V:172 H: 762 F:15
c01cbf stz $0200,x   [00023e] A:b2d1 X:003e Y:0000 S:01e6 D:0000 DB:00 nvMXdizC V:172 H: 780 F:15
c01cc2 inx                    A:b2d1 X:003e Y:0000 S:01e6 D:0000 DB:00 nvMXdizC V:172 H: 812 F:15
c01cc3 bne $1cbf     [c01cbf] A:b2d1 X:003f Y:0000 S:01e6 D:0000 DB:00 nvMXdizC V:172 H: 824 F:15
c01cbf stz $0200,x   [00023f] A:b2d1 X:003f Y:0000 S:01e6 D:0000 DB:00 nvMXdizC V:172 H: 842 F:15
c01cc2 inx                    A:b2d1 X:003f Y:0000 S:01e6 D:0000 DB:00 nvMXdizC V:172 H: 874 F:15
c01cc3 bne $1cbf     [c01cbf] A:b2d1 X:0040 Y:0000 S:01e6 D:0000 DB:00 nvMXdizC V:172 H: 886 F:15
c01cbf stz $0200,x   [000240] A:b2d1 X:0040 Y:0000 S:01e6 D:0000 DB:00 nvMXdizC V:172 H: 904 F:15
c01cc2 inx                    A:b2d1 X:0040 Y:0000 S:01e6 D:0000 DB:00 nvMXdizC V:172 H: 936 F:15
c01cc3 bne $1cbf     [c01cbf] A:b2d1 X:0041 Y:0000 S:01e6 D:0000 DB:00 nvMXdizC V:172 H: 948 F:15
c01cbf stz $0200,x   [000241] A:b2d1 X:0041 Y:0000 S:01e6 D:0000 DB:00 nvMXdizC V:172 H: 966 F:15
c01cc2 inx                    A:b2d1 X:0041 Y:0000 S:01e6 D:0000 DB:00 nvMXdizC V:172 H: 998 F:15
c01cc3 bne $1cbf     [c01cbf] A:b2d1 X:0042 Y:0000 S:01e6 D:0000 DB:00 nvMXdizC V:172 H:1010 F:15
c01cbf stz $0200,x   [000242] A:b2d1 X:0042 Y:0000 S:01e6 D:0000 DB:00 nvMXdizC V:172 H:1028 F:15
c01cc2 inx                    A:b2d1 X:0042 Y:0000 S:01e6 D:0000 DB:00 nvMXdizC V:172 H:1060 F:15
c01cc3 bne $1cbf     [c01cbf] A:b2d1 X:0043 Y:0000 S:01e6 D:0000 DB:00 nvMXdizC V:172 H:1072 F:15
c01cbf stz $0200,x   [000243] A:b2d1 X:0043 Y:0000 S:01e6 D:0000 DB:00 nvMXdizC V:172 H:1090 F:15
c01cc2 inx                    A:b2d1 X:0043 Y:0000 S:01e6 D:0000 DB:00 nvMXdizC V:172 H:1122 F:15
c01cc3 bne $1cbf     [c01cbf] A:b2d1 X:0044 Y:0000 S:01e6 D:0000 DB:00 nvMXdizC V:172 H:1134 F:15
c01cbf stz $0200,x   [000244] A:b2d1 X:0044 Y:0000 S:01e6 D:0000 DB:00 nvMXdizC V:172 H:1152 F:15
c01cc2 inx                    A:b2d1 X:0044 Y:0000 S:01e6 D:0000 DB:00 nvMXdizC V:172 H:1184 F:15
c01cc3 bne $1cbf     [c01cbf] A:b2d1 X:0045 Y:0000 S:01e6 D:0000 DB:00 nvMXdizC V:172 H:1196 F:15
c01cbf stz $0200,x   [000245] A:b2d1 X:0045 Y:0000 S:01e6 D:0000 DB:00 nvMXdizC V:172 H:1214 F:15
c01cc2 inx                    A:b2d1 X:0045 Y:0000 S:01e6 D:0000 DB:00 nvMXdizC V:172 H:1246 F:15
c01cc3 bne $1cbf     [c01cbf] A:b2d1 X:0046 Y:0000 S:01e6 D:0000 DB:00 nvMXdizC V:172 H:1258 F:15
c01cbf stz $0200,x   [000246] A:b2d1 X:0046 Y:0000 S:01e6 D:0000 DB:00 nvMXdizC V:172 H:1276 F:15
c01cc2 inx                    A:b2d1 X:0046 Y:0000 S:01e6 D:0000 DB:00 nvMXdizC V:172 H:1308 F:15
c01cc3 bne $1cbf     [c01cbf] A:b2d1 X:0047 Y:0000 S:01e6 D:0000 DB:00 nvMXdizC V:172 H:1320 F:15
c01cbf stz $0200,x   [000247] A:b2d1 X:0047 Y:0000 S:01e6 D:0000 DB:00 nvMXdizC V:172 H:1338 F:15
c01cc2 inx                    A:b2d1 X:0047 Y:0000 S:01e6 D:0000 DB:00 nvMXdizC V:173 H:   6 F:15
c01cc3 bne $1cbf     [c01cbf] A:b2d1 X:0048 Y:0000 S:01e6 D:0000 DB:00 nvMXdizC V:173 H:  18 F:15
c01cbf stz $0200,x   [000248] A:b2d1 X:0048 Y:0000 S:01e6 D:0000 DB:00 nvMXdizC V:173 H:  36 F:15
c01cc2 inx                    A:b2d1 X:0048 Y:0000 S:01e6 D:0000 DB:00 nvMXdizC V:173 H:  68 F:15
c01cc3 bne $1cbf     [c01cbf] A:b2d1 X:0049 Y:0000 S:01e6 D:0000 DB:00 nvMXdizC V:173 H:  80 F:15
c01cbf stz $0200,x   [000249] A:b2d1 X:0049 Y:0000 S:01e6 D:0000 DB:00 nvMXdizC V:173 H:  98 F:15
c01cc2 inx                    A:b2d1 X:0049 Y:0000 S:01e6 D:0000 DB:00 nvMXdizC V:173 H: 130 F:15
c01cc3 bne $1cbf     [c01cbf] A:b2d1 X:004a Y:0000 S:01e6 D:0000 DB:00 nvMXdizC V:173 H: 142 F:15
c01cbf stz $0200,x   [00024a] A:b2d1 X:004a Y:0000 S:01e6 D:0000 DB:00 nvMXdizC V:173 H: 160 F:15
c01cc2 inx                    A:b2d1 X:004a Y:0000 S:01e6 D:0000 DB:00 nvMXdizC V:173 H: 192 F:15
c01cc3 bne $1cbf     [c01cbf] A:b2d1 X:004b Y:0000 S:01e6 D:0000 DB:00 nvMXdizC V:173 H: 204 F:15
c01cbf stz $0200,x   [00024b] A:b2d1 X:004b Y:0000 S:01e6 D:0000 DB:00 nvMXdizC V:173 H: 222 F:15
c01cc2 inx                    A:b2d1 X:004b Y:0000 S:01e6 D:0000 DB:00 nvMXdizC V:173 H: 254 F:15
c01cc3 bne $1cbf     [c01cbf] A:b2d1 X:004c Y:0000 S:01e6 D:0000 DB:00 nvMXdizC V:173 H: 266 F:15
c01cbf stz $0200,x   [00024c] A:b2d1 X:004c Y:0000 S:01e6 D:0000 DB:00 nvMXdizC V:173 H: 284 F:15
c01cc2 inx                    A:b2d1 X:004c Y:0000 S:01e6 D:0000 DB:00 nvMXdizC V:173 H: 316 F:15
c01cc3 bne $1cbf     [c01cbf] A:b2d1 X:004d Y:0000 S:01e6 D:0000 DB:00 nvMXdizC V:173 H: 328 F:15
c01cbf stz $0200,x   [00024d] A:b2d1 X:004d Y:0000 S:01e6 D:0000 DB:00 nvMXdizC V:173 H: 346 F:15
c01cc2 inx                    A:b2d1 X:004d Y:0000 S:01e6 D:0000 DB:00 nvMXdizC V:173 H: 378 F:15
c01cc3 bne $1cbf     [c01cbf] A:b2d1 X:004e Y:0000 S:01e6 D:0000 DB:00 nvMXdizC V:173 H: 390 F:15
c01cbf stz $0200,x   [00024e] A:b2d1 X:004e Y:0000 S:01e6 D:0000 DB:00 nvMXdizC V:173 H: 408 F:15
c01cc2 inx                    A:b2d1 X:004e Y:0000 S:01e6 D:0000 DB:00 nvMXdizC V:173 H: 440 F:15
c01cc3 bne $1cbf     [c01cbf] A:b2d1 X:004f Y:0000 S:01e6 D:0000 DB:00 nvMXdizC V:173 H: 452 F:15
c01cbf stz $0200,x   [00024f] A:b2d1 X:004f Y:0000 S:01e6 D:0000 DB:00 nvMXdizC V:173 H: 470 F:15
c01cc2 inx                    A:b2d1 X:004f Y:0000 S:01e6 D:0000 DB:00 nvMXdizC V:173 H: 502 F:15
c01cc3 bne $1cbf     [c01cbf] A:b2d1 X:0050 Y:0000 S:01e6 D:0000 DB:00 nvMXdizC V:173 H: 514 F:15
c01cbf stz $0200,x   [000250] A:b2d1 X:0050 Y:0000 S:01e6 D:0000 DB:00 nvMXdizC V:173 H: 532 F:15
c01cc2 inx                    A:b2d1 X:0050 Y:0000 S:01e6 D:0000 DB:00 nvMXdizC V:173 H: 604 F:15
c01cc3 bne $1cbf     [c01cbf] A:b2d1 X:0051 Y:0000 S:01e6 D:0000 DB:00 nvMXdizC V:173 H: 616 F:15
c01cbf stz $0200,x   [000251] A:b2d1 X:0051 Y:0000 S:01e6 D:0000 DB:00 nvMXdizC V:173 H: 634 F:15
c01cc2 inx                    A:b2d1 X:0051 Y:0000 S:01e6 D:0000 DB:00 nvMXdizC V:173 H: 666 F:15
c01cc3 bne $1cbf     [c01cbf] A:b2d1 X:0052 Y:0000 S:01e6 D:0000 DB:00 nvMXdizC V:173 H: 678 F:15
c01cbf stz $0200,x   [000252] A:b2d1 X:0052 Y:0000 S:01e6 D:0000 DB:00 nvMXdizC V:173 H: 696 F:15
c01cc2 inx                    A:b2d1 X:0052 Y:0000 S:01e6 D:0000 DB:00 nvMXdizC V:173 H: 728 F:15
c01cc3 bne $1cbf     [c01cbf] A:b2d1 X:0053 Y:0000 S:01e6 D:0000 DB:00 nvMXdizC V:173 H: 740 F:15
c01cbf stz $0200,x   [000253] A:b2d1 X:0053 Y:0000 S:01e6 D:0000 DB:00 nvMXdizC V:173 H: 758 F:15
c01cc2 inx                    A:b2d1 X:0053 Y:0000 S:01e6 D:0000 DB:00 nvMXdizC V:173 H: 790 F:15
c01cc3 bne $1cbf     [c01cbf] A:b2d1 X:0054 Y:0000 S:01e6 D:0000 DB:00 nvMXdizC V:173 H: 802 F:15
c01cbf stz $0200,x   [000254] A:b2d1 X:0054 Y:0000 S:01e6 D:0000 DB:00 nvMXdizC V:173 H: 820 F:15
c01cc2 inx                    A:b2d1 X:0054 Y:0000 S:01e6 D:0000 DB:00 nvMXdizC V:173 H: 852 F:15
c01cc3 bne $1cbf     [c01cbf] A:b2d1 X:0055 Y:0000 S:01e6 D:0000 DB:00 nvMXdizC V:173 H: 864 F:15
c01cbf stz $0200,x   [000255] A:b2d1 X:0055 Y:0000 S:01e6 D:0000 DB:00 nvMXdizC V:173 H: 882 F:15
c01cc2 inx                    A:b2d1 X:0055 Y:0000 S:01e6 D:0000 DB:00 nvMXdizC V:173 H: 914 F:15
c01cc3 bne $1cbf     [c01cbf] A:b2d1 X:0056 Y:0000 S:01e6 D:0000 DB:00 nvMXdizC V:173 H: 926 F:15
c01cbf stz $0200,x   [000256] A:b2d1 X:0056 Y:0000 S:01e6 D:0000 DB:00 nvMXdizC V:173 H: 944 F:15
c01cc2 inx                    A:b2d1 X:0056 Y:0000 S:01e6 D:0000 DB:00 nvMXdizC V:173 H: 976 F:15
c01cc3 bne $1cbf     [c01cbf] A:b2d1 X:0057 Y:0000 S:01e6 D:0000 DB:00 nvMXdizC V:173 H: 988 F:15
c01cbf stz $0200,x   [000257] A:b2d1 X:0057 Y:0000 S:01e6 D:0000 DB:00 nvMXdizC V:173 H:1006 F:15
c01cc2 inx                    A:b2d1 X:0057 Y:0000 S:01e6 D:0000 DB:00 nvMXdizC V:173 H:1038 F:15
c01cc3 bne $1cbf     [c01cbf] A:b2d1 X:0058 Y:0000 S:01e6 D:0000 DB:00 nvMXdizC V:173 H:1050 F:15
c01cbf stz $0200,x   [000258] A:b2d1 X:0058 Y:0000 S:01e6 D:0000 DB:00 nvMXdizC V:173 H:1068 F:15
c01cc2 inx                    A:b2d1 X:0058 Y:0000 S:01e6 D:0000 DB:00 nvMXdizC V:173 H:1100 F:15
c01cc3 bne $1cbf     [c01cbf] A:b2d1 X:0059 Y:0000 S:01e6 D:0000 DB:00 nvMXdizC V:173 H:1112 F:15
c01cbf stz $0200,x   [000259] A:b2d1 X:0059 Y:0000 S:01e6 D:0000 DB:00 nvMXdizC V:173 H:1130 F:15
c01cc2 inx                    A:b2d1 X:0059 Y:0000 S:01e6 D:0000 DB:00 nvMXdizC V:173 H:1162 F:15
c01cc3 bne $1cbf     [c01cbf] A:b2d1 X:005a Y:0000 S:01e6 D:0000 DB:00 nvMXdizC V:173 H:1174 F:15
c01cbf stz $0200,x   [00025a] A:b2d1 X:005a Y:0000 S:01e6 D:0000 DB:00 nvMXdizC V:173 H:1192 F:15
c01cc2 inx                    A:b2d1 X:005a Y:0000 S:01e6 D:0000 DB:00 nvMXdizC V:173 H:1224 F:15
c01cc3 bne $1cbf     [c01cbf] A:b2d1 X:005b Y:0000 S:01e6 D:0000 DB:00 nvMXdizC V:173 H:1236 F:15
c01cbf stz $0200,x   [00025b] A:b2d1 X:005b Y:0000 S:01e6 D:0000 DB:00 nvMXdizC V:173 H:1254 F:15
c01cc2 inx                    A:b2d1 X:005b Y:0000 S:01e6 D:0000 DB:00 nvMXdizC V:173 H:1286 F:15
c01cc3 bne $1cbf     [c01cbf] A:b2d1 X:005c Y:0000 S:01e6 D:0000 DB:00 nvMXdizC V:173 H:1298 F:15
c01cbf stz $0200,x   [00025c] A:b2d1 X:005c Y:0000 S:01e6 D:0000 DB:00 nvMXdizC V:173 H:1316 F:15
c01cc2 inx                    A:b2d1 X:005c Y:0000 S:01e6 D:0000 DB:00 nvMXdizC V:173 H:1348 F:15
c01cc3 bne $1cbf     [c01cbf] A:b2d1 X:005d Y:0000 S:01e6 D:0000 DB:00 nvMXdizC V:173 H:1360 F:15
c01cbf stz $0200,x   [00025d] A:b2d1 X:005d Y:0000 S:01e6 D:0000 DB:00 nvMXdizC V:174 H:  14 F:15
c01cc2 inx                    A:b2d1 X:005d Y:0000 S:01e6 D:0000 DB:00 nvMXdizC V:174 H:  46 F:15
c01cc3 bne $1cbf     [c01cbf] A:b2d1 X:005e Y:0000 S:01e6 D:0000 DB:00 nvMXdizC V:174 H:  58 F:15
c01cbf stz $0200,x   [00025e] A:b2d1 X:005e Y:0000 S:01e6 D:0000 DB:00 nvMXdizC V:174 H:  76 F:15
c01cc2 inx                    A:b2d1 X:005e Y:0000 S:01e6 D:0000 DB:00 nvMXdizC V:174 H: 108 F:15
c01cc3 bne $1cbf     [c01cbf] A:b2d1 X:005f Y:0000 S:01e6 D:0000 DB:00 nvMXdizC V:174 H: 120 F:15
c01cbf stz $0200,x   [00025f] A:b2d1 X:005f Y:0000 S:01e6 D:0000 DB:00 nvMXdizC V:174 H: 138 F:15
c01cc2 inx                    A:b2d1 X:005f Y:0000 S:01e6 D:0000 DB:00 nvMXdizC V:174 H: 170 F:15
c01cc3 bne $1cbf     [c01cbf] A:b2d1 X:0060 Y:0000 S:01e6 D:0000 DB:00 nvMXdizC V:174 H: 182 F:15
c01cbf stz $0200,x   [000260] A:b2d1 X:0060 Y:0000 S:01e6 D:0000 DB:00 nvMXdizC V:174 H: 200 F:15
c01cc2 inx                    A:b2d1 X:0060 Y:0000 S:01e6 D:0000 DB:00 nvMXdizC V:174 H: 232 F:15
c01cc3 bne $1cbf     [c01cbf] A:b2d1 X:0061 Y:0000 S:01e6 D:0000 DB:00 nvMXdizC V:174 H: 244 F:15
c01cbf stz $0200,x   [000261] A:b2d1 X:0061 Y:0000 S:01e6 D:0000 DB:00 nvMXdizC V:174 H: 262 F:15
c01cc2 inx                    A:b2d1 X:0061 Y:0000 S:01e6 D:0000 DB:00 nvMXdizC V:174 H: 294 F:15
c01cc3 bne $1cbf     [c01cbf] A:b2d1 X:0062 Y:0000 S:01e6 D:0000 DB:00 nvMXdizC V:174 H: 306 F:15
c01cbf stz $0200,x   [000262] A:b2d1 X:0062 Y:0000 S:01e6 D:0000 DB:00 nvMXdizC V:174 H: 324 F:15
c01cc2 inx                    A:b2d1 X:0062 Y:0000 S:01e6 D:0000 DB:00 nvMXdizC V:174 H: 356 F:15
c01cc3 bne $1cbf     [c01cbf] A:b2d1 X:0063 Y:0000 S:01e6 D:0000 DB:00 nvMXdizC V:174 H: 368 F:15
c01cbf stz $0200,x   [000263] A:b2d1 X:0063 Y:0000 S:01e6 D:0000 DB:00 nvMXdizC V:174 H: 386 F:15
c01cc2 inx                    A:b2d1 X:0063 Y:0000 S:01e6 D:0000 DB:00 nvMXdizC V:174 H: 418 F:15
c01cc3 bne $1cbf     [c01cbf] A:b2d1 X:0064 Y:0000 S:01e6 D:0000 DB:00 nvMXdizC V:174 H: 430 F:15
c01cbf stz $0200,x   [000264] A:b2d1 X:0064 Y:0000 S:01e6 D:0000 DB:00 nvMXdizC V:174 H: 448 F:15
c01cc2 inx                    A:b2d1 X:0064 Y:0000 S:01e6 D:0000 DB:00 nvMXdizC V:174 H: 480 F:15
c01cc3 bne $1cbf     [c01cbf] A:b2d1 X:0065 Y:0000 S:01e6 D:0000 DB:00 nvMXdizC V:174 H: 492 F:15
c01cbf stz $0200,x   [000265] A:b2d1 X:0065 Y:0000 S:01e6 D:0000 DB:00 nvMXdizC V:174 H: 510 F:15
c01cc2 inx                    A:b2d1 X:0065 Y:0000 S:01e6 D:0000 DB:00 nvMXdizC V:174 H: 582 F:15
c01cc3 bne $1cbf     [c01cbf] A:b2d1 X:0066 Y:0000 S:01e6 D:0000 DB:00 nvMXdizC V:174 H: 594 F:15
c01cbf stz $0200,x   [000266] A:b2d1 X:0066 Y:0000 S:01e6 D:0000 DB:00 nvMXdizC V:174 H: 612 F:15
c01cc2 inx                    A:b2d1 X:0066 Y:0000 S:01e6 D:0000 DB:00 nvMXdizC V:174 H: 644 F:15
c01cc3 bne $1cbf     [c01cbf] A:b2d1 X:0067 Y:0000 S:01e6 D:0000 DB:00 nvMXdizC V:174 H: 656 F:15
c01cbf stz $0200,x   [000267] A:b2d1 X:0067 Y:0000 S:01e6 D:0000 DB:00 nvMXdizC V:174 H: 674 F:15
c01cc2 inx                    A:b2d1 X:0067 Y:0000 S:01e6 D:0000 DB:00 nvMXdizC V:174 H: 706 F:15
c01cc3 bne $1cbf     [c01cbf] A:b2d1 X:0068 Y:0000 S:01e6 D:0000 DB:00 nvMXdizC V:174 H: 718 F:15
c01cbf stz $0200,x   [000268] A:b2d1 X:0068 Y:0000 S:01e6 D:0000 DB:00 nvMXdizC V:174 H: 736 F:15
c01cc2 inx                    A:b2d1 X:0068 Y:0000 S:01e6 D:0000 DB:00 nvMXdizC V:174 H: 768 F:15
c01cc3 bne $1cbf     [c01cbf] A:b2d1 X:0069 Y:0000 S:01e6 D:0000 DB:00 nvMXdizC V:174 H: 780 F:15
c01cbf stz $0200,x   [000269] A:b2d1 X:0069 Y:0000 S:01e6 D:0000 DB:00 nvMXdizC V:174 H: 798 F:15
c01cc2 inx                    A:b2d1 X:0069 Y:0000 S:01e6 D:0000 DB:00 nvMXdizC V:174 H: 830 F:15
c01cc3 bne $1cbf     [c01cbf] A:b2d1 X:006a Y:0000 S:01e6 D:0000 DB:00 nvMXdizC V:174 H: 842 F:15
c01cbf stz $0200,x   [00026a] A:b2d1 X:006a Y:0000 S:01e6 D:0000 DB:00 nvMXdizC V:174 H: 860 F:15
c01cc2 inx                    A:b2d1 X:006a Y:0000 S:01e6 D:0000 DB:00 nvMXdizC V:174 H: 892 F:15
c01cc3 bne $1cbf     [c01cbf] A:b2d1 X:006b Y:0000 S:01e6 D:0000 DB:00 nvMXdizC V:174 H: 904 F:15
c01cbf stz $0200,x   [00026b] A:b2d1 X:006b Y:0000 S:01e6 D:0000 DB:00 nvMXdizC V:174 H: 922 F:15
c01cc2 inx                    A:b2d1 X:006b Y:0000 S:01e6 D:0000 DB:00 nvMXdizC V:174 H: 954 F:15
c01cc3 bne $1cbf     [c01cbf] A:b2d1 X:006c Y:0000 S:01e6 D:0000 DB:00 nvMXdizC V:174 H: 966 F:15
c01cbf stz $0200,x   [00026c] A:b2d1 X:006c Y:0000 S:01e6 D:0000 DB:00 nvMXdizC V:174 H: 984 F:15
c01cc2 inx                    A:b2d1 X:006c Y:0000 S:01e6 D:0000 DB:00 nvMXdizC V:174 H:1016 F:15
c01cc3 bne $1cbf     [c01cbf] A:b2d1 X:006d Y:0000 S:01e6 D:0000 DB:00 nvMXdizC V:174 H:1028 F:15
c01cbf stz $0200,x   [00026d] A:b2d1 X:006d Y:0000 S:01e6 D:0000 DB:00 nvMXdizC V:174 H:1046 F:15
c01cc2 inx                    A:b2d1 X:006d Y:0000 S:01e6 D:0000 DB:00 nvMXdizC V:174 H:1078 F:15
c01cc3 bne $1cbf     [c01cbf] A:b2d1 X:006e Y:0000 S:01e6 D:0000 DB:00 nvMXdizC V:174 H:1090 F:15
c01cbf stz $0200,x   [00026e] A:b2d1 X:006e Y:0000 S:01e6 D:0000 DB:00 nvMXdizC V:174 H:1108 F:15
c01cc2 inx                    A:b2d1 X:006e Y:0000 S:01e6 D:0000 DB:00 nvMXdizC V:174 H:1140 F:15
c01cc3 bne $1cbf     [c01cbf] A:b2d1 X:006f Y:0000 S:01e6 D:0000 DB:00 nvMXdizC V:174 H:1152 F:15
c01cbf stz $0200,x   [00026f] A:b2d1 X:006f Y:0000 S:01e6 D:0000 DB:00 nvMXdizC V:174 H:1170 F:15
c01cc2 inx                    A:b2d1 X:006f Y:0000 S:01e6 D:0000 DB:00 nvMXdizC V:174 H:1202 F:15
c01cc3 bne $1cbf     [c01cbf] A:b2d1 X:0070 Y:0000 S:01e6 D:0000 DB:00 nvMXdizC V:174 H:1214 F:15
c01cbf stz $0200,x   [000270] A:b2d1 X:0070 Y:0000 S:01e6 D:0000 DB:00 nvMXdizC V:174 H:1232 F:15
c01cc2 inx                    A:b2d1 X:0070 Y:0000 S:01e6 D:0000 DB:00 nvMXdizC V:174 H:1264 F:15
c01cc3 bne $1cbf     [c01cbf] A:b2d1 X:0071 Y:0000 S:01e6 D:0000 DB:00 nvMXdizC V:174 H:1276 F:15
c01cbf stz $0200,x   [000271] A:b2d1 X:0071 Y:0000 S:01e6 D:0000 DB:00 nvMXdizC V:174 H:1294 F:15
c01cc2 inx                    A:b2d1 X:0071 Y:0000 S:01e6 D:0000 DB:00 nvMXdizC V:174 H:1326 F:15
c01cc3 bne $1cbf     [c01cbf] A:b2d1 X:0072 Y:0000 S:01e6 D:0000 DB:00 nvMXdizC V:174 H:1338 F:15
c01cbf stz $0200,x   [000272] A:b2d1 X:0072 Y:0000 S:01e6 D:0000 DB:00 nvMXdizC V:174 H:1356 F:15
c01cc2 inx                    A:b2d1 X:0072 Y:0000 S:01e6 D:0000 DB:00 nvMXdizC V:175 H:  24 F:15
c01cc3 bne $1cbf     [c01cbf] A:b2d1 X:0073 Y:0000 S:01e6 D:0000 DB:00 nvMXdizC V:175 H:  36 F:15
c01cbf stz $0200,x   [000273] A:b2d1 X:0073 Y:0000 S:01e6 D:0000 DB:00 nvMXdizC V:175 H:  54 F:15
c01cc2 inx                    A:b2d1 X:0073 Y:0000 S:01e6 D:0000 DB:00 nvMXdizC V:175 H:  86 F:15
c01cc3 bne $1cbf     [c01cbf] A:b2d1 X:0074 Y:0000 S:01e6 D:0000 DB:00 nvMXdizC V:175 H:  98 F:15
c01cbf stz $0200,x   [000274] A:b2d1 X:0074 Y:0000 S:01e6 D:0000 DB:00 nvMXdizC V:175 H: 116 F:15
c01cc2 inx                    A:b2d1 X:0074 Y:0000 S:01e6 D:0000 DB:00 nvMXdizC V:175 H: 148 F:15
c01cc3 bne $1cbf     [c01cbf] A:b2d1 X:0075 Y:0000 S:01e6 D:0000 DB:00 nvMXdizC V:175 H: 160 F:15
c01cbf stz $0200,x   [000275] A:b2d1 X:0075 Y:0000 S:01e6 D:0000 DB:00 nvMXdizC V:175 H: 178 F:15
c01cc2 inx                    A:b2d1 X:0075 Y:0000 S:01e6 D:0000 DB:00 nvMXdizC V:175 H: 210 F:15
c01cc3 bne $1cbf     [c01cbf] A:b2d1 X:0076 Y:0000 S:01e6 D:0000 DB:00 nvMXdizC V:175 H: 222 F:15
c01cbf stz $0200,x   [000276] A:b2d1 X:0076 Y:0000 S:01e6 D:0000 DB:00 nvMXdizC V:175 H: 240 F:15
c01cc2 inx                    A:b2d1 X:0076 Y:0000 S:01e6 D:0000 DB:00 nvMXdizC V:175 H: 272 F:15
c01cc3 bne $1cbf     [c01cbf] A:b2d1 X:0077 Y:0000 S:01e6 D:0000 DB:00 nvMXdizC V:175 H: 284 F:15
c01cbf stz $0200,x   [000277] A:b2d1 X:0077 Y:0000 S:01e6 D:0000 DB:00 nvMXdizC V:175 H: 302 F:15
c01cc2 inx                    A:b2d1 X:0077 Y:0000 S:01e6 D:0000 DB:00 nvMXdizC V:175 H: 334 F:15
c01cc3 bne $1cbf     [c01cbf] A:b2d1 X:0078 Y:0000 S:01e6 D:0000 DB:00 nvMXdizC V:175 H: 346 F:15
c01cbf stz $0200,x   [000278] A:b2d1 X:0078 Y:0000 S:01e6 D:0000 DB:00 nvMXdizC V:175 H: 364 F:15
c01cc2 inx                    A:b2d1 X:0078 Y:0000 S:01e6 D:0000 DB:00 nvMXdizC V:175 H: 396 F:15
c01cc3 bne $1cbf     [c01cbf] A:b2d1 X:0079 Y:0000 S:01e6 D:0000 DB:00 nvMXdizC V:175 H: 408 F:15
c01cbf stz $0200,x   [000279] A:b2d1 X:0079 Y:0000 S:01e6 D:0000 DB:00 nvMXdizC V:175 H: 426 F:15
c01cc2 inx                    A:b2d1 X:0079 Y:0000 S:01e6 D:0000 DB:00 nvMXdizC V:175 H: 458 F:15
c01cc3 bne $1cbf     [c01cbf] A:b2d1 X:007a Y:0000 S:01e6 D:0000 DB:00 nvMXdizC V:175 H: 470 F:15
c01cbf stz $0200,x   [00027a] A:b2d1 X:007a Y:0000 S:01e6 D:0000 DB:00 nvMXdizC V:175 H: 488 F:15
c01cc2 inx                    A:b2d1 X:007a Y:0000 S:01e6 D:0000 DB:00 nvMXdizC V:175 H: 520 F:15
c01cc3 bne $1cbf     [c01cbf] A:b2d1 X:007b Y:0000 S:01e6 D:0000 DB:00 nvMXdizC V:175 H: 532 F:15
c01cbf stz $0200,x   [00027b] A:b2d1 X:007b Y:0000 S:01e6 D:0000 DB:00 nvMXdizC V:175 H: 590 F:15
c01cc2 inx                    A:b2d1 X:007b Y:0000 S:01e6 D:0000 DB:00 nvMXdizC V:175 H: 622 F:15
c01cc3 bne $1cbf     [c01cbf] A:b2d1 X:007c Y:0000 S:01e6 D:0000 DB:00 nvMXdizC V:175 H: 634 F:15
c01cbf stz $0200,x   [00027c] A:b2d1 X:007c Y:0000 S:01e6 D:0000 DB:00 nvMXdizC V:175 H: 652 F:15
c01cc2 inx                    A:b2d1 X:007c Y:0000 S:01e6 D:0000 DB:00 nvMXdizC V:175 H: 684 F:15
c01cc3 bne $1cbf     [c01cbf] A:b2d1 X:007d Y:0000 S:01e6 D:0000 DB:00 nvMXdizC V:175 H: 696 F:15
c01cbf stz $0200,x   [00027d] A:b2d1 X:007d Y:0000 S:01e6 D:0000 DB:00 nvMXdizC V:175 H: 714 F:15
c01cc2 inx                    A:b2d1 X:007d Y:0000 S:01e6 D:0000 DB:00 nvMXdizC V:175 H: 746 F:15
c01cc3 bne $1cbf     [c01cbf] A:b2d1 X:007e Y:0000 S:01e6 D:0000 DB:00 nvMXdizC V:175 H: 758 F:15
c01cbf stz $0200,x   [00027e] A:b2d1 X:007e Y:0000 S:01e6 D:0000 DB:00 nvMXdizC V:175 H: 776 F:15
c01cc2 inx                    A:b2d1 X:007e Y:0000 S:01e6 D:0000 DB:00 nvMXdizC V:175 H: 808 F:15
c01cc3 bne $1cbf     [c01cbf] A:b2d1 X:007f Y:0000 S:01e6 D:0000 DB:00 nvMXdizC V:175 H: 820 F:15
c01cbf stz $0200,x   [00027f] A:b2d1 X:007f Y:0000 S:01e6 D:0000 DB:00 nvMXdizC V:175 H: 838 F:15
c01cc2 inx                    A:b2d1 X:007f Y:0000 S:01e6 D:0000 DB:00 nvMXdizC V:175 H: 870 F:15
c01cc3 bne $1cbf     [c01cbf] A:b2d1 X:0080 Y:0000 S:01e6 D:0000 DB:00 NvMXdizC V:175 H: 882 F:15
c01cbf stz $0200,x   [000280] A:b2d1 X:0080 Y:0000 S:01e6 D:0000 DB:00 NvMXdizC V:175 H: 900 F:15
c01cc2 inx                    A:b2d1 X:0080 Y:0000 S:01e6 D:0000 DB:00 NvMXdizC V:175 H: 932 F:15
c01cc3 bne $1cbf     [c01cbf] A:b2d1 X:0081 Y:0000 S:01e6 D:0000 DB:00 NvMXdizC V:175 H: 944 F:15
c01cbf stz $0200,x   [000281] A:b2d1 X:0081 Y:0000 S:01e6 D:0000 DB:00 NvMXdizC V:175 H: 962 F:15
c01cc2 inx                    A:b2d1 X:0081 Y:0000 S:01e6 D:0000 DB:00 NvMXdizC V:175 H: 994 F:15
c01cc3 bne $1cbf     [c01cbf] A:b2d1 X:0082 Y:0000 S:01e6 D:0000 DB:00 NvMXdizC V:175 H:1006 F:15
c01cbf stz $0200,x   [000282] A:b2d1 X:0082 Y:0000 S:01e6 D:0000 DB:00 NvMXdizC V:175 H:1024 F:15
c01cc2 inx                    A:b2d1 X:0082 Y:0000 S:01e6 D:0000 DB:00 NvMXdizC V:175 H:1056 F:15
c01cc3 bne $1cbf     [c01cbf] A:b2d1 X:0083 Y:0000 S:01e6 D:0000 DB:00 NvMXdizC V:175 H:1068 F:15
c01cbf stz $0200,x   [000283] A:b2d1 X:0083 Y:0000 S:01e6 D:0000 DB:00 NvMXdizC V:175 H:1086 F:15
c01cc2 inx                    A:b2d1 X:0083 Y:0000 S:01e6 D:0000 DB:00 NvMXdizC V:175 H:1118 F:15
c01cc3 bne $1cbf     [c01cbf] A:b2d1 X:0084 Y:0000 S:01e6 D:0000 DB:00 NvMXdizC V:175 H:1130 F:15
c01cbf stz $0200,x   [000284] A:b2d1 X:0084 Y:0000 S:01e6 D:0000 DB:00 NvMXdizC V:175 H:1148 F:15
c01cc2 inx                    A:b2d1 X:0084 Y:0000 S:01e6 D:0000 DB:00 NvMXdizC V:175 H:1180 F:15
c01cc3 bne $1cbf     [c01cbf] A:b2d1 X:0085 Y:0000 S:01e6 D:0000 DB:00 NvMXdizC V:175 H:1192 F:15
c01cbf stz $0200,x   [000285] A:b2d1 X:0085 Y:0000 S:01e6 D:0000 DB:00 NvMXdizC V:175 H:1210 F:15
c01cc2 inx                    A:b2d1 X:0085 Y:0000 S:01e6 D:0000 DB:00 NvMXdizC V:175 H:1242 F:15
c01cc3 bne $1cbf     [c01cbf] A:b2d1 X:0086 Y:0000 S:01e6 D:0000 DB:00 NvMXdizC V:175 H:1254 F:15
c01cbf stz $0200,x   [000286] A:b2d1 X:0086 Y:0000 S:01e6 D:0000 DB:00 NvMXdizC V:175 H:1272 F:15
c01cc2 inx                    A:b2d1 X:0086 Y:0000 S:01e6 D:0000 DB:00 NvMXdizC V:175 H:1304 F:15
c01cc3 bne $1cbf     [c01cbf] A:b2d1 X:0087 Y:0000 S:01e6 D:0000 DB:00 NvMXdizC V:175 H:1316 F:15
c01cbf stz $0200,x   [000287] A:b2d1 X:0087 Y:0000 S:01e6 D:0000 DB:00 NvMXdizC V:175 H:1334 F:15
c01cc2 inx                    A:b2d1 X:0087 Y:0000 S:01e6 D:0000 DB:00 NvMXdizC V:176 H:   2 F:15
c01cc3 bne $1cbf     [c01cbf] A:b2d1 X:0088 Y:0000 S:01e6 D:0000 DB:00 NvMXdizC V:176 H:  14 F:15
c01cbf stz $0200,x   [000288] A:b2d1 X:0088 Y:0000 S:01e6 D:0000 DB:00 NvMXdizC V:176 H:  32 F:15
c01cc2 inx                    A:b2d1 X:0088 Y:0000 S:01e6 D:0000 DB:00 NvMXdizC V:176 H:  64 F:15
c01cc3 bne $1cbf     [c01cbf] A:b2d1 X:0089 Y:0000 S:01e6 D:0000 DB:00 NvMXdizC V:176 H:  76 F:15
c01cbf stz $0200,x   [000289] A:b2d1 X:0089 Y:0000 S:01e6 D:0000 DB:00 NvMXdizC V:176 H:  94 F:15
c01cc2 inx                    A:b2d1 X:0089 Y:0000 S:01e6 D:0000 DB:00 NvMXdizC V:176 H: 126 F:15
c01cc3 bne $1cbf     [c01cbf] A:b2d1 X:008a Y:0000 S:01e6 D:0000 DB:00 NvMXdizC V:176 H: 138 F:15
c01cbf stz $0200,x   [00028a] A:b2d1 X:008a Y:0000 S:01e6 D:0000 DB:00 NvMXdizC V:176 H: 156 F:15
c01cc2 inx                    A:b2d1 X:008a Y:0000 S:01e6 D:0000 DB:00 NvMXdizC V:176 H: 188 F:15
c01cc3 bne $1cbf     [c01cbf] A:b2d1 X:008b Y:0000 S:01e6 D:0000 DB:00 NvMXdizC V:176 H: 200 F:15
c01cbf stz $0200,x   [00028b] A:b2d1 X:008b Y:0000 S:01e6 D:0000 DB:00 NvMXdizC V:176 H: 218 F:15
c01cc2 inx                    A:b2d1 X:008b Y:0000 S:01e6 D:0000 DB:00 NvMXdizC V:176 H: 250 F:15
c01cc3 bne $1cbf     [c01cbf] A:b2d1 X:008c Y:0000 S:01e6 D:0000 DB:00 NvMXdizC V:176 H: 262 F:15
c01cbf stz $0200,x   [00028c] A:b2d1 X:008c Y:0000 S:01e6 D:0000 DB:00 NvMXdizC V:176 H: 280 F:15
c01cc2 inx                    A:b2d1 X:008c Y:0000 S:01e6 D:0000 DB:00 NvMXdizC V:176 H: 312 F:15
c01cc3 bne $1cbf     [c01cbf] A:b2d1 X:008d Y:0000 S:01e6 D:0000 DB:00 NvMXdizC V:176 H: 324 F:15
c01cbf stz $0200,x   [00028d] A:b2d1 X:008d Y:0000 S:01e6 D:0000 DB:00 NvMXdizC V:176 H: 342 F:15
c01cc2 inx                    A:b2d1 X:008d Y:0000 S:01e6 D:0000 DB:00 NvMXdizC V:176 H: 374 F:15
c01cc3 bne $1cbf     [c01cbf] A:b2d1 X:008e Y:0000 S:01e6 D:0000 DB:00 NvMXdizC V:176 H: 386 F:15
c01cbf stz $0200,x   [00028e] A:b2d1 X:008e Y:0000 S:01e6 D:0000 DB:00 NvMXdizC V:176 H: 404 F:15
c01cc2 inx                    A:b2d1 X:008e Y:0000 S:01e6 D:0000 DB:00 NvMXdizC V:176 H: 436 F:15
c01cc3 bne $1cbf     [c01cbf] A:b2d1 X:008f Y:0000 S:01e6 D:0000 DB:00 NvMXdizC V:176 H: 448 F:15
c01cbf stz $0200,x   [00028f] A:b2d1 X:008f Y:0000 S:01e6 D:0000 DB:00 NvMXdizC V:176 H: 466 F:15
c01cc2 inx                    A:b2d1 X:008f Y:0000 S:01e6 D:0000 DB:00 NvMXdizC V:176 H: 498 F:15
c01cc3 bne $1cbf     [c01cbf] A:b2d1 X:0090 Y:0000 S:01e6 D:0000 DB:00 NvMXdizC V:176 H: 510 F:15
c01cbf stz $0200,x   [000290] A:b2d1 X:0090 Y:0000 S:01e6 D:0000 DB:00 NvMXdizC V:176 H: 528 F:15
c01cc2 inx                    A:b2d1 X:0090 Y:0000 S:01e6 D:0000 DB:00 NvMXdizC V:176 H: 600 F:15
c01cc3 bne $1cbf     [c01cbf] A:b2d1 X:0091 Y:0000 S:01e6 D:0000 DB:00 NvMXdizC V:176 H: 612 F:15
c01cbf stz $0200,x   [000291] A:b2d1 X:0091 Y:0000 S:01e6 D:0000 DB:00 NvMXdizC V:176 H: 630 F:15
c01cc2 inx                    A:b2d1 X:0091 Y:0000 S:01e6 D:0000 DB:00 NvMXdizC V:176 H: 662 F:15
c01cc3 bne $1cbf     [c01cbf] A:b2d1 X:0092 Y:0000 S:01e6 D:0000 DB:00 NvMXdizC V:176 H: 674 F:15
c01cbf stz $0200,x   [000292] A:b2d1 X:0092 Y:0000 S:01e6 D:0000 DB:00 NvMXdizC V:176 H: 692 F:15
c01cc2 inx                    A:b2d1 X:0092 Y:0000 S:01e6 D:0000 DB:00 NvMXdizC V:176 H: 724 F:15
c01cc3 bne $1cbf     [c01cbf] A:b2d1 X:0093 Y:0000 S:01e6 D:0000 DB:00 NvMXdizC V:176 H: 736 F:15
c01cbf stz $0200,x   [000293] A:b2d1 X:0093 Y:0000 S:01e6 D:0000 DB:00 NvMXdizC V:176 H: 754 F:15
c01cc2 inx                    A:b2d1 X:0093 Y:0000 S:01e6 D:0000 DB:00 NvMXdizC V:176 H: 786 F:15
c01cc3 bne $1cbf     [c01cbf] A:b2d1 X:0094 Y:0000 S:01e6 D:0000 DB:00 NvMXdizC V:176 H: 798 F:15
c01cbf stz $0200,x   [000294] A:b2d1 X:0094 Y:0000 S:01e6 D:0000 DB:00 NvMXdizC V:176 H: 816 F:15
c01cc2 inx                    A:b2d1 X:0094 Y:0000 S:01e6 D:0000 DB:00 NvMXdizC V:176 H: 848 F:15
c01cc3 bne $1cbf     [c01cbf] A:b2d1 X:0095 Y:0000 S:01e6 D:0000 DB:00 NvMXdizC V:176 H: 860 F:15
c01cbf stz $0200,x   [000295] A:b2d1 X:0095 Y:0000 S:01e6 D:0000 DB:00 NvMXdizC V:176 H: 878 F:15
c01cc2 inx                    A:b2d1 X:0095 Y:0000 S:01e6 D:0000 DB:00 NvMXdizC V:176 H: 910 F:15
c01cc3 bne $1cbf     [c01cbf] A:b2d1 X:0096 Y:0000 S:01e6 D:0000 DB:00 NvMXdizC V:176 H: 922 F:15
c01cbf stz $0200,x   [000296] A:b2d1 X:0096 Y:0000 S:01e6 D:0000 DB:00 NvMXdizC V:176 H: 940 F:15
c01cc2 inx                    A:b2d1 X:0096 Y:0000 S:01e6 D:0000 DB:00 NvMXdizC V:176 H: 972 F:15
c01cc3 bne $1cbf     [c01cbf] A:b2d1 X:0097 Y:0000 S:01e6 D:0000 DB:00 NvMXdizC V:176 H: 984 F:15
c01cbf stz $0200,x   [000297] A:b2d1 X:0097 Y:0000 S:01e6 D:0000 DB:00 NvMXdizC V:176 H:1002 F:15
c01cc2 inx                    A:b2d1 X:0097 Y:0000 S:01e6 D:0000 DB:00 NvMXdizC V:176 H:1034 F:15
c01cc3 bne $1cbf     [c01cbf] A:b2d1 X:0098 Y:0000 S:01e6 D:0000 DB:00 NvMXdizC V:176 H:1046 F:15
c01cbf stz $0200,x   [000298] A:b2d1 X:0098 Y:0000 S:01e6 D:0000 DB:00 NvMXdizC V:176 H:1064 F:15
c01cc2 inx                    A:b2d1 X:0098 Y:0000 S:01e6 D:0000 DB:00 NvMXdizC V:176 H:1096 F:15
c01cc3 bne $1cbf     [c01cbf] A:b2d1 X:0099 Y:0000 S:01e6 D:0000 DB:00 NvMXdizC V:176 H:1108 F:15
c01cbf stz $0200,x   [000299] A:b2d1 X:0099 Y:0000 S:01e6 D:0000 DB:00 NvMXdizC V:176 H:1126 F:15
c01cc2 inx                    A:b2d1 X:0099 Y:0000 S:01e6 D:0000 DB:00 NvMXdizC V:176 H:1158 F:15
c01cc3 bne $1cbf     [c01cbf] A:b2d1 X:009a Y:0000 S:01e6 D:0000 DB:00 NvMXdizC V:176 H:1170 F:15
c01cbf stz $0200,x   [00029a] A:b2d1 X:009a Y:0000 S:01e6 D:0000 DB:00 NvMXdizC V:176 H:1188 F:15
c01cc2 inx                    A:b2d1 X:009a Y:0000 S:01e6 D:0000 DB:00 NvMXdizC V:176 H:1220 F:15
c01cc3 bne $1cbf     [c01cbf] A:b2d1 X:009b Y:0000 S:01e6 D:0000 DB:00 NvMXdizC V:176 H:1232 F:15
c01cbf stz $0200,x   [00029b] A:b2d1 X:009b Y:0000 S:01e6 D:0000 DB:00 NvMXdizC V:176 H:1250 F:15
c01cc2 inx                    A:b2d1 X:009b Y:0000 S:01e6 D:0000 DB:00 NvMXdizC V:176 H:1282 F:15
c01cc3 bne $1cbf     [c01cbf] A:b2d1 X:009c Y:0000 S:01e6 D:0000 DB:00 NvMXdizC V:176 H:1294 F:15
c01cbf stz $0200,x   [00029c] A:b2d1 X:009c Y:0000 S:01e6 D:0000 DB:00 NvMXdizC V:176 H:1312 F:15
c01cc2 inx                    A:b2d1 X:009c Y:0000 S:01e6 D:0000 DB:00 NvMXdizC V:176 H:1344 F:15
c01cc3 bne $1cbf     [c01cbf] A:b2d1 X:009d Y:0000 S:01e6 D:0000 DB:00 NvMXdizC V:176 H:1356 F:15
c01cbf stz $0200,x   [00029d] A:b2d1 X:009d Y:0000 S:01e6 D:0000 DB:00 NvMXdizC V:177 H:  10 F:15
c01cc2 inx                    A:b2d1 X:009d Y:0000 S:01e6 D:0000 DB:00 NvMXdizC V:177 H:  42 F:15
c01cc3 bne $1cbf     [c01cbf] A:b2d1 X:009e Y:0000 S:01e6 D:0000 DB:00 NvMXdizC V:177 H:  54 F:15
c01cbf stz $0200,x   [00029e] A:b2d1 X:009e Y:0000 S:01e6 D:0000 DB:00 NvMXdizC V:177 H:  72 F:15
c01cc2 inx                    A:b2d1 X:009e Y:0000 S:01e6 D:0000 DB:00 NvMXdizC V:177 H: 104 F:15
c01cc3 bne $1cbf     [c01cbf] A:b2d1 X:009f Y:0000 S:01e6 D:0000 DB:00 NvMXdizC V:177 H: 116 F:15
c01cbf stz $0200,x   [00029f] A:b2d1 X:009f Y:0000 S:01e6 D:0000 DB:00 NvMXdizC V:177 H: 134 F:15
c01cc2 inx                    A:b2d1 X:009f Y:0000 S:01e6 D:0000 DB:00 NvMXdizC V:177 H: 166 F:15
c01cc3 bne $1cbf     [c01cbf] A:b2d1 X:00a0 Y:0000 S:01e6 D:0000 DB:00 NvMXdizC V:177 H: 178 F:15
c01cbf stz $0200,x   [0002a0] A:b2d1 X:00a0 Y:0000 S:01e6 D:0000 DB:00 NvMXdizC V:177 H: 196 F:15
c01cc2 inx                    A:b2d1 X:00a0 Y:0000 S:01e6 D:0000 DB:00 NvMXdizC V:177 H: 228 F:15
c01cc3 bne $1cbf     [c01cbf] A:b2d1 X:00a1 Y:0000 S:01e6 D:0000 DB:00 NvMXdizC V:177 H: 240 F:15
c01cbf stz $0200,x   [0002a1] A:b2d1 X:00a1 Y:0000 S:01e6 D:0000 DB:00 NvMXdizC V:177 H: 258 F:15
c01cc2 inx                    A:b2d1 X:00a1 Y:0000 S:01e6 D:0000 DB:00 NvMXdizC V:177 H: 290 F:15
c01cc3 bne $1cbf     [c01cbf] A:b2d1 X:00a2 Y:0000 S:01e6 D:0000 DB:00 NvMXdizC V:177 H: 302 F:15
c01cbf stz $0200,x   [0002a2] A:b2d1 X:00a2 Y:0000 S:01e6 D:0000 DB:00 NvMXdizC V:177 H: 320 F:15
c01cc2 inx                    A:b2d1 X:00a2 Y:0000 S:01e6 D:0000 DB:00 NvMXdizC V:177 H: 352 F:15
c01cc3 bne $1cbf     [c01cbf] A:b2d1 X:00a3 Y:0000 S:01e6 D:0000 DB:00 NvMXdizC V:177 H: 364 F:15
c01cbf stz $0200,x   [0002a3] A:b2d1 X:00a3 Y:0000 S:01e6 D:0000 DB:00 NvMXdizC V:177 H: 382 F:15
c01cc2 inx                    A:b2d1 X:00a3 Y:0000 S:01e6 D:0000 DB:00 NvMXdizC V:177 H: 414 F:15
c01cc3 bne $1cbf     [c01cbf] A:b2d1 X:00a4 Y:0000 S:01e6 D:0000 DB:00 NvMXdizC V:177 H: 426 F:15
c01cbf stz $0200,x   [0002a4] A:b2d1 X:00a4 Y:0000 S:01e6 D:0000 DB:00 NvMXdizC V:177 H: 444 F:15
c01cc2 inx                    A:b2d1 X:00a4 Y:0000 S:01e6 D:0000 DB:00 NvMXdizC V:177 H: 476 F:15
c01cc3 bne $1cbf     [c01cbf] A:b2d1 X:00a5 Y:0000 S:01e6 D:0000 DB:00 NvMXdizC V:177 H: 488 F:15
c01cbf stz $0200,x   [0002a5] A:b2d1 X:00a5 Y:0000 S:01e6 D:0000 DB:00 NvMXdizC V:177 H: 506 F:15
c01cc2 inx                    A:b2d1 X:00a5 Y:0000 S:01e6 D:0000 DB:00 NvMXdizC V:177 H: 578 F:15
c01cc3 bne $1cbf     [c01cbf] A:b2d1 X:00a6 Y:0000 S:01e6 D:0000 DB:00 NvMXdizC V:177 H: 590 F:15
c01cbf stz $0200,x   [0002a6] A:b2d1 X:00a6 Y:0000 S:01e6 D:0000 DB:00 NvMXdizC V:177 H: 608 F:15
c01cc2 inx                    A:b2d1 X:00a6 Y:0000 S:01e6 D:0000 DB:00 NvMXdizC V:177 H: 640 F:15
c01cc3 bne $1cbf     [c01cbf] A:b2d1 X:00a7 Y:0000 S:01e6 D:0000 DB:00 NvMXdizC V:177 H: 652 F:15
c01cbf stz $0200,x   [0002a7] A:b2d1 X:00a7 Y:0000 S:01e6 D:0000 DB:00 NvMXdizC V:177 H: 670 F:15
c01cc2 inx                    A:b2d1 X:00a7 Y:0000 S:01e6 D:0000 DB:00 NvMXdizC V:177 H: 702 F:15
c01cc3 bne $1cbf     [c01cbf] A:b2d1 X:00a8 Y:0000 S:01e6 D:0000 DB:00 NvMXdizC V:177 H: 714 F:15
c01cbf stz $0200,x   [0002a8] A:b2d1 X:00a8 Y:0000 S:01e6 D:0000 DB:00 NvMXdizC V:177 H: 732 F:15
c01cc2 inx                    A:b2d1 X:00a8 Y:0000 S:01e6 D:0000 DB:00 NvMXdizC V:177 H: 764 F:15
c01cc3 bne $1cbf     [c01cbf] A:b2d1 X:00a9 Y:0000 S:01e6 D:0000 DB:00 NvMXdizC V:177 H: 776 F:15
c01cbf stz $0200,x   [0002a9] A:b2d1 X:00a9 Y:0000 S:01e6 D:0000 DB:00 NvMXdizC V:177 H: 794 F:15
c01cc2 inx                    A:b2d1 X:00a9 Y:0000 S:01e6 D:0000 DB:00 NvMXdizC V:177 H: 826 F:15
c01cc3 bne $1cbf     [c01cbf] A:b2d1 X:00aa Y:0000 S:01e6 D:0000 DB:00 NvMXdizC V:177 H: 838 F:15
c01cbf stz $0200,x   [0002aa] A:b2d1 X:00aa Y:0000 S:01e6 D:0000 DB:00 NvMXdizC V:177 H: 856 F:15
c01cc2 inx                    A:b2d1 X:00aa Y:0000 S:01e6 D:0000 DB:00 NvMXdizC V:177 H: 888 F:15
c01cc3 bne $1cbf     [c01cbf] A:b2d1 X:00ab Y:0000 S:01e6 D:0000 DB:00 NvMXdizC V:177 H: 900 F:15
c01cbf stz $0200,x   [0002ab] A:b2d1 X:00ab Y:0000 S:01e6 D:0000 DB:00 NvMXdizC V:177 H: 918 F:15
c01cc2 inx                    A:b2d1 X:00ab Y:0000 S:01e6 D:0000 DB:00 NvMXdizC V:177 H: 950 F:15
c01cc3 bne $1cbf     [c01cbf] A:b2d1 X:00ac Y:0000 S:01e6 D:0000 DB:00 NvMXdizC V:177 H: 962 F:15
c01cbf stz $0200,x   [0002ac] A:b2d1 X:00ac Y:0000 S:01e6 D:0000 DB:00 NvMXdizC V:177 H: 980 F:15
c01cc2 inx                    A:b2d1 X:00ac Y:0000 S:01e6 D:0000 DB:00 NvMXdizC V:177 H:1012 F:15
c01cc3 bne $1cbf     [c01cbf] A:b2d1 X:00ad Y:0000 S:01e6 D:0000 DB:00 NvMXdizC V:177 H:1024 F:15
c01cbf stz $0200,x   [0002ad] A:b2d1 X:00ad Y:0000 S:01e6 D:0000 DB:00 NvMXdizC V:177 H:1042 F:15
c01cc2 inx                    A:b2d1 X:00ad Y:0000 S:01e6 D:0000 DB:00 NvMXdizC V:177 H:1074 F:15
c01cc3 bne $1cbf     [c01cbf] A:b2d1 X:00ae Y:0000 S:01e6 D:0000 DB:00 NvMXdizC V:177 H:1086 F:15
c01cbf stz $0200,x   [0002ae] A:b2d1 X:00ae Y:0000 S:01e6 D:0000 DB:00 NvMXdizC V:177 H:1104 F:15
c01cc2 inx                    A:b2d1 X:00ae Y:0000 S:01e6 D:0000 DB:00 NvMXdizC V:177 H:1136 F:15
c01cc3 bne $1cbf     [c01cbf] A:b2d1 X:00af Y:0000 S:01e6 D:0000 DB:00 NvMXdizC V:177 H:1148 F:15
c01cbf stz $0200,x   [0002af] A:b2d1 X:00af Y:0000 S:01e6 D:0000 DB:00 NvMXdizC V:177 H:1166 F:15
c01cc2 inx                    A:b2d1 X:00af Y:0000 S:01e6 D:0000 DB:00 NvMXdizC V:177 H:1198 F:15
c01cc3 bne $1cbf     [c01cbf] A:b2d1 X:00b0 Y:0000 S:01e6 D:0000 DB:00 NvMXdizC V:177 H:1210 F:15
c01cbf stz $0200,x   [0002b0] A:b2d1 X:00b0 Y:0000 S:01e6 D:0000 DB:00 NvMXdizC V:177 H:1228 F:15
c01cc2 inx                    A:b2d1 X:00b0 Y:0000 S:01e6 D:0000 DB:00 NvMXdizC V:177 H:1260 F:15
c01cc3 bne $1cbf     [c01cbf] A:b2d1 X:00b1 Y:0000 S:01e6 D:0000 DB:00 NvMXdizC V:177 H:1272 F:15
c01cbf stz $0200,x   [0002b1] A:b2d1 X:00b1 Y:0000 S:01e6 D:0000 DB:00 NvMXdizC V:177 H:1290 F:15
c01cc2 inx                    A:b2d1 X:00b1 Y:0000 S:01e6 D:0000 DB:00 NvMXdizC V:177 H:1322 F:15
c01cc3 bne $1cbf     [c01cbf] A:b2d1 X:00b2 Y:0000 S:01e6 D:0000 DB:00 NvMXdizC V:177 H:1334 F:15
c01cbf stz $0200,x   [0002b2] A:b2d1 X:00b2 Y:0000 S:01e6 D:0000 DB:00 NvMXdizC V:177 H:1352 F:15
c01cc2 inx                    A:b2d1 X:00b2 Y:0000 S:01e6 D:0000 DB:00 NvMXdizC V:178 H:  20 F:15
c01cc3 bne $1cbf     [c01cbf] A:b2d1 X:00b3 Y:0000 S:01e6 D:0000 DB:00 NvMXdizC V:178 H:  32 F:15
c01cbf stz $0200,x   [0002b3] A:b2d1 X:00b3 Y:0000 S:01e6 D:0000 DB:00 NvMXdizC V:178 H:  50 F:15
c01cc2 inx                    A:b2d1 X:00b3 Y:0000 S:01e6 D:0000 DB:00 NvMXdizC V:178 H:  82 F:15
c01cc3 bne $1cbf     [c01cbf] A:b2d1 X:00b4 Y:0000 S:01e6 D:0000 DB:00 NvMXdizC V:178 H:  94 F:15
c01cbf stz $0200,x   [0002b4] A:b2d1 X:00b4 Y:0000 S:01e6 D:0000 DB:00 NvMXdizC V:178 H: 112 F:15
c01cc2 inx                    A:b2d1 X:00b4 Y:0000 S:01e6 D:0000 DB:00 NvMXdizC V:178 H: 144 F:15
c01cc3 bne $1cbf     [c01cbf] A:b2d1 X:00b5 Y:0000 S:01e6 D:0000 DB:00 NvMXdizC V:178 H: 156 F:15
c01cbf stz $0200,x   [0002b5] A:b2d1 X:00b5 Y:0000 S:01e6 D:0000 DB:00 NvMXdizC V:178 H: 174 F:15
c01cc2 inx                    A:b2d1 X:00b5 Y:0000 S:01e6 D:0000 DB:00 NvMXdizC V:178 H: 206 F:15
c01cc3 bne $1cbf     [c01cbf] A:b2d1 X:00b6 Y:0000 S:01e6 D:0000 DB:00 NvMXdizC V:178 H: 218 F:15
c01cbf stz $0200,x   [0002b6] A:b2d1 X:00b6 Y:0000 S:01e6 D:0000 DB:00 NvMXdizC V:178 H: 236 F:15
c01cc2 inx                    A:b2d1 X:00b6 Y:0000 S:01e6 D:0000 DB:00 NvMXdizC V:178 H: 268 F:15
c01cc3 bne $1cbf     [c01cbf] A:b2d1 X:00b7 Y:0000 S:01e6 D:0000 DB:00 NvMXdizC V:178 H: 280 F:15
c01cbf stz $0200,x   [0002b7] A:b2d1 X:00b7 Y:0000 S:01e6 D:0000 DB:00 NvMXdizC V:178 H: 298 F:15
c01cc2 inx                    A:b2d1 X:00b7 Y:0000 S:01e6 D:0000 DB:00 NvMXdizC V:178 H: 330 F:15
c01cc3 bne $1cbf     [c01cbf] A:b2d1 X:00b8 Y:0000 S:01e6 D:0000 DB:00 NvMXdizC V:178 H: 342 F:15
c01cbf stz $0200,x   [0002b8] A:b2d1 X:00b8 Y:0000 S:01e6 D:0000 DB:00 NvMXdizC V:178 H: 360 F:15
c01cc2 inx                    A:b2d1 X:00b8 Y:0000 S:01e6 D:0000 DB:00 NvMXdizC V:178 H: 392 F:15
c01cc3 bne $1cbf     [c01cbf] A:b2d1 X:00b9 Y:0000 S:01e6 D:0000 DB:00 NvMXdizC V:178 H: 404 F:15
c01cbf stz $0200,x   [0002b9] A:b2d1 X:00b9 Y:0000 S:01e6 D:0000 DB:00 NvMXdizC V:178 H: 422 F:15
c01cc2 inx                    A:b2d1 X:00b9 Y:0000 S:01e6 D:0000 DB:00 NvMXdizC V:178 H: 454 F:15
c01cc3 bne $1cbf     [c01cbf] A:b2d1 X:00ba Y:0000 S:01e6 D:0000 DB:00 NvMXdizC V:178 H: 466 F:15
c01cbf stz $0200,x   [0002ba] A:b2d1 X:00ba Y:0000 S:01e6 D:0000 DB:00 NvMXdizC V:178 H: 484 F:15
c01cc2 inx                    A:b2d1 X:00ba Y:0000 S:01e6 D:0000 DB:00 NvMXdizC V:178 H: 516 F:15
c01cc3 bne $1cbf     [c01cbf] A:b2d1 X:00bb Y:0000 S:01e6 D:0000 DB:00 NvMXdizC V:178 H: 528 F:15
c01cbf stz $0200,x   [0002bb] A:b2d1 X:00bb Y:0000 S:01e6 D:0000 DB:00 NvMXdizC V:178 H: 586 F:15
c01cc2 inx                    A:b2d1 X:00bb Y:0000 S:01e6 D:0000 DB:00 NvMXdizC V:178 H: 618 F:15
c01cc3 bne $1cbf     [c01cbf] A:b2d1 X:00bc Y:0000 S:01e6 D:0000 DB:00 NvMXdizC V:178 H: 630 F:15
c01cbf stz $0200,x   [0002bc] A:b2d1 X:00bc Y:0000 S:01e6 D:0000 DB:00 NvMXdizC V:178 H: 648 F:15
c01cc2 inx                    A:b2d1 X:00bc Y:0000 S:01e6 D:0000 DB:00 NvMXdizC V:178 H: 680 F:15
c01cc3 bne $1cbf     [c01cbf] A:b2d1 X:00bd Y:0000 S:01e6 D:0000 DB:00 NvMXdizC V:178 H: 692 F:15
c01cbf stz $0200,x   [0002bd] A:b2d1 X:00bd Y:0000 S:01e6 D:0000 DB:00 NvMXdizC V:178 H: 710 F:15
c01cc2 inx                    A:b2d1 X:00bd Y:0000 S:01e6 D:0000 DB:00 NvMXdizC V:178 H: 742 F:15
c01cc3 bne $1cbf     [c01cbf] A:b2d1 X:00be Y:0000 S:01e6 D:0000 DB:00 NvMXdizC V:178 H: 754 F:15
c01cbf stz $0200,x   [0002be] A:b2d1 X:00be Y:0000 S:01e6 D:0000 DB:00 NvMXdizC V:178 H: 772 F:15
c01cc2 inx                    A:b2d1 X:00be Y:0000 S:01e6 D:0000 DB:00 NvMXdizC V:178 H: 804 F:15
c01cc3 bne $1cbf     [c01cbf] A:b2d1 X:00bf Y:0000 S:01e6 D:0000 DB:00 NvMXdizC V:178 H: 816 F:15
c01cbf stz $0200,x   [0002bf] A:b2d1 X:00bf Y:0000 S:01e6 D:0000 DB:00 NvMXdizC V:178 H: 834 F:15
c01cc2 inx                    A:b2d1 X:00bf Y:0000 S:01e6 D:0000 DB:00 NvMXdizC V:178 H: 866 F:15
c01cc3 bne $1cbf     [c01cbf] A:b2d1 X:00c0 Y:0000 S:01e6 D:0000 DB:00 NvMXdizC V:178 H: 878 F:15
c01cbf stz $0200,x   [0002c0] A:b2d1 X:00c0 Y:0000 S:01e6 D:0000 DB:00 NvMXdizC V:178 H: 896 F:15
c01cc2 inx                    A:b2d1 X:00c0 Y:0000 S:01e6 D:0000 DB:00 NvMXdizC V:178 H: 928 F:15
c01cc3 bne $1cbf     [c01cbf] A:b2d1 X:00c1 Y:0000 S:01e6 D:0000 DB:00 NvMXdizC V:178 H: 940 F:15
c01cbf stz $0200,x   [0002c1] A:b2d1 X:00c1 Y:0000 S:01e6 D:0000 DB:00 NvMXdizC V:178 H: 958 F:15
c01cc2 inx                    A:b2d1 X:00c1 Y:0000 S:01e6 D:0000 DB:00 NvMXdizC V:178 H: 990 F:15
c01cc3 bne $1cbf     [c01cbf] A:b2d1 X:00c2 Y:0000 S:01e6 D:0000 DB:00 NvMXdizC V:178 H:1002 F:15
c01cbf stz $0200,x   [0002c2] A:b2d1 X:00c2 Y:0000 S:01e6 D:0000 DB:00 NvMXdizC V:178 H:1020 F:15
c01cc2 inx                    A:b2d1 X:00c2 Y:0000 S:01e6 D:0000 DB:00 NvMXdizC V:178 H:1052 F:15
c01cc3 bne $1cbf     [c01cbf] A:b2d1 X:00c3 Y:0000 S:01e6 D:0000 DB:00 NvMXdizC V:178 H:1064 F:15
c01cbf stz $0200,x   [0002c3] A:b2d1 X:00c3 Y:0000 S:01e6 D:0000 DB:00 NvMXdizC V:178 H:1082 F:15
c01cc2 inx                    A:b2d1 X:00c3 Y:0000 S:01e6 D:0000 DB:00 NvMXdizC V:178 H:1114 F:15
c01cc3 bne $1cbf     [c01cbf] A:b2d1 X:00c4 Y:0000 S:01e6 D:0000 DB:00 NvMXdizC V:178 H:1126 F:15
c01cbf stz $0200,x   [0002c4] A:b2d1 X:00c4 Y:0000 S:01e6 D:0000 DB:00 NvMXdizC V:178 H:1144 F:15
c01cc2 inx                    A:b2d1 X:00c4 Y:0000 S:01e6 D:0000 DB:00 NvMXdizC V:178 H:1176 F:15
c01cc3 bne $1cbf     [c01cbf] A:b2d1 X:00c5 Y:0000 S:01e6 D:0000 DB:00 NvMXdizC V:178 H:1188 F:15
c01cbf stz $0200,x   [0002c5] A:b2d1 X:00c5 Y:0000 S:01e6 D:0000 DB:00 NvMXdizC V:178 H:1206 F:15
c01cc2 inx                    A:b2d1 X:00c5 Y:0000 S:01e6 D:0000 DB:00 NvMXdizC V:178 H:1238 F:15
c01cc3 bne $1cbf     [c01cbf] A:b2d1 X:00c6 Y:0000 S:01e6 D:0000 DB:00 NvMXdizC V:178 H:1250 F:15
c01cbf stz $0200,x   [0002c6] A:b2d1 X:00c6 Y:0000 S:01e6 D:0000 DB:00 NvMXdizC V:178 H:1268 F:15
c01cc2 inx                    A:b2d1 X:00c6 Y:0000 S:01e6 D:0000 DB:00 NvMXdizC V:178 H:1300 F:15
c01cc3 bne $1cbf     [c01cbf] A:b2d1 X:00c7 Y:0000 S:01e6 D:0000 DB:00 NvMXdizC V:178 H:1312 F:15
c01cbf stz $0200,x   [0002c7] A:b2d1 X:00c7 Y:0000 S:01e6 D:0000 DB:00 NvMXdizC V:178 H:1330 F:15
c01cc2 inx                    A:b2d1 X:00c7 Y:0000 S:01e6 D:0000 DB:00 NvMXdizC V:178 H:1362 F:15
c01cc3 bne $1cbf     [c01cbf] A:b2d1 X:00c8 Y:0000 S:01e6 D:0000 DB:00 NvMXdizC V:179 H:  10 F:15
c01cbf stz $0200,x   [0002c8] A:b2d1 X:00c8 Y:0000 S:01e6 D:0000 DB:00 NvMXdizC V:179 H:  28 F:15
c01cc2 inx                    A:b2d1 X:00c8 Y:0000 S:01e6 D:0000 DB:00 NvMXdizC V:179 H:  60 F:15
c01cc3 bne $1cbf     [c01cbf] A:b2d1 X:00c9 Y:0000 S:01e6 D:0000 DB:00 NvMXdizC V:179 H:  72 F:15
c01cbf stz $0200,x   [0002c9] A:b2d1 X:00c9 Y:0000 S:01e6 D:0000 DB:00 NvMXdizC V:179 H:  90 F:15
c01cc2 inx                    A:b2d1 X:00c9 Y:0000 S:01e6 D:0000 DB:00 NvMXdizC V:179 H: 122 F:15
c01cc3 bne $1cbf     [c01cbf] A:b2d1 X:00ca Y:0000 S:01e6 D:0000 DB:00 NvMXdizC V:179 H: 134 F:15
c01cbf stz $0200,x   [0002ca] A:b2d1 X:00ca Y:0000 S:01e6 D:0000 DB:00 NvMXdizC V:179 H: 152 F:15
c01cc2 inx                    A:b2d1 X:00ca Y:0000 S:01e6 D:0000 DB:00 NvMXdizC V:179 H: 184 F:15
c01cc3 bne $1cbf     [c01cbf] A:b2d1 X:00cb Y:0000 S:01e6 D:0000 DB:00 NvMXdizC V:179 H: 196 F:15
c01cbf stz $0200,x   [0002cb] A:b2d1 X:00cb Y:0000 S:01e6 D:0000 DB:00 NvMXdizC V:179 H: 214 F:15
c01cc2 inx                    A:b2d1 X:00cb Y:0000 S:01e6 D:0000 DB:00 NvMXdizC V:179 H: 246 F:15
c01cc3 bne $1cbf     [c01cbf] A:b2d1 X:00cc Y:0000 S:01e6 D:0000 DB:00 NvMXdizC V:179 H: 258 F:15
c01cbf stz $0200,x   [0002cc] A:b2d1 X:00cc Y:0000 S:01e6 D:0000 DB:00 NvMXdizC V:179 H: 276 F:15
c01cc2 inx                    A:b2d1 X:00cc Y:0000 S:01e6 D:0000 DB:00 NvMXdizC V:179 H: 308 F:15
c01cc3 bne $1cbf     [c01cbf] A:b2d1 X:00cd Y:0000 S:01e6 D:0000 DB:00 NvMXdizC V:179 H: 320 F:15
c01cbf stz $0200,x   [0002cd] A:b2d1 X:00cd Y:0000 S:01e6 D:0000 DB:00 NvMXdizC V:179 H: 338 F:15
c01cc2 inx                    A:b2d1 X:00cd Y:0000 S:01e6 D:0000 DB:00 NvMXdizC V:179 H: 370 F:15
c01cc3 bne $1cbf     [c01cbf] A:b2d1 X:00ce Y:0000 S:01e6 D:0000 DB:00 NvMXdizC V:179 H: 382 F:15
c01cbf stz $0200,x   [0002ce] A:b2d1 X:00ce Y:0000 S:01e6 D:0000 DB:00 NvMXdizC V:179 H: 400 F:15
c01cc2 inx                    A:b2d1 X:00ce Y:0000 S:01e6 D:0000 DB:00 NvMXdizC V:179 H: 432 F:15
c01cc3 bne $1cbf     [c01cbf] A:b2d1 X:00cf Y:0000 S:01e6 D:0000 DB:00 NvMXdizC V:179 H: 444 F:15
c01cbf stz $0200,x   [0002cf] A:b2d1 X:00cf Y:0000 S:01e6 D:0000 DB:00 NvMXdizC V:179 H: 462 F:15
c01cc2 inx                    A:b2d1 X:00cf Y:0000 S:01e6 D:0000 DB:00 NvMXdizC V:179 H: 494 F:15
c01cc3 bne $1cbf     [c01cbf] A:b2d1 X:00d0 Y:0000 S:01e6 D:0000 DB:00 NvMXdizC V:179 H: 506 F:15
c01cbf stz $0200,x   [0002d0] A:b2d1 X:00d0 Y:0000 S:01e6 D:0000 DB:00 NvMXdizC V:179 H: 524 F:15
c01cc2 inx                    A:b2d1 X:00d0 Y:0000 S:01e6 D:0000 DB:00 NvMXdizC V:179 H: 596 F:15
c01cc3 bne $1cbf     [c01cbf] A:b2d1 X:00d1 Y:0000 S:01e6 D:0000 DB:00 NvMXdizC V:179 H: 608 F:15
c01cbf stz $0200,x   [0002d1] A:b2d1 X:00d1 Y:0000 S:01e6 D:0000 DB:00 NvMXdizC V:179 H: 626 F:15
c01cc2 inx                    A:b2d1 X:00d1 Y:0000 S:01e6 D:0000 DB:00 NvMXdizC V:179 H: 658 F:15
c01cc3 bne $1cbf     [c01cbf] A:b2d1 X:00d2 Y:0000 S:01e6 D:0000 DB:00 NvMXdizC V:179 H: 670 F:15
c01cbf stz $0200,x   [0002d2] A:b2d1 X:00d2 Y:0000 S:01e6 D:0000 DB:00 NvMXdizC V:179 H: 688 F:15
c01cc2 inx                    A:b2d1 X:00d2 Y:0000 S:01e6 D:0000 DB:00 NvMXdizC V:179 H: 720 F:15
c01cc3 bne $1cbf     [c01cbf] A:b2d1 X:00d3 Y:0000 S:01e6 D:0000 DB:00 NvMXdizC V:179 H: 732 F:15
c01cbf stz $0200,x   [0002d3] A:b2d1 X:00d3 Y:0000 S:01e6 D:0000 DB:00 NvMXdizC V:179 H: 750 F:15
c01cc2 inx                    A:b2d1 X:00d3 Y:0000 S:01e6 D:0000 DB:00 NvMXdizC V:179 H: 782 F:15
c01cc3 bne $1cbf     [c01cbf] A:b2d1 X:00d4 Y:0000 S:01e6 D:0000 DB:00 NvMXdizC V:179 H: 794 F:15
c01cbf stz $0200,x   [0002d4] A:b2d1 X:00d4 Y:0000 S:01e6 D:0000 DB:00 NvMXdizC V:179 H: 812 F:15
c01cc2 inx                    A:b2d1 X:00d4 Y:0000 S:01e6 D:0000 DB:00 NvMXdizC V:179 H: 844 F:15
c01cc3 bne $1cbf     [c01cbf] A:b2d1 X:00d5 Y:0000 S:01e6 D:0000 DB:00 NvMXdizC V:179 H: 856 F:15
c01cbf stz $0200,x   [0002d5] A:b2d1 X:00d5 Y:0000 S:01e6 D:0000 DB:00 NvMXdizC V:179 H: 874 F:15
c01cc2 inx                    A:b2d1 X:00d5 Y:0000 S:01e6 D:0000 DB:00 NvMXdizC V:179 H: 906 F:15
c01cc3 bne $1cbf     [c01cbf] A:b2d1 X:00d6 Y:0000 S:01e6 D:0000 DB:00 NvMXdizC V:179 H: 918 F:15
c01cbf stz $0200,x   [0002d6] A:b2d1 X:00d6 Y:0000 S:01e6 D:0000 DB:00 NvMXdizC V:179 H: 936 F:15
c01cc2 inx                    A:b2d1 X:00d6 Y:0000 S:01e6 D:0000 DB:00 NvMXdizC V:179 H: 968 F:15
c01cc3 bne $1cbf     [c01cbf] A:b2d1 X:00d7 Y:0000 S:01e6 D:0000 DB:00 NvMXdizC V:179 H: 980 F:15
c01cbf stz $0200,x   [0002d7] A:b2d1 X:00d7 Y:0000 S:01e6 D:0000 DB:00 NvMXdizC V:179 H: 998 F:15
c01cc2 inx                    A:b2d1 X:00d7 Y:0000 S:01e6 D:0000 DB:00 NvMXdizC V:179 H:1030 F:15
c01cc3 bne $1cbf     [c01cbf] A:b2d1 X:00d8 Y:0000 S:01e6 D:0000 DB:00 NvMXdizC V:179 H:1042 F:15
c01cbf stz $0200,x   [0002d8] A:b2d1 X:00d8 Y:0000 S:01e6 D:0000 DB:00 NvMXdizC V:179 H:1060 F:15
c01cc2 inx                    A:b2d1 X:00d8 Y:0000 S:01e6 D:0000 DB:00 NvMXdizC V:179 H:1092 F:15
c01cc3 bne $1cbf     [c01cbf] A:b2d1 X:00d9 Y:0000 S:01e6 D:0000 DB:00 NvMXdizC V:179 H:1104 F:15
c01cbf stz $0200,x   [0002d9] A:b2d1 X:00d9 Y:0000 S:01e6 D:0000 DB:00 NvMXdizC V:179 H:1122 F:15
c01cc2 inx                    A:b2d1 X:00d9 Y:0000 S:01e6 D:0000 DB:00 NvMXdizC V:179 H:1154 F:15
c01cc3 bne $1cbf     [c01cbf] A:b2d1 X:00da Y:0000 S:01e6 D:0000 DB:00 NvMXdizC V:179 H:1166 F:15
c01cbf stz $0200,x   [0002da] A:b2d1 X:00da Y:0000 S:01e6 D:0000 DB:00 NvMXdizC V:179 H:1184 F:15
c01cc2 inx                    A:b2d1 X:00da Y:0000 S:01e6 D:0000 DB:00 NvMXdizC V:179 H:1216 F:15
c01cc3 bne $1cbf     [c01cbf] A:b2d1 X:00db Y:0000 S:01e6 D:0000 DB:00 NvMXdizC V:179 H:1228 F:15
c01cbf stz $0200,x   [0002db] A:b2d1 X:00db Y:0000 S:01e6 D:0000 DB:00 NvMXdizC V:179 H:1246 F:15
c01cc2 inx                    A:b2d1 X:00db Y:0000 S:01e6 D:0000 DB:00 NvMXdizC V:179 H:1278 F:15
c01cc3 bne $1cbf     [c01cbf] A:b2d1 X:00dc Y:0000 S:01e6 D:0000 DB:00 NvMXdizC V:179 H:1290 F:15
c01cbf stz $0200,x   [0002dc] A:b2d1 X:00dc Y:0000 S:01e6 D:0000 DB:00 NvMXdizC V:179 H:1308 F:15
c01cc2 inx                    A:b2d1 X:00dc Y:0000 S:01e6 D:0000 DB:00 NvMXdizC V:179 H:1340 F:15
c01cc3 bne $1cbf     [c01cbf] A:b2d1 X:00dd Y:0000 S:01e6 D:0000 DB:00 NvMXdizC V:179 H:1352 F:15
c01cbf stz $0200,x   [0002dd] A:b2d1 X:00dd Y:0000 S:01e6 D:0000 DB:00 NvMXdizC V:180 H:   6 F:15
c01cc2 inx                    A:b2d1 X:00dd Y:0000 S:01e6 D:0000 DB:00 NvMXdizC V:180 H:  38 F:15
c01cc3 bne $1cbf     [c01cbf] A:b2d1 X:00de Y:0000 S:01e6 D:0000 DB:00 NvMXdizC V:180 H:  50 F:15
c01cbf stz $0200,x   [0002de] A:b2d1 X:00de Y:0000 S:01e6 D:0000 DB:00 NvMXdizC V:180 H:  68 F:15
c01cc2 inx                    A:b2d1 X:00de Y:0000 S:01e6 D:0000 DB:00 NvMXdizC V:180 H: 100 F:15
c01cc3 bne $1cbf     [c01cbf] A:b2d1 X:00df Y:0000 S:01e6 D:0000 DB:00 NvMXdizC V:180 H: 112 F:15
c01cbf stz $0200,x   [0002df] A:b2d1 X:00df Y:0000 S:01e6 D:0000 DB:00 NvMXdizC V:180 H: 130 F:15
c01cc2 inx                    A:b2d1 X:00df Y:0000 S:01e6 D:0000 DB:00 NvMXdizC V:180 H: 162 F:15
c01cc3 bne $1cbf     [c01cbf] A:b2d1 X:00e0 Y:0000 S:01e6 D:0000 DB:00 NvMXdizC V:180 H: 174 F:15
c01cbf stz $0200,x   [0002e0] A:b2d1 X:00e0 Y:0000 S:01e6 D:0000 DB:00 NvMXdizC V:180 H: 192 F:15
c01cc2 inx                    A:b2d1 X:00e0 Y:0000 S:01e6 D:0000 DB:00 NvMXdizC V:180 H: 224 F:15
c01cc3 bne $1cbf     [c01cbf] A:b2d1 X:00e1 Y:0000 S:01e6 D:0000 DB:00 NvMXdizC V:180 H: 236 F:15
c01cbf stz $0200,x   [0002e1] A:b2d1 X:00e1 Y:0000 S:01e6 D:0000 DB:00 NvMXdizC V:180 H: 254 F:15
c01cc2 inx                    A:b2d1 X:00e1 Y:0000 S:01e6 D:0000 DB:00 NvMXdizC V:180 H: 286 F:15
c01cc3 bne $1cbf     [c01cbf] A:b2d1 X:00e2 Y:0000 S:01e6 D:0000 DB:00 NvMXdizC V:180 H: 298 F:15
c01cbf stz $0200,x   [0002e2] A:b2d1 X:00e2 Y:0000 S:01e6 D:0000 DB:00 NvMXdizC V:180 H: 316 F:15
c01cc2 inx                    A:b2d1 X:00e2 Y:0000 S:01e6 D:0000 DB:00 NvMXdizC V:180 H: 348 F:15
c01cc3 bne $1cbf     [c01cbf] A:b2d1 X:00e3 Y:0000 S:01e6 D:0000 DB:00 NvMXdizC V:180 H: 360 F:15
c01cbf stz $0200,x   [0002e3] A:b2d1 X:00e3 Y:0000 S:01e6 D:0000 DB:00 NvMXdizC V:180 H: 378 F:15
c01cc2 inx                    A:b2d1 X:00e3 Y:0000 S:01e6 D:0000 DB:00 NvMXdizC V:180 H: 410 F:15
c01cc3 bne $1cbf     [c01cbf] A:b2d1 X:00e4 Y:0000 S:01e6 D:0000 DB:00 NvMXdizC V:180 H: 422 F:15
c01cbf stz $0200,x   [0002e4] A:b2d1 X:00e4 Y:0000 S:01e6 D:0000 DB:00 NvMXdizC V:180 H: 440 F:15
c01cc2 inx                    A:b2d1 X:00e4 Y:0000 S:01e6 D:0000 DB:00 NvMXdizC V:180 H: 472 F:15
c01cc3 bne $1cbf     [c01cbf] A:b2d1 X:00e5 Y:0000 S:01e6 D:0000 DB:00 NvMXdizC V:180 H: 484 F:15
c01cbf stz $0200,x   [0002e5] A:b2d1 X:00e5 Y:0000 S:01e6 D:0000 DB:00 NvMXdizC V:180 H: 502 F:15
c01cc2 inx                    A:b2d1 X:00e5 Y:0000 S:01e6 D:0000 DB:00 NvMXdizC V:180 H: 574 F:15
c01cc3 bne $1cbf     [c01cbf] A:b2d1 X:00e6 Y:0000 S:01e6 D:0000 DB:00 NvMXdizC V:180 H: 586 F:15
c01cbf stz $0200,x   [0002e6] A:b2d1 X:00e6 Y:0000 S:01e6 D:0000 DB:00 NvMXdizC V:180 H: 604 F:15
c01cc2 inx                    A:b2d1 X:00e6 Y:0000 S:01e6 D:0000 DB:00 NvMXdizC V:180 H: 636 F:15
c01cc3 bne $1cbf     [c01cbf] A:b2d1 X:00e7 Y:0000 S:01e6 D:0000 DB:00 NvMXdizC V:180 H: 648 F:15
c01cbf stz $0200,x   [0002e7] A:b2d1 X:00e7 Y:0000 S:01e6 D:0000 DB:00 NvMXdizC V:180 H: 666 F:15
c01cc2 inx                    A:b2d1 X:00e7 Y:0000 S:01e6 D:0000 DB:00 NvMXdizC V:180 H: 698 F:15
c01cc3 bne $1cbf     [c01cbf] A:b2d1 X:00e8 Y:0000 S:01e6 D:0000 DB:00 NvMXdizC V:180 H: 710 F:15
c01cbf stz $0200,x   [0002e8] A:b2d1 X:00e8 Y:0000 S:01e6 D:0000 DB:00 NvMXdizC V:180 H: 728 F:15
c01cc2 inx                    A:b2d1 X:00e8 Y:0000 S:01e6 D:0000 DB:00 NvMXdizC V:180 H: 760 F:15
c01cc3 bne $1cbf     [c01cbf] A:b2d1 X:00e9 Y:0000 S:01e6 D:0000 DB:00 NvMXdizC V:180 H: 772 F:15
c01cbf stz $0200,x   [0002e9] A:b2d1 X:00e9 Y:0000 S:01e6 D:0000 DB:00 NvMXdizC V:180 H: 790 F:15
c01cc2 inx                    A:b2d1 X:00e9 Y:0000 S:01e6 D:0000 DB:00 NvMXdizC V:180 H: 822 F:15
c01cc3 bne $1cbf     [c01cbf] A:b2d1 X:00ea Y:0000 S:01e6 D:0000 DB:00 NvMXdizC V:180 H: 834 F:15
c01cbf stz $0200,x   [0002ea] A:b2d1 X:00ea Y:0000 S:01e6 D:0000 DB:00 NvMXdizC V:180 H: 852 F:15
c01cc2 inx                    A:b2d1 X:00ea Y:0000 S:01e6 D:0000 DB:00 NvMXdizC V:180 H: 884 F:15
c01cc3 bne $1cbf     [c01cbf] A:b2d1 X:00eb Y:0000 S:01e6 D:0000 DB:00 NvMXdizC V:180 H: 896 F:15
c01cbf stz $0200,x   [0002eb] A:b2d1 X:00eb Y:0000 S:01e6 D:0000 DB:00 NvMXdizC V:180 H: 914 F:15
c01cc2 inx                    A:b2d1 X:00eb Y:0000 S:01e6 D:0000 DB:00 NvMXdizC V:180 H: 946 F:15
c01cc3 bne $1cbf     [c01cbf] A:b2d1 X:00ec Y:0000 S:01e6 D:0000 DB:00 NvMXdizC V:180 H: 958 F:15
c01cbf stz $0200,x   [0002ec] A:b2d1 X:00ec Y:0000 S:01e6 D:0000 DB:00 NvMXdizC V:180 H: 976 F:15
c01cc2 inx                    A:b2d1 X:00ec Y:0000 S:01e6 D:0000 DB:00 NvMXdizC V:180 H:1008 F:15
c01cc3 bne $1cbf     [c01cbf] A:b2d1 X:00ed Y:0000 S:01e6 D:0000 DB:00 NvMXdizC V:180 H:1020 F:15
c01cbf stz $0200,x   [0002ed] A:b2d1 X:00ed Y:0000 S:01e6 D:0000 DB:00 NvMXdizC V:180 H:1038 F:15
c01cc2 inx                    A:b2d1 X:00ed Y:0000 S:01e6 D:0000 DB:00 NvMXdizC V:180 H:1070 F:15
c01cc3 bne $1cbf     [c01cbf] A:b2d1 X:00ee Y:0000 S:01e6 D:0000 DB:00 NvMXdizC V:180 H:1082 F:15
c01cbf stz $0200,x   [0002ee] A:b2d1 X:00ee Y:0000 S:01e6 D:0000 DB:00 NvMXdizC V:180 H:1100 F:15
c01cc2 inx                    A:b2d1 X:00ee Y:0000 S:01e6 D:0000 DB:00 NvMXdizC V:180 H:1132 F:15
c01cc3 bne $1cbf     [c01cbf] A:b2d1 X:00ef Y:0000 S:01e6 D:0000 DB:00 NvMXdizC V:180 H:1144 F:15
c01cbf stz $0200,x   [0002ef] A:b2d1 X:00ef Y:0000 S:01e6 D:0000 DB:00 NvMXdizC V:180 H:1162 F:15
c01cc2 inx                    A:b2d1 X:00ef Y:0000 S:01e6 D:0000 DB:00 NvMXdizC V:180 H:1194 F:15
c01cc3 bne $1cbf     [c01cbf] A:b2d1 X:00f0 Y:0000 S:01e6 D:0000 DB:00 NvMXdizC V:180 H:1206 F:15
c01cbf stz $0200,x   [0002f0] A:b2d1 X:00f0 Y:0000 S:01e6 D:0000 DB:00 NvMXdizC V:180 H:1224 F:15
c01cc2 inx                    A:b2d1 X:00f0 Y:0000 S:01e6 D:0000 DB:00 NvMXdizC V:180 H:1256 F:15
c01cc3 bne $1cbf     [c01cbf] A:b2d1 X:00f1 Y:0000 S:01e6 D:0000 DB:00 NvMXdizC V:180 H:1268 F:15
c01cbf stz $0200,x   [0002f1] A:b2d1 X:00f1 Y:0000 S:01e6 D:0000 DB:00 NvMXdizC V:180 H:1286 F:15
c01cc2 inx                    A:b2d1 X:00f1 Y:0000 S:01e6 D:0000 DB:00 NvMXdizC V:180 H:1318 F:15
c01cc3 bne $1cbf     [c01cbf] A:b2d1 X:00f2 Y:0000 S:01e6 D:0000 DB:00 NvMXdizC V:180 H:1330 F:15
c01cbf stz $0200,x   [0002f2] A:b2d1 X:00f2 Y:0000 S:01e6 D:0000 DB:00 NvMXdizC V:180 H:1348 F:15
c01cc2 inx                    A:b2d1 X:00f2 Y:0000 S:01e6 D:0000 DB:00 NvMXdizC V:181 H:  16 F:15
c01cc3 bne $1cbf     [c01cbf] A:b2d1 X:00f3 Y:0000 S:01e6 D:0000 DB:00 NvMXdizC V:181 H:  28 F:15
c01cbf stz $0200,x   [0002f3] A:b2d1 X:00f3 Y:0000 S:01e6 D:0000 DB:00 NvMXdizC V:181 H:  46 F:15
c01cc2 inx                    A:b2d1 X:00f3 Y:0000 S:01e6 D:0000 DB:00 NvMXdizC V:181 H:  78 F:15
c01cc3 bne $1cbf     [c01cbf] A:b2d1 X:00f4 Y:0000 S:01e6 D:0000 DB:00 NvMXdizC V:181 H:  90 F:15
c01cbf stz $0200,x   [0002f4] A:b2d1 X:00f4 Y:0000 S:01e6 D:0000 DB:00 NvMXdizC V:181 H: 108 F:15
c01cc2 inx                    A:b2d1 X:00f4 Y:0000 S:01e6 D:0000 DB:00 NvMXdizC V:181 H: 140 F:15
c01cc3 bne $1cbf     [c01cbf] A:b2d1 X:00f5 Y:0000 S:01e6 D:0000 DB:00 NvMXdizC V:181 H: 152 F:15
c01cbf stz $0200,x   [0002f5] A:b2d1 X:00f5 Y:0000 S:01e6 D:0000 DB:00 NvMXdizC V:181 H: 170 F:15
c01cc2 inx                    A:b2d1 X:00f5 Y:0000 S:01e6 D:0000 DB:00 NvMXdizC V:181 H: 202 F:15
c01cc3 bne $1cbf     [c01cbf] A:b2d1 X:00f6 Y:0000 S:01e6 D:0000 DB:00 NvMXdizC V:181 H: 214 F:15
c01cbf stz $0200,x   [0002f6] A:b2d1 X:00f6 Y:0000 S:01e6 D:0000 DB:00 NvMXdizC V:181 H: 232 F:15
c01cc2 inx                    A:b2d1 X:00f6 Y:0000 S:01e6 D:0000 DB:00 NvMXdizC V:181 H: 264 F:15
c01cc3 bne $1cbf     [c01cbf] A:b2d1 X:00f7 Y:0000 S:01e6 D:0000 DB:00 NvMXdizC V:181 H: 276 F:15
c01cbf stz $0200,x   [0002f7] A:b2d1 X:00f7 Y:0000 S:01e6 D:0000 DB:00 NvMXdizC V:181 H: 294 F:15
c01cc2 inx                    A:b2d1 X:00f7 Y:0000 S:01e6 D:0000 DB:00 NvMXdizC V:181 H: 326 F:15
c01cc3 bne $1cbf     [c01cbf] A:b2d1 X:00f8 Y:0000 S:01e6 D:0000 DB:00 NvMXdizC V:181 H: 338 F:15
c01cbf stz $0200,x   [0002f8] A:b2d1 X:00f8 Y:0000 S:01e6 D:0000 DB:00 NvMXdizC V:181 H: 356 F:15
c01cc2 inx                    A:b2d1 X:00f8 Y:0000 S:01e6 D:0000 DB:00 NvMXdizC V:181 H: 388 F:15
c01cc3 bne $1cbf     [c01cbf] A:b2d1 X:00f9 Y:0000 S:01e6 D:0000 DB:00 NvMXdizC V:181 H: 400 F:15
c01cbf stz $0200,x   [0002f9] A:b2d1 X:00f9 Y:0000 S:01e6 D:0000 DB:00 NvMXdizC V:181 H: 418 F:15
c01cc2 inx                    A:b2d1 X:00f9 Y:0000 S:01e6 D:0000 DB:00 NvMXdizC V:181 H: 450 F:15
c01cc3 bne $1cbf     [c01cbf] A:b2d1 X:00fa Y:0000 S:01e6 D:0000 DB:00 NvMXdizC V:181 H: 462 F:15
c01cbf stz $0200,x   [0002fa] A:b2d1 X:00fa Y:0000 S:01e6 D:0000 DB:00 NvMXdizC V:181 H: 480 F:15
c01cc2 inx                    A:b2d1 X:00fa Y:0000 S:01e6 D:0000 DB:00 NvMXdizC V:181 H: 512 F:15
c01cc3 bne $1cbf     [c01cbf] A:b2d1 X:00fb Y:0000 S:01e6 D:0000 DB:00 NvMXdizC V:181 H: 524 F:15
c01cbf stz $0200,x   [0002fb] A:b2d1 X:00fb Y:0000 S:01e6 D:0000 DB:00 NvMXdizC V:181 H: 582 F:15
c01cc2 inx                    A:b2d1 X:00fb Y:0000 S:01e6 D:0000 DB:00 NvMXdizC V:181 H: 614 F:15
c01cc3 bne $1cbf     [c01cbf] A:b2d1 X:00fc Y:0000 S:01e6 D:0000 DB:00 NvMXdizC V:181 H: 626 F:15
c01cbf stz $0200,x   [0002fc] A:b2d1 X:00fc Y:0000 S:01e6 D:0000 DB:00 NvMXdizC V:181 H: 644 F:15
c01cc2 inx                    A:b2d1 X:00fc Y:0000 S:01e6 D:0000 DB:00 NvMXdizC V:181 H: 676 F:15
c01cc3 bne $1cbf     [c01cbf] A:b2d1 X:00fd Y:0000 S:01e6 D:0000 DB:00 NvMXdizC V:181 H: 688 F:15
c01cbf stz $0200,x   [0002fd] A:b2d1 X:00fd Y:0000 S:01e6 D:0000 DB:00 NvMXdizC V:181 H: 706 F:15
c01cc2 inx                    A:b2d1 X:00fd Y:0000 S:01e6 D:0000 DB:00 NvMXdizC V:181 H: 738 F:15
c01cc3 bne $1cbf     [c01cbf] A:b2d1 X:00fe Y:0000 S:01e6 D:0000 DB:00 NvMXdizC V:181 H: 750 F:15
c01cbf stz $0200,x   [0002fe] A:b2d1 X:00fe Y:0000 S:01e6 D:0000 DB:00 NvMXdizC V:181 H: 768 F:15
c01cc2 inx                    A:b2d1 X:00fe Y:0000 S:01e6 D:0000 DB:00 NvMXdizC V:181 H: 800 F:15
c01cc3 bne $1cbf     [c01cbf] A:b2d1 X:00ff Y:0000 S:01e6 D:0000 DB:00 NvMXdizC V:181 H: 812 F:15
c01cbf stz $0200,x   [0002ff] A:b2d1 X:00ff Y:0000 S:01e6 D:0000 DB:00 NvMXdizC V:181 H: 830 F:15
c01cc2 inx                    A:b2d1 X:00ff Y:0000 S:01e6 D:0000 DB:00 NvMXdizC V:181 H: 862 F:15
c01cc3 bne $1cbf     [c01cbf] A:b2d1 X:0000 Y:0000 S:01e6 D:0000 DB:00 nvMXdiZC V:181 H: 874 F:15
c01cc5 stz $66       [000066] A:b2d1 X:0000 Y:0000 S:01e6 D:0000 DB:00 nvMXdiZC V:181 H: 886 F:15
c01cc7 jsr $1d45     [c01d45] A:b2d1 X:0000 Y:0000 S:01e6 D:0000 DB:00 nvMXdiZC V:181 H: 906 F:15
c01d45 lda [$60]     [d1b22a] A:b2d1 X:0000 Y:0000 S:01e4 D:0000 DB:00 nvMXdiZC V:181 H: 946 F:15
c01d47 sta $64       [000064] A:b200 X:0000 Y:0000 S:01e4 D:0000 DB:00 nvMXdiZC V:181 H: 988 F:15
c01d49 and #$1f               A:b200 X:0000 Y:0000 S:01e4 D:0000 DB:00 nvMXdiZC V:181 H:1008 F:15
c01d4b inc                    A:b200 X:0000 Y:0000 S:01e4 D:0000 DB:00 nvMXdiZC V:181 H:1020 F:15
c01d4c sta $65       [000065] A:b201 X:0000 Y:0000 S:01e4 D:0000 DB:00 nvMXdizC V:181 H:1032 F:15
c01d4e lda $64       [000064] A:b201 X:0000 Y:0000 S:01e4 D:0000 DB:00 nvMXdizC V:181 H:1052 F:15
c01d50 lsr a                  A:b200 X:0000 Y:0000 S:01e4 D:0000 DB:00 nvMXdiZC V:181 H:1072 F:15
c01d51 lsr a                  A:b200 X:0000 Y:0000 S:01e4 D:0000 DB:00 nvMXdiZc V:181 H:1084 F:15
c01d52 lsr a                  A:b200 X:0000 Y:0000 S:01e4 D:0000 DB:00 nvMXdiZc V:181 H:1096 F:15
c01d53 lsr a                  A:b200 X:0000 Y:0000 S:01e4 D:0000 DB:00 nvMXdiZc V:181 H:1108 F:15
c01d54 and #$0e               A:b200 X:0000 Y:0000 S:01e4 D:0000 DB:00 nvMXdiZc V:181 H:1120 F:15
c01d56 sta $64       [000064] A:b200 X:0000 Y:0000 S:01e4 D:0000 DB:00 nvMXdiZc V:181 H:1132 F:15
c01d58 inc $60       [000060] A:b200 X:0000 Y:0000 S:01e4 D:0000 DB:00 nvMXdiZc V:181 H:1152 F:15
c01d5a bne $1d62     [c01d62] A:b200 X:0000 Y:0000 S:01e4 D:0000 DB:00 nvMXdizc V:181 H:1186 F:15
c01d62 rts                    A:b200 X:0000 Y:0000 S:01e4 D:0000 DB:00 nvMXdizc V:181 H:1204 F:15
c01cca plx                    A:b200 X:0000 Y:0000 S:01e6 D:0000 DB:00 nvMXdizc V:181 H:1244 F:15
c01ccb rtl                    A:b200 X:0000 Y:0000 S:01e7 D:0000 DB:00 nvMXdiZc V:181 H:1270 F:15
c00106 jsr $0135     [c00135] A:b200 X:0000 Y:0000 S:01ea D:0000 DB:00 nvMXdiZc V:181 H:1312 F:15
c00135 lda $1d2a     [001d2a] A:b200 X:0000 Y:0000 S:01e8 D:0000 DB:00 nvMXdiZc V:181 H:1352 F:15
c00138 pha                    A:b20f X:0000 Y:0000 S:01e8 D:0000 DB:00 nvMXdizc V:182 H:  14 F:15
c00139 ldy $1d35     [001d35] A:b20f X:0000 Y:0000 S:01e7 D:0000 DB:00 nvMXdizc V:182 H:  34 F:15
c0013c jsl $c008e0   [c008e0] A:b20f X:0000 Y:0002 S:01e7 D:0000 DB:00 nvMXdizc V:182 H:  60 F:15
c008e0 lda $1d28     [001d28] A:b20f X:0000 Y:0002 S:01e4 D:0000 DB:00 nvMXdizc V:182 H: 114 F:15
c008e3 sta $b1       [0000b1] A:b216 X:0000 Y:0002 S:01e4 D:0000 DB:00 nvMXdizc V:182 H: 140 F:15
c008e5 lda $1d2a     [001d2a] A:b216 X:0000 Y:0002 S:01e4 D:0000 DB:00 nvMXdizc V:182 H: 160 F:15
c008e8 sta $b3       [0000b3] A:b20f X:0000 Y:0002 S:01e4 D:0000 DB:00 nvMXdizc V:182 H: 186 F:15
c008ea jsr $0906     [c00906] A:b20f X:0000 Y:0002 S:01e4 D:0000 DB:00 nvMXdizc V:182 H: 206 F:15
c00906 phy                    A:b20f X:0000 Y:0002 S:01e2 D:0000 DB:00 nvMXdizc V:182 H: 246 F:15
c00907 lda $0372     [000372] A:b20f X:0000 Y:0002 S:01e1 D:0000 DB:00 nvMXdizc V:182 H: 266 F:15
c0090a beq $0915     [c00915] A:b200 X:0000 Y:0002 S:01e1 D:0000 DB:00 nvMXdiZc V:182 H: 292 F:15
c00915 sta $b5       [0000b5] A:b200 X:0000 Y:0002 S:01e1 D:0000 DB:00 nvMXdiZc V:182 H: 310 F:15
c00917 stz $b2       [0000b2] A:b200 X:0000 Y:0002 S:01e1 D:0000 DB:00 nvMXdiZc V:182 H: 330 F:15
c00919 stz $b4       [0000b4] A:b200 X:0000 Y:0002 S:01e1 D:0000 DB:00 nvMXdiZc V:182 H: 350 F:15
c0091b lda $b1       [0000b1] A:b200 X:0000 Y:0002 S:01e1 D:0000 DB:00 nvMXdiZc V:182 H: 370 F:15
c0091d clc                    A:b216 X:0000 Y:0002 S:01e1 D:0000 DB:00 nvMXdizc V:182 H: 390 F:15
c0091e adc $036c     [00036c] A:b216 X:0000 Y:0002 S:01e1 D:0000 DB:00 nvMXdizc V:182 H: 402 F:15
c00921 and #$7f               A:b216 X:0000 Y:0002 S:01e1 D:0000 DB:00 nvMXdizc V:182 H: 428 F:15
c00923 ldy $b5       [0000b5] A:b216 X:0000 Y:0002 S:01e1 D:0000 DB:00 nvMXdizc V:182 H: 440 F:15
c00925 bne $0929     [c00929] A:b216 X:0000 Y:0000 S:01e1 D:0000 DB:00 nvMXdiZc V:182 H: 460 F:15
c00927 and #$3f               A:b216 X:0000 Y:0000 S:01e1 D:0000 DB:00 nvMXdiZc V:182 H: 472 F:15
c00929 sta $b1       [0000b1] A:b216 X:0000 Y:0000 S:01e1 D:0000 DB:00 nvMXdizc V:182 H: 484 F:15
c0092b lda $b3       [0000b3] A:b216 X:0000 Y:0000 S:01e1 D:0000 DB:00 nvMXdizc V:182 H: 504 F:15
c0092d clc                    A:b20f X:0000 Y:0000 S:01e1 D:0000 DB:00 nvMXdizc V:182 H: 524 F:15
c0092e adc $036d     [00036d] A:b20f X:0000 Y:0000 S:01e1 D:0000 DB:00 nvMXdizc V:182 H: 576 F:15
c00931 and #$7f               A:b20f X:0000 Y:0000 S:01e1 D:0000 DB:00 nvMXdizc V:182 H: 602 F:15
c00933 ldy $b5       [0000b5] A:b20f X:0000 Y:0000 S:01e1 D:0000 DB:00 nvMXdizc V:182 H: 614 F:15
c00935 bne $0939     [c00939] A:b20f X:0000 Y:0000 S:01e1 D:0000 DB:00 nvMXdiZc V:182 H: 634 F:15
c00937 and #$1f               A:b20f X:0000 Y:0000 S:01e1 D:0000 DB:00 nvMXdiZc V:182 H: 646 F:15
c00939 sta $b3       [0000b3] A:b20f X:0000 Y:0000 S:01e1 D:0000 DB:00 nvMXdizc V:182 H: 658 F:15
c0093b rep #$20               A:b20f X:0000 Y:0000 S:01e1 D:0000 DB:00 nvMXdizc V:182 H: 678 F:15
c0093d ldy $b5       [0000b5] A:b20f X:0000 Y:0000 S:01e1 D:0000 DB:00 nvmXdizc V:182 H: 696 F:15
c0093f bne $0956     [c00956] A:b20f X:0000 Y:0000 S:01e1 D:0000 DB:00 nvmXdiZc V:182 H: 716 F:15
c00941 lda $b1       [0000b1] A:b20f X:0000 Y:0000 S:01e1 D:0000 DB:00 nvmXdiZc V:182 H: 728 F:15
c00943 and #$0020             A:0016 X:0000 Y:0000 S:01e1 D:0000 DB:00 nvmXdizc V:182 H: 756 F:15
c00946 asl a                  A:0000 X:0000 Y:0000 S:01e1 D:0000 DB:00 nvmXdiZc V:182 H: 774 F:15
c00947 asl a                  A:0000 X:0000 Y:0000 S:01e1 D:0000 DB:00 nvmXdiZc V:182 H: 786 F:15
c00948 asl a                  A:0000 X:0000 Y:0000 S:01e1 D:0000 DB:00 nvmXdiZc V:182 H: 798 F:15
c00949 asl a                  A:0000 X:0000 Y:0000 S:01e1 D:0000 DB:00 nvmXdiZc V:182 H: 810 F:15
c0094a asl a                  A:0000 X:0000 Y:0000 S:01e1 D:0000 DB:00 nvmXdiZc V:182 H: 822 F:15
c0094b sta $9f       [00009f] A:0000 X:0000 Y:0000 S:01e1 D:0000 DB:00 nvmXdiZc V:182 H: 834 F:15
c0094d lda $b1       [0000b1] A:0000 X:0000 Y:0000 S:01e1 D:0000 DB:00 nvmXdiZc V:182 H: 862 F:15
c0094f and #$001f             A:0016 X:0000 Y:0000 S:01e1 D:0000 DB:00 nvmXdizc V:182 H: 890 F:15
c00952 ora $9f       [00009f] A:0016 X:0000 Y:0000 S:01e1 D:0000 DB:00 nvmXdizc V:182 H: 908 F:15
c00954 sta $b1       [0000b1] A:0016 X:0000 Y:0000 S:01e1 D:0000 DB:00 nvmXdizc V:182 H: 936 F:15
c00956 lda $b3       [0000b3] A:0016 X:0000 Y:0000 S:01e1 D:0000 DB:00 nvmXdizc V:182 H: 964 F:15
c00958 asl a                  A:000f X:0000 Y:0000 S:01e1 D:0000 DB:00 nvmXdizc V:182 H: 992 F:15
c00959 asl a                  A:001e X:0000 Y:0000 S:01e1 D:0000 DB:00 nvmXdizc V:182 H:1004 F:15
c0095a asl a                  A:003c X:0000 Y:0000 S:01e1 D:0000 DB:00 nvmXdizc V:182 H:1016 F:15
c0095b asl a                  A:0078 X:0000 Y:0000 S:01e1 D:0000 DB:00 nvmXdizc V:182 H:1028 F:15
c0095c asl a                  A:00f0 X:0000 Y:0000 S:01e1 D:0000 DB:00 nvmXdizc V:182 H:1040 F:15
c0095d ldy $b5       [0000b5] A:01e0 X:0000 Y:0000 S:01e1 D:0000 DB:00 nvmXdizc V:182 H:1052 F:15
c0095f beq $0963     [c00963] A:01e0 X:0000 Y:0000 S:01e1 D:0000 DB:00 nvmXdiZc V:182 H:1072 F:15
c00963 ora $b1       [0000b1] A:01e0 X:0000 Y:0000 S:01e1 D:0000 DB:00 nvmXdiZc V:182 H:1090 F:15
c00965 ldy $0372     [000372] A:01f6 X:0000 Y:0000 S:01e1 D:0000 DB:00 nvmXdizc V:182 H:1118 F:15
c00968 bne $096e     [c0096e] A:01f6 X:0000 Y:0000 S:01e1 D:0000 DB:00 nvmXdiZc V:182 H:1144 F:15
c0096a clc                    A:01f6 X:0000 Y:0000 S:01e1 D:0000 DB:00 nvmXdiZc V:182 H:1156 F:15
c0096b adc $036f     [00036f] A:01f6 X:0000 Y:0000 S:01e1 D:0000 DB:00 nvmXdiZc V:182 H:1168 F:15
c0096e sep #$20               A:31f6 X:0000 Y:0000 S:01e1 D:0000 DB:00 nvmXdizc V:182 H:1202 F:15
c00970 ply                    A:31f6 X:0000 Y:0000 S:01e1 D:0000 DB:00 nvMXdizc V:182 H:1220 F:15
c00971 rts                    A:31f6 X:0000 Y:0002 S:01e2 D:0000 DB:00 nvMXdizc V:182 H:1246 F:15
c008ed sta $08       [000008] A:31f6 X:0000 Y:0002 S:01e4 D:0000 DB:00 nvMXdizc V:182 H:1286 F:15
c008ef xba                    A:31f6 X:0000 Y:0002 S:01e4 D:0000 DB:00 nvMXdizc V:182 H:1306 F:15
c008f0 sta $09       [000009] A:f631 X:0000 Y:0002 S:01e4 D:0000 DB:00 nvMXdizc V:182 H:1324 F:15
c008f2 rtl                    A:f631 X:0000 Y:0002 S:01e4 D:0000 DB:00 nvMXdizc V:182 H:1344 F:15
c00140 rep #$20               A:f631 X:0000 Y:0002 S:01e7 D:0000 DB:00 nvMXdizc V:183 H:  22 F:15
c00142 lda $08       [000008] A:f631 X:0000 Y:0002 S:01e7 D:0000 DB:00 nvmXdizc V:183 H:  40 F:15
c00144 sta $ae       [0000ae] A:31f6 X:0000 Y:0002 S:01e7 D:0000 DB:00 nvmXdizc V:183 H:  68 F:15
c00146 sep #$20               A:31f6 X:0000 Y:0002 S:01e7 D:0000 DB:00 nvmXdizc V:183 H:  96 F:15
c00148 jsl $c00478   [c00478] A:31f6 X:0000 Y:0002 S:01e7 D:0000 DB:00 nvMXdizc V:183 H: 114 F:15
c00478 phx                    A:31f6 X:0000 Y:0002 S:01e4 D:0000 DB:00 nvMXdizc V:183 H: 168 F:15
c00479 rep #$30               A:31f6 X:0000 Y:0002 S:01e3 D:0000 DB:00 nvMXdizc V:183 H: 188 F:15
c0047b ldx $0357     [000357] A:31f6 X:0000 Y:0002 S:01e3 D:0000 DB:00 nvmxdizc V:183 H: 206 F:15
c0047e lda $ae       [0000ae] A:31f6 X:37dc Y:0002 S:01e3 D:0000 DB:00 nvmxdizc V:183 H: 240 F:15
c00480 sta $7e8004,x [7eb7e0] A:31f6 X:37dc Y:0002 S:01e3 D:0000 DB:00 nvmxdizc V:183 H: 268 F:15
c00484 lda $0352     [000352] A:31f6 X:37dc Y:0002 S:01e3 D:0000 DB:00 nvmxdizc V:183 H: 308 F:15
c00487 sta $7e8000,x [7eb7dc] A:0080 X:37dc Y:0002 S:01e3 D:0000 DB:00 nvmxdizc V:183 H: 342 F:15
c0048b txa                    A:0080 X:37dc Y:0002 S:01e3 D:0000 DB:00 nvmxdizc V:183 H: 382 F:15
c0048c clc                    A:37dc X:37dc Y:0002 S:01e3 D:0000 DB:00 nvmxdizc V:183 H: 394 F:15
c0048d adc #$0006             A:37dc X:37dc Y:0002 S:01e3 D:0000 DB:00 nvmxdizc V:183 H: 406 F:15
c00490 sta $035b     [00035b] A:37e2 X:37dc Y:0002 S:01e3 D:0000 DB:00 nvmxdizc V:183 H: 424 F:15
c00493 sep #$30               A:37e2 X:37dc Y:0002 S:01e3 D:0000 DB:00 nvmxdizc V:183 H: 458 F:15
c00495 plx                    A:37e2 X:00dc Y:0002 S:01e3 D:0000 DB:00 nvMXdizc V:183 H: 476 F:15
c00496 rtl                    A:37e2 X:0000 Y:0002 S:01e4 D:0000 DB:00 nvMXdiZc V:183 H: 502 F:15
c0014c ldx $1d34     [001d34] A:37e2 X:0000 Y:0002 S:01e7 D:0000 DB:00 nvMXdiZc V:183 H: 584 F:15
c0014f jsl $c01ccc   [c01ccc] A:37e2 X:0008 Y:0002 S:01e7 D:0000 DB:00 nvMXdizc V:183 H: 610 F:15
c01ccc phx                    A:37e2 X:0008 Y:0002 S:01e4 D:0000 DB:00 nvMXdizc V:183 H: 664 F:15
c01ccd ldx $64       [000064] A:37e2 X:0008 Y:0002 S:01e3 D:0000 DB:00 nvMXdizc V:183 H: 684 F:15
c01ccf jsr ($1ce5,x) [c01ce5] A:37e2 X:0000 Y:0002 S:01e3 D:0000 DB:00 nvMXdiZc V:183 H: 704 F:15
c01cf5 lda [$60]     [d1b22b] A:37e2 X:0000 Y:0002 S:01e1 D:0000 DB:00 nvMXdiZc V:183 H: 756 F:15
c01cf7 inc $60       [000060] A:372d X:0000 Y:0002 S:01e1 D:0000 DB:00 nvMXdizc V:183 H: 798 F:15
c01cf9 bne $1d01     [c01d01] A:372d X:0000 Y:0002 S:01e1 D:0000 DB:00 nvMXdizc V:183 H: 832 F:15
c01d01 rts                    A:372d X:0000 Y:0002 S:01e1 D:0000 DB:00 nvMXdizc V:183 H: 850 F:15
c01cd2 ldx $66       [000066] A:372d X:0000 Y:0002 S:01e3 D:0000 DB:00 nvMXdizc V:183 H: 890 F:15
c01cd4 sta $0200,x   [000200] A:372d X:0000 Y:0002 S:01e3 D:0000 DB:00 nvMXdiZc V:183 H: 910 F:15
c01cd7 inc $66       [000066] A:372d X:0000 Y:0002 S:01e3 D:0000 DB:00 nvMXdiZc V:183 H: 942 F:15
c01cd9 dec $65       [000065] A:372d X:0000 Y:0002 S:01e3 D:0000 DB:00 nvMXdizc V:183 H: 976 F:15
c01cdb bne $1ce0     [c01ce0] A:372d X:0000 Y:0002 S:01e3 D:0000 DB:00 nvMXdiZc V:183 H:1010 F:15
c01cdd jsr $1d45     [c01d45] A:372d X:0000 Y:0002 S:01e3 D:0000 DB:00 nvMXdiZc V:183 H:1022 F:15
c01d45 lda [$60]     [d1b22c] A:372d X:0000 Y:0002 S:01e1 D:0000 DB:00 nvMXdiZc V:183 H:1062 F:15
c01d47 sta $64       [000064] A:374e X:0000 Y:0002 S:01e1 D:0000 DB:00 nvMXdizc V:183 H:1104 F:15
c01d49 and #$1f               A:374e X:0000 Y:0002 S:01e1 D:0000 DB:00 nvMXdizc V:183 H:1124 F:15
c01d4b inc                    A:370e X:0000 Y:0002 S:01e1 D:0000 DB:00 nvMXdizc V:183 H:1136 F:15
c01d4c sta $65       [000065] A:370f X:0000 Y:0002 S:01e1 D:0000 DB:00 nvMXdizc V:183 H:1148 F:15
c01d4e lda $64       [000064] A:370f X:0000 Y:0002 S:01e1 D:0000 DB:00 nvMXdizc V:183 H:1168 F:15
c01d50 lsr a                  A:374e X:0000 Y:0002 S:01e1 D:0000 DB:00 nvMXdizc V:183 H:1188 F:15
c01d51 lsr a                  A:3727 X:0000 Y:0002 S:01e1 D:0000 DB:00 nvMXdizc V:183 H:1200 F:15
c01d52 lsr a                  A:3713 X:0000 Y:0002 S:01e1 D:0000 DB:00 nvMXdizC V:183 H:1212 F:15
c01d53 lsr a                  A:3709 X:0000 Y:0002 S:01e1 D:0000 DB:00 nvMXdizC V:183 H:1224 F:15
c01d54 and #$0e               A:3704 X:0000 Y:0002 S:01e1 D:0000 DB:00 nvMXdizC V:183 H:1236 F:15
c01d56 sta $64       [000064] A:3704 X:0000 Y:0002 S:01e1 D:0000 DB:00 nvMXdizC V:183 H:1248 F:15
c01d58 inc $60       [000060] A:3704 X:0000 Y:0002 S:01e1 D:0000 DB:00 nvMXdizC V:183 H:1268 F:15
c01d5a bne $1d62     [c01d62] A:3704 X:0000 Y:0002 S:01e1 D:0000 DB:00 nvMXdizC V:183 H:1302 F:15
c01d62 rts                    A:3704 X:0000 Y:0002 S:01e1 D:0000 DB:00 nvMXdizC V:183 H:1320 F:15
c01ce0 lda $0200,x   [000200] A:3704 X:0000 Y:0002 S:01e3 D:0000 DB:00 nvMXdizC V:183 H:1360 F:15
c01ce3 plx                    A:372d X:0000 Y:0002 S:01e3 D:0000 DB:00 nvMXdizC V:184 H:  22 F:15
c01ce4 rtl                    A:372d X:0008 Y:0002 S:01e4 D:0000 DB:00 nvMXdizC V:184 H:  48 F:15
c00153 sta $a5       [0000a5] A:372d X:0008 Y:0002 S:01e7 D:0000 DB:00 nvMXdizC V:184 H:  90 F:15
c00155 jsl $c01ccc   [c01ccc] A:372d X:0008 Y:0002 S:01e7 D:0000 DB:00 nvMXdizC V:184 H: 110 F:15
c01ccc phx                    A:372d X:0008 Y:0002 S:01e4 D:0000 DB:00 nvMXdizC V:184 H: 164 F:15
c01ccd ldx $64       [000064] A:372d X:0008 Y:0002 S:01e3 D:0000 DB:00 nvMXdizC V:184 H: 184 F:15
c01ccf jsr ($1ce5,x) [c01ce9] A:372d X:0004 Y:0002 S:01e3 D:0000 DB:00 nvMXdizC V:184 H: 204 F:15
c01d0a ldx $66       [000066] A:372d X:0004 Y:0002 S:01e1 D:0000 DB:00 nvMXdizC V:184 H: 256 F:15
c01d0c dex                    A:372d X:0001 Y:0002 S:01e1 D:0000 DB:00 nvMXdizC V:184 H: 276 F:15
c01d0d lda $0200,x   [000200] A:372d X:0000 Y:0002 S:01e1 D:0000 DB:00 nvMXdiZC V:184 H: 288 F:15
c01d10 rts                    A:372d X:0000 Y:0002 S:01e1 D:0000 DB:00 nvMXdizC V:184 H: 314 F:15
c01cd2 ldx $66       [000066] A:372d X:0000 Y:0002 S:01e3 D:0000 DB:00 nvMXdizC V:184 H: 354 F:15
c01cd4 sta $0200,x   [000201] A:372d X:0001 Y:0002 S:01e3 D:0000 DB:00 nvMXdizC V:184 H: 374 F:15
c01cd7 inc $66       [000066] A:372d X:0001 Y:0002 S:01e3 D:0000 DB:00 nvMXdizC V:184 H: 406 F:15
c01cd9 dec $65       [000065] A:372d X:0001 Y:0002 S:01e3 D:0000 DB:00 nvMXdizC V:184 H: 440 F:15
c01cdb bne $1ce0     [c01ce0] A:372d X:0001 Y:0002 S:01e3 D:0000 DB:00 nvMXdizC V:184 H: 474 F:15
c01ce0 lda $0200,x   [000201] A:372d X:0001 Y:0002 S:01e3 D:0000 DB:00 nvMXdizC V:184 H: 492 F:15
c01ce3 plx                    A:372d X:0001 Y:0002 S:01e3 D:0000 DB:00 nvMXdizC V:184 H: 518 F:15
c01ce4 rtl                    A:372d X:0008 Y:0002 S:01e4 D:0000 DB:00 nvMXdizC V:184 H: 584 F:15
c00159 sta $a6       [0000a6] A:372d X:0008 Y:0002 S:01e7 D:0000 DB:00 nvMXdizC V:184 H: 626 F:15
c0015b jsl $c00497   [c00497] A:372d X:0008 Y:0002 S:01e7 D:0000 DB:00 nvMXdizC V:184 H: 646 F:15
c00497 phx                    A:372d X:0008 Y:0002 S:01e4 D:0000 DB:00 nvMXdizC V:184 H: 700 F:15
c00498 rep #$30               A:372d X:0008 Y:0002 S:01e3 D:0000 DB:00 nvMXdizC V:184 H: 720 F:15
c0049a ldx $035b     [00035b] A:372d X:0008 Y:0002 S:01e3 D:0000 DB:00 nvmxdizC V:184 H: 738 F:15
c0049d lda $a5       [0000a5] A:372d X:37e2 Y:0002 S:01e3 D:0000 DB:00 nvmxdizC V:184 H: 772 F:15
c0049f sta $7e8000,x [7eb7e2] A:2d2d X:37e2 Y:0002 S:01e3 D:0000 DB:00 nvmxdizC V:184 H: 800 F:15
c004a3 inx                    A:2d2d X:37e2 Y:0002 S:01e3 D:0000 DB:00 nvmxdizC V:184 H: 840 F:15
c004a4 inx                    A:2d2d X:37e3 Y:0002 S:01e3 D:0000 DB:00 nvmxdizC V:184 H: 852 F:15
c004a5 stx $035b     [00035b] A:2d2d X:37e4 Y:0002 S:01e3 D:0000 DB:00 nvmxdizC V:184 H: 864 F:15
c004a8 sep #$30               A:2d2d X:37e4 Y:0002 S:01e3 D:0000 DB:00 nvmxdizC V:184 H: 898 F:15
c004aa plx                    A:2d2d X:00e4 Y:0002 S:01e3 D:0000 DB:00 nvMXdizC V:184 H: 916 F:15
c004ab rtl                    A:2d2d X:0008 Y:0002 S:01e4 D:0000 DB:00 nvMXdizC V:184 H: 942 F:15
c0015f dex                    A:2d2d X:0008 Y:0002 S:01e7 D:0000 DB:00 nvMXdizC V:184 H: 984 F:15
c00160 dex                    A:2d2d X:0007 Y:0002 S:01e7 D:0000 DB:00 nvMXdizC V:184 H: 996 F:15
c00161 bne $014f     [c0014f] A:2d2d X:0006 Y:0002 S:01e7 D:0000 DB:00 nvMXdizC V:184 H:1008 F:15
c0014f jsl $c01ccc   [c01ccc] A:2d2d X:0006 Y:0002 S:01e7 D:0000 DB:00 nvMXdizC V:184 H:1026 F:15
c01ccc phx                    A:2d2d X:0006 Y:0002 S:01e4 D:0000 DB:00 nvMXdizC V:184 H:1080 F:15
c01ccd ldx $64       [000064] A:2d2d X:0006 Y:0002 S:01e3 D:0000 DB:00 nvMXdizC V:184 H:1100 F:15
c01ccf jsr ($1ce5,x) [c01ce9] A:2d2d X:0004 Y:0002 S:01e3 D:0000 DB:00 nvMXdizC V:184 H:1120 F:15
c01d0a ldx $66       [000066] A:2d2d X:0004 Y:0002 S:01e1 D:0000 DB:00 nvMXdizC V:184 H:1172 F:15
c01d0c dex                    A:2d2d X:0002 Y:0002 S:01e1 D:0000 DB:00 nvMXdizC V:184 H:1192 F:15
c01d0d lda $0200,x   [000201] A:2d2d X:0001 Y:0002 S:01e1 D:0000 DB:00 nvMXdizC V:184 H:1204 F:15
c01d10 rts                    A:2d2d X:0001 Y:0002 S:01e1 D:0000 DB:00 nvMXdizC V:184 H:1230 F:15
c01cd2 ldx $66       [000066] A:2d2d X:0001 Y:0002 S:01e3 D:0000 DB:00 nvMXdizC V:184 H:1270 F:15
c01cd4 sta $0200,x   [000202] A:2d2d X:0002 Y:0002 S:01e3 D:0000 DB:00 nvMXdizC V:184 H:1290 F:15
c01cd7 inc $66       [000066] A:2d2d X:0002 Y:0002 S:01e3 D:0000 DB:00 nvMXdizC V:184 H:1322 F:15
c01cd9 dec $65       [000065] A:2d2d X:0002 Y:0002 S:01e3 D:0000 DB:00 nvMXdizC V:184 H:1356 F:15
c01cdb bne $1ce0     [c01ce0] A:2d2d X:0002 Y:0002 S:01e3 D:0000 DB:00 nvMXdizC V:185 H:  26 F:15
c01ce0 lda $0200,x   [000202] A:2d2d X:0002 Y:0002 S:01e3 D:0000 DB:00 nvMXdizC V:185 H:  44 F:15
c01ce3 plx                    A:2d2d X:0002 Y:0002 S:01e3 D:0000 DB:00 nvMXdizC V:185 H:  70 F:15
c01ce4 rtl                    A:2d2d X:0006 Y:0002 S:01e4 D:0000 DB:00 nvMXdizC V:185 H:  96 F:15
c00153 sta $a5       [0000a5] A:2d2d X:0006 Y:0002 S:01e7 D:0000 DB:00 nvMXdizC V:185 H: 138 F:15
c00155 jsl $c01ccc   [c01ccc] A:2d2d X:0006 Y:0002 S:01e7 D:0000 DB:00 nvMXdizC V:185 H: 158 F:15
c01ccc phx                    A:2d2d X:0006 Y:0002 S:01e4 D:0000 DB:00 nvMXdizC V:185 H: 212 F:15
c01ccd ldx $64       [000064] A:2d2d X:0006 Y:0002 S:01e3 D:0000 DB:00 nvMXdizC V:185 H: 232 F:15
c01ccf jsr ($1ce5,x) [c01ce9] A:2d2d X:0004 Y:0002 S:01e3 D:0000 DB:00 nvMXdizC V:185 H: 252 F:15
c01d0a ldx $66       [000066] A:2d2d X:0004 Y:0002 S:01e1 D:0000 DB:00 nvMXdizC V:185 H: 304 F:15
c01d0c dex                    A:2d2d X:0003 Y:0002 S:01e1 D:0000 DB:00 nvMXdizC V:185 H: 324 F:15
c01d0d lda $0200,x   [000202] A:2d2d X:0002 Y:0002 S:01e1 D:0000 DB:00 nvMXdizC V:185 H: 336 F:15
c01d10 rts                    A:2d2d X:0002 Y:0002 S:01e1 D:0000 DB:00 nvMXdizC V:185 H: 362 F:15
c01cd2 ldx $66       [000066] A:2d2d X:0002 Y:0002 S:01e3 D:0000 DB:00 nvMXdizC V:185 H: 402 F:15
c01cd4 sta $0200,x   [000203] A:2d2d X:0003 Y:0002 S:01e3 D:0000 DB:00 nvMXdizC V:185 H: 422 F:15
c01cd7 inc $66       [000066] A:2d2d X:0003 Y:0002 S:01e3 D:0000 DB:00 nvMXdizC V:185 H: 454 F:15
c01cd9 dec $65       [000065] A:2d2d X:0003 Y:0002 S:01e3 D:0000 DB:00 nvMXdizC V:185 H: 488 F:15
c01cdb bne $1ce0     [c01ce0] A:2d2d X:0003 Y:0002 S:01e3 D:0000 DB:00 nvMXdizC V:185 H: 522 F:15
c01ce0 lda $0200,x   [000203] A:2d2d X:0003 Y:0002 S:01e3 D:0000 DB:00 nvMXdizC V:185 H: 580 F:15
c01ce3 plx                    A:2d2d X:0003 Y:0002 S:01e3 D:0000 DB:00 nvMXdizC V:185 H: 606 F:15
c01ce4 rtl                    A:2d2d X:0006 Y:0002 S:01e4 D:0000 DB:00 nvMXdizC V:185 H: 632 F:15
c00159 sta $a6       [0000a6] A:2d2d X:0006 Y:0002 S:01e7 D:0000 DB:00 nvMXdizC V:185 H: 674 F:15
c0015b jsl $c00497   [c00497] A:2d2d X:0006 Y:0002 S:01e7 D:0000 DB:00 nvMXdizC V:185 H: 694 F:15
c00497 phx                    A:2d2d X:0006 Y:0002 S:01e4 D:0000 DB:00 nvMXdizC V:185 H: 748 F:15
c00498 rep #$30               A:2d2d X:0006 Y:0002 S:01e3 D:0000 DB:00 nvMXdizC V:185 H: 768 F:15
c0049a ldx $035b     [00035b] A:2d2d X:0006 Y:0002 S:01e3 D:0000 DB:00 nvmxdizC V:185 H: 786 F:15
c0049d lda $a5       [0000a5] A:2d2d X:37e4 Y:0002 S:01e3 D:0000 DB:00 nvmxdizC V:185 H: 820 F:15
c0049f sta $7e8000,x [7eb7e4] A:2d2d X:37e4 Y:0002 S:01e3 D:0000 DB:00 nvmxdizC V:185 H: 848 F:15
c004a3 inx                    A:2d2d X:37e4 Y:0002 S:01e3 D:0000 DB:00 nvmxdizC V:185 H: 888 F:15
c004a4 inx                    A:2d2d X:37e5 Y:0002 S:01e3 D:0000 DB:00 nvmxdizC V:185 H: 900 F:15
c004a5 stx $035b     [00035b] A:2d2d X:37e6 Y:0002 S:01e3 D:0000 DB:00 nvmxdizC V:185 H: 912 F:15
c004a8 sep #$30               A:2d2d X:37e6 Y:0002 S:01e3 D:0000 DB:00 nvmxdizC V:185 H: 946 F:15
c004aa plx                    A:2d2d X:00e6 Y:0002 S:01e3 D:0000 DB:00 nvMXdizC V:185 H: 964 F:15
c004ab rtl                    A:2d2d X:0006 Y:0002 S:01e4 D:0000 DB:00 nvMXdizC V:185 H: 990 F:15
c0015f dex                    A:2d2d X:0006 Y:0002 S:01e7 D:0000 DB:00 nvMXdizC V:185 H:1032 F:15
c00160 dex                    A:2d2d X:0005 Y:0002 S:01e7 D:0000 DB:00 nvMXdizC V:185 H:1044 F:15
c00161 bne $014f     [c0014f] A:2d2d X:0004 Y:0002 S:01e7 D:0000 DB:00 nvMXdizC V:185 H:1056 F:15
c0014f jsl $c01ccc   [c01ccc] A:2d2d X:0004 Y:0002 S:01e7 D:0000 DB:00 nvMXdizC V:185 H:1074 F:15
c01ccc phx                    A:2d2d X:0004 Y:0002 S:01e4 D:0000 DB:00 nvMXdizC V:185 H:1128 F:15
c01ccd ldx $64       [000064] A:2d2d X:0004 Y:0002 S:01e3 D:0000 DB:00 nvMXdizC V:185 H:1148 F:15
c01ccf jsr ($1ce5,x) [c01ce9] A:2d2d X:0004 Y:0002 S:01e3 D:0000 DB:00 nvMXdizC V:185 H:1168 F:15
c01d0a ldx $66       [000066] A:2d2d X:0004 Y:0002 S:01e1 D:0000 DB:00 nvMXdizC V:185 H:1220 F:15
c01d0c dex                    A:2d2d X:0004 Y:0002 S:01e1 D:0000 DB:00 nvMXdizC V:185 H:1240 F:15
c01d0d lda $0200,x   [000203] A:2d2d X:0003 Y:0002 S:01e1 D:0000 DB:00 nvMXdizC V:185 H:1252 F:15
c01d10 rts                    A:2d2d X:0003 Y:0002 S:01e1 D:0000 DB:00 nvMXdizC V:185 H:1278 F:15
c01cd2 ldx $66       [000066] A:2d2d X:0003 Y:0002 S:01e3 D:0000 DB:00 nvMXdizC V:185 H:1318 F:15
c01cd4 sta $0200,x   [000204] A:2d2d X:0004 Y:0002 S:01e3 D:0000 DB:00 nvMXdizC V:185 H:1338 F:15
c01cd7 inc $66       [000066] A:2d2d X:0004 Y:0002 S:01e3 D:0000 DB:00 nvMXdizC V:186 H:   6 F:15
c01cd9 dec $65       [000065] A:2d2d X:0004 Y:0002 S:01e3 D:0000 DB:00 nvMXdizC V:186 H:  40 F:15
c01cdb bne $1ce0     [c01ce0] A:2d2d X:0004 Y:0002 S:01e3 D:0000 DB:00 nvMXdizC V:186 H:  74 F:15
c01ce0 lda $0200,x   [000204] A:2d2d X:0004 Y:0002 S:01e3 D:0000 DB:00 nvMXdizC V:186 H:  92 F:15
c01ce3 plx                    A:2d2d X:0004 Y:0002 S:01e3 D:0000 DB:00 nvMXdizC V:186 H: 118 F:15
c01ce4 rtl                    A:2d2d X:0004 Y:0002 S:01e4 D:0000 DB:00 nvMXdizC V:186 H: 144 F:15
c00153 sta $a5       [0000a5] A:2d2d X:0004 Y:0002 S:01e7 D:0000 DB:00 nvMXdizC V:186 H: 186 F:15
c00155 jsl $c01ccc   [c01ccc] A:2d2d X:0004 Y:0002 S:01e7 D:0000 DB:00 nvMXdizC V:186 H: 206 F:15
c01ccc phx                    A:2d2d X:0004 Y:0002 S:01e4 D:0000 DB:00 nvMXdizC V:186 H: 260 F:15
c01ccd ldx $64       [000064] A:2d2d X:0004 Y:0002 S:01e3 D:0000 DB:00 nvMXdizC V:186 H: 280 F:15
c01ccf jsr ($1ce5,x) [c01ce9] A:2d2d X:0004 Y:0002 S:01e3 D:0000 DB:00 nvMXdizC V:186 H: 300 F:15
c01d0a ldx $66       [000066] A:2d2d X:0004 Y:0002 S:01e1 D:0000 DB:00 nvMXdizC V:186 H: 352 F:15
c01d0c dex                    A:2d2d X:0005 Y:0002 S:01e1 D:0000 DB:00 nvMXdizC V:186 H: 372 F:15
c01d0d lda $0200,x   [000204] A:2d2d X:0004 Y:0002 S:01e1 D:0000 DB:00 nvMXdizC V:186 H: 384 F:15
c01d10 rts                    A:2d2d X:0004 Y:0002 S:01e1 D:0000 DB:00 nvMXdizC V:186 H: 410 F:15
c01cd2 ldx $66       [000066] A:2d2d X:0004 Y:0002 S:01e3 D:0000 DB:00 nvMXdizC V:186 H: 450 F:15
c01cd4 sta $0200,x   [000205] A:2d2d X:0005 Y:0002 S:01e3 D:0000 DB:00 nvMXdizC V:186 H: 470 F:15
c01cd7 inc $66       [000066] A:2d2d X:0005 Y:0002 S:01e3 D:0000 DB:00 nvMXdizC V:186 H: 502 F:15
c01cd9 dec $65       [000065] A:2d2d X:0005 Y:0002 S:01e3 D:0000 DB:00 nvMXdizC V:186 H: 576 F:15
c01cdb bne $1ce0     [c01ce0] A:2d2d X:0005 Y:0002 S:01e3 D:0000 DB:00 nvMXdizC V:186 H: 610 F:15
c01ce0 lda $0200,x   [000205] A:2d2d X:0005 Y:0002 S:01e3 D:0000 DB:00 nvMXdizC V:186 H: 628 F:15
c01ce3 plx                    A:2d2d X:0005 Y:0002 S:01e3 D:0000 DB:00 nvMXdizC V:186 H: 654 F:15
c01ce4 rtl                    A:2d2d X:0004 Y:0002 S:01e4 D:0000 DB:00 nvMXdizC V:186 H: 680 F:15
c00159 sta $a6       [0000a6] A:2d2d X:0004 Y:0002 S:01e7 D:0000 DB:00 nvMXdizC V:186 H: 722 F:15
c0015b jsl $c00497   [c00497] A:2d2d X:0004 Y:0002 S:01e7 D:0000 DB:00 nvMXdizC V:186 H: 742 F:15
c00497 phx                    A:2d2d X:0004 Y:0002 S:01e4 D:0000 DB:00 nvMXdizC V:186 H: 796 F:15
c00498 rep #$30               A:2d2d X:0004 Y:0002 S:01e3 D:0000 DB:00 nvMXdizC V:186 H: 816 F:15
c0049a ldx $035b     [00035b] A:2d2d X:0004 Y:0002 S:01e3 D:0000 DB:00 nvmxdizC V:186 H: 834 F:15
c0049d lda $a5       [0000a5] A:2d2d X:37e6 Y:0002 S:01e3 D:0000 DB:00 nvmxdizC V:186 H: 868 F:15
c0049f sta $7e8000,x [7eb7e6] A:2d2d X:37e6 Y:0002 S:01e3 D:0000 DB:00 nvmxdizC V:186 H: 896 F:15
c004a3 inx                    A:2d2d X:37e6 Y:0002 S:01e3 D:0000 DB:00 nvmxdizC V:186 H: 936 F:15
c004a4 inx                    A:2d2d X:37e7 Y:0002 S:01e3 D:0000 DB:00 nvmxdizC V:186 H: 948 F:15
c004a5 stx $035b     [00035b] A:2d2d X:37e8 Y:0002 S:01e3 D:0000 DB:00 nvmxdizC V:186 H: 960 F:15
c004a8 sep #$30               A:2d2d X:37e8 Y:0002 S:01e3 D:0000 DB:00 nvmxdizC V:186 H: 994 F:15
c004aa plx                    A:2d2d X:00e8 Y:0002 S:01e3 D:0000 DB:00 nvMXdizC V:186 H:1012 F:15
c004ab rtl                    A:2d2d X:0004 Y:0002 S:01e4 D:0000 DB:00 nvMXdizC V:186 H:1038 F:15
c0015f dex                    A:2d2d X:0004 Y:0002 S:01e7 D:0000 DB:00 nvMXdizC V:186 H:1080 F:15
c00160 dex                    A:2d2d X:0003 Y:0002 S:01e7 D:0000 DB:00 nvMXdizC V:186 H:1092 F:15
c00161 bne $014f     [c0014f] A:2d2d X:0002 Y:0002 S:01e7 D:0000 DB:00 nvMXdizC V:186 H:1104 F:15
c0014f jsl $c01ccc   [c01ccc] A:2d2d X:0002 Y:0002 S:01e7 D:0000 DB:00 nvMXdizC V:186 H:1122 F:15
c01ccc phx                    A:2d2d X:0002 Y:0002 S:01e4 D:0000 DB:00 nvMXdizC V:186 H:1176 F:15
c01ccd ldx $64       [000064] A:2d2d X:0002 Y:0002 S:01e3 D:0000 DB:00 nvMXdizC V:186 H:1196 F:15
c01ccf jsr ($1ce5,x) [c01ce9] A:2d2d X:0004 Y:0002 S:01e3 D:0000 DB:00 nvMXdizC V:186 H:1216 F:15
c01d0a ldx $66       [000066] A:2d2d X:0004 Y:0002 S:01e1 D:0000 DB:00 nvMXdizC V:186 H:1268 F:15
c01d0c dex                    A:2d2d X:0006 Y:0002 S:01e1 D:0000 DB:00 nvMXdizC V:186 H:1288 F:15
c01d0d lda $0200,x   [000205] A:2d2d X:0005 Y:0002 S:01e1 D:0000 DB:00 nvMXdizC V:186 H:1300 F:15
c01d10 rts                    A:2d2d X:0005 Y:0002 S:01e1 D:0000 DB:00 nvMXdizC V:186 H:1326 F:15
c01cd2 ldx $66       [000066] A:2d2d X:0005 Y:0002 S:01e3 D:0000 DB:00 nvMXdizC V:187 H:   2 F:15
c01cd4 sta $0200,x   [000206] A:2d2d X:0006 Y:0002 S:01e3 D:0000 DB:00 nvMXdizC V:187 H:  22 F:15
c01cd7 inc $66       [000066] A:2d2d X:0006 Y:0002 S:01e3 D:0000 DB:00 nvMXdizC V:187 H:  54 F:15
c01cd9 dec $65       [000065] A:2d2d X:0006 Y:0002 S:01e3 D:0000 DB:00 nvMXdizC V:187 H:  88 F:15
c01cdb bne $1ce0     [c01ce0] A:2d2d X:0006 Y:0002 S:01e3 D:0000 DB:00 nvMXdizC V:187 H: 122 F:15
c01ce0 lda $0200,x   [000206] A:2d2d X:0006 Y:0002 S:01e3 D:0000 DB:00 nvMXdizC V:187 H: 140 F:15
c01ce3 plx                    A:2d2d X:0006 Y:0002 S:01e3 D:0000 DB:00 nvMXdizC V:187 H: 166 F:15
c01ce4 rtl                    A:2d2d X:0002 Y:0002 S:01e4 D:0000 DB:00 nvMXdizC V:187 H: 192 F:15
c00153 sta $a5       [0000a5] A:2d2d X:0002 Y:0002 S:01e7 D:0000 DB:00 nvMXdizC V:187 H: 234 F:15
c00155 jsl $c01ccc   [c01ccc] A:2d2d X:0002 Y:0002 S:01e7 D:0000 DB:00 nvMXdizC V:187 H: 254 F:15
c01ccc phx                    A:2d2d X:0002 Y:0002 S:01e4 D:0000 DB:00 nvMXdizC V:187 H: 308 F:15
c01ccd ldx $64       [000064] A:2d2d X:0002 Y:0002 S:01e3 D:0000 DB:00 nvMXdizC V:187 H: 328 F:15
c01ccf jsr ($1ce5,x) [c01ce9] A:2d2d X:0004 Y:0002 S:01e3 D:0000 DB:00 nvMXdizC V:187 H: 348 F:15
c01d0a ldx $66       [000066] A:2d2d X:0004 Y:0002 S:01e1 D:0000 DB:00 nvMXdizC V:187 H: 400 F:15
c01d0c dex                    A:2d2d X:0007 Y:0002 S:01e1 D:0000 DB:00 nvMXdizC V:187 H: 420 F:15
c01d0d lda $0200,x   [000206] A:2d2d X:0006 Y:0002 S:01e1 D:0000 DB:00 nvMXdizC V:187 H: 432 F:15
c01d10 rts                    A:2d2d X:0006 Y:0002 S:01e1 D:0000 DB:00 nvMXdizC V:187 H: 458 F:15
c01cd2 ldx $66       [000066] A:2d2d X:0006 Y:0002 S:01e3 D:0000 DB:00 nvMXdizC V:187 H: 498 F:15
c01cd4 sta $0200,x   [000207] A:2d2d X:0007 Y:0002 S:01e3 D:0000 DB:00 nvMXdizC V:187 H: 518 F:15
c01cd7 inc $66       [000066] A:2d2d X:0007 Y:0002 S:01e3 D:0000 DB:00 nvMXdizC V:187 H: 590 F:15
c01cd9 dec $65       [000065] A:2d2d X:0007 Y:0002 S:01e3 D:0000 DB:00 nvMXdizC V:187 H: 624 F:15
c01cdb bne $1ce0     [c01ce0] A:2d2d X:0007 Y:0002 S:01e3 D:0000 DB:00 nvMXdizC V:187 H: 658 F:15
c01ce0 lda $0200,x   [000207] A:2d2d X:0007 Y:0002 S:01e3 D:0000 DB:00 nvMXdizC V:187 H: 676 F:15
c01ce3 plx                    A:2d2d X:0007 Y:0002 S:01e3 D:0000 DB:00 nvMXdizC V:187 H: 702 F:15
c01ce4 rtl                    A:2d2d X:0002 Y:0002 S:01e4 D:0000 DB:00 nvMXdizC V:187 H: 728 F:15
c00159 sta $a6       [0000a6] A:2d2d X:0002 Y:0002 S:01e7 D:0000 DB:00 nvMXdizC V:187 H: 770 F:15
c0015b jsl $c00497   [c00497] A:2d2d X:0002 Y:0002 S:01e7 D:0000 DB:00 nvMXdizC V:187 H: 790 F:15
c00497 phx                    A:2d2d X:0002 Y:0002 S:01e4 D:0000 DB:00 nvMXdizC V:187 H: 844 F:15
c00498 rep #$30               A:2d2d X:0002 Y:0002 S:01e3 D:0000 DB:00 nvMXdizC V:187 H: 864 F:15
c0049a ldx $035b     [00035b] A:2d2d X:0002 Y:0002 S:01e3 D:0000 DB:00 nvmxdizC V:187 H: 882 F:15
c0049d lda $a5       [0000a5] A:2d2d X:37e8 Y:0002 S:01e3 D:0000 DB:00 nvmxdizC V:187 H: 916 F:15
c0049f sta $7e8000,x [7eb7e8] A:2d2d X:37e8 Y:0002 S:01e3 D:0000 DB:00 nvmxdizC V:187 H: 944 F:15
c004a3 inx                    A:2d2d X:37e8 Y:0002 S:01e3 D:0000 DB:00 nvmxdizC V:187 H: 984 F:15
c004a4 inx                    A:2d2d X:37e9 Y:0002 S:01e3 D:0000 DB:00 nvmxdizC V:187 H: 996 F:15
c004a5 stx $035b     [00035b] A:2d2d X:37ea Y:0002 S:01e3 D:0000 DB:00 nvmxdizC V:187 H:1008 F:15
c004a8 sep #$30               A:2d2d X:37ea Y:0002 S:01e3 D:0000 DB:00 nvmxdizC V:187 H:1042 F:15
c004aa plx                    A:2d2d X:00ea Y:0002 S:01e3 D:0000 DB:00 nvMXdizC V:187 H:1060 F:15
c004ab rtl                    A:2d2d X:0002 Y:0002 S:01e4 D:0000 DB:00 nvMXdizC V:187 H:1086 F:15
c0015f dex                    A:2d2d X:0002 Y:0002 S:01e7 D:0000 DB:00 nvMXdizC V:187 H:1128 F:15
c00160 dex                    A:2d2d X:0001 Y:0002 S:01e7 D:0000 DB:00 nvMXdizC V:187 H:1140 F:15
c00161 bne $014f     [c0014f] A:2d2d X:0000 Y:0002 S:01e7 D:0000 DB:00 nvMXdiZC V:187 H:1152 F:15
c00163 jsl $c004ac   [c004ac] A:2d2d X:0000 Y:0002 S:01e7 D:0000 DB:00 nvMXdiZC V:187 H:1164 F:15
c004ac phx                    A:2d2d X:0000 Y:0002 S:01e4 D:0000 DB:00 nvMXdiZC V:187 H:1218 F:15
c004ad rep #$30               A:2d2d X:0000 Y:0002 S:01e3 D:0000 DB:00 nvMXdiZC V:187 H:1238 F:15
c004af ldx $0357     [000357] A:2d2d X:0000 Y:0002 S:01e3 D:0000 DB:00 nvmxdiZC V:187 H:1256 F:15
c004b2 lda $035b     [00035b] A:2d2d X:37dc Y:0002 S:01e3 D:0000 DB:00 nvmxdizC V:187 H:1290 F:15
c004b5 sec                    A:37ea X:37dc Y:0002 S:01e3 D:0000 DB:00 nvmxdizC V:187 H:1324 F:15
c004b6 sbc $0357     [000357] A:37ea X:37dc Y:0002 S:01e3 D:0000 DB:00 nvmxdizC V:187 H:1336 F:15
c004b9 sbc #$0006             A:000e X:37dc Y:0002 S:01e3 D:0000 DB:00 nvmxdizC V:188 H:   6 F:15
c004bc sta $7e8002,x [7eb7de] A:0008 X:37dc Y:0002 S:01e3 D:0000 DB:00 nvmxdizC V:188 H:  24 F:15
c004c0 lda $035b     [00035b] A:0008 X:37dc Y:0002 S:01e3 D:0000 DB:00 nvmxdizC V:188 H:  64 F:15
c004c3 and #$3fff             A:37ea X:37dc Y:0002 S:01e3 D:0000 DB:00 nvmxdizC V:188 H:  98 F:15
c004c6 sta $0357     [000357] A:37ea X:37dc Y:0002 S:01e3 D:0000 DB:00 nvmxdizC V:188 H: 116 F:15
c004c9 sep #$30               A:37ea X:37dc Y:0002 S:01e3 D:0000 DB:00 nvmxdizC V:188 H: 150 F:15
c004cb plx                    A:37ea X:00dc Y:0002 S:01e3 D:0000 DB:00 nvMXdizC V:188 H: 168 F:15
c004cc rtl                    A:37ea X:0000 Y:0002 S:01e4 D:0000 DB:00 nvMXdiZC V:188 H: 194 F:15
c00167 inc $1d2a     [001d2a] A:37ea X:0000 Y:0002 S:01e7 D:0000 DB:00 nvMXdiZC V:188 H: 236 F:15
c0016a dey                    A:37ea X:0000 Y:0002 S:01e7 D:0000 DB:00 nvMXdizC V:188 H: 276 F:15
c0016b bne $013c     [c0013c] A:37ea X:0000 Y:0001 S:01e7 D:0000 DB:00 nvMXdizC V:188 H: 288 F:15
c0013c jsl $c008e0   [c008e0] A:37ea X:0000 Y:0001 S:01e7 D:0000 DB:00 nvMXdizC V:188 H: 306 F:15
c008e0 lda $1d28     [001d28] A:37ea X:0000 Y:0001 S:01e4 D:0000 DB:00 nvMXdizC V:188 H: 360 F:15
c008e3 sta $b1       [0000b1] A:3716 X:0000 Y:0001 S:01e4 D:0000 DB:00 nvMXdizC V:188 H: 386 F:15
c008e5 lda $1d2a     [001d2a] A:3716 X:0000 Y:0001 S:01e4 D:0000 DB:00 nvMXdizC V:188 H: 406 F:15
c008e8 sta $b3       [0000b3] A:3710 X:0000 Y:0001 S:01e4 D:0000 DB:00 nvMXdizC V:188 H: 432 F:15
c008ea jsr $0906     [c00906] A:3710 X:0000 Y:0001 S:01e4 D:0000 DB:00 nvMXdizC V:188 H: 452 F:15
c00906 phy                    A:3710 X:0000 Y:0001 S:01e2 D:0000 DB:00 nvMXdizC V:188 H: 492 F:15
c00907 lda $0372     [000372] A:3710 X:0000 Y:0001 S:01e1 D:0000 DB:00 nvMXdizC V:188 H: 512 F:15
c0090a beq $0915     [c00915] A:3700 X:0000 Y:0001 S:01e1 D:0000 DB:00 nvMXdiZC V:188 H: 578 F:15
c00915 sta $b5       [0000b5] A:3700 X:0000 Y:0001 S:01e1 D:0000 DB:00 nvMXdiZC V:188 H: 596 F:15
c00917 stz $b2       [0000b2] A:3700 X:0000 Y:0001 S:01e1 D:0000 DB:00 nvMXdiZC V:188 H: 616 F:15
c00919 stz $b4       [0000b4] A:3700 X:0000 Y:0001 S:01e1 D:0000 DB:00 nvMXdiZC V:188 H: 636 F:15
c0091b lda $b1       [0000b1] A:3700 X:0000 Y:0001 S:01e1 D:0000 DB:00 nvMXdiZC V:188 H: 656 F:15
c0091d clc                    A:3716 X:0000 Y:0001 S:01e1 D:0000 DB:00 nvMXdizC V:188 H: 676 F:15
c0091e adc $036c     [00036c] A:3716 X:0000 Y:0001 S:01e1 D:0000 DB:00 nvMXdizc V:188 H: 688 F:15
c00921 and #$7f               A:3716 X:0000 Y:0001 S:01e1 D:0000 DB:00 nvMXdizc V:188 H: 714 F:15
c00923 ldy $b5       [0000b5] A:3716 X:0000 Y:0001 S:01e1 D:0000 DB:00 nvMXdizc V:188 H: 726 F:15
c00925 bne $0929     [c00929] A:3716 X:0000 Y:0000 S:01e1 D:0000 DB:00 nvMXdiZc V:188 H: 746 F:15
c00927 and #$3f               A:3716 X:0000 Y:0000 S:01e1 D:0000 DB:00 nvMXdiZc V:188 H: 758 F:15
c00929 sta $b1       [0000b1] A:3716 X:0000 Y:0000 S:01e1 D:0000 DB:00 nvMXdizc V:188 H: 770 F:15
c0092b lda $b3       [0000b3] A:3716 X:0000 Y:0000 S:01e1 D:0000 DB:00 nvMXdizc V:188 H: 790 F:15
c0092d clc                    A:3710 X:0000 Y:0000 S:01e1 D:0000 DB:00 nvMXdizc V:188 H: 810 F:15
c0092e adc $036d     [00036d] A:3710 X:0000 Y:0000 S:01e1 D:0000 DB:00 nvMXdizc V:188 H: 822 F:15
c00931 and #$7f               A:3710 X:0000 Y:0000 S:01e1 D:0000 DB:00 nvMXdizc V:188 H: 848 F:15
c00933 ldy $b5       [0000b5] A:3710 X:0000 Y:0000 S:01e1 D:0000 DB:00 nvMXdizc V:188 H: 860 F:15
c00935 bne $0939     [c00939] A:3710 X:0000 Y:0000 S:01e1 D:0000 DB:00 nvMXdiZc V:188 H: 880 F:15
c00937 and #$1f               A:3710 X:0000 Y:0000 S:01e1 D:0000 DB:00 nvMXdiZc V:188 H: 892 F:15
c00939 sta $b3       [0000b3] A:3710 X:0000 Y:0000 S:01e1 D:0000 DB:00 nvMXdizc V:188 H: 904 F:15
c0093b rep #$20               A:3710 X:0000 Y:0000 S:01e1 D:0000 DB:00 nvMXdizc V:188 H: 924 F:15
c0093d ldy $b5       [0000b5] A:3710 X:0000 Y:0000 S:01e1 D:0000 DB:00 nvmXdizc V:188 H: 942 F:15
c0093f bne $0956     [c00956] A:3710 X:0000 Y:0000 S:01e1 D:0000 DB:00 nvmXdiZc V:188 H: 962 F:15
c00941 lda $b1       [0000b1] A:3710 X:0000 Y:0000 S:01e1 D:0000 DB:00 nvmXdiZc V:188 H: 974 F:15
c00943 and #$0020             A:0016 X:0000 Y:0000 S:01e1 D:0000 DB:00 nvmXdizc V:188 H:1002 F:15
c00946 asl a                  A:0000 X:0000 Y:0000 S:01e1 D:0000 DB:00 nvmXdiZc V:188 H:1020 F:15
c00947 asl a                  A:0000 X:0000 Y:0000 S:01e1 D:0000 DB:00 nvmXdiZc V:188 H:1032 F:15
c00948 asl a                  A:0000 X:0000 Y:0000 S:01e1 D:0000 DB:00 nvmXdiZc V:188 H:1044 F:15
c00949 asl a                  A:0000 X:0000 Y:0000 S:01e1 D:0000 DB:00 nvmXdiZc V:188 H:1056 F:15
c0094a asl a                  A:0000 X:0000 Y:0000 S:01e1 D:0000 DB:00 nvmXdiZc V:188 H:1068 F:15
c0094b sta $9f       [00009f] A:0000 X:0000 Y:0000 S:01e1 D:0000 DB:00 nvmXdiZc V:188 H:1080 F:15
c0094d lda $b1       [0000b1] A:0000 X:0000 Y:0000 S:01e1 D:0000 DB:00 nvmXdiZc V:188 H:1108 F:15
c0094f and #$001f             A:0016 X:0000 Y:0000 S:01e1 D:0000 DB:00 nvmXdizc V:188 H:1136 F:15
c00952 ora $9f       [00009f] A:0016 X:0000 Y:0000 S:01e1 D:0000 DB:00 nvmXdizc V:188 H:1154 F:15
c00954 sta $b1       [0000b1] A:0016 X:0000 Y:0000 S:01e1 D:0000 DB:00 nvmXdizc V:188 H:1182 F:15
c00956 lda $b3       [0000b3] A:0016 X:0000 Y:0000 S:01e1 D:0000 DB:00 nvmXdizc V:188 H:1210 F:15
c00958 asl a                  A:0010 X:0000 Y:0000 S:01e1 D:0000 DB:00 nvmXdizc V:188 H:1238 F:15
c00959 asl a                  A:0020 X:0000 Y:0000 S:01e1 D:0000 DB:00 nvmXdizc V:188 H:1250 F:15
c0095a asl a                  A:0040 X:0000 Y:0000 S:01e1 D:0000 DB:00 nvmXdizc V:188 H:1262 F:15
c0095b asl a                  A:0080 X:0000 Y:0000 S:01e1 D:0000 DB:00 nvmXdizc V:188 H:1274 F:15
c0095c asl a                  A:0100 X:0000 Y:0000 S:01e1 D:0000 DB:00 nvmXdizc V:188 H:1286 F:15
c0095d ldy $b5       [0000b5] A:0200 X:0000 Y:0000 S:01e1 D:0000 DB:00 nvmXdizc V:188 H:1298 F:15
c0095f beq $0963     [c00963] A:0200 X:0000 Y:0000 S:01e1 D:0000 DB:00 nvmXdiZc V:188 H:1318 F:15
c00963 ora $b1       [0000b1] A:0200 X:0000 Y:0000 S:01e1 D:0000 DB:00 nvmXdiZc V:188 H:1336 F:15
c00965 ldy $0372     [000372] A:0216 X:0000 Y:0000 S:01e1 D:0000 DB:00 nvmXdizc V:189 H:   0 F:15
c00968 bne $096e     [c0096e] A:0216 X:0000 Y:0000 S:01e1 D:0000 DB:00 nvmXdiZc V:189 H:  26 F:15
c0096a clc                    A:0216 X:0000 Y:0000 S:01e1 D:0000 DB:00 nvmXdiZc V:189 H:  38 F:15
c0096b adc $036f     [00036f] A:0216 X:0000 Y:0000 S:01e1 D:0000 DB:00 nvmXdiZc V:189 H:  50 F:15
c0096e sep #$20               A:3216 X:0000 Y:0000 S:01e1 D:0000 DB:00 nvmXdizc V:189 H:  84 F:15
c00970 ply                    A:3216 X:0000 Y:0000 S:01e1 D:0000 DB:00 nvMXdizc V:189 H: 102 F:15
c00971 rts                    A:3216 X:0000 Y:0001 S:01e2 D:0000 DB:00 nvMXdizc V:189 H: 128 F:15
c008ed sta $08       [000008] A:3216 X:0000 Y:0001 S:01e4 D:0000 DB:00 nvMXdizc V:189 H: 168 F:15
c008ef xba                    A:3216 X:0000 Y:0001 S:01e4 D:0000 DB:00 nvMXdizc V:189 H: 188 F:15
c008f0 sta $09       [000009] A:1632 X:0000 Y:0001 S:01e4 D:0000 DB:00 nvMXdizc V:189 H: 206 F:15
c008f2 rtl                    A:1632 X:0000 Y:0001 S:01e4 D:0000 DB:00 nvMXdizc V:189 H: 226 F:15
c00140 rep #$20               A:1632 X:0000 Y:0001 S:01e7 D:0000 DB:00 nvMXdizc V:189 H: 268 F:15
c00142 lda $08       [000008] A:1632 X:0000 Y:0001 S:01e7 D:0000 DB:00 nvmXdizc V:189 H: 286 F:15
c00144 sta $ae       [0000ae] A:3216 X:0000 Y:0001 S:01e7 D:0000 DB:00 nvmXdizc V:189 H: 314 F:15
c00146 sep #$20               A:3216 X:0000 Y:0001 S:01e7 D:0000 DB:00 nvmXdizc V:189 H: 342 F:15
c00148 jsl $c00478   [c00478] A:3216 X:0000 Y:0001 S:01e7 D:0000 DB:00 nvMXdizc V:189 H: 360 F:15
c00478 phx                    A:3216 X:0000 Y:0001 S:01e4 D:0000 DB:00 nvMXdizc V:189 H: 414 F:15
c00479 rep #$30               A:3216 X:0000 Y:0001 S:01e3 D:0000 DB:00 nvMXdizc V:189 H: 434 F:15
c0047b ldx $0357     [000357] A:3216 X:0000 Y:0001 S:01e3 D:0000 DB:00 nvmxdizc V:189 H: 452 F:15
c0047e lda $ae       [0000ae] A:3216 X:37ea Y:0001 S:01e3 D:0000 DB:00 nvmxdizc V:189 H: 486 F:15
c00480 sta $7e8004,x [7eb7ee] A:3216 X:37ea Y:0001 S:01e3 D:0000 DB:00 nvmxdizc V:189 H: 514 F:15
c00484 lda $0352     [000352] A:3216 X:37ea Y:0001 S:01e3 D:0000 DB:00 nvmxdizc V:189 H: 594 F:15
c00487 sta $7e8000,x [7eb7ea] A:0080 X:37ea Y:0001 S:01e3 D:0000 DB:00 nvmxdizc V:189 H: 628 F:15
c0048b txa                    A:0080 X:37ea Y:0001 S:01e3 D:0000 DB:00 nvmxdizc V:189 H: 668 F:15
c0048c clc                    A:37ea X:37ea Y:0001 S:01e3 D:0000 DB:00 nvmxdizc V:189 H: 680 F:15
c0048d adc #$0006             A:37ea X:37ea Y:0001 S:01e3 D:0000 DB:00 nvmxdizc V:189 H: 692 F:15
c00490 sta $035b     [00035b] A:37f0 X:37ea Y:0001 S:01e3 D:0000 DB:00 nvmxdizc V:189 H: 710 F:15
c00493 sep #$30               A:37f0 X:37ea Y:0001 S:01e3 D:0000 DB:00 nvmxdizc V:189 H: 744 F:15
c00495 plx                    A:37f0 X:00ea Y:0001 S:01e3 D:0000 DB:00 nvMXdizc V:189 H: 762 F:15
c00496 rtl                    A:37f0 X:0000 Y:0001 S:01e4 D:0000 DB:00 nvMXdiZc V:189 H: 788 F:15
c0014c ldx $1d34     [001d34] A:37f0 X:0000 Y:0001 S:01e7 D:0000 DB:00 nvMXdiZc V:189 H: 830 F:15
c0014f jsl $c01ccc   [c01ccc] A:37f0 X:0008 Y:0001 S:01e7 D:0000 DB:00 nvMXdizc V:189 H: 856 F:15
c01ccc phx                    A:37f0 X:0008 Y:0001 S:01e4 D:0000 DB:00 nvMXdizc V:189 H: 910 F:15
c01ccd ldx $64       [000064] A:37f0 X:0008 Y:0001 S:01e3 D:0000 DB:00 nvMXdizc V:189 H: 930 F:15
c01ccf jsr ($1ce5,x) [c01ce9] A:37f0 X:0004 Y:0001 S:01e3 D:0000 DB:00 nvMXdizc V:189 H: 950 F:15
c01d0a ldx $66       [000066] A:37f0 X:0004 Y:0001 S:01e1 D:0000 DB:00 nvMXdizc V:189 H:1002 F:15
c01d0c dex                    A:37f0 X:0008 Y:0001 S:01e1 D:0000 DB:00 nvMXdizc V:189 H:1022 F:15
c01d0d lda $0200,x   [000207] A:37f0 X:0007 Y:0001 S:01e1 D:0000 DB:00 nvMXdizc V:189 H:1034 F:15
c01d10 rts                    A:372d X:0007 Y:0001 S:01e1 D:0000 DB:00 nvMXdizc V:189 H:1060 F:15
c01cd2 ldx $66       [000066] A:372d X:0007 Y:0001 S:01e3 D:0000 DB:00 nvMXdizc V:189 H:1100 F:15
c01cd4 sta $0200,x   [000208] A:372d X:0008 Y:0001 S:01e3 D:0000 DB:00 nvMXdizc V:189 H:1120 F:15
c01cd7 inc $66       [000066] A:372d X:0008 Y:0001 S:01e3 D:0000 DB:00 nvMXdizc V:189 H:1152 F:15
c01cd9 dec $65       [000065] A:372d X:0008 Y:0001 S:01e3 D:0000 DB:00 nvMXdizc V:189 H:1186 F:15
c01cdb bne $1ce0     [c01ce0] A:372d X:0008 Y:0001 S:01e3 D:0000 DB:00 nvMXdizc V:189 H:1220 F:15
c01ce0 lda $0200,x   [000208] A:372d X:0008 Y:0001 S:01e3 D:0000 DB:00 nvMXdizc V:189 H:1238 F:15
c01ce3 plx                    A:372d X:0008 Y:0001 S:01e3 D:0000 DB:00 nvMXdizc V:189 H:1264 F:15
c01ce4 rtl                    A:372d X:0008 Y:0001 S:01e4 D:0000 DB:00 nvMXdizc V:189 H:1290 F:15
c00153 sta $a5       [0000a5] A:372d X:0008 Y:0001 S:01e7 D:0000 DB:00 nvMXdizc V:189 H:1332 F:15
c00155 jsl $c01ccc   [c01ccc] A:372d X:0008 Y:0001 S:01e7 D:0000 DB:00 nvMXdizc V:189 H:1352 F:15
c01ccc phx                    A:372d X:0008 Y:0001 S:01e4 D:0000 DB:00 nvMXdizc V:190 H:  42 F:15
c01ccd ldx $64       [000064] A:372d X:0008 Y:0001 S:01e3 D:0000 DB:00 nvMXdizc V:190 H:  62 F:15
c01ccf jsr ($1ce5,x) [c01ce9] A:372d X:0004 Y:0001 S:01e3 D:0000 DB:00 nvMXdizc V:190 H:  82 F:15
c01d0a ldx $66       [000066] A:372d X:0004 Y:0001 S:01e1 D:0000 DB:00 nvMXdizc V:190 H: 134 F:15
c01d0c dex                    A:372d X:0009 Y:0001 S:01e1 D:0000 DB:00 nvMXdizc V:190 H: 154 F:15
c01d0d lda $0200,x   [000208] A:372d X:0008 Y:0001 S:01e1 D:0000 DB:00 nvMXdizc V:190 H: 166 F:15
c01d10 rts                    A:372d X:0008 Y:0001 S:01e1 D:0000 DB:00 nvMXdizc V:190 H: 192 F:15
c01cd2 ldx $66       [000066] A:372d X:0008 Y:0001 S:01e3 D:0000 DB:00 nvMXdizc V:190 H: 232 F:15
c01cd4 sta $0200,x   [000209] A:372d X:0009 Y:0001 S:01e3 D:0000 DB:00 nvMXdizc V:190 H: 252 F:15
c01cd7 inc $66       [000066] A:372d X:0009 Y:0001 S:01e3 D:0000 DB:00 nvMXdizc V:190 H: 284 F:15
c01cd9 dec $65       [000065] A:372d X:0009 Y:0001 S:01e3 D:0000 DB:00 nvMXdizc V:190 H: 318 F:15
c01cdb bne $1ce0     [c01ce0] A:372d X:0009 Y:0001 S:01e3 D:0000 DB:00 nvMXdizc V:190 H: 352 F:15
c01ce0 lda $0200,x   [000209] A:372d X:0009 Y:0001 S:01e3 D:0000 DB:00 nvMXdizc V:190 H: 370 F:15
c01ce3 plx                    A:372d X:0009 Y:0001 S:01e3 D:0000 DB:00 nvMXdizc V:190 H: 396 F:15
c01ce4 rtl                    A:372d X:0008 Y:0001 S:01e4 D:0000 DB:00 nvMXdizc V:190 H: 422 F:15
c00159 sta $a6       [0000a6] A:372d X:0008 Y:0001 S:01e7 D:0000 DB:00 nvMXdizc V:190 H: 464 F:15
c0015b jsl $c00497   [c00497] A:372d X:0008 Y:0001 S:01e7 D:0000 DB:00 nvMXdizc V:190 H: 484 F:15
c00497 phx                    A:372d X:0008 Y:0001 S:01e4 D:0000 DB:00 nvMXdizc V:190 H: 578 F:15
c00498 rep #$30               A:372d X:0008 Y:0001 S:01e3 D:0000 DB:00 nvMXdizc V:190 H: 598 F:15
c0049a ldx $035b     [00035b] A:372d X:0008 Y:0001 S:01e3 D:0000 DB:00 nvmxdizc V:190 H: 616 F:15
c0049d lda $a5       [0000a5] A:372d X:37f0 Y:0001 S:01e3 D:0000 DB:00 nvmxdizc V:190 H: 650 F:15
c0049f sta $7e8000,x [7eb7f0] A:2d2d X:37f0 Y:0001 S:01e3 D:0000 DB:00 nvmxdizc V:190 H: 678 F:15
c004a3 inx                    A:2d2d X:37f0 Y:0001 S:01e3 D:0000 DB:00 nvmxdizc V:190 H: 718 F:15
c004a4 inx                    A:2d2d X:37f1 Y:0001 S:01e3 D:0000 DB:00 nvmxdizc V:190 H: 730 F:15
c004a5 stx $035b     [00035b] A:2d2d X:37f2 Y:0001 S:01e3 D:0000 DB:00 nvmxdizc V:190 H: 742 F:15
c004a8 sep #$30               A:2d2d X:37f2 Y:0001 S:01e3 D:0000 DB:00 nvmxdizc V:190 H: 776 F:15
c004aa plx                    A:2d2d X:00f2 Y:0001 S:01e3 D:0000 DB:00 nvMXdizc V:190 H: 794 F:15
c004ab rtl                    A:2d2d X:0008 Y:0001 S:01e4 D:0000 DB:00 nvMXdizc V:190 H: 820 F:15
c0015f dex                    A:2d2d X:0008 Y:0001 S:01e7 D:0000 DB:00 nvMXdizc V:190 H: 862 F:15
c00160 dex                    A:2d2d X:0007 Y:0001 S:01e7 D:0000 DB:00 nvMXdizc V:190 H: 874 F:15
c00161 bne $014f     [c0014f] A:2d2d X:0006 Y:0001 S:01e7 D:0000 DB:00 nvMXdizc V:190 H: 886 F:15
c0014f jsl $c01ccc   [c01ccc] A:2d2d X:0006 Y:0001 S:01e7 D:0000 DB:00 nvMXdizc V:190 H: 904 F:15
c01ccc phx                    A:2d2d X:0006 Y:0001 S:01e4 D:0000 DB:00 nvMXdizc V:190 H: 958 F:15
c01ccd ldx $64       [000064] A:2d2d X:0006 Y:0001 S:01e3 D:0000 DB:00 nvMXdizc V:190 H: 978 F:15
c01ccf jsr ($1ce5,x) [c01ce9] A:2d2d X:0004 Y:0001 S:01e3 D:0000 DB:00 nvMXdizc V:190 H: 998 F:15
c01d0a ldx $66       [000066] A:2d2d X:0004 Y:0001 S:01e1 D:0000 DB:00 nvMXdizc V:190 H:1050 F:15
c01d0c dex                    A:2d2d X:000a Y:0001 S:01e1 D:0000 DB:00 nvMXdizc V:190 H:1070 F:15
c01d0d lda $0200,x   [000209] A:2d2d X:0009 Y:0001 S:01e1 D:0000 DB:00 nvMXdizc V:190 H:1082 F:15
c01d10 rts                    A:2d2d X:0009 Y:0001 S:01e1 D:0000 DB:00 nvMXdizc V:190 H:1108 F:15
c01cd2 ldx $66       [000066] A:2d2d X:0009 Y:0001 S:01e3 D:0000 DB:00 nvMXdizc V:190 H:1148 F:15
c01cd4 sta $0200,x   [00020a] A:2d2d X:000a Y:0001 S:01e3 D:0000 DB:00 nvMXdizc V:190 H:1168 F:15
c01cd7 inc $66       [000066] A:2d2d X:000a Y:0001 S:01e3 D:0000 DB:00 nvMXdizc V:190 H:1200 F:15
c01cd9 dec $65       [000065] A:2d2d X:000a Y:0001 S:01e3 D:0000 DB:00 nvMXdizc V:190 H:1234 F:15
c01cdb bne $1ce0     [c01ce0] A:2d2d X:000a Y:0001 S:01e3 D:0000 DB:00 nvMXdizc V:190 H:1268 F:15
c01ce0 lda $0200,x   [00020a] A:2d2d X:000a Y:0001 S:01e3 D:0000 DB:00 nvMXdizc V:190 H:1286 F:15
c01ce3 plx                    A:2d2d X:000a Y:0001 S:01e3 D:0000 DB:00 nvMXdizc V:190 H:1312 F:15
c01ce4 rtl                    A:2d2d X:0006 Y:0001 S:01e4 D:0000 DB:00 nvMXdizc V:190 H:1338 F:15
c00153 sta $a5       [0000a5] A:2d2d X:0006 Y:0001 S:01e7 D:0000 DB:00 nvMXdizc V:191 H:  16 F:15
c00155 jsl $c01ccc   [c01ccc] A:2d2d X:0006 Y:0001 S:01e7 D:0000 DB:00 nvMXdizc V:191 H:  36 F:15
c01ccc phx                    A:2d2d X:0006 Y:0001 S:01e4 D:0000 DB:00 nvMXdizc V:191 H:  90 F:15
c01ccd ldx $64       [000064] A:2d2d X:0006 Y:0001 S:01e3 D:0000 DB:00 nvMXdizc V:191 H: 110 F:15
c01ccf jsr ($1ce5,x) [c01ce9] A:2d2d X:0004 Y:0001 S:01e3 D:0000 DB:00 nvMXdizc V:191 H: 130 F:15
c01d0a ldx $66       [000066] A:2d2d X:0004 Y:0001 S:01e1 D:0000 DB:00 nvMXdizc V:191 H: 182 F:15
c01d0c dex                    A:2d2d X:000b Y:0001 S:01e1 D:0000 DB:00 nvMXdizc V:191 H: 202 F:15
c01d0d lda $0200,x   [00020a] A:2d2d X:000a Y:0001 S:01e1 D:0000 DB:00 nvMXdizc V:191 H: 214 F:15
c01d10 rts                    A:2d2d X:000a Y:0001 S:01e1 D:0000 DB:00 nvMXdizc V:191 H: 240 F:15
c01cd2 ldx $66       [000066] A:2d2d X:000a Y:0001 S:01e3 D:0000 DB:00 nvMXdizc V:191 H: 280 F:15
c01cd4 sta $0200,x   [00020b] A:2d2d X:000b Y:0001 S:01e3 D:0000 DB:00 nvMXdizc V:191 H: 300 F:15
c01cd7 inc $66       [000066] A:2d2d X:000b Y:0001 S:01e3 D:0000 DB:00 nvMXdizc V:191 H: 332 F:15
c01cd9 dec $65       [000065] A:2d2d X:000b Y:0001 S:01e3 D:0000 DB:00 nvMXdizc V:191 H: 366 F:15
c01cdb bne $1ce0     [c01ce0] A:2d2d X:000b Y:0001 S:01e3 D:0000 DB:00 nvMXdizc V:191 H: 400 F:15
c01ce0 lda $0200,x   [00020b] A:2d2d X:000b Y:0001 S:01e3 D:0000 DB:00 nvMXdizc V:191 H: 418 F:15
c01ce3 plx                    A:2d2d X:000b Y:0001 S:01e3 D:0000 DB:00 nvMXdizc V:191 H: 444 F:15
c01ce4 rtl                    A:2d2d X:0006 Y:0001 S:01e4 D:0000 DB:00 nvMXdizc V:191 H: 470 F:15
c00159 sta $a6       [0000a6] A:2d2d X:0006 Y:0001 S:01e7 D:0000 DB:00 nvMXdizc V:191 H: 512 F:15
c0015b jsl $c00497   [c00497] A:2d2d X:0006 Y:0001 S:01e7 D:0000 DB:00 nvMXdizc V:191 H: 532 F:15
c00497 phx                    A:2d2d X:0006 Y:0001 S:01e4 D:0000 DB:00 nvMXdizc V:191 H: 626 F:15
c00498 rep #$30               A:2d2d X:0006 Y:0001 S:01e3 D:0000 DB:00 nvMXdizc V:191 H: 646 F:15
c0049a ldx $035b     [00035b] A:2d2d X:0006 Y:0001 S:01e3 D:0000 DB:00 nvmxdizc V:191 H: 664 F:15
c0049d lda $a5       [0000a5] A:2d2d X:37f2 Y:0001 S:01e3 D:0000 DB:00 nvmxdizc V:191 H: 698 F:15
c0049f sta $7e8000,x [7eb7f2] A:2d2d X:37f2 Y:0001 S:01e3 D:0000 DB:00 nvmxdizc V:191 H: 726 F:15
c004a3 inx                    A:2d2d X:37f2 Y:0001 S:01e3 D:0000 DB:00 nvmxdizc V:191 H: 766 F:15
c004a4 inx                    A:2d2d X:37f3 Y:0001 S:01e3 D:0000 DB:00 nvmxdizc V:191 H: 778 F:15
c004a5 stx $035b     [00035b] A:2d2d X:37f4 Y:0001 S:01e3 D:0000 DB:00 nvmxdizc V:191 H: 790 F:15
c004a8 sep #$30               A:2d2d X:37f4 Y:0001 S:01e3 D:0000 DB:00 nvmxdizc V:191 H: 824 F:15
c004aa plx                    A:2d2d X:00f4 Y:0001 S:01e3 D:0000 DB:00 nvMXdizc V:191 H: 842 F:15
c004ab rtl                    A:2d2d X:0006 Y:0001 S:01e4 D:0000 DB:00 nvMXdizc V:191 H: 868 F:15
c0015f dex                    A:2d2d X:0006 Y:0001 S:01e7 D:0000 DB:00 nvMXdizc V:191 H: 910 F:15
c00160 dex                    A:2d2d X:0005 Y:0001 S:01e7 D:0000 DB:00 nvMXdizc V:191 H: 922 F:15
c00161 bne $014f     [c0014f] A:2d2d X:0004 Y:0001 S:01e7 D:0000 DB:00 nvMXdizc V:191 H: 934 F:15
c0014f jsl $c01ccc   [c01ccc] A:2d2d X:0004 Y:0001 S:01e7 D:0000 DB:00 nvMXdizc V:191 H: 952 F:15
c01ccc phx                    A:2d2d X:0004 Y:0001 S:01e4 D:0000 DB:00 nvMXdizc V:191 H:1006 F:15
c01ccd ldx $64       [000064] A:2d2d X:0004 Y:0001 S:01e3 D:0000 DB:00 nvMXdizc V:191 H:1026 F:15
c01ccf jsr ($1ce5,x) [c01ce9] A:2d2d X:0004 Y:0001 S:01e3 D:0000 DB:00 nvMXdizc V:191 H:1046 F:15
c01d0a ldx $66       [000066] A:2d2d X:0004 Y:0001 S:01e1 D:0000 DB:00 nvMXdizc V:191 H:1098 F:15
c01d0c dex                    A:2d2d X:000c Y:0001 S:01e1 D:0000 DB:00 nvMXdizc V:191 H:1118 F:15
c01d0d lda $0200,x   [00020b] A:2d2d X:000b Y:0001 S:01e1 D:0000 DB:00 nvMXdizc V:191 H:1130 F:15
c01d10 rts                    A:2d2d X:000b Y:0001 S:01e1 D:0000 DB:00 nvMXdizc V:191 H:1156 F:15
c01cd2 ldx $66       [000066] A:2d2d X:000b Y:0001 S:01e3 D:0000 DB:00 nvMXdizc V:191 H:1196 F:15
c01cd4 sta $0200,x   [00020c] A:2d2d X:000c Y:0001 S:01e3 D:0000 DB:00 nvMXdizc V:191 H:1216 F:15
c01cd7 inc $66       [000066] A:2d2d X:000c Y:0001 S:01e3 D:0000 DB:00 nvMXdizc V:191 H:1248 F:15
c01cd9 dec $65       [000065] A:2d2d X:000c Y:0001 S:01e3 D:0000 DB:00 nvMXdizc V:191 H:1282 F:15
c01cdb bne $1ce0     [c01ce0] A:2d2d X:000c Y:0001 S:01e3 D:0000 DB:00 nvMXdizc V:191 H:1316 F:15
c01ce0 lda $0200,x   [00020c] A:2d2d X:000c Y:0001 S:01e3 D:0000 DB:00 nvMXdizc V:191 H:1334 F:15
c01ce3 plx                    A:2d2d X:000c Y:0001 S:01e3 D:0000 DB:00 nvMXdizc V:191 H:1360 F:15
c01ce4 rtl                    A:2d2d X:0004 Y:0001 S:01e4 D:0000 DB:00 nvMXdizc V:192 H:  22 F:15
c00153 sta $a5       [0000a5] A:2d2d X:0004 Y:0001 S:01e7 D:0000 DB:00 nvMXdizc V:192 H:  64 F:15
c00155 jsl $c01ccc   [c01ccc] A:2d2d X:0004 Y:0001 S:01e7 D:0000 DB:00 nvMXdizc V:192 H:  84 F:15
c01ccc phx                    A:2d2d X:0004 Y:0001 S:01e4 D:0000 DB:00 nvMXdizc V:192 H: 138 F:15
c01ccd ldx $64       [000064] A:2d2d X:0004 Y:0001 S:01e3 D:0000 DB:00 nvMXdizc V:192 H: 158 F:15
c01ccf jsr ($1ce5,x) [c01ce9] A:2d2d X:0004 Y:0001 S:01e3 D:0000 DB:00 nvMXdizc V:192 H: 178 F:15
c01d0a ldx $66       [000066] A:2d2d X:0004 Y:0001 S:01e1 D:0000 DB:00 nvMXdizc V:192 H: 230 F:15
c01d0c dex                    A:2d2d X:000d Y:0001 S:01e1 D:0000 DB:00 nvMXdizc V:192 H: 250 F:15
c01d0d lda $0200,x   [00020c] A:2d2d X:000c Y:0001 S:01e1 D:0000 DB:00 nvMXdizc V:192 H: 262 F:15
c01d10 rts                    A:2d2d X:000c Y:0001 S:01e1 D:0000 DB:00 nvMXdizc V:192 H: 288 F:15
c01cd2 ldx $66       [000066] A:2d2d X:000c Y:0001 S:01e3 D:0000 DB:00 nvMXdizc V:192 H: 328 F:15
c01cd4 sta $0200,x   [00020d] A:2d2d X:000d Y:0001 S:01e3 D:0000 DB:00 nvMXdizc V:192 H: 348 F:15
c01cd7 inc $66       [000066] A:2d2d X:000d Y:0001 S:01e3 D:0000 DB:00 nvMXdizc V:192 H: 380 F:15
c01cd9 dec $65       [000065] A:2d2d X:000d Y:0001 S:01e3 D:0000 DB:00 nvMXdizc V:192 H: 414 F:15
c01cdb bne $1ce0     [c01ce0] A:2d2d X:000d Y:0001 S:01e3 D:0000 DB:00 nvMXdizc V:192 H: 448 F:15
c01ce0 lda $0200,x   [00020d] A:2d2d X:000d Y:0001 S:01e3 D:0000 DB:00 nvMXdizc V:192 H: 466 F:15
c01ce3 plx                    A:2d2d X:000d Y:0001 S:01e3 D:0000 DB:00 nvMXdizc V:192 H: 492 F:15
c01ce4 rtl                    A:2d2d X:0004 Y:0001 S:01e4 D:0000 DB:00 nvMXdizc V:192 H: 518 F:15
c00159 sta $a6       [0000a6] A:2d2d X:0004 Y:0001 S:01e7 D:0000 DB:00 nvMXdizc V:192 H: 600 F:15
c0015b jsl $c00497   [c00497] A:2d2d X:0004 Y:0001 S:01e7 D:0000 DB:00 nvMXdizc V:192 H: 620 F:15
c00497 phx                    A:2d2d X:0004 Y:0001 S:01e4 D:0000 DB:00 nvMXdizc V:192 H: 674 F:15
c00498 rep #$30               A:2d2d X:0004 Y:0001 S:01e3 D:0000 DB:00 nvMXdizc V:192 H: 694 F:15
c0049a ldx $035b     [00035b] A:2d2d X:0004 Y:0001 S:01e3 D:0000 DB:00 nvmxdizc V:192 H: 712 F:15
c0049d lda $a5       [0000a5] A:2d2d X:37f4 Y:0001 S:01e3 D:0000 DB:00 nvmxdizc V:192 H: 746 F:15
c0049f sta $7e8000,x [7eb7f4] A:2d2d X:37f4 Y:0001 S:01e3 D:0000 DB:00 nvmxdizc V:192 H: 774 F:15
c004a3 inx                    A:2d2d X:37f4 Y:0001 S:01e3 D:0000 DB:00 nvmxdizc V:192 H: 814 F:15
c004a4 inx                    A:2d2d X:37f5 Y:0001 S:01e3 D:0000 DB:00 nvmxdizc V:192 H: 826 F:15
c004a5 stx $035b     [00035b] A:2d2d X:37f6 Y:0001 S:01e3 D:0000 DB:00 nvmxdizc V:192 H: 838 F:15
c004a8 sep #$30               A:2d2d X:37f6 Y:0001 S:01e3 D:0000 DB:00 nvmxdizc V:192 H: 872 F:15
c004aa plx                    A:2d2d X:00f6 Y:0001 S:01e3 D:0000 DB:00 nvMXdizc V:192 H: 890 F:15
c004ab rtl                    A:2d2d X:0004 Y:0001 S:01e4 D:0000 DB:00 nvMXdizc V:192 H: 916 F:15
c0015f dex                    A:2d2d X:0004 Y:0001 S:01e7 D:0000 DB:00 nvMXdizc V:192 H: 958 F:15
c00160 dex                    A:2d2d X:0003 Y:0001 S:01e7 D:0000 DB:00 nvMXdizc V:192 H: 970 F:15
c00161 bne $014f     [c0014f] A:2d2d X:0002 Y:0001 S:01e7 D:0000 DB:00 nvMXdizc V:192 H: 982 F:15
c0014f jsl $c01ccc   [c01ccc] A:2d2d X:0002 Y:0001 S:01e7 D:0000 DB:00 nvMXdizc V:192 H:1000 F:15
c01ccc phx                    A:2d2d X:0002 Y:0001 S:01e4 D:0000 DB:00 nvMXdizc V:192 H:1054 F:15
c01ccd ldx $64       [000064] A:2d2d X:0002 Y:0001 S:01e3 D:0000 DB:00 nvMXdizc V:192 H:1074 F:15
c01ccf jsr ($1ce5,x) [c01ce9] A:2d2d X:0004 Y:0001 S:01e3 D:0000 DB:00 nvMXdizc V:192 H:1094 F:15
c01d0a ldx $66       [000066] A:2d2d X:0004 Y:0001 S:01e1 D:0000 DB:00 nvMXdizc V:192 H:1146 F:15
c01d0c dex                    A:2d2d X:000e Y:0001 S:01e1 D:0000 DB:00 nvMXdizc V:192 H:1166 F:15
c01d0d lda $0200,x   [00020d] A:2d2d X:000d Y:0001 S:01e1 D:0000 DB:00 nvMXdizc V:192 H:1178 F:15
c01d10 rts                    A:2d2d X:000d Y:0001 S:01e1 D:0000 DB:00 nvMXdizc V:192 H:1204 F:15
c01cd2 ldx $66       [000066] A:2d2d X:000d Y:0001 S:01e3 D:0000 DB:00 nvMXdizc V:192 H:1244 F:15
c01cd4 sta $0200,x   [00020e] A:2d2d X:000e Y:0001 S:01e3 D:0000 DB:00 nvMXdizc V:192 H:1264 F:15
c01cd7 inc $66       [000066] A:2d2d X:000e Y:0001 S:01e3 D:0000 DB:00 nvMXdizc V:192 H:1296 F:15
c01cd9 dec $65       [000065] A:2d2d X:000e Y:0001 S:01e3 D:0000 DB:00 nvMXdizc V:192 H:1330 F:15
c01cdb bne $1ce0     [c01ce0] A:2d2d X:000e Y:0001 S:01e3 D:0000 DB:00 nvMXdizc V:193 H:   0 F:15
c01ce0 lda $0200,x   [00020e] A:2d2d X:000e Y:0001 S:01e3 D:0000 DB:00 nvMXdizc V:193 H:  18 F:15
c01ce3 plx                    A:2d2d X:000e Y:0001 S:01e3 D:0000 DB:00 nvMXdizc V:193 H:  44 F:15
c01ce4 rtl                    A:2d2d X:0002 Y:0001 S:01e4 D:0000 DB:00 nvMXdizc V:193 H:  70 F:15
c00153 sta $a5       [0000a5] A:2d2d X:0002 Y:0001 S:01e7 D:0000 DB:00 nvMXdizc V:193 H: 112 F:15
c00155 jsl $c01ccc   [c01ccc] A:2d2d X:0002 Y:0001 S:01e7 D:0000 DB:00 nvMXdizc V:193 H: 132 F:15
c01ccc phx                    A:2d2d X:0002 Y:0001 S:01e4 D:0000 DB:00 nvMXdizc V:193 H: 186 F:15
c01ccd ldx $64       [000064] A:2d2d X:0002 Y:0001 S:01e3 D:0000 DB:00 nvMXdizc V:193 H: 206 F:15
c01ccf jsr ($1ce5,x) [c01ce9] A:2d2d X:0004 Y:0001 S:01e3 D:0000 DB:00 nvMXdizc V:193 H: 226 F:15
c01d0a ldx $66       [000066] A:2d2d X:0004 Y:0001 S:01e1 D:0000 DB:00 nvMXdizc V:193 H: 278 F:15
c01d0c dex                    A:2d2d X:000f Y:0001 S:01e1 D:0000 DB:00 nvMXdizc V:193 H: 298 F:15
c01d0d lda $0200,x   [00020e] A:2d2d X:000e Y:0001 S:01e1 D:0000 DB:00 nvMXdizc V:193 H: 310 F:15
c01d10 rts                    A:2d2d X:000e Y:0001 S:01e1 D:0000 DB:00 nvMXdizc V:193 H: 336 F:15
c01cd2 ldx $66       [000066] A:2d2d X:000e Y:0001 S:01e3 D:0000 DB:00 nvMXdizc V:193 H: 376 F:15
c01cd4 sta $0200,x   [00020f] A:2d2d X:000f Y:0001 S:01e3 D:0000 DB:00 nvMXdizc V:193 H: 396 F:15
c01cd7 inc $66       [000066] A:2d2d X:000f Y:0001 S:01e3 D:0000 DB:00 nvMXdizc V:193 H: 428 F:15
c01cd9 dec $65       [000065] A:2d2d X:000f Y:0001 S:01e3 D:0000 DB:00 nvMXdizc V:193 H: 462 F:15
c01cdb bne $1ce0     [c01ce0] A:2d2d X:000f Y:0001 S:01e3 D:0000 DB:00 nvMXdiZc V:193 H: 496 F:15
c01cdd jsr $1d45     [c01d45] A:2d2d X:000f Y:0001 S:01e3 D:0000 DB:00 nvMXdiZc V:193 H: 508 F:15
c01d45 lda [$60]     [d1b22d] A:2d2d X:000f Y:0001 S:01e1 D:0000 DB:00 nvMXdiZc V:193 H: 588 F:15
c01d47 sta $64       [000064] A:2d00 X:000f Y:0001 S:01e1 D:0000 DB:00 nvMXdiZc V:193 H: 630 F:15
c01d49 and #$1f               A:2d00 X:000f Y:0001 S:01e1 D:0000 DB:00 nvMXdiZc V:193 H: 650 F:15
c01d4b inc                    A:2d00 X:000f Y:0001 S:01e1 D:0000 DB:00 nvMXdiZc V:193 H: 662 F:15
c01d4c sta $65       [000065] A:2d01 X:000f Y:0001 S:01e1 D:0000 DB:00 nvMXdizc V:193 H: 674 F:15
c01d4e lda $64       [000064] A:2d01 X:000f Y:0001 S:01e1 D:0000 DB:00 nvMXdizc V:193 H: 694 F:15
c01d50 lsr a                  A:2d00 X:000f Y:0001 S:01e1 D:0000 DB:00 nvMXdiZc V:193 H: 714 F:15
c01d51 lsr a                  A:2d00 X:000f Y:0001 S:01e1 D:0000 DB:00 nvMXdiZc V:193 H: 726 F:15
c01d52 lsr a                  A:2d00 X:000f Y:0001 S:01e1 D:0000 DB:00 nvMXdiZc V:193 H: 738 F:15
c01d53 lsr a                  A:2d00 X:000f Y:0001 S:01e1 D:0000 DB:00 nvMXdiZc V:193 H: 750 F:15
c01d54 and #$0e               A:2d00 X:000f Y:0001 S:01e1 D:0000 DB:00 nvMXdiZc V:193 H: 762 F:15
c01d56 sta $64       [000064] A:2d00 X:000f Y:0001 S:01e1 D:0000 DB:00 nvMXdiZc V:193 H: 774 F:15
c01d58 inc $60       [000060] A:2d00 X:000f Y:0001 S:01e1 D:0000 DB:00 nvMXdiZc V:193 H: 794 F:15
c01d5a bne $1d62     [c01d62] A:2d00 X:000f Y:0001 S:01e1 D:0000 DB:00 nvMXdizc V:193 H: 828 F:15
c01d62 rts                    A:2d00 X:000f Y:0001 S:01e1 D:0000 DB:00 nvMXdizc V:193 H: 846 F:15
c01ce0 lda $0200,x   [00020f] A:2d00 X:000f Y:0001 S:01e3 D:0000 DB:00 nvMXdizc V:193 H: 886 F:15
c01ce3 plx                    A:2d2d X:000f Y:0001 S:01e3 D:0000 DB:00 nvMXdizc V:193 H: 912 F:15
c01ce4 rtl                    A:2d2d X:0002 Y:0001 S:01e4 D:0000 DB:00 nvMXdizc V:193 H: 938 F:15
c00159 sta $a6       [0000a6] A:2d2d X:0002 Y:0001 S:01e7 D:0000 DB:00 nvMXdizc V:193 H: 980 F:15
c0015b jsl $c00497   [c00497] A:2d2d X:0002 Y:0001 S:01e7 D:0000 DB:00 nvMXdizc V:193 H:1000 F:15
c00497 phx                    A:2d2d X:0002 Y:0001 S:01e4 D:0000 DB:00 nvMXdizc V:193 H:1054 F:15
c00498 rep #$30               A:2d2d X:0002 Y:0001 S:01e3 D:0000 DB:00 nvMXdizc V:193 H:1074 F:15
c0049a ldx $035b     [00035b] A:2d2d X:0002 Y:0001 S:01e3 D:0000 DB:00 nvmxdizc V:193 H:1092 F:15
c0049d lda $a5       [0000a5] A:2d2d X:37f6 Y:0001 S:01e3 D:0000 DB:00 nvmxdizc V:193 H:1126 F:15
c0049f sta $7e8000,x [7eb7f6] A:2d2d X:37f6 Y:0001 S:01e3 D:0000 DB:00 nvmxdizc V:193 H:1154 F:15
c004a3 inx                    A:2d2d X:37f6 Y:0001 S:01e3 D:0000 DB:00 nvmxdizc V:193 H:1194 F:15
c004a4 inx                    A:2d2d X:37f7 Y:0001 S:01e3 D:0000 DB:00 nvmxdizc V:193 H:1206 F:15
c004a5 stx $035b     [00035b] A:2d2d X:37f8 Y:0001 S:01e3 D:0000 DB:00 nvmxdizc V:193 H:1218 F:15
c004a8 sep #$30               A:2d2d X:37f8 Y:0001 S:01e3 D:0000 DB:00 nvmxdizc V:193 H:1252 F:15
c004aa plx                    A:2d2d X:00f8 Y:0001 S:01e3 D:0000 DB:00 nvMXdizc V:193 H:1270 F:15
c004ab rtl                    A:2d2d X:0002 Y:0001 S:01e4 D:0000 DB:00 nvMXdizc V:193 H:1296 F:15
c0015f dex                    A:2d2d X:0002 Y:0001 S:01e7 D:0000 DB:00 nvMXdizc V:193 H:1338 F:15
c00160 dex                    A:2d2d X:0001 Y:0001 S:01e7 D:0000 DB:00 nvMXdizc V:193 H:1350 F:15
c00161 bne $014f     [c0014f] A:2d2d X:0000 Y:0001 S:01e7 D:0000 DB:00 nvMXdiZc V:193 H:1362 F:15
c00163 jsl $c004ac   [c004ac] A:2d2d X:0000 Y:0001 S:01e7 D:0000 DB:00 nvMXdiZc V:194 H:  10 F:15
c004ac phx                    A:2d2d X:0000 Y:0001 S:01e4 D:0000 DB:00 nvMXdiZc V:194 H:  64 F:15
c004ad rep #$30               A:2d2d X:0000 Y:0001 S:01e3 D:0000 DB:00 nvMXdiZc V:194 H:  84 F:15
c004af ldx $0357     [000357] A:2d2d X:0000 Y:0001 S:01e3 D:0000 DB:00 nvmxdiZc V:194 H: 102 F:15
c004b2 lda $035b     [00035b] A:2d2d X:37ea Y:0001 S:01e3 D:0000 DB:00 nvmxdizc V:194 H: 136 F:15
c004b5 sec                    A:37f8 X:37ea Y:0001 S:01e3 D:0000 DB:00 nvmxdizc V:194 H: 170 F:15
c004b6 sbc $0357     [000357] A:37f8 X:37ea Y:0001 S:01e3 D:0000 DB:00 nvmxdizC V:194 H: 182 F:15
c004b9 sbc #$0006             A:000e X:37ea Y:0001 S:01e3 D:0000 DB:00 nvmxdizC V:194 H: 216 F:15
c004bc sta $7e8002,x [7eb7ec] A:0008 X:37ea Y:0001 S:01e3 D:0000 DB:00 nvmxdizC V:194 H: 234 F:15
c004c0 lda $035b     [00035b] A:0008 X:37ea Y:0001 S:01e3 D:0000 DB:00 nvmxdizC V:194 H: 274 F:15
c004c3 and #$3fff             A:37f8 X:37ea Y:0001 S:01e3 D:0000 DB:00 nvmxdizC V:194 H: 308 F:15
c004c6 sta $0357     [000357] A:37f8 X:37ea Y:0001 S:01e3 D:0000 DB:00 nvmxdizC V:194 H: 326 F:15
c004c9 sep #$30               A:37f8 X:37ea Y:0001 S:01e3 D:0000 DB:00 nvmxdizC V:194 H: 360 F:15
c004cb plx                    A:37f8 X:00ea Y:0001 S:01e3 D:0000 DB:00 nvMXdizC V:194 H: 378 F:15
c004cc rtl                    A:37f8 X:0000 Y:0001 S:01e4 D:0000 DB:00 nvMXdiZC V:194 H: 404 F:15
c00167 inc $1d2a     [001d2a] A:37f8 X:0000 Y:0001 S:01e7 D:0000 DB:00 nvMXdiZC V:194 H: 446 F:15
c0016a dey                    A:37f8 X:0000 Y:0001 S:01e7 D:0000 DB:00 nvMXdizC V:194 H: 486 F:15
c0016b bne $013c     [c0013c] A:37f8 X:0000 Y:0000 S:01e7 D:0000 DB:00 nvMXdiZC V:194 H: 498 F:15
c0016d pla                    A:37f8 X:0000 Y:0000 S:01e7 D:0000 DB:00 nvMXdiZC V:194 H: 510 F:15
c0016e sta $1d2a     [001d2a] A:370f X:0000 Y:0000 S:01e8 D:0000 DB:00 nvMXdizC V:194 H: 576 F:15
c00171 rts                    A:370f X:0000 Y:0000 S:01e8 D:0000 DB:00 nvMXdizC V:194 H: 602 F:15
c00109 lda #$84               A:370f X:0000 Y:0000 S:01ea D:0000 DB:00 nvMXdizC V:194 H: 642 F:15
c0010b sta $0352     [000352] A:3784 X:0000 Y:0000 S:01ea D:0000 DB:00 NvMXdizC V:194 H: 654 F:15
c0010e lda $0341     [000341] A:3784 X:0000 Y:0000 S:01ea D:0000 DB:00 NvMXdizC V:194 H: 680 F:15
c00111 bit #$01               A:3702 X:0000 Y:0000 S:01ea D:0000 DB:00 nvMXdizC V:194 H: 706 F:15
c00113 beq $0128     [c00128] A:3702 X:0000 Y:0000 S:01ea D:0000 DB:00 nvMXdiZC V:194 H: 718 F:15
c00128 inc $0343     [000343] A:3702 X:0000 Y:0000 S:01ea D:0000 DB:00 nvMXdiZC V:194 H: 736 F:15
c0012b jsl $c01d63   [c01d63] A:3702 X:0000 Y:0000 S:01ea D:0000 DB:00 nvMXdizC V:194 H: 776 F:15
c01d63 sec                    A:3702 X:0000 Y:0000 S:01e7 D:0000 DB:00 nvMXdizC V:194 H: 830 F:15
c01d64 rep #$20               A:3702 X:0000 Y:0000 S:01e7 D:0000 DB:00 nvMXdizC V:194 H: 842 F:15
c01d66 lda $60       [000060] A:3702 X:0000 Y:0000 S:01e7 D:0000 DB:00 nvmXdizC V:194 H: 860 F:15
c01d68 sbc #$0001             A:b22e X:0000 Y:0000 S:01e7 D:0000 DB:00 NvmXdizC V:194 H: 888 F:15
c01d6b sta $a5       [0000a5] A:b22d X:0000 Y:0000 S:01e7 D:0000 DB:00 NvmXdizC V:194 H: 906 F:15
c01d6d sep #$20               A:b22d X:0000 Y:0000 S:01e7 D:0000 DB:00 NvmXdizC V:194 H: 934 F:15
c01d6f lda $62       [000062] A:b22d X:0000 Y:0000 S:01e7 D:0000 DB:00 NvMXdizC V:194 H: 952 F:15
c01d71 sbc #$00               A:b2d1 X:0000 Y:0000 S:01e7 D:0000 DB:00 NvMXdizC V:194 H: 972 F:15
c01d73 sta $a7       [0000a7] A:b2d1 X:0000 Y:0000 S:01e7 D:0000 DB:00 NvMXdizC V:194 H: 984 F:15
c01d75 rtl                    A:b2d1 X:0000 Y:0000 S:01e7 D:0000 DB:00 NvMXdizC V:194 H:1004 F:15
c0012f jmp $0062     [c00062] A:b2d1 X:0000 Y:0000 S:01ea D:0000 DB:00 NvMXdizC V:194 H:1046 F:15
c00062 ldy #$00               A:b2d1 X:0000 Y:0000 S:01ea D:0000 DB:00 NvMXdizC V:194 H:1064 F:15
c00064 lda [$a5],y   [d1b22d] A:b2d1 X:0000 Y:0000 S:01ea D:0000 DB:00 nvMXdiZC V:194 H:1076 F:15
c00066 sta $1d34     [001d34] A:b200 X:0000 Y:0000 S:01ea D:0000 DB:00 nvMXdiZC V:194 H:1118 F:15
c00069 bne $006e     [c0006e] A:b200 X:0000 Y:0000 S:01ea D:0000 DB:00 nvMXdiZC V:194 H:1144 F:15
c0006b jmp $0132     [c00132] A:b200 X:0000 Y:0000 S:01ea D:0000 DB:00 nvMXdiZC V:194 H:1156 F:15
c00132 plx                    A:b200 X:0000 Y:0000 S:01ea D:0000 DB:00 nvMXdiZC V:194 H:1174 F:15
c00133 ply                    A:b200 X:0009 Y:0000 S:01eb D:0000 DB:00 nvMXdizC V:194 H:1200 F:15
c00134 rtl                    A:b200 X:0009 Y:0004 S:01ec D:0000 DB:00 nvMXdizC V:194 H:1226 F:15
c174f8 rtl                    A:b200 X:0009 Y:0004 S:01ef D:0000 DB:00 nvMXdizC V:194 H:1268 F:15
c2040f plx                    A:b200 X:0009 Y:0004 S:01f2 D:0000 DB:00 nvMXdizC V:194 H:1310 F:15
c20410 ply                    A:b200 X:0009 Y:0004 S:01f3 D:0000 DB:00 nvMXdizC V:194 H:1336 F:15
c20411 rtl                    A:b200 X:0009 Y:00ff S:01f4 D:0000 DB:00 NvMXdizC V:194 H:1362 F:15
c20234 lda $0d77,x   [000d80] A:b200 X:0009 Y:00ff S:01f7 D:0000 DB:00 NvMXdizC V:195 H:  40 F:15
c20237 bmi $023b     [c2023b] A:b200 X:0009 Y:00ff S:01f7 D:0000 DB:00 nvMXdiZC V:195 H:  66 F:15
c20239 lda #$00               A:b200 X:0009 Y:00ff S:01f7 D:0000 DB:00 nvMXdiZC V:195 H:  78 F:15
c2023b and #$7f               A:b200 X:0009 Y:00ff S:01f7 D:0000 DB:00 nvMXdiZC V:195 H:  90 F:15
c2023d sta $0d77,x   [000d80] A:b200 X:0009 Y:00ff S:01f7 D:0000 DB:00 nvMXdiZC V:195 H: 102 F:15
c20240 bra $0222     [c20222] A:b200 X:0009 Y:00ff S:01f7 D:0000 DB:00 nvMXdiZC V:195 H: 134 F:15
c20222 lda $0380     [000380] A:b200 X:0009 Y:00ff S:01f7 D:0000 DB:00 nvMXdiZC V:195 H: 152 F:15
c20225 bit #$40               A:b200 X:0009 Y:00ff S:01f7 D:0000 DB:00 nvMXdiZC V:195 H: 178 F:15
c20227 bne $0242     [c20242] A:b200 X:0009 Y:00ff S:01f7 D:0000 DB:00 nvMXdiZC V:195 H: 190 F:15
c20229 jsr $0254     [c20254] A:b200 X:0009 Y:00ff S:01f7 D:0000 DB:00 nvMXdiZC V:195 H: 202 F:15
c20254 rep #$20               A:b200 X:0009 Y:00ff S:01f5 D:0000 DB:00 nvMXdiZC V:195 H: 242 F:15
c20256 lda $10       [000010] A:b200 X:0009 Y:00ff S:01f5 D:0000 DB:00 nvmXdiZC V:195 H: 260 F:15
c20258 cmp #$0400             A:0006 X:0009 Y:00ff S:01f5 D:0000 DB:00 nvmXdizC V:195 H: 288 F:15
c2025b bcc $025f     [c2025f] A:0006 X:0009 Y:00ff S:01f5 D:0000 DB:00 NvmXdizc V:195 H: 306 F:15
c2025f rep #$20               A:0006 X:0009 Y:00ff S:01f5 D:0000 DB:00 NvmXdizc V:195 H: 324 F:15
c20261 lda $0a       [00000a] A:0006 X:0009 Y:00ff S:01f5 D:0000 DB:00 NvmXdizc V:195 H: 342 F:15
c20263 cmp #$0000             A:8fb3 X:0009 Y:00ff S:01f5 D:0000 DB:00 NvmXdizc V:195 H: 370 F:15
c20266 sep #$20               A:8fb3 X:0009 Y:00ff S:01f5 D:0000 DB:00 NvmXdizC V:195 H: 388 F:15
c20268 lda $0c       [00000c] A:8fb3 X:0009 Y:00ff S:01f5 D:0000 DB:00 NvMXdizC V:195 H: 406 F:15
c2026a sbc #$c6               A:8fc6 X:0009 Y:00ff S:01f5 D:0000 DB:00 NvMXdizC V:195 H: 426 F:15
c2026c bcs $0270     [c20270] A:8f00 X:0009 Y:00ff S:01f5 D:0000 DB:00 nvMXdiZC V:195 H: 438 F:15
c20270 rts                    A:8f00 X:0009 Y:00ff S:01f5 D:0000 DB:00 nvMXdiZC V:195 H: 456 F:15
c2022c lda [$0a]     [c68fb3] A:8f00 X:0009 Y:00ff S:01f7 D:0000 DB:00 nvMXdiZC V:195 H: 496 F:15
c2022e beq $0242     [c20242] A:8f45 X:0009 Y:00ff S:01f7 D:0000 DB:00 nvMXdizC V:195 H: 578 F:15
c20230 jsl $c2038f   [c2038f] A:8f45 X:0009 Y:00ff S:01f7 D:0000 DB:00 nvMXdizC V:195 H: 590 F:15
c2038f phy                    A:8f45 X:0009 Y:00ff S:01f4 D:0000 DB:00 nvMXdizC V:195 H: 644 F:15
c20390 phx                    A:8f45 X:0009 Y:00ff S:01f3 D:0000 DB:00 nvMXdizC V:195 H: 664 F:15
c20391 lda #$c2               A:8f45 X:0009 Y:00ff S:01f2 D:0000 DB:00 nvMXdizC V:195 H: 684 F:15
c20393 sta $bf       [0000bf] A:8fc2 X:0009 Y:00ff S:01f2 D:0000 DB:00 NvMXdizC V:195 H: 696 F:15
c20395 sta $c2       [0000c2] A:8fc2 X:0009 Y:00ff S:01f2 D:0000 DB:00 NvMXdizC V:195 H: 716 F:15
c20397 lda [$0a]     [c68fb3] A:8fc2 X:0009 Y:00ff S:01f2 D:0000 DB:00 NvMXdizC V:195 H: 736 F:15
c20399 cmp #$fe               A:8f45 X:0009 Y:00ff S:01f2 D:0000 DB:00 nvMXdizC V:195 H: 778 F:15
c2039b bcs $03d1     [c203d1] A:8f45 X:0009 Y:00ff S:01f2 D:0000 DB:00 nvMXdizc V:195 H: 790 F:15
c2039d cmp #$fd               A:8f45 X:0009 Y:00ff S:01f2 D:0000 DB:00 nvMXdizc V:195 H: 802 F:15
c2039f beq $03cc     [c203cc] A:8f45 X:0009 Y:00ff S:01f2 D:0000 DB:00 nvMXdizc V:195 H: 814 F:15
c203a1 cmp #$fc               A:8f45 X:0009 Y:00ff S:01f2 D:0000 DB:00 nvMXdizc V:195 H: 826 F:15
c203a3 beq $03c7     [c203c7] A:8f45 X:0009 Y:00ff S:01f2 D:0000 DB:00 nvMXdizc V:195 H: 838 F:15
c203a5 dec                    A:8f45 X:0009 Y:00ff S:01f2 D:0000 DB:00 nvMXdizc V:195 H: 850 F:15
c203a6 tax                    A:8f44 X:0009 Y:00ff S:01f2 D:0000 DB:00 nvMXdizc V:195 H: 862 F:15
c203a7 lda $c20af5,x [c20b39] A:8f44 X:0044 Y:00ff S:01f2 D:0000 DB:00 nvMXdizc V:195 H: 874 F:15
c203ab sta $b1       [0000b1] A:8f01 X:0044 Y:00ff S:01f2 D:0000 DB:00 nvMXdizc V:195 H: 904 F:15
c203ad txa                    A:8f01 X:0044 Y:00ff S:01f2 D:0000 DB:00 nvMXdizc V:195 H: 924 F:15
c203ae rep #$30               A:8f44 X:0044 Y:00ff S:01f2 D:0000 DB:00 nvMXdizc V:195 H: 936 F:15
c203b0 and #$00ff             A:8f44 X:0044 Y:00ff S:01f2 D:0000 DB:00 nvmxdizc V:195 H: 954 F:15
c203b3 asl a                  A:0044 X:0044 Y:00ff S:01f2 D:0000 DB:00 nvmxdizc V:195 H: 972 F:15
c203b4 tax                    A:0088 X:0044 Y:00ff S:01f2 D:0000 DB:00 nvmxdizc V:195 H: 984 F:15
c203b5 lda $c204fa,x [c20582] A:0088 X:0088 Y:00ff S:01f2 D:0000 DB:00 nvmxdizc V:195 H: 996 F:15
c203b9 sta $bd       [0000bd] A:19bc X:0088 Y:00ff S:01f2 D:0000 DB:00 nvmxdizc V:195 H:1032 F:15
c203bb sep #$30               A:19bc X:0088 Y:00ff S:01f2 D:0000 DB:00 nvmxdizc V:195 H:1060 F:15
c203bd lda #$01               A:19bc X:0088 Y:00ff S:01f2 D:0000 DB:00 nvMXdizc V:195 H:1078 F:15
c203bf jsr $041d     [c2041d] A:1901 X:0088 Y:00ff S:01f2 D:0000 DB:00 nvMXdizc V:195 H:1090 F:15
c2041d phx                    A:1901 X:0088 Y:00ff S:01f0 D:0000 DB:00 nvMXdizc V:195 H:1130 F:15
c2041e ldx $0073     [000073] A:1901 X:0088 Y:00ff S:01ef D:0000 DB:00 nvMXdizc V:195 H:1150 F:15
c20421 sta $0d9f,x   [000da8] A:1901 X:0009 Y:00ff S:01ef D:0000 DB:00 nvMXdizc V:195 H:1176 F:15
c20424 lda $b1       [0000b1] A:1901 X:0009 Y:00ff S:01ef D:0000 DB:00 nvMXdizc V:195 H:1208 F:15
c20426 sta $0dc7,x   [000dd0] A:1901 X:0009 Y:00ff S:01ef D:0000 DB:00 nvMXdizc V:195 H:1228 F:15
c20429 lda $0d77,x   [000d80] A:1901 X:0009 Y:00ff S:01ef D:0000 DB:00 nvMXdizc V:195 H:1260 F:15
c2042c bne $044c     [c2044c] A:1900 X:0009 Y:00ff S:01ef D:0000 DB:00 nvMXdiZc V:195 H:1286 F:15
c2042e clc                    A:1900 X:0009 Y:00ff S:01ef D:0000 DB:00 nvMXdiZc V:195 H:1298 F:15
c2042f lda $0d9f,x   [000da8] A:1900 X:0009 Y:00ff S:01ef D:0000 DB:00 nvMXdiZc V:195 H:1310 F:15
c20432 adc $0a       [00000a] A:1901 X:0009 Y:00ff S:01ef D:0000 DB:00 nvMXdizc V:195 H:1336 F:15
c20434 sta $0d       [00000d] A:19b4 X:0009 Y:00ff S:01ef D:0000 DB:00 NvMXdizc V:195 H:1356 F:15
c20436 rep #$20               A:19b4 X:0009 Y:00ff S:01ef D:0000 DB:00 NvMXdizc V:196 H:  12 F:15
c20438 lda #$0000             A:19b4 X:0009 Y:00ff S:01ef D:0000 DB:00 NvmXdizc V:196 H:  30 F:15
c2043b adc $0b       [00000b] A:0000 X:0009 Y:00ff S:01ef D:0000 DB:00 nvmXdiZc V:196 H:  48 F:15
c2043d sta $0e       [00000e] A:c68f X:0009 Y:00ff S:01ef D:0000 DB:00 NvmXdizc V:196 H:  76 F:15
c2043f sep #$20               A:c68f X:0009 Y:00ff S:01ef D:0000 DB:00 NvmXdizc V:196 H: 104 F:15
c20441 lda $0d9f,x   [000da8] A:c68f X:0009 Y:00ff S:01ef D:0000 DB:00 NvMXdizc V:196 H: 122 F:15
c20444 clc                    A:c601 X:0009 Y:00ff S:01ef D:0000 DB:00 nvMXdizc V:196 H: 148 F:15
c20445 adc $b1       [0000b1] A:c601 X:0009 Y:00ff S:01ef D:0000 DB:00 nvMXdizc V:196 H: 160 F:15
c20447 sta $0d9f,x   [000da8] A:c602 X:0009 Y:00ff S:01ef D:0000 DB:00 nvMXdizc V:196 H: 180 F:15
c2044a bra $0467     [c20467] A:c602 X:0009 Y:00ff S:01ef D:0000 DB:00 nvMXdizc V:196 H: 212 F:15
c20467 clc                    A:c602 X:0009 Y:00ff S:01ef D:0000 DB:00 nvMXdizc V:196 H: 230 F:15
c20468 lda $0d9f,x   [000da8] A:c602 X:0009 Y:00ff S:01ef D:0000 DB:00 nvMXdizc V:196 H: 242 F:15
c2046b adc $0a       [00000a] A:c602 X:0009 Y:00ff S:01ef D:0000 DB:00 nvMXdizc V:196 H: 268 F:15
c2046d sta $0a       [00000a] A:c6b5 X:0009 Y:00ff S:01ef D:0000 DB:00 NvMXdizc V:196 H: 288 F:15
c2046f rep #$20               A:c6b5 X:0009 Y:00ff S:01ef D:0000 DB:00 NvMXdizc V:196 H: 308 F:15
c20471 lda #$0000             A:c6b5 X:0009 Y:00ff S:01ef D:0000 DB:00 NvmXdizc V:196 H: 326 F:15
c20474 adc $0b       [00000b] A:0000 X:0009 Y:00ff S:01ef D:0000 DB:00 nvmXdiZc V:196 H: 344 F:15
c20476 sta $0b       [00000b] A:c68f X:0009 Y:00ff S:01ef D:0000 DB:00 NvmXdizc V:196 H: 372 F:15
c20478 sep #$20               A:c68f X:0009 Y:00ff S:01ef D:0000 DB:00 NvmXdizc V:196 H: 400 F:15
c2047a plx                    A:c68f X:0009 Y:00ff S:01ef D:0000 DB:00 NvMXdizc V:196 H: 418 F:15
c2047b rts                    A:c68f X:0088 Y:00ff S:01f0 D:0000 DB:00 NvMXdizc V:196 H: 444 F:15
c203c2 jsr $0412     [c20412] A:c68f X:0088 Y:00ff S:01f2 D:0000 DB:00 NvMXdizc V:196 H: 484 F:15
c20412 ldx $0073     [000073] A:c68f X:0088 Y:00ff S:01f0 D:0000 DB:00 NvMXdizc V:196 H: 524 F:15
c20415 jsr $04ea     [c204ea] A:c68f X:0009 Y:00ff S:01f0 D:0000 DB:00 nvMXdizc V:196 H: 590 F:15
c204ea lda $0a       [00000a] A:c68f X:0009 Y:00ff S:01ee D:0000 DB:00 nvMXdizc V:196 H: 630 F:15
c204ec sta $0c87,x   [000c90] A:c6b5 X:0009 Y:00ff S:01ee D:0000 DB:00 NvMXdizc V:196 H: 650 F:15
c204ef lda $0b       [00000b] A:c6b5 X:0009 Y:00ff S:01ee D:0000 DB:00 NvMXdizc V:196 H: 682 F:15
c204f1 sta $0caf,x   [000cb8] A:c68f X:0009 Y:00ff S:01ee D:0000 DB:00 NvMXdizc V:196 H: 702 F:15
c204f4 lda $0c       [00000c] A:c68f X:0009 Y:00ff S:01ee D:0000 DB:00 NvMXdizc V:196 H: 734 F:15
c204f6 sta $0cd7,x   [000ce0] A:c6c6 X:0009 Y:00ff S:01ee D:0000 DB:00 NvMXdizc V:196 H: 754 F:15
c204f9 rts                    A:c6c6 X:0009 Y:00ff S:01ee D:0000 DB:00 NvMXdizc V:196 H: 786 F:15
c20418 ldy #$01               A:c6c6 X:0009 Y:00ff S:01f0 D:0000 DB:00 NvMXdizc V:196 H: 826 F:15
c2041a jmp [$00bd]   [0000bd] A:c6c6 X:0009 Y:0001 S:01f0 D:0000 DB:00 nvMXdizc V:196 H: 838 F:15
c219bc stz $b1       [0000b1] A:c6c6 X:0009 Y:0001 S:01f0 D:0000 DB:00 nvMXdizc V:196 H: 880 F:15
c219be lda [$0d]     [c68fb4] A:c6c6 X:0009 Y:0001 S:01f0 D:0000 DB:00 nvMXdizc V:196 H: 900 F:15
c219c0 bpl $19c4     [c219c4] A:c619 X:0009 Y:0001 S:01f0 D:0000 DB:00 nvMXdizc V:196 H: 942 F:15
c219c4 xba                    A:c619 X:0009 Y:0001 S:01f0 D:0000 DB:00 nvMXdizc V:196 H: 960 F:15
c219c5 lda $b1       [0000b1] A:19c6 X:0009 Y:0001 S:01f0 D:0000 DB:00 NvMXdizc V:196 H: 978 F:15
c219c7 xba                    A:1900 X:0009 Y:0001 S:01f0 D:0000 DB:00 nvMXdiZc V:196 H: 998 F:15
c219c8 clc                    A:0019 X:0009 Y:0001 S:01f0 D:0000 DB:00 nvMXdizc V:196 H:1016 F:15
c219c9 rep #$20               A:0019 X:0009 Y:0001 S:01f0 D:0000 DB:00 nvMXdizc V:196 H:1028 F:15
c219cb adc $0a       [00000a] A:0019 X:0009 Y:0001 S:01f0 D:0000 DB:00 nvmXdizc V:196 H:1046 F:15
c219cd sta $0a       [00000a] A:8fce X:0009 Y:0001 S:01f0 D:0000 DB:00 NvmXdizc V:196 H:1074 F:15
c219cf sep #$20               A:8fce X:0009 Y:0001 S:01f0 D:0000 DB:00 NvmXdizc V:196 H:1102 F:15
c219d1 lda $b1       [0000b1] A:8fce X:0009 Y:0001 S:01f0 D:0000 DB:00 NvMXdizc V:196 H:1120 F:15
c219d3 adc $0c       [00000c] A:8f00 X:0009 Y:0001 S:01f0 D:0000 DB:00 nvMXdiZc V:196 H:1140 F:15
c219d5 sta $0c       [00000c] A:8fc6 X:0009 Y:0001 S:01f0 D:0000 DB:00 NvMXdizc V:196 H:1160 F:15
c219d7 rts                    A:8fc6 X:0009 Y:0001 S:01f0 D:0000 DB:00 NvMXdizc V:196 H:1180 F:15
c203c5 bra $040f     [c2040f] A:8fc6 X:0009 Y:0001 S:01f2 D:0000 DB:00 NvMXdizc V:196 H:1220 F:15
c2040f plx                    A:8fc6 X:0009 Y:0001 S:01f2 D:0000 DB:00 NvMXdizc V:196 H:1238 F:15
c20410 ply                    A:8fc6 X:0009 Y:0001 S:01f3 D:0000 DB:00 nvMXdizc V:196 H:1264 F:15
c20411 rtl                    A:8fc6 X:0009 Y:00ff S:01f4 D:0000 DB:00 NvMXdizc V:196 H:1290 F:15
c20234 lda $0d77,x   [000d80] A:8fc6 X:0009 Y:00ff S:01f7 D:0000 DB:00 NvMXdizc V:196 H:1332 F:15
c20237 bmi $023b     [c2023b] A:8f00 X:0009 Y:00ff S:01f7 D:0000 DB:00 nvMXdiZc V:196 H:1358 F:15
c20239 lda #$00               A:8f00 X:0009 Y:00ff S:01f7 D:0000 DB:00 nvMXdiZc V:197 H:   6 F:15
c2023b and #$7f               A:8f00 X:0009 Y:00ff S:01f7 D:0000 DB:00 nvMXdiZc V:197 H:  18 F:15
c2023d sta $0d77,x   [000d80] A:8f00 X:0009 Y:00ff S:01f7 D:0000 DB:00 nvMXdiZc V:197 H:  30 F:15
c20240 bra $0222     [c20222] A:8f00 X:0009 Y:00ff S:01f7 D:0000 DB:00 nvMXdiZc V:197 H:  62 F:15
c20222 lda $0380     [000380] A:8f00 X:0009 Y:00ff S:01f7 D:0000 DB:00 nvMXdiZc V:197 H:  80 F:15
c20225 bit #$40               A:8f00 X:0009 Y:00ff S:01f7 D:0000 DB:00 nvMXdiZc V:197 H: 106 F:15
c20227 bne $0242     [c20242] A:8f00 X:0009 Y:00ff S:01f7 D:0000 DB:00 nvMXdiZc V:197 H: 118 F:15
c20229 jsr $0254     [c20254] A:8f00 X:0009 Y:00ff S:01f7 D:0000 DB:00 nvMXdiZc V:197 H: 130 F:15
c20254 rep #$20               A:8f00 X:0009 Y:00ff S:01f5 D:0000 DB:00 nvMXdiZc V:197 H: 170 F:15
c20256 lda $10       [000010] A:8f00 X:0009 Y:00ff S:01f5 D:0000 DB:00 nvmXdiZc V:197 H: 188 F:15
c20258 cmp #$0400             A:0006 X:0009 Y:00ff S:01f5 D:0000 DB:00 nvmXdizc V:197 H: 216 F:15
c2025b bcc $025f     [c2025f] A:0006 X:0009 Y:00ff S:01f5 D:0000 DB:00 NvmXdizc V:197 H: 234 F:15
c2025f rep #$20               A:0006 X:0009 Y:00ff S:01f5 D:0000 DB:00 NvmXdizc V:197 H: 252 F:15
c20261 lda $0a       [00000a] A:0006 X:0009 Y:00ff S:01f5 D:0000 DB:00 NvmXdizc V:197 H: 270 F:15
c20263 cmp #$0000             A:8fce X:0009 Y:00ff S:01f5 D:0000 DB:00 NvmXdizc V:197 H: 298 F:15
c20266 sep #$20               A:8fce X:0009 Y:00ff S:01f5 D:0000 DB:00 NvmXdizC V:197 H: 316 F:15
c20268 lda $0c       [00000c] A:8fce X:0009 Y:00ff S:01f5 D:0000 DB:00 NvMXdizC V:197 H: 334 F:15
c2026a sbc #$c6               A:8fc6 X:0009 Y:00ff S:01f5 D:0000 DB:00 NvMXdizC V:197 H: 354 F:15
c2026c bcs $0270     [c20270] A:8f00 X:0009 Y:00ff S:01f5 D:0000 DB:00 nvMXdiZC V:197 H: 366 F:15
c20270 rts                    A:8f00 X:0009 Y:00ff S:01f5 D:0000 DB:00 nvMXdiZC V:197 H: 384 F:15
c2022c lda [$0a]     [c68fce] A:8f00 X:0009 Y:00ff S:01f7 D:0000 DB:00 nvMXdiZC V:197 H: 424 F:15
c2022e beq $0242     [c20242] A:8f5d X:0009 Y:00ff S:01f7 D:0000 DB:00 nvMXdizC V:197 H: 466 F:15
c20230 jsl $c2038f   [c2038f] A:8f5d X:0009 Y:00ff S:01f7 D:0000 DB:00 nvMXdizC V:197 H: 478 F:15
c2038f phy                    A:8f5d X:0009 Y:00ff S:01f4 D:0000 DB:00 nvMXdizC V:197 H: 532 F:15
c20390 phx                    A:8f5d X:0009 Y:00ff S:01f3 D:0000 DB:00 nvMXdizC V:197 H: 592 F:15
c20391 lda #$c2               A:8f5d X:0009 Y:00ff S:01f2 D:0000 DB:00 nvMXdizC V:197 H: 612 F:15
c20393 sta $bf       [0000bf] A:8fc2 X:0009 Y:00ff S:01f2 D:0000 DB:00 NvMXdizC V:197 H: 624 F:15
c20395 sta $c2       [0000c2] A:8fc2 X:0009 Y:00ff S:01f2 D:0000 DB:00 NvMXdizC V:197 H: 644 F:15
c20397 lda [$0a]     [c68fce] A:8fc2 X:0009 Y:00ff S:01f2 D:0000 DB:00 NvMXdizC V:197 H: 664 F:15
c20399 cmp #$fe               A:8f5d X:0009 Y:00ff S:01f2 D:0000 DB:00 nvMXdizC V:197 H: 706 F:15
c2039b bcs $03d1     [c203d1] A:8f5d X:0009 Y:00ff S:01f2 D:0000 DB:00 nvMXdizc V:197 H: 718 F:15
c2039d cmp #$fd               A:8f5d X:0009 Y:00ff S:01f2 D:0000 DB:00 nvMXdizc V:197 H: 730 F:15
c2039f beq $03cc     [c203cc] A:8f5d X:0009 Y:00ff S:01f2 D:0000 DB:00 nvMXdizc V:197 H: 742 F:15
c203a1 cmp #$fc               A:8f5d X:0009 Y:00ff S:01f2 D:0000 DB:00 nvMXdizc V:197 H: 754 F:15
c203a3 beq $03c7     [c203c7] A:8f5d X:0009 Y:00ff S:01f2 D:0000 DB:00 nvMXdizc V:197 H: 766 F:15
c203a5 dec                    A:8f5d X:0009 Y:00ff S:01f2 D:0000 DB:00 nvMXdizc V:197 H: 778 F:15
c203a6 tax                    A:8f5c X:0009 Y:00ff S:01f2 D:0000 DB:00 nvMXdizc V:197 H: 790 F:15
c203a7 lda $c20af5,x [c20b51] A:8f5c X:005c Y:00ff S:01f2 D:0000 DB:00 nvMXdizc V:197 H: 802 F:15
c203ab sta $b1       [0000b1] A:8f02 X:005c Y:00ff S:01f2 D:0000 DB:00 nvMXdizc V:197 H: 832 F:15
c203ad txa                    A:8f02 X:005c Y:00ff S:01f2 D:0000 DB:00 nvMXdizc V:197 H: 852 F:15
c203ae rep #$30               A:8f5c X:005c Y:00ff S:01f2 D:0000 DB:00 nvMXdizc V:197 H: 864 F:15
c203b0 and #$00ff             A:8f5c X:005c Y:00ff S:01f2 D:0000 DB:00 nvmxdizc V:197 H: 882 F:15
c203b3 asl a                  A:005c X:005c Y:00ff S:01f2 D:0000 DB:00 nvmxdizc V:197 H: 900 F:15
c203b4 tax                    A:00b8 X:005c Y:00ff S:01f2 D:0000 DB:00 nvmxdizc V:197 H: 912 F:15
c203b5 lda $c204fa,x [c205b2] A:00b8 X:00b8 Y:00ff S:01f2 D:0000 DB:00 nvmxdizc V:197 H: 924 F:15
c203b9 sta $bd       [0000bd] A:1ac6 X:00b8 Y:00ff S:01f2 D:0000 DB:00 nvmxdizc V:197 H: 960 F:15
c203bb sep #$30               A:1ac6 X:00b8 Y:00ff S:01f2 D:0000 DB:00 nvmxdizc V:197 H: 988 F:15
c203bd lda #$01               A:1ac6 X:00b8 Y:00ff S:01f2 D:0000 DB:00 nvMXdizc V:197 H:1006 F:15
c203bf jsr $041d     [c2041d] A:1a01 X:00b8 Y:00ff S:01f2 D:0000 DB:00 nvMXdizc V:197 H:1018 F:15
c2041d phx                    A:1a01 X:00b8 Y:00ff S:01f0 D:0000 DB:00 nvMXdizc V:197 H:1058 F:15
c2041e ldx $0073     [000073] A:1a01 X:00b8 Y:00ff S:01ef D:0000 DB:00 nvMXdizc V:197 H:1078 F:15
c20421 sta $0d9f,x   [000da8] A:1a01 X:0009 Y:00ff S:01ef D:0000 DB:00 nvMXdizc V:197 H:1104 F:15
c20424 lda $b1       [0000b1] A:1a01 X:0009 Y:00ff S:01ef D:0000 DB:00 nvMXdizc V:197 H:1136 F:15
c20426 sta $0dc7,x   [000dd0] A:1a02 X:0009 Y:00ff S:01ef D:0000 DB:00 nvMXdizc V:197 H:1156 F:15
c20429 lda $0d77,x   [000d80] A:1a02 X:0009 Y:00ff S:01ef D:0000 DB:00 nvMXdizc V:197 H:1188 F:15
c2042c bne $044c     [c2044c] A:1a00 X:0009 Y:00ff S:01ef D:0000 DB:00 nvMXdiZc V:197 H:1214 F:15
c2042e clc                    A:1a00 X:0009 Y:00ff S:01ef D:0000 DB:00 nvMXdiZc V:197 H:1226 F:15
c2042f lda $0d9f,x   [000da8] A:1a00 X:0009 Y:00ff S:01ef D:0000 DB:00 nvMXdiZc V:197 H:1238 F:15
c20432 adc $0a       [00000a] A:1a01 X:0009 Y:00ff S:01ef D:0000 DB:00 nvMXdizc V:197 H:1264 F:15
c20434 sta $0d       [00000d] A:1acf X:0009 Y:00ff S:01ef D:0000 DB:00 NvMXdizc V:197 H:1284 F:15
c20436 rep #$20               A:1acf X:0009 Y:00ff S:01ef D:0000 DB:00 NvMXdizc V:197 H:1304 F:15
c20438 lda #$0000             A:1acf X:0009 Y:00ff S:01ef D:0000 DB:00 NvmXdizc V:197 H:1322 F:15
c2043b adc $0b       [00000b] A:0000 X:0009 Y:00ff S:01ef D:0000 DB:00 nvmXdiZc V:197 H:1340 F:15
c2043d sta $0e       [00000e] A:c68f X:0009 Y:00ff S:01ef D:0000 DB:00 NvmXdizc V:198 H:   4 F:15
c2043f sep #$20               A:c68f X:0009 Y:00ff S:01ef D:0000 DB:00 NvmXdizc V:198 H:  32 F:15
c20441 lda $0d9f,x   [000da8] A:c68f X:0009 Y:00ff S:01ef D:0000 DB:00 NvMXdizc V:198 H:  50 F:15
c20444 clc                    A:c601 X:0009 Y:00ff S:01ef D:0000 DB:00 nvMXdizc V:198 H:  76 F:15
c20445 adc $b1       [0000b1] A:c601 X:0009 Y:00ff S:01ef D:0000 DB:00 nvMXdizc V:198 H:  88 F:15
c20447 sta $0d9f,x   [000da8] A:c603 X:0009 Y:00ff S:01ef D:0000 DB:00 nvMXdizc V:198 H: 108 F:15
c2044a bra $0467     [c20467] A:c603 X:0009 Y:00ff S:01ef D:0000 DB:00 nvMXdizc V:198 H: 140 F:15
c20467 clc                    A:c603 X:0009 Y:00ff S:01ef D:0000 DB:00 nvMXdizc V:198 H: 158 F:15
c20468 lda $0d9f,x   [000da8] A:c603 X:0009 Y:00ff S:01ef D:0000 DB:00 nvMXdizc V:198 H: 170 F:15
c2046b adc $0a       [00000a] A:c603 X:0009 Y:00ff S:01ef D:0000 DB:00 nvMXdizc V:198 H: 196 F:15
c2046d sta $0a       [00000a] A:c6d1 X:0009 Y:00ff S:01ef D:0000 DB:00 NvMXdizc V:198 H: 216 F:15
c2046f rep #$20               A:c6d1 X:0009 Y:00ff S:01ef D:0000 DB:00 NvMXdizc V:198 H: 236 F:15
c20471 lda #$0000             A:c6d1 X:0009 Y:00ff S:01ef D:0000 DB:00 NvmXdizc V:198 H: 254 F:15
c20474 adc $0b       [00000b] A:0000 X:0009 Y:00ff S:01ef D:0000 DB:00 nvmXdiZc V:198 H: 272 F:15
c20476 sta $0b       [00000b] A:c68f X:0009 Y:00ff S:01ef D:0000 DB:00 NvmXdizc V:198 H: 300 F:15
c20478 sep #$20               A:c68f X:0009 Y:00ff S:01ef D:0000 DB:00 NvmXdizc V:198 H: 328 F:15
c2047a plx                    A:c68f X:0009 Y:00ff S:01ef D:0000 DB:00 NvMXdizc V:198 H: 346 F:15
c2047b rts                    A:c68f X:00b8 Y:00ff S:01f0 D:0000 DB:00 NvMXdizc V:198 H: 372 F:15
c203c2 jsr $0412     [c20412] A:c68f X:00b8 Y:00ff S:01f2 D:0000 DB:00 NvMXdizc V:198 H: 412 F:15
c20412 ldx $0073     [000073] A:c68f X:00b8 Y:00ff S:01f0 D:0000 DB:00 NvMXdizc V:198 H: 452 F:15
c20415 jsr $04ea     [c204ea] A:c68f X:0009 Y:00ff S:01f0 D:0000 DB:00 nvMXdizc V:198 H: 478 F:15
c204ea lda $0a       [00000a] A:c68f X:0009 Y:00ff S:01ee D:0000 DB:00 nvMXdizc V:198 H: 518 F:15
c204ec sta $0c87,x   [000c90] A:c6d1 X:0009 Y:00ff S:01ee D:0000 DB:00 NvMXdizc V:198 H: 578 F:15
c204ef lda $0b       [00000b] A:c6d1 X:0009 Y:00ff S:01ee D:0000 DB:00 NvMXdizc V:198 H: 610 F:15
c204f1 sta $0caf,x   [000cb8] A:c68f X:0009 Y:00ff S:01ee D:0000 DB:00 NvMXdizc V:198 H: 630 F:15
c204f4 lda $0c       [00000c] A:c68f X:0009 Y:00ff S:01ee D:0000 DB:00 NvMXdizc V:198 H: 662 F:15
c204f6 sta $0cd7,x   [000ce0] A:c6c6 X:0009 Y:00ff S:01ee D:0000 DB:00 NvMXdizc V:198 H: 682 F:15
c204f9 rts                    A:c6c6 X:0009 Y:00ff S:01ee D:0000 DB:00 NvMXdizc V:198 H: 714 F:15
c20418 ldy #$01               A:c6c6 X:0009 Y:00ff S:01f0 D:0000 DB:00 NvMXdizc V:198 H: 754 F:15
c2041a jmp [$00bd]   [0000bd] A:c6c6 X:0009 Y:0001 S:01f0 D:0000 DB:00 nvMXdizc V:198 H: 766 F:15
c21ac6 jsr $1ecf     [c21ecf] A:c6c6 X:0009 Y:0001 S:01f0 D:0000 DB:00 nvMXdizc V:198 H: 808 F:15
c21ecf rep #$20               A:c6c6 X:0009 Y:0001 S:01ee D:0000 DB:00 nvMXdizc V:198 H: 848 F:15
c21ed1 lda [$0d]     [c68fcf] A:c6c6 X:0009 Y:0001 S:01ee D:0000 DB:00 nvmXdizc V:198 H: 866 F:15
c21ed3 sta $bd       [0000bd] A:625d X:0009 Y:0001 S:01ee D:0000 DB:00 nvmXdizc V:198 H: 914 F:15
c21ed5 sep #$20               A:625d X:0009 Y:0001 S:01ee D:0000 DB:00 nvmXdizc V:198 H: 942 F:15
c21ed7 lda #$7e               A:625d X:0009 Y:0001 S:01ee D:0000 DB:00 nvMXdizc V:198 H: 960 F:15
c21ed9 sta $bf       [0000bf] A:627e X:0009 Y:0001 S:01ee D:0000 DB:00 nvMXdizc V:198 H: 972 F:15
c21edb rts                    A:627e X:0009 Y:0001 S:01ee D:0000 DB:00 nvMXdizc V:198 H: 992 F:15
c21ac9 lda [$bd]     [7e625d] A:627e X:0009 Y:0001 S:01f0 D:0000 DB:00 nvMXdizc V:198 H:1032 F:15
c21acb sta $0373     [000373] A:6234 X:0009 Y:0001 S:01f0 D:0000 DB:00 nvMXdizc V:198 H:1076 F:15
c21ace stz $0374     [000374] A:6234 X:0009 Y:0001 S:01f0 D:0000 DB:00 nvMXdizc V:198 H:1102 F:15
c21ad1 rts                    A:6234 X:0009 Y:0001 S:01f0 D:0000 DB:00 nvMXdizc V:198 H:1128 F:15
c203c5 bra $040f     [c2040f] A:6234 X:0009 Y:0001 S:01f2 D:0000 DB:00 nvMXdizc V:198 H:1168 F:15
c2040f plx                    A:6234 X:0009 Y:0001 S:01f2 D:0000 DB:00 nvMXdizc V:198 H:1186 F:15
c20410 ply                    A:6234 X:0009 Y:0001 S:01f3 D:0000 DB:00 nvMXdizc V:198 H:1212 F:15
c20411 rtl                    A:6234 X:0009 Y:00ff S:01f4 D:0000 DB:00 NvMXdizc V:198 H:1238 F:15
c20234 lda $0d77,x   [000d80] A:6234 X:0009 Y:00ff S:01f7 D:0000 DB:00 NvMXdizc V:198 H:1280 F:15
c20237 bmi $023b     [c2023b] A:6200 X:0009 Y:00ff S:01f7 D:0000 DB:00 nvMXdiZc V:198 H:1306 F:15
c20239 lda #$00               A:6200 X:0009 Y:00ff S:01f7 D:0000 DB:00 nvMXdiZc V:198 H:1318 F:15
c2023b and #$7f               A:6200 X:0009 Y:00ff S:01f7 D:0000 DB:00 nvMXdiZc V:198 H:1330 F:15
c2023d sta $0d77,x   [000d80] A:6200 X:0009 Y:00ff S:01f7 D:0000 DB:00 nvMXdiZc V:198 H:1342 F:15
c20240 bra $0222     [c20222] A:6200 X:0009 Y:00ff S:01f7 D:0000 DB:00 nvMXdiZc V:199 H:  10 F:15
c20222 lda $0380     [000380] A:6200 X:0009 Y:00ff S:01f7 D:0000 DB:00 nvMXdiZc V:199 H:  28 F:15
c20225 bit #$40               A:6200 X:0009 Y:00ff S:01f7 D:0000 DB:00 nvMXdiZc V:199 H:  54 F:15
c20227 bne $0242     [c20242] A:6200 X:0009 Y:00ff S:01f7 D:0000 DB:00 nvMXdiZc V:199 H:  66 F:15
c20229 jsr $0254     [c20254] A:6200 X:0009 Y:00ff S:01f7 D:0000 DB:00 nvMXdiZc V:199 H:  78 F:15
c20254 rep #$20               A:6200 X:0009 Y:00ff S:01f5 D:0000 DB:00 nvMXdiZc V:199 H: 118 F:15
c20256 lda $10       [000010] A:6200 X:0009 Y:00ff S:01f5 D:0000 DB:00 nvmXdiZc V:199 H: 136 F:15
c20258 cmp #$0400             A:0006 X:0009 Y:00ff S:01f5 D:0000 DB:00 nvmXdizc V:199 H: 164 F:15
c2025b bcc $025f     [c2025f] A:0006 X:0009 Y:00ff S:01f5 D:0000 DB:00 NvmXdizc V:199 H: 182 F:15
c2025f rep #$20               A:0006 X:0009 Y:00ff S:01f5 D:0000 DB:00 NvmXdizc V:199 H: 200 F:15
c20261 lda $0a       [00000a] A:0006 X:0009 Y:00ff S:01f5 D:0000 DB:00 NvmXdizc V:199 H: 218 F:15
c20263 cmp #$0000             A:8fd1 X:0009 Y:00ff S:01f5 D:0000 DB:00 NvmXdizc V:199 H: 246 F:15
c20266 sep #$20               A:8fd1 X:0009 Y:00ff S:01f5 D:0000 DB:00 NvmXdizC V:199 H: 264 F:15
c20268 lda $0c       [00000c] A:8fd1 X:0009 Y:00ff S:01f5 D:0000 DB:00 NvMXdizC V:199 H: 282 F:15
c2026a sbc #$c6               A:8fc6 X:0009 Y:00ff S:01f5 D:0000 DB:00 NvMXdizC V:199 H: 302 F:15
c2026c bcs $0270     [c20270] A:8f00 X:0009 Y:00ff S:01f5 D:0000 DB:00 nvMXdiZC V:199 H: 314 F:15
c20270 rts                    A:8f00 X:0009 Y:00ff S:01f5 D:0000 DB:00 nvMXdiZC V:199 H: 332 F:15
c2022c lda [$0a]     [c68fd1] A:8f00 X:0009 Y:00ff S:01f7 D:0000 DB:00 nvMXdiZC V:199 H: 372 F:15
c2022e beq $0242     [c20242] A:8f6d X:0009 Y:00ff S:01f7 D:0000 DB:00 nvMXdizC V:199 H: 414 F:15
c20230 jsl $c2038f   [c2038f] A:8f6d X:0009 Y:00ff S:01f7 D:0000 DB:00 nvMXdizC V:199 H: 426 F:15
c2038f phy                    A:8f6d X:0009 Y:00ff S:01f4 D:0000 DB:00 nvMXdizC V:199 H: 480 F:15
c20390 phx                    A:8f6d X:0009 Y:00ff S:01f3 D:0000 DB:00 nvMXdizC V:199 H: 500 F:15
c20391 lda #$c2               A:8f6d X:0009 Y:00ff S:01f2 D:0000 DB:00 nvMXdizC V:199 H: 520 F:15
c20393 sta $bf       [0000bf] A:8fc2 X:0009 Y:00ff S:01f2 D:0000 DB:00 NvMXdizC V:199 H: 532 F:15
c20395 sta $c2       [0000c2] A:8fc2 X:0009 Y:00ff S:01f2 D:0000 DB:00 NvMXdizC V:199 H: 592 F:15
c20397 lda [$0a]     [c68fd1] A:8fc2 X:0009 Y:00ff S:01f2 D:0000 DB:00 NvMXdizC V:199 H: 612 F:15
c20399 cmp #$fe               A:8f6d X:0009 Y:00ff S:01f2 D:0000 DB:00 nvMXdizC V:199 H: 654 F:15
c2039b bcs $03d1     [c203d1] A:8f6d X:0009 Y:00ff S:01f2 D:0000 DB:00 nvMXdizc V:199 H: 666 F:15
c2039d cmp #$fd               A:8f6d X:0009 Y:00ff S:01f2 D:0000 DB:00 nvMXdizc V:199 H: 678 F:15
c2039f beq $03cc     [c203cc] A:8f6d X:0009 Y:00ff S:01f2 D:0000 DB:00 nvMXdizc V:199 H: 690 F:15
c203a1 cmp #$fc               A:8f6d X:0009 Y:00ff S:01f2 D:0000 DB:00 nvMXdizc V:199 H: 702 F:15
c203a3 beq $03c7     [c203c7] A:8f6d X:0009 Y:00ff S:01f2 D:0000 DB:00 nvMXdizc V:199 H: 714 F:15
c203a5 dec                    A:8f6d X:0009 Y:00ff S:01f2 D:0000 DB:00 nvMXdizc V:199 H: 726 F:15
c203a6 tax                    A:8f6c X:0009 Y:00ff S:01f2 D:0000 DB:00 nvMXdizc V:199 H: 738 F:15
c203a7 lda $c20af5,x [c20b61] A:8f6c X:006c Y:00ff S:01f2 D:0000 DB:00 nvMXdizc V:199 H: 750 F:15
c203ab sta $b1       [0000b1] A:8f01 X:006c Y:00ff S:01f2 D:0000 DB:00 nvMXdizc V:199 H: 780 F:15
c203ad txa                    A:8f01 X:006c Y:00ff S:01f2 D:0000 DB:00 nvMXdizc V:199 H: 800 F:15
c203ae rep #$30               A:8f6c X:006c Y:00ff S:01f2 D:0000 DB:00 nvMXdizc V:199 H: 812 F:15
c203b0 and #$00ff             A:8f6c X:006c Y:00ff S:01f2 D:0000 DB:00 nvmxdizc V:199 H: 830 F:15
c203b3 asl a                  A:006c X:006c Y:00ff S:01f2 D:0000 DB:00 nvmxdizc V:199 H: 848 F:15
c203b4 tax                    A:00d8 X:006c Y:00ff S:01f2 D:0000 DB:00 nvmxdizc V:199 H: 860 F:15
c203b5 lda $c204fa,x [c205d2] A:00d8 X:00d8 Y:00ff S:01f2 D:0000 DB:00 nvmxdizc V:199 H: 872 F:15
c203b9 sta $bd       [0000bd] A:1b8d X:00d8 Y:00ff S:01f2 D:0000 DB:00 nvmxdizc V:199 H: 908 F:15
c203bb sep #$30               A:1b8d X:00d8 Y:00ff S:01f2 D:0000 DB:00 nvmxdizc V:199 H: 936 F:15
c203bd lda #$01               A:1b8d X:00d8 Y:00ff S:01f2 D:0000 DB:00 nvMXdizc V:199 H: 954 F:15
c203bf jsr $041d     [c2041d] A:1b01 X:00d8 Y:00ff S:01f2 D:0000 DB:00 nvMXdizc V:199 H: 966 F:15
c2041d phx                    A:1b01 X:00d8 Y:00ff S:01f0 D:0000 DB:00 nvMXdizc V:199 H:1006 F:15
c2041e ldx $0073     [000073] A:1b01 X:00d8 Y:00ff S:01ef D:0000 DB:00 nvMXdizc V:199 H:1026 F:15
c20421 sta $0d9f,x   [000da8] A:1b01 X:0009 Y:00ff S:01ef D:0000 DB:00 nvMXdizc V:199 H:1052 F:15
c20424 lda $b1       [0000b1] A:1b01 X:0009 Y:00ff S:01ef D:0000 DB:00 nvMXdizc V:199 H:1084 F:15
c20426 sta $0dc7,x   [000dd0] A:1b01 X:0009 Y:00ff S:01ef D:0000 DB:00 nvMXdizc V:199 H:1104 F:15
c20429 lda $0d77,x   [000d80] A:1b01 X:0009 Y:00ff S:01ef D:0000 DB:00 nvMXdizc V:199 H:1136 F:15
c2042c bne $044c     [c2044c] A:1b00 X:0009 Y:00ff S:01ef D:0000 DB:00 nvMXdiZc V:199 H:1162 F:15
c2042e clc                    A:1b00 X:0009 Y:00ff S:01ef D:0000 DB:00 nvMXdiZc V:199 H:1174 F:15
c2042f lda $0d9f,x   [000da8] A:1b00 X:0009 Y:00ff S:01ef D:0000 DB:00 nvMXdiZc V:199 H:1186 F:15
c20432 adc $0a       [00000a] A:1b01 X:0009 Y:00ff S:01ef D:0000 DB:00 nvMXdizc V:199 H:1212 F:15
c20434 sta $0d       [00000d] A:1bd2 X:0009 Y:00ff S:01ef D:0000 DB:00 NvMXdizc V:199 H:1232 F:15
c20436 rep #$20               A:1bd2 X:0009 Y:00ff S:01ef D:0000 DB:00 NvMXdizc V:199 H:1252 F:15
c20438 lda #$0000             A:1bd2 X:0009 Y:00ff S:01ef D:0000 DB:00 NvmXdizc V:199 H:1270 F:15
c2043b adc $0b       [00000b] A:0000 X:0009 Y:00ff S:01ef D:0000 DB:00 nvmXdiZc V:199 H:1288 F:15
c2043d sta $0e       [00000e] A:c68f X:0009 Y:00ff S:01ef D:0000 DB:00 NvmXdizc V:199 H:1316 F:15
c2043f sep #$20               A:c68f X:0009 Y:00ff S:01ef D:0000 DB:00 NvmXdizc V:199 H:1344 F:15
c20441 lda $0d9f,x   [000da8] A:c68f X:0009 Y:00ff S:01ef D:0000 DB:00 NvMXdizc V:199 H:1362 F:15
c20444 clc                    A:c601 X:0009 Y:00ff S:01ef D:0000 DB:00 nvMXdizc V:200 H:  24 F:15
c20445 adc $b1       [0000b1] A:c601 X:0009 Y:00ff S:01ef D:0000 DB:00 nvMXdizc V:200 H:  36 F:15
c20447 sta $0d9f,x   [000da8] A:c602 X:0009 Y:00ff S:01ef D:0000 DB:00 nvMXdizc V:200 H:  56 F:15
c2044a bra $0467     [c20467] A:c602 X:0009 Y:00ff S:01ef D:0000 DB:00 nvMXdizc V:200 H:  88 F:15
c20467 clc                    A:c602 X:0009 Y:00ff S:01ef D:0000 DB:00 nvMXdizc V:200 H: 106 F:15
c20468 lda $0d9f,x   [000da8] A:c602 X:0009 Y:00ff S:01ef D:0000 DB:00 nvMXdizc V:200 H: 118 F:15
c2046b adc $0a       [00000a] A:c602 X:0009 Y:00ff S:01ef D:0000 DB:00 nvMXdizc V:200 H: 144 F:15
c2046d sta $0a       [00000a] A:c6d3 X:0009 Y:00ff S:01ef D:0000 DB:00 NvMXdizc V:200 H: 164 F:15
c2046f rep #$20               A:c6d3 X:0009 Y:00ff S:01ef D:0000 DB:00 NvMXdizc V:200 H: 184 F:15
c20471 lda #$0000             A:c6d3 X:0009 Y:00ff S:01ef D:0000 DB:00 NvmXdizc V:200 H: 202 F:15
c20474 adc $0b       [00000b] A:0000 X:0009 Y:00ff S:01ef D:0000 DB:00 nvmXdiZc V:200 H: 220 F:15
c20476 sta $0b       [00000b] A:c68f X:0009 Y:00ff S:01ef D:0000 DB:00 NvmXdizc V:200 H: 248 F:15
c20478 sep #$20               A:c68f X:0009 Y:00ff S:01ef D:0000 DB:00 NvmXdizc V:200 H: 276 F:15
c2047a plx                    A:c68f X:0009 Y:00ff S:01ef D:0000 DB:00 NvMXdizc V:200 H: 294 F:15
c2047b rts                    A:c68f X:00d8 Y:00ff S:01f0 D:0000 DB:00 NvMXdizc V:200 H: 320 F:15
c203c2 jsr $0412     [c20412] A:c68f X:00d8 Y:00ff S:01f2 D:0000 DB:00 NvMXdizc V:200 H: 360 F:15
c20412 ldx $0073     [000073] A:c68f X:00d8 Y:00ff S:01f0 D:0000 DB:00 NvMXdizc V:200 H: 400 F:15
c20415 jsr $04ea     [c204ea] A:c68f X:0009 Y:00ff S:01f0 D:0000 DB:00 nvMXdizc V:200 H: 426 F:15
c204ea lda $0a       [00000a] A:c68f X:0009 Y:00ff S:01ee D:0000 DB:00 nvMXdizc V:200 H: 466 F:15
c204ec sta $0c87,x   [000c90] A:c6d3 X:0009 Y:00ff S:01ee D:0000 DB:00 NvMXdizc V:200 H: 486 F:15
c204ef lda $0b       [00000b] A:c6d3 X:0009 Y:00ff S:01ee D:0000 DB:00 NvMXdizc V:200 H: 518 F:15
c204f1 sta $0caf,x   [000cb8] A:c68f X:0009 Y:00ff S:01ee D:0000 DB:00 NvMXdizc V:200 H: 578 F:15
c204f4 lda $0c       [00000c] A:c68f X:0009 Y:00ff S:01ee D:0000 DB:00 NvMXdizc V:200 H: 610 F:15
c204f6 sta $0cd7,x   [000ce0] A:c6c6 X:0009 Y:00ff S:01ee D:0000 DB:00 NvMXdizc V:200 H: 630 F:15
c204f9 rts                    A:c6c6 X:0009 Y:00ff S:01ee D:0000 DB:00 NvMXdizc V:200 H: 662 F:15
c20418 ldy #$01               A:c6c6 X:0009 Y:00ff S:01f0 D:0000 DB:00 NvMXdizc V:200 H: 702 F:15
c2041a jmp [$00bd]   [0000bd] A:c6c6 X:0009 Y:0001 S:01f0 D:0000 DB:00 nvMXdizc V:200 H: 714 F:15
c21b8d lda [$0d]     [c68fd2] A:c6c6 X:0009 Y:0001 S:01f0 D:0000 DB:00 nvMXdizc V:200 H: 756 F:15
c21b8f bra $1b96     [c21b96] A:c610 X:0009 Y:0001 S:01f0 D:0000 DB:00 nvMXdizc V:200 H: 798 F:15
c21b96 and $0373     [000373] A:c610 X:0009 Y:0001 S:01f0 D:0000 DB:00 nvMXdizc V:200 H: 816 F:15
c21b99 sta $0373     [000373] A:c610 X:0009 Y:0001 S:01f0 D:0000 DB:00 nvMXdizc V:200 H: 842 F:15
c21b9c stz $0374     [000374] A:c610 X:0009 Y:0001 S:01f0 D:0000 DB:00 nvMXdizc V:200 H: 868 F:15
c21b9f rts                    A:c610 X:0009 Y:0001 S:01f0 D:0000 DB:00 nvMXdizc V:200 H: 894 F:15
c203c5 bra $040f     [c2040f] A:c610 X:0009 Y:0001 S:01f2 D:0000 DB:00 nvMXdizc V:200 H: 934 F:15
c2040f plx                    A:c610 X:0009 Y:0001 S:01f2 D:0000 DB:00 nvMXdizc V:200 H: 952 F:15
c20410 ply                    A:c610 X:0009 Y:0001 S:01f3 D:0000 DB:00 nvMXdizc V:200 H: 978 F:15
c20411 rtl                    A:c610 X:0009 Y:00ff S:01f4 D:0000 DB:00 NvMXdizc V:200 H:1004 F:15
c20234 lda $0d77,x   [000d80] A:c610 X:0009 Y:00ff S:01f7 D:0000 DB:00 NvMXdizc V:200 H:1046 F:15
c20237 bmi $023b     [c2023b] A:c600 X:0009 Y:00ff S:01f7 D:0000 DB:00 nvMXdiZc V:200 H:1072 F:15
c20239 lda #$00               A:c600 X:0009 Y:00ff S:01f7 D:0000 DB:00 nvMXdiZc V:200 H:1084 F:15
c2023b and #$7f               A:c600 X:0009 Y:00ff S:01f7 D:0000 DB:00 nvMXdiZc V:200 H:1096 F:15
c2023d sta $0d77,x   [000d80] A:c600 X:0009 Y:00ff S:01f7 D:0000 DB:00 nvMXdiZc V:200 H:1108 F:15
c20240 bra $0222     [c20222] A:c600 X:0009 Y:00ff S:01f7 D:0000 DB:00 nvMXdiZc V:200 H:1140 F:15
c20222 lda $0380     [000380] A:c600 X:0009 Y:00ff S:01f7 D:0000 DB:00 nvMXdiZc V:200 H:1158 F:15
c20225 bit #$40               A:c600 X:0009 Y:00ff S:01f7 D:0000 DB:00 nvMXdiZc V:200 H:1184 F:15
c20227 bne $0242     [c20242] A:c600 X:0009 Y:00ff S:01f7 D:0000 DB:00 nvMXdiZc V:200 H:1196 F:15
c20229 jsr $0254     [c20254] A:c600 X:0009 Y:00ff S:01f7 D:0000 DB:00 nvMXdiZc V:200 H:1208 F:15
c20254 rep #$20               A:c600 X:0009 Y:00ff S:01f5 D:0000 DB:00 nvMXdiZc V:200 H:1248 F:15
c20256 lda $10       [000010] A:c600 X:0009 Y:00ff S:01f5 D:0000 DB:00 nvmXdiZc V:200 H:1266 F:15
c20258 cmp #$0400             A:0006 X:0009 Y:00ff S:01f5 D:0000 DB:00 nvmXdizc V:200 H:1294 F:15
c2025b bcc $025f     [c2025f] A:0006 X:0009 Y:00ff S:01f5 D:0000 DB:00 NvmXdizc V:200 H:1312 F:15
c2025f rep #$20               A:0006 X:0009 Y:00ff S:01f5 D:0000 DB:00 NvmXdizc V:200 H:1330 F:15
c20261 lda $0a       [00000a] A:0006 X:0009 Y:00ff S:01f5 D:0000 DB:00 NvmXdizc V:200 H:1348 F:15
c20263 cmp #$0000             A:8fd3 X:0009 Y:00ff S:01f5 D:0000 DB:00 NvmXdizc V:201 H:  12 F:15
c20266 sep #$20               A:8fd3 X:0009 Y:00ff S:01f5 D:0000 DB:00 NvmXdizC V:201 H:  30 F:15
c20268 lda $0c       [00000c] A:8fd3 X:0009 Y:00ff S:01f5 D:0000 DB:00 NvMXdizC V:201 H:  48 F:15
c2026a sbc #$c6               A:8fc6 X:0009 Y:00ff S:01f5 D:0000 DB:00 NvMXdizC V:201 H:  68 F:15
c2026c bcs $0270     [c20270] A:8f00 X:0009 Y:00ff S:01f5 D:0000 DB:00 nvMXdiZC V:201 H:  80 F:15
c20270 rts                    A:8f00 X:0009 Y:00ff S:01f5 D:0000 DB:00 nvMXdiZC V:201 H:  98 F:15
c2022c lda [$0a]     [c68fd3] A:8f00 X:0009 Y:00ff S:01f7 D:0000 DB:00 nvMXdiZC V:201 H: 138 F:15
c2022e beq $0242     [c20242] A:8f8a X:0009 Y:00ff S:01f7 D:0000 DB:00 NvMXdizC V:201 H: 180 F:15
c20230 jsl $c2038f   [c2038f] A:8f8a X:0009 Y:00ff S:01f7 D:0000 DB:00 NvMXdizC V:201 H: 192 F:15
c2038f phy                    A:8f8a X:0009 Y:00ff S:01f4 D:0000 DB:00 NvMXdizC V:201 H: 246 F:15
c20390 phx                    A:8f8a X:0009 Y:00ff S:01f3 D:0000 DB:00 NvMXdizC V:201 H: 266 F:15
c20391 lda #$c2               A:8f8a X:0009 Y:00ff S:01f2 D:0000 DB:00 NvMXdizC V:201 H: 286 F:15
c20393 sta $bf       [0000bf] A:8fc2 X:0009 Y:00ff S:01f2 D:0000 DB:00 NvMXdizC V:201 H: 298 F:15
c20395 sta $c2       [0000c2] A:8fc2 X:0009 Y:00ff S:01f2 D:0000 DB:00 NvMXdizC V:201 H: 318 F:15
c20397 lda [$0a]     [c68fd3] A:8fc2 X:0009 Y:00ff S:01f2 D:0000 DB:00 NvMXdizC V:201 H: 338 F:15
c20399 cmp #$fe               A:8f8a X:0009 Y:00ff S:01f2 D:0000 DB:00 NvMXdizC V:201 H: 380 F:15
c2039b bcs $03d1     [c203d1] A:8f8a X:0009 Y:00ff S:01f2 D:0000 DB:00 NvMXdizc V:201 H: 392 F:15
c2039d cmp #$fd               A:8f8a X:0009 Y:00ff S:01f2 D:0000 DB:00 NvMXdizc V:201 H: 404 F:15
c2039f beq $03cc     [c203cc] A:8f8a X:0009 Y:00ff S:01f2 D:0000 DB:00 NvMXdizc V:201 H: 416 F:15
c203a1 cmp #$fc               A:8f8a X:0009 Y:00ff S:01f2 D:0000 DB:00 NvMXdizc V:201 H: 428 F:15
c203a3 beq $03c7     [c203c7] A:8f8a X:0009 Y:00ff S:01f2 D:0000 DB:00 NvMXdizc V:201 H: 440 F:15
c203a5 dec                    A:8f8a X:0009 Y:00ff S:01f2 D:0000 DB:00 NvMXdizc V:201 H: 452 F:15
c203a6 tax                    A:8f89 X:0009 Y:00ff S:01f2 D:0000 DB:00 NvMXdizc V:201 H: 464 F:15
c203a7 lda $c20af5,x [c20b7e] A:8f89 X:0089 Y:00ff S:01f2 D:0000 DB:00 NvMXdizc V:201 H: 476 F:15
c203ab sta $b1       [0000b1] A:8f01 X:0089 Y:00ff S:01f2 D:0000 DB:00 nvMXdizc V:201 H: 506 F:15
c203ad txa                    A:8f01 X:0089 Y:00ff S:01f2 D:0000 DB:00 nvMXdizc V:201 H: 526 F:15
c203ae rep #$30               A:8f89 X:0089 Y:00ff S:01f2 D:0000 DB:00 NvMXdizc V:201 H: 578 F:15
c203b0 and #$00ff             A:8f89 X:0089 Y:00ff S:01f2 D:0000 DB:00 Nvmxdizc V:201 H: 596 F:15
c203b3 asl a                  A:0089 X:0089 Y:00ff S:01f2 D:0000 DB:00 nvmxdizc V:201 H: 614 F:15
c203b4 tax                    A:0112 X:0089 Y:00ff S:01f2 D:0000 DB:00 nvmxdizc V:201 H: 626 F:15
c203b5 lda $c204fa,x [c2060c] A:0112 X:0112 Y:00ff S:01f2 D:0000 DB:00 nvmxdizc V:201 H: 638 F:15
c203b9 sta $bd       [0000bd] A:1d02 X:0112 Y:00ff S:01f2 D:0000 DB:00 nvmxdizc V:201 H: 674 F:15
c203bb sep #$30               A:1d02 X:0112 Y:00ff S:01f2 D:0000 DB:00 nvmxdizc V:201 H: 702 F:15
c203bd lda #$01               A:1d02 X:0012 Y:00ff S:01f2 D:0000 DB:00 nvMXdizc V:201 H: 720 F:15
c203bf jsr $041d     [c2041d] A:1d01 X:0012 Y:00ff S:01f2 D:0000 DB:00 nvMXdizc V:201 H: 732 F:15
c2041d phx                    A:1d01 X:0012 Y:00ff S:01f0 D:0000 DB:00 nvMXdizc V:201 H: 772 F:15
c2041e ldx $0073     [000073] A:1d01 X:0012 Y:00ff S:01ef D:0000 DB:00 nvMXdizc V:201 H: 792 F:15
c20421 sta $0d9f,x   [000da8] A:1d01 X:0009 Y:00ff S:01ef D:0000 DB:00 nvMXdizc V:201 H: 818 F:15
c20424 lda $b1       [0000b1] A:1d01 X:0009 Y:00ff S:01ef D:0000 DB:00 nvMXdizc V:201 H: 850 F:15
c20426 sta $0dc7,x   [000dd0] A:1d01 X:0009 Y:00ff S:01ef D:0000 DB:00 nvMXdizc V:201 H: 870 F:15
c20429 lda $0d77,x   [000d80] A:1d01 X:0009 Y:00ff S:01ef D:0000 DB:00 nvMXdizc V:201 H: 902 F:15
c2042c bne $044c     [c2044c] A:1d00 X:0009 Y:00ff S:01ef D:0000 DB:00 nvMXdiZc V:201 H: 928 F:15
c2042e clc                    A:1d00 X:0009 Y:00ff S:01ef D:0000 DB:00 nvMXdiZc V:201 H: 940 F:15
c2042f lda $0d9f,x   [000da8] A:1d00 X:0009 Y:00ff S:01ef D:0000 DB:00 nvMXdiZc V:201 H: 952 F:15
c20432 adc $0a       [00000a] A:1d01 X:0009 Y:00ff S:01ef D:0000 DB:00 nvMXdizc V:201 H: 978 F:15
c20434 sta $0d       [00000d] A:1dd4 X:0009 Y:00ff S:01ef D:0000 DB:00 NvMXdizc V:201 H: 998 F:15
c20436 rep #$20               A:1dd4 X:0009 Y:00ff S:01ef D:0000 DB:00 NvMXdizc V:201 H:1018 F:15
c20438 lda #$0000             A:1dd4 X:0009 Y:00ff S:01ef D:0000 DB:00 NvmXdizc V:201 H:1036 F:15
c2043b adc $0b       [00000b] A:0000 X:0009 Y:00ff S:01ef D:0000 DB:00 nvmXdiZc V:201 H:1054 F:15
c2043d sta $0e       [00000e] A:c68f X:0009 Y:00ff S:01ef D:0000 DB:00 NvmXdizc V:201 H:1082 F:15
c2043f sep #$20               A:c68f X:0009 Y:00ff S:01ef D:0000 DB:00 NvmXdizc V:201 H:1110 F:15
c20441 lda $0d9f,x   [000da8] A:c68f X:0009 Y:00ff S:01ef D:0000 DB:00 NvMXdizc V:201 H:1128 F:15
c20444 clc                    A:c601 X:0009 Y:00ff S:01ef D:0000 DB:00 nvMXdizc V:201 H:1154 F:15
c20445 adc $b1       [0000b1] A:c601 X:0009 Y:00ff S:01ef D:0000 DB:00 nvMXdizc V:201 H:1166 F:15
c20447 sta $0d9f,x   [000da8] A:c602 X:0009 Y:00ff S:01ef D:0000 DB:00 nvMXdizc V:201 H:1186 F:15
c2044a bra $0467     [c20467] A:c602 X:0009 Y:00ff S:01ef D:0000 DB:00 nvMXdizc V:201 H:1218 F:15
c20467 clc                    A:c602 X:0009 Y:00ff S:01ef D:0000 DB:00 nvMXdizc V:201 H:1236 F:15
c20468 lda $0d9f,x   [000da8] A:c602 X:0009 Y:00ff S:01ef D:0000 DB:00 nvMXdizc V:201 H:1248 F:15
c2046b adc $0a       [00000a] A:c602 X:0009 Y:00ff S:01ef D:0000 DB:00 nvMXdizc V:201 H:1274 F:15
c2046d sta $0a       [00000a] A:c6d5 X:0009 Y:00ff S:01ef D:0000 DB:00 NvMXdizc V:201 H:1294 F:15
c2046f rep #$20               A:c6d5 X:0009 Y:00ff S:01ef D:0000 DB:00 NvMXdizc V:201 H:1314 F:15
c20471 lda #$0000             A:c6d5 X:0009 Y:00ff S:01ef D:0000 DB:00 NvmXdizc V:201 H:1332 F:15
c20474 adc $0b       [00000b] A:0000 X:0009 Y:00ff S:01ef D:0000 DB:00 nvmXdiZc V:201 H:1350 F:15
c20476 sta $0b       [00000b] A:c68f X:0009 Y:00ff S:01ef D:0000 DB:00 NvmXdizc V:202 H:  14 F:15
c20478 sep #$20               A:c68f X:0009 Y:00ff S:01ef D:0000 DB:00 NvmXdizc V:202 H:  42 F:15
c2047a plx                    A:c68f X:0009 Y:00ff S:01ef D:0000 DB:00 NvMXdizc V:202 H:  60 F:15
c2047b rts                    A:c68f X:0012 Y:00ff S:01f0 D:0000 DB:00 nvMXdizc V:202 H:  86 F:15
c203c2 jsr $0412     [c20412] A:c68f X:0012 Y:00ff S:01f2 D:0000 DB:00 nvMXdizc V:202 H: 126 F:15
c20412 ldx $0073     [000073] A:c68f X:0012 Y:00ff S:01f0 D:0000 DB:00 nvMXdizc V:202 H: 166 F:15
c20415 jsr $04ea     [c204ea] A:c68f X:0009 Y:00ff S:01f0 D:0000 DB:00 nvMXdizc V:202 H: 192 F:15
c204ea lda $0a       [00000a] A:c68f X:0009 Y:00ff S:01ee D:0000 DB:00 nvMXdizc V:202 H: 232 F:15
c204ec sta $0c87,x   [000c90] A:c6d5 X:0009 Y:00ff S:01ee D:0000 DB:00 NvMXdizc V:202 H: 252 F:15
c204ef lda $0b       [00000b] A:c6d5 X:0009 Y:00ff S:01ee D:0000 DB:00 NvMXdizc V:202 H: 284 F:15
c204f1 sta $0caf,x   [000cb8] A:c68f X:0009 Y:00ff S:01ee D:0000 DB:00 NvMXdizc V:202 H: 304 F:15
c204f4 lda $0c       [00000c] A:c68f X:0009 Y:00ff S:01ee D:0000 DB:00 NvMXdizc V:202 H: 336 F:15
c204f6 sta $0cd7,x   [000ce0] A:c6c6 X:0009 Y:00ff S:01ee D:0000 DB:00 NvMXdizc V:202 H: 356 F:15
c204f9 rts                    A:c6c6 X:0009 Y:00ff S:01ee D:0000 DB:00 NvMXdizc V:202 H: 388 F:15
c20418 ldy #$01               A:c6c6 X:0009 Y:00ff S:01f0 D:0000 DB:00 NvMXdizc V:202 H: 428 F:15
c2041a jmp [$00bd]   [0000bd] A:c6c6 X:0009 Y:0001 S:01f0 D:0000 DB:00 nvMXdizc V:202 H: 440 F:15
c21d02 jsr $1edc     [c21edc] A:c6c6 X:0009 Y:0001 S:01f0 D:0000 DB:00 nvMXdizc V:202 H: 482 F:15
c21edc lda [$0d]     [c68fd4] A:c6c6 X:0009 Y:0001 S:01ee D:0000 DB:00 nvMXdizc V:202 H: 522 F:15
c21ede sta $b1       [0000b1] A:c600 X:0009 Y:0001 S:01ee D:0000 DB:00 nvMXdiZc V:202 H: 604 F:15
c21ee0 stz $b2       [0000b2] A:c600 X:0009 Y:0001 S:01ee D:0000 DB:00 nvMXdiZc V:202 H: 624 F:15
c21ee2 bra $1f04     [c21f04] A:c600 X:0009 Y:0001 S:01ee D:0000 DB:00 nvMXdiZc V:202 H: 644 F:15
c21f04 rep #$20               A:c600 X:0009 Y:0001 S:01ee D:0000 DB:00 nvMXdiZc V:202 H: 662 F:15
c21f06 lda $0373     [000373] A:c600 X:0009 Y:0001 S:01ee D:0000 DB:00 nvmXdiZc V:202 H: 680 F:15
c21f09 cmp $b1       [0000b1] A:0010 X:0009 Y:0001 S:01ee D:0000 DB:00 nvmXdizc V:202 H: 714 F:15
c21f0b sep #$20               A:0010 X:0009 Y:0001 S:01ee D:0000 DB:00 nvmXdizC V:202 H: 742 F:15
c21f0d rts                    A:0010 X:0009 Y:0001 S:01ee D:0000 DB:00 nvMXdizC V:202 H: 760 F:15
c21d05 bra $1d14     [c21d14] A:0010 X:0009 Y:0001 S:01f0 D:0000 DB:00 nvMXdizC V:202 H: 800 F:15
c21d14 bne $1d74     [c21d74] A:0010 X:0009 Y:0001 S:01f0 D:0000 DB:00 nvMXdizC V:202 H: 818 F:15
c21d74 rep #$20               A:0010 X:0009 Y:0001 S:01f0 D:0000 DB:00 nvMXdizC V:202 H: 836 F:15
c21d76 lda #$ffff             A:0010 X:0009 Y:0001 S:01f0 D:0000 DB:00 nvmXdizC V:202 H: 854 F:15
c21d79 sta $0373     [000373] A:ffff X:0009 Y:0001 S:01f0 D:0000 DB:00 NvmXdizC V:202 H: 872 F:15
c21d7c sep #$20               A:ffff X:0009 Y:0001 S:01f0 D:0000 DB:00 NvmXdizC V:202 H: 906 F:15
c21d7e rts                    A:ffff X:0009 Y:0001 S:01f0 D:0000 DB:00 NvMXdizC V:202 H: 924 F:15
c203c5 bra $040f     [c2040f] A:ffff X:0009 Y:0001 S:01f2 D:0000 DB:00 NvMXdizC V:202 H: 964 F:15
c2040f plx                    A:ffff X:0009 Y:0001 S:01f2 D:0000 DB:00 NvMXdizC V:202 H: 982 F:15
c20410 ply                    A:ffff X:0009 Y:0001 S:01f3 D:0000 DB:00 nvMXdizC V:202 H:1008 F:15
c20411 rtl                    A:ffff X:0009 Y:00ff S:01f4 D:0000 DB:00 NvMXdizC V:202 H:1034 F:15
c20234 lda $0d77,x   [000d80] A:ffff X:0009 Y:00ff S:01f7 D:0000 DB:00 NvMXdizC V:202 H:1076 F:15
c20237 bmi $023b     [c2023b] A:ff00 X:0009 Y:00ff S:01f7 D:0000 DB:00 nvMXdiZC V:202 H:1102 F:15
c20239 lda #$00               A:ff00 X:0009 Y:00ff S:01f7 D:0000 DB:00 nvMXdiZC V:202 H:1114 F:15
c2023b and #$7f               A:ff00 X:0009 Y:00ff S:01f7 D:0000 DB:00 nvMXdiZC V:202 H:1126 F:15
c2023d sta $0d77,x   [000d80] A:ff00 X:0009 Y:00ff S:01f7 D:0000 DB:00 nvMXdiZC V:202 H:1138 F:15
c20240 bra $0222     [c20222] A:ff00 X:0009 Y:00ff S:01f7 D:0000 DB:00 nvMXdiZC V:202 H:1170 F:15
c20222 lda $0380     [000380] A:ff00 X:0009 Y:00ff S:01f7 D:0000 DB:00 nvMXdiZC V:202 H:1188 F:15
c20225 bit #$40               A:ff00 X:0009 Y:00ff S:01f7 D:0000 DB:00 nvMXdiZC V:202 H:1214 F:15
c20227 bne $0242     [c20242] A:ff00 X:0009 Y:00ff S:01f7 D:0000 DB:00 nvMXdiZC V:202 H:1226 F:15
c20229 jsr $0254     [c20254] A:ff00 X:0009 Y:00ff S:01f7 D:0000 DB:00 nvMXdiZC V:202 H:1238 F:15
c20254 rep #$20               A:ff00 X:0009 Y:00ff S:01f5 D:0000 DB:00 nvMXdiZC V:202 H:1278 F:15
c20256 lda $10       [000010] A:ff00 X:0009 Y:00ff S:01f5 D:0000 DB:00 nvmXdiZC V:202 H:1296 F:15
c20258 cmp #$0400             A:0006 X:0009 Y:00ff S:01f5 D:0000 DB:00 nvmXdizC V:202 H:1324 F:15
c2025b bcc $025f     [c2025f] A:0006 X:0009 Y:00ff S:01f5 D:0000 DB:00 NvmXdizc V:202 H:1342 F:15
c2025f rep #$20               A:0006 X:0009 Y:00ff S:01f5 D:0000 DB:00 NvmXdizc V:202 H:1360 F:15
c20261 lda $0a       [00000a] A:0006 X:0009 Y:00ff S:01f5 D:0000 DB:00 NvmXdizc V:203 H:  14 F:15
c20263 cmp #$0000             A:8fd5 X:0009 Y:00ff S:01f5 D:0000 DB:00 NvmXdizc V:203 H:  42 F:15
c20266 sep #$20               A:8fd5 X:0009 Y:00ff S:01f5 D:0000 DB:00 NvmXdizC V:203 H:  60 F:15
c20268 lda $0c       [00000c] A:8fd5 X:0009 Y:00ff S:01f5 D:0000 DB:00 NvMXdizC V:203 H:  78 F:15
c2026a sbc #$c6               A:8fc6 X:0009 Y:00ff S:01f5 D:0000 DB:00 NvMXdizC V:203 H:  98 F:15
c2026c bcs $0270     [c20270] A:8f00 X:0009 Y:00ff S:01f5 D:0000 DB:00 nvMXdiZC V:203 H: 110 F:15
c20270 rts                    A:8f00 X:0009 Y:00ff S:01f5 D:0000 DB:00 nvMXdiZC V:203 H: 128 F:15
c2022c lda [$0a]     [c68fd5] A:8f00 X:0009 Y:00ff S:01f7 D:0000 DB:00 nvMXdiZC V:203 H: 168 F:15
c2022e beq $0242     [c20242] A:8f49 X:0009 Y:00ff S:01f7 D:0000 DB:00 nvMXdizC V:203 H: 210 F:15
c20230 jsl $c2038f   [c2038f] A:8f49 X:0009 Y:00ff S:01f7 D:0000 DB:00 nvMXdizC V:203 H: 222 F:15
c2038f phy                    A:8f49 X:0009 Y:00ff S:01f4 D:0000 DB:00 nvMXdizC V:203 H: 276 F:15
c20390 phx                    A:8f49 X:0009 Y:00ff S:01f3 D:0000 DB:00 nvMXdizC V:203 H: 296 F:15
c20391 lda #$c2               A:8f49 X:0009 Y:00ff S:01f2 D:0000 DB:00 nvMXdizC V:203 H: 316 F:15
c20393 sta $bf       [0000bf] A:8fc2 X:0009 Y:00ff S:01f2 D:0000 DB:00 NvMXdizC V:203 H: 328 F:15
c20395 sta $c2       [0000c2] A:8fc2 X:0009 Y:00ff S:01f2 D:0000 DB:00 NvMXdizC V:203 H: 348 F:15
c20397 lda [$0a]     [c68fd5] A:8fc2 X:0009 Y:00ff S:01f2 D:0000 DB:00 NvMXdizC V:203 H: 368 F:15
c20399 cmp #$fe               A:8f49 X:0009 Y:00ff S:01f2 D:0000 DB:00 nvMXdizC V:203 H: 410 F:15
c2039b bcs $03d1     [c203d1] A:8f49 X:0009 Y:00ff S:01f2 D:0000 DB:00 nvMXdizc V:203 H: 422 F:15
c2039d cmp #$fd               A:8f49 X:0009 Y:00ff S:01f2 D:0000 DB:00 nvMXdizc V:203 H: 434 F:15
c2039f beq $03cc     [c203cc] A:8f49 X:0009 Y:00ff S:01f2 D:0000 DB:00 nvMXdizc V:203 H: 446 F:15
c203a1 cmp #$fc               A:8f49 X:0009 Y:00ff S:01f2 D:0000 DB:00 nvMXdizc V:203 H: 458 F:15
c203a3 beq $03c7     [c203c7] A:8f49 X:0009 Y:00ff S:01f2 D:0000 DB:00 nvMXdizc V:203 H: 470 F:15
c203a5 dec                    A:8f49 X:0009 Y:00ff S:01f2 D:0000 DB:00 nvMXdizc V:203 H: 482 F:15
c203a6 tax                    A:8f48 X:0009 Y:00ff S:01f2 D:0000 DB:00 nvMXdizc V:203 H: 494 F:15
c203a7 lda $c20af5,x [c20b3d] A:8f48 X:0048 Y:00ff S:01f2 D:0000 DB:00 nvMXdizc V:203 H: 506 F:15
c203ab sta $b1       [0000b1] A:8f01 X:0048 Y:00ff S:01f2 D:0000 DB:00 nvMXdizc V:203 H: 536 F:15
c203ad txa                    A:8f01 X:0048 Y:00ff S:01f2 D:0000 DB:00 nvMXdizc V:203 H: 596 F:15
c203ae rep #$30               A:8f48 X:0048 Y:00ff S:01f2 D:0000 DB:00 nvMXdizc V:203 H: 608 F:15
c203b0 and #$00ff             A:8f48 X:0048 Y:00ff S:01f2 D:0000 DB:00 nvmxdizc V:203 H: 626 F:15
c203b3 asl a                  A:0048 X:0048 Y:00ff S:01f2 D:0000 DB:00 nvmxdizc V:203 H: 644 F:15
c203b4 tax                    A:0090 X:0048 Y:00ff S:01f2 D:0000 DB:00 nvmxdizc V:203 H: 656 F:15
c203b5 lda $c204fa,x [c2058a] A:0090 X:0090 Y:00ff S:01f2 D:0000 DB:00 nvmxdizc V:203 H: 668 F:15
c203b9 sta $bd       [0000bd] A:19b3 X:0090 Y:00ff S:01f2 D:0000 DB:00 nvmxdizc V:203 H: 704 F:15
c203bb sep #$30               A:19b3 X:0090 Y:00ff S:01f2 D:0000 DB:00 nvmxdizc V:203 H: 732 F:15
c203bd lda #$01               A:19b3 X:0090 Y:00ff S:01f2 D:0000 DB:00 nvMXdizc V:203 H: 750 F:15
c203bf jsr $041d     [c2041d] A:1901 X:0090 Y:00ff S:01f2 D:0000 DB:00 nvMXdizc V:203 H: 762 F:15
c2041d phx                    A:1901 X:0090 Y:00ff S:01f0 D:0000 DB:00 nvMXdizc V:203 H: 802 F:15
c2041e ldx $0073     [000073] A:1901 X:0090 Y:00ff S:01ef D:0000 DB:00 nvMXdizc V:203 H: 822 F:15
c20421 sta $0d9f,x   [000da8] A:1901 X:0009 Y:00ff S:01ef D:0000 DB:00 nvMXdizc V:203 H: 848 F:15
c20424 lda $b1       [0000b1] A:1901 X:0009 Y:00ff S:01ef D:0000 DB:00 nvMXdizc V:203 H: 880 F:15
c20426 sta $0dc7,x   [000dd0] A:1901 X:0009 Y:00ff S:01ef D:0000 DB:00 nvMXdizc V:203 H: 900 F:15
c20429 lda $0d77,x   [000d80] A:1901 X:0009 Y:00ff S:01ef D:0000 DB:00 nvMXdizc V:203 H: 932 F:15
c2042c bne $044c     [c2044c] A:1900 X:0009 Y:00ff S:01ef D:0000 DB:00 nvMXdiZc V:203 H: 958 F:15
c2042e clc                    A:1900 X:0009 Y:00ff S:01ef D:0000 DB:00 nvMXdiZc V:203 H: 970 F:15
c2042f lda $0d9f,x   [000da8] A:1900 X:0009 Y:00ff S:01ef D:0000 DB:00 nvMXdiZc V:203 H: 982 F:15
c20432 adc $0a       [00000a] A:1901 X:0009 Y:00ff S:01ef D:0000 DB:00 nvMXdizc V:203 H:1008 F:15
c20434 sta $0d       [00000d] A:19d6 X:0009 Y:00ff S:01ef D:0000 DB:00 NvMXdizc V:203 H:1028 F:15
c20436 rep #$20               A:19d6 X:0009 Y:00ff S:01ef D:0000 DB:00 NvMXdizc V:203 H:1048 F:15
c20438 lda #$0000             A:19d6 X:0009 Y:00ff S:01ef D:0000 DB:00 NvmXdizc V:203 H:1066 F:15
c2043b adc $0b       [00000b] A:0000 X:0009 Y:00ff S:01ef D:0000 DB:00 nvmXdiZc V:203 H:1084 F:15
c2043d sta $0e       [00000e] A:c68f X:0009 Y:00ff S:01ef D:0000 DB:00 NvmXdizc V:203 H:1112 F:15
c2043f sep #$20               A:c68f X:0009 Y:00ff S:01ef D:0000 DB:00 NvmXdizc V:203 H:1140 F:15
c20441 lda $0d9f,x   [000da8] A:c68f X:0009 Y:00ff S:01ef D:0000 DB:00 NvMXdizc V:203 H:1158 F:15
c20444 clc                    A:c601 X:0009 Y:00ff S:01ef D:0000 DB:00 nvMXdizc V:203 H:1184 F:15
c20445 adc $b1       [0000b1] A:c601 X:0009 Y:00ff S:01ef D:0000 DB:00 nvMXdizc V:203 H:1196 F:15
c20447 sta $0d9f,x   [000da8] A:c602 X:0009 Y:00ff S:01ef D:0000 DB:00 nvMXdizc V:203 H:1216 F:15
c2044a bra $0467     [c20467] A:c602 X:0009 Y:00ff S:01ef D:0000 DB:00 nvMXdizc V:203 H:1248 F:15
c20467 clc                    A:c602 X:0009 Y:00ff S:01ef D:0000 DB:00 nvMXdizc V:203 H:1266 F:15
c20468 lda $0d9f,x   [000da8] A:c602 X:0009 Y:00ff S:01ef D:0000 DB:00 nvMXdizc V:203 H:1278 F:15
c2046b adc $0a       [00000a] A:c602 X:0009 Y:00ff S:01ef D:0000 DB:00 nvMXdizc V:203 H:1304 F:15
c2046d sta $0a       [00000a] A:c6d7 X:0009 Y:00ff S:01ef D:0000 DB:00 NvMXdizc V:203 H:1324 F:15
c2046f rep #$20               A:c6d7 X:0009 Y:00ff S:01ef D:0000 DB:00 NvMXdizc V:203 H:1344 F:15
c20471 lda #$0000             A:c6d7 X:0009 Y:00ff S:01ef D:0000 DB:00 NvmXdizc V:203 H:1362 F:15
c20474 adc $0b       [00000b] A:0000 X:0009 Y:00ff S:01ef D:0000 DB:00 nvmXdiZc V:204 H:  16 F:15
c20476 sta $0b       [00000b] A:c68f X:0009 Y:00ff S:01ef D:0000 DB:00 NvmXdizc V:204 H:  44 F:15
c20478 sep #$20               A:c68f X:0009 Y:00ff S:01ef D:0000 DB:00 NvmXdizc V:204 H:  72 F:15
c2047a plx                    A:c68f X:0009 Y:00ff S:01ef D:0000 DB:00 NvMXdizc V:204 H:  90 F:15
c2047b rts                    A:c68f X:0090 Y:00ff S:01f0 D:0000 DB:00 NvMXdizc V:204 H: 116 F:15
c203c2 jsr $0412     [c20412] A:c68f X:0090 Y:00ff S:01f2 D:0000 DB:00 NvMXdizc V:204 H: 156 F:15
c20412 ldx $0073     [000073] A:c68f X:0090 Y:00ff S:01f0 D:0000 DB:00 NvMXdizc V:204 H: 196 F:15
c20415 jsr $04ea     [c204ea] A:c68f X:0009 Y:00ff S:01f0 D:0000 DB:00 nvMXdizc V:204 H: 222 F:15
c204ea lda $0a       [00000a] A:c68f X:0009 Y:00ff S:01ee D:0000 DB:00 nvMXdizc V:204 H: 262 F:15
c204ec sta $0c87,x   [000c90] A:c6d7 X:0009 Y:00ff S:01ee D:0000 DB:00 NvMXdizc V:204 H: 282 F:15
c204ef lda $0b       [00000b] A:c6d7 X:0009 Y:00ff S:01ee D:0000 DB:00 NvMXdizc V:204 H: 314 F:15
c204f1 sta $0caf,x   [000cb8] A:c68f X:0009 Y:00ff S:01ee D:0000 DB:00 NvMXdizc V:204 H: 334 F:15
c204f4 lda $0c       [00000c] A:c68f X:0009 Y:00ff S:01ee D:0000 DB:00 NvMXdizc V:204 H: 366 F:15
c204f6 sta $0cd7,x   [000ce0] A:c6c6 X:0009 Y:00ff S:01ee D:0000 DB:00 NvMXdizc V:204 H: 386 F:15
c204f9 rts                    A:c6c6 X:0009 Y:00ff S:01ee D:0000 DB:00 NvMXdizc V:204 H: 418 F:15
c20418 ldy #$01               A:c6c6 X:0009 Y:00ff S:01f0 D:0000 DB:00 NvMXdizc V:204 H: 458 F:15
c2041a jmp [$00bd]   [0000bd] A:c6c6 X:0009 Y:0001 S:01f0 D:0000 DB:00 nvMXdizc V:204 H: 470 F:15
c219b3 lda $0373     [000373] A:c6c6 X:0009 Y:0001 S:01f0 D:0000 DB:00 nvMXdizc V:204 H: 512 F:15
c219b6 ora $0374     [000374] A:c6ff X:0009 Y:0001 S:01f0 D:0000 DB:00 NvMXdizc V:204 H: 578 F:15
c219b9 beq $19bc     [c219bc] A:c6ff X:0009 Y:0001 S:01f0 D:0000 DB:00 NvMXdizc V:204 H: 604 F:15
c219bb rts                    A:c6ff X:0009 Y:0001 S:01f0 D:0000 DB:00 NvMXdizc V:204 H: 616 F:15
c203c5 bra $040f     [c2040f] A:c6ff X:0009 Y:0001 S:01f2 D:0000 DB:00 NvMXdizc V:204 H: 656 F:15
c2040f plx                    A:c6ff X:0009 Y:0001 S:01f2 D:0000 DB:00 NvMXdizc V:204 H: 674 F:15
c20410 ply                    A:c6ff X:0009 Y:0001 S:01f3 D:0000 DB:00 nvMXdizc V:204 H: 700 F:15
c20411 rtl                    A:c6ff X:0009 Y:00ff S:01f4 D:0000 DB:00 NvMXdizc V:204 H: 726 F:15
c20234 lda $0d77,x   [000d80] A:c6ff X:0009 Y:00ff S:01f7 D:0000 DB:00 NvMXdizc V:204 H: 768 F:15
c20237 bmi $023b     [c2023b] A:c600 X:0009 Y:00ff S:01f7 D:0000 DB:00 nvMXdiZc V:204 H: 794 F:15
c20239 lda #$00               A:c600 X:0009 Y:00ff S:01f7 D:0000 DB:00 nvMXdiZc V:204 H: 806 F:15
c2023b and #$7f               A:c600 X:0009 Y:00ff S:01f7 D:0000 DB:00 nvMXdiZc V:204 H: 818 F:15
c2023d sta $0d77,x   [000d80] A:c600 X:0009 Y:00ff S:01f7 D:0000 DB:00 nvMXdiZc V:204 H: 830 F:15
c20240 bra $0222     [c20222] A:c600 X:0009 Y:00ff S:01f7 D:0000 DB:00 nvMXdiZc V:204 H: 862 F:15
c20222 lda $0380     [000380] A:c600 X:0009 Y:00ff S:01f7 D:0000 DB:00 nvMXdiZc V:204 H: 880 F:15
c20225 bit #$40               A:c600 X:0009 Y:00ff S:01f7 D:0000 DB:00 nvMXdiZc V:204 H: 906 F:15
c20227 bne $0242     [c20242] A:c600 X:0009 Y:00ff S:01f7 D:0000 DB:00 nvMXdiZc V:204 H: 918 F:15
c20229 jsr $0254     [c20254] A:c600 X:0009 Y:00ff S:01f7 D:0000 DB:00 nvMXdiZc V:204 H: 930 F:15
c20254 rep #$20               A:c600 X:0009 Y:00ff S:01f5 D:0000 DB:00 nvMXdiZc V:204 H: 970 F:15
c20256 lda $10       [000010] A:c600 X:0009 Y:00ff S:01f5 D:0000 DB:00 nvmXdiZc V:204 H: 988 F:15
c20258 cmp #$0400             A:0006 X:0009 Y:00ff S:01f5 D:0000 DB:00 nvmXdizc V:204 H:1016 F:15
c2025b bcc $025f     [c2025f] A:0006 X:0009 Y:00ff S:01f5 D:0000 DB:00 NvmXdizc V:204 H:1034 F:15
c2025f rep #$20               A:0006 X:0009 Y:00ff S:01f5 D:0000 DB:00 NvmXdizc V:204 H:1052 F:15
c20261 lda $0a       [00000a] A:0006 X:0009 Y:00ff S:01f5 D:0000 DB:00 NvmXdizc V:204 H:1070 F:15
c20263 cmp #$0000             A:8fd7 X:0009 Y:00ff S:01f5 D:0000 DB:00 NvmXdizc V:204 H:1098 F:15
c20266 sep #$20               A:8fd7 X:0009 Y:00ff S:01f5 D:0000 DB:00 NvmXdizC V:204 H:1116 F:15
c20268 lda $0c       [00000c] A:8fd7 X:0009 Y:00ff S:01f5 D:0000 DB:00 NvMXdizC V:204 H:1134 F:15
c2026a sbc #$c6               A:8fc6 X:0009 Y:00ff S:01f5 D:0000 DB:00 NvMXdizC V:204 H:1154 F:15
c2026c bcs $0270     [c20270] A:8f00 X:0009 Y:00ff S:01f5 D:0000 DB:00 nvMXdiZC V:204 H:1166 F:15
c20270 rts                    A:8f00 X:0009 Y:00ff S:01f5 D:0000 DB:00 nvMXdiZC V:204 H:1184 F:15
c2022c lda [$0a]     [c68fd7] A:8f00 X:0009 Y:00ff S:01f7 D:0000 DB:00 nvMXdiZC V:204 H:1224 F:15
c2022e beq $0242     [c20242] A:8fff X:0009 Y:00ff S:01f7 D:0000 DB:00 NvMXdizC V:204 H:1266 F:15
c20230 jsl $c2038f   [c2038f] A:8fff X:0009 Y:00ff S:01f7 D:0000 DB:00 NvMXdizC V:204 H:1278 F:15
c2038f phy                    A:8fff X:0009 Y:00ff S:01f4 D:0000 DB:00 NvMXdizC V:204 H:1332 F:15
c20390 phx                    A:8fff X:0009 Y:00ff S:01f3 D:0000 DB:00 NvMXdizC V:204 H:1352 F:15
c20391 lda #$c2               A:8fff X:0009 Y:00ff S:01f2 D:0000 DB:00 NvMXdizC V:205 H:   8 F:15
c20393 sta $bf       [0000bf] A:8fc2 X:0009 Y:00ff S:01f2 D:0000 DB:00 NvMXdizC V:205 H:  20 F:15
c20395 sta $c2       [0000c2] A:8fc2 X:0009 Y:00ff S:01f2 D:0000 DB:00 NvMXdizC V:205 H:  40 F:15
c20397 lda [$0a]     [c68fd7] A:8fc2 X:0009 Y:00ff S:01f2 D:0000 DB:00 NvMXdizC V:205 H:  60 F:15
c20399 cmp #$fe               A:8fff X:0009 Y:00ff S:01f2 D:0000 DB:00 NvMXdizC V:205 H: 102 F:15
c2039b bcs $03d1     [c203d1] A:8fff X:0009 Y:00ff S:01f2 D:0000 DB:00 nvMXdizC V:205 H: 114 F:15
c203d1 eor #$ff               A:8fff X:0009 Y:00ff S:01f2 D:0000 DB:00 nvMXdizC V:205 H: 132 F:15
c203d3 asl a                  A:8f00 X:0009 Y:00ff S:01f2 D:0000 DB:00 nvMXdiZC V:205 H: 144 F:15
c203d4 tax                    A:8f00 X:0009 Y:00ff S:01f2 D:0000 DB:00 nvMXdiZc V:205 H: 156 F:15
c203d5 rep #$20               A:8f00 X:0000 Y:00ff S:01f2 D:0000 DB:00 nvMXdiZc V:205 H: 168 F:15
c203d7 lda $c2064c,x [c2064c] A:8f00 X:0000 Y:00ff S:01f2 D:0000 DB:00 nvmXdiZc V:205 H: 186 F:15
c203db sta $c0       [0000c0] A:0650 X:0000 Y:00ff S:01f2 D:0000 DB:00 nvmXdizc V:205 H: 222 F:15
c203dd lda $c209d4,x [c209d4] A:0650 X:0000 Y:00ff S:01f2 D:0000 DB:00 nvmXdizc V:205 H: 250 F:15
c203e1 sta $bd       [0000bd] A:09d8 X:0000 Y:00ff S:01f2 D:0000 DB:00 nvmXdizc V:205 H: 286 F:15
c203e3 sep #$20               A:09d8 X:0000 Y:00ff S:01f2 D:0000 DB:00 nvmXdizc V:205 H: 314 F:15
c203e5 ldy #$01               A:09d8 X:0000 Y:00ff S:01f2 D:0000 DB:00 nvMXdizc V:205 H: 332 F:15
c203e7 lda [$0a],y   [c68fd8] A:09d8 X:0000 Y:0001 S:01f2 D:0000 DB:00 nvMXdizc V:205 H: 344 F:15
c203e9 dec                    A:098e X:0000 Y:0001 S:01f2 D:0000 DB:00 NvMXdizc V:205 H: 386 F:15
c203ea tay                    A:098d X:0000 Y:0001 S:01f2 D:0000 DB:00 NvMXdizc V:205 H: 398 F:15
c203eb lda [$bd],y   [c20a65] A:098d X:0000 Y:008d S:01f2 D:0000 DB:00 NvMXdizc V:205 H: 410 F:15
c203ed sta $b1       [0000b1] A:0905 X:0000 Y:008d S:01f2 D:0000 DB:00 nvMXdizc V:205 H: 452 F:15
c203ef tya                    A:0905 X:0000 Y:008d S:01f2 D:0000 DB:00 nvMXdizc V:205 H: 472 F:15
c203f0 rep #$30               A:098d X:0000 Y:008d S:01f2 D:0000 DB:00 NvMXdizc V:205 H: 484 F:15
c203f2 and #$00ff             A:098d X:0000 Y:008d S:01f2 D:0000 DB:00 Nvmxdizc V:205 H: 502 F:15
c203f5 sta $9f       [00009f] A:008d X:0000 Y:008d S:01f2 D:0000 DB:00 nvmxdizc V:205 H: 520 F:15
c203f7 asl a                  A:008d X:0000 Y:008d S:01f2 D:0000 DB:00 nvmxdizc V:205 H: 588 F:15
c203f8 adc $9f       [00009f] A:011a X:0000 Y:008d S:01f2 D:0000 DB:00 nvmxdizc V:205 H: 600 F:15
c203fa tay                    A:01a7 X:0000 Y:008d S:01f2 D:0000 DB:00 nvmxdizc V:205 H: 628 F:15
c203fb lda [$c0],y   [c207f7] A:01a7 X:0000 Y:01a7 S:01f2 D:0000 DB:00 nvmxdizc V:205 H: 640 F:15
c203fd sta $bd       [0000bd] A:74f1 X:0000 Y:01a7 S:01f2 D:0000 DB:00 nvmxdizc V:205 H: 688 F:15
c203ff iny                    A:74f1 X:0000 Y:01a7 S:01f2 D:0000 DB:00 nvmxdizc V:205 H: 716 F:15
c20400 lda [$c0],y   [c207f8] A:74f1 X:0000 Y:01a8 S:01f2 D:0000 DB:00 nvmxdizc V:205 H: 728 F:15
c20402 sta $be       [0000be] A:c174 X:0000 Y:01a8 S:01f2 D:0000 DB:00 Nvmxdizc V:205 H: 776 F:15
c20404 sep #$30               A:c174 X:0000 Y:01a8 S:01f2 D:0000 DB:00 Nvmxdizc V:205 H: 804 F:15
c20406 lda #$02               A:c174 X:0000 Y:00a8 S:01f2 D:0000 DB:00 NvMXdizc V:205 H: 822 F:15
c20408 jsr $041d     [c2041d] A:c102 X:0000 Y:00a8 S:01f2 D:0000 DB:00 nvMXdizc V:205 H: 834 F:15
c2041d phx                    A:c102 X:0000 Y:00a8 S:01f0 D:0000 DB:00 nvMXdizc V:205 H: 874 F:15
c2041e ldx $0073     [000073] A:c102 X:0000 Y:00a8 S:01ef D:0000 DB:00 nvMXdizc V:205 H: 894 F:15
c20421 sta $0d9f,x   [000da8] A:c102 X:0009 Y:00a8 S:01ef D:0000 DB:00 nvMXdizc V:205 H: 920 F:15
c20424 lda $b1       [0000b1] A:c102 X:0009 Y:00a8 S:01ef D:0000 DB:00 nvMXdizc V:205 H: 952 F:15
c20426 sta $0dc7,x   [000dd0] A:c105 X:0009 Y:00a8 S:01ef D:0000 DB:00 nvMXdizc V:205 H: 972 F:15
c20429 lda $0d77,x   [000d80] A:c105 X:0009 Y:00a8 S:01ef D:0000 DB:00 nvMXdizc V:205 H:1004 F:15
c2042c bne $044c     [c2044c] A:c100 X:0009 Y:00a8 S:01ef D:0000 DB:00 nvMXdiZc V:205 H:1030 F:15
c2042e clc                    A:c100 X:0009 Y:00a8 S:01ef D:0000 DB:00 nvMXdiZc V:205 H:1042 F:15
c2042f lda $0d9f,x   [000da8] A:c100 X:0009 Y:00a8 S:01ef D:0000 DB:00 nvMXdiZc V:205 H:1054 F:15
c20432 adc $0a       [00000a] A:c102 X:0009 Y:00a8 S:01ef D:0000 DB:00 nvMXdizc V:205 H:1080 F:15
c20434 sta $0d       [00000d] A:c1d9 X:0009 Y:00a8 S:01ef D:0000 DB:00 NvMXdizc V:205 H:1100 F:15
c20436 rep #$20               A:c1d9 X:0009 Y:00a8 S:01ef D:0000 DB:00 NvMXdizc V:205 H:1120 F:15
c20438 lda #$0000             A:c1d9 X:0009 Y:00a8 S:01ef D:0000 DB:00 NvmXdizc V:205 H:1138 F:15
c2043b adc $0b       [00000b] A:0000 X:0009 Y:00a8 S:01ef D:0000 DB:00 nvmXdiZc V:205 H:1156 F:15
c2043d sta $0e       [00000e] A:c68f X:0009 Y:00a8 S:01ef D:0000 DB:00 NvmXdizc V:205 H:1184 F:15
c2043f sep #$20               A:c68f X:0009 Y:00a8 S:01ef D:0000 DB:00 NvmXdizc V:205 H:1212 F:15
c20441 lda $0d9f,x   [000da8] A:c68f X:0009 Y:00a8 S:01ef D:0000 DB:00 NvMXdizc V:205 H:1230 F:15
c20444 clc                    A:c602 X:0009 Y:00a8 S:01ef D:0000 DB:00 nvMXdizc V:205 H:1256 F:15
c20445 adc $b1       [0000b1] A:c602 X:0009 Y:00a8 S:01ef D:0000 DB:00 nvMXdizc V:205 H:1268 F:15
c20447 sta $0d9f,x   [000da8] A:c607 X:0009 Y:00a8 S:01ef D:0000 DB:00 nvMXdizc V:205 H:1288 F:15
c2044a bra $0467     [c20467] A:c607 X:0009 Y:00a8 S:01ef D:0000 DB:00 nvMXdizc V:205 H:1320 F:15
c20467 clc                    A:c607 X:0009 Y:00a8 S:01ef D:0000 DB:00 nvMXdizc V:205 H:1338 F:15
c20468 lda $0d9f,x   [000da8] A:c607 X:0009 Y:00a8 S:01ef D:0000 DB:00 nvMXdizc V:205 H:1350 F:15
c2046b adc $0a       [00000a] A:c607 X:0009 Y:00a8 S:01ef D:0000 DB:00 nvMXdizc V:206 H:  12 F:15
c2046d sta $0a       [00000a] A:c6de X:0009 Y:00a8 S:01ef D:0000 DB:00 NvMXdizc V:206 H:  32 F:15
c2046f rep #$20               A:c6de X:0009 Y:00a8 S:01ef D:0000 DB:00 NvMXdizc V:206 H:  52 F:15
c20471 lda #$0000             A:c6de X:0009 Y:00a8 S:01ef D:0000 DB:00 NvmXdizc V:206 H:  70 F:15
c20474 adc $0b       [00000b] A:0000 X:0009 Y:00a8 S:01ef D:0000 DB:00 nvmXdiZc V:206 H:  88 F:15
c20476 sta $0b       [00000b] A:c68f X:0009 Y:00a8 S:01ef D:0000 DB:00 NvmXdizc V:206 H: 116 F:15
c20478 sep #$20               A:c68f X:0009 Y:00a8 S:01ef D:0000 DB:00 NvmXdizc V:206 H: 144 F:15
c2047a plx                    A:c68f X:0009 Y:00a8 S:01ef D:0000 DB:00 NvMXdizc V:206 H: 162 F:15
c2047b rts                    A:c68f X:0000 Y:00a8 S:01f0 D:0000 DB:00 nvMXdiZc V:206 H: 188 F:15
c2040b jsl $c20412   [c20412] A:c68f X:0000 Y:00a8 S:01f2 D:0000 DB:00 nvMXdiZc V:206 H: 228 F:15
c20412 ldx $0073     [000073] A:c68f X:0000 Y:00a8 S:01ef D:0000 DB:00 nvMXdiZc V:206 H: 282 F:15
c20415 jsr $04ea     [c204ea] A:c68f X:0009 Y:00a8 S:01ef D:0000 DB:00 nvMXdizc V:206 H: 308 F:15
c204ea lda $0a       [00000a] A:c68f X:0009 Y:00a8 S:01ed D:0000 DB:00 nvMXdizc V:206 H: 348 F:15
c204ec sta $0c87,x   [000c90] A:c6de X:0009 Y:00a8 S:01ed D:0000 DB:00 NvMXdizc V:206 H: 368 F:15
c204ef lda $0b       [00000b] A:c6de X:0009 Y:00a8 S:01ed D:0000 DB:00 NvMXdizc V:206 H: 400 F:15
c204f1 sta $0caf,x   [000cb8] A:c68f X:0009 Y:00a8 S:01ed D:0000 DB:00 NvMXdizc V:206 H: 420 F:15
c204f4 lda $0c       [00000c] A:c68f X:0009 Y:00a8 S:01ed D:0000 DB:00 NvMXdizc V:206 H: 452 F:15
c204f6 sta $0cd7,x   [000ce0] A:c6c6 X:0009 Y:00a8 S:01ed D:0000 DB:00 NvMXdizc V:206 H: 472 F:15
c204f9 rts                    A:c6c6 X:0009 Y:00a8 S:01ed D:0000 DB:00 NvMXdizc V:206 H: 504 F:15
c20418 ldy #$01               A:c6c6 X:0009 Y:00a8 S:01ef D:0000 DB:00 NvMXdizc V:206 H: 584 F:15
c2041a jmp [$00bd]   [0000bd] A:c6c6 X:0009 Y:0001 S:01ef D:0000 DB:00 nvMXdizc V:206 H: 596 F:15
c174f1 jsr $7511     [c17511] A:c6c6 X:0009 Y:0001 S:01ef D:0000 DB:00 nvMXdizc V:206 H: 638 F:15
c17511 lda [$0d],y   [c68fda] A:c6c6 X:0009 Y:0001 S:01ed D:0000 DB:00 nvMXdizc V:206 H: 678 F:15
c17513 sta $0340     [000340] A:c606 X:0009 Y:0001 S:01ed D:0000 DB:00 nvMXdizc V:206 H: 720 F:15
c17516 iny                    A:c606 X:0009 Y:0001 S:01ed D:0000 DB:00 nvMXdizc V:206 H: 746 F:15
c17517 lda [$0d],y   [c68fdb] A:c606 X:0009 Y:0002 S:01ed D:0000 DB:00 nvMXdizc V:206 H: 758 F:15
c17519 jsl $c007b8   [c007b8] A:c601 X:0009 Y:0002 S:01ed D:0000 DB:00 nvMXdizc V:206 H: 800 F:15
c007b8 phx                    A:c601 X:0009 Y:0002 S:01ea D:0000 DB:00 nvMXdizc V:206 H: 854 F:15
c007b9 sta $036e     [00036e] A:c601 X:0009 Y:0002 S:01e9 D:0000 DB:00 nvMXdizc V:206 H: 874 F:15
c007bc sta $9f       [00009f] A:c601 X:0009 Y:0002 S:01e9 D:0000 DB:00 nvMXdizc V:206 H: 900 F:15
c007be lda $0371     [000371] A:c601 X:0009 Y:0002 S:01e9 D:0000 DB:00 nvMXdizc V:206 H: 920 F:15
c007c1 asl a                  A:c600 X:0009 Y:0002 S:01e9 D:0000 DB:00 nvMXdiZc V:206 H: 946 F:15
c007c2 asl a                  A:c600 X:0009 Y:0002 S:01e9 D:0000 DB:00 nvMXdiZc V:206 H: 958 F:15
c007c3 clc                    A:c600 X:0009 Y:0002 S:01e9 D:0000 DB:00 nvMXdiZc V:206 H: 970 F:15
c007c4 adc $9f       [00009f] A:c600 X:0009 Y:0002 S:01e9 D:0000 DB:00 nvMXdiZc V:206 H: 982 F:15
c007c6 dec                    A:c601 X:0009 Y:0002 S:01e9 D:0000 DB:00 nvMXdizc V:206 H:1002 F:15
c007c7 asl a                  A:c600 X:0009 Y:0002 S:01e9 D:0000 DB:00 nvMXdiZc V:206 H:1014 F:15
c007c8 tax                    A:c600 X:0009 Y:0002 S:01e9 D:0000 DB:00 nvMXdiZc V:206 H:1026 F:15
c007c9 rep #$20               A:c600 X:0000 Y:0002 S:01e9 D:0000 DB:00 nvMXdiZc V:206 H:1038 F:15
c007cb lda $808035,x [808035] A:c600 X:0000 Y:0002 S:01e9 D:0000 DB:00 nvmXdiZc V:206 H:1056 F:15
c007cf sta $036f     [00036f] A:3000 X:0000 Y:0002 S:01e9 D:0000 DB:00 nvmXdizc V:206 H:1092 F:15
c007d2 sep #$20               A:3000 X:0000 Y:0002 S:01e9 D:0000 DB:00 nvmXdizc V:206 H:1126 F:15
c007d4 jsl $c007da   [c007da] A:3000 X:0000 Y:0002 S:01e9 D:0000 DB:00 nvMXdizc V:206 H:1144 F:15
c007da phx                    A:3000 X:0000 Y:0002 S:01e6 D:0000 DB:00 nvMXdizc V:206 H:1198 F:15
c007db lda $036e     [00036e] A:3000 X:0000 Y:0002 S:01e5 D:0000 DB:00 nvMXdizc V:206 H:1218 F:15
c007de asl a                  A:3001 X:0000 Y:0002 S:01e5 D:0000 DB:00 nvMXdizc V:206 H:1244 F:15
c007df tax                    A:3002 X:0000 Y:0002 S:01e5 D:0000 DB:00 nvMXdizc V:206 H:1256 F:15
c007e0 lda $0318,x   [00031a] A:3002 X:0002 Y:0002 S:01e5 D:0000 DB:00 nvMXdizc V:206 H:1268 F:15
c007e3 lsr a                  A:3000 X:0002 Y:0002 S:01e5 D:0000 DB:00 nvMXdiZc V:206 H:1294 F:15
c007e4 lda $0317,x   [000319] A:3000 X:0002 Y:0002 S:01e5 D:0000 DB:00 nvMXdiZc V:206 H:1306 F:15
c007e7 ror a                  A:3000 X:0002 Y:0002 S:01e5 D:0000 DB:00 nvMXdiZc V:206 H:1332 F:15
c007e8 lsr a                  A:3000 X:0002 Y:0002 S:01e5 D:0000 DB:00 nvMXdiZc V:206 H:1344 F:15
c007e9 lsr a                  A:3000 X:0002 Y:0002 S:01e5 D:0000 DB:00 nvMXdiZc V:206 H:1356 F:15
c007ea sta $036c     [00036c] A:3000 X:0002 Y:0002 S:01e5 D:0000 DB:00 nvMXdiZc V:207 H:   4 F:15
c007ed lda $031d,x   [00031f] A:3000 X:0002 Y:0002 S:01e5 D:0000 DB:00 nvMXdiZc V:207 H:  30 F:15
c007f0 inc                    A:3000 X:0002 Y:0002 S:01e5 D:0000 DB:00 nvMXdiZc V:207 H:  56 F:15
c007f1 lsr a                  A:3001 X:0002 Y:0002 S:01e5 D:0000 DB:00 nvMXdizc V:207 H:  68 F:15
c007f2 lsr a                  A:3000 X:0002 Y:0002 S:01e5 D:0000 DB:00 nvMXdiZC V:207 H:  80 F:15
c007f3 lsr a                  A:3000 X:0002 Y:0002 S:01e5 D:0000 DB:00 nvMXdiZc V:207 H:  92 F:15
c007f4 sta $036d     [00036d] A:3000 X:0002 Y:0002 S:01e5 D:0000 DB:00 nvMXdiZc V:207 H: 104 F:15
c007f7 plx                    A:3000 X:0002 Y:0002 S:01e5 D:0000 DB:00 nvMXdiZc V:207 H: 130 F:15
c007f8 rtl                    A:3000 X:0000 Y:0002 S:01e6 D:0000 DB:00 nvMXdiZc V:207 H: 156 F:15
c007d8 plx                    A:3000 X:0000 Y:0002 S:01e9 D:0000 DB:00 nvMXdiZc V:207 H: 198 F:15
c007d9 rtl                    A:3000 X:0009 Y:0002 S:01ea D:0000 DB:00 nvMXdizc V:207 H: 224 F:15
c1751d iny                    A:3000 X:0009 Y:0002 S:01ed D:0000 DB:00 nvMXdizc V:207 H: 266 F:15
c1751e lda [$0d],y   [c68fdc] A:3000 X:0009 Y:0003 S:01ed D:0000 DB:00 nvMXdizc V:207 H: 278 F:15
c17520 sta $1d28     [001d28] A:3016 X:0009 Y:0003 S:01ed D:0000 DB:00 nvMXdizc V:207 H: 320 F:15
c17523 iny                    A:3016 X:0009 Y:0003 S:01ed D:0000 DB:00 nvMXdizc V:207 H: 346 F:15
c17524 lda [$0d],y   [c68fdd] A:3016 X:0009 Y:0004 S:01ed D:0000 DB:00 nvMXdizc V:207 H: 358 F:15
c17526 sta $1d2a     [001d2a] A:3012 X:0009 Y:0004 S:01ed D:0000 DB:00 nvMXdizc V:207 H: 400 F:15
c17529 lda [$0d]     [c68fd9] A:3012 X:0009 Y:0004 S:01ed D:0000 DB:00 nvMXdizc V:207 H: 426 F:15
c1752b rts                    A:3083 X:0009 Y:0004 S:01ed D:0000 DB:00 NvMXdizc V:207 H: 468 F:15
c174f4 jsl $c00009   [c00009] A:3083 X:0009 Y:0004 S:01ef D:0000 DB:00 NvMXdizc V:207 H: 508 F:15
c00009 sta $9f       [00009f] A:3083 X:0009 Y:0004 S:01ec D:0000 DB:00 NvMXdizc V:207 H: 602 F:15
c0000b lda #$02               A:3083 X:0009 Y:0004 S:01ec D:0000 DB:00 NvMXdizc V:207 H: 622 F:15
c0000d sta $0341     [000341] A:3002 X:0009 Y:0004 S:01ec D:0000 DB:00 nvMXdizc V:207 H: 634 F:15
c00010 bra $0020     [c00020] A:3002 X:0009 Y:0004 S:01ec D:0000 DB:00 nvMXdizc V:207 H: 660 F:15
c00020 phy                    A:3002 X:0009 Y:0004 S:01ec D:0000 DB:00 nvMXdizc V:207 H: 678 F:15
c00021 phx                    A:3002 X:0009 Y:0004 S:01eb D:0000 DB:00 nvMXdizc V:207 H: 698 F:15
c00022 lda $9f       [00009f] A:3002 X:0009 Y:0004 S:01ea D:0000 DB:00 nvMXdizc V:207 H: 718 F:15
c00024 dec                    A:3083 X:0009 Y:0004 S:01ea D:0000 DB:00 NvMXdizc V:207 H: 738 F:15
c00025 cmp #$ff               A:3082 X:0009 Y:0004 S:01ea D:0000 DB:00 NvMXdizc V:207 H: 750 F:15
c00027 bne $002c     [c0002c] A:3082 X:0009 Y:0004 S:01ea D:0000 DB:00 NvMXdizc V:207 H: 762 F:15
c0002c pha                    A:3082 X:0009 Y:0004 S:01ea D:0000 DB:00 NvMXdizc V:207 H: 780 F:15
c0002d lda $0340     [000340] A:3082 X:0009 Y:0004 S:01e9 D:0000 DB:00 NvMXdizc V:207 H: 800 F:15
c00030 asl a                  A:3006 X:0009 Y:0004 S:01e9 D:0000 DB:00 nvMXdizc V:207 H: 826 F:15
c00031 adc $0340     [000340] A:300c X:0009 Y:0004 S:01e9 D:0000 DB:00 nvMXdizc V:207 H: 838 F:15
c00034 tax                    A:3012 X:0009 Y:0004 S:01e9 D:0000 DB:00 nvMXdizc V:207 H: 864 F:15
c00035 rep #$20               A:3012 X:0012 Y:0004 S:01e9 D:0000 DB:00 nvMXdizc V:207 H: 876 F:15
