c00037 lda $808000,x [808012] A:3012 X:0012 Y:0004 S:01e9 D:0000 DB:00 nvmXdizc V: 76 H: 280 F:15
c0003b sta $a5       [0000a5] A:a000 X:0012 Y:0004 S:01e9 D:0000 DB:00 NvmXdizc V: 76 H: 316 F:15
c0003d sep #$20               A:a000 X:0012 Y:0004 S:01e9 D:0000 DB:00 NvmXdizc V: 76 H: 344 F:15
c0003f lda $808002,x [808014] A:a000 X:0012 Y:0004 S:01e9 D:0000 DB:00 NvMXdizc V: 76 H: 362 F:15
c00043 sta $a7       [0000a7] A:a0d1 X:0012 Y:0004 S:01e9 D:0000 DB:00 NvMXdizc V: 76 H: 392 F:15
c00045 pla                    A:a0d1 X:0012 Y:0004 S:01e9 D:0000 DB:00 NvMXdizc V: 76 H: 412 F:15
c00046 rep #$30               A:a07a X:0012 Y:0004 S:01ea D:0000 DB:00 nvMXdizc V: 76 H: 438 F:15
c00048 and #$00ff             A:a07a X:0012 Y:0004 S:01ea D:0000 DB:00 nvmxdizc V: 76 H: 456 F:15
c0004b asl a                  A:007a X:0012 Y:0004 S:01ea D:0000 DB:00 nvmxdizc V: 76 H: 474 F:15
c0004c tay                    A:00f4 X:0012 Y:0004 S:01ea D:0000 DB:00 nvmxdizc V: 76 H: 486 F:15
c0004d lda [$a5],y   [d1a0f4] A:00f4 X:0012 Y:00f4 S:01ea D:0000 DB:00 nvmxdizc V: 76 H: 498 F:15
c0004f sta $a5       [0000a5] A:b14d X:0012 Y:00f4 S:01ea D:0000 DB:00 Nvmxdizc V: 76 H: 586 F:15
c00051 sep #$30               A:b14d X:0012 Y:00f4 S:01ea D:0000 DB:00 Nvmxdizc V: 76 H: 614 F:15
c00053 stz $0343     [000343] A:b14d X:0012 Y:00f4 S:01ea D:0000 DB:00 NvMXdizc V: 76 H: 632 F:15
c00056 lda $1d28     [001d28] A:b14d X:0012 Y:00f4 S:01ea D:0000 DB:00 NvMXdizc V: 76 H: 658 F:15
c00059 sta $0344     [000344] A:b116 X:0012 Y:00f4 S:01ea D:0000 DB:00 nvMXdizc V: 76 H: 684 F:15
c0005c lda $1d2a     [001d2a] A:b116 X:0012 Y:00f4 S:01ea D:0000 DB:00 nvMXdizc V: 76 H: 710 F:15
c0005f sta $0345     [000345] A:b10c X:0012 Y:00f4 S:01ea D:0000 DB:00 nvMXdizc V: 76 H: 736 F:15
c00062 ldy #$00               A:b10c X:0012 Y:00f4 S:01ea D:0000 DB:00 nvMXdizc V: 76 H: 762 F:15
c00064 lda [$a5],y   [d1b14d] A:b10c X:0012 Y:0000 S:01ea D:0000 DB:00 nvMXdiZc V: 76 H: 774 F:15
c00066 sta $1d34     [001d34] A:b108 X:0012 Y:0000 S:01ea D:0000 DB:00 nvMXdizc V: 76 H: 816 F:15
c00069 bne $006e     [c0006e] A:b108 X:0012 Y:0000 S:01ea D:0000 DB:00 nvMXdizc V: 76 H: 842 F:15
c0006e iny                    A:b108 X:0012 Y:0000 S:01ea D:0000 DB:00 nvMXdizc V: 76 H: 860 F:15
c0006f lda [$a5],y   [d1b14e] A:b108 X:0012 Y:0001 S:01ea D:0000 DB:00 nvMXdizc V: 76 H: 872 F:15
c00071 sta $1d35     [001d35] A:b102 X:0012 Y:0001 S:01ea D:0000 DB:00 nvMXdizc V: 76 H: 914 F:15
c00074 iny                    A:b102 X:0012 Y:0001 S:01ea D:0000 DB:00 nvMXdizc V: 76 H: 940 F:15
c00075 lda $0341     [000341] A:b102 X:0012 Y:0002 S:01ea D:0000 DB:00 nvMXdizc V: 76 H: 952 F:15
c00078 bit #$02               A:b102 X:0012 Y:0002 S:01ea D:0000 DB:00 nvMXdizc V: 76 H: 978 F:15
c0007a bne $009e     [c0009e] A:b102 X:0012 Y:0002 S:01ea D:0000 DB:00 nvMXdizc V: 76 H: 990 F:15
c0009e lda $0344     [000344] A:b102 X:0012 Y:0002 S:01ea D:0000 DB:00 nvMXdizc V: 76 H:1008 F:15
c000a1 sta $1d28     [001d28] A:b116 X:0012 Y:0002 S:01ea D:0000 DB:00 nvMXdizc V: 76 H:1034 F:15
c000a4 lda $0345     [000345] A:b116 X:0012 Y:0002 S:01ea D:0000 DB:00 nvMXdizc V: 76 H:1060 F:15
c000a7 sta $1d2a     [001d2a] A:b10c X:0012 Y:0002 S:01ea D:0000 DB:00 nvMXdizc V: 76 H:1086 F:15
c000aa iny                    A:b10c X:0012 Y:0002 S:01ea D:0000 DB:00 nvMXdizc V: 76 H:1112 F:15
c000ab iny                    A:b10c X:0012 Y:0003 S:01ea D:0000 DB:00 nvMXdizc V: 76 H:1124 F:15
c000ac lda $0343     [000343] A:b10c X:0012 Y:0004 S:01ea D:0000 DB:00 nvMXdizc V: 76 H:1136 F:15
c000af beq $00c8     [c000c8] A:b100 X:0012 Y:0004 S:01ea D:0000 DB:00 nvMXdiZc V: 76 H:1162 F:15
c000c8 lda [$a5],y   [d1b151] A:b100 X:0012 Y:0004 S:01ea D:0000 DB:00 nvMXdiZc V: 76 H:1180 F:15
c000ca sta $0342     [000342] A:b100 X:0012 Y:0004 S:01ea D:0000 DB:00 nvMXdiZc V: 76 H:1222 F:15
c000cd iny                    A:b100 X:0012 Y:0004 S:01ea D:0000 DB:00 nvMXdiZc V: 76 H:1248 F:15
c000ce lda $0341     [000341] A:b100 X:0012 Y:0005 S:01ea D:0000 DB:00 nvMXdizc V: 76 H:1260 F:15
c000d1 bit #$01               A:b102 X:0012 Y:0005 S:01ea D:0000 DB:00 nvMXdizc V: 76 H:1286 F:15
c000d3 beq $00de     [c000de] A:b102 X:0012 Y:0005 S:01ea D:0000 DB:00 nvMXdiZc V: 76 H:1298 F:15
c000de clc                    A:b102 X:0012 Y:0005 S:01ea D:0000 DB:00 nvMXdiZc V: 76 H:1316 F:15
c000df tya                    A:b102 X:0012 Y:0005 S:01ea D:0000 DB:00 nvMXdiZc V: 76 H:1328 F:15
c000e0 adc $a5       [0000a5] A:b105 X:0012 Y:0005 S:01ea D:0000 DB:00 nvMXdizc V: 76 H:1340 F:15
c000e2 sta $a5       [0000a5] A:b152 X:0012 Y:0005 S:01ea D:0000 DB:00 nvMXdizc V: 76 H:1360 F:15
c000e4 lda #$00               A:b152 X:0012 Y:0005 S:01ea D:0000 DB:00 nvMXdizc V: 77 H:  16 F:15
c000e6 adc $a6       [0000a6] A:b100 X:0012 Y:0005 S:01ea D:0000 DB:00 nvMXdiZc V: 77 H:  28 F:15
c000e8 sta $a6       [0000a6] A:b1b1 X:0012 Y:0005 S:01ea D:0000 DB:00 NvMXdizc V: 77 H:  48 F:15
c000ea jsl $c01cb0   [c01cb0] A:b1b1 X:0012 Y:0005 S:01ea D:0000 DB:00 NvMXdizc V: 77 H:  68 F:15
c01cb0 phx                    A:b1b1 X:0012 Y:0005 S:01e7 D:0000 DB:00 NvMXdizc V: 77 H: 122 F:15
c01cb1 rep #$20               A:b1b1 X:0012 Y:0005 S:01e6 D:0000 DB:00 NvMXdizc V: 77 H: 142 F:15
c01cb3 lda $a5       [0000a5] A:b1b1 X:0012 Y:0005 S:01e6 D:0000 DB:00 NvmXdizc V: 77 H: 160 F:15
c01cb5 sta $60       [000060] A:b152 X:0012 Y:0005 S:01e6 D:0000 DB:00 NvmXdizc V: 77 H: 188 F:15
c01cb7 sep #$20               A:b152 X:0012 Y:0005 S:01e6 D:0000 DB:00 NvmXdizc V: 77 H: 216 F:15
c01cb9 lda $a7       [0000a7] A:b152 X:0012 Y:0005 S:01e6 D:0000 DB:00 NvMXdizc V: 77 H: 234 F:15
c01cbb sta $62       [000062] A:b1d1 X:0012 Y:0005 S:01e6 D:0000 DB:00 NvMXdizc V: 77 H: 254 F:15
c01cbd ldx #$00               A:b1d1 X:0012 Y:0005 S:01e6 D:0000 DB:00 NvMXdizc V: 77 H: 274 F:15
c01cbf stz $0200,x   [000200] A:b1d1 X:0000 Y:0005 S:01e6 D:0000 DB:00 nvMXdiZc V: 77 H: 286 F:15
c01cc2 inx                    A:b1d1 X:0000 Y:0005 S:01e6 D:0000 DB:00 nvMXdiZc V: 77 H: 318 F:15
c01cc3 bne $1cbf     [c01cbf] A:b1d1 X:0001 Y:0005 S:01e6 D:0000 DB:00 nvMXdizc V: 77 H: 330 F:15
c01cbf stz $0200,x   [000201] A:b1d1 X:0001 Y:0005 S:01e6 D:0000 DB:00 nvMXdizc V: 77 H: 348 F:15
c01cc2 inx                    A:b1d1 X:0001 Y:0005 S:01e6 D:0000 DB:00 nvMXdizc V: 77 H: 380 F:15
c01cc3 bne $1cbf     [c01cbf] A:b1d1 X:0002 Y:0005 S:01e6 D:0000 DB:00 nvMXdizc V: 77 H: 392 F:15
c01cbf stz $0200,x   [000202] A:b1d1 X:0002 Y:0005 S:01e6 D:0000 DB:00 nvMXdizc V: 77 H: 410 F:15
c01cc2 inx                    A:b1d1 X:0002 Y:0005 S:01e6 D:0000 DB:00 nvMXdizc V: 77 H: 442 F:15
c01cc3 bne $1cbf     [c01cbf] A:b1d1 X:0003 Y:0005 S:01e6 D:0000 DB:00 nvMXdizc V: 77 H: 454 F:15
c01cbf stz $0200,x   [000203] A:b1d1 X:0003 Y:0005 S:01e6 D:0000 DB:00 nvMXdizc V: 77 H: 472 F:15
c01cc2 inx                    A:b1d1 X:0003 Y:0005 S:01e6 D:0000 DB:00 nvMXdizc V: 77 H: 504 F:15
c01cc3 bne $1cbf     [c01cbf] A:b1d1 X:0004 Y:0005 S:01e6 D:0000 DB:00 nvMXdizc V: 77 H: 516 F:15
c01cbf stz $0200,x   [000204] A:b1d1 X:0004 Y:0005 S:01e6 D:0000 DB:00 nvMXdizc V: 77 H: 534 F:15
c01cc2 inx                    A:b1d1 X:0004 Y:0005 S:01e6 D:0000 DB:00 nvMXdizc V: 77 H: 606 F:15
c01cc3 bne $1cbf     [c01cbf] A:b1d1 X:0005 Y:0005 S:01e6 D:0000 DB:00 nvMXdizc V: 77 H: 618 F:15
c01cbf stz $0200,x   [000205] A:b1d1 X:0005 Y:0005 S:01e6 D:0000 DB:00 nvMXdizc V: 77 H: 636 F:15
c01cc2 inx                    A:b1d1 X:0005 Y:0005 S:01e6 D:0000 DB:00 nvMXdizc V: 77 H: 668 F:15
c01cc3 bne $1cbf     [c01cbf] A:b1d1 X:0006 Y:0005 S:01e6 D:0000 DB:00 nvMXdizc V: 77 H: 680 F:15
c01cbf stz $0200,x   [000206] A:b1d1 X:0006 Y:0005 S:01e6 D:0000 DB:00 nvMXdizc V: 77 H: 698 F:15
c01cc2 inx                    A:b1d1 X:0006 Y:0005 S:01e6 D:0000 DB:00 nvMXdizc V: 77 H: 730 F:15
c01cc3 bne $1cbf     [c01cbf] A:b1d1 X:0007 Y:0005 S:01e6 D:0000 DB:00 nvMXdizc V: 77 H: 742 F:15
c01cbf stz $0200,x   [000207] A:b1d1 X:0007 Y:0005 S:01e6 D:0000 DB:00 nvMXdizc V: 77 H: 760 F:15
c01cc2 inx                    A:b1d1 X:0007 Y:0005 S:01e6 D:0000 DB:00 nvMXdizc V: 77 H: 792 F:15
c01cc3 bne $1cbf     [c01cbf] A:b1d1 X:0008 Y:0005 S:01e6 D:0000 DB:00 nvMXdizc V: 77 H: 804 F:15
c01cbf stz $0200,x   [000208] A:b1d1 X:0008 Y:0005 S:01e6 D:0000 DB:00 nvMXdizc V: 77 H: 822 F:15
c01cc2 inx                    A:b1d1 X:0008 Y:0005 S:01e6 D:0000 DB:00 nvMXdizc V: 77 H: 854 F:15
c01cc3 bne $1cbf     [c01cbf] A:b1d1 X:0009 Y:0005 S:01e6 D:0000 DB:00 nvMXdizc V: 77 H: 866 F:15
c01cbf stz $0200,x   [000209] A:b1d1 X:0009 Y:0005 S:01e6 D:0000 DB:00 nvMXdizc V: 77 H: 884 F:15
c01cc2 inx                    A:b1d1 X:0009 Y:0005 S:01e6 D:0000 DB:00 nvMXdizc V: 77 H: 916 F:15
c01cc3 bne $1cbf     [c01cbf] A:b1d1 X:000a Y:0005 S:01e6 D:0000 DB:00 nvMXdizc V: 77 H: 928 F:15
c01cbf stz $0200,x   [00020a] A:b1d1 X:000a Y:0005 S:01e6 D:0000 DB:00 nvMXdizc V: 77 H: 946 F:15
c01cc2 inx                    A:b1d1 X:000a Y:0005 S:01e6 D:0000 DB:00 nvMXdizc V: 77 H: 978 F:15
c01cc3 bne $1cbf     [c01cbf] A:b1d1 X:000b Y:0005 S:01e6 D:0000 DB:00 nvMXdizc V: 77 H: 990 F:15
c01cbf stz $0200,x   [00020b] A:b1d1 X:000b Y:0005 S:01e6 D:0000 DB:00 nvMXdizc V: 77 H:1008 F:15
c01cc2 inx                    A:b1d1 X:000b Y:0005 S:01e6 D:0000 DB:00 nvMXdizc V: 77 H:1040 F:15
c01cc3 bne $1cbf     [c01cbf] A:b1d1 X:000c Y:0005 S:01e6 D:0000 DB:00 nvMXdizc V: 77 H:1052 F:15
c01cbf stz $0200,x   [00020c] A:b1d1 X:000c Y:0005 S:01e6 D:0000 DB:00 nvMXdizc V: 77 H:1070 F:15
c01cc2 inx                    A:b1d1 X:000c Y:0005 S:01e6 D:0000 DB:00 nvMXdizc V: 77 H:1102 F:15
c01cc3 bne $1cbf     [c01cbf] A:b1d1 X:000d Y:0005 S:01e6 D:0000 DB:00 nvMXdizc V: 77 H:1114 F:15
c01cbf stz $0200,x   [00020d] A:b1d1 X:000d Y:0005 S:01e6 D:0000 DB:00 nvMXdizc V: 77 H:1132 F:15
c01cc2 inx                    A:b1d1 X:000d Y:0005 S:01e6 D:0000 DB:00 nvMXdizc V: 77 H:1164 F:15
c01cc3 bne $1cbf     [c01cbf] A:b1d1 X:000e Y:0005 S:01e6 D:0000 DB:00 nvMXdizc V: 77 H:1176 F:15
c01cbf stz $0200,x   [00020e] A:b1d1 X:000e Y:0005 S:01e6 D:0000 DB:00 nvMXdizc V: 77 H:1194 F:15
c01cc2 inx                    A:b1d1 X:000e Y:0005 S:01e6 D:0000 DB:00 nvMXdizc V: 77 H:1226 F:15
c01cc3 bne $1cbf     [c01cbf] A:b1d1 X:000f Y:0005 S:01e6 D:0000 DB:00 nvMXdizc V: 77 H:1238 F:15
c01cbf stz $0200,x   [00020f] A:b1d1 X:000f Y:0005 S:01e6 D:0000 DB:00 nvMXdizc V: 77 H:1256 F:15
c01cc2 inx                    A:b1d1 X:000f Y:0005 S:01e6 D:0000 DB:00 nvMXdizc V: 77 H:1288 F:15
c01cc3 bne $1cbf     [c01cbf] A:b1d1 X:0010 Y:0005 S:01e6 D:0000 DB:00 nvMXdizc V: 77 H:1300 F:15
c01cbf stz $0200,x   [000210] A:b1d1 X:0010 Y:0005 S:01e6 D:0000 DB:00 nvMXdizc V: 77 H:1318 F:15
c01cc2 inx                    A:b1d1 X:0010 Y:0005 S:01e6 D:0000 DB:00 nvMXdizc V: 77 H:1350 F:15
c01cc3 bne $1cbf     [c01cbf] A:b1d1 X:0011 Y:0005 S:01e6 D:0000 DB:00 nvMXdizc V: 77 H:1362 F:15
c01cbf stz $0200,x   [000211] A:b1d1 X:0011 Y:0005 S:01e6 D:0000 DB:00 nvMXdizc V: 78 H:  16 F:15
c01cc2 inx                    A:b1d1 X:0011 Y:0005 S:01e6 D:0000 DB:00 nvMXdizc V: 78 H:  48 F:15
c01cc3 bne $1cbf     [c01cbf] A:b1d1 X:0012 Y:0005 S:01e6 D:0000 DB:00 nvMXdizc V: 78 H:  60 F:15
c01cbf stz $0200,x   [000212] A:b1d1 X:0012 Y:0005 S:01e6 D:0000 DB:00 nvMXdizc V: 78 H:  78 F:15
c01cc2 inx                    A:b1d1 X:0012 Y:0005 S:01e6 D:0000 DB:00 nvMXdizc V: 78 H: 110 F:15
c01cc3 bne $1cbf     [c01cbf] A:b1d1 X:0013 Y:0005 S:01e6 D:0000 DB:00 nvMXdizc V: 78 H: 122 F:15
c01cbf stz $0200,x   [000213] A:b1d1 X:0013 Y:0005 S:01e6 D:0000 DB:00 nvMXdizc V: 78 H: 140 F:15
c01cc2 inx                    A:b1d1 X:0013 Y:0005 S:01e6 D:0000 DB:00 nvMXdizc V: 78 H: 172 F:15
c01cc3 bne $1cbf     [c01cbf] A:b1d1 X:0014 Y:0005 S:01e6 D:0000 DB:00 nvMXdizc V: 78 H: 184 F:15
c01cbf stz $0200,x   [000214] A:b1d1 X:0014 Y:0005 S:01e6 D:0000 DB:00 nvMXdizc V: 78 H: 202 F:15
c01cc2 inx                    A:b1d1 X:0014 Y:0005 S:01e6 D:0000 DB:00 nvMXdizc V: 78 H: 234 F:15
c01cc3 bne $1cbf     [c01cbf] A:b1d1 X:0015 Y:0005 S:01e6 D:0000 DB:00 nvMXdizc V: 78 H: 246 F:15
c01cbf stz $0200,x   [000215] A:b1d1 X:0015 Y:0005 S:01e6 D:0000 DB:00 nvMXdizc V: 78 H: 264 F:15
c01cc2 inx                    A:b1d1 X:0015 Y:0005 S:01e6 D:0000 DB:00 nvMXdizc V: 78 H: 296 F:15
c01cc3 bne $1cbf     [c01cbf] A:b1d1 X:0016 Y:0005 S:01e6 D:0000 DB:00 nvMXdizc V: 78 H: 308 F:15
c01cbf stz $0200,x   [000216] A:b1d1 X:0016 Y:0005 S:01e6 D:0000 DB:00 nvMXdizc V: 78 H: 326 F:15
c01cc2 inx                    A:b1d1 X:0016 Y:0005 S:01e6 D:0000 DB:00 nvMXdizc V: 78 H: 358 F:15
c01cc3 bne $1cbf     [c01cbf] A:b1d1 X:0017 Y:0005 S:01e6 D:0000 DB:00 nvMXdizc V: 78 H: 370 F:15
c01cbf stz $0200,x   [000217] A:b1d1 X:0017 Y:0005 S:01e6 D:0000 DB:00 nvMXdizc V: 78 H: 388 F:15
c01cc2 inx                    A:b1d1 X:0017 Y:0005 S:01e6 D:0000 DB:00 nvMXdizc V: 78 H: 420 F:15
c01cc3 bne $1cbf     [c01cbf] A:b1d1 X:0018 Y:0005 S:01e6 D:0000 DB:00 nvMXdizc V: 78 H: 432 F:15
c01cbf stz $0200,x   [000218] A:b1d1 X:0018 Y:0005 S:01e6 D:0000 DB:00 nvMXdizc V: 78 H: 450 F:15
c01cc2 inx                    A:b1d1 X:0018 Y:0005 S:01e6 D:0000 DB:00 nvMXdizc V: 78 H: 482 F:15
c01cc3 bne $1cbf     [c01cbf] A:b1d1 X:0019 Y:0005 S:01e6 D:0000 DB:00 nvMXdizc V: 78 H: 494 F:15
c01cbf stz $0200,x   [000219] A:b1d1 X:0019 Y:0005 S:01e6 D:0000 DB:00 nvMXdizc V: 78 H: 512 F:15
c01cc2 inx                    A:b1d1 X:0019 Y:0005 S:01e6 D:0000 DB:00 nvMXdizc V: 78 H: 584 F:15
c01cc3 bne $1cbf     [c01cbf] A:b1d1 X:001a Y:0005 S:01e6 D:0000 DB:00 nvMXdizc V: 78 H: 596 F:15
c01cbf stz $0200,x   [00021a] A:b1d1 X:001a Y:0005 S:01e6 D:0000 DB:00 nvMXdizc V: 78 H: 614 F:15
c01cc2 inx                    A:b1d1 X:001a Y:0005 S:01e6 D:0000 DB:00 nvMXdizc V: 78 H: 646 F:15
c01cc3 bne $1cbf     [c01cbf] A:b1d1 X:001b Y:0005 S:01e6 D:0000 DB:00 nvMXdizc V: 78 H: 658 F:15
c01cbf stz $0200,x   [00021b] A:b1d1 X:001b Y:0005 S:01e6 D:0000 DB:00 nvMXdizc V: 78 H: 676 F:15
c01cc2 inx                    A:b1d1 X:001b Y:0005 S:01e6 D:0000 DB:00 nvMXdizc V: 78 H: 708 F:15
c01cc3 bne $1cbf     [c01cbf] A:b1d1 X:001c Y:0005 S:01e6 D:0000 DB:00 nvMXdizc V: 78 H: 720 F:15
c01cbf stz $0200,x   [00021c] A:b1d1 X:001c Y:0005 S:01e6 D:0000 DB:00 nvMXdizc V: 78 H: 738 F:15
c01cc2 inx                    A:b1d1 X:001c Y:0005 S:01e6 D:0000 DB:00 nvMXdizc V: 78 H: 770 F:15
c01cc3 bne $1cbf     [c01cbf] A:b1d1 X:001d Y:0005 S:01e6 D:0000 DB:00 nvMXdizc V: 78 H: 782 F:15
c01cbf stz $0200,x   [00021d] A:b1d1 X:001d Y:0005 S:01e6 D:0000 DB:00 nvMXdizc V: 78 H: 800 F:15
c01cc2 inx                    A:b1d1 X:001d Y:0005 S:01e6 D:0000 DB:00 nvMXdizc V: 78 H: 832 F:15
c01cc3 bne $1cbf     [c01cbf] A:b1d1 X:001e Y:0005 S:01e6 D:0000 DB:00 nvMXdizc V: 78 H: 844 F:15
c01cbf stz $0200,x   [00021e] A:b1d1 X:001e Y:0005 S:01e6 D:0000 DB:00 nvMXdizc V: 78 H: 862 F:15
c01cc2 inx                    A:b1d1 X:001e Y:0005 S:01e6 D:0000 DB:00 nvMXdizc V: 78 H: 894 F:15
c01cc3 bne $1cbf     [c01cbf] A:b1d1 X:001f Y:0005 S:01e6 D:0000 DB:00 nvMXdizc V: 78 H: 906 F:15
c01cbf stz $0200,x   [00021f] A:b1d1 X:001f Y:0005 S:01e6 D:0000 DB:00 nvMXdizc V: 78 H: 924 F:15
c01cc2 inx                    A:b1d1 X:001f Y:0005 S:01e6 D:0000 DB:00 nvMXdizc V: 78 H: 956 F:15
c01cc3 bne $1cbf     [c01cbf] A:b1d1 X:0020 Y:0005 S:01e6 D:0000 DB:00 nvMXdizc V: 78 H: 968 F:15
c01cbf stz $0200,x   [000220] A:b1d1 X:0020 Y:0005 S:01e6 D:0000 DB:00 nvMXdizc V: 78 H: 986 F:15
c01cc2 inx                    A:b1d1 X:0020 Y:0005 S:01e6 D:0000 DB:00 nvMXdizc V: 78 H:1018 F:15
c01cc3 bne $1cbf     [c01cbf] A:b1d1 X:0021 Y:0005 S:01e6 D:0000 DB:00 nvMXdizc V: 78 H:1030 F:15
c01cbf stz $0200,x   [000221] A:b1d1 X:0021 Y:0005 S:01e6 D:0000 DB:00 nvMXdizc V: 78 H:1048 F:15
c01cc2 inx                    A:b1d1 X:0021 Y:0005 S:01e6 D:0000 DB:00 nvMXdizc V: 78 H:1080 F:15
c01cc3 bne $1cbf     [c01cbf] A:b1d1 X:0022 Y:0005 S:01e6 D:0000 DB:00 nvMXdizc V: 78 H:1092 F:15
c01cbf stz $0200,x   [000222] A:b1d1 X:0022 Y:0005 S:01e6 D:0000 DB:00 nvMXdizc V: 78 H:1110 F:15
c01cc2 inx                    A:b1d1 X:0022 Y:0005 S:01e6 D:0000 DB:00 nvMXdizc V: 78 H:1142 F:15
c01cc3 bne $1cbf     [c01cbf] A:b1d1 X:0023 Y:0005 S:01e6 D:0000 DB:00 nvMXdizc V: 78 H:1154 F:15
c01cbf stz $0200,x   [000223] A:b1d1 X:0023 Y:0005 S:01e6 D:0000 DB:00 nvMXdizc V: 78 H:1172 F:15
c01cc2 inx                    A:b1d1 X:0023 Y:0005 S:01e6 D:0000 DB:00 nvMXdizc V: 78 H:1204 F:15
c01cc3 bne $1cbf     [c01cbf] A:b1d1 X:0024 Y:0005 S:01e6 D:0000 DB:00 nvMXdizc V: 78 H:1216 F:15
c01cbf stz $0200,x   [000224] A:b1d1 X:0024 Y:0005 S:01e6 D:0000 DB:00 nvMXdizc V: 78 H:1234 F:15
c01cc2 inx                    A:b1d1 X:0024 Y:0005 S:01e6 D:0000 DB:00 nvMXdizc V: 78 H:1266 F:15
c01cc3 bne $1cbf     [c01cbf] A:b1d1 X:0025 Y:0005 S:01e6 D:0000 DB:00 nvMXdizc V: 78 H:1278 F:15
c01cbf stz $0200,x   [000225] A:b1d1 X:0025 Y:0005 S:01e6 D:0000 DB:00 nvMXdizc V: 78 H:1296 F:15
c01cc2 inx                    A:b1d1 X:0025 Y:0005 S:01e6 D:0000 DB:00 nvMXdizc V: 78 H:1328 F:15
c01cc3 bne $1cbf     [c01cbf] A:b1d1 X:0026 Y:0005 S:01e6 D:0000 DB:00 nvMXdizc V: 78 H:1340 F:15
c01cbf stz $0200,x   [000226] A:b1d1 X:0026 Y:0005 S:01e6 D:0000 DB:00 nvMXdizc V: 78 H:1358 F:15
c01cc2 inx                    A:b1d1 X:0026 Y:0005 S:01e6 D:0000 DB:00 nvMXdizc V: 79 H:  26 F:15
c01cc3 bne $1cbf     [c01cbf] A:b1d1 X:0027 Y:0005 S:01e6 D:0000 DB:00 nvMXdizc V: 79 H:  38 F:15
c01cbf stz $0200,x   [000227] A:b1d1 X:0027 Y:0005 S:01e6 D:0000 DB:00 nvMXdizc V: 79 H:  56 F:15
c01cc2 inx                    A:b1d1 X:0027 Y:0005 S:01e6 D:0000 DB:00 nvMXdizc V: 79 H:  88 F:15
c01cc3 bne $1cbf     [c01cbf] A:b1d1 X:0028 Y:0005 S:01e6 D:0000 DB:00 nvMXdizc V: 79 H: 100 F:15
c01cbf stz $0200,x   [000228] A:b1d1 X:0028 Y:0005 S:01e6 D:0000 DB:00 nvMXdizc V: 79 H: 118 F:15
c01cc2 inx                    A:b1d1 X:0028 Y:0005 S:01e6 D:0000 DB:00 nvMXdizc V: 79 H: 150 F:15
c01cc3 bne $1cbf     [c01cbf] A:b1d1 X:0029 Y:0005 S:01e6 D:0000 DB:00 nvMXdizc V: 79 H: 162 F:15
c01cbf stz $0200,x   [000229] A:b1d1 X:0029 Y:0005 S:01e6 D:0000 DB:00 nvMXdizc V: 79 H: 180 F:15
c01cc2 inx                    A:b1d1 X:0029 Y:0005 S:01e6 D:0000 DB:00 nvMXdizc V: 79 H: 212 F:15
c01cc3 bne $1cbf     [c01cbf] A:b1d1 X:002a Y:0005 S:01e6 D:0000 DB:00 nvMXdizc V: 79 H: 224 F:15
c01cbf stz $0200,x   [00022a] A:b1d1 X:002a Y:0005 S:01e6 D:0000 DB:00 nvMXdizc V: 79 H: 242 F:15
c01cc2 inx                    A:b1d1 X:002a Y:0005 S:01e6 D:0000 DB:00 nvMXdizc V: 79 H: 274 F:15
c01cc3 bne $1cbf     [c01cbf] A:b1d1 X:002b Y:0005 S:01e6 D:0000 DB:00 nvMXdizc V: 79 H: 286 F:15
c01cbf stz $0200,x   [00022b] A:b1d1 X:002b Y:0005 S:01e6 D:0000 DB:00 nvMXdizc V: 79 H: 304 F:15
c01cc2 inx                    A:b1d1 X:002b Y:0005 S:01e6 D:0000 DB:00 nvMXdizc V: 79 H: 336 F:15
c01cc3 bne $1cbf     [c01cbf] A:b1d1 X:002c Y:0005 S:01e6 D:0000 DB:00 nvMXdizc V: 79 H: 348 F:15
c01cbf stz $0200,x   [00022c] A:b1d1 X:002c Y:0005 S:01e6 D:0000 DB:00 nvMXdizc V: 79 H: 366 F:15
c01cc2 inx                    A:b1d1 X:002c Y:0005 S:01e6 D:0000 DB:00 nvMXdizc V: 79 H: 398 F:15
c01cc3 bne $1cbf     [c01cbf] A:b1d1 X:002d Y:0005 S:01e6 D:0000 DB:00 nvMXdizc V: 79 H: 410 F:15
c01cbf stz $0200,x   [00022d] A:b1d1 X:002d Y:0005 S:01e6 D:0000 DB:00 nvMXdizc V: 79 H: 428 F:15
c01cc2 inx                    A:b1d1 X:002d Y:0005 S:01e6 D:0000 DB:00 nvMXdizc V: 79 H: 460 F:15
c01cc3 bne $1cbf     [c01cbf] A:b1d1 X:002e Y:0005 S:01e6 D:0000 DB:00 nvMXdizc V: 79 H: 472 F:15
c01cbf stz $0200,x   [00022e] A:b1d1 X:002e Y:0005 S:01e6 D:0000 DB:00 nvMXdizc V: 79 H: 490 F:15
c01cc2 inx                    A:b1d1 X:002e Y:0005 S:01e6 D:0000 DB:00 nvMXdizc V: 79 H: 522 F:15
c01cc3 bne $1cbf     [c01cbf] A:b1d1 X:002f Y:0005 S:01e6 D:0000 DB:00 nvMXdizc V: 79 H: 534 F:15
c01cbf stz $0200,x   [00022f] A:b1d1 X:002f Y:0005 S:01e6 D:0000 DB:00 nvMXdizc V: 79 H: 592 F:15
c01cc2 inx                    A:b1d1 X:002f Y:0005 S:01e6 D:0000 DB:00 nvMXdizc V: 79 H: 624 F:15
c01cc3 bne $1cbf     [c01cbf] A:b1d1 X:0030 Y:0005 S:01e6 D:0000 DB:00 nvMXdizc V: 79 H: 636 F:15
c01cbf stz $0200,x   [000230] A:b1d1 X:0030 Y:0005 S:01e6 D:0000 DB:00 nvMXdizc V: 79 H: 654 F:15
c01cc2 inx                    A:b1d1 X:0030 Y:0005 S:01e6 D:0000 DB:00 nvMXdizc V: 79 H: 686 F:15
c01cc3 bne $1cbf     [c01cbf] A:b1d1 X:0031 Y:0005 S:01e6 D:0000 DB:00 nvMXdizc V: 79 H: 698 F:15
c01cbf stz $0200,x   [000231] A:b1d1 X:0031 Y:0005 S:01e6 D:0000 DB:00 nvMXdizc V: 79 H: 716 F:15
c01cc2 inx                    A:b1d1 X:0031 Y:0005 S:01e6 D:0000 DB:00 nvMXdizc V: 79 H: 748 F:15
c01cc3 bne $1cbf     [c01cbf] A:b1d1 X:0032 Y:0005 S:01e6 D:0000 DB:00 nvMXdizc V: 79 H: 760 F:15
c01cbf stz $0200,x   [000232] A:b1d1 X:0032 Y:0005 S:01e6 D:0000 DB:00 nvMXdizc V: 79 H: 778 F:15
c01cc2 inx                    A:b1d1 X:0032 Y:0005 S:01e6 D:0000 DB:00 nvMXdizc V: 79 H: 810 F:15
c01cc3 bne $1cbf     [c01cbf] A:b1d1 X:0033 Y:0005 S:01e6 D:0000 DB:00 nvMXdizc V: 79 H: 822 F:15
c01cbf stz $0200,x   [000233] A:b1d1 X:0033 Y:0005 S:01e6 D:0000 DB:00 nvMXdizc V: 79 H: 840 F:15
c01cc2 inx                    A:b1d1 X:0033 Y:0005 S:01e6 D:0000 DB:00 nvMXdizc V: 79 H: 872 F:15
c01cc3 bne $1cbf     [c01cbf] A:b1d1 X:0034 Y:0005 S:01e6 D:0000 DB:00 nvMXdizc V: 79 H: 884 F:15
c01cbf stz $0200,x   [000234] A:b1d1 X:0034 Y:0005 S:01e6 D:0000 DB:00 nvMXdizc V: 79 H: 902 F:15
c01cc2 inx                    A:b1d1 X:0034 Y:0005 S:01e6 D:0000 DB:00 nvMXdizc V: 79 H: 934 F:15
c01cc3 bne $1cbf     [c01cbf] A:b1d1 X:0035 Y:0005 S:01e6 D:0000 DB:00 nvMXdizc V: 79 H: 946 F:15
c01cbf stz $0200,x   [000235] A:b1d1 X:0035 Y:0005 S:01e6 D:0000 DB:00 nvMXdizc V: 79 H: 964 F:15
c01cc2 inx                    A:b1d1 X:0035 Y:0005 S:01e6 D:0000 DB:00 nvMXdizc V: 79 H: 996 F:15
c01cc3 bne $1cbf     [c01cbf] A:b1d1 X:0036 Y:0005 S:01e6 D:0000 DB:00 nvMXdizc V: 79 H:1008 F:15
c01cbf stz $0200,x   [000236] A:b1d1 X:0036 Y:0005 S:01e6 D:0000 DB:00 nvMXdizc V: 79 H:1026 F:15
c01cc2 inx                    A:b1d1 X:0036 Y:0005 S:01e6 D:0000 DB:00 nvMXdizc V: 79 H:1058 F:15
c01cc3 bne $1cbf     [c01cbf] A:b1d1 X:0037 Y:0005 S:01e6 D:0000 DB:00 nvMXdizc V: 79 H:1070 F:15
c01cbf stz $0200,x   [000237] A:b1d1 X:0037 Y:0005 S:01e6 D:0000 DB:00 nvMXdizc V: 79 H:1088 F:15
c01cc2 inx                    A:b1d1 X:0037 Y:0005 S:01e6 D:0000 DB:00 nvMXdizc V: 79 H:1120 F:15
c01cc3 bne $1cbf     [c01cbf] A:b1d1 X:0038 Y:0005 S:01e6 D:0000 DB:00 nvMXdizc V: 79 H:1132 F:15
c01cbf stz $0200,x   [000238] A:b1d1 X:0038 Y:0005 S:01e6 D:0000 DB:00 nvMXdizc V: 79 H:1150 F:15
c01cc2 inx                    A:b1d1 X:0038 Y:0005 S:01e6 D:0000 DB:00 nvMXdizc V: 79 H:1182 F:15
c01cc3 bne $1cbf     [c01cbf] A:b1d1 X:0039 Y:0005 S:01e6 D:0000 DB:00 nvMXdizc V: 79 H:1194 F:15
c01cbf stz $0200,x   [000239] A:b1d1 X:0039 Y:0005 S:01e6 D:0000 DB:00 nvMXdizc V: 79 H:1212 F:15
c01cc2 inx                    A:b1d1 X:0039 Y:0005 S:01e6 D:0000 DB:00 nvMXdizc V: 79 H:1244 F:15
c01cc3 bne $1cbf     [c01cbf] A:b1d1 X:003a Y:0005 S:01e6 D:0000 DB:00 nvMXdizc V: 79 H:1256 F:15
c01cbf stz $0200,x   [00023a] A:b1d1 X:003a Y:0005 S:01e6 D:0000 DB:00 nvMXdizc V: 79 H:1274 F:15
c01cc2 inx                    A:b1d1 X:003a Y:0005 S:01e6 D:0000 DB:00 nvMXdizc V: 79 H:1306 F:15
c01cc3 bne $1cbf     [c01cbf] A:b1d1 X:003b Y:0005 S:01e6 D:0000 DB:00 nvMXdizc V: 79 H:1318 F:15
c01cbf stz $0200,x   [00023b] A:b1d1 X:003b Y:0005 S:01e6 D:0000 DB:00 nvMXdizc V: 79 H:1336 F:15
c01cc2 inx                    A:b1d1 X:003b Y:0005 S:01e6 D:0000 DB:00 nvMXdizc V: 80 H:   4 F:15
c01cc3 bne $1cbf     [c01cbf] A:b1d1 X:003c Y:0005 S:01e6 D:0000 DB:00 nvMXdizc V: 80 H:  16 F:15
c01cbf stz $0200,x   [00023c] A:b1d1 X:003c Y:0005 S:01e6 D:0000 DB:00 nvMXdizc V: 80 H:  34 F:15
c01cc2 inx                    A:b1d1 X:003c Y:0005 S:01e6 D:0000 DB:00 nvMXdizc V: 80 H:  66 F:15
c01cc3 bne $1cbf     [c01cbf] A:b1d1 X:003d Y:0005 S:01e6 D:0000 DB:00 nvMXdizc V: 80 H:  78 F:15
c01cbf stz $0200,x   [00023d] A:b1d1 X:003d Y:0005 S:01e6 D:0000 DB:00 nvMXdizc V: 80 H:  96 F:15
c01cc2 inx                    A:b1d1 X:003d Y:0005 S:01e6 D:0000 DB:00 nvMXdizc V: 80 H: 128 F:15
c01cc3 bne $1cbf     [c01cbf] A:b1d1 X:003e Y:0005 S:01e6 D:0000 DB:00 nvMXdizc V: 80 H: 140 F:15
c01cbf stz $0200,x   [00023e] A:b1d1 X:003e Y:0005 S:01e6 D:0000 DB:00 nvMXdizc V: 80 H: 158 F:15
c01cc2 inx                    A:b1d1 X:003e Y:0005 S:01e6 D:0000 DB:00 nvMXdizc V: 80 H: 190 F:15
c01cc3 bne $1cbf     [c01cbf] A:b1d1 X:003f Y:0005 S:01e6 D:0000 DB:00 nvMXdizc V: 80 H: 202 F:15
c01cbf stz $0200,x   [00023f] A:b1d1 X:003f Y:0005 S:01e6 D:0000 DB:00 nvMXdizc V: 80 H: 220 F:15
c01cc2 inx                    A:b1d1 X:003f Y:0005 S:01e6 D:0000 DB:00 nvMXdizc V: 80 H: 252 F:15
c01cc3 bne $1cbf     [c01cbf] A:b1d1 X:0040 Y:0005 S:01e6 D:0000 DB:00 nvMXdizc V: 80 H: 264 F:15
c01cbf stz $0200,x   [000240] A:b1d1 X:0040 Y:0005 S:01e6 D:0000 DB:00 nvMXdizc V: 80 H: 282 F:15
c01cc2 inx                    A:b1d1 X:0040 Y:0005 S:01e6 D:0000 DB:00 nvMXdizc V: 80 H: 314 F:15
c01cc3 bne $1cbf     [c01cbf] A:b1d1 X:0041 Y:0005 S:01e6 D:0000 DB:00 nvMXdizc V: 80 H: 326 F:15
c01cbf stz $0200,x   [000241] A:b1d1 X:0041 Y:0005 S:01e6 D:0000 DB:00 nvMXdizc V: 80 H: 344 F:15
c01cc2 inx                    A:b1d1 X:0041 Y:0005 S:01e6 D:0000 DB:00 nvMXdizc V: 80 H: 376 F:15
c01cc3 bne $1cbf     [c01cbf] A:b1d1 X:0042 Y:0005 S:01e6 D:0000 DB:00 nvMXdizc V: 80 H: 388 F:15
c01cbf stz $0200,x   [000242] A:b1d1 X:0042 Y:0005 S:01e6 D:0000 DB:00 nvMXdizc V: 80 H: 406 F:15
c01cc2 inx                    A:b1d1 X:0042 Y:0005 S:01e6 D:0000 DB:00 nvMXdizc V: 80 H: 438 F:15
c01cc3 bne $1cbf     [c01cbf] A:b1d1 X:0043 Y:0005 S:01e6 D:0000 DB:00 nvMXdizc V: 80 H: 450 F:15
c01cbf stz $0200,x   [000243] A:b1d1 X:0043 Y:0005 S:01e6 D:0000 DB:00 nvMXdizc V: 80 H: 468 F:15
c01cc2 inx                    A:b1d1 X:0043 Y:0005 S:01e6 D:0000 DB:00 nvMXdizc V: 80 H: 500 F:15
c01cc3 bne $1cbf     [c01cbf] A:b1d1 X:0044 Y:0005 S:01e6 D:0000 DB:00 nvMXdizc V: 80 H: 512 F:15
c01cbf stz $0200,x   [000244] A:b1d1 X:0044 Y:0005 S:01e6 D:0000 DB:00 nvMXdizc V: 80 H: 530 F:15
c01cc2 inx                    A:b1d1 X:0044 Y:0005 S:01e6 D:0000 DB:00 nvMXdizc V: 80 H: 602 F:15
c01cc3 bne $1cbf     [c01cbf] A:b1d1 X:0045 Y:0005 S:01e6 D:0000 DB:00 nvMXdizc V: 80 H: 614 F:15
c01cbf stz $0200,x   [000245] A:b1d1 X:0045 Y:0005 S:01e6 D:0000 DB:00 nvMXdizc V: 80 H: 632 F:15
c01cc2 inx                    A:b1d1 X:0045 Y:0005 S:01e6 D:0000 DB:00 nvMXdizc V: 80 H: 664 F:15
c01cc3 bne $1cbf     [c01cbf] A:b1d1 X:0046 Y:0005 S:01e6 D:0000 DB:00 nvMXdizc V: 80 H: 676 F:15
c01cbf stz $0200,x   [000246] A:b1d1 X:0046 Y:0005 S:01e6 D:0000 DB:00 nvMXdizc V: 80 H: 694 F:15
c01cc2 inx                    A:b1d1 X:0046 Y:0005 S:01e6 D:0000 DB:00 nvMXdizc V: 80 H: 726 F:15
c01cc3 bne $1cbf     [c01cbf] A:b1d1 X:0047 Y:0005 S:01e6 D:0000 DB:00 nvMXdizc V: 80 H: 738 F:15
c01cbf stz $0200,x   [000247] A:b1d1 X:0047 Y:0005 S:01e6 D:0000 DB:00 nvMXdizc V: 80 H: 756 F:15
c01cc2 inx                    A:b1d1 X:0047 Y:0005 S:01e6 D:0000 DB:00 nvMXdizc V: 80 H: 788 F:15
c01cc3 bne $1cbf     [c01cbf] A:b1d1 X:0048 Y:0005 S:01e6 D:0000 DB:00 nvMXdizc V: 80 H: 800 F:15
c01cbf stz $0200,x   [000248] A:b1d1 X:0048 Y:0005 S:01e6 D:0000 DB:00 nvMXdizc V: 80 H: 818 F:15
c01cc2 inx                    A:b1d1 X:0048 Y:0005 S:01e6 D:0000 DB:00 nvMXdizc V: 80 H: 850 F:15
c01cc3 bne $1cbf     [c01cbf] A:b1d1 X:0049 Y:0005 S:01e6 D:0000 DB:00 nvMXdizc V: 80 H: 862 F:15
c01cbf stz $0200,x   [000249] A:b1d1 X:0049 Y:0005 S:01e6 D:0000 DB:00 nvMXdizc V: 80 H: 880 F:15
c01cc2 inx                    A:b1d1 X:0049 Y:0005 S:01e6 D:0000 DB:00 nvMXdizc V: 80 H: 912 F:15
c01cc3 bne $1cbf     [c01cbf] A:b1d1 X:004a Y:0005 S:01e6 D:0000 DB:00 nvMXdizc V: 80 H: 924 F:15
c01cbf stz $0200,x   [00024a] A:b1d1 X:004a Y:0005 S:01e6 D:0000 DB:00 nvMXdizc V: 80 H: 942 F:15
c01cc2 inx                    A:b1d1 X:004a Y:0005 S:01e6 D:0000 DB:00 nvMXdizc V: 80 H: 974 F:15
c01cc3 bne $1cbf     [c01cbf] A:b1d1 X:004b Y:0005 S:01e6 D:0000 DB:00 nvMXdizc V: 80 H: 986 F:15
c01cbf stz $0200,x   [00024b] A:b1d1 X:004b Y:0005 S:01e6 D:0000 DB:00 nvMXdizc V: 80 H:1004 F:15
c01cc2 inx                    A:b1d1 X:004b Y:0005 S:01e6 D:0000 DB:00 nvMXdizc V: 80 H:1036 F:15
c01cc3 bne $1cbf     [c01cbf] A:b1d1 X:004c Y:0005 S:01e6 D:0000 DB:00 nvMXdizc V: 80 H:1048 F:15
c01cbf stz $0200,x   [00024c] A:b1d1 X:004c Y:0005 S:01e6 D:0000 DB:00 nvMXdizc V: 80 H:1066 F:15
c01cc2 inx                    A:b1d1 X:004c Y:0005 S:01e6 D:0000 DB:00 nvMXdizc V: 80 H:1098 F:15
c01cc3 bne $1cbf     [c01cbf] A:b1d1 X:004d Y:0005 S:01e6 D:0000 DB:00 nvMXdizc V: 80 H:1110 F:15
c01cbf stz $0200,x   [00024d] A:b1d1 X:004d Y:0005 S:01e6 D:0000 DB:00 nvMXdizc V: 80 H:1128 F:15
c01cc2 inx                    A:b1d1 X:004d Y:0005 S:01e6 D:0000 DB:00 nvMXdizc V: 80 H:1160 F:15
c01cc3 bne $1cbf     [c01cbf] A:b1d1 X:004e Y:0005 S:01e6 D:0000 DB:00 nvMXdizc V: 80 H:1172 F:15
c01cbf stz $0200,x   [00024e] A:b1d1 X:004e Y:0005 S:01e6 D:0000 DB:00 nvMXdizc V: 80 H:1190 F:15
c01cc2 inx                    A:b1d1 X:004e Y:0005 S:01e6 D:0000 DB:00 nvMXdizc V: 80 H:1222 F:15
c01cc3 bne $1cbf     [c01cbf] A:b1d1 X:004f Y:0005 S:01e6 D:0000 DB:00 nvMXdizc V: 80 H:1234 F:15
c01cbf stz $0200,x   [00024f] A:b1d1 X:004f Y:0005 S:01e6 D:0000 DB:00 nvMXdizc V: 80 H:1252 F:15
c01cc2 inx                    A:b1d1 X:004f Y:0005 S:01e6 D:0000 DB:00 nvMXdizc V: 80 H:1284 F:15
c01cc3 bne $1cbf     [c01cbf] A:b1d1 X:0050 Y:0005 S:01e6 D:0000 DB:00 nvMXdizc V: 80 H:1296 F:15
c01cbf stz $0200,x   [000250] A:b1d1 X:0050 Y:0005 S:01e6 D:0000 DB:00 nvMXdizc V: 80 H:1314 F:15
c01cc2 inx                    A:b1d1 X:0050 Y:0005 S:01e6 D:0000 DB:00 nvMXdizc V: 80 H:1346 F:15
c01cc3 bne $1cbf     [c01cbf] A:b1d1 X:0051 Y:0005 S:01e6 D:0000 DB:00 nvMXdizc V: 80 H:1358 F:15
c01cbf stz $0200,x   [000251] A:b1d1 X:0051 Y:0005 S:01e6 D:0000 DB:00 nvMXdizc V: 81 H:  12 F:15
c01cc2 inx                    A:b1d1 X:0051 Y:0005 S:01e6 D:0000 DB:00 nvMXdizc V: 81 H:  44 F:15
c01cc3 bne $1cbf     [c01cbf] A:b1d1 X:0052 Y:0005 S:01e6 D:0000 DB:00 nvMXdizc V: 81 H:  56 F:15
c01cbf stz $0200,x   [000252] A:b1d1 X:0052 Y:0005 S:01e6 D:0000 DB:00 nvMXdizc V: 81 H:  74 F:15
c01cc2 inx                    A:b1d1 X:0052 Y:0005 S:01e6 D:0000 DB:00 nvMXdizc V: 81 H: 106 F:15
c01cc3 bne $1cbf     [c01cbf] A:b1d1 X:0053 Y:0005 S:01e6 D:0000 DB:00 nvMXdizc V: 81 H: 118 F:15
c01cbf stz $0200,x   [000253] A:b1d1 X:0053 Y:0005 S:01e6 D:0000 DB:00 nvMXdizc V: 81 H: 136 F:15
c01cc2 inx                    A:b1d1 X:0053 Y:0005 S:01e6 D:0000 DB:00 nvMXdizc V: 81 H: 168 F:15
c01cc3 bne $1cbf     [c01cbf] A:b1d1 X:0054 Y:0005 S:01e6 D:0000 DB:00 nvMXdizc V: 81 H: 180 F:15
c01cbf stz $0200,x   [000254] A:b1d1 X:0054 Y:0005 S:01e6 D:0000 DB:00 nvMXdizc V: 81 H: 198 F:15
c01cc2 inx                    A:b1d1 X:0054 Y:0005 S:01e6 D:0000 DB:00 nvMXdizc V: 81 H: 230 F:15
c01cc3 bne $1cbf     [c01cbf] A:b1d1 X:0055 Y:0005 S:01e6 D:0000 DB:00 nvMXdizc V: 81 H: 242 F:15
c01cbf stz $0200,x   [000255] A:b1d1 X:0055 Y:0005 S:01e6 D:0000 DB:00 nvMXdizc V: 81 H: 260 F:15
c01cc2 inx                    A:b1d1 X:0055 Y:0005 S:01e6 D:0000 DB:00 nvMXdizc V: 81 H: 292 F:15
c01cc3 bne $1cbf     [c01cbf] A:b1d1 X:0056 Y:0005 S:01e6 D:0000 DB:00 nvMXdizc V: 81 H: 304 F:15
c01cbf stz $0200,x   [000256] A:b1d1 X:0056 Y:0005 S:01e6 D:0000 DB:00 nvMXdizc V: 81 H: 322 F:15
c01cc2 inx                    A:b1d1 X:0056 Y:0005 S:01e6 D:0000 DB:00 nvMXdizc V: 81 H: 354 F:15
c01cc3 bne $1cbf     [c01cbf] A:b1d1 X:0057 Y:0005 S:01e6 D:0000 DB:00 nvMXdizc V: 81 H: 366 F:15
c01cbf stz $0200,x   [000257] A:b1d1 X:0057 Y:0005 S:01e6 D:0000 DB:00 nvMXdizc V: 81 H: 384 F:15
c01cc2 inx                    A:b1d1 X:0057 Y:0005 S:01e6 D:0000 DB:00 nvMXdizc V: 81 H: 416 F:15
c01cc3 bne $1cbf     [c01cbf] A:b1d1 X:0058 Y:0005 S:01e6 D:0000 DB:00 nvMXdizc V: 81 H: 428 F:15
c01cbf stz $0200,x   [000258] A:b1d1 X:0058 Y:0005 S:01e6 D:0000 DB:00 nvMXdizc V: 81 H: 446 F:15
c01cc2 inx                    A:b1d1 X:0058 Y:0005 S:01e6 D:0000 DB:00 nvMXdizc V: 81 H: 478 F:15
c01cc3 bne $1cbf     [c01cbf] A:b1d1 X:0059 Y:0005 S:01e6 D:0000 DB:00 nvMXdizc V: 81 H: 490 F:15
c01cbf stz $0200,x   [000259] A:b1d1 X:0059 Y:0005 S:01e6 D:0000 DB:00 nvMXdizc V: 81 H: 508 F:15
c01cc2 inx                    A:b1d1 X:0059 Y:0005 S:01e6 D:0000 DB:00 nvMXdizc V: 81 H: 580 F:15
c01cc3 bne $1cbf     [c01cbf] A:b1d1 X:005a Y:0005 S:01e6 D:0000 DB:00 nvMXdizc V: 81 H: 592 F:15
c01cbf stz $0200,x   [00025a] A:b1d1 X:005a Y:0005 S:01e6 D:0000 DB:00 nvMXdizc V: 81 H: 610 F:15
c01cc2 inx                    A:b1d1 X:005a Y:0005 S:01e6 D:0000 DB:00 nvMXdizc V: 81 H: 642 F:15
c01cc3 bne $1cbf     [c01cbf] A:b1d1 X:005b Y:0005 S:01e6 D:0000 DB:00 nvMXdizc V: 81 H: 654 F:15
c01cbf stz $0200,x   [00025b] A:b1d1 X:005b Y:0005 S:01e6 D:0000 DB:00 nvMXdizc V: 81 H: 672 F:15
c01cc2 inx                    A:b1d1 X:005b Y:0005 S:01e6 D:0000 DB:00 nvMXdizc V: 81 H: 704 F:15
c01cc3 bne $1cbf     [c01cbf] A:b1d1 X:005c Y:0005 S:01e6 D:0000 DB:00 nvMXdizc V: 81 H: 716 F:15
c01cbf stz $0200,x   [00025c] A:b1d1 X:005c Y:0005 S:01e6 D:0000 DB:00 nvMXdizc V: 81 H: 734 F:15
c01cc2 inx                    A:b1d1 X:005c Y:0005 S:01e6 D:0000 DB:00 nvMXdizc V: 81 H: 766 F:15
c01cc3 bne $1cbf     [c01cbf] A:b1d1 X:005d Y:0005 S:01e6 D:0000 DB:00 nvMXdizc V: 81 H: 778 F:15
c01cbf stz $0200,x   [00025d] A:b1d1 X:005d Y:0005 S:01e6 D:0000 DB:00 nvMXdizc V: 81 H: 796 F:15
c01cc2 inx                    A:b1d1 X:005d Y:0005 S:01e6 D:0000 DB:00 nvMXdizc V: 81 H: 828 F:15
c01cc3 bne $1cbf     [c01cbf] A:b1d1 X:005e Y:0005 S:01e6 D:0000 DB:00 nvMXdizc V: 81 H: 840 F:15
c01cbf stz $0200,x   [00025e] A:b1d1 X:005e Y:0005 S:01e6 D:0000 DB:00 nvMXdizc V: 81 H: 858 F:15
c01cc2 inx                    A:b1d1 X:005e Y:0005 S:01e6 D:0000 DB:00 nvMXdizc V: 81 H: 890 F:15
c01cc3 bne $1cbf     [c01cbf] A:b1d1 X:005f Y:0005 S:01e6 D:0000 DB:00 nvMXdizc V: 81 H: 902 F:15
c01cbf stz $0200,x   [00025f] A:b1d1 X:005f Y:0005 S:01e6 D:0000 DB:00 nvMXdizc V: 81 H: 920 F:15
c01cc2 inx                    A:b1d1 X:005f Y:0005 S:01e6 D:0000 DB:00 nvMXdizc V: 81 H: 952 F:15
c01cc3 bne $1cbf     [c01cbf] A:b1d1 X:0060 Y:0005 S:01e6 D:0000 DB:00 nvMXdizc V: 81 H: 964 F:15
c01cbf stz $0200,x   [000260] A:b1d1 X:0060 Y:0005 S:01e6 D:0000 DB:00 nvMXdizc V: 81 H: 982 F:15
c01cc2 inx                    A:b1d1 X:0060 Y:0005 S:01e6 D:0000 DB:00 nvMXdizc V: 81 H:1014 F:15
c01cc3 bne $1cbf     [c01cbf] A:b1d1 X:0061 Y:0005 S:01e6 D:0000 DB:00 nvMXdizc V: 81 H:1026 F:15
c01cbf stz $0200,x   [000261] A:b1d1 X:0061 Y:0005 S:01e6 D:0000 DB:00 nvMXdizc V: 81 H:1044 F:15
c01cc2 inx                    A:b1d1 X:0061 Y:0005 S:01e6 D:0000 DB:00 nvMXdizc V: 81 H:1076 F:15
c01cc3 bne $1cbf     [c01cbf] A:b1d1 X:0062 Y:0005 S:01e6 D:0000 DB:00 nvMXdizc V: 81 H:1088 F:15
c01cbf stz $0200,x   [000262] A:b1d1 X:0062 Y:0005 S:01e6 D:0000 DB:00 nvMXdizc V: 81 H:1106 F:15
c01cc2 inx                    A:b1d1 X:0062 Y:0005 S:01e6 D:0000 DB:00 nvMXdizc V: 81 H:1138 F:15
c01cc3 bne $1cbf     [c01cbf] A:b1d1 X:0063 Y:0005 S:01e6 D:0000 DB:00 nvMXdizc V: 81 H:1150 F:15
c01cbf stz $0200,x   [000263] A:b1d1 X:0063 Y:0005 S:01e6 D:0000 DB:00 nvMXdizc V: 81 H:1168 F:15
c01cc2 inx                    A:b1d1 X:0063 Y:0005 S:01e6 D:0000 DB:00 nvMXdizc V: 81 H:1200 F:15
c01cc3 bne $1cbf     [c01cbf] A:b1d1 X:0064 Y:0005 S:01e6 D:0000 DB:00 nvMXdizc V: 81 H:1212 F:15
c01cbf stz $0200,x   [000264] A:b1d1 X:0064 Y:0005 S:01e6 D:0000 DB:00 nvMXdizc V: 81 H:1230 F:15
c01cc2 inx                    A:b1d1 X:0064 Y:0005 S:01e6 D:0000 DB:00 nvMXdizc V: 81 H:1262 F:15
c01cc3 bne $1cbf     [c01cbf] A:b1d1 X:0065 Y:0005 S:01e6 D:0000 DB:00 nvMXdizc V: 81 H:1274 F:15
c01cbf stz $0200,x   [000265] A:b1d1 X:0065 Y:0005 S:01e6 D:0000 DB:00 nvMXdizc V: 81 H:1292 F:15
c01cc2 inx                    A:b1d1 X:0065 Y:0005 S:01e6 D:0000 DB:00 nvMXdizc V: 81 H:1324 F:15
c01cc3 bne $1cbf     [c01cbf] A:b1d1 X:0066 Y:0005 S:01e6 D:0000 DB:00 nvMXdizc V: 81 H:1336 F:15
c01cbf stz $0200,x   [000266] A:b1d1 X:0066 Y:0005 S:01e6 D:0000 DB:00 nvMXdizc V: 81 H:1354 F:15
c01cc2 inx                    A:b1d1 X:0066 Y:0005 S:01e6 D:0000 DB:00 nvMXdizc V: 82 H:  22 F:15
c01cc3 bne $1cbf     [c01cbf] A:b1d1 X:0067 Y:0005 S:01e6 D:0000 DB:00 nvMXdizc V: 82 H:  34 F:15
c01cbf stz $0200,x   [000267] A:b1d1 X:0067 Y:0005 S:01e6 D:0000 DB:00 nvMXdizc V: 82 H:  52 F:15
c01cc2 inx                    A:b1d1 X:0067 Y:0005 S:01e6 D:0000 DB:00 nvMXdizc V: 82 H:  84 F:15
c01cc3 bne $1cbf     [c01cbf] A:b1d1 X:0068 Y:0005 S:01e6 D:0000 DB:00 nvMXdizc V: 82 H:  96 F:15
c01cbf stz $0200,x   [000268] A:b1d1 X:0068 Y:0005 S:01e6 D:0000 DB:00 nvMXdizc V: 82 H: 114 F:15
c01cc2 inx                    A:b1d1 X:0068 Y:0005 S:01e6 D:0000 DB:00 nvMXdizc V: 82 H: 146 F:15
c01cc3 bne $1cbf     [c01cbf] A:b1d1 X:0069 Y:0005 S:01e6 D:0000 DB:00 nvMXdizc V: 82 H: 158 F:15
c01cbf stz $0200,x   [000269] A:b1d1 X:0069 Y:0005 S:01e6 D:0000 DB:00 nvMXdizc V: 82 H: 176 F:15
c01cc2 inx                    A:b1d1 X:0069 Y:0005 S:01e6 D:0000 DB:00 nvMXdizc V: 82 H: 208 F:15
c01cc3 bne $1cbf     [c01cbf] A:b1d1 X:006a Y:0005 S:01e6 D:0000 DB:00 nvMXdizc V: 82 H: 220 F:15
c01cbf stz $0200,x   [00026a] A:b1d1 X:006a Y:0005 S:01e6 D:0000 DB:00 nvMXdizc V: 82 H: 238 F:15
c01cc2 inx                    A:b1d1 X:006a Y:0005 S:01e6 D:0000 DB:00 nvMXdizc V: 82 H: 270 F:15
c01cc3 bne $1cbf     [c01cbf] A:b1d1 X:006b Y:0005 S:01e6 D:0000 DB:00 nvMXdizc V: 82 H: 282 F:15
c01cbf stz $0200,x   [00026b] A:b1d1 X:006b Y:0005 S:01e6 D:0000 DB:00 nvMXdizc V: 82 H: 300 F:15
c01cc2 inx                    A:b1d1 X:006b Y:0005 S:01e6 D:0000 DB:00 nvMXdizc V: 82 H: 332 F:15
c01cc3 bne $1cbf     [c01cbf] A:b1d1 X:006c Y:0005 S:01e6 D:0000 DB:00 nvMXdizc V: 82 H: 344 F:15
c01cbf stz $0200,x   [00026c] A:b1d1 X:006c Y:0005 S:01e6 D:0000 DB:00 nvMXdizc V: 82 H: 362 F:15
c01cc2 inx                    A:b1d1 X:006c Y:0005 S:01e6 D:0000 DB:00 nvMXdizc V: 82 H: 394 F:15
c01cc3 bne $1cbf     [c01cbf] A:b1d1 X:006d Y:0005 S:01e6 D:0000 DB:00 nvMXdizc V: 82 H: 406 F:15
c01cbf stz $0200,x   [00026d] A:b1d1 X:006d Y:0005 S:01e6 D:0000 DB:00 nvMXdizc V: 82 H: 424 F:15
c01cc2 inx                    A:b1d1 X:006d Y:0005 S:01e6 D:0000 DB:00 nvMXdizc V: 82 H: 456 F:15
c01cc3 bne $1cbf     [c01cbf] A:b1d1 X:006e Y:0005 S:01e6 D:0000 DB:00 nvMXdizc V: 82 H: 468 F:15
c01cbf stz $0200,x   [00026e] A:b1d1 X:006e Y:0005 S:01e6 D:0000 DB:00 nvMXdizc V: 82 H: 486 F:15
c01cc2 inx                    A:b1d1 X:006e Y:0005 S:01e6 D:0000 DB:00 nvMXdizc V: 82 H: 518 F:15
c01cc3 bne $1cbf     [c01cbf] A:b1d1 X:006f Y:0005 S:01e6 D:0000 DB:00 nvMXdizc V: 82 H: 530 F:15
c01cbf stz $0200,x   [00026f] A:b1d1 X:006f Y:0005 S:01e6 D:0000 DB:00 nvMXdizc V: 82 H: 588 F:15
c01cc2 inx                    A:b1d1 X:006f Y:0005 S:01e6 D:0000 DB:00 nvMXdizc V: 82 H: 620 F:15
c01cc3 bne $1cbf     [c01cbf] A:b1d1 X:0070 Y:0005 S:01e6 D:0000 DB:00 nvMXdizc V: 82 H: 632 F:15
c01cbf stz $0200,x   [000270] A:b1d1 X:0070 Y:0005 S:01e6 D:0000 DB:00 nvMXdizc V: 82 H: 650 F:15
c01cc2 inx                    A:b1d1 X:0070 Y:0005 S:01e6 D:0000 DB:00 nvMXdizc V: 82 H: 682 F:15
c01cc3 bne $1cbf     [c01cbf] A:b1d1 X:0071 Y:0005 S:01e6 D:0000 DB:00 nvMXdizc V: 82 H: 694 F:15
c01cbf stz $0200,x   [000271] A:b1d1 X:0071 Y:0005 S:01e6 D:0000 DB:00 nvMXdizc V: 82 H: 712 F:15
c01cc2 inx                    A:b1d1 X:0071 Y:0005 S:01e6 D:0000 DB:00 nvMXdizc V: 82 H: 744 F:15
c01cc3 bne $1cbf     [c01cbf] A:b1d1 X:0072 Y:0005 S:01e6 D:0000 DB:00 nvMXdizc V: 82 H: 756 F:15
c01cbf stz $0200,x   [000272] A:b1d1 X:0072 Y:0005 S:01e6 D:0000 DB:00 nvMXdizc V: 82 H: 774 F:15
c01cc2 inx                    A:b1d1 X:0072 Y:0005 S:01e6 D:0000 DB:00 nvMXdizc V: 82 H: 806 F:15
c01cc3 bne $1cbf     [c01cbf] A:b1d1 X:0073 Y:0005 S:01e6 D:0000 DB:00 nvMXdizc V: 82 H: 818 F:15
c01cbf stz $0200,x   [000273] A:b1d1 X:0073 Y:0005 S:01e6 D:0000 DB:00 nvMXdizc V: 82 H: 836 F:15
c01cc2 inx                    A:b1d1 X:0073 Y:0005 S:01e6 D:0000 DB:00 nvMXdizc V: 82 H: 868 F:15
c01cc3 bne $1cbf     [c01cbf] A:b1d1 X:0074 Y:0005 S:01e6 D:0000 DB:00 nvMXdizc V: 82 H: 880 F:15
c01cbf stz $0200,x   [000274] A:b1d1 X:0074 Y:0005 S:01e6 D:0000 DB:00 nvMXdizc V: 82 H: 898 F:15
c01cc2 inx                    A:b1d1 X:0074 Y:0005 S:01e6 D:0000 DB:00 nvMXdizc V: 82 H: 930 F:15
c01cc3 bne $1cbf     [c01cbf] A:b1d1 X:0075 Y:0005 S:01e6 D:0000 DB:00 nvMXdizc V: 82 H: 942 F:15
c01cbf stz $0200,x   [000275] A:b1d1 X:0075 Y:0005 S:01e6 D:0000 DB:00 nvMXdizc V: 82 H: 960 F:15
c01cc2 inx                    A:b1d1 X:0075 Y:0005 S:01e6 D:0000 DB:00 nvMXdizc V: 82 H: 992 F:15
c01cc3 bne $1cbf     [c01cbf] A:b1d1 X:0076 Y:0005 S:01e6 D:0000 DB:00 nvMXdizc V: 82 H:1004 F:15
c01cbf stz $0200,x   [000276] A:b1d1 X:0076 Y:0005 S:01e6 D:0000 DB:00 nvMXdizc V: 82 H:1022 F:15
c01cc2 inx                    A:b1d1 X:0076 Y:0005 S:01e6 D:0000 DB:00 nvMXdizc V: 82 H:1054 F:15
c01cc3 bne $1cbf     [c01cbf] A:b1d1 X:0077 Y:0005 S:01e6 D:0000 DB:00 nvMXdizc V: 82 H:1066 F:15
c01cbf stz $0200,x   [000277] A:b1d1 X:0077 Y:0005 S:01e6 D:0000 DB:00 nvMXdizc V: 82 H:1084 F:15
c01cc2 inx                    A:b1d1 X:0077 Y:0005 S:01e6 D:0000 DB:00 nvMXdizc V: 82 H:1116 F:15
c01cc3 bne $1cbf     [c01cbf] A:b1d1 X:0078 Y:0005 S:01e6 D:0000 DB:00 nvMXdizc V: 82 H:1128 F:15
c01cbf stz $0200,x   [000278] A:b1d1 X:0078 Y:0005 S:01e6 D:0000 DB:00 nvMXdizc V: 82 H:1146 F:15
c01cc2 inx                    A:b1d1 X:0078 Y:0005 S:01e6 D:0000 DB:00 nvMXdizc V: 82 H:1178 F:15
c01cc3 bne $1cbf     [c01cbf] A:b1d1 X:0079 Y:0005 S:01e6 D:0000 DB:00 nvMXdizc V: 82 H:1190 F:15
c01cbf stz $0200,x   [000279] A:b1d1 X:0079 Y:0005 S:01e6 D:0000 DB:00 nvMXdizc V: 82 H:1208 F:15
c01cc2 inx                    A:b1d1 X:0079 Y:0005 S:01e6 D:0000 DB:00 nvMXdizc V: 82 H:1240 F:15
c01cc3 bne $1cbf     [c01cbf] A:b1d1 X:007a Y:0005 S:01e6 D:0000 DB:00 nvMXdizc V: 82 H:1252 F:15
c01cbf stz $0200,x   [00027a] A:b1d1 X:007a Y:0005 S:01e6 D:0000 DB:00 nvMXdizc V: 82 H:1270 F:15
c01cc2 inx                    A:b1d1 X:007a Y:0005 S:01e6 D:0000 DB:00 nvMXdizc V: 82 H:1302 F:15
c01cc3 bne $1cbf     [c01cbf] A:b1d1 X:007b Y:0005 S:01e6 D:0000 DB:00 nvMXdizc V: 82 H:1314 F:15
c01cbf stz $0200,x   [00027b] A:b1d1 X:007b Y:0005 S:01e6 D:0000 DB:00 nvMXdizc V: 82 H:1332 F:15
c01cc2 inx                    A:b1d1 X:007b Y:0005 S:01e6 D:0000 DB:00 nvMXdizc V: 83 H:   0 F:15
c01cc3 bne $1cbf     [c01cbf] A:b1d1 X:007c Y:0005 S:01e6 D:0000 DB:00 nvMXdizc V: 83 H:  12 F:15
c01cbf stz $0200,x   [00027c] A:b1d1 X:007c Y:0005 S:01e6 D:0000 DB:00 nvMXdizc V: 83 H:  30 F:15
c01cc2 inx                    A:b1d1 X:007c Y:0005 S:01e6 D:0000 DB:00 nvMXdizc V: 83 H:  62 F:15
c01cc3 bne $1cbf     [c01cbf] A:b1d1 X:007d Y:0005 S:01e6 D:0000 DB:00 nvMXdizc V: 83 H:  74 F:15
c01cbf stz $0200,x   [00027d] A:b1d1 X:007d Y:0005 S:01e6 D:0000 DB:00 nvMXdizc V: 83 H:  92 F:15
c01cc2 inx                    A:b1d1 X:007d Y:0005 S:01e6 D:0000 DB:00 nvMXdizc V: 83 H: 124 F:15
c01cc3 bne $1cbf     [c01cbf] A:b1d1 X:007e Y:0005 S:01e6 D:0000 DB:00 nvMXdizc V: 83 H: 136 F:15
c01cbf stz $0200,x   [00027e] A:b1d1 X:007e Y:0005 S:01e6 D:0000 DB:00 nvMXdizc V: 83 H: 154 F:15
c01cc2 inx                    A:b1d1 X:007e Y:0005 S:01e6 D:0000 DB:00 nvMXdizc V: 83 H: 186 F:15
c01cc3 bne $1cbf     [c01cbf] A:b1d1 X:007f Y:0005 S:01e6 D:0000 DB:00 nvMXdizc V: 83 H: 198 F:15
c01cbf stz $0200,x   [00027f] A:b1d1 X:007f Y:0005 S:01e6 D:0000 DB:00 nvMXdizc V: 83 H: 216 F:15
c01cc2 inx                    A:b1d1 X:007f Y:0005 S:01e6 D:0000 DB:00 nvMXdizc V: 83 H: 248 F:15
c01cc3 bne $1cbf     [c01cbf] A:b1d1 X:0080 Y:0005 S:01e6 D:0000 DB:00 NvMXdizc V: 83 H: 260 F:15
c01cbf stz $0200,x   [000280] A:b1d1 X:0080 Y:0005 S:01e6 D:0000 DB:00 NvMXdizc V: 83 H: 278 F:15
c01cc2 inx                    A:b1d1 X:0080 Y:0005 S:01e6 D:0000 DB:00 NvMXdizc V: 83 H: 310 F:15
c01cc3 bne $1cbf     [c01cbf] A:b1d1 X:0081 Y:0005 S:01e6 D:0000 DB:00 NvMXdizc V: 83 H: 322 F:15
c01cbf stz $0200,x   [000281] A:b1d1 X:0081 Y:0005 S:01e6 D:0000 DB:00 NvMXdizc V: 83 H: 340 F:15
c01cc2 inx                    A:b1d1 X:0081 Y:0005 S:01e6 D:0000 DB:00 NvMXdizc V: 83 H: 372 F:15
c01cc3 bne $1cbf     [c01cbf] A:b1d1 X:0082 Y:0005 S:01e6 D:0000 DB:00 NvMXdizc V: 83 H: 384 F:15
c01cbf stz $0200,x   [000282] A:b1d1 X:0082 Y:0005 S:01e6 D:0000 DB:00 NvMXdizc V: 83 H: 402 F:15
c01cc2 inx                    A:b1d1 X:0082 Y:0005 S:01e6 D:0000 DB:00 NvMXdizc V: 83 H: 434 F:15
c01cc3 bne $1cbf     [c01cbf] A:b1d1 X:0083 Y:0005 S:01e6 D:0000 DB:00 NvMXdizc V: 83 H: 446 F:15
c01cbf stz $0200,x   [000283] A:b1d1 X:0083 Y:0005 S:01e6 D:0000 DB:00 NvMXdizc V: 83 H: 464 F:15
c01cc2 inx                    A:b1d1 X:0083 Y:0005 S:01e6 D:0000 DB:00 NvMXdizc V: 83 H: 496 F:15
c01cc3 bne $1cbf     [c01cbf] A:b1d1 X:0084 Y:0005 S:01e6 D:0000 DB:00 NvMXdizc V: 83 H: 508 F:15
c01cbf stz $0200,x   [000284] A:b1d1 X:0084 Y:0005 S:01e6 D:0000 DB:00 NvMXdizc V: 83 H: 526 F:15
c01cc2 inx                    A:b1d1 X:0084 Y:0005 S:01e6 D:0000 DB:00 NvMXdizc V: 83 H: 598 F:15
c01cc3 bne $1cbf     [c01cbf] A:b1d1 X:0085 Y:0005 S:01e6 D:0000 DB:00 NvMXdizc V: 83 H: 610 F:15
c01cbf stz $0200,x   [000285] A:b1d1 X:0085 Y:0005 S:01e6 D:0000 DB:00 NvMXdizc V: 83 H: 628 F:15
c01cc2 inx                    A:b1d1 X:0085 Y:0005 S:01e6 D:0000 DB:00 NvMXdizc V: 83 H: 660 F:15
c01cc3 bne $1cbf     [c01cbf] A:b1d1 X:0086 Y:0005 S:01e6 D:0000 DB:00 NvMXdizc V: 83 H: 672 F:15
c01cbf stz $0200,x   [000286] A:b1d1 X:0086 Y:0005 S:01e6 D:0000 DB:00 NvMXdizc V: 83 H: 690 F:15
c01cc2 inx                    A:b1d1 X:0086 Y:0005 S:01e6 D:0000 DB:00 NvMXdizc V: 83 H: 722 F:15
c01cc3 bne $1cbf     [c01cbf] A:b1d1 X:0087 Y:0005 S:01e6 D:0000 DB:00 NvMXdizc V: 83 H: 734 F:15
c01cbf stz $0200,x   [000287] A:b1d1 X:0087 Y:0005 S:01e6 D:0000 DB:00 NvMXdizc V: 83 H: 752 F:15
c01cc2 inx                    A:b1d1 X:0087 Y:0005 S:01e6 D:0000 DB:00 NvMXdizc V: 83 H: 784 F:15
c01cc3 bne $1cbf     [c01cbf] A:b1d1 X:0088 Y:0005 S:01e6 D:0000 DB:00 NvMXdizc V: 83 H: 796 F:15
c01cbf stz $0200,x   [000288] A:b1d1 X:0088 Y:0005 S:01e6 D:0000 DB:00 NvMXdizc V: 83 H: 814 F:15
c01cc2 inx                    A:b1d1 X:0088 Y:0005 S:01e6 D:0000 DB:00 NvMXdizc V: 83 H: 846 F:15
c01cc3 bne $1cbf     [c01cbf] A:b1d1 X:0089 Y:0005 S:01e6 D:0000 DB:00 NvMXdizc V: 83 H: 858 F:15
c01cbf stz $0200,x   [000289] A:b1d1 X:0089 Y:0005 S:01e6 D:0000 DB:00 NvMXdizc V: 83 H: 876 F:15
c01cc2 inx                    A:b1d1 X:0089 Y:0005 S:01e6 D:0000 DB:00 NvMXdizc V: 83 H: 908 F:15
c01cc3 bne $1cbf     [c01cbf] A:b1d1 X:008a Y:0005 S:01e6 D:0000 DB:00 NvMXdizc V: 83 H: 920 F:15
c01cbf stz $0200,x   [00028a] A:b1d1 X:008a Y:0005 S:01e6 D:0000 DB:00 NvMXdizc V: 83 H: 938 F:15
c01cc2 inx                    A:b1d1 X:008a Y:0005 S:01e6 D:0000 DB:00 NvMXdizc V: 83 H: 970 F:15
c01cc3 bne $1cbf     [c01cbf] A:b1d1 X:008b Y:0005 S:01e6 D:0000 DB:00 NvMXdizc V: 83 H: 982 F:15
c01cbf stz $0200,x   [00028b] A:b1d1 X:008b Y:0005 S:01e6 D:0000 DB:00 NvMXdizc V: 83 H:1000 F:15
c01cc2 inx                    A:b1d1 X:008b Y:0005 S:01e6 D:0000 DB:00 NvMXdizc V: 83 H:1032 F:15
c01cc3 bne $1cbf     [c01cbf] A:b1d1 X:008c Y:0005 S:01e6 D:0000 DB:00 NvMXdizc V: 83 H:1044 F:15
c01cbf stz $0200,x   [00028c] A:b1d1 X:008c Y:0005 S:01e6 D:0000 DB:00 NvMXdizc V: 83 H:1062 F:15
c01cc2 inx                    A:b1d1 X:008c Y:0005 S:01e6 D:0000 DB:00 NvMXdizc V: 83 H:1094 F:15
c01cc3 bne $1cbf     [c01cbf] A:b1d1 X:008d Y:0005 S:01e6 D:0000 DB:00 NvMXdizc V: 83 H:1106 F:15
c01cbf stz $0200,x   [00028d] A:b1d1 X:008d Y:0005 S:01e6 D:0000 DB:00 NvMXdizc V: 83 H:1124 F:15
c01cc2 inx                    A:b1d1 X:008d Y:0005 S:01e6 D:0000 DB:00 NvMXdizc V: 83 H:1156 F:15
c01cc3 bne $1cbf     [c01cbf] A:b1d1 X:008e Y:0005 S:01e6 D:0000 DB:00 NvMXdizc V: 83 H:1168 F:15
c01cbf stz $0200,x   [00028e] A:b1d1 X:008e Y:0005 S:01e6 D:0000 DB:00 NvMXdizc V: 83 H:1186 F:15
c01cc2 inx                    A:b1d1 X:008e Y:0005 S:01e6 D:0000 DB:00 NvMXdizc V: 83 H:1218 F:15
c01cc3 bne $1cbf     [c01cbf] A:b1d1 X:008f Y:0005 S:01e6 D:0000 DB:00 NvMXdizc V: 83 H:1230 F:15
c01cbf stz $0200,x   [00028f] A:b1d1 X:008f Y:0005 S:01e6 D:0000 DB:00 NvMXdizc V: 83 H:1248 F:15
c01cc2 inx                    A:b1d1 X:008f Y:0005 S:01e6 D:0000 DB:00 NvMXdizc V: 83 H:1280 F:15
c01cc3 bne $1cbf     [c01cbf] A:b1d1 X:0090 Y:0005 S:01e6 D:0000 DB:00 NvMXdizc V: 83 H:1292 F:15
c01cbf stz $0200,x   [000290] A:b1d1 X:0090 Y:0005 S:01e6 D:0000 DB:00 NvMXdizc V: 83 H:1310 F:15
c01cc2 inx                    A:b1d1 X:0090 Y:0005 S:01e6 D:0000 DB:00 NvMXdizc V: 83 H:1342 F:15
c01cc3 bne $1cbf     [c01cbf] A:b1d1 X:0091 Y:0005 S:01e6 D:0000 DB:00 NvMXdizc V: 83 H:1354 F:15
c01cbf stz $0200,x   [000291] A:b1d1 X:0091 Y:0005 S:01e6 D:0000 DB:00 NvMXdizc V: 84 H:   8 F:15
c01cc2 inx                    A:b1d1 X:0091 Y:0005 S:01e6 D:0000 DB:00 NvMXdizc V: 84 H:  40 F:15
c01cc3 bne $1cbf     [c01cbf] A:b1d1 X:0092 Y:0005 S:01e6 D:0000 DB:00 NvMXdizc V: 84 H:  52 F:15
c01cbf stz $0200,x   [000292] A:b1d1 X:0092 Y:0005 S:01e6 D:0000 DB:00 NvMXdizc V: 84 H:  70 F:15
c01cc2 inx                    A:b1d1 X:0092 Y:0005 S:01e6 D:0000 DB:00 NvMXdizc V: 84 H: 102 F:15
c01cc3 bne $1cbf     [c01cbf] A:b1d1 X:0093 Y:0005 S:01e6 D:0000 DB:00 NvMXdizc V: 84 H: 114 F:15
c01cbf stz $0200,x   [000293] A:b1d1 X:0093 Y:0005 S:01e6 D:0000 DB:00 NvMXdizc V: 84 H: 132 F:15
c01cc2 inx                    A:b1d1 X:0093 Y:0005 S:01e6 D:0000 DB:00 NvMXdizc V: 84 H: 164 F:15
c01cc3 bne $1cbf     [c01cbf] A:b1d1 X:0094 Y:0005 S:01e6 D:0000 DB:00 NvMXdizc V: 84 H: 176 F:15
c01cbf stz $0200,x   [000294] A:b1d1 X:0094 Y:0005 S:01e6 D:0000 DB:00 NvMXdizc V: 84 H: 194 F:15
c01cc2 inx                    A:b1d1 X:0094 Y:0005 S:01e6 D:0000 DB:00 NvMXdizc V: 84 H: 226 F:15
c01cc3 bne $1cbf     [c01cbf] A:b1d1 X:0095 Y:0005 S:01e6 D:0000 DB:00 NvMXdizc V: 84 H: 238 F:15
c01cbf stz $0200,x   [000295] A:b1d1 X:0095 Y:0005 S:01e6 D:0000 DB:00 NvMXdizc V: 84 H: 256 F:15
c01cc2 inx                    A:b1d1 X:0095 Y:0005 S:01e6 D:0000 DB:00 NvMXdizc V: 84 H: 288 F:15
c01cc3 bne $1cbf     [c01cbf] A:b1d1 X:0096 Y:0005 S:01e6 D:0000 DB:00 NvMXdizc V: 84 H: 300 F:15
c01cbf stz $0200,x   [000296] A:b1d1 X:0096 Y:0005 S:01e6 D:0000 DB:00 NvMXdizc V: 84 H: 318 F:15
c01cc2 inx                    A:b1d1 X:0096 Y:0005 S:01e6 D:0000 DB:00 NvMXdizc V: 84 H: 350 F:15
c01cc3 bne $1cbf     [c01cbf] A:b1d1 X:0097 Y:0005 S:01e6 D:0000 DB:00 NvMXdizc V: 84 H: 362 F:15
c01cbf stz $0200,x   [000297] A:b1d1 X:0097 Y:0005 S:01e6 D:0000 DB:00 NvMXdizc V: 84 H: 380 F:15
c01cc2 inx                    A:b1d1 X:0097 Y:0005 S:01e6 D:0000 DB:00 NvMXdizc V: 84 H: 412 F:15
c01cc3 bne $1cbf     [c01cbf] A:b1d1 X:0098 Y:0005 S:01e6 D:0000 DB:00 NvMXdizc V: 84 H: 424 F:15
c01cbf stz $0200,x   [000298] A:b1d1 X:0098 Y:0005 S:01e6 D:0000 DB:00 NvMXdizc V: 84 H: 442 F:15
c01cc2 inx                    A:b1d1 X:0098 Y:0005 S:01e6 D:0000 DB:00 NvMXdizc V: 84 H: 474 F:15
c01cc3 bne $1cbf     [c01cbf] A:b1d1 X:0099 Y:0005 S:01e6 D:0000 DB:00 NvMXdizc V: 84 H: 486 F:15
c01cbf stz $0200,x   [000299] A:b1d1 X:0099 Y:0005 S:01e6 D:0000 DB:00 NvMXdizc V: 84 H: 504 F:15
c01cc2 inx                    A:b1d1 X:0099 Y:0005 S:01e6 D:0000 DB:00 NvMXdizc V: 84 H: 576 F:15
c01cc3 bne $1cbf     [c01cbf] A:b1d1 X:009a Y:0005 S:01e6 D:0000 DB:00 NvMXdizc V: 84 H: 588 F:15
c01cbf stz $0200,x   [00029a] A:b1d1 X:009a Y:0005 S:01e6 D:0000 DB:00 NvMXdizc V: 84 H: 606 F:15
c01cc2 inx                    A:b1d1 X:009a Y:0005 S:01e6 D:0000 DB:00 NvMXdizc V: 84 H: 638 F:15
c01cc3 bne $1cbf     [c01cbf] A:b1d1 X:009b Y:0005 S:01e6 D:0000 DB:00 NvMXdizc V: 84 H: 650 F:15
c01cbf stz $0200,x   [00029b] A:b1d1 X:009b Y:0005 S:01e6 D:0000 DB:00 NvMXdizc V: 84 H: 668 F:15
c01cc2 inx                    A:b1d1 X:009b Y:0005 S:01e6 D:0000 DB:00 NvMXdizc V: 84 H: 700 F:15
c01cc3 bne $1cbf     [c01cbf] A:b1d1 X:009c Y:0005 S:01e6 D:0000 DB:00 NvMXdizc V: 84 H: 712 F:15
c01cbf stz $0200,x   [00029c] A:b1d1 X:009c Y:0005 S:01e6 D:0000 DB:00 NvMXdizc V: 84 H: 730 F:15
c01cc2 inx                    A:b1d1 X:009c Y:0005 S:01e6 D:0000 DB:00 NvMXdizc V: 84 H: 762 F:15
c01cc3 bne $1cbf     [c01cbf] A:b1d1 X:009d Y:0005 S:01e6 D:0000 DB:00 NvMXdizc V: 84 H: 774 F:15
c01cbf stz $0200,x   [00029d] A:b1d1 X:009d Y:0005 S:01e6 D:0000 DB:00 NvMXdizc V: 84 H: 792 F:15
c01cc2 inx                    A:b1d1 X:009d Y:0005 S:01e6 D:0000 DB:00 NvMXdizc V: 84 H: 824 F:15
c01cc3 bne $1cbf     [c01cbf] A:b1d1 X:009e Y:0005 S:01e6 D:0000 DB:00 NvMXdizc V: 84 H: 836 F:15
c01cbf stz $0200,x   [00029e] A:b1d1 X:009e Y:0005 S:01e6 D:0000 DB:00 NvMXdizc V: 84 H: 854 F:15
c01cc2 inx                    A:b1d1 X:009e Y:0005 S:01e6 D:0000 DB:00 NvMXdizc V: 84 H: 886 F:15
c01cc3 bne $1cbf     [c01cbf] A:b1d1 X:009f Y:0005 S:01e6 D:0000 DB:00 NvMXdizc V: 84 H: 898 F:15
c01cbf stz $0200,x   [00029f] A:b1d1 X:009f Y:0005 S:01e6 D:0000 DB:00 NvMXdizc V: 84 H: 916 F:15
c01cc2 inx                    A:b1d1 X:009f Y:0005 S:01e6 D:0000 DB:00 NvMXdizc V: 84 H: 948 F:15
c01cc3 bne $1cbf     [c01cbf] A:b1d1 X:00a0 Y:0005 S:01e6 D:0000 DB:00 NvMXdizc V: 84 H: 960 F:15
c01cbf stz $0200,x   [0002a0] A:b1d1 X:00a0 Y:0005 S:01e6 D:0000 DB:00 NvMXdizc V: 84 H: 978 F:15
c01cc2 inx                    A:b1d1 X:00a0 Y:0005 S:01e6 D:0000 DB:00 NvMXdizc V: 84 H:1010 F:15
c01cc3 bne $1cbf     [c01cbf] A:b1d1 X:00a1 Y:0005 S:01e6 D:0000 DB:00 NvMXdizc V: 84 H:1022 F:15
c01cbf stz $0200,x   [0002a1] A:b1d1 X:00a1 Y:0005 S:01e6 D:0000 DB:00 NvMXdizc V: 84 H:1040 F:15
c01cc2 inx                    A:b1d1 X:00a1 Y:0005 S:01e6 D:0000 DB:00 NvMXdizc V: 84 H:1072 F:15
c01cc3 bne $1cbf     [c01cbf] A:b1d1 X:00a2 Y:0005 S:01e6 D:0000 DB:00 NvMXdizc V: 84 H:1084 F:15
c01cbf stz $0200,x   [0002a2] A:b1d1 X:00a2 Y:0005 S:01e6 D:0000 DB:00 NvMXdizc V: 84 H:1102 F:15
c01cc2 inx                    A:b1d1 X:00a2 Y:0005 S:01e6 D:0000 DB:00 NvMXdizc V: 84 H:1134 F:15
c01cc3 bne $1cbf     [c01cbf] A:b1d1 X:00a3 Y:0005 S:01e6 D:0000 DB:00 NvMXdizc V: 84 H:1146 F:15
c01cbf stz $0200,x   [0002a3] A:b1d1 X:00a3 Y:0005 S:01e6 D:0000 DB:00 NvMXdizc V: 84 H:1164 F:15
c01cc2 inx                    A:b1d1 X:00a3 Y:0005 S:01e6 D:0000 DB:00 NvMXdizc V: 84 H:1196 F:15
c01cc3 bne $1cbf     [c01cbf] A:b1d1 X:00a4 Y:0005 S:01e6 D:0000 DB:00 NvMXdizc V: 84 H:1208 F:15
c01cbf stz $0200,x   [0002a4] A:b1d1 X:00a4 Y:0005 S:01e6 D:0000 DB:00 NvMXdizc V: 84 H:1226 F:15
c01cc2 inx                    A:b1d1 X:00a4 Y:0005 S:01e6 D:0000 DB:00 NvMXdizc V: 84 H:1258 F:15
c01cc3 bne $1cbf     [c01cbf] A:b1d1 X:00a5 Y:0005 S:01e6 D:0000 DB:00 NvMXdizc V: 84 H:1270 F:15
c01cbf stz $0200,x   [0002a5] A:b1d1 X:00a5 Y:0005 S:01e6 D:0000 DB:00 NvMXdizc V: 84 H:1288 F:15
c01cc2 inx                    A:b1d1 X:00a5 Y:0005 S:01e6 D:0000 DB:00 NvMXdizc V: 84 H:1320 F:15
c01cc3 bne $1cbf     [c01cbf] A:b1d1 X:00a6 Y:0005 S:01e6 D:0000 DB:00 NvMXdizc V: 84 H:1332 F:15
c01cbf stz $0200,x   [0002a6] A:b1d1 X:00a6 Y:0005 S:01e6 D:0000 DB:00 NvMXdizc V: 84 H:1350 F:15
c01cc2 inx                    A:b1d1 X:00a6 Y:0005 S:01e6 D:0000 DB:00 NvMXdizc V: 85 H:  18 F:15
c01cc3 bne $1cbf     [c01cbf] A:b1d1 X:00a7 Y:0005 S:01e6 D:0000 DB:00 NvMXdizc V: 85 H:  30 F:15
c01cbf stz $0200,x   [0002a7] A:b1d1 X:00a7 Y:0005 S:01e6 D:0000 DB:00 NvMXdizc V: 85 H:  48 F:15
c01cc2 inx                    A:b1d1 X:00a7 Y:0005 S:01e6 D:0000 DB:00 NvMXdizc V: 85 H:  80 F:15
c01cc3 bne $1cbf     [c01cbf] A:b1d1 X:00a8 Y:0005 S:01e6 D:0000 DB:00 NvMXdizc V: 85 H:  92 F:15
c01cbf stz $0200,x   [0002a8] A:b1d1 X:00a8 Y:0005 S:01e6 D:0000 DB:00 NvMXdizc V: 85 H: 110 F:15
c01cc2 inx                    A:b1d1 X:00a8 Y:0005 S:01e6 D:0000 DB:00 NvMXdizc V: 85 H: 142 F:15
c01cc3 bne $1cbf     [c01cbf] A:b1d1 X:00a9 Y:0005 S:01e6 D:0000 DB:00 NvMXdizc V: 85 H: 154 F:15
c01cbf stz $0200,x   [0002a9] A:b1d1 X:00a9 Y:0005 S:01e6 D:0000 DB:00 NvMXdizc V: 85 H: 172 F:15
c01cc2 inx                    A:b1d1 X:00a9 Y:0005 S:01e6 D:0000 DB:00 NvMXdizc V: 85 H: 204 F:15
c01cc3 bne $1cbf     [c01cbf] A:b1d1 X:00aa Y:0005 S:01e6 D:0000 DB:00 NvMXdizc V: 85 H: 216 F:15
c01cbf stz $0200,x   [0002aa] A:b1d1 X:00aa Y:0005 S:01e6 D:0000 DB:00 NvMXdizc V: 85 H: 234 F:15
c01cc2 inx                    A:b1d1 X:00aa Y:0005 S:01e6 D:0000 DB:00 NvMXdizc V: 85 H: 266 F:15
c01cc3 bne $1cbf     [c01cbf] A:b1d1 X:00ab Y:0005 S:01e6 D:0000 DB:00 NvMXdizc V: 85 H: 278 F:15
c01cbf stz $0200,x   [0002ab] A:b1d1 X:00ab Y:0005 S:01e6 D:0000 DB:00 NvMXdizc V: 85 H: 296 F:15
c01cc2 inx                    A:b1d1 X:00ab Y:0005 S:01e6 D:0000 DB:00 NvMXdizc V: 85 H: 328 F:15
c01cc3 bne $1cbf     [c01cbf] A:b1d1 X:00ac Y:0005 S:01e6 D:0000 DB:00 NvMXdizc V: 85 H: 340 F:15
c01cbf stz $0200,x   [0002ac] A:b1d1 X:00ac Y:0005 S:01e6 D:0000 DB:00 NvMXdizc V: 85 H: 358 F:15
c01cc2 inx                    A:b1d1 X:00ac Y:0005 S:01e6 D:0000 DB:00 NvMXdizc V: 85 H: 390 F:15
c01cc3 bne $1cbf     [c01cbf] A:b1d1 X:00ad Y:0005 S:01e6 D:0000 DB:00 NvMXdizc V: 85 H: 402 F:15
c01cbf stz $0200,x   [0002ad] A:b1d1 X:00ad Y:0005 S:01e6 D:0000 DB:00 NvMXdizc V: 85 H: 420 F:15
c01cc2 inx                    A:b1d1 X:00ad Y:0005 S:01e6 D:0000 DB:00 NvMXdizc V: 85 H: 452 F:15
c01cc3 bne $1cbf     [c01cbf] A:b1d1 X:00ae Y:0005 S:01e6 D:0000 DB:00 NvMXdizc V: 85 H: 464 F:15
c01cbf stz $0200,x   [0002ae] A:b1d1 X:00ae Y:0005 S:01e6 D:0000 DB:00 NvMXdizc V: 85 H: 482 F:15
c01cc2 inx                    A:b1d1 X:00ae Y:0005 S:01e6 D:0000 DB:00 NvMXdizc V: 85 H: 514 F:15
c01cc3 bne $1cbf     [c01cbf] A:b1d1 X:00af Y:0005 S:01e6 D:0000 DB:00 NvMXdizc V: 85 H: 526 F:15
c01cbf stz $0200,x   [0002af] A:b1d1 X:00af Y:0005 S:01e6 D:0000 DB:00 NvMXdizc V: 85 H: 584 F:15
c01cc2 inx                    A:b1d1 X:00af Y:0005 S:01e6 D:0000 DB:00 NvMXdizc V: 85 H: 616 F:15
c01cc3 bne $1cbf     [c01cbf] A:b1d1 X:00b0 Y:0005 S:01e6 D:0000 DB:00 NvMXdizc V: 85 H: 628 F:15
c01cbf stz $0200,x   [0002b0] A:b1d1 X:00b0 Y:0005 S:01e6 D:0000 DB:00 NvMXdizc V: 85 H: 646 F:15
c01cc2 inx                    A:b1d1 X:00b0 Y:0005 S:01e6 D:0000 DB:00 NvMXdizc V: 85 H: 678 F:15
c01cc3 bne $1cbf     [c01cbf] A:b1d1 X:00b1 Y:0005 S:01e6 D:0000 DB:00 NvMXdizc V: 85 H: 690 F:15
c01cbf stz $0200,x   [0002b1] A:b1d1 X:00b1 Y:0005 S:01e6 D:0000 DB:00 NvMXdizc V: 85 H: 708 F:15
c01cc2 inx                    A:b1d1 X:00b1 Y:0005 S:01e6 D:0000 DB:00 NvMXdizc V: 85 H: 740 F:15
c01cc3 bne $1cbf     [c01cbf] A:b1d1 X:00b2 Y:0005 S:01e6 D:0000 DB:00 NvMXdizc V: 85 H: 752 F:15
c01cbf stz $0200,x   [0002b2] A:b1d1 X:00b2 Y:0005 S:01e6 D:0000 DB:00 NvMXdizc V: 85 H: 770 F:15
c01cc2 inx                    A:b1d1 X:00b2 Y:0005 S:01e6 D:0000 DB:00 NvMXdizc V: 85 H: 802 F:15
c01cc3 bne $1cbf     [c01cbf] A:b1d1 X:00b3 Y:0005 S:01e6 D:0000 DB:00 NvMXdizc V: 85 H: 814 F:15
c01cbf stz $0200,x   [0002b3] A:b1d1 X:00b3 Y:0005 S:01e6 D:0000 DB:00 NvMXdizc V: 85 H: 832 F:15
c01cc2 inx                    A:b1d1 X:00b3 Y:0005 S:01e6 D:0000 DB:00 NvMXdizc V: 85 H: 864 F:15
c01cc3 bne $1cbf     [c01cbf] A:b1d1 X:00b4 Y:0005 S:01e6 D:0000 DB:00 NvMXdizc V: 85 H: 876 F:15
c01cbf stz $0200,x   [0002b4] A:b1d1 X:00b4 Y:0005 S:01e6 D:0000 DB:00 NvMXdizc V: 85 H: 894 F:15
c01cc2 inx                    A:b1d1 X:00b4 Y:0005 S:01e6 D:0000 DB:00 NvMXdizc V: 85 H: 926 F:15
c01cc3 bne $1cbf     [c01cbf] A:b1d1 X:00b5 Y:0005 S:01e6 D:0000 DB:00 NvMXdizc V: 85 H: 938 F:15
c01cbf stz $0200,x   [0002b5] A:b1d1 X:00b5 Y:0005 S:01e6 D:0000 DB:00 NvMXdizc V: 85 H: 956 F:15
c01cc2 inx                    A:b1d1 X:00b5 Y:0005 S:01e6 D:0000 DB:00 NvMXdizc V: 85 H: 988 F:15
c01cc3 bne $1cbf     [c01cbf] A:b1d1 X:00b6 Y:0005 S:01e6 D:0000 DB:00 NvMXdizc V: 85 H:1000 F:15
c01cbf stz $0200,x   [0002b6] A:b1d1 X:00b6 Y:0005 S:01e6 D:0000 DB:00 NvMXdizc V: 85 H:1018 F:15
c01cc2 inx                    A:b1d1 X:00b6 Y:0005 S:01e6 D:0000 DB:00 NvMXdizc V: 85 H:1050 F:15
c01cc3 bne $1cbf     [c01cbf] A:b1d1 X:00b7 Y:0005 S:01e6 D:0000 DB:00 NvMXdizc V: 85 H:1062 F:15
c01cbf stz $0200,x   [0002b7] A:b1d1 X:00b7 Y:0005 S:01e6 D:0000 DB:00 NvMXdizc V: 85 H:1080 F:15
c01cc2 inx                    A:b1d1 X:00b7 Y:0005 S:01e6 D:0000 DB:00 NvMXdizc V: 85 H:1112 F:15
c01cc3 bne $1cbf     [c01cbf] A:b1d1 X:00b8 Y:0005 S:01e6 D:0000 DB:00 NvMXdizc V: 85 H:1124 F:15
c01cbf stz $0200,x   [0002b8] A:b1d1 X:00b8 Y:0005 S:01e6 D:0000 DB:00 NvMXdizc V: 85 H:1142 F:15
c01cc2 inx                    A:b1d1 X:00b8 Y:0005 S:01e6 D:0000 DB:00 NvMXdizc V: 85 H:1174 F:15
c01cc3 bne $1cbf     [c01cbf] A:b1d1 X:00b9 Y:0005 S:01e6 D:0000 DB:00 NvMXdizc V: 85 H:1186 F:15
c01cbf stz $0200,x   [0002b9] A:b1d1 X:00b9 Y:0005 S:01e6 D:0000 DB:00 NvMXdizc V: 85 H:1204 F:15
c01cc2 inx                    A:b1d1 X:00b9 Y:0005 S:01e6 D:0000 DB:00 NvMXdizc V: 85 H:1236 F:15
c01cc3 bne $1cbf     [c01cbf] A:b1d1 X:00ba Y:0005 S:01e6 D:0000 DB:00 NvMXdizc V: 85 H:1248 F:15
c01cbf stz $0200,x   [0002ba] A:b1d1 X:00ba Y:0005 S:01e6 D:0000 DB:00 NvMXdizc V: 85 H:1266 F:15
c01cc2 inx                    A:b1d1 X:00ba Y:0005 S:01e6 D:0000 DB:00 NvMXdizc V: 85 H:1298 F:15
c01cc3 bne $1cbf     [c01cbf] A:b1d1 X:00bb Y:0005 S:01e6 D:0000 DB:00 NvMXdizc V: 85 H:1310 F:15
c01cbf stz $0200,x   [0002bb] A:b1d1 X:00bb Y:0005 S:01e6 D:0000 DB:00 NvMXdizc V: 85 H:1328 F:15
c01cc2 inx                    A:b1d1 X:00bb Y:0005 S:01e6 D:0000 DB:00 NvMXdizc V: 85 H:1360 F:15
c01cc3 bne $1cbf     [c01cbf] A:b1d1 X:00bc Y:0005 S:01e6 D:0000 DB:00 NvMXdizc V: 86 H:   8 F:15
c01cbf stz $0200,x   [0002bc] A:b1d1 X:00bc Y:0005 S:01e6 D:0000 DB:00 NvMXdizc V: 86 H:  26 F:15
c01cc2 inx                    A:b1d1 X:00bc Y:0005 S:01e6 D:0000 DB:00 NvMXdizc V: 86 H:  58 F:15
c01cc3 bne $1cbf     [c01cbf] A:b1d1 X:00bd Y:0005 S:01e6 D:0000 DB:00 NvMXdizc V: 86 H:  70 F:15
c01cbf stz $0200,x   [0002bd] A:b1d1 X:00bd Y:0005 S:01e6 D:0000 DB:00 NvMXdizc V: 86 H:  88 F:15
c01cc2 inx                    A:b1d1 X:00bd Y:0005 S:01e6 D:0000 DB:00 NvMXdizc V: 86 H: 120 F:15
c01cc3 bne $1cbf     [c01cbf] A:b1d1 X:00be Y:0005 S:01e6 D:0000 DB:00 NvMXdizc V: 86 H: 132 F:15
c01cbf stz $0200,x   [0002be] A:b1d1 X:00be Y:0005 S:01e6 D:0000 DB:00 NvMXdizc V: 86 H: 150 F:15
c01cc2 inx                    A:b1d1 X:00be Y:0005 S:01e6 D:0000 DB:00 NvMXdizc V: 86 H: 182 F:15
c01cc3 bne $1cbf     [c01cbf] A:b1d1 X:00bf Y:0005 S:01e6 D:0000 DB:00 NvMXdizc V: 86 H: 194 F:15
c01cbf stz $0200,x   [0002bf] A:b1d1 X:00bf Y:0005 S:01e6 D:0000 DB:00 NvMXdizc V: 86 H: 212 F:15
c01cc2 inx                    A:b1d1 X:00bf Y:0005 S:01e6 D:0000 DB:00 NvMXdizc V: 86 H: 244 F:15
c01cc3 bne $1cbf     [c01cbf] A:b1d1 X:00c0 Y:0005 S:01e6 D:0000 DB:00 NvMXdizc V: 86 H: 256 F:15
c01cbf stz $0200,x   [0002c0] A:b1d1 X:00c0 Y:0005 S:01e6 D:0000 DB:00 NvMXdizc V: 86 H: 274 F:15
c01cc2 inx                    A:b1d1 X:00c0 Y:0005 S:01e6 D:0000 DB:00 NvMXdizc V: 86 H: 306 F:15
c01cc3 bne $1cbf     [c01cbf] A:b1d1 X:00c1 Y:0005 S:01e6 D:0000 DB:00 NvMXdizc V: 86 H: 318 F:15
c01cbf stz $0200,x   [0002c1] A:b1d1 X:00c1 Y:0005 S:01e6 D:0000 DB:00 NvMXdizc V: 86 H: 336 F:15
c01cc2 inx                    A:b1d1 X:00c1 Y:0005 S:01e6 D:0000 DB:00 NvMXdizc V: 86 H: 368 F:15
c01cc3 bne $1cbf     [c01cbf] A:b1d1 X:00c2 Y:0005 S:01e6 D:0000 DB:00 NvMXdizc V: 86 H: 380 F:15
c01cbf stz $0200,x   [0002c2] A:b1d1 X:00c2 Y:0005 S:01e6 D:0000 DB:00 NvMXdizc V: 86 H: 398 F:15
c01cc2 inx                    A:b1d1 X:00c2 Y:0005 S:01e6 D:0000 DB:00 NvMXdizc V: 86 H: 430 F:15
c01cc3 bne $1cbf     [c01cbf] A:b1d1 X:00c3 Y:0005 S:01e6 D:0000 DB:00 NvMXdizc V: 86 H: 442 F:15
c01cbf stz $0200,x   [0002c3] A:b1d1 X:00c3 Y:0005 S:01e6 D:0000 DB:00 NvMXdizc V: 86 H: 460 F:15
c01cc2 inx                    A:b1d1 X:00c3 Y:0005 S:01e6 D:0000 DB:00 NvMXdizc V: 86 H: 492 F:15
c01cc3 bne $1cbf     [c01cbf] A:b1d1 X:00c4 Y:0005 S:01e6 D:0000 DB:00 NvMXdizc V: 86 H: 504 F:15
c01cbf stz $0200,x   [0002c4] A:b1d1 X:00c4 Y:0005 S:01e6 D:0000 DB:00 NvMXdizc V: 86 H: 522 F:15
c01cc2 inx                    A:b1d1 X:00c4 Y:0005 S:01e6 D:0000 DB:00 NvMXdizc V: 86 H: 594 F:15
c01cc3 bne $1cbf     [c01cbf] A:b1d1 X:00c5 Y:0005 S:01e6 D:0000 DB:00 NvMXdizc V: 86 H: 606 F:15
c01cbf stz $0200,x   [0002c5] A:b1d1 X:00c5 Y:0005 S:01e6 D:0000 DB:00 NvMXdizc V: 86 H: 624 F:15
c01cc2 inx                    A:b1d1 X:00c5 Y:0005 S:01e6 D:0000 DB:00 NvMXdizc V: 86 H: 656 F:15
c01cc3 bne $1cbf     [c01cbf] A:b1d1 X:00c6 Y:0005 S:01e6 D:0000 DB:00 NvMXdizc V: 86 H: 668 F:15
c01cbf stz $0200,x   [0002c6] A:b1d1 X:00c6 Y:0005 S:01e6 D:0000 DB:00 NvMXdizc V: 86 H: 686 F:15
c01cc2 inx                    A:b1d1 X:00c6 Y:0005 S:01e6 D:0000 DB:00 NvMXdizc V: 86 H: 718 F:15
c01cc3 bne $1cbf     [c01cbf] A:b1d1 X:00c7 Y:0005 S:01e6 D:0000 DB:00 NvMXdizc V: 86 H: 730 F:15
c01cbf stz $0200,x   [0002c7] A:b1d1 X:00c7 Y:0005 S:01e6 D:0000 DB:00 NvMXdizc V: 86 H: 748 F:15
c01cc2 inx                    A:b1d1 X:00c7 Y:0005 S:01e6 D:0000 DB:00 NvMXdizc V: 86 H: 780 F:15
c01cc3 bne $1cbf     [c01cbf] A:b1d1 X:00c8 Y:0005 S:01e6 D:0000 DB:00 NvMXdizc V: 86 H: 792 F:15
c01cbf stz $0200,x   [0002c8] A:b1d1 X:00c8 Y:0005 S:01e6 D:0000 DB:00 NvMXdizc V: 86 H: 810 F:15
c01cc2 inx                    A:b1d1 X:00c8 Y:0005 S:01e6 D:0000 DB:00 NvMXdizc V: 86 H: 842 F:15
c01cc3 bne $1cbf     [c01cbf] A:b1d1 X:00c9 Y:0005 S:01e6 D:0000 DB:00 NvMXdizc V: 86 H: 854 F:15
c01cbf stz $0200,x   [0002c9] A:b1d1 X:00c9 Y:0005 S:01e6 D:0000 DB:00 NvMXdizc V: 86 H: 872 F:15
c01cc2 inx                    A:b1d1 X:00c9 Y:0005 S:01e6 D:0000 DB:00 NvMXdizc V: 86 H: 904 F:15
c01cc3 bne $1cbf     [c01cbf] A:b1d1 X:00ca Y:0005 S:01e6 D:0000 DB:00 NvMXdizc V: 86 H: 916 F:15
c01cbf stz $0200,x   [0002ca] A:b1d1 X:00ca Y:0005 S:01e6 D:0000 DB:00 NvMXdizc V: 86 H: 934 F:15
c01cc2 inx                    A:b1d1 X:00ca Y:0005 S:01e6 D:0000 DB:00 NvMXdizc V: 86 H: 966 F:15
c01cc3 bne $1cbf     [c01cbf] A:b1d1 X:00cb Y:0005 S:01e6 D:0000 DB:00 NvMXdizc V: 86 H: 978 F:15
c01cbf stz $0200,x   [0002cb] A:b1d1 X:00cb Y:0005 S:01e6 D:0000 DB:00 NvMXdizc V: 86 H: 996 F:15
c01cc2 inx                    A:b1d1 X:00cb Y:0005 S:01e6 D:0000 DB:00 NvMXdizc V: 86 H:1028 F:15
c01cc3 bne $1cbf     [c01cbf] A:b1d1 X:00cc Y:0005 S:01e6 D:0000 DB:00 NvMXdizc V: 86 H:1040 F:15
c01cbf stz $0200,x   [0002cc] A:b1d1 X:00cc Y:0005 S:01e6 D:0000 DB:00 NvMXdizc V: 86 H:1058 F:15
c01cc2 inx                    A:b1d1 X:00cc Y:0005 S:01e6 D:0000 DB:00 NvMXdizc V: 86 H:1090 F:15
c01cc3 bne $1cbf     [c01cbf] A:b1d1 X:00cd Y:0005 S:01e6 D:0000 DB:00 NvMXdizc V: 86 H:1102 F:15
c01cbf stz $0200,x   [0002cd] A:b1d1 X:00cd Y:0005 S:01e6 D:0000 DB:00 NvMXdizc V: 86 H:1120 F:15
c01cc2 inx                    A:b1d1 X:00cd Y:0005 S:01e6 D:0000 DB:00 NvMXdizc V: 86 H:1152 F:15
c01cc3 bne $1cbf     [c01cbf] A:b1d1 X:00ce Y:0005 S:01e6 D:0000 DB:00 NvMXdizc V: 86 H:1164 F:15
c01cbf stz $0200,x   [0002ce] A:b1d1 X:00ce Y:0005 S:01e6 D:0000 DB:00 NvMXdizc V: 86 H:1182 F:15
c01cc2 inx                    A:b1d1 X:00ce Y:0005 S:01e6 D:0000 DB:00 NvMXdizc V: 86 H:1214 F:15
c01cc3 bne $1cbf     [c01cbf] A:b1d1 X:00cf Y:0005 S:01e6 D:0000 DB:00 NvMXdizc V: 86 H:1226 F:15
c01cbf stz $0200,x   [0002cf] A:b1d1 X:00cf Y:0005 S:01e6 D:0000 DB:00 NvMXdizc V: 86 H:1244 F:15
c01cc2 inx                    A:b1d1 X:00cf Y:0005 S:01e6 D:0000 DB:00 NvMXdizc V: 86 H:1276 F:15
c01cc3 bne $1cbf     [c01cbf] A:b1d1 X:00d0 Y:0005 S:01e6 D:0000 DB:00 NvMXdizc V: 86 H:1288 F:15
c01cbf stz $0200,x   [0002d0] A:b1d1 X:00d0 Y:0005 S:01e6 D:0000 DB:00 NvMXdizc V: 86 H:1306 F:15
c01cc2 inx                    A:b1d1 X:00d0 Y:0005 S:01e6 D:0000 DB:00 NvMXdizc V: 86 H:1338 F:15
c01cc3 bne $1cbf     [c01cbf] A:b1d1 X:00d1 Y:0005 S:01e6 D:0000 DB:00 NvMXdizc V: 86 H:1350 F:15
c01cbf stz $0200,x   [0002d1] A:b1d1 X:00d1 Y:0005 S:01e6 D:0000 DB:00 NvMXdizc V: 87 H:   4 F:15
c01cc2 inx                    A:b1d1 X:00d1 Y:0005 S:01e6 D:0000 DB:00 NvMXdizc V: 87 H:  36 F:15
c01cc3 bne $1cbf     [c01cbf] A:b1d1 X:00d2 Y:0005 S:01e6 D:0000 DB:00 NvMXdizc V: 87 H:  48 F:15
c01cbf stz $0200,x   [0002d2] A:b1d1 X:00d2 Y:0005 S:01e6 D:0000 DB:00 NvMXdizc V: 87 H:  66 F:15
c01cc2 inx                    A:b1d1 X:00d2 Y:0005 S:01e6 D:0000 DB:00 NvMXdizc V: 87 H:  98 F:15
c01cc3 bne $1cbf     [c01cbf] A:b1d1 X:00d3 Y:0005 S:01e6 D:0000 DB:00 NvMXdizc V: 87 H: 110 F:15
c01cbf stz $0200,x   [0002d3] A:b1d1 X:00d3 Y:0005 S:01e6 D:0000 DB:00 NvMXdizc V: 87 H: 128 F:15
c01cc2 inx                    A:b1d1 X:00d3 Y:0005 S:01e6 D:0000 DB:00 NvMXdizc V: 87 H: 160 F:15
c01cc3 bne $1cbf     [c01cbf] A:b1d1 X:00d4 Y:0005 S:01e6 D:0000 DB:00 NvMXdizc V: 87 H: 172 F:15
c01cbf stz $0200,x   [0002d4] A:b1d1 X:00d4 Y:0005 S:01e6 D:0000 DB:00 NvMXdizc V: 87 H: 190 F:15
c01cc2 inx                    A:b1d1 X:00d4 Y:0005 S:01e6 D:0000 DB:00 NvMXdizc V: 87 H: 222 F:15
c01cc3 bne $1cbf     [c01cbf] A:b1d1 X:00d5 Y:0005 S:01e6 D:0000 DB:00 NvMXdizc V: 87 H: 234 F:15
c01cbf stz $0200,x   [0002d5] A:b1d1 X:00d5 Y:0005 S:01e6 D:0000 DB:00 NvMXdizc V: 87 H: 252 F:15
c01cc2 inx                    A:b1d1 X:00d5 Y:0005 S:01e6 D:0000 DB:00 NvMXdizc V: 87 H: 284 F:15
c01cc3 bne $1cbf     [c01cbf] A:b1d1 X:00d6 Y:0005 S:01e6 D:0000 DB:00 NvMXdizc V: 87 H: 296 F:15
c01cbf stz $0200,x   [0002d6] A:b1d1 X:00d6 Y:0005 S:01e6 D:0000 DB:00 NvMXdizc V: 87 H: 314 F:15
c01cc2 inx                    A:b1d1 X:00d6 Y:0005 S:01e6 D:0000 DB:00 NvMXdizc V: 87 H: 346 F:15
c01cc3 bne $1cbf     [c01cbf] A:b1d1 X:00d7 Y:0005 S:01e6 D:0000 DB:00 NvMXdizc V: 87 H: 358 F:15
c01cbf stz $0200,x   [0002d7] A:b1d1 X:00d7 Y:0005 S:01e6 D:0000 DB:00 NvMXdizc V: 87 H: 376 F:15
c01cc2 inx                    A:b1d1 X:00d7 Y:0005 S:01e6 D:0000 DB:00 NvMXdizc V: 87 H: 408 F:15
c01cc3 bne $1cbf     [c01cbf] A:b1d1 X:00d8 Y:0005 S:01e6 D:0000 DB:00 NvMXdizc V: 87 H: 420 F:15
c01cbf stz $0200,x   [0002d8] A:b1d1 X:00d8 Y:0005 S:01e6 D:0000 DB:00 NvMXdizc V: 87 H: 438 F:15
c01cc2 inx                    A:b1d1 X:00d8 Y:0005 S:01e6 D:0000 DB:00 NvMXdizc V: 87 H: 470 F:15
c01cc3 bne $1cbf     [c01cbf] A:b1d1 X:00d9 Y:0005 S:01e6 D:0000 DB:00 NvMXdizc V: 87 H: 482 F:15
c01cbf stz $0200,x   [0002d9] A:b1d1 X:00d9 Y:0005 S:01e6 D:0000 DB:00 NvMXdizc V: 87 H: 500 F:15
c01cc2 inx                    A:b1d1 X:00d9 Y:0005 S:01e6 D:0000 DB:00 NvMXdizc V: 87 H: 532 F:15
c01cc3 bne $1cbf     [c01cbf] A:b1d1 X:00da Y:0005 S:01e6 D:0000 DB:00 NvMXdizc V: 87 H: 584 F:15
c01cbf stz $0200,x   [0002da] A:b1d1 X:00da Y:0005 S:01e6 D:0000 DB:00 NvMXdizc V: 87 H: 602 F:15
c01cc2 inx                    A:b1d1 X:00da Y:0005 S:01e6 D:0000 DB:00 NvMXdizc V: 87 H: 634 F:15
c01cc3 bne $1cbf     [c01cbf] A:b1d1 X:00db Y:0005 S:01e6 D:0000 DB:00 NvMXdizc V: 87 H: 646 F:15
c01cbf stz $0200,x   [0002db] A:b1d1 X:00db Y:0005 S:01e6 D:0000 DB:00 NvMXdizc V: 87 H: 664 F:15
c01cc2 inx                    A:b1d1 X:00db Y:0005 S:01e6 D:0000 DB:00 NvMXdizc V: 87 H: 696 F:15
c01cc3 bne $1cbf     [c01cbf] A:b1d1 X:00dc Y:0005 S:01e6 D:0000 DB:00 NvMXdizc V: 87 H: 708 F:15
c01cbf stz $0200,x   [0002dc] A:b1d1 X:00dc Y:0005 S:01e6 D:0000 DB:00 NvMXdizc V: 87 H: 726 F:15
c01cc2 inx                    A:b1d1 X:00dc Y:0005 S:01e6 D:0000 DB:00 NvMXdizc V: 87 H: 758 F:15
c01cc3 bne $1cbf     [c01cbf] A:b1d1 X:00dd Y:0005 S:01e6 D:0000 DB:00 NvMXdizc V: 87 H: 770 F:15
c01cbf stz $0200,x   [0002dd] A:b1d1 X:00dd Y:0005 S:01e6 D:0000 DB:00 NvMXdizc V: 87 H: 788 F:15
c01cc2 inx                    A:b1d1 X:00dd Y:0005 S:01e6 D:0000 DB:00 NvMXdizc V: 87 H: 820 F:15
c01cc3 bne $1cbf     [c01cbf] A:b1d1 X:00de Y:0005 S:01e6 D:0000 DB:00 NvMXdizc V: 87 H: 832 F:15
c01cbf stz $0200,x   [0002de] A:b1d1 X:00de Y:0005 S:01e6 D:0000 DB:00 NvMXdizc V: 87 H: 850 F:15
c01cc2 inx                    A:b1d1 X:00de Y:0005 S:01e6 D:0000 DB:00 NvMXdizc V: 87 H: 882 F:15
c01cc3 bne $1cbf     [c01cbf] A:b1d1 X:00df Y:0005 S:01e6 D:0000 DB:00 NvMXdizc V: 87 H: 894 F:15
c01cbf stz $0200,x   [0002df] A:b1d1 X:00df Y:0005 S:01e6 D:0000 DB:00 NvMXdizc V: 87 H: 912 F:15
c01cc2 inx                    A:b1d1 X:00df Y:0005 S:01e6 D:0000 DB:00 NvMXdizc V: 87 H: 944 F:15
c01cc3 bne $1cbf     [c01cbf] A:b1d1 X:00e0 Y:0005 S:01e6 D:0000 DB:00 NvMXdizc V: 87 H: 956 F:15
c01cbf stz $0200,x   [0002e0] A:b1d1 X:00e0 Y:0005 S:01e6 D:0000 DB:00 NvMXdizc V: 87 H: 974 F:15
c01cc2 inx                    A:b1d1 X:00e0 Y:0005 S:01e6 D:0000 DB:00 NvMXdizc V: 87 H:1006 F:15
c01cc3 bne $1cbf     [c01cbf] A:b1d1 X:00e1 Y:0005 S:01e6 D:0000 DB:00 NvMXdizc V: 87 H:1018 F:15
c01cbf stz $0200,x   [0002e1] A:b1d1 X:00e1 Y:0005 S:01e6 D:0000 DB:00 NvMXdizc V: 87 H:1036 F:15
c01cc2 inx                    A:b1d1 X:00e1 Y:0005 S:01e6 D:0000 DB:00 NvMXdizc V: 87 H:1068 F:15
c01cc3 bne $1cbf     [c01cbf] A:b1d1 X:00e2 Y:0005 S:01e6 D:0000 DB:00 NvMXdizc V: 87 H:1080 F:15
c01cbf stz $0200,x   [0002e2] A:b1d1 X:00e2 Y:0005 S:01e6 D:0000 DB:00 NvMXdizc V: 87 H:1098 F:15
c01cc2 inx                    A:b1d1 X:00e2 Y:0005 S:01e6 D:0000 DB:00 NvMXdizc V: 87 H:1130 F:15
c01cc3 bne $1cbf     [c01cbf] A:b1d1 X:00e3 Y:0005 S:01e6 D:0000 DB:00 NvMXdizc V: 87 H:1142 F:15
c01cbf stz $0200,x   [0002e3] A:b1d1 X:00e3 Y:0005 S:01e6 D:0000 DB:00 NvMXdizc V: 87 H:1160 F:15
c01cc2 inx                    A:b1d1 X:00e3 Y:0005 S:01e6 D:0000 DB:00 NvMXdizc V: 87 H:1192 F:15
c01cc3 bne $1cbf     [c01cbf] A:b1d1 X:00e4 Y:0005 S:01e6 D:0000 DB:00 NvMXdizc V: 87 H:1204 F:15
c01cbf stz $0200,x   [0002e4] A:b1d1 X:00e4 Y:0005 S:01e6 D:0000 DB:00 NvMXdizc V: 87 H:1222 F:15
c01cc2 inx                    A:b1d1 X:00e4 Y:0005 S:01e6 D:0000 DB:00 NvMXdizc V: 87 H:1254 F:15
c01cc3 bne $1cbf     [c01cbf] A:b1d1 X:00e5 Y:0005 S:01e6 D:0000 DB:00 NvMXdizc V: 87 H:1266 F:15
c01cbf stz $0200,x   [0002e5] A:b1d1 X:00e5 Y:0005 S:01e6 D:0000 DB:00 NvMXdizc V: 87 H:1284 F:15
c01cc2 inx                    A:b1d1 X:00e5 Y:0005 S:01e6 D:0000 DB:00 NvMXdizc V: 87 H:1316 F:15
c01cc3 bne $1cbf     [c01cbf] A:b1d1 X:00e6 Y:0005 S:01e6 D:0000 DB:00 NvMXdizc V: 87 H:1328 F:15
c01cbf stz $0200,x   [0002e6] A:b1d1 X:00e6 Y:0005 S:01e6 D:0000 DB:00 NvMXdizc V: 87 H:1346 F:15
c01cc2 inx                    A:b1d1 X:00e6 Y:0005 S:01e6 D:0000 DB:00 NvMXdizc V: 88 H:  14 F:15
c01cc3 bne $1cbf     [c01cbf] A:b1d1 X:00e7 Y:0005 S:01e6 D:0000 DB:00 NvMXdizc V: 88 H:  26 F:15
c01cbf stz $0200,x   [0002e7] A:b1d1 X:00e7 Y:0005 S:01e6 D:0000 DB:00 NvMXdizc V: 88 H:  44 F:15
c01cc2 inx                    A:b1d1 X:00e7 Y:0005 S:01e6 D:0000 DB:00 NvMXdizc V: 88 H:  76 F:15
c01cc3 bne $1cbf     [c01cbf] A:b1d1 X:00e8 Y:0005 S:01e6 D:0000 DB:00 NvMXdizc V: 88 H:  88 F:15
c01cbf stz $0200,x   [0002e8] A:b1d1 X:00e8 Y:0005 S:01e6 D:0000 DB:00 NvMXdizc V: 88 H: 106 F:15
c01cc2 inx                    A:b1d1 X:00e8 Y:0005 S:01e6 D:0000 DB:00 NvMXdizc V: 88 H: 138 F:15
c01cc3 bne $1cbf     [c01cbf] A:b1d1 X:00e9 Y:0005 S:01e6 D:0000 DB:00 NvMXdizc V: 88 H: 150 F:15
c01cbf stz $0200,x   [0002e9] A:b1d1 X:00e9 Y:0005 S:01e6 D:0000 DB:00 NvMXdizc V: 88 H: 168 F:15
c01cc2 inx                    A:b1d1 X:00e9 Y:0005 S:01e6 D:0000 DB:00 NvMXdizc V: 88 H: 200 F:15
c01cc3 bne $1cbf     [c01cbf] A:b1d1 X:00ea Y:0005 S:01e6 D:0000 DB:00 NvMXdizc V: 88 H: 212 F:15
c01cbf stz $0200,x   [0002ea] A:b1d1 X:00ea Y:0005 S:01e6 D:0000 DB:00 NvMXdizc V: 88 H: 230 F:15
c01cc2 inx                    A:b1d1 X:00ea Y:0005 S:01e6 D:0000 DB:00 NvMXdizc V: 88 H: 262 F:15
c01cc3 bne $1cbf     [c01cbf] A:b1d1 X:00eb Y:0005 S:01e6 D:0000 DB:00 NvMXdizc V: 88 H: 274 F:15
c01cbf stz $0200,x   [0002eb] A:b1d1 X:00eb Y:0005 S:01e6 D:0000 DB:00 NvMXdizc V: 88 H: 292 F:15
c01cc2 inx                    A:b1d1 X:00eb Y:0005 S:01e6 D:0000 DB:00 NvMXdizc V: 88 H: 324 F:15
c01cc3 bne $1cbf     [c01cbf] A:b1d1 X:00ec Y:0005 S:01e6 D:0000 DB:00 NvMXdizc V: 88 H: 336 F:15
c01cbf stz $0200,x   [0002ec] A:b1d1 X:00ec Y:0005 S:01e6 D:0000 DB:00 NvMXdizc V: 88 H: 354 F:15
c01cc2 inx                    A:b1d1 X:00ec Y:0005 S:01e6 D:0000 DB:00 NvMXdizc V: 88 H: 386 F:15
c01cc3 bne $1cbf     [c01cbf] A:b1d1 X:00ed Y:0005 S:01e6 D:0000 DB:00 NvMXdizc V: 88 H: 398 F:15
c01cbf stz $0200,x   [0002ed] A:b1d1 X:00ed Y:0005 S:01e6 D:0000 DB:00 NvMXdizc V: 88 H: 416 F:15
c01cc2 inx                    A:b1d1 X:00ed Y:0005 S:01e6 D:0000 DB:00 NvMXdizc V: 88 H: 448 F:15
c01cc3 bne $1cbf     [c01cbf] A:b1d1 X:00ee Y:0005 S:01e6 D:0000 DB:00 NvMXdizc V: 88 H: 460 F:15
c01cbf stz $0200,x   [0002ee] A:b1d1 X:00ee Y:0005 S:01e6 D:0000 DB:00 NvMXdizc V: 88 H: 478 F:15
c01cc2 inx                    A:b1d1 X:00ee Y:0005 S:01e6 D:0000 DB:00 NvMXdizc V: 88 H: 510 F:15
c01cc3 bne $1cbf     [c01cbf] A:b1d1 X:00ef Y:0005 S:01e6 D:0000 DB:00 NvMXdizc V: 88 H: 522 F:15
c01cbf stz $0200,x   [0002ef] A:b1d1 X:00ef Y:0005 S:01e6 D:0000 DB:00 NvMXdizc V: 88 H: 580 F:15
c01cc2 inx                    A:b1d1 X:00ef Y:0005 S:01e6 D:0000 DB:00 NvMXdizc V: 88 H: 612 F:15
c01cc3 bne $1cbf     [c01cbf] A:b1d1 X:00f0 Y:0005 S:01e6 D:0000 DB:00 NvMXdizc V: 88 H: 624 F:15
c01cbf stz $0200,x   [0002f0] A:b1d1 X:00f0 Y:0005 S:01e6 D:0000 DB:00 NvMXdizc V: 88 H: 642 F:15
c01cc2 inx                    A:b1d1 X:00f0 Y:0005 S:01e6 D:0000 DB:00 NvMXdizc V: 88 H: 674 F:15
c01cc3 bne $1cbf     [c01cbf] A:b1d1 X:00f1 Y:0005 S:01e6 D:0000 DB:00 NvMXdizc V: 88 H: 686 F:15
c01cbf stz $0200,x   [0002f1] A:b1d1 X:00f1 Y:0005 S:01e6 D:0000 DB:00 NvMXdizc V: 88 H: 704 F:15
c01cc2 inx                    A:b1d1 X:00f1 Y:0005 S:01e6 D:0000 DB:00 NvMXdizc V: 88 H: 736 F:15
c01cc3 bne $1cbf     [c01cbf] A:b1d1 X:00f2 Y:0005 S:01e6 D:0000 DB:00 NvMXdizc V: 88 H: 748 F:15
c01cbf stz $0200,x   [0002f2] A:b1d1 X:00f2 Y:0005 S:01e6 D:0000 DB:00 NvMXdizc V: 88 H: 766 F:15
c01cc2 inx                    A:b1d1 X:00f2 Y:0005 S:01e6 D:0000 DB:00 NvMXdizc V: 88 H: 798 F:15
c01cc3 bne $1cbf     [c01cbf] A:b1d1 X:00f3 Y:0005 S:01e6 D:0000 DB:00 NvMXdizc V: 88 H: 810 F:15
c01cbf stz $0200,x   [0002f3] A:b1d1 X:00f3 Y:0005 S:01e6 D:0000 DB:00 NvMXdizc V: 88 H: 828 F:15
c01cc2 inx                    A:b1d1 X:00f3 Y:0005 S:01e6 D:0000 DB:00 NvMXdizc V: 88 H: 860 F:15
c01cc3 bne $1cbf     [c01cbf] A:b1d1 X:00f4 Y:0005 S:01e6 D:0000 DB:00 NvMXdizc V: 88 H: 872 F:15
c01cbf stz $0200,x   [0002f4] A:b1d1 X:00f4 Y:0005 S:01e6 D:0000 DB:00 NvMXdizc V: 88 H: 890 F:15
c01cc2 inx                    A:b1d1 X:00f4 Y:0005 S:01e6 D:0000 DB:00 NvMXdizc V: 88 H: 922 F:15
c01cc3 bne $1cbf     [c01cbf] A:b1d1 X:00f5 Y:0005 S:01e6 D:0000 DB:00 NvMXdizc V: 88 H: 934 F:15
c01cbf stz $0200,x   [0002f5] A:b1d1 X:00f5 Y:0005 S:01e6 D:0000 DB:00 NvMXdizc V: 88 H: 952 F:15
c01cc2 inx                    A:b1d1 X:00f5 Y:0005 S:01e6 D:0000 DB:00 NvMXdizc V: 88 H: 984 F:15
c01cc3 bne $1cbf     [c01cbf] A:b1d1 X:00f6 Y:0005 S:01e6 D:0000 DB:00 NvMXdizc V: 88 H: 996 F:15
c01cbf stz $0200,x   [0002f6] A:b1d1 X:00f6 Y:0005 S:01e6 D:0000 DB:00 NvMXdizc V: 88 H:1014 F:15
c01cc2 inx                    A:b1d1 X:00f6 Y:0005 S:01e6 D:0000 DB:00 NvMXdizc V: 88 H:1046 F:15
c01cc3 bne $1cbf     [c01cbf] A:b1d1 X:00f7 Y:0005 S:01e6 D:0000 DB:00 NvMXdizc V: 88 H:1058 F:15
c01cbf stz $0200,x   [0002f7] A:b1d1 X:00f7 Y:0005 S:01e6 D:0000 DB:00 NvMXdizc V: 88 H:1076 F:15
c01cc2 inx                    A:b1d1 X:00f7 Y:0005 S:01e6 D:0000 DB:00 NvMXdizc V: 88 H:1108 F:15
c01cc3 bne $1cbf     [c01cbf] A:b1d1 X:00f8 Y:0005 S:01e6 D:0000 DB:00 NvMXdizc V: 88 H:1120 F:15
c01cbf stz $0200,x   [0002f8] A:b1d1 X:00f8 Y:0005 S:01e6 D:0000 DB:00 NvMXdizc V: 88 H:1138 F:15
c01cc2 inx                    A:b1d1 X:00f8 Y:0005 S:01e6 D:0000 DB:00 NvMXdizc V: 88 H:1170 F:15
c01cc3 bne $1cbf     [c01cbf] A:b1d1 X:00f9 Y:0005 S:01e6 D:0000 DB:00 NvMXdizc V: 88 H:1182 F:15
c01cbf stz $0200,x   [0002f9] A:b1d1 X:00f9 Y:0005 S:01e6 D:0000 DB:00 NvMXdizc V: 88 H:1200 F:15
c01cc2 inx                    A:b1d1 X:00f9 Y:0005 S:01e6 D:0000 DB:00 NvMXdizc V: 88 H:1232 F:15
c01cc3 bne $1cbf     [c01cbf] A:b1d1 X:00fa Y:0005 S:01e6 D:0000 DB:00 NvMXdizc V: 88 H:1244 F:15
c01cbf stz $0200,x   [0002fa] A:b1d1 X:00fa Y:0005 S:01e6 D:0000 DB:00 NvMXdizc V: 88 H:1262 F:15
c01cc2 inx                    A:b1d1 X:00fa Y:0005 S:01e6 D:0000 DB:00 NvMXdizc V: 88 H:1294 F:15
c01cc3 bne $1cbf     [c01cbf] A:b1d1 X:00fb Y:0005 S:01e6 D:0000 DB:00 NvMXdizc V: 88 H:1306 F:15
c01cbf stz $0200,x   [0002fb] A:b1d1 X:00fb Y:0005 S:01e6 D:0000 DB:00 NvMXdizc V: 88 H:1324 F:15
c01cc2 inx                    A:b1d1 X:00fb Y:0005 S:01e6 D:0000 DB:00 NvMXdizc V: 88 H:1356 F:15
c01cc3 bne $1cbf     [c01cbf] A:b1d1 X:00fc Y:0005 S:01e6 D:0000 DB:00 NvMXdizc V: 89 H:   4 F:15
c01cbf stz $0200,x   [0002fc] A:b1d1 X:00fc Y:0005 S:01e6 D:0000 DB:00 NvMXdizc V: 89 H:  22 F:15
c01cc2 inx                    A:b1d1 X:00fc Y:0005 S:01e6 D:0000 DB:00 NvMXdizc V: 89 H:  54 F:15
c01cc3 bne $1cbf     [c01cbf] A:b1d1 X:00fd Y:0005 S:01e6 D:0000 DB:00 NvMXdizc V: 89 H:  66 F:15
c01cbf stz $0200,x   [0002fd] A:b1d1 X:00fd Y:0005 S:01e6 D:0000 DB:00 NvMXdizc V: 89 H:  84 F:15
c01cc2 inx                    A:b1d1 X:00fd Y:0005 S:01e6 D:0000 DB:00 NvMXdizc V: 89 H: 116 F:15
c01cc3 bne $1cbf     [c01cbf] A:b1d1 X:00fe Y:0005 S:01e6 D:0000 DB:00 NvMXdizc V: 89 H: 128 F:15
c01cbf stz $0200,x   [0002fe] A:b1d1 X:00fe Y:0005 S:01e6 D:0000 DB:00 NvMXdizc V: 89 H: 146 F:15
c01cc2 inx                    A:b1d1 X:00fe Y:0005 S:01e6 D:0000 DB:00 NvMXdizc V: 89 H: 178 F:15
c01cc3 bne $1cbf     [c01cbf] A:b1d1 X:00ff Y:0005 S:01e6 D:0000 DB:00 NvMXdizc V: 89 H: 190 F:15
c01cbf stz $0200,x   [0002ff] A:b1d1 X:00ff Y:0005 S:01e6 D:0000 DB:00 NvMXdizc V: 89 H: 208 F:15
c01cc2 inx                    A:b1d1 X:00ff Y:0005 S:01e6 D:0000 DB:00 NvMXdizc V: 89 H: 240 F:15
c01cc3 bne $1cbf     [c01cbf] A:b1d1 X:0000 Y:0005 S:01e6 D:0000 DB:00 nvMXdiZc V: 89 H: 252 F:15
c01cc5 stz $66       [000066] A:b1d1 X:0000 Y:0005 S:01e6 D:0000 DB:00 nvMXdiZc V: 89 H: 264 F:15
c01cc7 jsr $1d45     [c01d45] A:b1d1 X:0000 Y:0005 S:01e6 D:0000 DB:00 nvMXdiZc V: 89 H: 284 F:15
c01d45 lda [$60]     [d1b152] A:b1d1 X:0000 Y:0005 S:01e4 D:0000 DB:00 nvMXdiZc V: 89 H: 324 F:15
c01d47 sta $64       [000064] A:b104 X:0000 Y:0005 S:01e4 D:0000 DB:00 nvMXdizc V: 89 H: 366 F:15
c01d49 and #$1f               A:b104 X:0000 Y:0005 S:01e4 D:0000 DB:00 nvMXdizc V: 89 H: 386 F:15
c01d4b inc                    A:b104 X:0000 Y:0005 S:01e4 D:0000 DB:00 nvMXdizc V: 89 H: 398 F:15
c01d4c sta $65       [000065] A:b105 X:0000 Y:0005 S:01e4 D:0000 DB:00 nvMXdizc V: 89 H: 410 F:15
c01d4e lda $64       [000064] A:b105 X:0000 Y:0005 S:01e4 D:0000 DB:00 nvMXdizc V: 89 H: 430 F:15
c01d50 lsr a                  A:b104 X:0000 Y:0005 S:01e4 D:0000 DB:00 nvMXdizc V: 89 H: 450 F:15
c01d51 lsr a                  A:b102 X:0000 Y:0005 S:01e4 D:0000 DB:00 nvMXdizc V: 89 H: 462 F:15
c01d52 lsr a                  A:b101 X:0000 Y:0005 S:01e4 D:0000 DB:00 nvMXdizc V: 89 H: 474 F:15
c01d53 lsr a                  A:b100 X:0000 Y:0005 S:01e4 D:0000 DB:00 nvMXdiZC V: 89 H: 486 F:15
c01d54 and #$0e               A:b100 X:0000 Y:0005 S:01e4 D:0000 DB:00 nvMXdiZc V: 89 H: 498 F:15
c01d56 sta $64       [000064] A:b100 X:0000 Y:0005 S:01e4 D:0000 DB:00 nvMXdiZc V: 89 H: 510 F:15
c01d58 inc $60       [000060] A:b100 X:0000 Y:0005 S:01e4 D:0000 DB:00 nvMXdiZc V: 89 H: 530 F:15
c01d5a bne $1d62     [c01d62] A:b100 X:0000 Y:0005 S:01e4 D:0000 DB:00 nvMXdizc V: 89 H: 604 F:15
c01d62 rts                    A:b100 X:0000 Y:0005 S:01e4 D:0000 DB:00 nvMXdizc V: 89 H: 622 F:15
c01cca plx                    A:b100 X:0000 Y:0005 S:01e6 D:0000 DB:00 nvMXdizc V: 89 H: 662 F:15
c01ccb rtl                    A:b100 X:0012 Y:0005 S:01e7 D:0000 DB:00 nvMXdizc V: 89 H: 688 F:15
c000ee stz $0352     [000352] A:b100 X:0012 Y:0005 S:01ea D:0000 DB:00 nvMXdizc V: 89 H: 730 F:15
c000f1 jsr $0135     [c00135] A:b100 X:0012 Y:0005 S:01ea D:0000 DB:00 nvMXdizc V: 89 H: 756 F:15
c00135 lda $1d2a     [001d2a] A:b100 X:0012 Y:0005 S:01e8 D:0000 DB:00 nvMXdizc V: 89 H: 796 F:15
c00138 pha                    A:b10c X:0012 Y:0005 S:01e8 D:0000 DB:00 nvMXdizc V: 89 H: 822 F:15
c00139 ldy $1d35     [001d35] A:b10c X:0012 Y:0005 S:01e7 D:0000 DB:00 nvMXdizc V: 89 H: 842 F:15
c0013c jsl $c008e0   [c008e0] A:b10c X:0012 Y:0002 S:01e7 D:0000 DB:00 nvMXdizc V: 89 H: 868 F:15
c008e0 lda $1d28     [001d28] A:b10c X:0012 Y:0002 S:01e4 D:0000 DB:00 nvMXdizc V: 89 H: 922 F:15
c008e3 sta $b1       [0000b1] A:b116 X:0012 Y:0002 S:01e4 D:0000 DB:00 nvMXdizc V: 89 H: 948 F:15
c008e5 lda $1d2a     [001d2a] A:b116 X:0012 Y:0002 S:01e4 D:0000 DB:00 nvMXdizc V: 89 H: 968 F:15
c008e8 sta $b3       [0000b3] A:b10c X:0012 Y:0002 S:01e4 D:0000 DB:00 nvMXdizc V: 89 H: 994 F:15
c008ea jsr $0906     [c00906] A:b10c X:0012 Y:0002 S:01e4 D:0000 DB:00 nvMXdizc V: 89 H:1014 F:15
c00906 phy                    A:b10c X:0012 Y:0002 S:01e2 D:0000 DB:00 nvMXdizc V: 89 H:1054 F:15
c00907 lda $0372     [000372] A:b10c X:0012 Y:0002 S:01e1 D:0000 DB:00 nvMXdizc V: 89 H:1074 F:15
c0090a beq $0915     [c00915] A:b100 X:0012 Y:0002 S:01e1 D:0000 DB:00 nvMXdiZc V: 89 H:1100 F:15
c00915 sta $b5       [0000b5] A:b100 X:0012 Y:0002 S:01e1 D:0000 DB:00 nvMXdiZc V: 89 H:1118 F:15
c00917 stz $b2       [0000b2] A:b100 X:0012 Y:0002 S:01e1 D:0000 DB:00 nvMXdiZc V: 89 H:1138 F:15
c00919 stz $b4       [0000b4] A:b100 X:0012 Y:0002 S:01e1 D:0000 DB:00 nvMXdiZc V: 89 H:1158 F:15
c0091b lda $b1       [0000b1] A:b100 X:0012 Y:0002 S:01e1 D:0000 DB:00 nvMXdiZc V: 89 H:1178 F:15
c0091d clc                    A:b116 X:0012 Y:0002 S:01e1 D:0000 DB:00 nvMXdizc V: 89 H:1198 F:15
c0091e adc $036c     [00036c] A:b116 X:0012 Y:0002 S:01e1 D:0000 DB:00 nvMXdizc V: 89 H:1210 F:15
c00921 and #$7f               A:b116 X:0012 Y:0002 S:01e1 D:0000 DB:00 nvMXdizc V: 89 H:1236 F:15
c00923 ldy $b5       [0000b5] A:b116 X:0012 Y:0002 S:01e1 D:0000 DB:00 nvMXdizc V: 89 H:1248 F:15
c00925 bne $0929     [c00929] A:b116 X:0012 Y:0000 S:01e1 D:0000 DB:00 nvMXdiZc V: 89 H:1268 F:15
c00927 and #$3f               A:b116 X:0012 Y:0000 S:01e1 D:0000 DB:00 nvMXdiZc V: 89 H:1280 F:15
c00929 sta $b1       [0000b1] A:b116 X:0012 Y:0000 S:01e1 D:0000 DB:00 nvMXdizc V: 89 H:1292 F:15
c0092b lda $b3       [0000b3] A:b116 X:0012 Y:0000 S:01e1 D:0000 DB:00 nvMXdizc V: 89 H:1312 F:15
c0092d clc                    A:b10c X:0012 Y:0000 S:01e1 D:0000 DB:00 nvMXdizc V: 89 H:1332 F:15
c0092e adc $036d     [00036d] A:b10c X:0012 Y:0000 S:01e1 D:0000 DB:00 nvMXdizc V: 89 H:1344 F:15
c00931 and #$7f               A:b10c X:0012 Y:0000 S:01e1 D:0000 DB:00 nvMXdizc V: 90 H:   6 F:15
c00933 ldy $b5       [0000b5] A:b10c X:0012 Y:0000 S:01e1 D:0000 DB:00 nvMXdizc V: 90 H:  18 F:15
c00935 bne $0939     [c00939] A:b10c X:0012 Y:0000 S:01e1 D:0000 DB:00 nvMXdiZc V: 90 H:  38 F:15
c00937 and #$1f               A:b10c X:0012 Y:0000 S:01e1 D:0000 DB:00 nvMXdiZc V: 90 H:  50 F:15
c00939 sta $b3       [0000b3] A:b10c X:0012 Y:0000 S:01e1 D:0000 DB:00 nvMXdizc V: 90 H:  62 F:15
c0093b rep #$20               A:b10c X:0012 Y:0000 S:01e1 D:0000 DB:00 nvMXdizc V: 90 H:  82 F:15
c0093d ldy $b5       [0000b5] A:b10c X:0012 Y:0000 S:01e1 D:0000 DB:00 nvmXdizc V: 90 H: 100 F:15
c0093f bne $0956     [c00956] A:b10c X:0012 Y:0000 S:01e1 D:0000 DB:00 nvmXdiZc V: 90 H: 120 F:15
c00941 lda $b1       [0000b1] A:b10c X:0012 Y:0000 S:01e1 D:0000 DB:00 nvmXdiZc V: 90 H: 132 F:15
c00943 and #$0020             A:0016 X:0012 Y:0000 S:01e1 D:0000 DB:00 nvmXdizc V: 90 H: 160 F:15
c00946 asl a                  A:0000 X:0012 Y:0000 S:01e1 D:0000 DB:00 nvmXdiZc V: 90 H: 178 F:15
c00947 asl a                  A:0000 X:0012 Y:0000 S:01e1 D:0000 DB:00 nvmXdiZc V: 90 H: 190 F:15
c00948 asl a                  A:0000 X:0012 Y:0000 S:01e1 D:0000 DB:00 nvmXdiZc V: 90 H: 202 F:15
c00949 asl a                  A:0000 X:0012 Y:0000 S:01e1 D:0000 DB:00 nvmXdiZc V: 90 H: 214 F:15
c0094a asl a                  A:0000 X:0012 Y:0000 S:01e1 D:0000 DB:00 nvmXdiZc V: 90 H: 226 F:15
c0094b sta $9f       [00009f] A:0000 X:0012 Y:0000 S:01e1 D:0000 DB:00 nvmXdiZc V: 90 H: 238 F:15
c0094d lda $b1       [0000b1] A:0000 X:0012 Y:0000 S:01e1 D:0000 DB:00 nvmXdiZc V: 90 H: 266 F:15
c0094f and #$001f             A:0016 X:0012 Y:0000 S:01e1 D:0000 DB:00 nvmXdizc V: 90 H: 294 F:15
c00952 ora $9f       [00009f] A:0016 X:0012 Y:0000 S:01e1 D:0000 DB:00 nvmXdizc V: 90 H: 312 F:15
c00954 sta $b1       [0000b1] A:0016 X:0012 Y:0000 S:01e1 D:0000 DB:00 nvmXdizc V: 90 H: 340 F:15
c00956 lda $b3       [0000b3] A:0016 X:0012 Y:0000 S:01e1 D:0000 DB:00 nvmXdizc V: 90 H: 368 F:15
c00958 asl a                  A:000c X:0012 Y:0000 S:01e1 D:0000 DB:00 nvmXdizc V: 90 H: 396 F:15
c00959 asl a                  A:0018 X:0012 Y:0000 S:01e1 D:0000 DB:00 nvmXdizc V: 90 H: 408 F:15
c0095a asl a                  A:0030 X:0012 Y:0000 S:01e1 D:0000 DB:00 nvmXdizc V: 90 H: 420 F:15
c0095b asl a                  A:0060 X:0012 Y:0000 S:01e1 D:0000 DB:00 nvmXdizc V: 90 H: 432 F:15
c0095c asl a                  A:00c0 X:0012 Y:0000 S:01e1 D:0000 DB:00 nvmXdizc V: 90 H: 444 F:15
c0095d ldy $b5       [0000b5] A:0180 X:0012 Y:0000 S:01e1 D:0000 DB:00 nvmXdizc V: 90 H: 456 F:15
c0095f beq $0963     [c00963] A:0180 X:0012 Y:0000 S:01e1 D:0000 DB:00 nvmXdiZc V: 90 H: 476 F:15
c00963 ora $b1       [0000b1] A:0180 X:0012 Y:0000 S:01e1 D:0000 DB:00 nvmXdiZc V: 90 H: 494 F:15
c00965 ldy $0372     [000372] A:0196 X:0012 Y:0000 S:01e1 D:0000 DB:00 nvmXdizc V: 90 H: 522 F:15
c00968 bne $096e     [c0096e] A:0196 X:0012 Y:0000 S:01e1 D:0000 DB:00 nvmXdiZc V: 90 H: 588 F:15
c0096a clc                    A:0196 X:0012 Y:0000 S:01e1 D:0000 DB:00 nvmXdiZc V: 90 H: 600 F:15
c0096b adc $036f     [00036f] A:0196 X:0012 Y:0000 S:01e1 D:0000 DB:00 nvmXdiZc V: 90 H: 612 F:15
c0096e sep #$20               A:3196 X:0012 Y:0000 S:01e1 D:0000 DB:00 nvmXdizc V: 90 H: 646 F:15
c00970 ply                    A:3196 X:0012 Y:0000 S:01e1 D:0000 DB:00 nvMXdizc V: 90 H: 664 F:15
c00971 rts                    A:3196 X:0012 Y:0002 S:01e2 D:0000 DB:00 nvMXdizc V: 90 H: 690 F:15
c008ed sta $08       [000008] A:3196 X:0012 Y:0002 S:01e4 D:0000 DB:00 nvMXdizc V: 90 H: 730 F:15
c008ef xba                    A:3196 X:0012 Y:0002 S:01e4 D:0000 DB:00 nvMXdizc V: 90 H: 750 F:15
c008f0 sta $09       [000009] A:9631 X:0012 Y:0002 S:01e4 D:0000 DB:00 nvMXdizc V: 90 H: 768 F:15
c008f2 rtl                    A:9631 X:0012 Y:0002 S:01e4 D:0000 DB:00 nvMXdizc V: 90 H: 788 F:15
c00140 rep #$20               A:9631 X:0012 Y:0002 S:01e7 D:0000 DB:00 nvMXdizc V: 90 H: 830 F:15
c00142 lda $08       [000008] A:9631 X:0012 Y:0002 S:01e7 D:0000 DB:00 nvmXdizc V: 90 H: 848 F:15
c00144 sta $ae       [0000ae] A:3196 X:0012 Y:0002 S:01e7 D:0000 DB:00 nvmXdizc V: 90 H: 876 F:15
c00146 sep #$20               A:3196 X:0012 Y:0002 S:01e7 D:0000 DB:00 nvmXdizc V: 90 H: 904 F:15
c00148 jsl $c00478   [c00478] A:3196 X:0012 Y:0002 S:01e7 D:0000 DB:00 nvMXdizc V: 90 H: 922 F:15
c00478 phx                    A:3196 X:0012 Y:0002 S:01e4 D:0000 DB:00 nvMXdizc V: 90 H: 976 F:15
c00479 rep #$30               A:3196 X:0012 Y:0002 S:01e3 D:0000 DB:00 nvMXdizc V: 90 H: 996 F:15
c0047b ldx $0357     [000357] A:3196 X:0012 Y:0002 S:01e3 D:0000 DB:00 nvmxdizc V: 90 H:1014 F:15
c0047e lda $ae       [0000ae] A:3196 X:3788 Y:0002 S:01e3 D:0000 DB:00 nvmxdizc V: 90 H:1048 F:15
c00480 sta $7e8004,x [7eb78c] A:3196 X:3788 Y:0002 S:01e3 D:0000 DB:00 nvmxdizc V: 90 H:1076 F:15
c00484 lda $0352     [000352] A:3196 X:3788 Y:0002 S:01e3 D:0000 DB:00 nvmxdizc V: 90 H:1116 F:15
c00487 sta $7e8000,x [7eb788] A:0000 X:3788 Y:0002 S:01e3 D:0000 DB:00 nvmxdiZc V: 90 H:1150 F:15
c0048b txa                    A:0000 X:3788 Y:0002 S:01e3 D:0000 DB:00 nvmxdiZc V: 90 H:1190 F:15
c0048c clc                    A:3788 X:3788 Y:0002 S:01e3 D:0000 DB:00 nvmxdizc V: 90 H:1202 F:15
c0048d adc #$0006             A:3788 X:3788 Y:0002 S:01e3 D:0000 DB:00 nvmxdizc V: 90 H:1214 F:15
c00490 sta $035b     [00035b] A:378e X:3788 Y:0002 S:01e3 D:0000 DB:00 nvmxdizc V: 90 H:1232 F:15
c00493 sep #$30               A:378e X:3788 Y:0002 S:01e3 D:0000 DB:00 nvmxdizc V: 90 H:1266 F:15
c00495 plx                    A:378e X:0088 Y:0002 S:01e3 D:0000 DB:00 nvMXdizc V: 90 H:1284 F:15
c00496 rtl                    A:378e X:0012 Y:0002 S:01e4 D:0000 DB:00 nvMXdizc V: 90 H:1310 F:15
c0014c ldx $1d34     [001d34] A:378e X:0012 Y:0002 S:01e7 D:0000 DB:00 nvMXdizc V: 90 H:1352 F:15
c0014f jsl $c01ccc   [c01ccc] A:378e X:0008 Y:0002 S:01e7 D:0000 DB:00 nvMXdizc V: 91 H:  14 F:15
c01ccc phx                    A:378e X:0008 Y:0002 S:01e4 D:0000 DB:00 nvMXdizc V: 91 H:  68 F:15
c01ccd ldx $64       [000064] A:378e X:0008 Y:0002 S:01e3 D:0000 DB:00 nvMXdizc V: 91 H:  88 F:15
c01ccf jsr ($1ce5,x) [c01ce5] A:378e X:0000 Y:0002 S:01e3 D:0000 DB:00 nvMXdiZc V: 91 H: 108 F:15
c01cf5 lda [$60]     [d1b153] A:378e X:0000 Y:0002 S:01e1 D:0000 DB:00 nvMXdiZc V: 91 H: 160 F:15
c01cf7 inc $60       [000060] A:3799 X:0000 Y:0002 S:01e1 D:0000 DB:00 NvMXdizc V: 91 H: 202 F:15
c01cf9 bne $1d01     [c01d01] A:3799 X:0000 Y:0002 S:01e1 D:0000 DB:00 nvMXdizc V: 91 H: 236 F:15
c01d01 rts                    A:3799 X:0000 Y:0002 S:01e1 D:0000 DB:00 nvMXdizc V: 91 H: 254 F:15
c01cd2 ldx $66       [000066] A:3799 X:0000 Y:0002 S:01e3 D:0000 DB:00 nvMXdizc V: 91 H: 294 F:15
c01cd4 sta $0200,x   [000200] A:3799 X:0000 Y:0002 S:01e3 D:0000 DB:00 nvMXdiZc V: 91 H: 314 F:15
c01cd7 inc $66       [000066] A:3799 X:0000 Y:0002 S:01e3 D:0000 DB:00 nvMXdiZc V: 91 H: 346 F:15
c01cd9 dec $65       [000065] A:3799 X:0000 Y:0002 S:01e3 D:0000 DB:00 nvMXdizc V: 91 H: 380 F:15
c01cdb bne $1ce0     [c01ce0] A:3799 X:0000 Y:0002 S:01e3 D:0000 DB:00 nvMXdizc V: 91 H: 414 F:15
c01ce0 lda $0200,x   [000200] A:3799 X:0000 Y:0002 S:01e3 D:0000 DB:00 nvMXdizc V: 91 H: 432 F:15
c01ce3 plx                    A:3799 X:0000 Y:0002 S:01e3 D:0000 DB:00 NvMXdizc V: 91 H: 458 F:15
c01ce4 rtl                    A:3799 X:0008 Y:0002 S:01e4 D:0000 DB:00 nvMXdizc V: 91 H: 484 F:15
c00153 sta $a5       [0000a5] A:3799 X:0008 Y:0002 S:01e7 D:0000 DB:00 nvMXdizc V: 91 H: 526 F:15
c00155 jsl $c01ccc   [c01ccc] A:3799 X:0008 Y:0002 S:01e7 D:0000 DB:00 nvMXdizc V: 91 H: 586 F:15
c01ccc phx                    A:3799 X:0008 Y:0002 S:01e4 D:0000 DB:00 nvMXdizc V: 91 H: 640 F:15
c01ccd ldx $64       [000064] A:3799 X:0008 Y:0002 S:01e3 D:0000 DB:00 nvMXdizc V: 91 H: 660 F:15
c01ccf jsr ($1ce5,x) [c01ce5] A:3799 X:0000 Y:0002 S:01e3 D:0000 DB:00 nvMXdiZc V: 91 H: 680 F:15
c01cf5 lda [$60]     [d1b154] A:3799 X:0000 Y:0002 S:01e1 D:0000 DB:00 nvMXdiZc V: 91 H: 732 F:15
c01cf7 inc $60       [000060] A:379a X:0000 Y:0002 S:01e1 D:0000 DB:00 NvMXdizc V: 91 H: 774 F:15
c01cf9 bne $1d01     [c01d01] A:379a X:0000 Y:0002 S:01e1 D:0000 DB:00 nvMXdizc V: 91 H: 808 F:15
c01d01 rts                    A:379a X:0000 Y:0002 S:01e1 D:0000 DB:00 nvMXdizc V: 91 H: 826 F:15
c01cd2 ldx $66       [000066] A:379a X:0000 Y:0002 S:01e3 D:0000 DB:00 nvMXdizc V: 91 H: 866 F:15
c01cd4 sta $0200,x   [000201] A:379a X:0001 Y:0002 S:01e3 D:0000 DB:00 nvMXdizc V: 91 H: 886 F:15
c01cd7 inc $66       [000066] A:379a X:0001 Y:0002 S:01e3 D:0000 DB:00 nvMXdizc V: 91 H: 918 F:15
c01cd9 dec $65       [000065] A:379a X:0001 Y:0002 S:01e3 D:0000 DB:00 nvMXdizc V: 91 H: 952 F:15
c01cdb bne $1ce0     [c01ce0] A:379a X:0001 Y:0002 S:01e3 D:0000 DB:00 nvMXdizc V: 91 H: 986 F:15
c01ce0 lda $0200,x   [000201] A:379a X:0001 Y:0002 S:01e3 D:0000 DB:00 nvMXdizc V: 91 H:1004 F:15
c01ce3 plx                    A:379a X:0001 Y:0002 S:01e3 D:0000 DB:00 NvMXdizc V: 91 H:1030 F:15
c01ce4 rtl                    A:379a X:0008 Y:0002 S:01e4 D:0000 DB:00 nvMXdizc V: 91 H:1056 F:15
c00159 sta $a6       [0000a6] A:379a X:0008 Y:0002 S:01e7 D:0000 DB:00 nvMXdizc V: 91 H:1098 F:15
c0015b jsl $c00497   [c00497] A:379a X:0008 Y:0002 S:01e7 D:0000 DB:00 nvMXdizc V: 91 H:1118 F:15
c00497 phx                    A:379a X:0008 Y:0002 S:01e4 D:0000 DB:00 nvMXdizc V: 91 H:1172 F:15
c00498 rep #$30               A:379a X:0008 Y:0002 S:01e3 D:0000 DB:00 nvMXdizc V: 91 H:1192 F:15
c0049a ldx $035b     [00035b] A:379a X:0008 Y:0002 S:01e3 D:0000 DB:00 nvmxdizc V: 91 H:1210 F:15
c0049d lda $a5       [0000a5] A:379a X:378e Y:0002 S:01e3 D:0000 DB:00 nvmxdizc V: 91 H:1244 F:15
c0049f sta $7e8000,x [7eb78e] A:9a99 X:378e Y:0002 S:01e3 D:0000 DB:00 Nvmxdizc V: 91 H:1272 F:15
c004a3 inx                    A:9a99 X:378e Y:0002 S:01e3 D:0000 DB:00 Nvmxdizc V: 91 H:1312 F:15
c004a4 inx                    A:9a99 X:378f Y:0002 S:01e3 D:0000 DB:00 nvmxdizc V: 91 H:1324 F:15
c004a5 stx $035b     [00035b] A:9a99 X:3790 Y:0002 S:01e3 D:0000 DB:00 nvmxdizc V: 91 H:1336 F:15
c004a8 sep #$30               A:9a99 X:3790 Y:0002 S:01e3 D:0000 DB:00 nvmxdizc V: 92 H:   6 F:15
c004aa plx                    A:9a99 X:0090 Y:0002 S:01e3 D:0000 DB:00 nvMXdizc V: 92 H:  24 F:15
c004ab rtl                    A:9a99 X:0008 Y:0002 S:01e4 D:0000 DB:00 nvMXdizc V: 92 H:  50 F:15
c0015f dex                    A:9a99 X:0008 Y:0002 S:01e7 D:0000 DB:00 nvMXdizc V: 92 H:  92 F:15
c00160 dex                    A:9a99 X:0007 Y:0002 S:01e7 D:0000 DB:00 nvMXdizc V: 92 H: 104 F:15
c00161 bne $014f     [c0014f] A:9a99 X:0006 Y:0002 S:01e7 D:0000 DB:00 nvMXdizc V: 92 H: 116 F:15
c0014f jsl $c01ccc   [c01ccc] A:9a99 X:0006 Y:0002 S:01e7 D:0000 DB:00 nvMXdizc V: 92 H: 134 F:15
c01ccc phx                    A:9a99 X:0006 Y:0002 S:01e4 D:0000 DB:00 nvMXdizc V: 92 H: 188 F:15
c01ccd ldx $64       [000064] A:9a99 X:0006 Y:0002 S:01e3 D:0000 DB:00 nvMXdizc V: 92 H: 208 F:15
c01ccf jsr ($1ce5,x) [c01ce5] A:9a99 X:0000 Y:0002 S:01e3 D:0000 DB:00 nvMXdiZc V: 92 H: 228 F:15
c01cf5 lda [$60]     [d1b155] A:9a99 X:0000 Y:0002 S:01e1 D:0000 DB:00 nvMXdiZc V: 92 H: 280 F:15
c01cf7 inc $60       [000060] A:9a56 X:0000 Y:0002 S:01e1 D:0000 DB:00 nvMXdizc V: 92 H: 322 F:15
c01cf9 bne $1d01     [c01d01] A:9a56 X:0000 Y:0002 S:01e1 D:0000 DB:00 nvMXdizc V: 92 H: 356 F:15
c01d01 rts                    A:9a56 X:0000 Y:0002 S:01e1 D:0000 DB:00 nvMXdizc V: 92 H: 374 F:15
c01cd2 ldx $66       [000066] A:9a56 X:0000 Y:0002 S:01e3 D:0000 DB:00 nvMXdizc V: 92 H: 414 F:15
c01cd4 sta $0200,x   [000202] A:9a56 X:0002 Y:0002 S:01e3 D:0000 DB:00 nvMXdizc V: 92 H: 434 F:15
c01cd7 inc $66       [000066] A:9a56 X:0002 Y:0002 S:01e3 D:0000 DB:00 nvMXdizc V: 92 H: 466 F:15
c01cd9 dec $65       [000065] A:9a56 X:0002 Y:0002 S:01e3 D:0000 DB:00 nvMXdizc V: 92 H: 500 F:15
c01cdb bne $1ce0     [c01ce0] A:9a56 X:0002 Y:0002 S:01e3 D:0000 DB:00 nvMXdizc V: 92 H: 574 F:15
c01ce0 lda $0200,x   [000202] A:9a56 X:0002 Y:0002 S:01e3 D:0000 DB:00 nvMXdizc V: 92 H: 592 F:15
c01ce3 plx                    A:9a56 X:0002 Y:0002 S:01e3 D:0000 DB:00 nvMXdizc V: 92 H: 618 F:15
c01ce4 rtl                    A:9a56 X:0006 Y:0002 S:01e4 D:0000 DB:00 nvMXdizc V: 92 H: 644 F:15
c00153 sta $a5       [0000a5] A:9a56 X:0006 Y:0002 S:01e7 D:0000 DB:00 nvMXdizc V: 92 H: 686 F:15
c00155 jsl $c01ccc   [c01ccc] A:9a56 X:0006 Y:0002 S:01e7 D:0000 DB:00 nvMXdizc V: 92 H: 706 F:15
c01ccc phx                    A:9a56 X:0006 Y:0002 S:01e4 D:0000 DB:00 nvMXdizc V: 92 H: 760 F:15
c01ccd ldx $64       [000064] A:9a56 X:0006 Y:0002 S:01e3 D:0000 DB:00 nvMXdizc V: 92 H: 780 F:15
c01ccf jsr ($1ce5,x) [c01ce5] A:9a56 X:0000 Y:0002 S:01e3 D:0000 DB:00 nvMXdiZc V: 92 H: 800 F:15
c01cf5 lda [$60]     [d1b156] A:9a56 X:0000 Y:0002 S:01e1 D:0000 DB:00 nvMXdiZc V: 92 H: 852 F:15
c01cf7 inc $60       [000060] A:9a91 X:0000 Y:0002 S:01e1 D:0000 DB:00 NvMXdizc V: 92 H: 894 F:15
c01cf9 bne $1d01     [c01d01] A:9a91 X:0000 Y:0002 S:01e1 D:0000 DB:00 nvMXdizc V: 92 H: 928 F:15
c01d01 rts                    A:9a91 X:0000 Y:0002 S:01e1 D:0000 DB:00 nvMXdizc V: 92 H: 946 F:15
c01cd2 ldx $66       [000066] A:9a91 X:0000 Y:0002 S:01e3 D:0000 DB:00 nvMXdizc V: 92 H: 986 F:15
c01cd4 sta $0200,x   [000203] A:9a91 X:0003 Y:0002 S:01e3 D:0000 DB:00 nvMXdizc V: 92 H:1006 F:15
c01cd7 inc $66       [000066] A:9a91 X:0003 Y:0002 S:01e3 D:0000 DB:00 nvMXdizc V: 92 H:1038 F:15
c01cd9 dec $65       [000065] A:9a91 X:0003 Y:0002 S:01e3 D:0000 DB:00 nvMXdizc V: 92 H:1072 F:15
c01cdb bne $1ce0     [c01ce0] A:9a91 X:0003 Y:0002 S:01e3 D:0000 DB:00 nvMXdizc V: 92 H:1106 F:15
c01ce0 lda $0200,x   [000203] A:9a91 X:0003 Y:0002 S:01e3 D:0000 DB:00 nvMXdizc V: 92 H:1124 F:15
c01ce3 plx                    A:9a91 X:0003 Y:0002 S:01e3 D:0000 DB:00 NvMXdizc V: 92 H:1150 F:15
c01ce4 rtl                    A:9a91 X:0006 Y:0002 S:01e4 D:0000 DB:00 nvMXdizc V: 92 H:1176 F:15
c00159 sta $a6       [0000a6] A:9a91 X:0006 Y:0002 S:01e7 D:0000 DB:00 nvMXdizc V: 92 H:1218 F:15
c0015b jsl $c00497   [c00497] A:9a91 X:0006 Y:0002 S:01e7 D:0000 DB:00 nvMXdizc V: 92 H:1238 F:15
c00497 phx                    A:9a91 X:0006 Y:0002 S:01e4 D:0000 DB:00 nvMXdizc V: 92 H:1292 F:15
c00498 rep #$30               A:9a91 X:0006 Y:0002 S:01e3 D:0000 DB:00 nvMXdizc V: 92 H:1312 F:15
c0049a ldx $035b     [00035b] A:9a91 X:0006 Y:0002 S:01e3 D:0000 DB:00 nvmxdizc V: 92 H:1330 F:15
c0049d lda $a5       [0000a5] A:9a91 X:3790 Y:0002 S:01e3 D:0000 DB:00 nvmxdizc V: 93 H:   0 F:15
c0049f sta $7e8000,x [7eb790] A:9156 X:3790 Y:0002 S:01e3 D:0000 DB:00 Nvmxdizc V: 93 H:  28 F:15
c004a3 inx                    A:9156 X:3790 Y:0002 S:01e3 D:0000 DB:00 Nvmxdizc V: 93 H:  68 F:15
c004a4 inx                    A:9156 X:3791 Y:0002 S:01e3 D:0000 DB:00 nvmxdizc V: 93 H:  80 F:15
c004a5 stx $035b     [00035b] A:9156 X:3792 Y:0002 S:01e3 D:0000 DB:00 nvmxdizc V: 93 H:  92 F:15
c004a8 sep #$30               A:9156 X:3792 Y:0002 S:01e3 D:0000 DB:00 nvmxdizc V: 93 H: 126 F:15
c004aa plx                    A:9156 X:0092 Y:0002 S:01e3 D:0000 DB:00 nvMXdizc V: 93 H: 144 F:15
c004ab rtl                    A:9156 X:0006 Y:0002 S:01e4 D:0000 DB:00 nvMXdizc V: 93 H: 170 F:15
c0015f dex                    A:9156 X:0006 Y:0002 S:01e7 D:0000 DB:00 nvMXdizc V: 93 H: 212 F:15
c00160 dex                    A:9156 X:0005 Y:0002 S:01e7 D:0000 DB:00 nvMXdizc V: 93 H: 224 F:15
c00161 bne $014f     [c0014f] A:9156 X:0004 Y:0002 S:01e7 D:0000 DB:00 nvMXdizc V: 93 H: 236 F:15
c0014f jsl $c01ccc   [c01ccc] A:9156 X:0004 Y:0002 S:01e7 D:0000 DB:00 nvMXdizc V: 93 H: 254 F:15
c01ccc phx                    A:9156 X:0004 Y:0002 S:01e4 D:0000 DB:00 nvMXdizc V: 93 H: 308 F:15
c01ccd ldx $64       [000064] A:9156 X:0004 Y:0002 S:01e3 D:0000 DB:00 nvMXdizc V: 93 H: 328 F:15
c01ccf jsr ($1ce5,x) [c01ce5] A:9156 X:0000 Y:0002 S:01e3 D:0000 DB:00 nvMXdiZc V: 93 H: 348 F:15
c01cf5 lda [$60]     [d1b157] A:9156 X:0000 Y:0002 S:01e1 D:0000 DB:00 nvMXdiZc V: 93 H: 400 F:15
c01cf7 inc $60       [000060] A:9192 X:0000 Y:0002 S:01e1 D:0000 DB:00 NvMXdizc V: 93 H: 442 F:15
c01cf9 bne $1d01     [c01d01] A:9192 X:0000 Y:0002 S:01e1 D:0000 DB:00 nvMXdizc V: 93 H: 476 F:15
c01d01 rts                    A:9192 X:0000 Y:0002 S:01e1 D:0000 DB:00 nvMXdizc V: 93 H: 494 F:15
c01cd2 ldx $66       [000066] A:9192 X:0000 Y:0002 S:01e3 D:0000 DB:00 nvMXdizc V: 93 H: 534 F:15
c01cd4 sta $0200,x   [000204] A:9192 X:0004 Y:0002 S:01e3 D:0000 DB:00 nvMXdizc V: 93 H: 594 F:15
c01cd7 inc $66       [000066] A:9192 X:0004 Y:0002 S:01e3 D:0000 DB:00 nvMXdizc V: 93 H: 626 F:15
c01cd9 dec $65       [000065] A:9192 X:0004 Y:0002 S:01e3 D:0000 DB:00 nvMXdizc V: 93 H: 660 F:15
c01cdb bne $1ce0     [c01ce0] A:9192 X:0004 Y:0002 S:01e3 D:0000 DB:00 nvMXdiZc V: 93 H: 694 F:15
c01cdd jsr $1d45     [c01d45] A:9192 X:0004 Y:0002 S:01e3 D:0000 DB:00 nvMXdiZc V: 93 H: 706 F:15
c01d45 lda [$60]     [d1b158] A:9192 X:0004 Y:0002 S:01e1 D:0000 DB:00 nvMXdiZc V: 93 H: 746 F:15
c01d47 sta $64       [000064] A:9161 X:0004 Y:0002 S:01e1 D:0000 DB:00 nvMXdizc V: 93 H: 788 F:15
c01d49 and #$1f               A:9161 X:0004 Y:0002 S:01e1 D:0000 DB:00 nvMXdizc V: 93 H: 808 F:15
c01d4b inc                    A:9101 X:0004 Y:0002 S:01e1 D:0000 DB:00 nvMXdizc V: 93 H: 820 F:15
c01d4c sta $65       [000065] A:9102 X:0004 Y:0002 S:01e1 D:0000 DB:00 nvMXdizc V: 93 H: 832 F:15
c01d4e lda $64       [000064] A:9102 X:0004 Y:0002 S:01e1 D:0000 DB:00 nvMXdizc V: 93 H: 852 F:15
c01d50 lsr a                  A:9161 X:0004 Y:0002 S:01e1 D:0000 DB:00 nvMXdizc V: 93 H: 872 F:15
c01d51 lsr a                  A:9130 X:0004 Y:0002 S:01e1 D:0000 DB:00 nvMXdizC V: 93 H: 884 F:15
c01d52 lsr a                  A:9118 X:0004 Y:0002 S:01e1 D:0000 DB:00 nvMXdizc V: 93 H: 896 F:15
c01d53 lsr a                  A:910c X:0004 Y:0002 S:01e1 D:0000 DB:00 nvMXdizc V: 93 H: 908 F:15
c01d54 and #$0e               A:9106 X:0004 Y:0002 S:01e1 D:0000 DB:00 nvMXdizc V: 93 H: 920 F:15
c01d56 sta $64       [000064] A:9106 X:0004 Y:0002 S:01e1 D:0000 DB:00 nvMXdizc V: 93 H: 932 F:15
c01d58 inc $60       [000060] A:9106 X:0004 Y:0002 S:01e1 D:0000 DB:00 nvMXdizc V: 93 H: 952 F:15
c01d5a bne $1d62     [c01d62] A:9106 X:0004 Y:0002 S:01e1 D:0000 DB:00 nvMXdizc V: 93 H: 986 F:15
c01d62 rts                    A:9106 X:0004 Y:0002 S:01e1 D:0000 DB:00 nvMXdizc V: 93 H:1004 F:15
c01ce0 lda $0200,x   [000204] A:9106 X:0004 Y:0002 S:01e3 D:0000 DB:00 nvMXdizc V: 93 H:1044 F:15
c01ce3 plx                    A:9192 X:0004 Y:0002 S:01e3 D:0000 DB:00 NvMXdizc V: 93 H:1070 F:15
c01ce4 rtl                    A:9192 X:0004 Y:0002 S:01e4 D:0000 DB:00 nvMXdizc V: 93 H:1096 F:15
c00153 sta $a5       [0000a5] A:9192 X:0004 Y:0002 S:01e7 D:0000 DB:00 nvMXdizc V: 93 H:1138 F:15
c00155 jsl $c01ccc   [c01ccc] A:9192 X:0004 Y:0002 S:01e7 D:0000 DB:00 nvMXdizc V: 93 H:1158 F:15
c01ccc phx                    A:9192 X:0004 Y:0002 S:01e4 D:0000 DB:00 nvMXdizc V: 93 H:1212 F:15
c01ccd ldx $64       [000064] A:9192 X:0004 Y:0002 S:01e3 D:0000 DB:00 nvMXdizc V: 93 H:1232 F:15
c01ccf jsr ($1ce5,x) [c01ceb] A:9192 X:0006 Y:0002 S:01e3 D:0000 DB:00 nvMXdizc V: 93 H:1252 F:15
c01d11 ldx $66       [000066] A:9192 X:0006 Y:0002 S:01e1 D:0000 DB:00 nvMXdizc V: 93 H:1304 F:15
c01d13 dex                    A:9192 X:0005 Y:0002 S:01e1 D:0000 DB:00 nvMXdizc V: 93 H:1324 F:15
c01d14 dex                    A:9192 X:0004 Y:0002 S:01e1 D:0000 DB:00 nvMXdizc V: 93 H:1336 F:15
c01d15 lda $0200,x   [000203] A:9192 X:0003 Y:0002 S:01e1 D:0000 DB:00 nvMXdizc V: 93 H:1348 F:15
c01d18 rts                    A:9191 X:0003 Y:0002 S:01e1 D:0000 DB:00 NvMXdizc V: 94 H:  10 F:15
c01cd2 ldx $66       [000066] A:9191 X:0003 Y:0002 S:01e3 D:0000 DB:00 NvMXdizc V: 94 H:  50 F:15
c01cd4 sta $0200,x   [000205] A:9191 X:0005 Y:0002 S:01e3 D:0000 DB:00 nvMXdizc V: 94 H:  70 F:15
c01cd7 inc $66       [000066] A:9191 X:0005 Y:0002 S:01e3 D:0000 DB:00 nvMXdizc V: 94 H: 102 F:15
c01cd9 dec $65       [000065] A:9191 X:0005 Y:0002 S:01e3 D:0000 DB:00 nvMXdizc V: 94 H: 136 F:15
c01cdb bne $1ce0     [c01ce0] A:9191 X:0005 Y:0002 S:01e3 D:0000 DB:00 nvMXdizc V: 94 H: 170 F:15
c01ce0 lda $0200,x   [000205] A:9191 X:0005 Y:0002 S:01e3 D:0000 DB:00 nvMXdizc V: 94 H: 188 F:15
c01ce3 plx                    A:9191 X:0005 Y:0002 S:01e3 D:0000 DB:00 NvMXdizc V: 94 H: 214 F:15
c01ce4 rtl                    A:9191 X:0004 Y:0002 S:01e4 D:0000 DB:00 nvMXdizc V: 94 H: 240 F:15
c00159 sta $a6       [0000a6] A:9191 X:0004 Y:0002 S:01e7 D:0000 DB:00 nvMXdizc V: 94 H: 282 F:15
c0015b jsl $c00497   [c00497] A:9191 X:0004 Y:0002 S:01e7 D:0000 DB:00 nvMXdizc V: 94 H: 302 F:15
c00497 phx                    A:9191 X:0004 Y:0002 S:01e4 D:0000 DB:00 nvMXdizc V: 94 H: 356 F:15
c00498 rep #$30               A:9191 X:0004 Y:0002 S:01e3 D:0000 DB:00 nvMXdizc V: 94 H: 376 F:15
c0049a ldx $035b     [00035b] A:9191 X:0004 Y:0002 S:01e3 D:0000 DB:00 nvmxdizc V: 94 H: 394 F:15
c0049d lda $a5       [0000a5] A:9191 X:3792 Y:0002 S:01e3 D:0000 DB:00 nvmxdizc V: 94 H: 428 F:15
c0049f sta $7e8000,x [7eb792] A:9192 X:3792 Y:0002 S:01e3 D:0000 DB:00 Nvmxdizc V: 94 H: 456 F:15
c004a3 inx                    A:9192 X:3792 Y:0002 S:01e3 D:0000 DB:00 Nvmxdizc V: 94 H: 496 F:15
c004a4 inx                    A:9192 X:3793 Y:0002 S:01e3 D:0000 DB:00 nvmxdizc V: 94 H: 508 F:15
c004a5 stx $035b     [00035b] A:9192 X:3794 Y:0002 S:01e3 D:0000 DB:00 nvmxdizc V: 94 H: 520 F:15
c004a8 sep #$30               A:9192 X:3794 Y:0002 S:01e3 D:0000 DB:00 nvmxdizc V: 94 H: 594 F:15
c004aa plx                    A:9192 X:0094 Y:0002 S:01e3 D:0000 DB:00 nvMXdizc V: 94 H: 612 F:15
c004ab rtl                    A:9192 X:0004 Y:0002 S:01e4 D:0000 DB:00 nvMXdizc V: 94 H: 638 F:15
c0015f dex                    A:9192 X:0004 Y:0002 S:01e7 D:0000 DB:00 nvMXdizc V: 94 H: 680 F:15
c00160 dex                    A:9192 X:0003 Y:0002 S:01e7 D:0000 DB:00 nvMXdizc V: 94 H: 692 F:15
c00161 bne $014f     [c0014f] A:9192 X:0002 Y:0002 S:01e7 D:0000 DB:00 nvMXdizc V: 94 H: 704 F:15
c0014f jsl $c01ccc   [c01ccc] A:9192 X:0002 Y:0002 S:01e7 D:0000 DB:00 nvMXdizc V: 94 H: 722 F:15
c01ccc phx                    A:9192 X:0002 Y:0002 S:01e4 D:0000 DB:00 nvMXdizc V: 94 H: 776 F:15
c01ccd ldx $64       [000064] A:9192 X:0002 Y:0002 S:01e3 D:0000 DB:00 nvMXdizc V: 94 H: 796 F:15
c01ccf jsr ($1ce5,x) [c01ceb] A:9192 X:0006 Y:0002 S:01e3 D:0000 DB:00 nvMXdizc V: 94 H: 816 F:15
c01d11 ldx $66       [000066] A:9192 X:0006 Y:0002 S:01e1 D:0000 DB:00 nvMXdizc V: 94 H: 868 F:15
c01d13 dex                    A:9192 X:0006 Y:0002 S:01e1 D:0000 DB:00 nvMXdizc V: 94 H: 888 F:15
c01d14 dex                    A:9192 X:0005 Y:0002 S:01e1 D:0000 DB:00 nvMXdizc V: 94 H: 900 F:15
c01d15 lda $0200,x   [000204] A:9192 X:0004 Y:0002 S:01e1 D:0000 DB:00 nvMXdizc V: 94 H: 912 F:15
c01d18 rts                    A:9192 X:0004 Y:0002 S:01e1 D:0000 DB:00 NvMXdizc V: 94 H: 938 F:15
c01cd2 ldx $66       [000066] A:9192 X:0004 Y:0002 S:01e3 D:0000 DB:00 NvMXdizc V: 94 H: 978 F:15
c01cd4 sta $0200,x   [000206] A:9192 X:0006 Y:0002 S:01e3 D:0000 DB:00 nvMXdizc V: 94 H: 998 F:15
c01cd7 inc $66       [000066] A:9192 X:0006 Y:0002 S:01e3 D:0000 DB:00 nvMXdizc V: 94 H:1030 F:15
c01cd9 dec $65       [000065] A:9192 X:0006 Y:0002 S:01e3 D:0000 DB:00 nvMXdizc V: 94 H:1064 F:15
c01cdb bne $1ce0     [c01ce0] A:9192 X:0006 Y:0002 S:01e3 D:0000 DB:00 nvMXdiZc V: 94 H:1098 F:15
c01cdd jsr $1d45     [c01d45] A:9192 X:0006 Y:0002 S:01e3 D:0000 DB:00 nvMXdiZc V: 94 H:1110 F:15
c01d45 lda [$60]     [d1b159] A:9192 X:0006 Y:0002 S:01e1 D:0000 DB:00 nvMXdiZc V: 94 H:1150 F:15
c01d47 sta $64       [000064] A:91a0 X:0006 Y:0002 S:01e1 D:0000 DB:00 NvMXdizc V: 94 H:1192 F:15
c01d49 and #$1f               A:91a0 X:0006 Y:0002 S:01e1 D:0000 DB:00 NvMXdizc V: 94 H:1212 F:15
c01d4b inc                    A:9100 X:0006 Y:0002 S:01e1 D:0000 DB:00 nvMXdiZc V: 94 H:1224 F:15
c01d4c sta $65       [000065] A:9101 X:0006 Y:0002 S:01e1 D:0000 DB:00 nvMXdizc V: 94 H:1236 F:15
c01d4e lda $64       [000064] A:9101 X:0006 Y:0002 S:01e1 D:0000 DB:00 nvMXdizc V: 94 H:1256 F:15
c01d50 lsr a                  A:91a0 X:0006 Y:0002 S:01e1 D:0000 DB:00 NvMXdizc V: 94 H:1276 F:15
c01d51 lsr a                  A:9150 X:0006 Y:0002 S:01e1 D:0000 DB:00 nvMXdizc V: 94 H:1288 F:15
c01d52 lsr a                  A:9128 X:0006 Y:0002 S:01e1 D:0000 DB:00 nvMXdizc V: 94 H:1300 F:15
c01d53 lsr a                  A:9114 X:0006 Y:0002 S:01e1 D:0000 DB:00 nvMXdizc V: 94 H:1312 F:15
c01d54 and #$0e               A:910a X:0006 Y:0002 S:01e1 D:0000 DB:00 nvMXdizc V: 94 H:1324 F:15
c01d56 sta $64       [000064] A:910a X:0006 Y:0002 S:01e1 D:0000 DB:00 nvMXdizc V: 94 H:1336 F:15
c01d58 inc $60       [000060] A:910a X:0006 Y:0002 S:01e1 D:0000 DB:00 nvMXdizc V: 94 H:1356 F:15
c01d5a bne $1d62     [c01d62] A:910a X:0006 Y:0002 S:01e1 D:0000 DB:00 nvMXdizc V: 95 H:  26 F:15
c01d62 rts                    A:910a X:0006 Y:0002 S:01e1 D:0000 DB:00 nvMXdizc V: 95 H:  44 F:15
c01ce0 lda $0200,x   [000206] A:910a X:0006 Y:0002 S:01e3 D:0000 DB:00 nvMXdizc V: 95 H:  84 F:15
c01ce3 plx                    A:9192 X:0006 Y:0002 S:01e3 D:0000 DB:00 NvMXdizc V: 95 H: 110 F:15
c01ce4 rtl                    A:9192 X:0002 Y:0002 S:01e4 D:0000 DB:00 nvMXdizc V: 95 H: 136 F:15
c00153 sta $a5       [0000a5] A:9192 X:0002 Y:0002 S:01e7 D:0000 DB:00 nvMXdizc V: 95 H: 178 F:15
c00155 jsl $c01ccc   [c01ccc] A:9192 X:0002 Y:0002 S:01e7 D:0000 DB:00 nvMXdizc V: 95 H: 198 F:15
c01ccc phx                    A:9192 X:0002 Y:0002 S:01e4 D:0000 DB:00 nvMXdizc V: 95 H: 252 F:15
c01ccd ldx $64       [000064] A:9192 X:0002 Y:0002 S:01e3 D:0000 DB:00 nvMXdizc V: 95 H: 272 F:15
c01ccf jsr ($1ce5,x) [c01cef] A:9192 X:000a Y:0002 S:01e3 D:0000 DB:00 nvMXdizc V: 95 H: 292 F:15
c01d24 ldx $66       [000066] A:9192 X:000a Y:0002 S:01e1 D:0000 DB:00 nvMXdizc V: 95 H: 344 F:15
c01d26 txa                    A:9192 X:0007 Y:0002 S:01e1 D:0000 DB:00 nvMXdizc V: 95 H: 364 F:15
c01d27 sec                    A:9107 X:0007 Y:0002 S:01e1 D:0000 DB:00 nvMXdizc V: 95 H: 376 F:15
c01d28 sbc #$10               A:9107 X:0007 Y:0002 S:01e1 D:0000 DB:00 nvMXdizC V: 95 H: 388 F:15
c01d2a tax                    A:91f7 X:0007 Y:0002 S:01e1 D:0000 DB:00 NvMXdizc V: 95 H: 400 F:15
c01d2b lda $0200,x   [0002f7] A:91f7 X:00f7 Y:0002 S:01e1 D:0000 DB:00 NvMXdizc V: 95 H: 412 F:15
c01d2e rts                    A:9100 X:00f7 Y:0002 S:01e1 D:0000 DB:00 nvMXdiZc V: 95 H: 438 F:15
c01cd2 ldx $66       [000066] A:9100 X:00f7 Y:0002 S:01e3 D:0000 DB:00 nvMXdiZc V: 95 H: 478 F:15
c01cd4 sta $0200,x   [000207] A:9100 X:0007 Y:0002 S:01e3 D:0000 DB:00 nvMXdizc V: 95 H: 498 F:15
c01cd7 inc $66       [000066] A:9100 X:0007 Y:0002 S:01e3 D:0000 DB:00 nvMXdizc V: 95 H: 530 F:15
c01cd9 dec $65       [000065] A:9100 X:0007 Y:0002 S:01e3 D:0000 DB:00 nvMXdizc V: 95 H: 604 F:15
c01cdb bne $1ce0     [c01ce0] A:9100 X:0007 Y:0002 S:01e3 D:0000 DB:00 nvMXdiZc V: 95 H: 638 F:15
c01cdd jsr $1d45     [c01d45] A:9100 X:0007 Y:0002 S:01e3 D:0000 DB:00 nvMXdiZc V: 95 H: 650 F:15
c01d45 lda [$60]     [d1b15a] A:9100 X:0007 Y:0002 S:01e1 D:0000 DB:00 nvMXdiZc V: 95 H: 690 F:15
c01d47 sta $64       [000064] A:9104 X:0007 Y:0002 S:01e1 D:0000 DB:00 nvMXdizc V: 95 H: 732 F:15
c01d49 and #$1f               A:9104 X:0007 Y:0002 S:01e1 D:0000 DB:00 nvMXdizc V: 95 H: 752 F:15
c01d4b inc                    A:9104 X:0007 Y:0002 S:01e1 D:0000 DB:00 nvMXdizc V: 95 H: 764 F:15
c01d4c sta $65       [000065] A:9105 X:0007 Y:0002 S:01e1 D:0000 DB:00 nvMXdizc V: 95 H: 776 F:15
c01d4e lda $64       [000064] A:9105 X:0007 Y:0002 S:01e1 D:0000 DB:00 nvMXdizc V: 95 H: 796 F:15
c01d50 lsr a                  A:9104 X:0007 Y:0002 S:01e1 D:0000 DB:00 nvMXdizc V: 95 H: 816 F:15
c01d51 lsr a                  A:9102 X:0007 Y:0002 S:01e1 D:0000 DB:00 nvMXdizc V: 95 H: 828 F:15
c01d52 lsr a                  A:9101 X:0007 Y:0002 S:01e1 D:0000 DB:00 nvMXdizc V: 95 H: 840 F:15
c01d53 lsr a                  A:9100 X:0007 Y:0002 S:01e1 D:0000 DB:00 nvMXdiZC V: 95 H: 852 F:15
c01d54 and #$0e               A:9100 X:0007 Y:0002 S:01e1 D:0000 DB:00 nvMXdiZc V: 95 H: 864 F:15
c01d56 sta $64       [000064] A:9100 X:0007 Y:0002 S:01e1 D:0000 DB:00 nvMXdiZc V: 95 H: 876 F:15
c01d58 inc $60       [000060] A:9100 X:0007 Y:0002 S:01e1 D:0000 DB:00 nvMXdiZc V: 95 H: 896 F:15
c01d5a bne $1d62     [c01d62] A:9100 X:0007 Y:0002 S:01e1 D:0000 DB:00 nvMXdizc V: 95 H: 930 F:15
c01d62 rts                    A:9100 X:0007 Y:0002 S:01e1 D:0000 DB:00 nvMXdizc V: 95 H: 948 F:15
c01ce0 lda $0200,x   [000207] A:9100 X:0007 Y:0002 S:01e3 D:0000 DB:00 nvMXdizc V: 95 H: 988 F:15
c01ce3 plx                    A:9100 X:0007 Y:0002 S:01e3 D:0000 DB:00 nvMXdiZc V: 95 H:1014 F:15
c01ce4 rtl                    A:9100 X:0002 Y:0002 S:01e4 D:0000 DB:00 nvMXdizc V: 95 H:1040 F:15
c00159 sta $a6       [0000a6] A:9100 X:0002 Y:0002 S:01e7 D:0000 DB:00 nvMXdizc V: 95 H:1082 F:15
c0015b jsl $c00497   [c00497] A:9100 X:0002 Y:0002 S:01e7 D:0000 DB:00 nvMXdizc V: 95 H:1102 F:15
c00497 phx                    A:9100 X:0002 Y:0002 S:01e4 D:0000 DB:00 nvMXdizc V: 95 H:1156 F:15
c00498 rep #$30               A:9100 X:0002 Y:0002 S:01e3 D:0000 DB:00 nvMXdizc V: 95 H:1176 F:15
c0049a ldx $035b     [00035b] A:9100 X:0002 Y:0002 S:01e3 D:0000 DB:00 nvmxdizc V: 95 H:1194 F:15
c0049d lda $a5       [0000a5] A:9100 X:3794 Y:0002 S:01e3 D:0000 DB:00 nvmxdizc V: 95 H:1228 F:15
c0049f sta $7e8000,x [7eb794] A:0092 X:3794 Y:0002 S:01e3 D:0000 DB:00 nvmxdizc V: 95 H:1256 F:15
c004a3 inx                    A:0092 X:3794 Y:0002 S:01e3 D:0000 DB:00 nvmxdizc V: 95 H:1296 F:15
c004a4 inx                    A:0092 X:3795 Y:0002 S:01e3 D:0000 DB:00 nvmxdizc V: 95 H:1308 F:15
c004a5 stx $035b     [00035b] A:0092 X:3796 Y:0002 S:01e3 D:0000 DB:00 nvmxdizc V: 95 H:1320 F:15
c004a8 sep #$30               A:0092 X:3796 Y:0002 S:01e3 D:0000 DB:00 nvmxdizc V: 95 H:1354 F:15
c004aa plx                    A:0092 X:0096 Y:0002 S:01e3 D:0000 DB:00 nvMXdizc V: 96 H:   8 F:15
c004ab rtl                    A:0092 X:0002 Y:0002 S:01e4 D:0000 DB:00 nvMXdizc V: 96 H:  34 F:15
c0015f dex                    A:0092 X:0002 Y:0002 S:01e7 D:0000 DB:00 nvMXdizc V: 96 H:  76 F:15
c00160 dex                    A:0092 X:0001 Y:0002 S:01e7 D:0000 DB:00 nvMXdizc V: 96 H:  88 F:15
c00161 bne $014f     [c0014f] A:0092 X:0000 Y:0002 S:01e7 D:0000 DB:00 nvMXdiZc V: 96 H: 100 F:15
c00163 jsl $c004ac   [c004ac] A:0092 X:0000 Y:0002 S:01e7 D:0000 DB:00 nvMXdiZc V: 96 H: 112 F:15
c004ac phx                    A:0092 X:0000 Y:0002 S:01e4 D:0000 DB:00 nvMXdiZc V: 96 H: 166 F:15
c004ad rep #$30               A:0092 X:0000 Y:0002 S:01e3 D:0000 DB:00 nvMXdiZc V: 96 H: 186 F:15
c004af ldx $0357     [000357] A:0092 X:0000 Y:0002 S:01e3 D:0000 DB:00 nvmxdiZc V: 96 H: 204 F:15
c004b2 lda $035b     [00035b] A:0092 X:3788 Y:0002 S:01e3 D:0000 DB:00 nvmxdizc V: 96 H: 238 F:15
c004b5 sec                    A:3796 X:3788 Y:0002 S:01e3 D:0000 DB:00 nvmxdizc V: 96 H: 272 F:15
c004b6 sbc $0357     [000357] A:3796 X:3788 Y:0002 S:01e3 D:0000 DB:00 nvmxdizC V: 96 H: 284 F:15
c004b9 sbc #$0006             A:000e X:3788 Y:0002 S:01e3 D:0000 DB:00 nvmxdizC V: 96 H: 318 F:15
c004bc sta $7e8002,x [7eb78a] A:0008 X:3788 Y:0002 S:01e3 D:0000 DB:00 nvmxdizC V: 96 H: 336 F:15
c004c0 lda $035b     [00035b] A:0008 X:3788 Y:0002 S:01e3 D:0000 DB:00 nvmxdizC V: 96 H: 376 F:15
c004c3 and #$3fff             A:3796 X:3788 Y:0002 S:01e3 D:0000 DB:00 nvmxdizC V: 96 H: 410 F:15
c004c6 sta $0357     [000357] A:3796 X:3788 Y:0002 S:01e3 D:0000 DB:00 nvmxdizC V: 96 H: 428 F:15
c004c9 sep #$30               A:3796 X:3788 Y:0002 S:01e3 D:0000 DB:00 nvmxdizC V: 96 H: 462 F:15
c004cb plx                    A:3796 X:0088 Y:0002 S:01e3 D:0000 DB:00 nvMXdizC V: 96 H: 480 F:15
c004cc rtl                    A:3796 X:0000 Y:0002 S:01e4 D:0000 DB:00 nvMXdiZC V: 96 H: 506 F:15
c00167 inc $1d2a     [001d2a] A:3796 X:0000 Y:0002 S:01e7 D:0000 DB:00 nvMXdiZC V: 96 H: 588 F:15
c0016a dey                    A:3796 X:0000 Y:0002 S:01e7 D:0000 DB:00 nvMXdizC V: 96 H: 628 F:15
c0016b bne $013c     [c0013c] A:3796 X:0000 Y:0001 S:01e7 D:0000 DB:00 nvMXdizC V: 96 H: 640 F:15
c0013c jsl $c008e0   [c008e0] A:3796 X:0000 Y:0001 S:01e7 D:0000 DB:00 nvMXdizC V: 96 H: 658 F:15
c008e0 lda $1d28     [001d28] A:3796 X:0000 Y:0001 S:01e4 D:0000 DB:00 nvMXdizC V: 96 H: 712 F:15
c008e3 sta $b1       [0000b1] A:3716 X:0000 Y:0001 S:01e4 D:0000 DB:00 nvMXdizC V: 96 H: 738 F:15
c008e5 lda $1d2a     [001d2a] A:3716 X:0000 Y:0001 S:01e4 D:0000 DB:00 nvMXdizC V: 96 H: 758 F:15
c008e8 sta $b3       [0000b3] A:370d X:0000 Y:0001 S:01e4 D:0000 DB:00 nvMXdizC V: 96 H: 784 F:15
c008ea jsr $0906     [c00906] A:370d X:0000 Y:0001 S:01e4 D:0000 DB:00 nvMXdizC V: 96 H: 804 F:15
c00906 phy                    A:370d X:0000 Y:0001 S:01e2 D:0000 DB:00 nvMXdizC V: 96 H: 844 F:15
c00907 lda $0372     [000372] A:370d X:0000 Y:0001 S:01e1 D:0000 DB:00 nvMXdizC V: 96 H: 864 F:15
c0090a beq $0915     [c00915] A:3700 X:0000 Y:0001 S:01e1 D:0000 DB:00 nvMXdiZC V: 96 H: 890 F:15
c00915 sta $b5       [0000b5] A:3700 X:0000 Y:0001 S:01e1 D:0000 DB:00 nvMXdiZC V: 96 H: 908 F:15
c00917 stz $b2       [0000b2] A:3700 X:0000 Y:0001 S:01e1 D:0000 DB:00 nvMXdiZC V: 96 H: 928 F:15
c00919 stz $b4       [0000b4] A:3700 X:0000 Y:0001 S:01e1 D:0000 DB:00 nvMXdiZC V: 96 H: 948 F:15
c0091b lda $b1       [0000b1] A:3700 X:0000 Y:0001 S:01e1 D:0000 DB:00 nvMXdiZC V: 96 H: 968 F:15
c0091d clc                    A:3716 X:0000 Y:0001 S:01e1 D:0000 DB:00 nvMXdizC V: 96 H: 988 F:15
c0091e adc $036c     [00036c] A:3716 X:0000 Y:0001 S:01e1 D:0000 DB:00 nvMXdizc V: 96 H:1000 F:15
c00921 and #$7f               A:3716 X:0000 Y:0001 S:01e1 D:0000 DB:00 nvMXdizc V: 96 H:1026 F:15
c00923 ldy $b5       [0000b5] A:3716 X:0000 Y:0001 S:01e1 D:0000 DB:00 nvMXdizc V: 96 H:1038 F:15
c00925 bne $0929     [c00929] A:3716 X:0000 Y:0000 S:01e1 D:0000 DB:00 nvMXdiZc V: 96 H:1058 F:15
c00927 and #$3f               A:3716 X:0000 Y:0000 S:01e1 D:0000 DB:00 nvMXdiZc V: 96 H:1070 F:15
c00929 sta $b1       [0000b1] A:3716 X:0000 Y:0000 S:01e1 D:0000 DB:00 nvMXdizc V: 96 H:1082 F:15
c0092b lda $b3       [0000b3] A:3716 X:0000 Y:0000 S:01e1 D:0000 DB:00 nvMXdizc V: 96 H:1102 F:15
c0092d clc                    A:370d X:0000 Y:0000 S:01e1 D:0000 DB:00 nvMXdizc V: 96 H:1122 F:15
c0092e adc $036d     [00036d] A:370d X:0000 Y:0000 S:01e1 D:0000 DB:00 nvMXdizc V: 96 H:1134 F:15
c00931 and #$7f               A:370d X:0000 Y:0000 S:01e1 D:0000 DB:00 nvMXdizc V: 96 H:1160 F:15
c00933 ldy $b5       [0000b5] A:370d X:0000 Y:0000 S:01e1 D:0000 DB:00 nvMXdizc V: 96 H:1172 F:15
c00935 bne $0939     [c00939] A:370d X:0000 Y:0000 S:01e1 D:0000 DB:00 nvMXdiZc V: 96 H:1192 F:15
c00937 and #$1f               A:370d X:0000 Y:0000 S:01e1 D:0000 DB:00 nvMXdiZc V: 96 H:1204 F:15
c00939 sta $b3       [0000b3] A:370d X:0000 Y:0000 S:01e1 D:0000 DB:00 nvMXdizc V: 96 H:1216 F:15
c0093b rep #$20               A:370d X:0000 Y:0000 S:01e1 D:0000 DB:00 nvMXdizc V: 96 H:1236 F:15
c0093d ldy $b5       [0000b5] A:370d X:0000 Y:0000 S:01e1 D:0000 DB:00 nvmXdizc V: 96 H:1254 F:15
c0093f bne $0956     [c00956] A:370d X:0000 Y:0000 S:01e1 D:0000 DB:00 nvmXdiZc V: 96 H:1274 F:15
c00941 lda $b1       [0000b1] A:370d X:0000 Y:0000 S:01e1 D:0000 DB:00 nvmXdiZc V: 96 H:1286 F:15
c00943 and #$0020             A:0016 X:0000 Y:0000 S:01e1 D:0000 DB:00 nvmXdizc V: 96 H:1314 F:15
c00946 asl a                  A:0000 X:0000 Y:0000 S:01e1 D:0000 DB:00 nvmXdiZc V: 96 H:1332 F:15
c00947 asl a                  A:0000 X:0000 Y:0000 S:01e1 D:0000 DB:00 nvmXdiZc V: 96 H:1344 F:15
c00948 asl a                  A:0000 X:0000 Y:0000 S:01e1 D:0000 DB:00 nvmXdiZc V: 96 H:1356 F:15
c00949 asl a                  A:0000 X:0000 Y:0000 S:01e1 D:0000 DB:00 nvmXdiZc V: 97 H:   4 F:15
c0094a asl a                  A:0000 X:0000 Y:0000 S:01e1 D:0000 DB:00 nvmXdiZc V: 97 H:  16 F:15
c0094b sta $9f       [00009f] A:0000 X:0000 Y:0000 S:01e1 D:0000 DB:00 nvmXdiZc V: 97 H:  28 F:15
c0094d lda $b1       [0000b1] A:0000 X:0000 Y:0000 S:01e1 D:0000 DB:00 nvmXdiZc V: 97 H:  56 F:15
c0094f and #$001f             A:0016 X:0000 Y:0000 S:01e1 D:0000 DB:00 nvmXdizc V: 97 H:  84 F:15
c00952 ora $9f       [00009f] A:0016 X:0000 Y:0000 S:01e1 D:0000 DB:00 nvmXdizc V: 97 H: 102 F:15
c00954 sta $b1       [0000b1] A:0016 X:0000 Y:0000 S:01e1 D:0000 DB:00 nvmXdizc V: 97 H: 130 F:15
c00956 lda $b3       [0000b3] A:0016 X:0000 Y:0000 S:01e1 D:0000 DB:00 nvmXdizc V: 97 H: 158 F:15
c00958 asl a                  A:000d X:0000 Y:0000 S:01e1 D:0000 DB:00 nvmXdizc V: 97 H: 186 F:15
c00959 asl a                  A:001a X:0000 Y:0000 S:01e1 D:0000 DB:00 nvmXdizc V: 97 H: 198 F:15
c0095a asl a                  A:0034 X:0000 Y:0000 S:01e1 D:0000 DB:00 nvmXdizc V: 97 H: 210 F:15
c0095b asl a                  A:0068 X:0000 Y:0000 S:01e1 D:0000 DB:00 nvmXdizc V: 97 H: 222 F:15
c0095c asl a                  A:00d0 X:0000 Y:0000 S:01e1 D:0000 DB:00 nvmXdizc V: 97 H: 234 F:15
c0095d ldy $b5       [0000b5] A:01a0 X:0000 Y:0000 S:01e1 D:0000 DB:00 nvmXdizc V: 97 H: 246 F:15
c0095f beq $0963     [c00963] A:01a0 X:0000 Y:0000 S:01e1 D:0000 DB:00 nvmXdiZc V: 97 H: 266 F:15
c00963 ora $b1       [0000b1] A:01a0 X:0000 Y:0000 S:01e1 D:0000 DB:00 nvmXdiZc V: 97 H: 284 F:15
c00965 ldy $0372     [000372] A:01b6 X:0000 Y:0000 S:01e1 D:0000 DB:00 nvmXdizc V: 97 H: 312 F:15
c00968 bne $096e     [c0096e] A:01b6 X:0000 Y:0000 S:01e1 D:0000 DB:00 nvmXdiZc V: 97 H: 338 F:15
c0096a clc                    A:01b6 X:0000 Y:0000 S:01e1 D:0000 DB:00 nvmXdiZc V: 97 H: 350 F:15
c0096b adc $036f     [00036f] A:01b6 X:0000 Y:0000 S:01e1 D:0000 DB:00 nvmXdiZc V: 97 H: 362 F:15
c0096e sep #$20               A:31b6 X:0000 Y:0000 S:01e1 D:0000 DB:00 nvmXdizc V: 97 H: 396 F:15
c00970 ply                    A:31b6 X:0000 Y:0000 S:01e1 D:0000 DB:00 nvMXdizc V: 97 H: 414 F:15
c00971 rts                    A:31b6 X:0000 Y:0001 S:01e2 D:0000 DB:00 nvMXdizc V: 97 H: 440 F:15
c008ed sta $08       [000008] A:31b6 X:0000 Y:0001 S:01e4 D:0000 DB:00 nvMXdizc V: 97 H: 480 F:15
c008ef xba                    A:31b6 X:0000 Y:0001 S:01e4 D:0000 DB:00 nvMXdizc V: 97 H: 500 F:15
c008f0 sta $09       [000009] A:b631 X:0000 Y:0001 S:01e4 D:0000 DB:00 nvMXdizc V: 97 H: 518 F:15
c008f2 rtl                    A:b631 X:0000 Y:0001 S:01e4 D:0000 DB:00 nvMXdizc V: 97 H: 578 F:15
c00140 rep #$20               A:b631 X:0000 Y:0001 S:01e7 D:0000 DB:00 nvMXdizc V: 97 H: 620 F:15
c00142 lda $08       [000008] A:b631 X:0000 Y:0001 S:01e7 D:0000 DB:00 nvmXdizc V: 97 H: 638 F:15
c00144 sta $ae       [0000ae] A:31b6 X:0000 Y:0001 S:01e7 D:0000 DB:00 nvmXdizc V: 97 H: 666 F:15
c00146 sep #$20               A:31b6 X:0000 Y:0001 S:01e7 D:0000 DB:00 nvmXdizc V: 97 H: 694 F:15
c00148 jsl $c00478   [c00478] A:31b6 X:0000 Y:0001 S:01e7 D:0000 DB:00 nvMXdizc V: 97 H: 712 F:15
c00478 phx                    A:31b6 X:0000 Y:0001 S:01e4 D:0000 DB:00 nvMXdizc V: 97 H: 766 F:15
c00479 rep #$30               A:31b6 X:0000 Y:0001 S:01e3 D:0000 DB:00 nvMXdizc V: 97 H: 786 F:15
c0047b ldx $0357     [000357] A:31b6 X:0000 Y:0001 S:01e3 D:0000 DB:00 nvmxdizc V: 97 H: 804 F:15
c0047e lda $ae       [0000ae] A:31b6 X:3796 Y:0001 S:01e3 D:0000 DB:00 nvmxdizc V: 97 H: 838 F:15
c00480 sta $7e8004,x [7eb79a] A:31b6 X:3796 Y:0001 S:01e3 D:0000 DB:00 nvmxdizc V: 97 H: 866 F:15
c00484 lda $0352     [000352] A:31b6 X:3796 Y:0001 S:01e3 D:0000 DB:00 nvmxdizc V: 97 H: 906 F:15
c00487 sta $7e8000,x [7eb796] A:0000 X:3796 Y:0001 S:01e3 D:0000 DB:00 nvmxdiZc V: 97 H: 940 F:15
c0048b txa                    A:0000 X:3796 Y:0001 S:01e3 D:0000 DB:00 nvmxdiZc V: 97 H: 980 F:15
c0048c clc                    A:3796 X:3796 Y:0001 S:01e3 D:0000 DB:00 nvmxdizc V: 97 H: 992 F:15
c0048d adc #$0006             A:3796 X:3796 Y:0001 S:01e3 D:0000 DB:00 nvmxdizc V: 97 H:1004 F:15
c00490 sta $035b     [00035b] A:379c X:3796 Y:0001 S:01e3 D:0000 DB:00 nvmxdizc V: 97 H:1022 F:15
c00493 sep #$30               A:379c X:3796 Y:0001 S:01e3 D:0000 DB:00 nvmxdizc V: 97 H:1056 F:15
c00495 plx                    A:379c X:0096 Y:0001 S:01e3 D:0000 DB:00 nvMXdizc V: 97 H:1074 F:15
c00496 rtl                    A:379c X:0000 Y:0001 S:01e4 D:0000 DB:00 nvMXdiZc V: 97 H:1100 F:15
c0014c ldx $1d34     [001d34] A:379c X:0000 Y:0001 S:01e7 D:0000 DB:00 nvMXdiZc V: 97 H:1142 F:15
c0014f jsl $c01ccc   [c01ccc] A:379c X:0008 Y:0001 S:01e7 D:0000 DB:00 nvMXdizc V: 97 H:1168 F:15
c01ccc phx                    A:379c X:0008 Y:0001 S:01e4 D:0000 DB:00 nvMXdizc V: 97 H:1222 F:15
c01ccd ldx $64       [000064] A:379c X:0008 Y:0001 S:01e3 D:0000 DB:00 nvMXdizc V: 97 H:1242 F:15
c01ccf jsr ($1ce5,x) [c01ce5] A:379c X:0000 Y:0001 S:01e3 D:0000 DB:00 nvMXdiZc V: 97 H:1262 F:15
c01cf5 lda [$60]     [d1b15b] A:379c X:0000 Y:0001 S:01e1 D:0000 DB:00 nvMXdiZc V: 97 H:1314 F:15
c01cf7 inc $60       [000060] A:3797 X:0000 Y:0001 S:01e1 D:0000 DB:00 NvMXdizc V: 97 H:1356 F:15
c01cf9 bne $1d01     [c01d01] A:3797 X:0000 Y:0001 S:01e1 D:0000 DB:00 nvMXdizc V: 98 H:  26 F:15
c01d01 rts                    A:3797 X:0000 Y:0001 S:01e1 D:0000 DB:00 nvMXdizc V: 98 H:  44 F:15
c01cd2 ldx $66       [000066] A:3797 X:0000 Y:0001 S:01e3 D:0000 DB:00 nvMXdizc V: 98 H:  84 F:15
c01cd4 sta $0200,x   [000208] A:3797 X:0008 Y:0001 S:01e3 D:0000 DB:00 nvMXdizc V: 98 H: 104 F:15
c01cd7 inc $66       [000066] A:3797 X:0008 Y:0001 S:01e3 D:0000 DB:00 nvMXdizc V: 98 H: 136 F:15
c01cd9 dec $65       [000065] A:3797 X:0008 Y:0001 S:01e3 D:0000 DB:00 nvMXdizc V: 98 H: 170 F:15
c01cdb bne $1ce0     [c01ce0] A:3797 X:0008 Y:0001 S:01e3 D:0000 DB:00 nvMXdizc V: 98 H: 204 F:15
c01ce0 lda $0200,x   [000208] A:3797 X:0008 Y:0001 S:01e3 D:0000 DB:00 nvMXdizc V: 98 H: 222 F:15
c01ce3 plx                    A:3797 X:0008 Y:0001 S:01e3 D:0000 DB:00 NvMXdizc V: 98 H: 248 F:15
c01ce4 rtl                    A:3797 X:0008 Y:0001 S:01e4 D:0000 DB:00 nvMXdizc V: 98 H: 274 F:15
c00153 sta $a5       [0000a5] A:3797 X:0008 Y:0001 S:01e7 D:0000 DB:00 nvMXdizc V: 98 H: 316 F:15
c00155 jsl $c01ccc   [c01ccc] A:3797 X:0008 Y:0001 S:01e7 D:0000 DB:00 nvMXdizc V: 98 H: 336 F:15
c01ccc phx                    A:3797 X:0008 Y:0001 S:01e4 D:0000 DB:00 nvMXdizc V: 98 H: 390 F:15
c01ccd ldx $64       [000064] A:3797 X:0008 Y:0001 S:01e3 D:0000 DB:00 nvMXdizc V: 98 H: 410 F:15
c01ccf jsr ($1ce5,x) [c01ce5] A:3797 X:0000 Y:0001 S:01e3 D:0000 DB:00 nvMXdiZc V: 98 H: 430 F:15
c01cf5 lda [$60]     [d1b15c] A:3797 X:0000 Y:0001 S:01e1 D:0000 DB:00 nvMXdiZc V: 98 H: 482 F:15
c01cf7 inc $60       [000060] A:3798 X:0000 Y:0001 S:01e1 D:0000 DB:00 NvMXdizc V: 98 H: 524 F:15
c01cf9 bne $1d01     [c01d01] A:3798 X:0000 Y:0001 S:01e1 D:0000 DB:00 nvMXdizc V: 98 H: 598 F:15
c01d01 rts                    A:3798 X:0000 Y:0001 S:01e1 D:0000 DB:00 nvMXdizc V: 98 H: 616 F:15
c01cd2 ldx $66       [000066] A:3798 X:0000 Y:0001 S:01e3 D:0000 DB:00 nvMXdizc V: 98 H: 656 F:15
c01cd4 sta $0200,x   [000209] A:3798 X:0009 Y:0001 S:01e3 D:0000 DB:00 nvMXdizc V: 98 H: 676 F:15
c01cd7 inc $66       [000066] A:3798 X:0009 Y:0001 S:01e3 D:0000 DB:00 nvMXdizc V: 98 H: 708 F:15
c01cd9 dec $65       [000065] A:3798 X:0009 Y:0001 S:01e3 D:0000 DB:00 nvMXdizc V: 98 H: 742 F:15
c01cdb bne $1ce0     [c01ce0] A:3798 X:0009 Y:0001 S:01e3 D:0000 DB:00 nvMXdizc V: 98 H: 776 F:15
c01ce0 lda $0200,x   [000209] A:3798 X:0009 Y:0001 S:01e3 D:0000 DB:00 nvMXdizc V: 98 H: 794 F:15
c01ce3 plx                    A:3798 X:0009 Y:0001 S:01e3 D:0000 DB:00 NvMXdizc V: 98 H: 820 F:15
c01ce4 rtl                    A:3798 X:0008 Y:0001 S:01e4 D:0000 DB:00 nvMXdizc V: 98 H: 846 F:15
c00159 sta $a6       [0000a6] A:3798 X:0008 Y:0001 S:01e7 D:0000 DB:00 nvMXdizc V: 98 H: 888 F:15
c0015b jsl $c00497   [c00497] A:3798 X:0008 Y:0001 S:01e7 D:0000 DB:00 nvMXdizc V: 98 H: 908 F:15
c00497 phx                    A:3798 X:0008 Y:0001 S:01e4 D:0000 DB:00 nvMXdizc V: 98 H: 962 F:15
c00498 rep #$30               A:3798 X:0008 Y:0001 S:01e3 D:0000 DB:00 nvMXdizc V: 98 H: 982 F:15
c0049a ldx $035b     [00035b] A:3798 X:0008 Y:0001 S:01e3 D:0000 DB:00 nvmxdizc V: 98 H:1000 F:15
c0049d lda $a5       [0000a5] A:3798 X:379c Y:0001 S:01e3 D:0000 DB:00 nvmxdizc V: 98 H:1034 F:15
c0049f sta $7e8000,x [7eb79c] A:9897 X:379c Y:0001 S:01e3 D:0000 DB:00 Nvmxdizc V: 98 H:1062 F:15
c004a3 inx                    A:9897 X:379c Y:0001 S:01e3 D:0000 DB:00 Nvmxdizc V: 98 H:1102 F:15
c004a4 inx                    A:9897 X:379d Y:0001 S:01e3 D:0000 DB:00 nvmxdizc V: 98 H:1114 F:15
c004a5 stx $035b     [00035b] A:9897 X:379e Y:0001 S:01e3 D:0000 DB:00 nvmxdizc V: 98 H:1126 F:15
c004a8 sep #$30               A:9897 X:379e Y:0001 S:01e3 D:0000 DB:00 nvmxdizc V: 98 H:1160 F:15
c004aa plx                    A:9897 X:009e Y:0001 S:01e3 D:0000 DB:00 nvMXdizc V: 98 H:1178 F:15
c004ab rtl                    A:9897 X:0008 Y:0001 S:01e4 D:0000 DB:00 nvMXdizc V: 98 H:1204 F:15
c0015f dex                    A:9897 X:0008 Y:0001 S:01e7 D:0000 DB:00 nvMXdizc V: 98 H:1246 F:15
c00160 dex                    A:9897 X:0007 Y:0001 S:01e7 D:0000 DB:00 nvMXdizc V: 98 H:1258 F:15
c00161 bne $014f     [c0014f] A:9897 X:0006 Y:0001 S:01e7 D:0000 DB:00 nvMXdizc V: 98 H:1270 F:15
c0014f jsl $c01ccc   [c01ccc] A:9897 X:0006 Y:0001 S:01e7 D:0000 DB:00 nvMXdizc V: 98 H:1288 F:15
c01ccc phx                    A:9897 X:0006 Y:0001 S:01e4 D:0000 DB:00 nvMXdizc V: 98 H:1342 F:15
c01ccd ldx $64       [000064] A:9897 X:0006 Y:0001 S:01e3 D:0000 DB:00 nvMXdizc V: 98 H:1362 F:15
c01ccf jsr ($1ce5,x) [c01ce5] A:9897 X:0000 Y:0001 S:01e3 D:0000 DB:00 nvMXdiZc V: 99 H:  18 F:15
c01cf5 lda [$60]     [d1b15d] A:9897 X:0000 Y:0001 S:01e1 D:0000 DB:00 nvMXdiZc V: 99 H:  70 F:15
c01cf7 inc $60       [000060] A:9855 X:0000 Y:0001 S:01e1 D:0000 DB:00 nvMXdizc V: 99 H: 112 F:15
c01cf9 bne $1d01     [c01d01] A:9855 X:0000 Y:0001 S:01e1 D:0000 DB:00 nvMXdizc V: 99 H: 146 F:15
c01d01 rts                    A:9855 X:0000 Y:0001 S:01e1 D:0000 DB:00 nvMXdizc V: 99 H: 164 F:15
c01cd2 ldx $66       [000066] A:9855 X:0000 Y:0001 S:01e3 D:0000 DB:00 nvMXdizc V: 99 H: 204 F:15
c01cd4 sta $0200,x   [00020a] A:9855 X:000a Y:0001 S:01e3 D:0000 DB:00 nvMXdizc V: 99 H: 224 F:15
c01cd7 inc $66       [000066] A:9855 X:000a Y:0001 S:01e3 D:0000 DB:00 nvMXdizc V: 99 H: 256 F:15
c01cd9 dec $65       [000065] A:9855 X:000a Y:0001 S:01e3 D:0000 DB:00 nvMXdizc V: 99 H: 290 F:15
c01cdb bne $1ce0     [c01ce0] A:9855 X:000a Y:0001 S:01e3 D:0000 DB:00 nvMXdizc V: 99 H: 324 F:15
c01ce0 lda $0200,x   [00020a] A:9855 X:000a Y:0001 S:01e3 D:0000 DB:00 nvMXdizc V: 99 H: 342 F:15
c01ce3 plx                    A:9855 X:000a Y:0001 S:01e3 D:0000 DB:00 nvMXdizc V: 99 H: 368 F:15
c01ce4 rtl                    A:9855 X:0006 Y:0001 S:01e4 D:0000 DB:00 nvMXdizc V: 99 H: 394 F:15
c00153 sta $a5       [0000a5] A:9855 X:0006 Y:0001 S:01e7 D:0000 DB:00 nvMXdizc V: 99 H: 436 F:15
c00155 jsl $c01ccc   [c01ccc] A:9855 X:0006 Y:0001 S:01e7 D:0000 DB:00 nvMXdizc V: 99 H: 456 F:15
c01ccc phx                    A:9855 X:0006 Y:0001 S:01e4 D:0000 DB:00 nvMXdizc V: 99 H: 510 F:15
c01ccd ldx $64       [000064] A:9855 X:0006 Y:0001 S:01e3 D:0000 DB:00 nvMXdizc V: 99 H: 530 F:15
c01ccf jsr ($1ce5,x) [c01ce5] A:9855 X:0000 Y:0001 S:01e3 D:0000 DB:00 nvMXdiZc V: 99 H: 590 F:15
c01cf5 lda [$60]     [d1b15e] A:9855 X:0000 Y:0001 S:01e1 D:0000 DB:00 nvMXdiZc V: 99 H: 642 F:15
c01cf7 inc $60       [000060] A:988f X:0000 Y:0001 S:01e1 D:0000 DB:00 NvMXdizc V: 99 H: 684 F:15
c01cf9 bne $1d01     [c01d01] A:988f X:0000 Y:0001 S:01e1 D:0000 DB:00 nvMXdizc V: 99 H: 718 F:15
c01d01 rts                    A:988f X:0000 Y:0001 S:01e1 D:0000 DB:00 nvMXdizc V: 99 H: 736 F:15
c01cd2 ldx $66       [000066] A:988f X:0000 Y:0001 S:01e3 D:0000 DB:00 nvMXdizc V: 99 H: 776 F:15
c01cd4 sta $0200,x   [00020b] A:988f X:000b Y:0001 S:01e3 D:0000 DB:00 nvMXdizc V: 99 H: 796 F:15
c01cd7 inc $66       [000066] A:988f X:000b Y:0001 S:01e3 D:0000 DB:00 nvMXdizc V: 99 H: 828 F:15
c01cd9 dec $65       [000065] A:988f X:000b Y:0001 S:01e3 D:0000 DB:00 nvMXdizc V: 99 H: 862 F:15
c01cdb bne $1ce0     [c01ce0] A:988f X:000b Y:0001 S:01e3 D:0000 DB:00 nvMXdizc V: 99 H: 896 F:15
c01ce0 lda $0200,x   [00020b] A:988f X:000b Y:0001 S:01e3 D:0000 DB:00 nvMXdizc V: 99 H: 914 F:15
c01ce3 plx                    A:988f X:000b Y:0001 S:01e3 D:0000 DB:00 NvMXdizc V: 99 H: 940 F:15
c01ce4 rtl                    A:988f X:0006 Y:0001 S:01e4 D:0000 DB:00 nvMXdizc V: 99 H: 966 F:15
c00159 sta $a6       [0000a6] A:988f X:0006 Y:0001 S:01e7 D:0000 DB:00 nvMXdizc V: 99 H:1008 F:15
c0015b jsl $c00497   [c00497] A:988f X:0006 Y:0001 S:01e7 D:0000 DB:00 nvMXdizc V: 99 H:1028 F:15
c00497 phx                    A:988f X:0006 Y:0001 S:01e4 D:0000 DB:00 nvMXdizc V: 99 H:1082 F:15
c00498 rep #$30               A:988f X:0006 Y:0001 S:01e3 D:0000 DB:00 nvMXdizc V: 99 H:1102 F:15
c0049a ldx $035b     [00035b] A:988f X:0006 Y:0001 S:01e3 D:0000 DB:00 nvmxdizc V: 99 H:1120 F:15
c0049d lda $a5       [0000a5] A:988f X:379e Y:0001 S:01e3 D:0000 DB:00 nvmxdizc V: 99 H:1154 F:15
c0049f sta $7e8000,x [7eb79e] A:8f55 X:379e Y:0001 S:01e3 D:0000 DB:00 Nvmxdizc V: 99 H:1182 F:15
c004a3 inx                    A:8f55 X:379e Y:0001 S:01e3 D:0000 DB:00 Nvmxdizc V: 99 H:1222 F:15
c004a4 inx                    A:8f55 X:379f Y:0001 S:01e3 D:0000 DB:00 nvmxdizc V: 99 H:1234 F:15
c004a5 stx $035b     [00035b] A:8f55 X:37a0 Y:0001 S:01e3 D:0000 DB:00 nvmxdizc V: 99 H:1246 F:15
c004a8 sep #$30               A:8f55 X:37a0 Y:0001 S:01e3 D:0000 DB:00 nvmxdizc V: 99 H:1280 F:15
c004aa plx                    A:8f55 X:00a0 Y:0001 S:01e3 D:0000 DB:00 nvMXdizc V: 99 H:1298 F:15
c004ab rtl                    A:8f55 X:0006 Y:0001 S:01e4 D:0000 DB:00 nvMXdizc V: 99 H:1324 F:15
c0015f dex                    A:8f55 X:0006 Y:0001 S:01e7 D:0000 DB:00 nvMXdizc V:100 H:   2 F:15
c00160 dex                    A:8f55 X:0005 Y:0001 S:01e7 D:0000 DB:00 nvMXdizc V:100 H:  14 F:15
c00161 bne $014f     [c0014f] A:8f55 X:0004 Y:0001 S:01e7 D:0000 DB:00 nvMXdizc V:100 H:  26 F:15
c0014f jsl $c01ccc   [c01ccc] A:8f55 X:0004 Y:0001 S:01e7 D:0000 DB:00 nvMXdizc V:100 H:  44 F:15
c01ccc phx                    A:8f55 X:0004 Y:0001 S:01e4 D:0000 DB:00 nvMXdizc V:100 H:  98 F:15
c01ccd ldx $64       [000064] A:8f55 X:0004 Y:0001 S:01e3 D:0000 DB:00 nvMXdizc V:100 H: 118 F:15
c01ccf jsr ($1ce5,x) [c01ce5] A:8f55 X:0000 Y:0001 S:01e3 D:0000 DB:00 nvMXdiZc V:100 H: 138 F:15
c01cf5 lda [$60]     [d1b15f] A:8f55 X:0000 Y:0001 S:01e1 D:0000 DB:00 nvMXdiZc V:100 H: 190 F:15
c01cf7 inc $60       [000060] A:8f90 X:0000 Y:0001 S:01e1 D:0000 DB:00 NvMXdizc V:100 H: 232 F:15
c01cf9 bne $1d01     [c01d01] A:8f90 X:0000 Y:0001 S:01e1 D:0000 DB:00 nvMXdizc V:100 H: 266 F:15
c01d01 rts                    A:8f90 X:0000 Y:0001 S:01e1 D:0000 DB:00 nvMXdizc V:100 H: 284 F:15
c01cd2 ldx $66       [000066] A:8f90 X:0000 Y:0001 S:01e3 D:0000 DB:00 nvMXdizc V:100 H: 324 F:15
c01cd4 sta $0200,x   [00020c] A:8f90 X:000c Y:0001 S:01e3 D:0000 DB:00 nvMXdizc V:100 H: 344 F:15
c01cd7 inc $66       [000066] A:8f90 X:000c Y:0001 S:01e3 D:0000 DB:00 nvMXdizc V:100 H: 376 F:15
c01cd9 dec $65       [000065] A:8f90 X:000c Y:0001 S:01e3 D:0000 DB:00 nvMXdizc V:100 H: 410 F:15
c01cdb bne $1ce0     [c01ce0] A:8f90 X:000c Y:0001 S:01e3 D:0000 DB:00 nvMXdiZc V:100 H: 444 F:15
c01cdd jsr $1d45     [c01d45] A:8f90 X:000c Y:0001 S:01e3 D:0000 DB:00 nvMXdiZc V:100 H: 456 F:15
c01d45 lda [$60]     [d1b160] A:8f90 X:000c Y:0001 S:01e1 D:0000 DB:00 nvMXdiZc V:100 H: 496 F:15
c01d47 sta $64       [000064] A:8f61 X:000c Y:0001 S:01e1 D:0000 DB:00 nvMXdizc V:100 H: 578 F:15
c01d49 and #$1f               A:8f61 X:000c Y:0001 S:01e1 D:0000 DB:00 nvMXdizc V:100 H: 598 F:15
c01d4b inc                    A:8f01 X:000c Y:0001 S:01e1 D:0000 DB:00 nvMXdizc V:100 H: 610 F:15
c01d4c sta $65       [000065] A:8f02 X:000c Y:0001 S:01e1 D:0000 DB:00 nvMXdizc V:100 H: 622 F:15
c01d4e lda $64       [000064] A:8f02 X:000c Y:0001 S:01e1 D:0000 DB:00 nvMXdizc V:100 H: 642 F:15
c01d50 lsr a                  A:8f61 X:000c Y:0001 S:01e1 D:0000 DB:00 nvMXdizc V:100 H: 662 F:15
c01d51 lsr a                  A:8f30 X:000c Y:0001 S:01e1 D:0000 DB:00 nvMXdizC V:100 H: 674 F:15
c01d52 lsr a                  A:8f18 X:000c Y:0001 S:01e1 D:0000 DB:00 nvMXdizc V:100 H: 686 F:15
c01d53 lsr a                  A:8f0c X:000c Y:0001 S:01e1 D:0000 DB:00 nvMXdizc V:100 H: 698 F:15
c01d54 and #$0e               A:8f06 X:000c Y:0001 S:01e1 D:0000 DB:00 nvMXdizc V:100 H: 710 F:15
c01d56 sta $64       [000064] A:8f06 X:000c Y:0001 S:01e1 D:0000 DB:00 nvMXdizc V:100 H: 722 F:15
c01d58 inc $60       [000060] A:8f06 X:000c Y:0001 S:01e1 D:0000 DB:00 nvMXdizc V:100 H: 742 F:15
c01d5a bne $1d62     [c01d62] A:8f06 X:000c Y:0001 S:01e1 D:0000 DB:00 nvMXdizc V:100 H: 776 F:15
c01d62 rts                    A:8f06 X:000c Y:0001 S:01e1 D:0000 DB:00 nvMXdizc V:100 H: 794 F:15
c01ce0 lda $0200,x   [00020c] A:8f06 X:000c Y:0001 S:01e3 D:0000 DB:00 nvMXdizc V:100 H: 834 F:15
c01ce3 plx                    A:8f90 X:000c Y:0001 S:01e3 D:0000 DB:00 NvMXdizc V:100 H: 860 F:15
c01ce4 rtl                    A:8f90 X:0004 Y:0001 S:01e4 D:0000 DB:00 nvMXdizc V:100 H: 886 F:15
c00153 sta $a5       [0000a5] A:8f90 X:0004 Y:0001 S:01e7 D:0000 DB:00 nvMXdizc V:100 H: 928 F:15
c00155 jsl $c01ccc   [c01ccc] A:8f90 X:0004 Y:0001 S:01e7 D:0000 DB:00 nvMXdizc V:100 H: 948 F:15
c01ccc phx                    A:8f90 X:0004 Y:0001 S:01e4 D:0000 DB:00 nvMXdizc V:100 H:1002 F:15
c01ccd ldx $64       [000064] A:8f90 X:0004 Y:0001 S:01e3 D:0000 DB:00 nvMXdizc V:100 H:1022 F:15
c01ccf jsr ($1ce5,x) [c01ceb] A:8f90 X:0006 Y:0001 S:01e3 D:0000 DB:00 nvMXdizc V:100 H:1042 F:15
c01d11 ldx $66       [000066] A:8f90 X:0006 Y:0001 S:01e1 D:0000 DB:00 nvMXdizc V:100 H:1094 F:15
c01d13 dex                    A:8f90 X:000d Y:0001 S:01e1 D:0000 DB:00 nvMXdizc V:100 H:1114 F:15
c01d14 dex                    A:8f90 X:000c Y:0001 S:01e1 D:0000 DB:00 nvMXdizc V:100 H:1126 F:15
c01d15 lda $0200,x   [00020b] A:8f90 X:000b Y:0001 S:01e1 D:0000 DB:00 nvMXdizc V:100 H:1138 F:15
c01d18 rts                    A:8f8f X:000b Y:0001 S:01e1 D:0000 DB:00 NvMXdizc V:100 H:1164 F:15
c01cd2 ldx $66       [000066] A:8f8f X:000b Y:0001 S:01e3 D:0000 DB:00 NvMXdizc V:100 H:1204 F:15
c01cd4 sta $0200,x   [00020d] A:8f8f X:000d Y:0001 S:01e3 D:0000 DB:00 nvMXdizc V:100 H:1224 F:15
c01cd7 inc $66       [000066] A:8f8f X:000d Y:0001 S:01e3 D:0000 DB:00 nvMXdizc V:100 H:1256 F:15
c01cd9 dec $65       [000065] A:8f8f X:000d Y:0001 S:01e3 D:0000 DB:00 nvMXdizc V:100 H:1290 F:15
c01cdb bne $1ce0     [c01ce0] A:8f8f X:000d Y:0001 S:01e3 D:0000 DB:00 nvMXdizc V:100 H:1324 F:15
c01ce0 lda $0200,x   [00020d] A:8f8f X:000d Y:0001 S:01e3 D:0000 DB:00 nvMXdizc V:100 H:1342 F:15
c01ce3 plx                    A:8f8f X:000d Y:0001 S:01e3 D:0000 DB:00 NvMXdizc V:101 H:   4 F:15
c01ce4 rtl                    A:8f8f X:0004 Y:0001 S:01e4 D:0000 DB:00 nvMXdizc V:101 H:  30 F:15
c00159 sta $a6       [0000a6] A:8f8f X:0004 Y:0001 S:01e7 D:0000 DB:00 nvMXdizc V:101 H:  72 F:15
c0015b jsl $c00497   [c00497] A:8f8f X:0004 Y:0001 S:01e7 D:0000 DB:00 nvMXdizc V:101 H:  92 F:15
c00497 phx                    A:8f8f X:0004 Y:0001 S:01e4 D:0000 DB:00 nvMXdizc V:101 H: 146 F:15
c00498 rep #$30               A:8f8f X:0004 Y:0001 S:01e3 D:0000 DB:00 nvMXdizc V:101 H: 166 F:15
c0049a ldx $035b     [00035b] A:8f8f X:0004 Y:0001 S:01e3 D:0000 DB:00 nvmxdizc V:101 H: 184 F:15
c0049d lda $a5       [0000a5] A:8f8f X:37a0 Y:0001 S:01e3 D:0000 DB:00 nvmxdizc V:101 H: 218 F:15
c0049f sta $7e8000,x [7eb7a0] A:8f90 X:37a0 Y:0001 S:01e3 D:0000 DB:00 Nvmxdizc V:101 H: 246 F:15
c004a3 inx                    A:8f90 X:37a0 Y:0001 S:01e3 D:0000 DB:00 Nvmxdizc V:101 H: 286 F:15
c004a4 inx                    A:8f90 X:37a1 Y:0001 S:01e3 D:0000 DB:00 nvmxdizc V:101 H: 298 F:15
c004a5 stx $035b     [00035b] A:8f90 X:37a2 Y:0001 S:01e3 D:0000 DB:00 nvmxdizc V:101 H: 310 F:15
c004a8 sep #$30               A:8f90 X:37a2 Y:0001 S:01e3 D:0000 DB:00 nvmxdizc V:101 H: 344 F:15
c004aa plx                    A:8f90 X:00a2 Y:0001 S:01e3 D:0000 DB:00 nvMXdizc V:101 H: 362 F:15
c004ab rtl                    A:8f90 X:0004 Y:0001 S:01e4 D:0000 DB:00 nvMXdizc V:101 H: 388 F:15
c0015f dex                    A:8f90 X:0004 Y:0001 S:01e7 D:0000 DB:00 nvMXdizc V:101 H: 430 F:15
c00160 dex                    A:8f90 X:0003 Y:0001 S:01e7 D:0000 DB:00 nvMXdizc V:101 H: 442 F:15
c00161 bne $014f     [c0014f] A:8f90 X:0002 Y:0001 S:01e7 D:0000 DB:00 nvMXdizc V:101 H: 454 F:15
c0014f jsl $c01ccc   [c01ccc] A:8f90 X:0002 Y:0001 S:01e7 D:0000 DB:00 nvMXdizc V:101 H: 472 F:15
c01ccc phx                    A:8f90 X:0002 Y:0001 S:01e4 D:0000 DB:00 nvMXdizc V:101 H: 526 F:15
c01ccd ldx $64       [000064] A:8f90 X:0002 Y:0001 S:01e3 D:0000 DB:00 nvMXdizc V:101 H: 586 F:15
c01ccf jsr ($1ce5,x) [c01ceb] A:8f90 X:0006 Y:0001 S:01e3 D:0000 DB:00 nvMXdizc V:101 H: 606 F:15
c01d11 ldx $66       [000066] A:8f90 X:0006 Y:0001 S:01e1 D:0000 DB:00 nvMXdizc V:101 H: 658 F:15
c01d13 dex                    A:8f90 X:000e Y:0001 S:01e1 D:0000 DB:00 nvMXdizc V:101 H: 678 F:15
c01d14 dex                    A:8f90 X:000d Y:0001 S:01e1 D:0000 DB:00 nvMXdizc V:101 H: 690 F:15
c01d15 lda $0200,x   [00020c] A:8f90 X:000c Y:0001 S:01e1 D:0000 DB:00 nvMXdizc V:101 H: 702 F:15
c01d18 rts                    A:8f90 X:000c Y:0001 S:01e1 D:0000 DB:00 NvMXdizc V:101 H: 728 F:15
c01cd2 ldx $66       [000066] A:8f90 X:000c Y:0001 S:01e3 D:0000 DB:00 NvMXdizc V:101 H: 768 F:15
c01cd4 sta $0200,x   [00020e] A:8f90 X:000e Y:0001 S:01e3 D:0000 DB:00 nvMXdizc V:101 H: 788 F:15
c01cd7 inc $66       [000066] A:8f90 X:000e Y:0001 S:01e3 D:0000 DB:00 nvMXdizc V:101 H: 820 F:15
c01cd9 dec $65       [000065] A:8f90 X:000e Y:0001 S:01e3 D:0000 DB:00 nvMXdizc V:101 H: 854 F:15
c01cdb bne $1ce0     [c01ce0] A:8f90 X:000e Y:0001 S:01e3 D:0000 DB:00 nvMXdiZc V:101 H: 888 F:15
c01cdd jsr $1d45     [c01d45] A:8f90 X:000e Y:0001 S:01e3 D:0000 DB:00 nvMXdiZc V:101 H: 900 F:15
c01d45 lda [$60]     [d1b161] A:8f90 X:000e Y:0001 S:01e1 D:0000 DB:00 nvMXdiZc V:101 H: 940 F:15
c01d47 sta $64       [000064] A:8fa0 X:000e Y:0001 S:01e1 D:0000 DB:00 NvMXdizc V:101 H: 982 F:15
c01d49 and #$1f               A:8fa0 X:000e Y:0001 S:01e1 D:0000 DB:00 NvMXdizc V:101 H:1002 F:15
c01d4b inc                    A:8f00 X:000e Y:0001 S:01e1 D:0000 DB:00 nvMXdiZc V:101 H:1014 F:15
c01d4c sta $65       [000065] A:8f01 X:000e Y:0001 S:01e1 D:0000 DB:00 nvMXdizc V:101 H:1026 F:15
c01d4e lda $64       [000064] A:8f01 X:000e Y:0001 S:01e1 D:0000 DB:00 nvMXdizc V:101 H:1046 F:15
c01d50 lsr a                  A:8fa0 X:000e Y:0001 S:01e1 D:0000 DB:00 NvMXdizc V:101 H:1066 F:15
c01d51 lsr a                  A:8f50 X:000e Y:0001 S:01e1 D:0000 DB:00 nvMXdizc V:101 H:1078 F:15
c01d52 lsr a                  A:8f28 X:000e Y:0001 S:01e1 D:0000 DB:00 nvMXdizc V:101 H:1090 F:15
c01d53 lsr a                  A:8f14 X:000e Y:0001 S:01e1 D:0000 DB:00 nvMXdizc V:101 H:1102 F:15
c01d54 and #$0e               A:8f0a X:000e Y:0001 S:01e1 D:0000 DB:00 nvMXdizc V:101 H:1114 F:15
c01d56 sta $64       [000064] A:8f0a X:000e Y:0001 S:01e1 D:0000 DB:00 nvMXdizc V:101 H:1126 F:15
c01d58 inc $60       [000060] A:8f0a X:000e Y:0001 S:01e1 D:0000 DB:00 nvMXdizc V:101 H:1146 F:15
c01d5a bne $1d62     [c01d62] A:8f0a X:000e Y:0001 S:01e1 D:0000 DB:00 nvMXdizc V:101 H:1180 F:15
c01d62 rts                    A:8f0a X:000e Y:0001 S:01e1 D:0000 DB:00 nvMXdizc V:101 H:1198 F:15
c01ce0 lda $0200,x   [00020e] A:8f0a X:000e Y:0001 S:01e3 D:0000 DB:00 nvMXdizc V:101 H:1238 F:15
c01ce3 plx                    A:8f90 X:000e Y:0001 S:01e3 D:0000 DB:00 NvMXdizc V:101 H:1264 F:15
c01ce4 rtl                    A:8f90 X:0002 Y:0001 S:01e4 D:0000 DB:00 nvMXdizc V:101 H:1290 F:15
c00153 sta $a5       [0000a5] A:8f90 X:0002 Y:0001 S:01e7 D:0000 DB:00 nvMXdizc V:101 H:1332 F:15
c00155 jsl $c01ccc   [c01ccc] A:8f90 X:0002 Y:0001 S:01e7 D:0000 DB:00 nvMXdizc V:101 H:1352 F:15
c01ccc phx                    A:8f90 X:0002 Y:0001 S:01e4 D:0000 DB:00 nvMXdizc V:102 H:  42 F:15
c01ccd ldx $64       [000064] A:8f90 X:0002 Y:0001 S:01e3 D:0000 DB:00 nvMXdizc V:102 H:  62 F:15
c01ccf jsr ($1ce5,x) [c01cef] A:8f90 X:000a Y:0001 S:01e3 D:0000 DB:00 nvMXdizc V:102 H:  82 F:15
c01d24 ldx $66       [000066] A:8f90 X:000a Y:0001 S:01e1 D:0000 DB:00 nvMXdizc V:102 H: 134 F:15
c01d26 txa                    A:8f90 X:000f Y:0001 S:01e1 D:0000 DB:00 nvMXdizc V:102 H: 154 F:15
c01d27 sec                    A:8f0f X:000f Y:0001 S:01e1 D:0000 DB:00 nvMXdizc V:102 H: 166 F:15
c01d28 sbc #$10               A:8f0f X:000f Y:0001 S:01e1 D:0000 DB:00 nvMXdizC V:102 H: 178 F:15
c01d2a tax                    A:8fff X:000f Y:0001 S:01e1 D:0000 DB:00 NvMXdizc V:102 H: 190 F:15
c01d2b lda $0200,x   [0002ff] A:8fff X:00ff Y:0001 S:01e1 D:0000 DB:00 NvMXdizc V:102 H: 202 F:15
c01d2e rts                    A:8f00 X:00ff Y:0001 S:01e1 D:0000 DB:00 nvMXdiZc V:102 H: 228 F:15
c01cd2 ldx $66       [000066] A:8f00 X:00ff Y:0001 S:01e3 D:0000 DB:00 nvMXdiZc V:102 H: 268 F:15
c01cd4 sta $0200,x   [00020f] A:8f00 X:000f Y:0001 S:01e3 D:0000 DB:00 nvMXdizc V:102 H: 288 F:15
c01cd7 inc $66       [000066] A:8f00 X:000f Y:0001 S:01e3 D:0000 DB:00 nvMXdizc V:102 H: 320 F:15
c01cd9 dec $65       [000065] A:8f00 X:000f Y:0001 S:01e3 D:0000 DB:00 nvMXdizc V:102 H: 354 F:15
c01cdb bne $1ce0     [c01ce0] A:8f00 X:000f Y:0001 S:01e3 D:0000 DB:00 nvMXdiZc V:102 H: 388 F:15
c01cdd jsr $1d45     [c01d45] A:8f00 X:000f Y:0001 S:01e3 D:0000 DB:00 nvMXdiZc V:102 H: 400 F:15
c01d45 lda [$60]     [d1b162] A:8f00 X:000f Y:0001 S:01e1 D:0000 DB:00 nvMXdiZc V:102 H: 440 F:15
c01d47 sta $64       [000064] A:8f03 X:000f Y:0001 S:01e1 D:0000 DB:00 nvMXdizc V:102 H: 482 F:15
c01d49 and #$1f               A:8f03 X:000f Y:0001 S:01e1 D:0000 DB:00 nvMXdizc V:102 H: 502 F:15
c01d4b inc                    A:8f03 X:000f Y:0001 S:01e1 D:0000 DB:00 nvMXdizc V:102 H: 514 F:15
c01d4c sta $65       [000065] A:8f04 X:000f Y:0001 S:01e1 D:0000 DB:00 nvMXdizc V:102 H: 526 F:15
c01d4e lda $64       [000064] A:8f04 X:000f Y:0001 S:01e1 D:0000 DB:00 nvMXdizc V:102 H: 586 F:15
c01d50 lsr a                  A:8f03 X:000f Y:0001 S:01e1 D:0000 DB:00 nvMXdizc V:102 H: 606 F:15
c01d51 lsr a                  A:8f01 X:000f Y:0001 S:01e1 D:0000 DB:00 nvMXdizC V:102 H: 618 F:15
c01d52 lsr a                  A:8f00 X:000f Y:0001 S:01e1 D:0000 DB:00 nvMXdiZC V:102 H: 630 F:15
c01d53 lsr a                  A:8f00 X:000f Y:0001 S:01e1 D:0000 DB:00 nvMXdiZc V:102 H: 642 F:15
c01d54 and #$0e               A:8f00 X:000f Y:0001 S:01e1 D:0000 DB:00 nvMXdiZc V:102 H: 654 F:15
c01d56 sta $64       [000064] A:8f00 X:000f Y:0001 S:01e1 D:0000 DB:00 nvMXdiZc V:102 H: 666 F:15
c01d58 inc $60       [000060] A:8f00 X:000f Y:0001 S:01e1 D:0000 DB:00 nvMXdiZc V:102 H: 686 F:15
c01d5a bne $1d62     [c01d62] A:8f00 X:000f Y:0001 S:01e1 D:0000 DB:00 nvMXdizc V:102 H: 720 F:15
c01d62 rts                    A:8f00 X:000f Y:0001 S:01e1 D:0000 DB:00 nvMXdizc V:102 H: 738 F:15
c01ce0 lda $0200,x   [00020f] A:8f00 X:000f Y:0001 S:01e3 D:0000 DB:00 nvMXdizc V:102 H: 778 F:15
c01ce3 plx                    A:8f00 X:000f Y:0001 S:01e3 D:0000 DB:00 nvMXdiZc V:102 H: 804 F:15
c01ce4 rtl                    A:8f00 X:0002 Y:0001 S:01e4 D:0000 DB:00 nvMXdizc V:102 H: 830 F:15
c00159 sta $a6       [0000a6] A:8f00 X:0002 Y:0001 S:01e7 D:0000 DB:00 nvMXdizc V:102 H: 872 F:15
c0015b jsl $c00497   [c00497] A:8f00 X:0002 Y:0001 S:01e7 D:0000 DB:00 nvMXdizc V:102 H: 892 F:15
c00497 phx                    A:8f00 X:0002 Y:0001 S:01e4 D:0000 DB:00 nvMXdizc V:102 H: 946 F:15
c00498 rep #$30               A:8f00 X:0002 Y:0001 S:01e3 D:0000 DB:00 nvMXdizc V:102 H: 966 F:15
c0049a ldx $035b     [00035b] A:8f00 X:0002 Y:0001 S:01e3 D:0000 DB:00 nvmxdizc V:102 H: 984 F:15
c0049d lda $a5       [0000a5] A:8f00 X:37a2 Y:0001 S:01e3 D:0000 DB:00 nvmxdizc V:102 H:1018 F:15
c0049f sta $7e8000,x [7eb7a2] A:0090 X:37a2 Y:0001 S:01e3 D:0000 DB:00 nvmxdizc V:102 H:1046 F:15
c004a3 inx                    A:0090 X:37a2 Y:0001 S:01e3 D:0000 DB:00 nvmxdizc V:102 H:1086 F:15
c004a4 inx                    A:0090 X:37a3 Y:0001 S:01e3 D:0000 DB:00 nvmxdizc V:102 H:1098 F:15
c004a5 stx $035b     [00035b] A:0090 X:37a4 Y:0001 S:01e3 D:0000 DB:00 nvmxdizc V:102 H:1110 F:15
c004a8 sep #$30               A:0090 X:37a4 Y:0001 S:01e3 D:0000 DB:00 nvmxdizc V:102 H:1144 F:15
c004aa plx                    A:0090 X:00a4 Y:0001 S:01e3 D:0000 DB:00 nvMXdizc V:102 H:1162 F:15
c004ab rtl                    A:0090 X:0002 Y:0001 S:01e4 D:0000 DB:00 nvMXdizc V:102 H:1188 F:15
c0015f dex                    A:0090 X:0002 Y:0001 S:01e7 D:0000 DB:00 nvMXdizc V:102 H:1230 F:15
c00160 dex                    A:0090 X:0001 Y:0001 S:01e7 D:0000 DB:00 nvMXdizc V:102 H:1242 F:15
c00161 bne $014f     [c0014f] A:0090 X:0000 Y:0001 S:01e7 D:0000 DB:00 nvMXdiZc V:102 H:1254 F:15
c00163 jsl $c004ac   [c004ac] A:0090 X:0000 Y:0001 S:01e7 D:0000 DB:00 nvMXdiZc V:102 H:1266 F:15
c004ac phx                    A:0090 X:0000 Y:0001 S:01e4 D:0000 DB:00 nvMXdiZc V:102 H:1320 F:15
c004ad rep #$30               A:0090 X:0000 Y:0001 S:01e3 D:0000 DB:00 nvMXdiZc V:102 H:1340 F:15
c004af ldx $0357     [000357] A:0090 X:0000 Y:0001 S:01e3 D:0000 DB:00 nvmxdiZc V:102 H:1358 F:15
c004b2 lda $035b     [00035b] A:0090 X:3796 Y:0001 S:01e3 D:0000 DB:00 nvmxdizc V:103 H:  28 F:15
c004b5 sec                    A:37a4 X:3796 Y:0001 S:01e3 D:0000 DB:00 nvmxdizc V:103 H:  62 F:15
c004b6 sbc $0357     [000357] A:37a4 X:3796 Y:0001 S:01e3 D:0000 DB:00 nvmxdizC V:103 H:  74 F:15
c004b9 sbc #$0006             A:000e X:3796 Y:0001 S:01e3 D:0000 DB:00 nvmxdizC V:103 H: 108 F:15
c004bc sta $7e8002,x [7eb798] A:0008 X:3796 Y:0001 S:01e3 D:0000 DB:00 nvmxdizC V:103 H: 126 F:15
c004c0 lda $035b     [00035b] A:0008 X:3796 Y:0001 S:01e3 D:0000 DB:00 nvmxdizC V:103 H: 166 F:15
c004c3 and #$3fff             A:37a4 X:3796 Y:0001 S:01e3 D:0000 DB:00 nvmxdizC V:103 H: 200 F:15
c004c6 sta $0357     [000357] A:37a4 X:3796 Y:0001 S:01e3 D:0000 DB:00 nvmxdizC V:103 H: 218 F:15
c004c9 sep #$30               A:37a4 X:3796 Y:0001 S:01e3 D:0000 DB:00 nvmxdizC V:103 H: 252 F:15
c004cb plx                    A:37a4 X:0096 Y:0001 S:01e3 D:0000 DB:00 nvMXdizC V:103 H: 270 F:15
c004cc rtl                    A:37a4 X:0000 Y:0001 S:01e4 D:0000 DB:00 nvMXdiZC V:103 H: 296 F:15
c00167 inc $1d2a     [001d2a] A:37a4 X:0000 Y:0001 S:01e7 D:0000 DB:00 nvMXdiZC V:103 H: 338 F:15
c0016a dey                    A:37a4 X:0000 Y:0001 S:01e7 D:0000 DB:00 nvMXdizC V:103 H: 378 F:15
c0016b bne $013c     [c0013c] A:37a4 X:0000 Y:0000 S:01e7 D:0000 DB:00 nvMXdiZC V:103 H: 390 F:15
c0016d pla                    A:37a4 X:0000 Y:0000 S:01e7 D:0000 DB:00 nvMXdiZC V:103 H: 402 F:15
c0016e sta $1d2a     [001d2a] A:370c X:0000 Y:0000 S:01e8 D:0000 DB:00 nvMXdizC V:103 H: 428 F:15
c00171 rts                    A:370c X:0000 Y:0000 S:01e8 D:0000 DB:00 nvMXdizC V:103 H: 454 F:15
c000f4 lda $0342     [000342] A:370c X:0000 Y:0000 S:01ea D:0000 DB:00 nvMXdizC V:103 H: 494 F:15
c000f7 bne $0109     [c00109] A:3700 X:0000 Y:0000 S:01ea D:0000 DB:00 nvMXdiZC V:103 H: 520 F:15
c000f9 lda #$80               A:3700 X:0000 Y:0000 S:01ea D:0000 DB:00 nvMXdiZC V:103 H: 532 F:15
c000fb sta $0352     [000352] A:3780 X:0000 Y:0000 S:01ea D:0000 DB:00 NvMXdizC V:103 H: 584 F:15
c000fe jsl $c01d63   [c01d63] A:3780 X:0000 Y:0000 S:01ea D:0000 DB:00 NvMXdizC V:103 H: 610 F:15
c01d63 sec                    A:3780 X:0000 Y:0000 S:01e7 D:0000 DB:00 NvMXdizC V:103 H: 664 F:15
c01d64 rep #$20               A:3780 X:0000 Y:0000 S:01e7 D:0000 DB:00 NvMXdizC V:103 H: 676 F:15
c01d66 lda $60       [000060] A:3780 X:0000 Y:0000 S:01e7 D:0000 DB:00 NvmXdizC V:103 H: 694 F:15
c01d68 sbc #$0001             A:b163 X:0000 Y:0000 S:01e7 D:0000 DB:00 NvmXdizC V:103 H: 722 F:15
c01d6b sta $a5       [0000a5] A:b162 X:0000 Y:0000 S:01e7 D:0000 DB:00 NvmXdizC V:103 H: 740 F:15
c01d6d sep #$20               A:b162 X:0000 Y:0000 S:01e7 D:0000 DB:00 NvmXdizC V:103 H: 768 F:15
c01d6f lda $62       [000062] A:b162 X:0000 Y:0000 S:01e7 D:0000 DB:00 NvMXdizC V:103 H: 786 F:15
c01d71 sbc #$00               A:b1d1 X:0000 Y:0000 S:01e7 D:0000 DB:00 NvMXdizC V:103 H: 806 F:15
c01d73 sta $a7       [0000a7] A:b1d1 X:0000 Y:0000 S:01e7 D:0000 DB:00 NvMXdizC V:103 H: 818 F:15
c01d75 rtl                    A:b1d1 X:0000 Y:0000 S:01e7 D:0000 DB:00 NvMXdizC V:103 H: 838 F:15
c00102 jsl $c01cb0   [c01cb0] A:b1d1 X:0000 Y:0000 S:01ea D:0000 DB:00 NvMXdizC V:103 H: 880 F:15
c01cb0 phx                    A:b1d1 X:0000 Y:0000 S:01e7 D:0000 DB:00 NvMXdizC V:103 H: 934 F:15
c01cb1 rep #$20               A:b1d1 X:0000 Y:0000 S:01e6 D:0000 DB:00 NvMXdizC V:103 H: 954 F:15
c01cb3 lda $a5       [0000a5] A:b1d1 X:0000 Y:0000 S:01e6 D:0000 DB:00 NvmXdizC V:103 H: 972 F:15
c01cb5 sta $60       [000060] A:b162 X:0000 Y:0000 S:01e6 D:0000 DB:00 NvmXdizC V:103 H:1000 F:15
c01cb7 sep #$20               A:b162 X:0000 Y:0000 S:01e6 D:0000 DB:00 NvmXdizC V:103 H:1028 F:15
c01cb9 lda $a7       [0000a7] A:b162 X:0000 Y:0000 S:01e6 D:0000 DB:00 NvMXdizC V:103 H:1046 F:15
c01cbb sta $62       [000062] A:b1d1 X:0000 Y:0000 S:01e6 D:0000 DB:00 NvMXdizC V:103 H:1066 F:15
c01cbd ldx #$00               A:b1d1 X:0000 Y:0000 S:01e6 D:0000 DB:00 NvMXdizC V:103 H:1086 F:15
c01cbf stz $0200,x   [000200] A:b1d1 X:0000 Y:0000 S:01e6 D:0000 DB:00 nvMXdiZC V:103 H:1098 F:15
c01cc2 inx                    A:b1d1 X:0000 Y:0000 S:01e6 D:0000 DB:00 nvMXdiZC V:103 H:1130 F:15
c01cc3 bne $1cbf     [c01cbf] A:b1d1 X:0001 Y:0000 S:01e6 D:0000 DB:00 nvMXdizC V:103 H:1142 F:15
c01cbf stz $0200,x   [000201] A:b1d1 X:0001 Y:0000 S:01e6 D:0000 DB:00 nvMXdizC V:103 H:1160 F:15
c01cc2 inx                    A:b1d1 X:0001 Y:0000 S:01e6 D:0000 DB:00 nvMXdizC V:103 H:1192 F:15
c01cc3 bne $1cbf     [c01cbf] A:b1d1 X:0002 Y:0000 S:01e6 D:0000 DB:00 nvMXdizC V:103 H:1204 F:15
c01cbf stz $0200,x   [000202] A:b1d1 X:0002 Y:0000 S:01e6 D:0000 DB:00 nvMXdizC V:103 H:1222 F:15
c01cc2 inx                    A:b1d1 X:0002 Y:0000 S:01e6 D:0000 DB:00 nvMXdizC V:103 H:1254 F:15
c01cc3 bne $1cbf     [c01cbf] A:b1d1 X:0003 Y:0000 S:01e6 D:0000 DB:00 nvMXdizC V:103 H:1266 F:15
c01cbf stz $0200,x   [000203] A:b1d1 X:0003 Y:0000 S:01e6 D:0000 DB:00 nvMXdizC V:103 H:1284 F:15
c01cc2 inx                    A:b1d1 X:0003 Y:0000 S:01e6 D:0000 DB:00 nvMXdizC V:103 H:1316 F:15
c01cc3 bne $1cbf     [c01cbf] A:b1d1 X:0004 Y:0000 S:01e6 D:0000 DB:00 nvMXdizC V:103 H:1328 F:15
c01cbf stz $0200,x   [000204] A:b1d1 X:0004 Y:0000 S:01e6 D:0000 DB:00 nvMXdizC V:103 H:1346 F:15
c01cc2 inx                    A:b1d1 X:0004 Y:0000 S:01e6 D:0000 DB:00 nvMXdizC V:104 H:  14 F:15
c01cc3 bne $1cbf     [c01cbf] A:b1d1 X:0005 Y:0000 S:01e6 D:0000 DB:00 nvMXdizC V:104 H:  26 F:15
c01cbf stz $0200,x   [000205] A:b1d1 X:0005 Y:0000 S:01e6 D:0000 DB:00 nvMXdizC V:104 H:  44 F:15
c01cc2 inx                    A:b1d1 X:0005 Y:0000 S:01e6 D:0000 DB:00 nvMXdizC V:104 H:  76 F:15
c01cc3 bne $1cbf     [c01cbf] A:b1d1 X:0006 Y:0000 S:01e6 D:0000 DB:00 nvMXdizC V:104 H:  88 F:15
c01cbf stz $0200,x   [000206] A:b1d1 X:0006 Y:0000 S:01e6 D:0000 DB:00 nvMXdizC V:104 H: 106 F:15
c01cc2 inx                    A:b1d1 X:0006 Y:0000 S:01e6 D:0000 DB:00 nvMXdizC V:104 H: 138 F:15
c01cc3 bne $1cbf     [c01cbf] A:b1d1 X:0007 Y:0000 S:01e6 D:0000 DB:00 nvMXdizC V:104 H: 150 F:15
c01cbf stz $0200,x   [000207] A:b1d1 X:0007 Y:0000 S:01e6 D:0000 DB:00 nvMXdizC V:104 H: 168 F:15
c01cc2 inx                    A:b1d1 X:0007 Y:0000 S:01e6 D:0000 DB:00 nvMXdizC V:104 H: 200 F:15
c01cc3 bne $1cbf     [c01cbf] A:b1d1 X:0008 Y:0000 S:01e6 D:0000 DB:00 nvMXdizC V:104 H: 212 F:15
c01cbf stz $0200,x   [000208] A:b1d1 X:0008 Y:0000 S:01e6 D:0000 DB:00 nvMXdizC V:104 H: 230 F:15
c01cc2 inx                    A:b1d1 X:0008 Y:0000 S:01e6 D:0000 DB:00 nvMXdizC V:104 H: 262 F:15
c01cc3 bne $1cbf     [c01cbf] A:b1d1 X:0009 Y:0000 S:01e6 D:0000 DB:00 nvMXdizC V:104 H: 274 F:15
c01cbf stz $0200,x   [000209] A:b1d1 X:0009 Y:0000 S:01e6 D:0000 DB:00 nvMXdizC V:104 H: 292 F:15
c01cc2 inx                    A:b1d1 X:0009 Y:0000 S:01e6 D:0000 DB:00 nvMXdizC V:104 H: 324 F:15
c01cc3 bne $1cbf     [c01cbf] A:b1d1 X:000a Y:0000 S:01e6 D:0000 DB:00 nvMXdizC V:104 H: 336 F:15
c01cbf stz $0200,x   [00020a] A:b1d1 X:000a Y:0000 S:01e6 D:0000 DB:00 nvMXdizC V:104 H: 354 F:15
c01cc2 inx                    A:b1d1 X:000a Y:0000 S:01e6 D:0000 DB:00 nvMXdizC V:104 H: 386 F:15
c01cc3 bne $1cbf     [c01cbf] A:b1d1 X:000b Y:0000 S:01e6 D:0000 DB:00 nvMXdizC V:104 H: 398 F:15
c01cbf stz $0200,x   [00020b] A:b1d1 X:000b Y:0000 S:01e6 D:0000 DB:00 nvMXdizC V:104 H: 416 F:15
c01cc2 inx                    A:b1d1 X:000b Y:0000 S:01e6 D:0000 DB:00 nvMXdizC V:104 H: 448 F:15
c01cc3 bne $1cbf     [c01cbf] A:b1d1 X:000c Y:0000 S:01e6 D:0000 DB:00 nvMXdizC V:104 H: 460 F:15
c01cbf stz $0200,x   [00020c] A:b1d1 X:000c Y:0000 S:01e6 D:0000 DB:00 nvMXdizC V:104 H: 478 F:15
c01cc2 inx                    A:b1d1 X:000c Y:0000 S:01e6 D:0000 DB:00 nvMXdizC V:104 H: 510 F:15
c01cc3 bne $1cbf     [c01cbf] A:b1d1 X:000d Y:0000 S:01e6 D:0000 DB:00 nvMXdizC V:104 H: 522 F:15
c01cbf stz $0200,x   [00020d] A:b1d1 X:000d Y:0000 S:01e6 D:0000 DB:00 nvMXdizC V:104 H: 580 F:15
c01cc2 inx                    A:b1d1 X:000d Y:0000 S:01e6 D:0000 DB:00 nvMXdizC V:104 H: 612 F:15
c01cc3 bne $1cbf     [c01cbf] A:b1d1 X:000e Y:0000 S:01e6 D:0000 DB:00 nvMXdizC V:104 H: 624 F:15
c01cbf stz $0200,x   [00020e] A:b1d1 X:000e Y:0000 S:01e6 D:0000 DB:00 nvMXdizC V:104 H: 642 F:15
c01cc2 inx                    A:b1d1 X:000e Y:0000 S:01e6 D:0000 DB:00 nvMXdizC V:104 H: 674 F:15
c01cc3 bne $1cbf     [c01cbf] A:b1d1 X:000f Y:0000 S:01e6 D:0000 DB:00 nvMXdizC V:104 H: 686 F:15
c01cbf stz $0200,x   [00020f] A:b1d1 X:000f Y:0000 S:01e6 D:0000 DB:00 nvMXdizC V:104 H: 704 F:15
c01cc2 inx                    A:b1d1 X:000f Y:0000 S:01e6 D:0000 DB:00 nvMXdizC V:104 H: 736 F:15
c01cc3 bne $1cbf     [c01cbf] A:b1d1 X:0010 Y:0000 S:01e6 D:0000 DB:00 nvMXdizC V:104 H: 748 F:15
c01cbf stz $0200,x   [000210] A:b1d1 X:0010 Y:0000 S:01e6 D:0000 DB:00 nvMXdizC V:104 H: 766 F:15
c01cc2 inx                    A:b1d1 X:0010 Y:0000 S:01e6 D:0000 DB:00 nvMXdizC V:104 H: 798 F:15
c01cc3 bne $1cbf     [c01cbf] A:b1d1 X:0011 Y:0000 S:01e6 D:0000 DB:00 nvMXdizC V:104 H: 810 F:15
c01cbf stz $0200,x   [000211] A:b1d1 X:0011 Y:0000 S:01e6 D:0000 DB:00 nvMXdizC V:104 H: 828 F:15
c01cc2 inx                    A:b1d1 X:0011 Y:0000 S:01e6 D:0000 DB:00 nvMXdizC V:104 H: 860 F:15
c01cc3 bne $1cbf     [c01cbf] A:b1d1 X:0012 Y:0000 S:01e6 D:0000 DB:00 nvMXdizC V:104 H: 872 F:15
c01cbf stz $0200,x   [000212] A:b1d1 X:0012 Y:0000 S:01e6 D:0000 DB:00 nvMXdizC V:104 H: 890 F:15
c01cc2 inx                    A:b1d1 X:0012 Y:0000 S:01e6 D:0000 DB:00 nvMXdizC V:104 H: 922 F:15
c01cc3 bne $1cbf     [c01cbf] A:b1d1 X:0013 Y:0000 S:01e6 D:0000 DB:00 nvMXdizC V:104 H: 934 F:15
c01cbf stz $0200,x   [000213] A:b1d1 X:0013 Y:0000 S:01e6 D:0000 DB:00 nvMXdizC V:104 H: 952 F:15
c01cc2 inx                    A:b1d1 X:0013 Y:0000 S:01e6 D:0000 DB:00 nvMXdizC V:104 H: 984 F:15
c01cc3 bne $1cbf     [c01cbf] A:b1d1 X:0014 Y:0000 S:01e6 D:0000 DB:00 nvMXdizC V:104 H: 996 F:15
c01cbf stz $0200,x   [000214] A:b1d1 X:0014 Y:0000 S:01e6 D:0000 DB:00 nvMXdizC V:104 H:1014 F:15
c01cc2 inx                    A:b1d1 X:0014 Y:0000 S:01e6 D:0000 DB:00 nvMXdizC V:104 H:1046 F:15
c01cc3 bne $1cbf     [c01cbf] A:b1d1 X:0015 Y:0000 S:01e6 D:0000 DB:00 nvMXdizC V:104 H:1058 F:15
c01cbf stz $0200,x   [000215] A:b1d1 X:0015 Y:0000 S:01e6 D:0000 DB:00 nvMXdizC V:104 H:1076 F:15
c01cc2 inx                    A:b1d1 X:0015 Y:0000 S:01e6 D:0000 DB:00 nvMXdizC V:104 H:1108 F:15
c01cc3 bne $1cbf     [c01cbf] A:b1d1 X:0016 Y:0000 S:01e6 D:0000 DB:00 nvMXdizC V:104 H:1120 F:15
c01cbf stz $0200,x   [000216] A:b1d1 X:0016 Y:0000 S:01e6 D:0000 DB:00 nvMXdizC V:104 H:1138 F:15
c01cc2 inx                    A:b1d1 X:0016 Y:0000 S:01e6 D:0000 DB:00 nvMXdizC V:104 H:1170 F:15
c01cc3 bne $1cbf     [c01cbf] A:b1d1 X:0017 Y:0000 S:01e6 D:0000 DB:00 nvMXdizC V:104 H:1182 F:15
c01cbf stz $0200,x   [000217] A:b1d1 X:0017 Y:0000 S:01e6 D:0000 DB:00 nvMXdizC V:104 H:1200 F:15
c01cc2 inx                    A:b1d1 X:0017 Y:0000 S:01e6 D:0000 DB:00 nvMXdizC V:104 H:1232 F:15
c01cc3 bne $1cbf     [c01cbf] A:b1d1 X:0018 Y:0000 S:01e6 D:0000 DB:00 nvMXdizC V:104 H:1244 F:15
c01cbf stz $0200,x   [000218] A:b1d1 X:0018 Y:0000 S:01e6 D:0000 DB:00 nvMXdizC V:104 H:1262 F:15
c01cc2 inx                    A:b1d1 X:0018 Y:0000 S:01e6 D:0000 DB:00 nvMXdizC V:104 H:1294 F:15
c01cc3 bne $1cbf     [c01cbf] A:b1d1 X:0019 Y:0000 S:01e6 D:0000 DB:00 nvMXdizC V:104 H:1306 F:15
c01cbf stz $0200,x   [000219] A:b1d1 X:0019 Y:0000 S:01e6 D:0000 DB:00 nvMXdizC V:104 H:1324 F:15
c01cc2 inx                    A:b1d1 X:0019 Y:0000 S:01e6 D:0000 DB:00 nvMXdizC V:104 H:1356 F:15
c01cc3 bne $1cbf     [c01cbf] A:b1d1 X:001a Y:0000 S:01e6 D:0000 DB:00 nvMXdizC V:105 H:   4 F:15
c01cbf stz $0200,x   [00021a] A:b1d1 X:001a Y:0000 S:01e6 D:0000 DB:00 nvMXdizC V:105 H:  22 F:15
c01cc2 inx                    A:b1d1 X:001a Y:0000 S:01e6 D:0000 DB:00 nvMXdizC V:105 H:  54 F:15
c01cc3 bne $1cbf     [c01cbf] A:b1d1 X:001b Y:0000 S:01e6 D:0000 DB:00 nvMXdizC V:105 H:  66 F:15
c01cbf stz $0200,x   [00021b] A:b1d1 X:001b Y:0000 S:01e6 D:0000 DB:00 nvMXdizC V:105 H:  84 F:15
c01cc2 inx                    A:b1d1 X:001b Y:0000 S:01e6 D:0000 DB:00 nvMXdizC V:105 H: 116 F:15
c01cc3 bne $1cbf     [c01cbf] A:b1d1 X:001c Y:0000 S:01e6 D:0000 DB:00 nvMXdizC V:105 H: 128 F:15
c01cbf stz $0200,x   [00021c] A:b1d1 X:001c Y:0000 S:01e6 D:0000 DB:00 nvMXdizC V:105 H: 146 F:15
c01cc2 inx                    A:b1d1 X:001c Y:0000 S:01e6 D:0000 DB:00 nvMXdizC V:105 H: 178 F:15
c01cc3 bne $1cbf     [c01cbf] A:b1d1 X:001d Y:0000 S:01e6 D:0000 DB:00 nvMXdizC V:105 H: 190 F:15
c01cbf stz $0200,x   [00021d] A:b1d1 X:001d Y:0000 S:01e6 D:0000 DB:00 nvMXdizC V:105 H: 208 F:15
c01cc2 inx                    A:b1d1 X:001d Y:0000 S:01e6 D:0000 DB:00 nvMXdizC V:105 H: 240 F:15
c01cc3 bne $1cbf     [c01cbf] A:b1d1 X:001e Y:0000 S:01e6 D:0000 DB:00 nvMXdizC V:105 H: 252 F:15
c01cbf stz $0200,x   [00021e] A:b1d1 X:001e Y:0000 S:01e6 D:0000 DB:00 nvMXdizC V:105 H: 270 F:15
c01cc2 inx                    A:b1d1 X:001e Y:0000 S:01e6 D:0000 DB:00 nvMXdizC V:105 H: 302 F:15
c01cc3 bne $1cbf     [c01cbf] A:b1d1 X:001f Y:0000 S:01e6 D:0000 DB:00 nvMXdizC V:105 H: 314 F:15
c01cbf stz $0200,x   [00021f] A:b1d1 X:001f Y:0000 S:01e6 D:0000 DB:00 nvMXdizC V:105 H: 332 F:15
c01cc2 inx                    A:b1d1 X:001f Y:0000 S:01e6 D:0000 DB:00 nvMXdizC V:105 H: 364 F:15
c01cc3 bne $1cbf     [c01cbf] A:b1d1 X:0020 Y:0000 S:01e6 D:0000 DB:00 nvMXdizC V:105 H: 376 F:15
c01cbf stz $0200,x   [000220] A:b1d1 X:0020 Y:0000 S:01e6 D:0000 DB:00 nvMXdizC V:105 H: 394 F:15
c01cc2 inx                    A:b1d1 X:0020 Y:0000 S:01e6 D:0000 DB:00 nvMXdizC V:105 H: 426 F:15
c01cc3 bne $1cbf     [c01cbf] A:b1d1 X:0021 Y:0000 S:01e6 D:0000 DB:00 nvMXdizC V:105 H: 438 F:15
c01cbf stz $0200,x   [000221] A:b1d1 X:0021 Y:0000 S:01e6 D:0000 DB:00 nvMXdizC V:105 H: 456 F:15
c01cc2 inx                    A:b1d1 X:0021 Y:0000 S:01e6 D:0000 DB:00 nvMXdizC V:105 H: 488 F:15
c01cc3 bne $1cbf     [c01cbf] A:b1d1 X:0022 Y:0000 S:01e6 D:0000 DB:00 nvMXdizC V:105 H: 500 F:15
c01cbf stz $0200,x   [000222] A:b1d1 X:0022 Y:0000 S:01e6 D:0000 DB:00 nvMXdizC V:105 H: 518 F:15
c01cc2 inx                    A:b1d1 X:0022 Y:0000 S:01e6 D:0000 DB:00 nvMXdizC V:105 H: 590 F:15
c01cc3 bne $1cbf     [c01cbf] A:b1d1 X:0023 Y:0000 S:01e6 D:0000 DB:00 nvMXdizC V:105 H: 602 F:15
c01cbf stz $0200,x   [000223] A:b1d1 X:0023 Y:0000 S:01e6 D:0000 DB:00 nvMXdizC V:105 H: 620 F:15
c01cc2 inx                    A:b1d1 X:0023 Y:0000 S:01e6 D:0000 DB:00 nvMXdizC V:105 H: 652 F:15
c01cc3 bne $1cbf     [c01cbf] A:b1d1 X:0024 Y:0000 S:01e6 D:0000 DB:00 nvMXdizC V:105 H: 664 F:15
c01cbf stz $0200,x   [000224] A:b1d1 X:0024 Y:0000 S:01e6 D:0000 DB:00 nvMXdizC V:105 H: 682 F:15
c01cc2 inx                    A:b1d1 X:0024 Y:0000 S:01e6 D:0000 DB:00 nvMXdizC V:105 H: 714 F:15
c01cc3 bne $1cbf     [c01cbf] A:b1d1 X:0025 Y:0000 S:01e6 D:0000 DB:00 nvMXdizC V:105 H: 726 F:15
c01cbf stz $0200,x   [000225] A:b1d1 X:0025 Y:0000 S:01e6 D:0000 DB:00 nvMXdizC V:105 H: 744 F:15
c01cc2 inx                    A:b1d1 X:0025 Y:0000 S:01e6 D:0000 DB:00 nvMXdizC V:105 H: 776 F:15
c01cc3 bne $1cbf     [c01cbf] A:b1d1 X:0026 Y:0000 S:01e6 D:0000 DB:00 nvMXdizC V:105 H: 788 F:15
c01cbf stz $0200,x   [000226] A:b1d1 X:0026 Y:0000 S:01e6 D:0000 DB:00 nvMXdizC V:105 H: 806 F:15
c01cc2 inx                    A:b1d1 X:0026 Y:0000 S:01e6 D:0000 DB:00 nvMXdizC V:105 H: 838 F:15
c01cc3 bne $1cbf     [c01cbf] A:b1d1 X:0027 Y:0000 S:01e6 D:0000 DB:00 nvMXdizC V:105 H: 850 F:15
c01cbf stz $0200,x   [000227] A:b1d1 X:0027 Y:0000 S:01e6 D:0000 DB:00 nvMXdizC V:105 H: 868 F:15
c01cc2 inx                    A:b1d1 X:0027 Y:0000 S:01e6 D:0000 DB:00 nvMXdizC V:105 H: 900 F:15
c01cc3 bne $1cbf     [c01cbf] A:b1d1 X:0028 Y:0000 S:01e6 D:0000 DB:00 nvMXdizC V:105 H: 912 F:15
c01cbf stz $0200,x   [000228] A:b1d1 X:0028 Y:0000 S:01e6 D:0000 DB:00 nvMXdizC V:105 H: 930 F:15
c01cc2 inx                    A:b1d1 X:0028 Y:0000 S:01e6 D:0000 DB:00 nvMXdizC V:105 H: 962 F:15
c01cc3 bne $1cbf     [c01cbf] A:b1d1 X:0029 Y:0000 S:01e6 D:0000 DB:00 nvMXdizC V:105 H: 974 F:15
c01cbf stz $0200,x   [000229] A:b1d1 X:0029 Y:0000 S:01e6 D:0000 DB:00 nvMXdizC V:105 H: 992 F:15
c01cc2 inx                    A:b1d1 X:0029 Y:0000 S:01e6 D:0000 DB:00 nvMXdizC V:105 H:1024 F:15
c01cc3 bne $1cbf     [c01cbf] A:b1d1 X:002a Y:0000 S:01e6 D:0000 DB:00 nvMXdizC V:105 H:1036 F:15
c01cbf stz $0200,x   [00022a] A:b1d1 X:002a Y:0000 S:01e6 D:0000 DB:00 nvMXdizC V:105 H:1054 F:15
c01cc2 inx                    A:b1d1 X:002a Y:0000 S:01e6 D:0000 DB:00 nvMXdizC V:105 H:1086 F:15
c01cc3 bne $1cbf     [c01cbf] A:b1d1 X:002b Y:0000 S:01e6 D:0000 DB:00 nvMXdizC V:105 H:1098 F:15
c01cbf stz $0200,x   [00022b] A:b1d1 X:002b Y:0000 S:01e6 D:0000 DB:00 nvMXdizC V:105 H:1116 F:15
c01cc2 inx                    A:b1d1 X:002b Y:0000 S:01e6 D:0000 DB:00 nvMXdizC V:105 H:1148 F:15
c01cc3 bne $1cbf     [c01cbf] A:b1d1 X:002c Y:0000 S:01e6 D:0000 DB:00 nvMXdizC V:105 H:1160 F:15
c01cbf stz $0200,x   [00022c] A:b1d1 X:002c Y:0000 S:01e6 D:0000 DB:00 nvMXdizC V:105 H:1178 F:15
c01cc2 inx                    A:b1d1 X:002c Y:0000 S:01e6 D:0000 DB:00 nvMXdizC V:105 H:1210 F:15
c01cc3 bne $1cbf     [c01cbf] A:b1d1 X:002d Y:0000 S:01e6 D:0000 DB:00 nvMXdizC V:105 H:1222 F:15
c01cbf stz $0200,x   [00022d] A:b1d1 X:002d Y:0000 S:01e6 D:0000 DB:00 nvMXdizC V:105 H:1240 F:15
c01cc2 inx                    A:b1d1 X:002d Y:0000 S:01e6 D:0000 DB:00 nvMXdizC V:105 H:1272 F:15
c01cc3 bne $1cbf     [c01cbf] A:b1d1 X:002e Y:0000 S:01e6 D:0000 DB:00 nvMXdizC V:105 H:1284 F:15
c01cbf stz $0200,x   [00022e] A:b1d1 X:002e Y:0000 S:01e6 D:0000 DB:00 nvMXdizC V:105 H:1302 F:15
c01cc2 inx                    A:b1d1 X:002e Y:0000 S:01e6 D:0000 DB:00 nvMXdizC V:105 H:1334 F:15
c01cc3 bne $1cbf     [c01cbf] A:b1d1 X:002f Y:0000 S:01e6 D:0000 DB:00 nvMXdizC V:105 H:1346 F:15
c01cbf stz $0200,x   [00022f] A:b1d1 X:002f Y:0000 S:01e6 D:0000 DB:00 nvMXdizC V:106 H:   0 F:15
c01cc2 inx                    A:b1d1 X:002f Y:0000 S:01e6 D:0000 DB:00 nvMXdizC V:106 H:  32 F:15
c01cc3 bne $1cbf     [c01cbf] A:b1d1 X:0030 Y:0000 S:01e6 D:0000 DB:00 nvMXdizC V:106 H:  44 F:15
c01cbf stz $0200,x   [000230] A:b1d1 X:0030 Y:0000 S:01e6 D:0000 DB:00 nvMXdizC V:106 H:  62 F:15
c01cc2 inx                    A:b1d1 X:0030 Y:0000 S:01e6 D:0000 DB:00 nvMXdizC V:106 H:  94 F:15
c01cc3 bne $1cbf     [c01cbf] A:b1d1 X:0031 Y:0000 S:01e6 D:0000 DB:00 nvMXdizC V:106 H: 106 F:15
c01cbf stz $0200,x   [000231] A:b1d1 X:0031 Y:0000 S:01e6 D:0000 DB:00 nvMXdizC V:106 H: 124 F:15
c01cc2 inx                    A:b1d1 X:0031 Y:0000 S:01e6 D:0000 DB:00 nvMXdizC V:106 H: 156 F:15
c01cc3 bne $1cbf     [c01cbf] A:b1d1 X:0032 Y:0000 S:01e6 D:0000 DB:00 nvMXdizC V:106 H: 168 F:15
c01cbf stz $0200,x   [000232] A:b1d1 X:0032 Y:0000 S:01e6 D:0000 DB:00 nvMXdizC V:106 H: 186 F:15
c01cc2 inx                    A:b1d1 X:0032 Y:0000 S:01e6 D:0000 DB:00 nvMXdizC V:106 H: 218 F:15
c01cc3 bne $1cbf     [c01cbf] A:b1d1 X:0033 Y:0000 S:01e6 D:0000 DB:00 nvMXdizC V:106 H: 230 F:15
c01cbf stz $0200,x   [000233] A:b1d1 X:0033 Y:0000 S:01e6 D:0000 DB:00 nvMXdizC V:106 H: 248 F:15
c01cc2 inx                    A:b1d1 X:0033 Y:0000 S:01e6 D:0000 DB:00 nvMXdizC V:106 H: 280 F:15
c01cc3 bne $1cbf     [c01cbf] A:b1d1 X:0034 Y:0000 S:01e6 D:0000 DB:00 nvMXdizC V:106 H: 292 F:15
c01cbf stz $0200,x   [000234] A:b1d1 X:0034 Y:0000 S:01e6 D:0000 DB:00 nvMXdizC V:106 H: 310 F:15
c01cc2 inx                    A:b1d1 X:0034 Y:0000 S:01e6 D:0000 DB:00 nvMXdizC V:106 H: 342 F:15
c01cc3 bne $1cbf     [c01cbf] A:b1d1 X:0035 Y:0000 S:01e6 D:0000 DB:00 nvMXdizC V:106 H: 354 F:15
c01cbf stz $0200,x   [000235] A:b1d1 X:0035 Y:0000 S:01e6 D:0000 DB:00 nvMXdizC V:106 H: 372 F:15
c01cc2 inx                    A:b1d1 X:0035 Y:0000 S:01e6 D:0000 DB:00 nvMXdizC V:106 H: 404 F:15
c01cc3 bne $1cbf     [c01cbf] A:b1d1 X:0036 Y:0000 S:01e6 D:0000 DB:00 nvMXdizC V:106 H: 416 F:15
c01cbf stz $0200,x   [000236] A:b1d1 X:0036 Y:0000 S:01e6 D:0000 DB:00 nvMXdizC V:106 H: 434 F:15
c01cc2 inx                    A:b1d1 X:0036 Y:0000 S:01e6 D:0000 DB:00 nvMXdizC V:106 H: 466 F:15
c01cc3 bne $1cbf     [c01cbf] A:b1d1 X:0037 Y:0000 S:01e6 D:0000 DB:00 nvMXdizC V:106 H: 478 F:15
c01cbf stz $0200,x   [000237] A:b1d1 X:0037 Y:0000 S:01e6 D:0000 DB:00 nvMXdizC V:106 H: 496 F:15
c01cc2 inx                    A:b1d1 X:0037 Y:0000 S:01e6 D:0000 DB:00 nvMXdizC V:106 H: 528 F:15
c01cc3 bne $1cbf     [c01cbf] A:b1d1 X:0038 Y:0000 S:01e6 D:0000 DB:00 nvMXdizC V:106 H: 580 F:15
c01cbf stz $0200,x   [000238] A:b1d1 X:0038 Y:0000 S:01e6 D:0000 DB:00 nvMXdizC V:106 H: 598 F:15
c01cc2 inx                    A:b1d1 X:0038 Y:0000 S:01e6 D:0000 DB:00 nvMXdizC V:106 H: 630 F:15
c01cc3 bne $1cbf     [c01cbf] A:b1d1 X:0039 Y:0000 S:01e6 D:0000 DB:00 nvMXdizC V:106 H: 642 F:15
c01cbf stz $0200,x   [000239] A:b1d1 X:0039 Y:0000 S:01e6 D:0000 DB:00 nvMXdizC V:106 H: 660 F:15
c01cc2 inx                    A:b1d1 X:0039 Y:0000 S:01e6 D:0000 DB:00 nvMXdizC V:106 H: 692 F:15
c01cc3 bne $1cbf     [c01cbf] A:b1d1 X:003a Y:0000 S:01e6 D:0000 DB:00 nvMXdizC V:106 H: 704 F:15
c01cbf stz $0200,x   [00023a] A:b1d1 X:003a Y:0000 S:01e6 D:0000 DB:00 nvMXdizC V:106 H: 722 F:15
c01cc2 inx                    A:b1d1 X:003a Y:0000 S:01e6 D:0000 DB:00 nvMXdizC V:106 H: 754 F:15
c01cc3 bne $1cbf     [c01cbf] A:b1d1 X:003b Y:0000 S:01e6 D:0000 DB:00 nvMXdizC V:106 H: 766 F:15
c01cbf stz $0200,x   [00023b] A:b1d1 X:003b Y:0000 S:01e6 D:0000 DB:00 nvMXdizC V:106 H: 784 F:15
c01cc2 inx                    A:b1d1 X:003b Y:0000 S:01e6 D:0000 DB:00 nvMXdizC V:106 H: 816 F:15
c01cc3 bne $1cbf     [c01cbf] A:b1d1 X:003c Y:0000 S:01e6 D:0000 DB:00 nvMXdizC V:106 H: 828 F:15
c01cbf stz $0200,x   [00023c] A:b1d1 X:003c Y:0000 S:01e6 D:0000 DB:00 nvMXdizC V:106 H: 846 F:15
c01cc2 inx                    A:b1d1 X:003c Y:0000 S:01e6 D:0000 DB:00 nvMXdizC V:106 H: 878 F:15
c01cc3 bne $1cbf     [c01cbf] A:b1d1 X:003d Y:0000 S:01e6 D:0000 DB:00 nvMXdizC V:106 H: 890 F:15
c01cbf stz $0200,x   [00023d] A:b1d1 X:003d Y:0000 S:01e6 D:0000 DB:00 nvMXdizC V:106 H: 908 F:15
c01cc2 inx                    A:b1d1 X:003d Y:0000 S:01e6 D:0000 DB:00 nvMXdizC V:106 H: 940 F:15
c01cc3 bne $1cbf     [c01cbf] A:b1d1 X:003e Y:0000 S:01e6 D:0000 DB:00 nvMXdizC V:106 H: 952 F:15
c01cbf stz $0200,x   [00023e] A:b1d1 X:003e Y:0000 S:01e6 D:0000 DB:00 nvMXdizC V:106 H: 970 F:15
c01cc2 inx                    A:b1d1 X:003e Y:0000 S:01e6 D:0000 DB:00 nvMXdizC V:106 H:1002 F:15
c01cc3 bne $1cbf     [c01cbf] A:b1d1 X:003f Y:0000 S:01e6 D:0000 DB:00 nvMXdizC V:106 H:1014 F:15
c01cbf stz $0200,x   [00023f] A:b1d1 X:003f Y:0000 S:01e6 D:0000 DB:00 nvMXdizC V:106 H:1032 F:15
c01cc2 inx                    A:b1d1 X:003f Y:0000 S:01e6 D:0000 DB:00 nvMXdizC V:106 H:1064 F:15
c01cc3 bne $1cbf     [c01cbf] A:b1d1 X:0040 Y:0000 S:01e6 D:0000 DB:00 nvMXdizC V:106 H:1076 F:15
c01cbf stz $0200,x   [000240] A:b1d1 X:0040 Y:0000 S:01e6 D:0000 DB:00 nvMXdizC V:106 H:1094 F:15
c01cc2 inx                    A:b1d1 X:0040 Y:0000 S:01e6 D:0000 DB:00 nvMXdizC V:106 H:1126 F:15
c01cc3 bne $1cbf     [c01cbf] A:b1d1 X:0041 Y:0000 S:01e6 D:0000 DB:00 nvMXdizC V:106 H:1138 F:15
c01cbf stz $0200,x   [000241] A:b1d1 X:0041 Y:0000 S:01e6 D:0000 DB:00 nvMXdizC V:106 H:1156 F:15
c01cc2 inx                    A:b1d1 X:0041 Y:0000 S:01e6 D:0000 DB:00 nvMXdizC V:106 H:1188 F:15
c01cc3 bne $1cbf     [c01cbf] A:b1d1 X:0042 Y:0000 S:01e6 D:0000 DB:00 nvMXdizC V:106 H:1200 F:15
c01cbf stz $0200,x   [000242] A:b1d1 X:0042 Y:0000 S:01e6 D:0000 DB:00 nvMXdizC V:106 H:1218 F:15
c01cc2 inx                    A:b1d1 X:0042 Y:0000 S:01e6 D:0000 DB:00 nvMXdizC V:106 H:1250 F:15
c01cc3 bne $1cbf     [c01cbf] A:b1d1 X:0043 Y:0000 S:01e6 D:0000 DB:00 nvMXdizC V:106 H:1262 F:15
c01cbf stz $0200,x   [000243] A:b1d1 X:0043 Y:0000 S:01e6 D:0000 DB:00 nvMXdizC V:106 H:1280 F:15
c01cc2 inx                    A:b1d1 X:0043 Y:0000 S:01e6 D:0000 DB:00 nvMXdizC V:106 H:1312 F:15
c01cc3 bne $1cbf     [c01cbf] A:b1d1 X:0044 Y:0000 S:01e6 D:0000 DB:00 nvMXdizC V:106 H:1324 F:15
c01cbf stz $0200,x   [000244] A:b1d1 X:0044 Y:0000 S:01e6 D:0000 DB:00 nvMXdizC V:106 H:1342 F:15
c01cc2 inx                    A:b1d1 X:0044 Y:0000 S:01e6 D:0000 DB:00 nvMXdizC V:107 H:  10 F:15
c01cc3 bne $1cbf     [c01cbf] A:b1d1 X:0045 Y:0000 S:01e6 D:0000 DB:00 nvMXdizC V:107 H:  22 F:15
c01cbf stz $0200,x   [000245] A:b1d1 X:0045 Y:0000 S:01e6 D:0000 DB:00 nvMXdizC V:107 H:  40 F:15
c01cc2 inx                    A:b1d1 X:0045 Y:0000 S:01e6 D:0000 DB:00 nvMXdizC V:107 H:  72 F:15
c01cc3 bne $1cbf     [c01cbf] A:b1d1 X:0046 Y:0000 S:01e6 D:0000 DB:00 nvMXdizC V:107 H:  84 F:15
c01cbf stz $0200,x   [000246] A:b1d1 X:0046 Y:0000 S:01e6 D:0000 DB:00 nvMXdizC V:107 H: 102 F:15
c01cc2 inx                    A:b1d1 X:0046 Y:0000 S:01e6 D:0000 DB:00 nvMXdizC V:107 H: 134 F:15
c01cc3 bne $1cbf     [c01cbf] A:b1d1 X:0047 Y:0000 S:01e6 D:0000 DB:00 nvMXdizC V:107 H: 146 F:15
c01cbf stz $0200,x   [000247] A:b1d1 X:0047 Y:0000 S:01e6 D:0000 DB:00 nvMXdizC V:107 H: 164 F:15
c01cc2 inx                    A:b1d1 X:0047 Y:0000 S:01e6 D:0000 DB:00 nvMXdizC V:107 H: 196 F:15
c01cc3 bne $1cbf     [c01cbf] A:b1d1 X:0048 Y:0000 S:01e6 D:0000 DB:00 nvMXdizC V:107 H: 208 F:15
c01cbf stz $0200,x   [000248] A:b1d1 X:0048 Y:0000 S:01e6 D:0000 DB:00 nvMXdizC V:107 H: 226 F:15
c01cc2 inx                    A:b1d1 X:0048 Y:0000 S:01e6 D:0000 DB:00 nvMXdizC V:107 H: 258 F:15
c01cc3 bne $1cbf     [c01cbf] A:b1d1 X:0049 Y:0000 S:01e6 D:0000 DB:00 nvMXdizC V:107 H: 270 F:15
c01cbf stz $0200,x   [000249] A:b1d1 X:0049 Y:0000 S:01e6 D:0000 DB:00 nvMXdizC V:107 H: 288 F:15
c01cc2 inx                    A:b1d1 X:0049 Y:0000 S:01e6 D:0000 DB:00 nvMXdizC V:107 H: 320 F:15
c01cc3 bne $1cbf     [c01cbf] A:b1d1 X:004a Y:0000 S:01e6 D:0000 DB:00 nvMXdizC V:107 H: 332 F:15
c01cbf stz $0200,x   [00024a] A:b1d1 X:004a Y:0000 S:01e6 D:0000 DB:00 nvMXdizC V:107 H: 350 F:15
c01cc2 inx                    A:b1d1 X:004a Y:0000 S:01e6 D:0000 DB:00 nvMXdizC V:107 H: 382 F:15
c01cc3 bne $1cbf     [c01cbf] A:b1d1 X:004b Y:0000 S:01e6 D:0000 DB:00 nvMXdizC V:107 H: 394 F:15
c01cbf stz $0200,x   [00024b] A:b1d1 X:004b Y:0000 S:01e6 D:0000 DB:00 nvMXdizC V:107 H: 412 F:15
c01cc2 inx                    A:b1d1 X:004b Y:0000 S:01e6 D:0000 DB:00 nvMXdizC V:107 H: 444 F:15
c01cc3 bne $1cbf     [c01cbf] A:b1d1 X:004c Y:0000 S:01e6 D:0000 DB:00 nvMXdizC V:107 H: 456 F:15
c01cbf stz $0200,x   [00024c] A:b1d1 X:004c Y:0000 S:01e6 D:0000 DB:00 nvMXdizC V:107 H: 474 F:15
c01cc2 inx                    A:b1d1 X:004c Y:0000 S:01e6 D:0000 DB:00 nvMXdizC V:107 H: 506 F:15
c01cc3 bne $1cbf     [c01cbf] A:b1d1 X:004d Y:0000 S:01e6 D:0000 DB:00 nvMXdizC V:107 H: 518 F:15
c01cbf stz $0200,x   [00024d] A:b1d1 X:004d Y:0000 S:01e6 D:0000 DB:00 nvMXdizC V:107 H: 536 F:15
c01cc2 inx                    A:b1d1 X:004d Y:0000 S:01e6 D:0000 DB:00 nvMXdizC V:107 H: 608 F:15
c01cc3 bne $1cbf     [c01cbf] A:b1d1 X:004e Y:0000 S:01e6 D:0000 DB:00 nvMXdizC V:107 H: 620 F:15
c01cbf stz $0200,x   [00024e] A:b1d1 X:004e Y:0000 S:01e6 D:0000 DB:00 nvMXdizC V:107 H: 638 F:15
c01cc2 inx                    A:b1d1 X:004e Y:0000 S:01e6 D:0000 DB:00 nvMXdizC V:107 H: 670 F:15
c01cc3 bne $1cbf     [c01cbf] A:b1d1 X:004f Y:0000 S:01e6 D:0000 DB:00 nvMXdizC V:107 H: 682 F:15
c01cbf stz $0200,x   [00024f] A:b1d1 X:004f Y:0000 S:01e6 D:0000 DB:00 nvMXdizC V:107 H: 700 F:15
c01cc2 inx                    A:b1d1 X:004f Y:0000 S:01e6 D:0000 DB:00 nvMXdizC V:107 H: 732 F:15
c01cc3 bne $1cbf     [c01cbf] A:b1d1 X:0050 Y:0000 S:01e6 D:0000 DB:00 nvMXdizC V:107 H: 744 F:15
c01cbf stz $0200,x   [000250] A:b1d1 X:0050 Y:0000 S:01e6 D:0000 DB:00 nvMXdizC V:107 H: 762 F:15
c01cc2 inx                    A:b1d1 X:0050 Y:0000 S:01e6 D:0000 DB:00 nvMXdizC V:107 H: 794 F:15
c01cc3 bne $1cbf     [c01cbf] A:b1d1 X:0051 Y:0000 S:01e6 D:0000 DB:00 nvMXdizC V:107 H: 806 F:15
c01cbf stz $0200,x   [000251] A:b1d1 X:0051 Y:0000 S:01e6 D:0000 DB:00 nvMXdizC V:107 H: 824 F:15
c01cc2 inx                    A:b1d1 X:0051 Y:0000 S:01e6 D:0000 DB:00 nvMXdizC V:107 H: 856 F:15
c01cc3 bne $1cbf     [c01cbf] A:b1d1 X:0052 Y:0000 S:01e6 D:0000 DB:00 nvMXdizC V:107 H: 868 F:15
c01cbf stz $0200,x   [000252] A:b1d1 X:0052 Y:0000 S:01e6 D:0000 DB:00 nvMXdizC V:107 H: 886 F:15
c01cc2 inx                    A:b1d1 X:0052 Y:0000 S:01e6 D:0000 DB:00 nvMXdizC V:107 H: 918 F:15
c01cc3 bne $1cbf     [c01cbf] A:b1d1 X:0053 Y:0000 S:01e6 D:0000 DB:00 nvMXdizC V:107 H: 930 F:15
c01cbf stz $0200,x   [000253] A:b1d1 X:0053 Y:0000 S:01e6 D:0000 DB:00 nvMXdizC V:107 H: 948 F:15
c01cc2 inx                    A:b1d1 X:0053 Y:0000 S:01e6 D:0000 DB:00 nvMXdizC V:107 H: 980 F:15
c01cc3 bne $1cbf     [c01cbf] A:b1d1 X:0054 Y:0000 S:01e6 D:0000 DB:00 nvMXdizC V:107 H: 992 F:15
c01cbf stz $0200,x   [000254] A:b1d1 X:0054 Y:0000 S:01e6 D:0000 DB:00 nvMXdizC V:107 H:1010 F:15
c01cc2 inx                    A:b1d1 X:0054 Y:0000 S:01e6 D:0000 DB:00 nvMXdizC V:107 H:1042 F:15
c01cc3 bne $1cbf     [c01cbf] A:b1d1 X:0055 Y:0000 S:01e6 D:0000 DB:00 nvMXdizC V:107 H:1054 F:15
c01cbf stz $0200,x   [000255] A:b1d1 X:0055 Y:0000 S:01e6 D:0000 DB:00 nvMXdizC V:107 H:1072 F:15
c01cc2 inx                    A:b1d1 X:0055 Y:0000 S:01e6 D:0000 DB:00 nvMXdizC V:107 H:1104 F:15
c01cc3 bne $1cbf     [c01cbf] A:b1d1 X:0056 Y:0000 S:01e6 D:0000 DB:00 nvMXdizC V:107 H:1116 F:15
c01cbf stz $0200,x   [000256] A:b1d1 X:0056 Y:0000 S:01e6 D:0000 DB:00 nvMXdizC V:107 H:1134 F:15
c01cc2 inx                    A:b1d1 X:0056 Y:0000 S:01e6 D:0000 DB:00 nvMXdizC V:107 H:1166 F:15
c01cc3 bne $1cbf     [c01cbf] A:b1d1 X:0057 Y:0000 S:01e6 D:0000 DB:00 nvMXdizC V:107 H:1178 F:15
c01cbf stz $0200,x   [000257] A:b1d1 X:0057 Y:0000 S:01e6 D:0000 DB:00 nvMXdizC V:107 H:1196 F:15
c01cc2 inx                    A:b1d1 X:0057 Y:0000 S:01e6 D:0000 DB:00 nvMXdizC V:107 H:1228 F:15
c01cc3 bne $1cbf     [c01cbf] A:b1d1 X:0058 Y:0000 S:01e6 D:0000 DB:00 nvMXdizC V:107 H:1240 F:15
c01cbf stz $0200,x   [000258] A:b1d1 X:0058 Y:0000 S:01e6 D:0000 DB:00 nvMXdizC V:107 H:1258 F:15
c01cc2 inx                    A:b1d1 X:0058 Y:0000 S:01e6 D:0000 DB:00 nvMXdizC V:107 H:1290 F:15
c01cc3 bne $1cbf     [c01cbf] A:b1d1 X:0059 Y:0000 S:01e6 D:0000 DB:00 nvMXdizC V:107 H:1302 F:15
c01cbf stz $0200,x   [000259] A:b1d1 X:0059 Y:0000 S:01e6 D:0000 DB:00 nvMXdizC V:107 H:1320 F:15
c01cc2 inx                    A:b1d1 X:0059 Y:0000 S:01e6 D:0000 DB:00 nvMXdizC V:107 H:1352 F:15
c01cc3 bne $1cbf     [c01cbf] A:b1d1 X:005a Y:0000 S:01e6 D:0000 DB:00 nvMXdizC V:108 H:   0 F:15
c01cbf stz $0200,x   [00025a] A:b1d1 X:005a Y:0000 S:01e6 D:0000 DB:00 nvMXdizC V:108 H:  18 F:15
c01cc2 inx                    A:b1d1 X:005a Y:0000 S:01e6 D:0000 DB:00 nvMXdizC V:108 H:  50 F:15
c01cc3 bne $1cbf     [c01cbf] A:b1d1 X:005b Y:0000 S:01e6 D:0000 DB:00 nvMXdizC V:108 H:  62 F:15
c01cbf stz $0200,x   [00025b] A:b1d1 X:005b Y:0000 S:01e6 D:0000 DB:00 nvMXdizC V:108 H:  80 F:15
c01cc2 inx                    A:b1d1 X:005b Y:0000 S:01e6 D:0000 DB:00 nvMXdizC V:108 H: 112 F:15
c01cc3 bne $1cbf     [c01cbf] A:b1d1 X:005c Y:0000 S:01e6 D:0000 DB:00 nvMXdizC V:108 H: 124 F:15
c01cbf stz $0200,x   [00025c] A:b1d1 X:005c Y:0000 S:01e6 D:0000 DB:00 nvMXdizC V:108 H: 142 F:15
c01cc2 inx                    A:b1d1 X:005c Y:0000 S:01e6 D:0000 DB:00 nvMXdizC V:108 H: 174 F:15
c01cc3 bne $1cbf     [c01cbf] A:b1d1 X:005d Y:0000 S:01e6 D:0000 DB:00 nvMXdizC V:108 H: 186 F:15
c01cbf stz $0200,x   [00025d] A:b1d1 X:005d Y:0000 S:01e6 D:0000 DB:00 nvMXdizC V:108 H: 204 F:15
c01cc2 inx                    A:b1d1 X:005d Y:0000 S:01e6 D:0000 DB:00 nvMXdizC V:108 H: 236 F:15
c01cc3 bne $1cbf     [c01cbf] A:b1d1 X:005e Y:0000 S:01e6 D:0000 DB:00 nvMXdizC V:108 H: 248 F:15
c01cbf stz $0200,x   [00025e] A:b1d1 X:005e Y:0000 S:01e6 D:0000 DB:00 nvMXdizC V:108 H: 266 F:15
c01cc2 inx                    A:b1d1 X:005e Y:0000 S:01e6 D:0000 DB:00 nvMXdizC V:108 H: 298 F:15
c01cc3 bne $1cbf     [c01cbf] A:b1d1 X:005f Y:0000 S:01e6 D:0000 DB:00 nvMXdizC V:108 H: 310 F:15
c01cbf stz $0200,x   [00025f] A:b1d1 X:005f Y:0000 S:01e6 D:0000 DB:00 nvMXdizC V:108 H: 328 F:15
c01cc2 inx                    A:b1d1 X:005f Y:0000 S:01e6 D:0000 DB:00 nvMXdizC V:108 H: 360 F:15
c01cc3 bne $1cbf     [c01cbf] A:b1d1 X:0060 Y:0000 S:01e6 D:0000 DB:00 nvMXdizC V:108 H: 372 F:15
c01cbf stz $0200,x   [000260] A:b1d1 X:0060 Y:0000 S:01e6 D:0000 DB:00 nvMXdizC V:108 H: 390 F:15
c01cc2 inx                    A:b1d1 X:0060 Y:0000 S:01e6 D:0000 DB:00 nvMXdizC V:108 H: 422 F:15
c01cc3 bne $1cbf     [c01cbf] A:b1d1 X:0061 Y:0000 S:01e6 D:0000 DB:00 nvMXdizC V:108 H: 434 F:15
c01cbf stz $0200,x   [000261] A:b1d1 X:0061 Y:0000 S:01e6 D:0000 DB:00 nvMXdizC V:108 H: 452 F:15
c01cc2 inx                    A:b1d1 X:0061 Y:0000 S:01e6 D:0000 DB:00 nvMXdizC V:108 H: 484 F:15
c01cc3 bne $1cbf     [c01cbf] A:b1d1 X:0062 Y:0000 S:01e6 D:0000 DB:00 nvMXdizC V:108 H: 496 F:15
c01cbf stz $0200,x   [000262] A:b1d1 X:0062 Y:0000 S:01e6 D:0000 DB:00 nvMXdizC V:108 H: 514 F:15
c01cc2 inx                    A:b1d1 X:0062 Y:0000 S:01e6 D:0000 DB:00 nvMXdizC V:108 H: 586 F:15
c01cc3 bne $1cbf     [c01cbf] A:b1d1 X:0063 Y:0000 S:01e6 D:0000 DB:00 nvMXdizC V:108 H: 598 F:15
c01cbf stz $0200,x   [000263] A:b1d1 X:0063 Y:0000 S:01e6 D:0000 DB:00 nvMXdizC V:108 H: 616 F:15
c01cc2 inx                    A:b1d1 X:0063 Y:0000 S:01e6 D:0000 DB:00 nvMXdizC V:108 H: 648 F:15
c01cc3 bne $1cbf     [c01cbf] A:b1d1 X:0064 Y:0000 S:01e6 D:0000 DB:00 nvMXdizC V:108 H: 660 F:15
c01cbf stz $0200,x   [000264] A:b1d1 X:0064 Y:0000 S:01e6 D:0000 DB:00 nvMXdizC V:108 H: 678 F:15
c01cc2 inx                    A:b1d1 X:0064 Y:0000 S:01e6 D:0000 DB:00 nvMXdizC V:108 H: 710 F:15
c01cc3 bne $1cbf     [c01cbf] A:b1d1 X:0065 Y:0000 S:01e6 D:0000 DB:00 nvMXdizC V:108 H: 722 F:15
c01cbf stz $0200,x   [000265] A:b1d1 X:0065 Y:0000 S:01e6 D:0000 DB:00 nvMXdizC V:108 H: 740 F:15
c01cc2 inx                    A:b1d1 X:0065 Y:0000 S:01e6 D:0000 DB:00 nvMXdizC V:108 H: 772 F:15
c01cc3 bne $1cbf     [c01cbf] A:b1d1 X:0066 Y:0000 S:01e6 D:0000 DB:00 nvMXdizC V:108 H: 784 F:15
c01cbf stz $0200,x   [000266] A:b1d1 X:0066 Y:0000 S:01e6 D:0000 DB:00 nvMXdizC V:108 H: 802 F:15
c01cc2 inx                    A:b1d1 X:0066 Y:0000 S:01e6 D:0000 DB:00 nvMXdizC V:108 H: 834 F:15
c01cc3 bne $1cbf     [c01cbf] A:b1d1 X:0067 Y:0000 S:01e6 D:0000 DB:00 nvMXdizC V:108 H: 846 F:15
c01cbf stz $0200,x   [000267] A:b1d1 X:0067 Y:0000 S:01e6 D:0000 DB:00 nvMXdizC V:108 H: 864 F:15
c01cc2 inx                    A:b1d1 X:0067 Y:0000 S:01e6 D:0000 DB:00 nvMXdizC V:108 H: 896 F:15
c01cc3 bne $1cbf     [c01cbf] A:b1d1 X:0068 Y:0000 S:01e6 D:0000 DB:00 nvMXdizC V:108 H: 908 F:15
c01cbf stz $0200,x   [000268] A:b1d1 X:0068 Y:0000 S:01e6 D:0000 DB:00 nvMXdizC V:108 H: 926 F:15
c01cc2 inx                    A:b1d1 X:0068 Y:0000 S:01e6 D:0000 DB:00 nvMXdizC V:108 H: 958 F:15
c01cc3 bne $1cbf     [c01cbf] A:b1d1 X:0069 Y:0000 S:01e6 D:0000 DB:00 nvMXdizC V:108 H: 970 F:15
c01cbf stz $0200,x   [000269] A:b1d1 X:0069 Y:0000 S:01e6 D:0000 DB:00 nvMXdizC V:108 H: 988 F:15
c01cc2 inx                    A:b1d1 X:0069 Y:0000 S:01e6 D:0000 DB:00 nvMXdizC V:108 H:1020 F:15
c01cc3 bne $1cbf     [c01cbf] A:b1d1 X:006a Y:0000 S:01e6 D:0000 DB:00 nvMXdizC V:108 H:1032 F:15
c01cbf stz $0200,x   [00026a] A:b1d1 X:006a Y:0000 S:01e6 D:0000 DB:00 nvMXdizC V:108 H:1050 F:15
c01cc2 inx                    A:b1d1 X:006a Y:0000 S:01e6 D:0000 DB:00 nvMXdizC V:108 H:1082 F:15
c01cc3 bne $1cbf     [c01cbf] A:b1d1 X:006b Y:0000 S:01e6 D:0000 DB:00 nvMXdizC V:108 H:1094 F:15
c01cbf stz $0200,x   [00026b] A:b1d1 X:006b Y:0000 S:01e6 D:0000 DB:00 nvMXdizC V:108 H:1112 F:15
c01cc2 inx                    A:b1d1 X:006b Y:0000 S:01e6 D:0000 DB:00 nvMXdizC V:108 H:1144 F:15
c01cc3 bne $1cbf     [c01cbf] A:b1d1 X:006c Y:0000 S:01e6 D:0000 DB:00 nvMXdizC V:108 H:1156 F:15
c01cbf stz $0200,x   [00026c] A:b1d1 X:006c Y:0000 S:01e6 D:0000 DB:00 nvMXdizC V:108 H:1174 F:15
c01cc2 inx                    A:b1d1 X:006c Y:0000 S:01e6 D:0000 DB:00 nvMXdizC V:108 H:1206 F:15
c01cc3 bne $1cbf     [c01cbf] A:b1d1 X:006d Y:0000 S:01e6 D:0000 DB:00 nvMXdizC V:108 H:1218 F:15
c01cbf stz $0200,x   [00026d] A:b1d1 X:006d Y:0000 S:01e6 D:0000 DB:00 nvMXdizC V:108 H:1236 F:15
c01cc2 inx                    A:b1d1 X:006d Y:0000 S:01e6 D:0000 DB:00 nvMXdizC V:108 H:1268 F:15
c01cc3 bne $1cbf     [c01cbf] A:b1d1 X:006e Y:0000 S:01e6 D:0000 DB:00 nvMXdizC V:108 H:1280 F:15
c01cbf stz $0200,x   [00026e] A:b1d1 X:006e Y:0000 S:01e6 D:0000 DB:00 nvMXdizC V:108 H:1298 F:15
c01cc2 inx                    A:b1d1 X:006e Y:0000 S:01e6 D:0000 DB:00 nvMXdizC V:108 H:1330 F:15
c01cc3 bne $1cbf     [c01cbf] A:b1d1 X:006f Y:0000 S:01e6 D:0000 DB:00 nvMXdizC V:108 H:1342 F:15
c01cbf stz $0200,x   [00026f] A:b1d1 X:006f Y:0000 S:01e6 D:0000 DB:00 nvMXdizC V:108 H:1360 F:15
c01cc2 inx                    A:b1d1 X:006f Y:0000 S:01e6 D:0000 DB:00 nvMXdizC V:109 H:  28 F:15
c01cc3 bne $1cbf     [c01cbf] A:b1d1 X:0070 Y:0000 S:01e6 D:0000 DB:00 nvMXdizC V:109 H:  40 F:15
c01cbf stz $0200,x   [000270] A:b1d1 X:0070 Y:0000 S:01e6 D:0000 DB:00 nvMXdizC V:109 H:  58 F:15
c01cc2 inx                    A:b1d1 X:0070 Y:0000 S:01e6 D:0000 DB:00 nvMXdizC V:109 H:  90 F:15
c01cc3 bne $1cbf     [c01cbf] A:b1d1 X:0071 Y:0000 S:01e6 D:0000 DB:00 nvMXdizC V:109 H: 102 F:15
c01cbf stz $0200,x   [000271] A:b1d1 X:0071 Y:0000 S:01e6 D:0000 DB:00 nvMXdizC V:109 H: 120 F:15
c01cc2 inx                    A:b1d1 X:0071 Y:0000 S:01e6 D:0000 DB:00 nvMXdizC V:109 H: 152 F:15
c01cc3 bne $1cbf     [c01cbf] A:b1d1 X:0072 Y:0000 S:01e6 D:0000 DB:00 nvMXdizC V:109 H: 164 F:15
c01cbf stz $0200,x   [000272] A:b1d1 X:0072 Y:0000 S:01e6 D:0000 DB:00 nvMXdizC V:109 H: 182 F:15
c01cc2 inx                    A:b1d1 X:0072 Y:0000 S:01e6 D:0000 DB:00 nvMXdizC V:109 H: 214 F:15
c01cc3 bne $1cbf     [c01cbf] A:b1d1 X:0073 Y:0000 S:01e6 D:0000 DB:00 nvMXdizC V:109 H: 226 F:15
c01cbf stz $0200,x   [000273] A:b1d1 X:0073 Y:0000 S:01e6 D:0000 DB:00 nvMXdizC V:109 H: 244 F:15
c01cc2 inx                    A:b1d1 X:0073 Y:0000 S:01e6 D:0000 DB:00 nvMXdizC V:109 H: 276 F:15
c01cc3 bne $1cbf     [c01cbf] A:b1d1 X:0074 Y:0000 S:01e6 D:0000 DB:00 nvMXdizC V:109 H: 288 F:15
c01cbf stz $0200,x   [000274] A:b1d1 X:0074 Y:0000 S:01e6 D:0000 DB:00 nvMXdizC V:109 H: 306 F:15
c01cc2 inx                    A:b1d1 X:0074 Y:0000 S:01e6 D:0000 DB:00 nvMXdizC V:109 H: 338 F:15
c01cc3 bne $1cbf     [c01cbf] A:b1d1 X:0075 Y:0000 S:01e6 D:0000 DB:00 nvMXdizC V:109 H: 350 F:15
c01cbf stz $0200,x   [000275] A:b1d1 X:0075 Y:0000 S:01e6 D:0000 DB:00 nvMXdizC V:109 H: 368 F:15
c01cc2 inx                    A:b1d1 X:0075 Y:0000 S:01e6 D:0000 DB:00 nvMXdizC V:109 H: 400 F:15
c01cc3 bne $1cbf     [c01cbf] A:b1d1 X:0076 Y:0000 S:01e6 D:0000 DB:00 nvMXdizC V:109 H: 412 F:15
c01cbf stz $0200,x   [000276] A:b1d1 X:0076 Y:0000 S:01e6 D:0000 DB:00 nvMXdizC V:109 H: 430 F:15
c01cc2 inx                    A:b1d1 X:0076 Y:0000 S:01e6 D:0000 DB:00 nvMXdizC V:109 H: 462 F:15
c01cc3 bne $1cbf     [c01cbf] A:b1d1 X:0077 Y:0000 S:01e6 D:0000 DB:00 nvMXdizC V:109 H: 474 F:15
c01cbf stz $0200,x   [000277] A:b1d1 X:0077 Y:0000 S:01e6 D:0000 DB:00 nvMXdizC V:109 H: 492 F:15
c01cc2 inx                    A:b1d1 X:0077 Y:0000 S:01e6 D:0000 DB:00 nvMXdizC V:109 H: 524 F:15
c01cc3 bne $1cbf     [c01cbf] A:b1d1 X:0078 Y:0000 S:01e6 D:0000 DB:00 nvMXdizC V:109 H: 536 F:15
c01cbf stz $0200,x   [000278] A:b1d1 X:0078 Y:0000 S:01e6 D:0000 DB:00 nvMXdizC V:109 H: 594 F:15
c01cc2 inx                    A:b1d1 X:0078 Y:0000 S:01e6 D:0000 DB:00 nvMXdizC V:109 H: 626 F:15
c01cc3 bne $1cbf     [c01cbf] A:b1d1 X:0079 Y:0000 S:01e6 D:0000 DB:00 nvMXdizC V:109 H: 638 F:15
c01cbf stz $0200,x   [000279] A:b1d1 X:0079 Y:0000 S:01e6 D:0000 DB:00 nvMXdizC V:109 H: 656 F:15
c01cc2 inx                    A:b1d1 X:0079 Y:0000 S:01e6 D:0000 DB:00 nvMXdizC V:109 H: 688 F:15
c01cc3 bne $1cbf     [c01cbf] A:b1d1 X:007a Y:0000 S:01e6 D:0000 DB:00 nvMXdizC V:109 H: 700 F:15
c01cbf stz $0200,x   [00027a] A:b1d1 X:007a Y:0000 S:01e6 D:0000 DB:00 nvMXdizC V:109 H: 718 F:15
c01cc2 inx                    A:b1d1 X:007a Y:0000 S:01e6 D:0000 DB:00 nvMXdizC V:109 H: 750 F:15
c01cc3 bne $1cbf     [c01cbf] A:b1d1 X:007b Y:0000 S:01e6 D:0000 DB:00 nvMXdizC V:109 H: 762 F:15
c01cbf stz $0200,x   [00027b] A:b1d1 X:007b Y:0000 S:01e6 D:0000 DB:00 nvMXdizC V:109 H: 780 F:15
c01cc2 inx                    A:b1d1 X:007b Y:0000 S:01e6 D:0000 DB:00 nvMXdizC V:109 H: 812 F:15
c01cc3 bne $1cbf     [c01cbf] A:b1d1 X:007c Y:0000 S:01e6 D:0000 DB:00 nvMXdizC V:109 H: 824 F:15
c01cbf stz $0200,x   [00027c] A:b1d1 X:007c Y:0000 S:01e6 D:0000 DB:00 nvMXdizC V:109 H: 842 F:15
c01cc2 inx                    A:b1d1 X:007c Y:0000 S:01e6 D:0000 DB:00 nvMXdizC V:109 H: 874 F:15
c01cc3 bne $1cbf     [c01cbf] A:b1d1 X:007d Y:0000 S:01e6 D:0000 DB:00 nvMXdizC V:109 H: 886 F:15
c01cbf stz $0200,x   [00027d] A:b1d1 X:007d Y:0000 S:01e6 D:0000 DB:00 nvMXdizC V:109 H: 904 F:15
c01cc2 inx                    A:b1d1 X:007d Y:0000 S:01e6 D:0000 DB:00 nvMXdizC V:109 H: 936 F:15
c01cc3 bne $1cbf     [c01cbf] A:b1d1 X:007e Y:0000 S:01e6 D:0000 DB:00 nvMXdizC V:109 H: 948 F:15
c01cbf stz $0200,x   [00027e] A:b1d1 X:007e Y:0000 S:01e6 D:0000 DB:00 nvMXdizC V:109 H: 966 F:15
c01cc2 inx                    A:b1d1 X:007e Y:0000 S:01e6 D:0000 DB:00 nvMXdizC V:109 H: 998 F:15
c01cc3 bne $1cbf     [c01cbf] A:b1d1 X:007f Y:0000 S:01e6 D:0000 DB:00 nvMXdizC V:109 H:1010 F:15
c01cbf stz $0200,x   [00027f] A:b1d1 X:007f Y:0000 S:01e6 D:0000 DB:00 nvMXdizC V:109 H:1028 F:15
c01cc2 inx                    A:b1d1 X:007f Y:0000 S:01e6 D:0000 DB:00 nvMXdizC V:109 H:1060 F:15
c01cc3 bne $1cbf     [c01cbf] A:b1d1 X:0080 Y:0000 S:01e6 D:0000 DB:00 NvMXdizC V:109 H:1072 F:15
c01cbf stz $0200,x   [000280] A:b1d1 X:0080 Y:0000 S:01e6 D:0000 DB:00 NvMXdizC V:109 H:1090 F:15
c01cc2 inx                    A:b1d1 X:0080 Y:0000 S:01e6 D:0000 DB:00 NvMXdizC V:109 H:1122 F:15
c01cc3 bne $1cbf     [c01cbf] A:b1d1 X:0081 Y:0000 S:01e6 D:0000 DB:00 NvMXdizC V:109 H:1134 F:15
c01cbf stz $0200,x   [000281] A:b1d1 X:0081 Y:0000 S:01e6 D:0000 DB:00 NvMXdizC V:109 H:1152 F:15
c01cc2 inx                    A:b1d1 X:0081 Y:0000 S:01e6 D:0000 DB:00 NvMXdizC V:109 H:1184 F:15
c01cc3 bne $1cbf     [c01cbf] A:b1d1 X:0082 Y:0000 S:01e6 D:0000 DB:00 NvMXdizC V:109 H:1196 F:15
c01cbf stz $0200,x   [000282] A:b1d1 X:0082 Y:0000 S:01e6 D:0000 DB:00 NvMXdizC V:109 H:1214 F:15
c01cc2 inx                    A:b1d1 X:0082 Y:0000 S:01e6 D:0000 DB:00 NvMXdizC V:109 H:1246 F:15
c01cc3 bne $1cbf     [c01cbf] A:b1d1 X:0083 Y:0000 S:01e6 D:0000 DB:00 NvMXdizC V:109 H:1258 F:15
c01cbf stz $0200,x   [000283] A:b1d1 X:0083 Y:0000 S:01e6 D:0000 DB:00 NvMXdizC V:109 H:1276 F:15
c01cc2 inx                    A:b1d1 X:0083 Y:0000 S:01e6 D:0000 DB:00 NvMXdizC V:109 H:1308 F:15
c01cc3 bne $1cbf     [c01cbf] A:b1d1 X:0084 Y:0000 S:01e6 D:0000 DB:00 NvMXdizC V:109 H:1320 F:15
c01cbf stz $0200,x   [000284] A:b1d1 X:0084 Y:0000 S:01e6 D:0000 DB:00 NvMXdizC V:109 H:1338 F:15
c01cc2 inx                    A:b1d1 X:0084 Y:0000 S:01e6 D:0000 DB:00 NvMXdizC V:110 H:   6 F:15
c01cc3 bne $1cbf     [c01cbf] A:b1d1 X:0085 Y:0000 S:01e6 D:0000 DB:00 NvMXdizC V:110 H:  18 F:15
c01cbf stz $0200,x   [000285] A:b1d1 X:0085 Y:0000 S:01e6 D:0000 DB:00 NvMXdizC V:110 H:  36 F:15
c01cc2 inx                    A:b1d1 X:0085 Y:0000 S:01e6 D:0000 DB:00 NvMXdizC V:110 H:  68 F:15
c01cc3 bne $1cbf     [c01cbf] A:b1d1 X:0086 Y:0000 S:01e6 D:0000 DB:00 NvMXdizC V:110 H:  80 F:15
c01cbf stz $0200,x   [000286] A:b1d1 X:0086 Y:0000 S:01e6 D:0000 DB:00 NvMXdizC V:110 H:  98 F:15
c01cc2 inx                    A:b1d1 X:0086 Y:0000 S:01e6 D:0000 DB:00 NvMXdizC V:110 H: 130 F:15
c01cc3 bne $1cbf     [c01cbf] A:b1d1 X:0087 Y:0000 S:01e6 D:0000 DB:00 NvMXdizC V:110 H: 142 F:15
c01cbf stz $0200,x   [000287] A:b1d1 X:0087 Y:0000 S:01e6 D:0000 DB:00 NvMXdizC V:110 H: 160 F:15
c01cc2 inx                    A:b1d1 X:0087 Y:0000 S:01e6 D:0000 DB:00 NvMXdizC V:110 H: 192 F:15
c01cc3 bne $1cbf     [c01cbf] A:b1d1 X:0088 Y:0000 S:01e6 D:0000 DB:00 NvMXdizC V:110 H: 204 F:15
c01cbf stz $0200,x   [000288] A:b1d1 X:0088 Y:0000 S:01e6 D:0000 DB:00 NvMXdizC V:110 H: 222 F:15
c01cc2 inx                    A:b1d1 X:0088 Y:0000 S:01e6 D:0000 DB:00 NvMXdizC V:110 H: 254 F:15
c01cc3 bne $1cbf     [c01cbf] A:b1d1 X:0089 Y:0000 S:01e6 D:0000 DB:00 NvMXdizC V:110 H: 266 F:15
c01cbf stz $0200,x   [000289] A:b1d1 X:0089 Y:0000 S:01e6 D:0000 DB:00 NvMXdizC V:110 H: 284 F:15
c01cc2 inx                    A:b1d1 X:0089 Y:0000 S:01e6 D:0000 DB:00 NvMXdizC V:110 H: 316 F:15
c01cc3 bne $1cbf     [c01cbf] A:b1d1 X:008a Y:0000 S:01e6 D:0000 DB:00 NvMXdizC V:110 H: 328 F:15
c01cbf stz $0200,x   [00028a] A:b1d1 X:008a Y:0000 S:01e6 D:0000 DB:00 NvMXdizC V:110 H: 346 F:15
c01cc2 inx                    A:b1d1 X:008a Y:0000 S:01e6 D:0000 DB:00 NvMXdizC V:110 H: 378 F:15
c01cc3 bne $1cbf     [c01cbf] A:b1d1 X:008b Y:0000 S:01e6 D:0000 DB:00 NvMXdizC V:110 H: 390 F:15
c01cbf stz $0200,x   [00028b] A:b1d1 X:008b Y:0000 S:01e6 D:0000 DB:00 NvMXdizC V:110 H: 408 F:15
c01cc2 inx                    A:b1d1 X:008b Y:0000 S:01e6 D:0000 DB:00 NvMXdizC V:110 H: 440 F:15
c01cc3 bne $1cbf     [c01cbf] A:b1d1 X:008c Y:0000 S:01e6 D:0000 DB:00 NvMXdizC V:110 H: 452 F:15
c01cbf stz $0200,x   [00028c] A:b1d1 X:008c Y:0000 S:01e6 D:0000 DB:00 NvMXdizC V:110 H: 470 F:15
c01cc2 inx                    A:b1d1 X:008c Y:0000 S:01e6 D:0000 DB:00 NvMXdizC V:110 H: 502 F:15
c01cc3 bne $1cbf     [c01cbf] A:b1d1 X:008d Y:0000 S:01e6 D:0000 DB:00 NvMXdizC V:110 H: 514 F:15
c01cbf stz $0200,x   [00028d] A:b1d1 X:008d Y:0000 S:01e6 D:0000 DB:00 NvMXdizC V:110 H: 532 F:15
c01cc2 inx                    A:b1d1 X:008d Y:0000 S:01e6 D:0000 DB:00 NvMXdizC V:110 H: 604 F:15
c01cc3 bne $1cbf     [c01cbf] A:b1d1 X:008e Y:0000 S:01e6 D:0000 DB:00 NvMXdizC V:110 H: 616 F:15
c01cbf stz $0200,x   [00028e] A:b1d1 X:008e Y:0000 S:01e6 D:0000 DB:00 NvMXdizC V:110 H: 634 F:15
c01cc2 inx                    A:b1d1 X:008e Y:0000 S:01e6 D:0000 DB:00 NvMXdizC V:110 H: 666 F:15
c01cc3 bne $1cbf     [c01cbf] A:b1d1 X:008f Y:0000 S:01e6 D:0000 DB:00 NvMXdizC V:110 H: 678 F:15
c01cbf stz $0200,x   [00028f] A:b1d1 X:008f Y:0000 S:01e6 D:0000 DB:00 NvMXdizC V:110 H: 696 F:15
c01cc2 inx                    A:b1d1 X:008f Y:0000 S:01e6 D:0000 DB:00 NvMXdizC V:110 H: 728 F:15
c01cc3 bne $1cbf     [c01cbf] A:b1d1 X:0090 Y:0000 S:01e6 D:0000 DB:00 NvMXdizC V:110 H: 740 F:15
c01cbf stz $0200,x   [000290] A:b1d1 X:0090 Y:0000 S:01e6 D:0000 DB:00 NvMXdizC V:110 H: 758 F:15
c01cc2 inx                    A:b1d1 X:0090 Y:0000 S:01e6 D:0000 DB:00 NvMXdizC V:110 H: 790 F:15
c01cc3 bne $1cbf     [c01cbf] A:b1d1 X:0091 Y:0000 S:01e6 D:0000 DB:00 NvMXdizC V:110 H: 802 F:15
c01cbf stz $0200,x   [000291] A:b1d1 X:0091 Y:0000 S:01e6 D:0000 DB:00 NvMXdizC V:110 H: 820 F:15
c01cc2 inx                    A:b1d1 X:0091 Y:0000 S:01e6 D:0000 DB:00 NvMXdizC V:110 H: 852 F:15
c01cc3 bne $1cbf     [c01cbf] A:b1d1 X:0092 Y:0000 S:01e6 D:0000 DB:00 NvMXdizC V:110 H: 864 F:15
c01cbf stz $0200,x   [000292] A:b1d1 X:0092 Y:0000 S:01e6 D:0000 DB:00 NvMXdizC V:110 H: 882 F:15
c01cc2 inx                    A:b1d1 X:0092 Y:0000 S:01e6 D:0000 DB:00 NvMXdizC V:110 H: 914 F:15
c01cc3 bne $1cbf     [c01cbf] A:b1d1 X:0093 Y:0000 S:01e6 D:0000 DB:00 NvMXdizC V:110 H: 926 F:15
c01cbf stz $0200,x   [000293] A:b1d1 X:0093 Y:0000 S:01e6 D:0000 DB:00 NvMXdizC V:110 H: 944 F:15
c01cc2 inx                    A:b1d1 X:0093 Y:0000 S:01e6 D:0000 DB:00 NvMXdizC V:110 H: 976 F:15
c01cc3 bne $1cbf     [c01cbf] A:b1d1 X:0094 Y:0000 S:01e6 D:0000 DB:00 NvMXdizC V:110 H: 988 F:15
c01cbf stz $0200,x   [000294] A:b1d1 X:0094 Y:0000 S:01e6 D:0000 DB:00 NvMXdizC V:110 H:1006 F:15
c01cc2 inx                    A:b1d1 X:0094 Y:0000 S:01e6 D:0000 DB:00 NvMXdizC V:110 H:1038 F:15
c01cc3 bne $1cbf     [c01cbf] A:b1d1 X:0095 Y:0000 S:01e6 D:0000 DB:00 NvMXdizC V:110 H:1050 F:15
c01cbf stz $0200,x   [000295] A:b1d1 X:0095 Y:0000 S:01e6 D:0000 DB:00 NvMXdizC V:110 H:1068 F:15
c01cc2 inx                    A:b1d1 X:0095 Y:0000 S:01e6 D:0000 DB:00 NvMXdizC V:110 H:1100 F:15
c01cc3 bne $1cbf     [c01cbf] A:b1d1 X:0096 Y:0000 S:01e6 D:0000 DB:00 NvMXdizC V:110 H:1112 F:15
c01cbf stz $0200,x   [000296] A:b1d1 X:0096 Y:0000 S:01e6 D:0000 DB:00 NvMXdizC V:110 H:1130 F:15
c01cc2 inx                    A:b1d1 X:0096 Y:0000 S:01e6 D:0000 DB:00 NvMXdizC V:110 H:1162 F:15
c01cc3 bne $1cbf     [c01cbf] A:b1d1 X:0097 Y:0000 S:01e6 D:0000 DB:00 NvMXdizC V:110 H:1174 F:15
c01cbf stz $0200,x   [000297] A:b1d1 X:0097 Y:0000 S:01e6 D:0000 DB:00 NvMXdizC V:110 H:1192 F:15
c01cc2 inx                    A:b1d1 X:0097 Y:0000 S:01e6 D:0000 DB:00 NvMXdizC V:110 H:1224 F:15
c01cc3 bne $1cbf     [c01cbf] A:b1d1 X:0098 Y:0000 S:01e6 D:0000 DB:00 NvMXdizC V:110 H:1236 F:15
c01cbf stz $0200,x   [000298] A:b1d1 X:0098 Y:0000 S:01e6 D:0000 DB:00 NvMXdizC V:110 H:1254 F:15
c01cc2 inx                    A:b1d1 X:0098 Y:0000 S:01e6 D:0000 DB:00 NvMXdizC V:110 H:1286 F:15
c01cc3 bne $1cbf     [c01cbf] A:b1d1 X:0099 Y:0000 S:01e6 D:0000 DB:00 NvMXdizC V:110 H:1298 F:15
c01cbf stz $0200,x   [000299] A:b1d1 X:0099 Y:0000 S:01e6 D:0000 DB:00 NvMXdizC V:110 H:1316 F:15
c01cc2 inx                    A:b1d1 X:0099 Y:0000 S:01e6 D:0000 DB:00 NvMXdizC V:110 H:1348 F:15
c01cc3 bne $1cbf     [c01cbf] A:b1d1 X:009a Y:0000 S:01e6 D:0000 DB:00 NvMXdizC V:110 H:1360 F:15
c01cbf stz $0200,x   [00029a] A:b1d1 X:009a Y:0000 S:01e6 D:0000 DB:00 NvMXdizC V:111 H:  14 F:15
c01cc2 inx                    A:b1d1 X:009a Y:0000 S:01e6 D:0000 DB:00 NvMXdizC V:111 H:  46 F:15
c01cc3 bne $1cbf     [c01cbf] A:b1d1 X:009b Y:0000 S:01e6 D:0000 DB:00 NvMXdizC V:111 H:  58 F:15
c01cbf stz $0200,x   [00029b] A:b1d1 X:009b Y:0000 S:01e6 D:0000 DB:00 NvMXdizC V:111 H:  76 F:15
c01cc2 inx                    A:b1d1 X:009b Y:0000 S:01e6 D:0000 DB:00 NvMXdizC V:111 H: 108 F:15
c01cc3 bne $1cbf     [c01cbf] A:b1d1 X:009c Y:0000 S:01e6 D:0000 DB:00 NvMXdizC V:111 H: 120 F:15
c01cbf stz $0200,x   [00029c] A:b1d1 X:009c Y:0000 S:01e6 D:0000 DB:00 NvMXdizC V:111 H: 138 F:15
c01cc2 inx                    A:b1d1 X:009c Y:0000 S:01e6 D:0000 DB:00 NvMXdizC V:111 H: 170 F:15
c01cc3 bne $1cbf     [c01cbf] A:b1d1 X:009d Y:0000 S:01e6 D:0000 DB:00 NvMXdizC V:111 H: 182 F:15
c01cbf stz $0200,x   [00029d] A:b1d1 X:009d Y:0000 S:01e6 D:0000 DB:00 NvMXdizC V:111 H: 200 F:15
c01cc2 inx                    A:b1d1 X:009d Y:0000 S:01e6 D:0000 DB:00 NvMXdizC V:111 H: 232 F:15
c01cc3 bne $1cbf     [c01cbf] A:b1d1 X:009e Y:0000 S:01e6 D:0000 DB:00 NvMXdizC V:111 H: 244 F:15
c01cbf stz $0200,x   [00029e] A:b1d1 X:009e Y:0000 S:01e6 D:0000 DB:00 NvMXdizC V:111 H: 262 F:15
c01cc2 inx                    A:b1d1 X:009e Y:0000 S:01e6 D:0000 DB:00 NvMXdizC V:111 H: 294 F:15
c01cc3 bne $1cbf     [c01cbf] A:b1d1 X:009f Y:0000 S:01e6 D:0000 DB:00 NvMXdizC V:111 H: 306 F:15
c01cbf stz $0200,x   [00029f] A:b1d1 X:009f Y:0000 S:01e6 D:0000 DB:00 NvMXdizC V:111 H: 324 F:15
c01cc2 inx                    A:b1d1 X:009f Y:0000 S:01e6 D:0000 DB:00 NvMXdizC V:111 H: 356 F:15
c01cc3 bne $1cbf     [c01cbf] A:b1d1 X:00a0 Y:0000 S:01e6 D:0000 DB:00 NvMXdizC V:111 H: 368 F:15
c01cbf stz $0200,x   [0002a0] A:b1d1 X:00a0 Y:0000 S:01e6 D:0000 DB:00 NvMXdizC V:111 H: 386 F:15
c01cc2 inx                    A:b1d1 X:00a0 Y:0000 S:01e6 D:0000 DB:00 NvMXdizC V:111 H: 418 F:15
c01cc3 bne $1cbf     [c01cbf] A:b1d1 X:00a1 Y:0000 S:01e6 D:0000 DB:00 NvMXdizC V:111 H: 430 F:15
c01cbf stz $0200,x   [0002a1] A:b1d1 X:00a1 Y:0000 S:01e6 D:0000 DB:00 NvMXdizC V:111 H: 448 F:15
c01cc2 inx                    A:b1d1 X:00a1 Y:0000 S:01e6 D:0000 DB:00 NvMXdizC V:111 H: 480 F:15
c01cc3 bne $1cbf     [c01cbf] A:b1d1 X:00a2 Y:0000 S:01e6 D:0000 DB:00 NvMXdizC V:111 H: 492 F:15
c01cbf stz $0200,x   [0002a2] A:b1d1 X:00a2 Y:0000 S:01e6 D:0000 DB:00 NvMXdizC V:111 H: 510 F:15
c01cc2 inx                    A:b1d1 X:00a2 Y:0000 S:01e6 D:0000 DB:00 NvMXdizC V:111 H: 582 F:15
c01cc3 bne $1cbf     [c01cbf] A:b1d1 X:00a3 Y:0000 S:01e6 D:0000 DB:00 NvMXdizC V:111 H: 594 F:15
c01cbf stz $0200,x   [0002a3] A:b1d1 X:00a3 Y:0000 S:01e6 D:0000 DB:00 NvMXdizC V:111 H: 612 F:15
c01cc2 inx                    A:b1d1 X:00a3 Y:0000 S:01e6 D:0000 DB:00 NvMXdizC V:111 H: 644 F:15
c01cc3 bne $1cbf     [c01cbf] A:b1d1 X:00a4 Y:0000 S:01e6 D:0000 DB:00 NvMXdizC V:111 H: 656 F:15
c01cbf stz $0200,x   [0002a4] A:b1d1 X:00a4 Y:0000 S:01e6 D:0000 DB:00 NvMXdizC V:111 H: 674 F:15
c01cc2 inx                    A:b1d1 X:00a4 Y:0000 S:01e6 D:0000 DB:00 NvMXdizC V:111 H: 706 F:15
c01cc3 bne $1cbf     [c01cbf] A:b1d1 X:00a5 Y:0000 S:01e6 D:0000 DB:00 NvMXdizC V:111 H: 718 F:15
c01cbf stz $0200,x   [0002a5] A:b1d1 X:00a5 Y:0000 S:01e6 D:0000 DB:00 NvMXdizC V:111 H: 736 F:15
c01cc2 inx                    A:b1d1 X:00a5 Y:0000 S:01e6 D:0000 DB:00 NvMXdizC V:111 H: 768 F:15
c01cc3 bne $1cbf     [c01cbf] A:b1d1 X:00a6 Y:0000 S:01e6 D:0000 DB:00 NvMXdizC V:111 H: 780 F:15
c01cbf stz $0200,x   [0002a6] A:b1d1 X:00a6 Y:0000 S:01e6 D:0000 DB:00 NvMXdizC V:111 H: 798 F:15
c01cc2 inx                    A:b1d1 X:00a6 Y:0000 S:01e6 D:0000 DB:00 NvMXdizC V:111 H: 830 F:15
c01cc3 bne $1cbf     [c01cbf] A:b1d1 X:00a7 Y:0000 S:01e6 D:0000 DB:00 NvMXdizC V:111 H: 842 F:15
c01cbf stz $0200,x   [0002a7] A:b1d1 X:00a7 Y:0000 S:01e6 D:0000 DB:00 NvMXdizC V:111 H: 860 F:15
c01cc2 inx                    A:b1d1 X:00a7 Y:0000 S:01e6 D:0000 DB:00 NvMXdizC V:111 H: 892 F:15
c01cc3 bne $1cbf     [c01cbf] A:b1d1 X:00a8 Y:0000 S:01e6 D:0000 DB:00 NvMXdizC V:111 H: 904 F:15
c01cbf stz $0200,x   [0002a8] A:b1d1 X:00a8 Y:0000 S:01e6 D:0000 DB:00 NvMXdizC V:111 H: 922 F:15
c01cc2 inx                    A:b1d1 X:00a8 Y:0000 S:01e6 D:0000 DB:00 NvMXdizC V:111 H: 954 F:15
c01cc3 bne $1cbf     [c01cbf] A:b1d1 X:00a9 Y:0000 S:01e6 D:0000 DB:00 NvMXdizC V:111 H: 966 F:15
c01cbf stz $0200,x   [0002a9] A:b1d1 X:00a9 Y:0000 S:01e6 D:0000 DB:00 NvMXdizC V:111 H: 984 F:15
c01cc2 inx                    A:b1d1 X:00a9 Y:0000 S:01e6 D:0000 DB:00 NvMXdizC V:111 H:1016 F:15
c01cc3 bne $1cbf     [c01cbf] A:b1d1 X:00aa Y:0000 S:01e6 D:0000 DB:00 NvMXdizC V:111 H:1028 F:15
c01cbf stz $0200,x   [0002aa] A:b1d1 X:00aa Y:0000 S:01e6 D:0000 DB:00 NvMXdizC V:111 H:1046 F:15
c01cc2 inx                    A:b1d1 X:00aa Y:0000 S:01e6 D:0000 DB:00 NvMXdizC V:111 H:1078 F:15
c01cc3 bne $1cbf     [c01cbf] A:b1d1 X:00ab Y:0000 S:01e6 D:0000 DB:00 NvMXdizC V:111 H:1090 F:15
c01cbf stz $0200,x   [0002ab] A:b1d1 X:00ab Y:0000 S:01e6 D:0000 DB:00 NvMXdizC V:111 H:1108 F:15
c01cc2 inx                    A:b1d1 X:00ab Y:0000 S:01e6 D:0000 DB:00 NvMXdizC V:111 H:1140 F:15
c01cc3 bne $1cbf     [c01cbf] A:b1d1 X:00ac Y:0000 S:01e6 D:0000 DB:00 NvMXdizC V:111 H:1152 F:15
c01cbf stz $0200,x   [0002ac] A:b1d1 X:00ac Y:0000 S:01e6 D:0000 DB:00 NvMXdizC V:111 H:1170 F:15
c01cc2 inx                    A:b1d1 X:00ac Y:0000 S:01e6 D:0000 DB:00 NvMXdizC V:111 H:1202 F:15
c01cc3 bne $1cbf     [c01cbf] A:b1d1 X:00ad Y:0000 S:01e6 D:0000 DB:00 NvMXdizC V:111 H:1214 F:15
c01cbf stz $0200,x   [0002ad] A:b1d1 X:00ad Y:0000 S:01e6 D:0000 DB:00 NvMXdizC V:111 H:1232 F:15
c01cc2 inx                    A:b1d1 X:00ad Y:0000 S:01e6 D:0000 DB:00 NvMXdizC V:111 H:1264 F:15
c01cc3 bne $1cbf     [c01cbf] A:b1d1 X:00ae Y:0000 S:01e6 D:0000 DB:00 NvMXdizC V:111 H:1276 F:15
c01cbf stz $0200,x   [0002ae] A:b1d1 X:00ae Y:0000 S:01e6 D:0000 DB:00 NvMXdizC V:111 H:1294 F:15
c01cc2 inx                    A:b1d1 X:00ae Y:0000 S:01e6 D:0000 DB:00 NvMXdizC V:111 H:1326 F:15
c01cc3 bne $1cbf     [c01cbf] A:b1d1 X:00af Y:0000 S:01e6 D:0000 DB:00 NvMXdizC V:111 H:1338 F:15
c01cbf stz $0200,x   [0002af] A:b1d1 X:00af Y:0000 S:01e6 D:0000 DB:00 NvMXdizC V:111 H:1356 F:15
c01cc2 inx                    A:b1d1 X:00af Y:0000 S:01e6 D:0000 DB:00 NvMXdizC V:112 H:  24 F:15
c01cc3 bne $1cbf     [c01cbf] A:b1d1 X:00b0 Y:0000 S:01e6 D:0000 DB:00 NvMXdizC V:112 H:  36 F:15
c01cbf stz $0200,x   [0002b0] A:b1d1 X:00b0 Y:0000 S:01e6 D:0000 DB:00 NvMXdizC V:112 H:  54 F:15
c01cc2 inx                    A:b1d1 X:00b0 Y:0000 S:01e6 D:0000 DB:00 NvMXdizC V:112 H:  86 F:15
c01cc3 bne $1cbf     [c01cbf] A:b1d1 X:00b1 Y:0000 S:01e6 D:0000 DB:00 NvMXdizC V:112 H:  98 F:15
c01cbf stz $0200,x   [0002b1] A:b1d1 X:00b1 Y:0000 S:01e6 D:0000 DB:00 NvMXdizC V:112 H: 116 F:15
c01cc2 inx                    A:b1d1 X:00b1 Y:0000 S:01e6 D:0000 DB:00 NvMXdizC V:112 H: 148 F:15
c01cc3 bne $1cbf     [c01cbf] A:b1d1 X:00b2 Y:0000 S:01e6 D:0000 DB:00 NvMXdizC V:112 H: 160 F:15
c01cbf stz $0200,x   [0002b2] A:b1d1 X:00b2 Y:0000 S:01e6 D:0000 DB:00 NvMXdizC V:112 H: 178 F:15
c01cc2 inx                    A:b1d1 X:00b2 Y:0000 S:01e6 D:0000 DB:00 NvMXdizC V:112 H: 210 F:15
c01cc3 bne $1cbf     [c01cbf] A:b1d1 X:00b3 Y:0000 S:01e6 D:0000 DB:00 NvMXdizC V:112 H: 222 F:15
c01cbf stz $0200,x   [0002b3] A:b1d1 X:00b3 Y:0000 S:01e6 D:0000 DB:00 NvMXdizC V:112 H: 240 F:15
c01cc2 inx                    A:b1d1 X:00b3 Y:0000 S:01e6 D:0000 DB:00 NvMXdizC V:112 H: 272 F:15
c01cc3 bne $1cbf     [c01cbf] A:b1d1 X:00b4 Y:0000 S:01e6 D:0000 DB:00 NvMXdizC V:112 H: 284 F:15
c01cbf stz $0200,x   [0002b4] A:b1d1 X:00b4 Y:0000 S:01e6 D:0000 DB:00 NvMXdizC V:112 H: 302 F:15
c01cc2 inx                    A:b1d1 X:00b4 Y:0000 S:01e6 D:0000 DB:00 NvMXdizC V:112 H: 334 F:15
c01cc3 bne $1cbf     [c01cbf] A:b1d1 X:00b5 Y:0000 S:01e6 D:0000 DB:00 NvMXdizC V:112 H: 346 F:15
c01cbf stz $0200,x   [0002b5] A:b1d1 X:00b5 Y:0000 S:01e6 D:0000 DB:00 NvMXdizC V:112 H: 364 F:15
c01cc2 inx                    A:b1d1 X:00b5 Y:0000 S:01e6 D:0000 DB:00 NvMXdizC V:112 H: 396 F:15
c01cc3 bne $1cbf     [c01cbf] A:b1d1 X:00b6 Y:0000 S:01e6 D:0000 DB:00 NvMXdizC V:112 H: 408 F:15
c01cbf stz $0200,x   [0002b6] A:b1d1 X:00b6 Y:0000 S:01e6 D:0000 DB:00 NvMXdizC V:112 H: 426 F:15
c01cc2 inx                    A:b1d1 X:00b6 Y:0000 S:01e6 D:0000 DB:00 NvMXdizC V:112 H: 458 F:15
c01cc3 bne $1cbf     [c01cbf] A:b1d1 X:00b7 Y:0000 S:01e6 D:0000 DB:00 NvMXdizC V:112 H: 470 F:15
c01cbf stz $0200,x   [0002b7] A:b1d1 X:00b7 Y:0000 S:01e6 D:0000 DB:00 NvMXdizC V:112 H: 488 F:15
c01cc2 inx                    A:b1d1 X:00b7 Y:0000 S:01e6 D:0000 DB:00 NvMXdizC V:112 H: 520 F:15
c01cc3 bne $1cbf     [c01cbf] A:b1d1 X:00b8 Y:0000 S:01e6 D:0000 DB:00 NvMXdizC V:112 H: 532 F:15
c01cbf stz $0200,x   [0002b8] A:b1d1 X:00b8 Y:0000 S:01e6 D:0000 DB:00 NvMXdizC V:112 H: 590 F:15
c01cc2 inx                    A:b1d1 X:00b8 Y:0000 S:01e6 D:0000 DB:00 NvMXdizC V:112 H: 622 F:15
c01cc3 bne $1cbf     [c01cbf] A:b1d1 X:00b9 Y:0000 S:01e6 D:0000 DB:00 NvMXdizC V:112 H: 634 F:15
c01cbf stz $0200,x   [0002b9] A:b1d1 X:00b9 Y:0000 S:01e6 D:0000 DB:00 NvMXdizC V:112 H: 652 F:15
c01cc2 inx                    A:b1d1 X:00b9 Y:0000 S:01e6 D:0000 DB:00 NvMXdizC V:112 H: 684 F:15
c01cc3 bne $1cbf     [c01cbf] A:b1d1 X:00ba Y:0000 S:01e6 D:0000 DB:00 NvMXdizC V:112 H: 696 F:15
c01cbf stz $0200,x   [0002ba] A:b1d1 X:00ba Y:0000 S:01e6 D:0000 DB:00 NvMXdizC V:112 H: 714 F:15
c01cc2 inx                    A:b1d1 X:00ba Y:0000 S:01e6 D:0000 DB:00 NvMXdizC V:112 H: 746 F:15
c01cc3 bne $1cbf     [c01cbf] A:b1d1 X:00bb Y:0000 S:01e6 D:0000 DB:00 NvMXdizC V:112 H: 758 F:15
c01cbf stz $0200,x   [0002bb] A:b1d1 X:00bb Y:0000 S:01e6 D:0000 DB:00 NvMXdizC V:112 H: 776 F:15
c01cc2 inx                    A:b1d1 X:00bb Y:0000 S:01e6 D:0000 DB:00 NvMXdizC V:112 H: 808 F:15
c01cc3 bne $1cbf     [c01cbf] A:b1d1 X:00bc Y:0000 S:01e6 D:0000 DB:00 NvMXdizC V:112 H: 820 F:15
c01cbf stz $0200,x   [0002bc] A:b1d1 X:00bc Y:0000 S:01e6 D:0000 DB:00 NvMXdizC V:112 H: 838 F:15
c01cc2 inx                    A:b1d1 X:00bc Y:0000 S:01e6 D:0000 DB:00 NvMXdizC V:112 H: 870 F:15
c01cc3 bne $1cbf     [c01cbf] A:b1d1 X:00bd Y:0000 S:01e6 D:0000 DB:00 NvMXdizC V:112 H: 882 F:15
c01cbf stz $0200,x   [0002bd] A:b1d1 X:00bd Y:0000 S:01e6 D:0000 DB:00 NvMXdizC V:112 H: 900 F:15
c01cc2 inx                    A:b1d1 X:00bd Y:0000 S:01e6 D:0000 DB:00 NvMXdizC V:112 H: 932 F:15
c01cc3 bne $1cbf     [c01cbf] A:b1d1 X:00be Y:0000 S:01e6 D:0000 DB:00 NvMXdizC V:112 H: 944 F:15
c01cbf stz $0200,x   [0002be] A:b1d1 X:00be Y:0000 S:01e6 D:0000 DB:00 NvMXdizC V:112 H: 962 F:15
c01cc2 inx                    A:b1d1 X:00be Y:0000 S:01e6 D:0000 DB:00 NvMXdizC V:112 H: 994 F:15
c01cc3 bne $1cbf     [c01cbf] A:b1d1 X:00bf Y:0000 S:01e6 D:0000 DB:00 NvMXdizC V:112 H:1006 F:15
c01cbf stz $0200,x   [0002bf] A:b1d1 X:00bf Y:0000 S:01e6 D:0000 DB:00 NvMXdizC V:112 H:1024 F:15
c01cc2 inx                    A:b1d1 X:00bf Y:0000 S:01e6 D:0000 DB:00 NvMXdizC V:112 H:1056 F:15
c01cc3 bne $1cbf     [c01cbf] A:b1d1 X:00c0 Y:0000 S:01e6 D:0000 DB:00 NvMXdizC V:112 H:1068 F:15
c01cbf stz $0200,x   [0002c0] A:b1d1 X:00c0 Y:0000 S:01e6 D:0000 DB:00 NvMXdizC V:112 H:1086 F:15
c01cc2 inx                    A:b1d1 X:00c0 Y:0000 S:01e6 D:0000 DB:00 NvMXdizC V:112 H:1118 F:15
c01cc3 bne $1cbf     [c01cbf] A:b1d1 X:00c1 Y:0000 S:01e6 D:0000 DB:00 NvMXdizC V:112 H:1130 F:15
c01cbf stz $0200,x   [0002c1] A:b1d1 X:00c1 Y:0000 S:01e6 D:0000 DB:00 NvMXdizC V:112 H:1148 F:15
c01cc2 inx                    A:b1d1 X:00c1 Y:0000 S:01e6 D:0000 DB:00 NvMXdizC V:112 H:1180 F:15
c01cc3 bne $1cbf     [c01cbf] A:b1d1 X:00c2 Y:0000 S:01e6 D:0000 DB:00 NvMXdizC V:112 H:1192 F:15
c01cbf stz $0200,x   [0002c2] A:b1d1 X:00c2 Y:0000 S:01e6 D:0000 DB:00 NvMXdizC V:112 H:1210 F:15
c01cc2 inx                    A:b1d1 X:00c2 Y:0000 S:01e6 D:0000 DB:00 NvMXdizC V:112 H:1242 F:15
c01cc3 bne $1cbf     [c01cbf] A:b1d1 X:00c3 Y:0000 S:01e6 D:0000 DB:00 NvMXdizC V:112 H:1254 F:15
c01cbf stz $0200,x   [0002c3] A:b1d1 X:00c3 Y:0000 S:01e6 D:0000 DB:00 NvMXdizC V:112 H:1272 F:15
c01cc2 inx                    A:b1d1 X:00c3 Y:0000 S:01e6 D:0000 DB:00 NvMXdizC V:112 H:1304 F:15
c01cc3 bne $1cbf     [c01cbf] A:b1d1 X:00c4 Y:0000 S:01e6 D:0000 DB:00 NvMXdizC V:112 H:1316 F:15
c01cbf stz $0200,x   [0002c4] A:b1d1 X:00c4 Y:0000 S:01e6 D:0000 DB:00 NvMXdizC V:112 H:1334 F:15
c01cc2 inx                    A:b1d1 X:00c4 Y:0000 S:01e6 D:0000 DB:00 NvMXdizC V:113 H:   2 F:15
c01cc3 bne $1cbf     [c01cbf] A:b1d1 X:00c5 Y:0000 S:01e6 D:0000 DB:00 NvMXdizC V:113 H:  14 F:15
c01cbf stz $0200,x   [0002c5] A:b1d1 X:00c5 Y:0000 S:01e6 D:0000 DB:00 NvMXdizC V:113 H:  32 F:15
c01cc2 inx                    A:b1d1 X:00c5 Y:0000 S:01e6 D:0000 DB:00 NvMXdizC V:113 H:  64 F:15
c01cc3 bne $1cbf     [c01cbf] A:b1d1 X:00c6 Y:0000 S:01e6 D:0000 DB:00 NvMXdizC V:113 H:  76 F:15
c01cbf stz $0200,x   [0002c6] A:b1d1 X:00c6 Y:0000 S:01e6 D:0000 DB:00 NvMXdizC V:113 H:  94 F:15
c01cc2 inx                    A:b1d1 X:00c6 Y:0000 S:01e6 D:0000 DB:00 NvMXdizC V:113 H: 126 F:15
c01cc3 bne $1cbf     [c01cbf] A:b1d1 X:00c7 Y:0000 S:01e6 D:0000 DB:00 NvMXdizC V:113 H: 138 F:15
c01cbf stz $0200,x   [0002c7] A:b1d1 X:00c7 Y:0000 S:01e6 D:0000 DB:00 NvMXdizC V:113 H: 156 F:15
c01cc2 inx                    A:b1d1 X:00c7 Y:0000 S:01e6 D:0000 DB:00 NvMXdizC V:113 H: 188 F:15
c01cc3 bne $1cbf     [c01cbf] A:b1d1 X:00c8 Y:0000 S:01e6 D:0000 DB:00 NvMXdizC V:113 H: 200 F:15
c01cbf stz $0200,x   [0002c8] A:b1d1 X:00c8 Y:0000 S:01e6 D:0000 DB:00 NvMXdizC V:113 H: 218 F:15
c01cc2 inx                    A:b1d1 X:00c8 Y:0000 S:01e6 D:0000 DB:00 NvMXdizC V:113 H: 250 F:15
c01cc3 bne $1cbf     [c01cbf] A:b1d1 X:00c9 Y:0000 S:01e6 D:0000 DB:00 NvMXdizC V:113 H: 262 F:15
c01cbf stz $0200,x   [0002c9] A:b1d1 X:00c9 Y:0000 S:01e6 D:0000 DB:00 NvMXdizC V:113 H: 280 F:15
c01cc2 inx                    A:b1d1 X:00c9 Y:0000 S:01e6 D:0000 DB:00 NvMXdizC V:113 H: 312 F:15
c01cc3 bne $1cbf     [c01cbf] A:b1d1 X:00ca Y:0000 S:01e6 D:0000 DB:00 NvMXdizC V:113 H: 324 F:15
c01cbf stz $0200,x   [0002ca] A:b1d1 X:00ca Y:0000 S:01e6 D:0000 DB:00 NvMXdizC V:113 H: 342 F:15
c01cc2 inx                    A:b1d1 X:00ca Y:0000 S:01e6 D:0000 DB:00 NvMXdizC V:113 H: 374 F:15
c01cc3 bne $1cbf     [c01cbf] A:b1d1 X:00cb Y:0000 S:01e6 D:0000 DB:00 NvMXdizC V:113 H: 386 F:15
c01cbf stz $0200,x   [0002cb] A:b1d1 X:00cb Y:0000 S:01e6 D:0000 DB:00 NvMXdizC V:113 H: 404 F:15
c01cc2 inx                    A:b1d1 X:00cb Y:0000 S:01e6 D:0000 DB:00 NvMXdizC V:113 H: 436 F:15
c01cc3 bne $1cbf     [c01cbf] A:b1d1 X:00cc Y:0000 S:01e6 D:0000 DB:00 NvMXdizC V:113 H: 448 F:15
c01cbf stz $0200,x   [0002cc] A:b1d1 X:00cc Y:0000 S:01e6 D:0000 DB:00 NvMXdizC V:113 H: 466 F:15
c01cc2 inx                    A:b1d1 X:00cc Y:0000 S:01e6 D:0000 DB:00 NvMXdizC V:113 H: 498 F:15
c01cc3 bne $1cbf     [c01cbf] A:b1d1 X:00cd Y:0000 S:01e6 D:0000 DB:00 NvMXdizC V:113 H: 510 F:15
c01cbf stz $0200,x   [0002cd] A:b1d1 X:00cd Y:0000 S:01e6 D:0000 DB:00 NvMXdizC V:113 H: 528 F:15
c01cc2 inx                    A:b1d1 X:00cd Y:0000 S:01e6 D:0000 DB:00 NvMXdizC V:113 H: 600 F:15
c01cc3 bne $1cbf     [c01cbf] A:b1d1 X:00ce Y:0000 S:01e6 D:0000 DB:00 NvMXdizC V:113 H: 612 F:15
c01cbf stz $0200,x   [0002ce] A:b1d1 X:00ce Y:0000 S:01e6 D:0000 DB:00 NvMXdizC V:113 H: 630 F:15
c01cc2 inx                    A:b1d1 X:00ce Y:0000 S:01e6 D:0000 DB:00 NvMXdizC V:113 H: 662 F:15
c01cc3 bne $1cbf     [c01cbf] A:b1d1 X:00cf Y:0000 S:01e6 D:0000 DB:00 NvMXdizC V:113 H: 674 F:15
c01cbf stz $0200,x   [0002cf] A:b1d1 X:00cf Y:0000 S:01e6 D:0000 DB:00 NvMXdizC V:113 H: 692 F:15
c01cc2 inx                    A:b1d1 X:00cf Y:0000 S:01e6 D:0000 DB:00 NvMXdizC V:113 H: 724 F:15
c01cc3 bne $1cbf     [c01cbf] A:b1d1 X:00d0 Y:0000 S:01e6 D:0000 DB:00 NvMXdizC V:113 H: 736 F:15
c01cbf stz $0200,x   [0002d0] A:b1d1 X:00d0 Y:0000 S:01e6 D:0000 DB:00 NvMXdizC V:113 H: 754 F:15
c01cc2 inx                    A:b1d1 X:00d0 Y:0000 S:01e6 D:0000 DB:00 NvMXdizC V:113 H: 786 F:15
c01cc3 bne $1cbf     [c01cbf] A:b1d1 X:00d1 Y:0000 S:01e6 D:0000 DB:00 NvMXdizC V:113 H: 798 F:15
c01cbf stz $0200,x   [0002d1] A:b1d1 X:00d1 Y:0000 S:01e6 D:0000 DB:00 NvMXdizC V:113 H: 816 F:15
c01cc2 inx                    A:b1d1 X:00d1 Y:0000 S:01e6 D:0000 DB:00 NvMXdizC V:113 H: 848 F:15
c01cc3 bne $1cbf     [c01cbf] A:b1d1 X:00d2 Y:0000 S:01e6 D:0000 DB:00 NvMXdizC V:113 H: 860 F:15
c01cbf stz $0200,x   [0002d2] A:b1d1 X:00d2 Y:0000 S:01e6 D:0000 DB:00 NvMXdizC V:113 H: 878 F:15
c01cc2 inx                    A:b1d1 X:00d2 Y:0000 S:01e6 D:0000 DB:00 NvMXdizC V:113 H: 910 F:15
c01cc3 bne $1cbf     [c01cbf] A:b1d1 X:00d3 Y:0000 S:01e6 D:0000 DB:00 NvMXdizC V:113 H: 922 F:15
c01cbf stz $0200,x   [0002d3] A:b1d1 X:00d3 Y:0000 S:01e6 D:0000 DB:00 NvMXdizC V:113 H: 940 F:15
c01cc2 inx                    A:b1d1 X:00d3 Y:0000 S:01e6 D:0000 DB:00 NvMXdizC V:113 H: 972 F:15
c01cc3 bne $1cbf     [c01cbf] A:b1d1 X:00d4 Y:0000 S:01e6 D:0000 DB:00 NvMXdizC V:113 H: 984 F:15
c01cbf stz $0200,x   [0002d4] A:b1d1 X:00d4 Y:0000 S:01e6 D:0000 DB:00 NvMXdizC V:113 H:1002 F:15
c01cc2 inx                    A:b1d1 X:00d4 Y:0000 S:01e6 D:0000 DB:00 NvMXdizC V:113 H:1034 F:15
c01cc3 bne $1cbf     [c01cbf] A:b1d1 X:00d5 Y:0000 S:01e6 D:0000 DB:00 NvMXdizC V:113 H:1046 F:15
c01cbf stz $0200,x   [0002d5] A:b1d1 X:00d5 Y:0000 S:01e6 D:0000 DB:00 NvMXdizC V:113 H:1064 F:15
c01cc2 inx                    A:b1d1 X:00d5 Y:0000 S:01e6 D:0000 DB:00 NvMXdizC V:113 H:1096 F:15
c01cc3 bne $1cbf     [c01cbf] A:b1d1 X:00d6 Y:0000 S:01e6 D:0000 DB:00 NvMXdizC V:113 H:1108 F:15
c01cbf stz $0200,x   [0002d6] A:b1d1 X:00d6 Y:0000 S:01e6 D:0000 DB:00 NvMXdizC V:113 H:1126 F:15
c01cc2 inx                    A:b1d1 X:00d6 Y:0000 S:01e6 D:0000 DB:00 NvMXdizC V:113 H:1158 F:15
c01cc3 bne $1cbf     [c01cbf] A:b1d1 X:00d7 Y:0000 S:01e6 D:0000 DB:00 NvMXdizC V:113 H:1170 F:15
c01cbf stz $0200,x   [0002d7] A:b1d1 X:00d7 Y:0000 S:01e6 D:0000 DB:00 NvMXdizC V:113 H:1188 F:15
c01cc2 inx                    A:b1d1 X:00d7 Y:0000 S:01e6 D:0000 DB:00 NvMXdizC V:113 H:1220 F:15
c01cc3 bne $1cbf     [c01cbf] A:b1d1 X:00d8 Y:0000 S:01e6 D:0000 DB:00 NvMXdizC V:113 H:1232 F:15
c01cbf stz $0200,x   [0002d8] A:b1d1 X:00d8 Y:0000 S:01e6 D:0000 DB:00 NvMXdizC V:113 H:1250 F:15
c01cc2 inx                    A:b1d1 X:00d8 Y:0000 S:01e6 D:0000 DB:00 NvMXdizC V:113 H:1282 F:15
c01cc3 bne $1cbf     [c01cbf] A:b1d1 X:00d9 Y:0000 S:01e6 D:0000 DB:00 NvMXdizC V:113 H:1294 F:15
c01cbf stz $0200,x   [0002d9] A:b1d1 X:00d9 Y:0000 S:01e6 D:0000 DB:00 NvMXdizC V:113 H:1312 F:15
c01cc2 inx                    A:b1d1 X:00d9 Y:0000 S:01e6 D:0000 DB:00 NvMXdizC V:113 H:1344 F:15
c01cc3 bne $1cbf     [c01cbf] A:b1d1 X:00da Y:0000 S:01e6 D:0000 DB:00 NvMXdizC V:113 H:1356 F:15
c01cbf stz $0200,x   [0002da] A:b1d1 X:00da Y:0000 S:01e6 D:0000 DB:00 NvMXdizC V:114 H:  10 F:15
c01cc2 inx                    A:b1d1 X:00da Y:0000 S:01e6 D:0000 DB:00 NvMXdizC V:114 H:  42 F:15
c01cc3 bne $1cbf     [c01cbf] A:b1d1 X:00db Y:0000 S:01e6 D:0000 DB:00 NvMXdizC V:114 H:  54 F:15
c01cbf stz $0200,x   [0002db] A:b1d1 X:00db Y:0000 S:01e6 D:0000 DB:00 NvMXdizC V:114 H:  72 F:15
c01cc2 inx                    A:b1d1 X:00db Y:0000 S:01e6 D:0000 DB:00 NvMXdizC V:114 H: 104 F:15
c01cc3 bne $1cbf     [c01cbf] A:b1d1 X:00dc Y:0000 S:01e6 D:0000 DB:00 NvMXdizC V:114 H: 116 F:15
c01cbf stz $0200,x   [0002dc] A:b1d1 X:00dc Y:0000 S:01e6 D:0000 DB:00 NvMXdizC V:114 H: 134 F:15
c01cc2 inx                    A:b1d1 X:00dc Y:0000 S:01e6 D:0000 DB:00 NvMXdizC V:114 H: 166 F:15
c01cc3 bne $1cbf     [c01cbf] A:b1d1 X:00dd Y:0000 S:01e6 D:0000 DB:00 NvMXdizC V:114 H: 178 F:15
c01cbf stz $0200,x   [0002dd] A:b1d1 X:00dd Y:0000 S:01e6 D:0000 DB:00 NvMXdizC V:114 H: 196 F:15
c01cc2 inx                    A:b1d1 X:00dd Y:0000 S:01e6 D:0000 DB:00 NvMXdizC V:114 H: 228 F:15
c01cc3 bne $1cbf     [c01cbf] A:b1d1 X:00de Y:0000 S:01e6 D:0000 DB:00 NvMXdizC V:114 H: 240 F:15
c01cbf stz $0200,x   [0002de] A:b1d1 X:00de Y:0000 S:01e6 D:0000 DB:00 NvMXdizC V:114 H: 258 F:15
c01cc2 inx                    A:b1d1 X:00de Y:0000 S:01e6 D:0000 DB:00 NvMXdizC V:114 H: 290 F:15
c01cc3 bne $1cbf     [c01cbf] A:b1d1 X:00df Y:0000 S:01e6 D:0000 DB:00 NvMXdizC V:114 H: 302 F:15
c01cbf stz $0200,x   [0002df] A:b1d1 X:00df Y:0000 S:01e6 D:0000 DB:00 NvMXdizC V:114 H: 320 F:15
c01cc2 inx                    A:b1d1 X:00df Y:0000 S:01e6 D:0000 DB:00 NvMXdizC V:114 H: 352 F:15
c01cc3 bne $1cbf     [c01cbf] A:b1d1 X:00e0 Y:0000 S:01e6 D:0000 DB:00 NvMXdizC V:114 H: 364 F:15
c01cbf stz $0200,x   [0002e0] A:b1d1 X:00e0 Y:0000 S:01e6 D:0000 DB:00 NvMXdizC V:114 H: 382 F:15
c01cc2 inx                    A:b1d1 X:00e0 Y:0000 S:01e6 D:0000 DB:00 NvMXdizC V:114 H: 414 F:15
c01cc3 bne $1cbf     [c01cbf] A:b1d1 X:00e1 Y:0000 S:01e6 D:0000 DB:00 NvMXdizC V:114 H: 426 F:15
c01cbf stz $0200,x   [0002e1] A:b1d1 X:00e1 Y:0000 S:01e6 D:0000 DB:00 NvMXdizC V:114 H: 444 F:15
c01cc2 inx                    A:b1d1 X:00e1 Y:0000 S:01e6 D:0000 DB:00 NvMXdizC V:114 H: 476 F:15
c01cc3 bne $1cbf     [c01cbf] A:b1d1 X:00e2 Y:0000 S:01e6 D:0000 DB:00 NvMXdizC V:114 H: 488 F:15
c01cbf stz $0200,x   [0002e2] A:b1d1 X:00e2 Y:0000 S:01e6 D:0000 DB:00 NvMXdizC V:114 H: 506 F:15
c01cc2 inx                    A:b1d1 X:00e2 Y:0000 S:01e6 D:0000 DB:00 NvMXdizC V:114 H: 578 F:15
c01cc3 bne $1cbf     [c01cbf] A:b1d1 X:00e3 Y:0000 S:01e6 D:0000 DB:00 NvMXdizC V:114 H: 590 F:15
c01cbf stz $0200,x   [0002e3] A:b1d1 X:00e3 Y:0000 S:01e6 D:0000 DB:00 NvMXdizC V:114 H: 608 F:15
c01cc2 inx                    A:b1d1 X:00e3 Y:0000 S:01e6 D:0000 DB:00 NvMXdizC V:114 H: 640 F:15
c01cc3 bne $1cbf     [c01cbf] A:b1d1 X:00e4 Y:0000 S:01e6 D:0000 DB:00 NvMXdizC V:114 H: 652 F:15
c01cbf stz $0200,x   [0002e4] A:b1d1 X:00e4 Y:0000 S:01e6 D:0000 DB:00 NvMXdizC V:114 H: 670 F:15
c01cc2 inx                    A:b1d1 X:00e4 Y:0000 S:01e6 D:0000 DB:00 NvMXdizC V:114 H: 702 F:15
c01cc3 bne $1cbf     [c01cbf] A:b1d1 X:00e5 Y:0000 S:01e6 D:0000 DB:00 NvMXdizC V:114 H: 714 F:15
c01cbf stz $0200,x   [0002e5] A:b1d1 X:00e5 Y:0000 S:01e6 D:0000 DB:00 NvMXdizC V:114 H: 732 F:15
c01cc2 inx                    A:b1d1 X:00e5 Y:0000 S:01e6 D:0000 DB:00 NvMXdizC V:114 H: 764 F:15
c01cc3 bne $1cbf     [c01cbf] A:b1d1 X:00e6 Y:0000 S:01e6 D:0000 DB:00 NvMXdizC V:114 H: 776 F:15
c01cbf stz $0200,x   [0002e6] A:b1d1 X:00e6 Y:0000 S:01e6 D:0000 DB:00 NvMXdizC V:114 H: 794 F:15
c01cc2 inx                    A:b1d1 X:00e6 Y:0000 S:01e6 D:0000 DB:00 NvMXdizC V:114 H: 826 F:15
c01cc3 bne $1cbf     [c01cbf] A:b1d1 X:00e7 Y:0000 S:01e6 D:0000 DB:00 NvMXdizC V:114 H: 838 F:15
c01cbf stz $0200,x   [0002e7] A:b1d1 X:00e7 Y:0000 S:01e6 D:0000 DB:00 NvMXdizC V:114 H: 856 F:15
c01cc2 inx                    A:b1d1 X:00e7 Y:0000 S:01e6 D:0000 DB:00 NvMXdizC V:114 H: 888 F:15
c01cc3 bne $1cbf     [c01cbf] A:b1d1 X:00e8 Y:0000 S:01e6 D:0000 DB:00 NvMXdizC V:114 H: 900 F:15
c01cbf stz $0200,x   [0002e8] A:b1d1 X:00e8 Y:0000 S:01e6 D:0000 DB:00 NvMXdizC V:114 H: 918 F:15
c01cc2 inx                    A:b1d1 X:00e8 Y:0000 S:01e6 D:0000 DB:00 NvMXdizC V:114 H: 950 F:15
c01cc3 bne $1cbf     [c01cbf] A:b1d1 X:00e9 Y:0000 S:01e6 D:0000 DB:00 NvMXdizC V:114 H: 962 F:15
c01cbf stz $0200,x   [0002e9] A:b1d1 X:00e9 Y:0000 S:01e6 D:0000 DB:00 NvMXdizC V:114 H: 980 F:15
c01cc2 inx                    A:b1d1 X:00e9 Y:0000 S:01e6 D:0000 DB:00 NvMXdizC V:114 H:1012 F:15
c01cc3 bne $1cbf     [c01cbf] A:b1d1 X:00ea Y:0000 S:01e6 D:0000 DB:00 NvMXdizC V:114 H:1024 F:15
c01cbf stz $0200,x   [0002ea] A:b1d1 X:00ea Y:0000 S:01e6 D:0000 DB:00 NvMXdizC V:114 H:1042 F:15
c01cc2 inx                    A:b1d1 X:00ea Y:0000 S:01e6 D:0000 DB:00 NvMXdizC V:114 H:1074 F:15
c01cc3 bne $1cbf     [c01cbf] A:b1d1 X:00eb Y:0000 S:01e6 D:0000 DB:00 NvMXdizC V:114 H:1086 F:15
c01cbf stz $0200,x   [0002eb] A:b1d1 X:00eb Y:0000 S:01e6 D:0000 DB:00 NvMXdizC V:114 H:1104 F:15
c01cc2 inx                    A:b1d1 X:00eb Y:0000 S:01e6 D:0000 DB:00 NvMXdizC V:114 H:1136 F:15
c01cc3 bne $1cbf     [c01cbf] A:b1d1 X:00ec Y:0000 S:01e6 D:0000 DB:00 NvMXdizC V:114 H:1148 F:15
c01cbf stz $0200,x   [0002ec] A:b1d1 X:00ec Y:0000 S:01e6 D:0000 DB:00 NvMXdizC V:114 H:1166 F:15
c01cc2 inx                    A:b1d1 X:00ec Y:0000 S:01e6 D:0000 DB:00 NvMXdizC V:114 H:1198 F:15
c01cc3 bne $1cbf     [c01cbf] A:b1d1 X:00ed Y:0000 S:01e6 D:0000 DB:00 NvMXdizC V:114 H:1210 F:15
c01cbf stz $0200,x   [0002ed] A:b1d1 X:00ed Y:0000 S:01e6 D:0000 DB:00 NvMXdizC V:114 H:1228 F:15
c01cc2 inx                    A:b1d1 X:00ed Y:0000 S:01e6 D:0000 DB:00 NvMXdizC V:114 H:1260 F:15
c01cc3 bne $1cbf     [c01cbf] A:b1d1 X:00ee Y:0000 S:01e6 D:0000 DB:00 NvMXdizC V:114 H:1272 F:15
c01cbf stz $0200,x   [0002ee] A:b1d1 X:00ee Y:0000 S:01e6 D:0000 DB:00 NvMXdizC V:114 H:1290 F:15
c01cc2 inx                    A:b1d1 X:00ee Y:0000 S:01e6 D:0000 DB:00 NvMXdizC V:114 H:1322 F:15
c01cc3 bne $1cbf     [c01cbf] A:b1d1 X:00ef Y:0000 S:01e6 D:0000 DB:00 NvMXdizC V:114 H:1334 F:15
c01cbf stz $0200,x   [0002ef] A:b1d1 X:00ef Y:0000 S:01e6 D:0000 DB:00 NvMXdizC V:114 H:1352 F:15
c01cc2 inx                    A:b1d1 X:00ef Y:0000 S:01e6 D:0000 DB:00 NvMXdizC V:115 H:  20 F:15
c01cc3 bne $1cbf     [c01cbf] A:b1d1 X:00f0 Y:0000 S:01e6 D:0000 DB:00 NvMXdizC V:115 H:  32 F:15
c01cbf stz $0200,x   [0002f0] A:b1d1 X:00f0 Y:0000 S:01e6 D:0000 DB:00 NvMXdizC V:115 H:  50 F:15
c01cc2 inx                    A:b1d1 X:00f0 Y:0000 S:01e6 D:0000 DB:00 NvMXdizC V:115 H:  82 F:15
c01cc3 bne $1cbf     [c01cbf] A:b1d1 X:00f1 Y:0000 S:01e6 D:0000 DB:00 NvMXdizC V:115 H:  94 F:15
c01cbf stz $0200,x   [0002f1] A:b1d1 X:00f1 Y:0000 S:01e6 D:0000 DB:00 NvMXdizC V:115 H: 112 F:15
c01cc2 inx                    A:b1d1 X:00f1 Y:0000 S:01e6 D:0000 DB:00 NvMXdizC V:115 H: 144 F:15
c01cc3 bne $1cbf     [c01cbf] A:b1d1 X:00f2 Y:0000 S:01e6 D:0000 DB:00 NvMXdizC V:115 H: 156 F:15
c01cbf stz $0200,x   [0002f2] A:b1d1 X:00f2 Y:0000 S:01e6 D:0000 DB:00 NvMXdizC V:115 H: 174 F:15
c01cc2 inx                    A:b1d1 X:00f2 Y:0000 S:01e6 D:0000 DB:00 NvMXdizC V:115 H: 206 F:15
c01cc3 bne $1cbf     [c01cbf] A:b1d1 X:00f3 Y:0000 S:01e6 D:0000 DB:00 NvMXdizC V:115 H: 218 F:15
c01cbf stz $0200,x   [0002f3] A:b1d1 X:00f3 Y:0000 S:01e6 D:0000 DB:00 NvMXdizC V:115 H: 236 F:15
c01cc2 inx                    A:b1d1 X:00f3 Y:0000 S:01e6 D:0000 DB:00 NvMXdizC V:115 H: 268 F:15
c01cc3 bne $1cbf     [c01cbf] A:b1d1 X:00f4 Y:0000 S:01e6 D:0000 DB:00 NvMXdizC V:115 H: 280 F:15
c01cbf stz $0200,x   [0002f4] A:b1d1 X:00f4 Y:0000 S:01e6 D:0000 DB:00 NvMXdizC V:115 H: 298 F:15
c01cc2 inx                    A:b1d1 X:00f4 Y:0000 S:01e6 D:0000 DB:00 NvMXdizC V:115 H: 330 F:15
c01cc3 bne $1cbf     [c01cbf] A:b1d1 X:00f5 Y:0000 S:01e6 D:0000 DB:00 NvMXdizC V:115 H: 342 F:15
c01cbf stz $0200,x   [0002f5] A:b1d1 X:00f5 Y:0000 S:01e6 D:0000 DB:00 NvMXdizC V:115 H: 360 F:15
c01cc2 inx                    A:b1d1 X:00f5 Y:0000 S:01e6 D:0000 DB:00 NvMXdizC V:115 H: 392 F:15
c01cc3 bne $1cbf     [c01cbf] A:b1d1 X:00f6 Y:0000 S:01e6 D:0000 DB:00 NvMXdizC V:115 H: 404 F:15
c01cbf stz $0200,x   [0002f6] A:b1d1 X:00f6 Y:0000 S:01e6 D:0000 DB:00 NvMXdizC V:115 H: 422 F:15
c01cc2 inx                    A:b1d1 X:00f6 Y:0000 S:01e6 D:0000 DB:00 NvMXdizC V:115 H: 454 F:15
c01cc3 bne $1cbf     [c01cbf] A:b1d1 X:00f7 Y:0000 S:01e6 D:0000 DB:00 NvMXdizC V:115 H: 466 F:15
c01cbf stz $0200,x   [0002f7] A:b1d1 X:00f7 Y:0000 S:01e6 D:0000 DB:00 NvMXdizC V:115 H: 484 F:15
c01cc2 inx                    A:b1d1 X:00f7 Y:0000 S:01e6 D:0000 DB:00 NvMXdizC V:115 H: 516 F:15
c01cc3 bne $1cbf     [c01cbf] A:b1d1 X:00f8 Y:0000 S:01e6 D:0000 DB:00 NvMXdizC V:115 H: 528 F:15
c01cbf stz $0200,x   [0002f8] A:b1d1 X:00f8 Y:0000 S:01e6 D:0000 DB:00 NvMXdizC V:115 H: 586 F:15
c01cc2 inx                    A:b1d1 X:00f8 Y:0000 S:01e6 D:0000 DB:00 NvMXdizC V:115 H: 618 F:15
c01cc3 bne $1cbf     [c01cbf] A:b1d1 X:00f9 Y:0000 S:01e6 D:0000 DB:00 NvMXdizC V:115 H: 630 F:15
c01cbf stz $0200,x   [0002f9] A:b1d1 X:00f9 Y:0000 S:01e6 D:0000 DB:00 NvMXdizC V:115 H: 648 F:15
c01cc2 inx                    A:b1d1 X:00f9 Y:0000 S:01e6 D:0000 DB:00 NvMXdizC V:115 H: 680 F:15
c01cc3 bne $1cbf     [c01cbf] A:b1d1 X:00fa Y:0000 S:01e6 D:0000 DB:00 NvMXdizC V:115 H: 692 F:15
c01cbf stz $0200,x   [0002fa] A:b1d1 X:00fa Y:0000 S:01e6 D:0000 DB:00 NvMXdizC V:115 H: 710 F:15
c01cc2 inx                    A:b1d1 X:00fa Y:0000 S:01e6 D:0000 DB:00 NvMXdizC V:115 H: 742 F:15
c01cc3 bne $1cbf     [c01cbf] A:b1d1 X:00fb Y:0000 S:01e6 D:0000 DB:00 NvMXdizC V:115 H: 754 F:15
c01cbf stz $0200,x   [0002fb] A:b1d1 X:00fb Y:0000 S:01e6 D:0000 DB:00 NvMXdizC V:115 H: 772 F:15
c01cc2 inx                    A:b1d1 X:00fb Y:0000 S:01e6 D:0000 DB:00 NvMXdizC V:115 H: 804 F:15
c01cc3 bne $1cbf     [c01cbf] A:b1d1 X:00fc Y:0000 S:01e6 D:0000 DB:00 NvMXdizC V:115 H: 816 F:15
c01cbf stz $0200,x   [0002fc] A:b1d1 X:00fc Y:0000 S:01e6 D:0000 DB:00 NvMXdizC V:115 H: 834 F:15
c01cc2 inx                    A:b1d1 X:00fc Y:0000 S:01e6 D:0000 DB:00 NvMXdizC V:115 H: 866 F:15
c01cc3 bne $1cbf     [c01cbf] A:b1d1 X:00fd Y:0000 S:01e6 D:0000 DB:00 NvMXdizC V:115 H: 878 F:15
c01cbf stz $0200,x   [0002fd] A:b1d1 X:00fd Y:0000 S:01e6 D:0000 DB:00 NvMXdizC V:115 H: 896 F:15
c01cc2 inx                    A:b1d1 X:00fd Y:0000 S:01e6 D:0000 DB:00 NvMXdizC V:115 H: 928 F:15
c01cc3 bne $1cbf     [c01cbf] A:b1d1 X:00fe Y:0000 S:01e6 D:0000 DB:00 NvMXdizC V:115 H: 940 F:15
c01cbf stz $0200,x   [0002fe] A:b1d1 X:00fe Y:0000 S:01e6 D:0000 DB:00 NvMXdizC V:115 H: 958 F:15
c01cc2 inx                    A:b1d1 X:00fe Y:0000 S:01e6 D:0000 DB:00 NvMXdizC V:115 H: 990 F:15
c01cc3 bne $1cbf     [c01cbf] A:b1d1 X:00ff Y:0000 S:01e6 D:0000 DB:00 NvMXdizC V:115 H:1002 F:15
c01cbf stz $0200,x   [0002ff] A:b1d1 X:00ff Y:0000 S:01e6 D:0000 DB:00 NvMXdizC V:115 H:1020 F:15
c01cc2 inx                    A:b1d1 X:00ff Y:0000 S:01e6 D:0000 DB:00 NvMXdizC V:115 H:1052 F:15
c01cc3 bne $1cbf     [c01cbf] A:b1d1 X:0000 Y:0000 S:01e6 D:0000 DB:00 nvMXdiZC V:115 H:1064 F:15
c01cc5 stz $66       [000066] A:b1d1 X:0000 Y:0000 S:01e6 D:0000 DB:00 nvMXdiZC V:115 H:1076 F:15
c01cc7 jsr $1d45     [c01d45] A:b1d1 X:0000 Y:0000 S:01e6 D:0000 DB:00 nvMXdiZC V:115 H:1096 F:15
c01d45 lda [$60]     [d1b162] A:b1d1 X:0000 Y:0000 S:01e4 D:0000 DB:00 nvMXdiZC V:115 H:1136 F:15
c01d47 sta $64       [000064] A:b103 X:0000 Y:0000 S:01e4 D:0000 DB:00 nvMXdizC V:115 H:1178 F:15
c01d49 and #$1f               A:b103 X:0000 Y:0000 S:01e4 D:0000 DB:00 nvMXdizC V:115 H:1198 F:15
c01d4b inc                    A:b103 X:0000 Y:0000 S:01e4 D:0000 DB:00 nvMXdizC V:115 H:1210 F:15
c01d4c sta $65       [000065] A:b104 X:0000 Y:0000 S:01e4 D:0000 DB:00 nvMXdizC V:115 H:1222 F:15
c01d4e lda $64       [000064] A:b104 X:0000 Y:0000 S:01e4 D:0000 DB:00 nvMXdizC V:115 H:1242 F:15
c01d50 lsr a                  A:b103 X:0000 Y:0000 S:01e4 D:0000 DB:00 nvMXdizC V:115 H:1262 F:15
c01d51 lsr a                  A:b101 X:0000 Y:0000 S:01e4 D:0000 DB:00 nvMXdizC V:115 H:1274 F:15
c01d52 lsr a                  A:b100 X:0000 Y:0000 S:01e4 D:0000 DB:00 nvMXdiZC V:115 H:1286 F:15
c01d53 lsr a                  A:b100 X:0000 Y:0000 S:01e4 D:0000 DB:00 nvMXdiZc V:115 H:1298 F:15
c01d54 and #$0e               A:b100 X:0000 Y:0000 S:01e4 D:0000 DB:00 nvMXdiZc V:115 H:1310 F:15
c01d56 sta $64       [000064] A:b100 X:0000 Y:0000 S:01e4 D:0000 DB:00 nvMXdiZc V:115 H:1322 F:15
c01d58 inc $60       [000060] A:b100 X:0000 Y:0000 S:01e4 D:0000 DB:00 nvMXdiZc V:115 H:1342 F:15
c01d5a bne $1d62     [c01d62] A:b100 X:0000 Y:0000 S:01e4 D:0000 DB:00 nvMXdizc V:116 H:  12 F:15
c01d62 rts                    A:b100 X:0000 Y:0000 S:01e4 D:0000 DB:00 nvMXdizc V:116 H:  30 F:15
c01cca plx                    A:b100 X:0000 Y:0000 S:01e6 D:0000 DB:00 nvMXdizc V:116 H:  70 F:15
c01ccb rtl                    A:b100 X:0000 Y:0000 S:01e7 D:0000 DB:00 nvMXdiZc V:116 H:  96 F:15
c00106 jsr $0135     [c00135] A:b100 X:0000 Y:0000 S:01ea D:0000 DB:00 nvMXdiZc V:116 H: 138 F:15
c00135 lda $1d2a     [001d2a] A:b100 X:0000 Y:0000 S:01e8 D:0000 DB:00 nvMXdiZc V:116 H: 178 F:15
c00138 pha                    A:b10c X:0000 Y:0000 S:01e8 D:0000 DB:00 nvMXdizc V:116 H: 204 F:15
c00139 ldy $1d35     [001d35] A:b10c X:0000 Y:0000 S:01e7 D:0000 DB:00 nvMXdizc V:116 H: 224 F:15
c0013c jsl $c008e0   [c008e0] A:b10c X:0000 Y:0002 S:01e7 D:0000 DB:00 nvMXdizc V:116 H: 250 F:15
c008e0 lda $1d28     [001d28] A:b10c X:0000 Y:0002 S:01e4 D:0000 DB:00 nvMXdizc V:116 H: 304 F:15
c008e3 sta $b1       [0000b1] A:b116 X:0000 Y:0002 S:01e4 D:0000 DB:00 nvMXdizc V:116 H: 330 F:15
c008e5 lda $1d2a     [001d2a] A:b116 X:0000 Y:0002 S:01e4 D:0000 DB:00 nvMXdizc V:116 H: 350 F:15
c008e8 sta $b3       [0000b3] A:b10c X:0000 Y:0002 S:01e4 D:0000 DB:00 nvMXdizc V:116 H: 376 F:15
c008ea jsr $0906     [c00906] A:b10c X:0000 Y:0002 S:01e4 D:0000 DB:00 nvMXdizc V:116 H: 396 F:15
c00906 phy                    A:b10c X:0000 Y:0002 S:01e2 D:0000 DB:00 nvMXdizc V:116 H: 436 F:15
c00907 lda $0372     [000372] A:b10c X:0000 Y:0002 S:01e1 D:0000 DB:00 nvMXdizc V:116 H: 456 F:15
c0090a beq $0915     [c00915] A:b100 X:0000 Y:0002 S:01e1 D:0000 DB:00 nvMXdiZc V:116 H: 482 F:15
c00915 sta $b5       [0000b5] A:b100 X:0000 Y:0002 S:01e1 D:0000 DB:00 nvMXdiZc V:116 H: 500 F:15
c00917 stz $b2       [0000b2] A:b100 X:0000 Y:0002 S:01e1 D:0000 DB:00 nvMXdiZc V:116 H: 520 F:15
c00919 stz $b4       [0000b4] A:b100 X:0000 Y:0002 S:01e1 D:0000 DB:00 nvMXdiZc V:116 H: 580 F:15
c0091b lda $b1       [0000b1] A:b100 X:0000 Y:0002 S:01e1 D:0000 DB:00 nvMXdiZc V:116 H: 600 F:15
c0091d clc                    A:b116 X:0000 Y:0002 S:01e1 D:0000 DB:00 nvMXdizc V:116 H: 620 F:15
c0091e adc $036c     [00036c] A:b116 X:0000 Y:0002 S:01e1 D:0000 DB:00 nvMXdizc V:116 H: 632 F:15
c00921 and #$7f               A:b116 X:0000 Y:0002 S:01e1 D:0000 DB:00 nvMXdizc V:116 H: 658 F:15
c00923 ldy $b5       [0000b5] A:b116 X:0000 Y:0002 S:01e1 D:0000 DB:00 nvMXdizc V:116 H: 670 F:15
c00925 bne $0929     [c00929] A:b116 X:0000 Y:0000 S:01e1 D:0000 DB:00 nvMXdiZc V:116 H: 690 F:15
c00927 and #$3f               A:b116 X:0000 Y:0000 S:01e1 D:0000 DB:00 nvMXdiZc V:116 H: 702 F:15
c00929 sta $b1       [0000b1] A:b116 X:0000 Y:0000 S:01e1 D:0000 DB:00 nvMXdizc V:116 H: 714 F:15
c0092b lda $b3       [0000b3] A:b116 X:0000 Y:0000 S:01e1 D:0000 DB:00 nvMXdizc V:116 H: 734 F:15
c0092d clc                    A:b10c X:0000 Y:0000 S:01e1 D:0000 DB:00 nvMXdizc V:116 H: 754 F:15
c0092e adc $036d     [00036d] A:b10c X:0000 Y:0000 S:01e1 D:0000 DB:00 nvMXdizc V:116 H: 766 F:15
c00931 and #$7f               A:b10c X:0000 Y:0000 S:01e1 D:0000 DB:00 nvMXdizc V:116 H: 792 F:15
c00933 ldy $b5       [0000b5] A:b10c X:0000 Y:0000 S:01e1 D:0000 DB:00 nvMXdizc V:116 H: 804 F:15
c00935 bne $0939     [c00939] A:b10c X:0000 Y:0000 S:01e1 D:0000 DB:00 nvMXdiZc V:116 H: 824 F:15
c00937 and #$1f               A:b10c X:0000 Y:0000 S:01e1 D:0000 DB:00 nvMXdiZc V:116 H: 836 F:15
c00939 sta $b3       [0000b3] A:b10c X:0000 Y:0000 S:01e1 D:0000 DB:00 nvMXdizc V:116 H: 848 F:15
c0093b rep #$20               A:b10c X:0000 Y:0000 S:01e1 D:0000 DB:00 nvMXdizc V:116 H: 868 F:15
c0093d ldy $b5       [0000b5] A:b10c X:0000 Y:0000 S:01e1 D:0000 DB:00 nvmXdizc V:116 H: 886 F:15
c0093f bne $0956     [c00956] A:b10c X:0000 Y:0000 S:01e1 D:0000 DB:00 nvmXdiZc V:116 H: 906 F:15
c00941 lda $b1       [0000b1] A:b10c X:0000 Y:0000 S:01e1 D:0000 DB:00 nvmXdiZc V:116 H: 918 F:15
c00943 and #$0020             A:0016 X:0000 Y:0000 S:01e1 D:0000 DB:00 nvmXdizc V:116 H: 946 F:15
c00946 asl a                  A:0000 X:0000 Y:0000 S:01e1 D:0000 DB:00 nvmXdiZc V:116 H: 964 F:15
c00947 asl a                  A:0000 X:0000 Y:0000 S:01e1 D:0000 DB:00 nvmXdiZc V:116 H: 976 F:15
c00948 asl a                  A:0000 X:0000 Y:0000 S:01e1 D:0000 DB:00 nvmXdiZc V:116 H: 988 F:15
c00949 asl a                  A:0000 X:0000 Y:0000 S:01e1 D:0000 DB:00 nvmXdiZc V:116 H:1000 F:15
c0094a asl a                  A:0000 X:0000 Y:0000 S:01e1 D:0000 DB:00 nvmXdiZc V:116 H:1012 F:15
c0094b sta $9f       [00009f] A:0000 X:0000 Y:0000 S:01e1 D:0000 DB:00 nvmXdiZc V:116 H:1024 F:15
c0094d lda $b1       [0000b1] A:0000 X:0000 Y:0000 S:01e1 D:0000 DB:00 nvmXdiZc V:116 H:1052 F:15
c0094f and #$001f             A:0016 X:0000 Y:0000 S:01e1 D:0000 DB:00 nvmXdizc V:116 H:1080 F:15
c00952 ora $9f       [00009f] A:0016 X:0000 Y:0000 S:01e1 D:0000 DB:00 nvmXdizc V:116 H:1098 F:15
c00954 sta $b1       [0000b1] A:0016 X:0000 Y:0000 S:01e1 D:0000 DB:00 nvmXdizc V:116 H:1126 F:15
c00956 lda $b3       [0000b3] A:0016 X:0000 Y:0000 S:01e1 D:0000 DB:00 nvmXdizc V:116 H:1154 F:15
c00958 asl a                  A:000c X:0000 Y:0000 S:01e1 D:0000 DB:00 nvmXdizc V:116 H:1182 F:15
c00959 asl a                  A:0018 X:0000 Y:0000 S:01e1 D:0000 DB:00 nvmXdizc V:116 H:1194 F:15
c0095a asl a                  A:0030 X:0000 Y:0000 S:01e1 D:0000 DB:00 nvmXdizc V:116 H:1206 F:15
c0095b asl a                  A:0060 X:0000 Y:0000 S:01e1 D:0000 DB:00 nvmXdizc V:116 H:1218 F:15
c0095c asl a                  A:00c0 X:0000 Y:0000 S:01e1 D:0000 DB:00 nvmXdizc V:116 H:1230 F:15
c0095d ldy $b5       [0000b5] A:0180 X:0000 Y:0000 S:01e1 D:0000 DB:00 nvmXdizc V:116 H:1242 F:15
c0095f beq $0963     [c00963] A:0180 X:0000 Y:0000 S:01e1 D:0000 DB:00 nvmXdiZc V:116 H:1262 F:15
c00963 ora $b1       [0000b1] A:0180 X:0000 Y:0000 S:01e1 D:0000 DB:00 nvmXdiZc V:116 H:1280 F:15
c00965 ldy $0372     [000372] A:0196 X:0000 Y:0000 S:01e1 D:0000 DB:00 nvmXdizc V:116 H:1308 F:15
c00968 bne $096e     [c0096e] A:0196 X:0000 Y:0000 S:01e1 D:0000 DB:00 nvmXdiZc V:116 H:1334 F:15
c0096a clc                    A:0196 X:0000 Y:0000 S:01e1 D:0000 DB:00 nvmXdiZc V:116 H:1346 F:15
c0096b adc $036f     [00036f] A:0196 X:0000 Y:0000 S:01e1 D:0000 DB:00 nvmXdiZc V:116 H:1358 F:15
c0096e sep #$20               A:3196 X:0000 Y:0000 S:01e1 D:0000 DB:00 nvmXdizc V:117 H:  28 F:15
c00970 ply                    A:3196 X:0000 Y:0000 S:01e1 D:0000 DB:00 nvMXdizc V:117 H:  46 F:15
c00971 rts                    A:3196 X:0000 Y:0002 S:01e2 D:0000 DB:00 nvMXdizc V:117 H:  72 F:15
c008ed sta $08       [000008] A:3196 X:0000 Y:0002 S:01e4 D:0000 DB:00 nvMXdizc V:117 H: 112 F:15
c008ef xba                    A:3196 X:0000 Y:0002 S:01e4 D:0000 DB:00 nvMXdizc V:117 H: 132 F:15
c008f0 sta $09       [000009] A:9631 X:0000 Y:0002 S:01e4 D:0000 DB:00 nvMXdizc V:117 H: 150 F:15
c008f2 rtl                    A:9631 X:0000 Y:0002 S:01e4 D:0000 DB:00 nvMXdizc V:117 H: 170 F:15
c00140 rep #$20               A:9631 X:0000 Y:0002 S:01e7 D:0000 DB:00 nvMXdizc V:117 H: 212 F:15
c00142 lda $08       [000008] A:9631 X:0000 Y:0002 S:01e7 D:0000 DB:00 nvmXdizc V:117 H: 230 F:15
c00144 sta $ae       [0000ae] A:3196 X:0000 Y:0002 S:01e7 D:0000 DB:00 nvmXdizc V:117 H: 258 F:15
c00146 sep #$20               A:3196 X:0000 Y:0002 S:01e7 D:0000 DB:00 nvmXdizc V:117 H: 286 F:15
c00148 jsl $c00478   [c00478] A:3196 X:0000 Y:0002 S:01e7 D:0000 DB:00 nvMXdizc V:117 H: 304 F:15
c00478 phx                    A:3196 X:0000 Y:0002 S:01e4 D:0000 DB:00 nvMXdizc V:117 H: 358 F:15
c00479 rep #$30               A:3196 X:0000 Y:0002 S:01e3 D:0000 DB:00 nvMXdizc V:117 H: 378 F:15
c0047b ldx $0357     [000357] A:3196 X:0000 Y:0002 S:01e3 D:0000 DB:00 nvmxdizc V:117 H: 396 F:15
c0047e lda $ae       [0000ae] A:3196 X:37a4 Y:0002 S:01e3 D:0000 DB:00 nvmxdizc V:117 H: 430 F:15
c00480 sta $7e8004,x [7eb7a8] A:3196 X:37a4 Y:0002 S:01e3 D:0000 DB:00 nvmxdizc V:117 H: 458 F:15
c00484 lda $0352     [000352] A:3196 X:37a4 Y:0002 S:01e3 D:0000 DB:00 nvmxdizc V:117 H: 498 F:15
c00487 sta $7e8000,x [7eb7a4] A:0080 X:37a4 Y:0002 S:01e3 D:0000 DB:00 nvmxdizc V:117 H: 532 F:15
c0048b txa                    A:0080 X:37a4 Y:0002 S:01e3 D:0000 DB:00 nvmxdizc V:117 H: 612 F:15
c0048c clc                    A:37a4 X:37a4 Y:0002 S:01e3 D:0000 DB:00 nvmxdizc V:117 H: 624 F:15
c0048d adc #$0006             A:37a4 X:37a4 Y:0002 S:01e3 D:0000 DB:00 nvmxdizc V:117 H: 636 F:15
c00490 sta $035b     [00035b] A:37aa X:37a4 Y:0002 S:01e3 D:0000 DB:00 nvmxdizc V:117 H: 654 F:15
c00493 sep #$30               A:37aa X:37a4 Y:0002 S:01e3 D:0000 DB:00 nvmxdizc V:117 H: 688 F:15
c00495 plx                    A:37aa X:00a4 Y:0002 S:01e3 D:0000 DB:00 nvMXdizc V:117 H: 706 F:15
c00496 rtl                    A:37aa X:0000 Y:0002 S:01e4 D:0000 DB:00 nvMXdiZc V:117 H: 732 F:15
c0014c ldx $1d34     [001d34] A:37aa X:0000 Y:0002 S:01e7 D:0000 DB:00 nvMXdiZc V:117 H: 774 F:15
c0014f jsl $c01ccc   [c01ccc] A:37aa X:0008 Y:0002 S:01e7 D:0000 DB:00 nvMXdizc V:117 H: 800 F:15
c01ccc phx                    A:37aa X:0008 Y:0002 S:01e4 D:0000 DB:00 nvMXdizc V:117 H: 854 F:15
c01ccd ldx $64       [000064] A:37aa X:0008 Y:0002 S:01e3 D:0000 DB:00 nvMXdizc V:117 H: 874 F:15
c01ccf jsr ($1ce5,x) [c01ce5] A:37aa X:0000 Y:0002 S:01e3 D:0000 DB:00 nvMXdiZc V:117 H: 894 F:15
c01cf5 lda [$60]     [d1b163] A:37aa X:0000 Y:0002 S:01e1 D:0000 DB:00 nvMXdiZc V:117 H: 946 F:15
c01cf7 inc $60       [000060] A:3730 X:0000 Y:0002 S:01e1 D:0000 DB:00 nvMXdizc V:117 H: 988 F:15
c01cf9 bne $1d01     [c01d01] A:3730 X:0000 Y:0002 S:01e1 D:0000 DB:00 nvMXdizc V:117 H:1022 F:15
c01d01 rts                    A:3730 X:0000 Y:0002 S:01e1 D:0000 DB:00 nvMXdizc V:117 H:1040 F:15
c01cd2 ldx $66       [000066] A:3730 X:0000 Y:0002 S:01e3 D:0000 DB:00 nvMXdizc V:117 H:1080 F:15
c01cd4 sta $0200,x   [000200] A:3730 X:0000 Y:0002 S:01e3 D:0000 DB:00 nvMXdiZc V:117 H:1100 F:15
c01cd7 inc $66       [000066] A:3730 X:0000 Y:0002 S:01e3 D:0000 DB:00 nvMXdiZc V:117 H:1132 F:15
c01cd9 dec $65       [000065] A:3730 X:0000 Y:0002 S:01e3 D:0000 DB:00 nvMXdizc V:117 H:1166 F:15
c01cdb bne $1ce0     [c01ce0] A:3730 X:0000 Y:0002 S:01e3 D:0000 DB:00 nvMXdizc V:117 H:1200 F:15
c01ce0 lda $0200,x   [000200] A:3730 X:0000 Y:0002 S:01e3 D:0000 DB:00 nvMXdizc V:117 H:1218 F:15
c01ce3 plx                    A:3730 X:0000 Y:0002 S:01e3 D:0000 DB:00 nvMXdizc V:117 H:1244 F:15
c01ce4 rtl                    A:3730 X:0008 Y:0002 S:01e4 D:0000 DB:00 nvMXdizc V:117 H:1270 F:15
c00153 sta $a5       [0000a5] A:3730 X:0008 Y:0002 S:01e7 D:0000 DB:00 nvMXdizc V:117 H:1312 F:15
c00155 jsl $c01ccc   [c01ccc] A:3730 X:0008 Y:0002 S:01e7 D:0000 DB:00 nvMXdizc V:117 H:1332 F:15
c01ccc phx                    A:3730 X:0008 Y:0002 S:01e4 D:0000 DB:00 nvMXdizc V:118 H:  22 F:15
c01ccd ldx $64       [000064] A:3730 X:0008 Y:0002 S:01e3 D:0000 DB:00 nvMXdizc V:118 H:  42 F:15
c01ccf jsr ($1ce5,x) [c01ce5] A:3730 X:0000 Y:0002 S:01e3 D:0000 DB:00 nvMXdiZc V:118 H:  62 F:15
c01cf5 lda [$60]     [d1b164] A:3730 X:0000 Y:0002 S:01e1 D:0000 DB:00 nvMXdiZc V:118 H: 114 F:15
c01cf7 inc $60       [000060] A:3730 X:0000 Y:0002 S:01e1 D:0000 DB:00 nvMXdizc V:118 H: 156 F:15
c01cf9 bne $1d01     [c01d01] A:3730 X:0000 Y:0002 S:01e1 D:0000 DB:00 nvMXdizc V:118 H: 190 F:15
c01d01 rts                    A:3730 X:0000 Y:0002 S:01e1 D:0000 DB:00 nvMXdizc V:118 H: 208 F:15
c01cd2 ldx $66       [000066] A:3730 X:0000 Y:0002 S:01e3 D:0000 DB:00 nvMXdizc V:118 H: 248 F:15
c01cd4 sta $0200,x   [000201] A:3730 X:0001 Y:0002 S:01e3 D:0000 DB:00 nvMXdizc V:118 H: 268 F:15
c01cd7 inc $66       [000066] A:3730 X:0001 Y:0002 S:01e3 D:0000 DB:00 nvMXdizc V:118 H: 300 F:15
c01cd9 dec $65       [000065] A:3730 X:0001 Y:0002 S:01e3 D:0000 DB:00 nvMXdizc V:118 H: 334 F:15
c01cdb bne $1ce0     [c01ce0] A:3730 X:0001 Y:0002 S:01e3 D:0000 DB:00 nvMXdizc V:118 H: 368 F:15
c01ce0 lda $0200,x   [000201] A:3730 X:0001 Y:0002 S:01e3 D:0000 DB:00 nvMXdizc V:118 H: 386 F:15
c01ce3 plx                    A:3730 X:0001 Y:0002 S:01e3 D:0000 DB:00 nvMXdizc V:118 H: 412 F:15
c01ce4 rtl                    A:3730 X:0008 Y:0002 S:01e4 D:0000 DB:00 nvMXdizc V:118 H: 438 F:15
c00159 sta $a6       [0000a6] A:3730 X:0008 Y:0002 S:01e7 D:0000 DB:00 nvMXdizc V:118 H: 480 F:15
c0015b jsl $c00497   [c00497] A:3730 X:0008 Y:0002 S:01e7 D:0000 DB:00 nvMXdizc V:118 H: 500 F:15
c00497 phx                    A:3730 X:0008 Y:0002 S:01e4 D:0000 DB:00 nvMXdizc V:118 H: 594 F:15
c00498 rep #$30               A:3730 X:0008 Y:0002 S:01e3 D:0000 DB:00 nvMXdizc V:118 H: 614 F:15
c0049a ldx $035b     [00035b] A:3730 X:0008 Y:0002 S:01e3 D:0000 DB:00 nvmxdizc V:118 H: 632 F:15
c0049d lda $a5       [0000a5] A:3730 X:37aa Y:0002 S:01e3 D:0000 DB:00 nvmxdizc V:118 H: 666 F:15
c0049f sta $7e8000,x [7eb7aa] A:3030 X:37aa Y:0002 S:01e3 D:0000 DB:00 nvmxdizc V:118 H: 694 F:15
c004a3 inx                    A:3030 X:37aa Y:0002 S:01e3 D:0000 DB:00 nvmxdizc V:118 H: 734 F:15
c004a4 inx                    A:3030 X:37ab Y:0002 S:01e3 D:0000 DB:00 nvmxdizc V:118 H: 746 F:15
c004a5 stx $035b     [00035b] A:3030 X:37ac Y:0002 S:01e3 D:0000 DB:00 nvmxdizc V:118 H: 758 F:15
c004a8 sep #$30               A:3030 X:37ac Y:0002 S:01e3 D:0000 DB:00 nvmxdizc V:118 H: 792 F:15
c004aa plx                    A:3030 X:00ac Y:0002 S:01e3 D:0000 DB:00 nvMXdizc V:118 H: 810 F:15
c004ab rtl                    A:3030 X:0008 Y:0002 S:01e4 D:0000 DB:00 nvMXdizc V:118 H: 836 F:15
c0015f dex                    A:3030 X:0008 Y:0002 S:01e7 D:0000 DB:00 nvMXdizc V:118 H: 878 F:15
c00160 dex                    A:3030 X:0007 Y:0002 S:01e7 D:0000 DB:00 nvMXdizc V:118 H: 890 F:15
c00161 bne $014f     [c0014f] A:3030 X:0006 Y:0002 S:01e7 D:0000 DB:00 nvMXdizc V:118 H: 902 F:15
c0014f jsl $c01ccc   [c01ccc] A:3030 X:0006 Y:0002 S:01e7 D:0000 DB:00 nvMXdizc V:118 H: 920 F:15
c01ccc phx                    A:3030 X:0006 Y:0002 S:01e4 D:0000 DB:00 nvMXdizc V:118 H: 974 F:15
c01ccd ldx $64       [000064] A:3030 X:0006 Y:0002 S:01e3 D:0000 DB:00 nvMXdizc V:118 H: 994 F:15
c01ccf jsr ($1ce5,x) [c01ce5] A:3030 X:0000 Y:0002 S:01e3 D:0000 DB:00 nvMXdiZc V:118 H:1014 F:15
c01cf5 lda [$60]     [d1b165] A:3030 X:0000 Y:0002 S:01e1 D:0000 DB:00 nvMXdiZc V:118 H:1066 F:15
c01cf7 inc $60       [000060] A:3032 X:0000 Y:0002 S:01e1 D:0000 DB:00 nvMXdizc V:118 H:1108 F:15
c01cf9 bne $1d01     [c01d01] A:3032 X:0000 Y:0002 S:01e1 D:0000 DB:00 nvMXdizc V:118 H:1142 F:15
c01d01 rts                    A:3032 X:0000 Y:0002 S:01e1 D:0000 DB:00 nvMXdizc V:118 H:1160 F:15
c01cd2 ldx $66       [000066] A:3032 X:0000 Y:0002 S:01e3 D:0000 DB:00 nvMXdizc V:118 H:1200 F:15
c01cd4 sta $0200,x   [000202] A:3032 X:0002 Y:0002 S:01e3 D:0000 DB:00 nvMXdizc V:118 H:1220 F:15
c01cd7 inc $66       [000066] A:3032 X:0002 Y:0002 S:01e3 D:0000 DB:00 nvMXdizc V:118 H:1252 F:15
c01cd9 dec $65       [000065] A:3032 X:0002 Y:0002 S:01e3 D:0000 DB:00 nvMXdizc V:118 H:1286 F:15
c01cdb bne $1ce0     [c01ce0] A:3032 X:0002 Y:0002 S:01e3 D:0000 DB:00 nvMXdizc V:118 H:1320 F:15
c01ce0 lda $0200,x   [000202] A:3032 X:0002 Y:0002 S:01e3 D:0000 DB:00 nvMXdizc V:118 H:1338 F:15
c01ce3 plx                    A:3032 X:0002 Y:0002 S:01e3 D:0000 DB:00 nvMXdizc V:119 H:   0 F:15
c01ce4 rtl                    A:3032 X:0006 Y:0002 S:01e4 D:0000 DB:00 nvMXdizc V:119 H:  26 F:15
c00153 sta $a5       [0000a5] A:3032 X:0006 Y:0002 S:01e7 D:0000 DB:00 nvMXdizc V:119 H:  68 F:15
c00155 jsl $c01ccc   [c01ccc] A:3032 X:0006 Y:0002 S:01e7 D:0000 DB:00 nvMXdizc V:119 H:  88 F:15
c01ccc phx                    A:3032 X:0006 Y:0002 S:01e4 D:0000 DB:00 nvMXdizc V:119 H: 142 F:15
c01ccd ldx $64       [000064] A:3032 X:0006 Y:0002 S:01e3 D:0000 DB:00 nvMXdizc V:119 H: 162 F:15
c01ccf jsr ($1ce5,x) [c01ce5] A:3032 X:0000 Y:0002 S:01e3 D:0000 DB:00 nvMXdiZc V:119 H: 182 F:15
c01cf5 lda [$60]     [d1b166] A:3032 X:0000 Y:0002 S:01e1 D:0000 DB:00 nvMXdiZc V:119 H: 234 F:15
c01cf7 inc $60       [000060] A:3030 X:0000 Y:0002 S:01e1 D:0000 DB:00 nvMXdizc V:119 H: 276 F:15
c01cf9 bne $1d01     [c01d01] A:3030 X:0000 Y:0002 S:01e1 D:0000 DB:00 nvMXdizc V:119 H: 310 F:15
c01d01 rts                    A:3030 X:0000 Y:0002 S:01e1 D:0000 DB:00 nvMXdizc V:119 H: 328 F:15
c01cd2 ldx $66       [000066] A:3030 X:0000 Y:0002 S:01e3 D:0000 DB:00 nvMXdizc V:119 H: 368 F:15
c01cd4 sta $0200,x   [000203] A:3030 X:0003 Y:0002 S:01e3 D:0000 DB:00 nvMXdizc V:119 H: 388 F:15
c01cd7 inc $66       [000066] A:3030 X:0003 Y:0002 S:01e3 D:0000 DB:00 nvMXdizc V:119 H: 420 F:15
c01cd9 dec $65       [000065] A:3030 X:0003 Y:0002 S:01e3 D:0000 DB:00 nvMXdizc V:119 H: 454 F:15
c01cdb bne $1ce0     [c01ce0] A:3030 X:0003 Y:0002 S:01e3 D:0000 DB:00 nvMXdiZc V:119 H: 488 F:15
c01cdd jsr $1d45     [c01d45] A:3030 X:0003 Y:0002 S:01e3 D:0000 DB:00 nvMXdiZc V:119 H: 500 F:15
c01d45 lda [$60]     [d1b167] A:3030 X:0003 Y:0002 S:01e1 D:0000 DB:00 nvMXdiZc V:119 H: 580 F:15
c01d47 sta $64       [000064] A:3042 X:0003 Y:0002 S:01e1 D:0000 DB:00 nvMXdizc V:119 H: 622 F:15
c01d49 and #$1f               A:3042 X:0003 Y:0002 S:01e1 D:0000 DB:00 nvMXdizc V:119 H: 642 F:15
c01d4b inc                    A:3002 X:0003 Y:0002 S:01e1 D:0000 DB:00 nvMXdizc V:119 H: 654 F:15
c01d4c sta $65       [000065] A:3003 X:0003 Y:0002 S:01e1 D:0000 DB:00 nvMXdizc V:119 H: 666 F:15
c01d4e lda $64       [000064] A:3003 X:0003 Y:0002 S:01e1 D:0000 DB:00 nvMXdizc V:119 H: 686 F:15
c01d50 lsr a                  A:3042 X:0003 Y:0002 S:01e1 D:0000 DB:00 nvMXdizc V:119 H: 706 F:15
c01d51 lsr a                  A:3021 X:0003 Y:0002 S:01e1 D:0000 DB:00 nvMXdizc V:119 H: 718 F:15
c01d52 lsr a                  A:3010 X:0003 Y:0002 S:01e1 D:0000 DB:00 nvMXdizC V:119 H: 730 F:15
c01d53 lsr a                  A:3008 X:0003 Y:0002 S:01e1 D:0000 DB:00 nvMXdizc V:119 H: 742 F:15
c01d54 and #$0e               A:3004 X:0003 Y:0002 S:01e1 D:0000 DB:00 nvMXdizc V:119 H: 754 F:15
c01d56 sta $64       [000064] A:3004 X:0003 Y:0002 S:01e1 D:0000 DB:00 nvMXdizc V:119 H: 766 F:15
c01d58 inc $60       [000060] A:3004 X:0003 Y:0002 S:01e1 D:0000 DB:00 nvMXdizc V:119 H: 786 F:15
c01d5a bne $1d62     [c01d62] A:3004 X:0003 Y:0002 S:01e1 D:0000 DB:00 nvMXdizc V:119 H: 820 F:15
c01d62 rts                    A:3004 X:0003 Y:0002 S:01e1 D:0000 DB:00 nvMXdizc V:119 H: 838 F:15
c01ce0 lda $0200,x   [000203] A:3004 X:0003 Y:0002 S:01e3 D:0000 DB:00 nvMXdizc V:119 H: 878 F:15
c01ce3 plx                    A:3030 X:0003 Y:0002 S:01e3 D:0000 DB:00 nvMXdizc V:119 H: 904 F:15
c01ce4 rtl                    A:3030 X:0006 Y:0002 S:01e4 D:0000 DB:00 nvMXdizc V:119 H: 930 F:15
c00159 sta $a6       [0000a6] A:3030 X:0006 Y:0002 S:01e7 D:0000 DB:00 nvMXdizc V:119 H: 972 F:15
c0015b jsl $c00497   [c00497] A:3030 X:0006 Y:0002 S:01e7 D:0000 DB:00 nvMXdizc V:119 H: 992 F:15
c00497 phx                    A:3030 X:0006 Y:0002 S:01e4 D:0000 DB:00 nvMXdizc V:119 H:1046 F:15
c00498 rep #$30               A:3030 X:0006 Y:0002 S:01e3 D:0000 DB:00 nvMXdizc V:119 H:1066 F:15
c0049a ldx $035b     [00035b] A:3030 X:0006 Y:0002 S:01e3 D:0000 DB:00 nvmxdizc V:119 H:1084 F:15
c0049d lda $a5       [0000a5] A:3030 X:37ac Y:0002 S:01e3 D:0000 DB:00 nvmxdizc V:119 H:1118 F:15
c0049f sta $7e8000,x [7eb7ac] A:3032 X:37ac Y:0002 S:01e3 D:0000 DB:00 nvmxdizc V:119 H:1146 F:15
c004a3 inx                    A:3032 X:37ac Y:0002 S:01e3 D:0000 DB:00 nvmxdizc V:119 H:1186 F:15
c004a4 inx                    A:3032 X:37ad Y:0002 S:01e3 D:0000 DB:00 nvmxdizc V:119 H:1198 F:15
c004a5 stx $035b     [00035b] A:3032 X:37ae Y:0002 S:01e3 D:0000 DB:00 nvmxdizc V:119 H:1210 F:15
c004a8 sep #$30               A:3032 X:37ae Y:0002 S:01e3 D:0000 DB:00 nvmxdizc V:119 H:1244 F:15
c004aa plx                    A:3032 X:00ae Y:0002 S:01e3 D:0000 DB:00 nvMXdizc V:119 H:1262 F:15
c004ab rtl                    A:3032 X:0006 Y:0002 S:01e4 D:0000 DB:00 nvMXdizc V:119 H:1288 F:15
c0015f dex                    A:3032 X:0006 Y:0002 S:01e7 D:0000 DB:00 nvMXdizc V:119 H:1330 F:15
c00160 dex                    A:3032 X:0005 Y:0002 S:01e7 D:0000 DB:00 nvMXdizc V:119 H:1342 F:15
c00161 bne $014f     [c0014f] A:3032 X:0004 Y:0002 S:01e7 D:0000 DB:00 nvMXdizc V:119 H:1354 F:15
c0014f jsl $c01ccc   [c01ccc] A:3032 X:0004 Y:0002 S:01e7 D:0000 DB:00 nvMXdizc V:120 H:   8 F:15
c01ccc phx                    A:3032 X:0004 Y:0002 S:01e4 D:0000 DB:00 nvMXdizc V:120 H:  62 F:15
c01ccd ldx $64       [000064] A:3032 X:0004 Y:0002 S:01e3 D:0000 DB:00 nvMXdizc V:120 H:  82 F:15
c01ccf jsr ($1ce5,x) [c01ce9] A:3032 X:0004 Y:0002 S:01e3 D:0000 DB:00 nvMXdizc V:120 H: 102 F:15
c01d0a ldx $66       [000066] A:3032 X:0004 Y:0002 S:01e1 D:0000 DB:00 nvMXdizc V:120 H: 154 F:15
c01d0c dex                    A:3032 X:0004 Y:0002 S:01e1 D:0000 DB:00 nvMXdizc V:120 H: 174 F:15
c01d0d lda $0200,x   [000203] A:3032 X:0003 Y:0002 S:01e1 D:0000 DB:00 nvMXdizc V:120 H: 186 F:15
c01d10 rts                    A:3030 X:0003 Y:0002 S:01e1 D:0000 DB:00 nvMXdizc V:120 H: 212 F:15
c01cd2 ldx $66       [000066] A:3030 X:0003 Y:0002 S:01e3 D:0000 DB:00 nvMXdizc V:120 H: 252 F:15
c01cd4 sta $0200,x   [000204] A:3030 X:0004 Y:0002 S:01e3 D:0000 DB:00 nvMXdizc V:120 H: 272 F:15
c01cd7 inc $66       [000066] A:3030 X:0004 Y:0002 S:01e3 D:0000 DB:00 nvMXdizc V:120 H: 304 F:15
c01cd9 dec $65       [000065] A:3030 X:0004 Y:0002 S:01e3 D:0000 DB:00 nvMXdizc V:120 H: 338 F:15
c01cdb bne $1ce0     [c01ce0] A:3030 X:0004 Y:0002 S:01e3 D:0000 DB:00 nvMXdizc V:120 H: 372 F:15
c01ce0 lda $0200,x   [000204] A:3030 X:0004 Y:0002 S:01e3 D:0000 DB:00 nvMXdizc V:120 H: 390 F:15
c01ce3 plx                    A:3030 X:0004 Y:0002 S:01e3 D:0000 DB:00 nvMXdizc V:120 H: 416 F:15
c01ce4 rtl                    A:3030 X:0004 Y:0002 S:01e4 D:0000 DB:00 nvMXdizc V:120 H: 442 F:15
c00153 sta $a5       [0000a5] A:3030 X:0004 Y:0002 S:01e7 D:0000 DB:00 nvMXdizc V:120 H: 484 F:15
c00155 jsl $c01ccc   [c01ccc] A:3030 X:0004 Y:0002 S:01e7 D:0000 DB:00 nvMXdizc V:120 H: 504 F:15
c01ccc phx                    A:3030 X:0004 Y:0002 S:01e4 D:0000 DB:00 nvMXdizc V:120 H: 598 F:15
c01ccd ldx $64       [000064] A:3030 X:0004 Y:0002 S:01e3 D:0000 DB:00 nvMXdizc V:120 H: 618 F:15
c01ccf jsr ($1ce5,x) [c01ce9] A:3030 X:0004 Y:0002 S:01e3 D:0000 DB:00 nvMXdizc V:120 H: 638 F:15
c01d0a ldx $66       [000066] A:3030 X:0004 Y:0002 S:01e1 D:0000 DB:00 nvMXdizc V:120 H: 690 F:15
c01d0c dex                    A:3030 X:0005 Y:0002 S:01e1 D:0000 DB:00 nvMXdizc V:120 H: 710 F:15
c01d0d lda $0200,x   [000204] A:3030 X:0004 Y:0002 S:01e1 D:0000 DB:00 nvMXdizc V:120 H: 722 F:15
c01d10 rts                    A:3030 X:0004 Y:0002 S:01e1 D:0000 DB:00 nvMXdizc V:120 H: 748 F:15
c01cd2 ldx $66       [000066] A:3030 X:0004 Y:0002 S:01e3 D:0000 DB:00 nvMXdizc V:120 H: 788 F:15
c01cd4 sta $0200,x   [000205] A:3030 X:0005 Y:0002 S:01e3 D:0000 DB:00 nvMXdizc V:120 H: 808 F:15
c01cd7 inc $66       [000066] A:3030 X:0005 Y:0002 S:01e3 D:0000 DB:00 nvMXdizc V:120 H: 840 F:15
c01cd9 dec $65       [000065] A:3030 X:0005 Y:0002 S:01e3 D:0000 DB:00 nvMXdizc V:120 H: 874 F:15
c01cdb bne $1ce0     [c01ce0] A:3030 X:0005 Y:0002 S:01e3 D:0000 DB:00 nvMXdizc V:120 H: 908 F:15
c01ce0 lda $0200,x   [000205] A:3030 X:0005 Y:0002 S:01e3 D:0000 DB:00 nvMXdizc V:120 H: 926 F:15
c01ce3 plx                    A:3030 X:0005 Y:0002 S:01e3 D:0000 DB:00 nvMXdizc V:120 H: 952 F:15
c01ce4 rtl                    A:3030 X:0004 Y:0002 S:01e4 D:0000 DB:00 nvMXdizc V:120 H: 978 F:15
c00159 sta $a6       [0000a6] A:3030 X:0004 Y:0002 S:01e7 D:0000 DB:00 nvMXdizc V:120 H:1020 F:15
c0015b jsl $c00497   [c00497] A:3030 X:0004 Y:0002 S:01e7 D:0000 DB:00 nvMXdizc V:120 H:1040 F:15
c00497 phx                    A:3030 X:0004 Y:0002 S:01e4 D:0000 DB:00 nvMXdizc V:120 H:1094 F:15
c00498 rep #$30               A:3030 X:0004 Y:0002 S:01e3 D:0000 DB:00 nvMXdizc V:120 H:1114 F:15
c0049a ldx $035b     [00035b] A:3030 X:0004 Y:0002 S:01e3 D:0000 DB:00 nvmxdizc V:120 H:1132 F:15
c0049d lda $a5       [0000a5] A:3030 X:37ae Y:0002 S:01e3 D:0000 DB:00 nvmxdizc V:120 H:1166 F:15
c0049f sta $7e8000,x [7eb7ae] A:3030 X:37ae Y:0002 S:01e3 D:0000 DB:00 nvmxdizc V:120 H:1194 F:15
c004a3 inx                    A:3030 X:37ae Y:0002 S:01e3 D:0000 DB:00 nvmxdizc V:120 H:1234 F:15
c004a4 inx                    A:3030 X:37af Y:0002 S:01e3 D:0000 DB:00 nvmxdizc V:120 H:1246 F:15
c004a5 stx $035b     [00035b] A:3030 X:37b0 Y:0002 S:01e3 D:0000 DB:00 nvmxdizc V:120 H:1258 F:15
c004a8 sep #$30               A:3030 X:37b0 Y:0002 S:01e3 D:0000 DB:00 nvmxdizc V:120 H:1292 F:15
c004aa plx                    A:3030 X:00b0 Y:0002 S:01e3 D:0000 DB:00 nvMXdizc V:120 H:1310 F:15
c004ab rtl                    A:3030 X:0004 Y:0002 S:01e4 D:0000 DB:00 nvMXdizc V:120 H:1336 F:15
c0015f dex                    A:3030 X:0004 Y:0002 S:01e7 D:0000 DB:00 nvMXdizc V:121 H:  14 F:15
c00160 dex                    A:3030 X:0003 Y:0002 S:01e7 D:0000 DB:00 nvMXdizc V:121 H:  26 F:15
c00161 bne $014f     [c0014f] A:3030 X:0002 Y:0002 S:01e7 D:0000 DB:00 nvMXdizc V:121 H:  38 F:15
c0014f jsl $c01ccc   [c01ccc] A:3030 X:0002 Y:0002 S:01e7 D:0000 DB:00 nvMXdizc V:121 H:  56 F:15
c01ccc phx                    A:3030 X:0002 Y:0002 S:01e4 D:0000 DB:00 nvMXdizc V:121 H: 110 F:15
c01ccd ldx $64       [000064] A:3030 X:0002 Y:0002 S:01e3 D:0000 DB:00 nvMXdizc V:121 H: 130 F:15
c01ccf jsr ($1ce5,x) [c01ce9] A:3030 X:0004 Y:0002 S:01e3 D:0000 DB:00 nvMXdizc V:121 H: 150 F:15
c01d0a ldx $66       [000066] A:3030 X:0004 Y:0002 S:01e1 D:0000 DB:00 nvMXdizc V:121 H: 202 F:15
c01d0c dex                    A:3030 X:0006 Y:0002 S:01e1 D:0000 DB:00 nvMXdizc V:121 H: 222 F:15
c01d0d lda $0200,x   [000205] A:3030 X:0005 Y:0002 S:01e1 D:0000 DB:00 nvMXdizc V:121 H: 234 F:15
c01d10 rts                    A:3030 X:0005 Y:0002 S:01e1 D:0000 DB:00 nvMXdizc V:121 H: 260 F:15
c01cd2 ldx $66       [000066] A:3030 X:0005 Y:0002 S:01e3 D:0000 DB:00 nvMXdizc V:121 H: 300 F:15
c01cd4 sta $0200,x   [000206] A:3030 X:0006 Y:0002 S:01e3 D:0000 DB:00 nvMXdizc V:121 H: 320 F:15
c01cd7 inc $66       [000066] A:3030 X:0006 Y:0002 S:01e3 D:0000 DB:00 nvMXdizc V:121 H: 352 F:15
c01cd9 dec $65       [000065] A:3030 X:0006 Y:0002 S:01e3 D:0000 DB:00 nvMXdizc V:121 H: 386 F:15
c01cdb bne $1ce0     [c01ce0] A:3030 X:0006 Y:0002 S:01e3 D:0000 DB:00 nvMXdiZc V:121 H: 420 F:15
c01cdd jsr $1d45     [c01d45] A:3030 X:0006 Y:0002 S:01e3 D:0000 DB:00 nvMXdiZc V:121 H: 432 F:15
c01d45 lda [$60]     [d1b168] A:3030 X:0006 Y:0002 S:01e1 D:0000 DB:00 nvMXdiZc V:121 H: 472 F:15
c01d47 sta $64       [000064] A:30a0 X:0006 Y:0002 S:01e1 D:0000 DB:00 NvMXdizc V:121 H: 514 F:15
c01d49 and #$1f               A:30a0 X:0006 Y:0002 S:01e1 D:0000 DB:00 NvMXdizc V:121 H: 534 F:15
c01d4b inc                    A:3000 X:0006 Y:0002 S:01e1 D:0000 DB:00 nvMXdiZc V:121 H: 586 F:15
c01d4c sta $65       [000065] A:3001 X:0006 Y:0002 S:01e1 D:0000 DB:00 nvMXdizc V:121 H: 598 F:15
c01d4e lda $64       [000064] A:3001 X:0006 Y:0002 S:01e1 D:0000 DB:00 nvMXdizc V:121 H: 618 F:15
c01d50 lsr a                  A:30a0 X:0006 Y:0002 S:01e1 D:0000 DB:00 NvMXdizc V:121 H: 638 F:15
c01d51 lsr a                  A:3050 X:0006 Y:0002 S:01e1 D:0000 DB:00 nvMXdizc V:121 H: 650 F:15
c01d52 lsr a                  A:3028 X:0006 Y:0002 S:01e1 D:0000 DB:00 nvMXdizc V:121 H: 662 F:15
c01d53 lsr a                  A:3014 X:0006 Y:0002 S:01e1 D:0000 DB:00 nvMXdizc V:121 H: 674 F:15
c01d54 and #$0e               A:300a X:0006 Y:0002 S:01e1 D:0000 DB:00 nvMXdizc V:121 H: 686 F:15
c01d56 sta $64       [000064] A:300a X:0006 Y:0002 S:01e1 D:0000 DB:00 nvMXdizc V:121 H: 698 F:15
c01d58 inc $60       [000060] A:300a X:0006 Y:0002 S:01e1 D:0000 DB:00 nvMXdizc V:121 H: 718 F:15
c01d5a bne $1d62     [c01d62] A:300a X:0006 Y:0002 S:01e1 D:0000 DB:00 nvMXdizc V:121 H: 752 F:15
c01d62 rts                    A:300a X:0006 Y:0002 S:01e1 D:0000 DB:00 nvMXdizc V:121 H: 770 F:15
c01ce0 lda $0200,x   [000206] A:300a X:0006 Y:0002 S:01e3 D:0000 DB:00 nvMXdizc V:121 H: 810 F:15
c01ce3 plx                    A:3030 X:0006 Y:0002 S:01e3 D:0000 DB:00 nvMXdizc V:121 H: 836 F:15
c01ce4 rtl                    A:3030 X:0002 Y:0002 S:01e4 D:0000 DB:00 nvMXdizc V:121 H: 862 F:15
c00153 sta $a5       [0000a5] A:3030 X:0002 Y:0002 S:01e7 D:0000 DB:00 nvMXdizc V:121 H: 904 F:15
c00155 jsl $c01ccc   [c01ccc] A:3030 X:0002 Y:0002 S:01e7 D:0000 DB:00 nvMXdizc V:121 H: 924 F:15
c01ccc phx                    A:3030 X:0002 Y:0002 S:01e4 D:0000 DB:00 nvMXdizc V:121 H: 978 F:15
c01ccd ldx $64       [000064] A:3030 X:0002 Y:0002 S:01e3 D:0000 DB:00 nvMXdizc V:121 H: 998 F:15
c01ccf jsr ($1ce5,x) [c01cef] A:3030 X:000a Y:0002 S:01e3 D:0000 DB:00 nvMXdizc V:121 H:1018 F:15
c01d24 ldx $66       [000066] A:3030 X:000a Y:0002 S:01e1 D:0000 DB:00 nvMXdizc V:121 H:1070 F:15
c01d26 txa                    A:3030 X:0007 Y:0002 S:01e1 D:0000 DB:00 nvMXdizc V:121 H:1090 F:15
c01d27 sec                    A:3007 X:0007 Y:0002 S:01e1 D:0000 DB:00 nvMXdizc V:121 H:1102 F:15
c01d28 sbc #$10               A:3007 X:0007 Y:0002 S:01e1 D:0000 DB:00 nvMXdizC V:121 H:1114 F:15
c01d2a tax                    A:30f7 X:0007 Y:0002 S:01e1 D:0000 DB:00 NvMXdizc V:121 H:1126 F:15
c01d2b lda $0200,x   [0002f7] A:30f7 X:00f7 Y:0002 S:01e1 D:0000 DB:00 NvMXdizc V:121 H:1138 F:15
c01d2e rts                    A:3000 X:00f7 Y:0002 S:01e1 D:0000 DB:00 nvMXdiZc V:121 H:1164 F:15
c01cd2 ldx $66       [000066] A:3000 X:00f7 Y:0002 S:01e3 D:0000 DB:00 nvMXdiZc V:121 H:1204 F:15
c01cd4 sta $0200,x   [000207] A:3000 X:0007 Y:0002 S:01e3 D:0000 DB:00 nvMXdizc V:121 H:1224 F:15
c01cd7 inc $66       [000066] A:3000 X:0007 Y:0002 S:01e3 D:0000 DB:00 nvMXdizc V:121 H:1256 F:15
c01cd9 dec $65       [000065] A:3000 X:0007 Y:0002 S:01e3 D:0000 DB:00 nvMXdizc V:121 H:1290 F:15
c01cdb bne $1ce0     [c01ce0] A:3000 X:0007 Y:0002 S:01e3 D:0000 DB:00 nvMXdiZc V:121 H:1324 F:15
c01cdd jsr $1d45     [c01d45] A:3000 X:0007 Y:0002 S:01e3 D:0000 DB:00 nvMXdiZc V:121 H:1336 F:15
c01d45 lda [$60]     [d1b169] A:3000 X:0007 Y:0002 S:01e1 D:0000 DB:00 nvMXdiZc V:122 H:  12 F:15
c01d47 sta $64       [000064] A:3081 X:0007 Y:0002 S:01e1 D:0000 DB:00 NvMXdizc V:122 H:  54 F:15
c01d49 and #$1f               A:3081 X:0007 Y:0002 S:01e1 D:0000 DB:00 NvMXdizc V:122 H:  74 F:15
c01d4b inc                    A:3001 X:0007 Y:0002 S:01e1 D:0000 DB:00 nvMXdizc V:122 H:  86 F:15
c01d4c sta $65       [000065] A:3002 X:0007 Y:0002 S:01e1 D:0000 DB:00 nvMXdizc V:122 H:  98 F:15
c01d4e lda $64       [000064] A:3002 X:0007 Y:0002 S:01e1 D:0000 DB:00 nvMXdizc V:122 H: 118 F:15
c01d50 lsr a                  A:3081 X:0007 Y:0002 S:01e1 D:0000 DB:00 NvMXdizc V:122 H: 138 F:15
c01d51 lsr a                  A:3040 X:0007 Y:0002 S:01e1 D:0000 DB:00 nvMXdizC V:122 H: 150 F:15
c01d52 lsr a                  A:3020 X:0007 Y:0002 S:01e1 D:0000 DB:00 nvMXdizc V:122 H: 162 F:15
c01d53 lsr a                  A:3010 X:0007 Y:0002 S:01e1 D:0000 DB:00 nvMXdizc V:122 H: 174 F:15
c01d54 and #$0e               A:3008 X:0007 Y:0002 S:01e1 D:0000 DB:00 nvMXdizc V:122 H: 186 F:15
c01d56 sta $64       [000064] A:3008 X:0007 Y:0002 S:01e1 D:0000 DB:00 nvMXdizc V:122 H: 198 F:15
c01d58 inc $60       [000060] A:3008 X:0007 Y:0002 S:01e1 D:0000 DB:00 nvMXdizc V:122 H: 218 F:15
c01d5a bne $1d62     [c01d62] A:3008 X:0007 Y:0002 S:01e1 D:0000 DB:00 nvMXdizc V:122 H: 252 F:15
c01d62 rts                    A:3008 X:0007 Y:0002 S:01e1 D:0000 DB:00 nvMXdizc V:122 H: 270 F:15
c01ce0 lda $0200,x   [000207] A:3008 X:0007 Y:0002 S:01e3 D:0000 DB:00 nvMXdizc V:122 H: 310 F:15
c01ce3 plx                    A:3000 X:0007 Y:0002 S:01e3 D:0000 DB:00 nvMXdiZc V:122 H: 336 F:15
c01ce4 rtl                    A:3000 X:0002 Y:0002 S:01e4 D:0000 DB:00 nvMXdizc V:122 H: 362 F:15
c00159 sta $a6       [0000a6] A:3000 X:0002 Y:0002 S:01e7 D:0000 DB:00 nvMXdizc V:122 H: 404 F:15
c0015b jsl $c00497   [c00497] A:3000 X:0002 Y:0002 S:01e7 D:0000 DB:00 nvMXdizc V:122 H: 424 F:15
c00497 phx                    A:3000 X:0002 Y:0002 S:01e4 D:0000 DB:00 nvMXdizc V:122 H: 478 F:15
c00498 rep #$30               A:3000 X:0002 Y:0002 S:01e3 D:0000 DB:00 nvMXdizc V:122 H: 498 F:15
c0049a ldx $035b     [00035b] A:3000 X:0002 Y:0002 S:01e3 D:0000 DB:00 nvmxdizc V:122 H: 516 F:15
c0049d lda $a5       [0000a5] A:3000 X:37b0 Y:0002 S:01e3 D:0000 DB:00 nvmxdizc V:122 H: 590 F:15
c0049f sta $7e8000,x [7eb7b0] A:0030 X:37b0 Y:0002 S:01e3 D:0000 DB:00 nvmxdizc V:122 H: 618 F:15
c004a3 inx                    A:0030 X:37b0 Y:0002 S:01e3 D:0000 DB:00 nvmxdizc V:122 H: 658 F:15
c004a4 inx                    A:0030 X:37b1 Y:0002 S:01e3 D:0000 DB:00 nvmxdizc V:122 H: 670 F:15
c004a5 stx $035b     [00035b] A:0030 X:37b2 Y:0002 S:01e3 D:0000 DB:00 nvmxdizc V:122 H: 682 F:15
c004a8 sep #$30               A:0030 X:37b2 Y:0002 S:01e3 D:0000 DB:00 nvmxdizc V:122 H: 716 F:15
c004aa plx                    A:0030 X:00b2 Y:0002 S:01e3 D:0000 DB:00 nvMXdizc V:122 H: 734 F:15
c004ab rtl                    A:0030 X:0002 Y:0002 S:01e4 D:0000 DB:00 nvMXdizc V:122 H: 760 F:15
c0015f dex                    A:0030 X:0002 Y:0002 S:01e7 D:0000 DB:00 nvMXdizc V:122 H: 802 F:15
c00160 dex                    A:0030 X:0001 Y:0002 S:01e7 D:0000 DB:00 nvMXdizc V:122 H: 814 F:15
c00161 bne $014f     [c0014f] A:0030 X:0000 Y:0002 S:01e7 D:0000 DB:00 nvMXdiZc V:122 H: 826 F:15
c00163 jsl $c004ac   [c004ac] A:0030 X:0000 Y:0002 S:01e7 D:0000 DB:00 nvMXdiZc V:122 H: 838 F:15
c004ac phx                    A:0030 X:0000 Y:0002 S:01e4 D:0000 DB:00 nvMXdiZc V:122 H: 892 F:15
c004ad rep #$30               A:0030 X:0000 Y:0002 S:01e3 D:0000 DB:00 nvMXdiZc V:122 H: 912 F:15
c004af ldx $0357     [000357] A:0030 X:0000 Y:0002 S:01e3 D:0000 DB:00 nvmxdiZc V:122 H: 930 F:15
c004b2 lda $035b     [00035b] A:0030 X:37a4 Y:0002 S:01e3 D:0000 DB:00 nvmxdizc V:122 H: 964 F:15
c004b5 sec                    A:37b2 X:37a4 Y:0002 S:01e3 D:0000 DB:00 nvmxdizc V:122 H: 998 F:15
c004b6 sbc $0357     [000357] A:37b2 X:37a4 Y:0002 S:01e3 D:0000 DB:00 nvmxdizC V:122 H:1010 F:15
c004b9 sbc #$0006             A:000e X:37a4 Y:0002 S:01e3 D:0000 DB:00 nvmxdizC V:122 H:1044 F:15
c004bc sta $7e8002,x [7eb7a6] A:0008 X:37a4 Y:0002 S:01e3 D:0000 DB:00 nvmxdizC V:122 H:1062 F:15
c004c0 lda $035b     [00035b] A:0008 X:37a4 Y:0002 S:01e3 D:0000 DB:00 nvmxdizC V:122 H:1102 F:15
c004c3 and #$3fff             A:37b2 X:37a4 Y:0002 S:01e3 D:0000 DB:00 nvmxdizC V:122 H:1136 F:15
c004c6 sta $0357     [000357] A:37b2 X:37a4 Y:0002 S:01e3 D:0000 DB:00 nvmxdizC V:122 H:1154 F:15
c004c9 sep #$30               A:37b2 X:37a4 Y:0002 S:01e3 D:0000 DB:00 nvmxdizC V:122 H:1188 F:15
c004cb plx                    A:37b2 X:00a4 Y:0002 S:01e3 D:0000 DB:00 nvMXdizC V:122 H:1206 F:15
c004cc rtl                    A:37b2 X:0000 Y:0002 S:01e4 D:0000 DB:00 nvMXdiZC V:122 H:1232 F:15
c00167 inc $1d2a     [001d2a] A:37b2 X:0000 Y:0002 S:01e7 D:0000 DB:00 nvMXdiZC V:122 H:1274 F:15
c0016a dey                    A:37b2 X:0000 Y:0002 S:01e7 D:0000 DB:00 nvMXdizC V:122 H:1314 F:15
c0016b bne $013c     [c0013c] A:37b2 X:0000 Y:0001 S:01e7 D:0000 DB:00 nvMXdizC V:122 H:1326 F:15
c0013c jsl $c008e0   [c008e0] A:37b2 X:0000 Y:0001 S:01e7 D:0000 DB:00 nvMXdizC V:122 H:1344 F:15
c008e0 lda $1d28     [001d28] A:37b2 X:0000 Y:0001 S:01e4 D:0000 DB:00 nvMXdizC V:123 H:  34 F:15
c008e3 sta $b1       [0000b1] A:3716 X:0000 Y:0001 S:01e4 D:0000 DB:00 nvMXdizC V:123 H:  60 F:15
c008e5 lda $1d2a     [001d2a] A:3716 X:0000 Y:0001 S:01e4 D:0000 DB:00 nvMXdizC V:123 H:  80 F:15
c008e8 sta $b3       [0000b3] A:370d X:0000 Y:0001 S:01e4 D:0000 DB:00 nvMXdizC V:123 H: 106 F:15
c008ea jsr $0906     [c00906] A:370d X:0000 Y:0001 S:01e4 D:0000 DB:00 nvMXdizC V:123 H: 126 F:15
c00906 phy                    A:370d X:0000 Y:0001 S:01e2 D:0000 DB:00 nvMXdizC V:123 H: 166 F:15
c00907 lda $0372     [000372] A:370d X:0000 Y:0001 S:01e1 D:0000 DB:00 nvMXdizC V:123 H: 186 F:15
c0090a beq $0915     [c00915] A:3700 X:0000 Y:0001 S:01e1 D:0000 DB:00 nvMXdiZC V:123 H: 212 F:15
c00915 sta $b5       [0000b5] A:3700 X:0000 Y:0001 S:01e1 D:0000 DB:00 nvMXdiZC V:123 H: 230 F:15
c00917 stz $b2       [0000b2] A:3700 X:0000 Y:0001 S:01e1 D:0000 DB:00 nvMXdiZC V:123 H: 250 F:15
c00919 stz $b4       [0000b4] A:3700 X:0000 Y:0001 S:01e1 D:0000 DB:00 nvMXdiZC V:123 H: 270 F:15
c0091b lda $b1       [0000b1] A:3700 X:0000 Y:0001 S:01e1 D:0000 DB:00 nvMXdiZC V:123 H: 290 F:15
c0091d clc                    A:3716 X:0000 Y:0001 S:01e1 D:0000 DB:00 nvMXdizC V:123 H: 310 F:15
c0091e adc $036c     [00036c] A:3716 X:0000 Y:0001 S:01e1 D:0000 DB:00 nvMXdizc V:123 H: 322 F:15
c00921 and #$7f               A:3716 X:0000 Y:0001 S:01e1 D:0000 DB:00 nvMXdizc V:123 H: 348 F:15
c00923 ldy $b5       [0000b5] A:3716 X:0000 Y:0001 S:01e1 D:0000 DB:00 nvMXdizc V:123 H: 360 F:15
c00925 bne $0929     [c00929] A:3716 X:0000 Y:0000 S:01e1 D:0000 DB:00 nvMXdiZc V:123 H: 380 F:15
c00927 and #$3f               A:3716 X:0000 Y:0000 S:01e1 D:0000 DB:00 nvMXdiZc V:123 H: 392 F:15
c00929 sta $b1       [0000b1] A:3716 X:0000 Y:0000 S:01e1 D:0000 DB:00 nvMXdizc V:123 H: 404 F:15
c0092b lda $b3       [0000b3] A:3716 X:0000 Y:0000 S:01e1 D:0000 DB:00 nvMXdizc V:123 H: 424 F:15
c0092d clc                    A:370d X:0000 Y:0000 S:01e1 D:0000 DB:00 nvMXdizc V:123 H: 444 F:15
c0092e adc $036d     [00036d] A:370d X:0000 Y:0000 S:01e1 D:0000 DB:00 nvMXdizc V:123 H: 456 F:15
c00931 and #$7f               A:370d X:0000 Y:0000 S:01e1 D:0000 DB:00 nvMXdizc V:123 H: 482 F:15
c00933 ldy $b5       [0000b5] A:370d X:0000 Y:0000 S:01e1 D:0000 DB:00 nvMXdizc V:123 H: 494 F:15
c00935 bne $0939     [c00939] A:370d X:0000 Y:0000 S:01e1 D:0000 DB:00 nvMXdiZc V:123 H: 514 F:15
c00937 and #$1f               A:370d X:0000 Y:0000 S:01e1 D:0000 DB:00 nvMXdiZc V:123 H: 526 F:15
c00939 sta $b3       [0000b3] A:370d X:0000 Y:0000 S:01e1 D:0000 DB:00 nvMXdizc V:123 H: 578 F:15
c0093b rep #$20               A:370d X:0000 Y:0000 S:01e1 D:0000 DB:00 nvMXdizc V:123 H: 598 F:15
c0093d ldy $b5       [0000b5] A:370d X:0000 Y:0000 S:01e1 D:0000 DB:00 nvmXdizc V:123 H: 616 F:15
c0093f bne $0956     [c00956] A:370d X:0000 Y:0000 S:01e1 D:0000 DB:00 nvmXdiZc V:123 H: 636 F:15
c00941 lda $b1       [0000b1] A:370d X:0000 Y:0000 S:01e1 D:0000 DB:00 nvmXdiZc V:123 H: 648 F:15
c00943 and #$0020             A:0016 X:0000 Y:0000 S:01e1 D:0000 DB:00 nvmXdizc V:123 H: 676 F:15
c00946 asl a                  A:0000 X:0000 Y:0000 S:01e1 D:0000 DB:00 nvmXdiZc V:123 H: 694 F:15
c00947 asl a                  A:0000 X:0000 Y:0000 S:01e1 D:0000 DB:00 nvmXdiZc V:123 H: 706 F:15
c00948 asl a                  A:0000 X:0000 Y:0000 S:01e1 D:0000 DB:00 nvmXdiZc V:123 H: 718 F:15
c00949 asl a                  A:0000 X:0000 Y:0000 S:01e1 D:0000 DB:00 nvmXdiZc V:123 H: 730 F:15
c0094a asl a                  A:0000 X:0000 Y:0000 S:01e1 D:0000 DB:00 nvmXdiZc V:123 H: 742 F:15
c0094b sta $9f       [00009f] A:0000 X:0000 Y:0000 S:01e1 D:0000 DB:00 nvmXdiZc V:123 H: 754 F:15
c0094d lda $b1       [0000b1] A:0000 X:0000 Y:0000 S:01e1 D:0000 DB:00 nvmXdiZc V:123 H: 782 F:15
c0094f and #$001f             A:0016 X:0000 Y:0000 S:01e1 D:0000 DB:00 nvmXdizc V:123 H: 810 F:15
c00952 ora $9f       [00009f] A:0016 X:0000 Y:0000 S:01e1 D:0000 DB:00 nvmXdizc V:123 H: 828 F:15
c00954 sta $b1       [0000b1] A:0016 X:0000 Y:0000 S:01e1 D:0000 DB:00 nvmXdizc V:123 H: 856 F:15
c00956 lda $b3       [0000b3] A:0016 X:0000 Y:0000 S:01e1 D:0000 DB:00 nvmXdizc V:123 H: 884 F:15
c00958 asl a                  A:000d X:0000 Y:0000 S:01e1 D:0000 DB:00 nvmXdizc V:123 H: 912 F:15
c00959 asl a                  A:001a X:0000 Y:0000 S:01e1 D:0000 DB:00 nvmXdizc V:123 H: 924 F:15
c0095a asl a                  A:0034 X:0000 Y:0000 S:01e1 D:0000 DB:00 nvmXdizc V:123 H: 936 F:15
c0095b asl a                  A:0068 X:0000 Y:0000 S:01e1 D:0000 DB:00 nvmXdizc V:123 H: 948 F:15
c0095c asl a                  A:00d0 X:0000 Y:0000 S:01e1 D:0000 DB:00 nvmXdizc V:123 H: 960 F:15
c0095d ldy $b5       [0000b5] A:01a0 X:0000 Y:0000 S:01e1 D:0000 DB:00 nvmXdizc V:123 H: 972 F:15
c0095f beq $0963     [c00963] A:01a0 X:0000 Y:0000 S:01e1 D:0000 DB:00 nvmXdiZc V:123 H: 992 F:15
c00963 ora $b1       [0000b1] A:01a0 X:0000 Y:0000 S:01e1 D:0000 DB:00 nvmXdiZc V:123 H:1010 F:15
c00965 ldy $0372     [000372] A:01b6 X:0000 Y:0000 S:01e1 D:0000 DB:00 nvmXdizc V:123 H:1038 F:15
c00968 bne $096e     [c0096e] A:01b6 X:0000 Y:0000 S:01e1 D:0000 DB:00 nvmXdiZc V:123 H:1064 F:15
c0096a clc                    A:01b6 X:0000 Y:0000 S:01e1 D:0000 DB:00 nvmXdiZc V:123 H:1076 F:15
c0096b adc $036f     [00036f] A:01b6 X:0000 Y:0000 S:01e1 D:0000 DB:00 nvmXdiZc V:123 H:1088 F:15
c0096e sep #$20               A:31b6 X:0000 Y:0000 S:01e1 D:0000 DB:00 nvmXdizc V:123 H:1122 F:15
c00970 ply                    A:31b6 X:0000 Y:0000 S:01e1 D:0000 DB:00 nvMXdizc V:123 H:1140 F:15
c00971 rts                    A:31b6 X:0000 Y:0001 S:01e2 D:0000 DB:00 nvMXdizc V:123 H:1166 F:15
c008ed sta $08       [000008] A:31b6 X:0000 Y:0001 S:01e4 D:0000 DB:00 nvMXdizc V:123 H:1206 F:15
c008ef xba                    A:31b6 X:0000 Y:0001 S:01e4 D:0000 DB:00 nvMXdizc V:123 H:1226 F:15
c008f0 sta $09       [000009] A:b631 X:0000 Y:0001 S:01e4 D:0000 DB:00 nvMXdizc V:123 H:1244 F:15
c008f2 rtl                    A:b631 X:0000 Y:0001 S:01e4 D:0000 DB:00 nvMXdizc V:123 H:1264 F:15
c00140 rep #$20               A:b631 X:0000 Y:0001 S:01e7 D:0000 DB:00 nvMXdizc V:123 H:1306 F:15
c00142 lda $08       [000008] A:b631 X:0000 Y:0001 S:01e7 D:0000 DB:00 nvmXdizc V:123 H:1324 F:15
c00144 sta $ae       [0000ae] A:31b6 X:0000 Y:0001 S:01e7 D:0000 DB:00 nvmXdizc V:123 H:1352 F:15
c00146 sep #$20               A:31b6 X:0000 Y:0001 S:01e7 D:0000 DB:00 nvmXdizc V:124 H:  16 F:15
c00148 jsl $c00478   [c00478] A:31b6 X:0000 Y:0001 S:01e7 D:0000 DB:00 nvMXdizc V:124 H:  34 F:15
c00478 phx                    A:31b6 X:0000 Y:0001 S:01e4 D:0000 DB:00 nvMXdizc V:124 H:  88 F:15
c00479 rep #$30               A:31b6 X:0000 Y:0001 S:01e3 D:0000 DB:00 nvMXdizc V:124 H: 108 F:15
c0047b ldx $0357     [000357] A:31b6 X:0000 Y:0001 S:01e3 D:0000 DB:00 nvmxdizc V:124 H: 126 F:15
c0047e lda $ae       [0000ae] A:31b6 X:37b2 Y:0001 S:01e3 D:0000 DB:00 nvmxdizc V:124 H: 160 F:15
c00480 sta $7e8004,x [7eb7b6] A:31b6 X:37b2 Y:0001 S:01e3 D:0000 DB:00 nvmxdizc V:124 H: 188 F:15
c00484 lda $0352     [000352] A:31b6 X:37b2 Y:0001 S:01e3 D:0000 DB:00 nvmxdizc V:124 H: 228 F:15
c00487 sta $7e8000,x [7eb7b2] A:0080 X:37b2 Y:0001 S:01e3 D:0000 DB:00 nvmxdizc V:124 H: 262 F:15
c0048b txa                    A:0080 X:37b2 Y:0001 S:01e3 D:0000 DB:00 nvmxdizc V:124 H: 302 F:15
c0048c clc                    A:37b2 X:37b2 Y:0001 S:01e3 D:0000 DB:00 nvmxdizc V:124 H: 314 F:15
c0048d adc #$0006             A:37b2 X:37b2 Y:0001 S:01e3 D:0000 DB:00 nvmxdizc V:124 H: 326 F:15
c00490 sta $035b     [00035b] A:37b8 X:37b2 Y:0001 S:01e3 D:0000 DB:00 nvmxdizc V:124 H: 344 F:15
c00493 sep #$30               A:37b8 X:37b2 Y:0001 S:01e3 D:0000 DB:00 nvmxdizc V:124 H: 378 F:15
c00495 plx                    A:37b8 X:00b2 Y:0001 S:01e3 D:0000 DB:00 nvMXdizc V:124 H: 396 F:15
c00496 rtl                    A:37b8 X:0000 Y:0001 S:01e4 D:0000 DB:00 nvMXdiZc V:124 H: 422 F:15
c0014c ldx $1d34     [001d34] A:37b8 X:0000 Y:0001 S:01e7 D:0000 DB:00 nvMXdiZc V:124 H: 464 F:15
c0014f jsl $c01ccc   [c01ccc] A:37b8 X:0008 Y:0001 S:01e7 D:0000 DB:00 nvMXdizc V:124 H: 490 F:15
c01ccc phx                    A:37b8 X:0008 Y:0001 S:01e4 D:0000 DB:00 nvMXdizc V:124 H: 584 F:15
c01ccd ldx $64       [000064] A:37b8 X:0008 Y:0001 S:01e3 D:0000 DB:00 nvMXdizc V:124 H: 604 F:15
c01ccf jsr ($1ce5,x) [c01ced] A:37b8 X:0008 Y:0001 S:01e3 D:0000 DB:00 nvMXdizc V:124 H: 624 F:15
c01d19 ldx $66       [000066] A:37b8 X:0008 Y:0001 S:01e1 D:0000 DB:00 nvMXdizc V:124 H: 676 F:15
c01d1b txa                    A:37b8 X:0008 Y:0001 S:01e1 D:0000 DB:00 nvMXdizc V:124 H: 696 F:15
c01d1c sec                    A:3708 X:0008 Y:0001 S:01e1 D:0000 DB:00 nvMXdizc V:124 H: 708 F:15
c01d1d sbc #$04               A:3708 X:0008 Y:0001 S:01e1 D:0000 DB:00 nvMXdizC V:124 H: 720 F:15
c01d1f tax                    A:3704 X:0008 Y:0001 S:01e1 D:0000 DB:00 nvMXdizC V:124 H: 732 F:15
c01d20 lda $0200,x   [000204] A:3704 X:0004 Y:0001 S:01e1 D:0000 DB:00 nvMXdizC V:124 H: 744 F:15
c01d23 rts                    A:3730 X:0004 Y:0001 S:01e1 D:0000 DB:00 nvMXdizC V:124 H: 770 F:15
c01cd2 ldx $66       [000066] A:3730 X:0004 Y:0001 S:01e3 D:0000 DB:00 nvMXdizC V:124 H: 810 F:15
c01cd4 sta $0200,x   [000208] A:3730 X:0008 Y:0001 S:01e3 D:0000 DB:00 nvMXdizC V:124 H: 830 F:15
c01cd7 inc $66       [000066] A:3730 X:0008 Y:0001 S:01e3 D:0000 DB:00 nvMXdizC V:124 H: 862 F:15
c01cd9 dec $65       [000065] A:3730 X:0008 Y:0001 S:01e3 D:0000 DB:00 nvMXdizC V:124 H: 896 F:15
c01cdb bne $1ce0     [c01ce0] A:3730 X:0008 Y:0001 S:01e3 D:0000 DB:00 nvMXdizC V:124 H: 930 F:15
c01ce0 lda $0200,x   [000208] A:3730 X:0008 Y:0001 S:01e3 D:0000 DB:00 nvMXdizC V:124 H: 948 F:15
c01ce3 plx                    A:3730 X:0008 Y:0001 S:01e3 D:0000 DB:00 nvMXdizC V:124 H: 974 F:15
c01ce4 rtl                    A:3730 X:0008 Y:0001 S:01e4 D:0000 DB:00 nvMXdizC V:124 H:1000 F:15
c00153 sta $a5       [0000a5] A:3730 X:0008 Y:0001 S:01e7 D:0000 DB:00 nvMXdizC V:124 H:1042 F:15
c00155 jsl $c01ccc   [c01ccc] A:3730 X:0008 Y:0001 S:01e7 D:0000 DB:00 nvMXdizC V:124 H:1062 F:15
c01ccc phx                    A:3730 X:0008 Y:0001 S:01e4 D:0000 DB:00 nvMXdizC V:124 H:1116 F:15
c01ccd ldx $64       [000064] A:3730 X:0008 Y:0001 S:01e3 D:0000 DB:00 nvMXdizC V:124 H:1136 F:15
c01ccf jsr ($1ce5,x) [c01ced] A:3730 X:0008 Y:0001 S:01e3 D:0000 DB:00 nvMXdizC V:124 H:1156 F:15
c01d19 ldx $66       [000066] A:3730 X:0008 Y:0001 S:01e1 D:0000 DB:00 nvMXdizC V:124 H:1208 F:15
c01d1b txa                    A:3730 X:0009 Y:0001 S:01e1 D:0000 DB:00 nvMXdizC V:124 H:1228 F:15
c01d1c sec                    A:3709 X:0009 Y:0001 S:01e1 D:0000 DB:00 nvMXdizC V:124 H:1240 F:15
c01d1d sbc #$04               A:3709 X:0009 Y:0001 S:01e1 D:0000 DB:00 nvMXdizC V:124 H:1252 F:15
c01d1f tax                    A:3705 X:0009 Y:0001 S:01e1 D:0000 DB:00 nvMXdizC V:124 H:1264 F:15
c01d20 lda $0200,x   [000205] A:3705 X:0005 Y:0001 S:01e1 D:0000 DB:00 nvMXdizC V:124 H:1276 F:15
c01d23 rts                    A:3730 X:0005 Y:0001 S:01e1 D:0000 DB:00 nvMXdizC V:124 H:1302 F:15
c01cd2 ldx $66       [000066] A:3730 X:0005 Y:0001 S:01e3 D:0000 DB:00 nvMXdizC V:124 H:1342 F:15
c01cd4 sta $0200,x   [000209] A:3730 X:0009 Y:0001 S:01e3 D:0000 DB:00 nvMXdizC V:124 H:1362 F:15
c01cd7 inc $66       [000066] A:3730 X:0009 Y:0001 S:01e3 D:0000 DB:00 nvMXdizC V:125 H:  30 F:15
c01cd9 dec $65       [000065] A:3730 X:0009 Y:0001 S:01e3 D:0000 DB:00 nvMXdizC V:125 H:  64 F:15
c01cdb bne $1ce0     [c01ce0] A:3730 X:0009 Y:0001 S:01e3 D:0000 DB:00 nvMXdiZC V:125 H:  98 F:15
c01cdd jsr $1d45     [c01d45] A:3730 X:0009 Y:0001 S:01e3 D:0000 DB:00 nvMXdiZC V:125 H: 110 F:15
c01d45 lda [$60]     [d1b16a] A:3730 X:0009 Y:0001 S:01e1 D:0000 DB:00 nvMXdiZC V:125 H: 150 F:15
c01d47 sta $64       [000064] A:3701 X:0009 Y:0001 S:01e1 D:0000 DB:00 nvMXdizC V:125 H: 192 F:15
c01d49 and #$1f               A:3701 X:0009 Y:0001 S:01e1 D:0000 DB:00 nvMXdizC V:125 H: 212 F:15
c01d4b inc                    A:3701 X:0009 Y:0001 S:01e1 D:0000 DB:00 nvMXdizC V:125 H: 224 F:15
c01d4c sta $65       [000065] A:3702 X:0009 Y:0001 S:01e1 D:0000 DB:00 nvMXdizC V:125 H: 236 F:15
c01d4e lda $64       [000064] A:3702 X:0009 Y:0001 S:01e1 D:0000 DB:00 nvMXdizC V:125 H: 256 F:15
c01d50 lsr a                  A:3701 X:0009 Y:0001 S:01e1 D:0000 DB:00 nvMXdizC V:125 H: 276 F:15
c01d51 lsr a                  A:3700 X:0009 Y:0001 S:01e1 D:0000 DB:00 nvMXdiZC V:125 H: 288 F:15
c01d52 lsr a                  A:3700 X:0009 Y:0001 S:01e1 D:0000 DB:00 nvMXdiZc V:125 H: 300 F:15
c01d53 lsr a                  A:3700 X:0009 Y:0001 S:01e1 D:0000 DB:00 nvMXdiZc V:125 H: 312 F:15
c01d54 and #$0e               A:3700 X:0009 Y:0001 S:01e1 D:0000 DB:00 nvMXdiZc V:125 H: 324 F:15
c01d56 sta $64       [000064] A:3700 X:0009 Y:0001 S:01e1 D:0000 DB:00 nvMXdiZc V:125 H: 336 F:15
c01d58 inc $60       [000060] A:3700 X:0009 Y:0001 S:01e1 D:0000 DB:00 nvMXdiZc V:125 H: 356 F:15
c01d5a bne $1d62     [c01d62] A:3700 X:0009 Y:0001 S:01e1 D:0000 DB:00 nvMXdizc V:125 H: 390 F:15
c01d62 rts                    A:3700 X:0009 Y:0001 S:01e1 D:0000 DB:00 nvMXdizc V:125 H: 408 F:15
c01ce0 lda $0200,x   [000209] A:3700 X:0009 Y:0001 S:01e3 D:0000 DB:00 nvMXdizc V:125 H: 448 F:15
c01ce3 plx                    A:3730 X:0009 Y:0001 S:01e3 D:0000 DB:00 nvMXdizc V:125 H: 474 F:15
c01ce4 rtl                    A:3730 X:0008 Y:0001 S:01e4 D:0000 DB:00 nvMXdizc V:125 H: 500 F:15
c00159 sta $a6       [0000a6] A:3730 X:0008 Y:0001 S:01e7 D:0000 DB:00 nvMXdizc V:125 H: 582 F:15
c0015b jsl $c00497   [c00497] A:3730 X:0008 Y:0001 S:01e7 D:0000 DB:00 nvMXdizc V:125 H: 602 F:15
c00497 phx                    A:3730 X:0008 Y:0001 S:01e4 D:0000 DB:00 nvMXdizc V:125 H: 656 F:15
c00498 rep #$30               A:3730 X:0008 Y:0001 S:01e3 D:0000 DB:00 nvMXdizc V:125 H: 676 F:15
c0049a ldx $035b     [00035b] A:3730 X:0008 Y:0001 S:01e3 D:0000 DB:00 nvmxdizc V:125 H: 694 F:15
c0049d lda $a5       [0000a5] A:3730 X:37b8 Y:0001 S:01e3 D:0000 DB:00 nvmxdizc V:125 H: 728 F:15
c0049f sta $7e8000,x [7eb7b8] A:3030 X:37b8 Y:0001 S:01e3 D:0000 DB:00 nvmxdizc V:125 H: 756 F:15
c004a3 inx                    A:3030 X:37b8 Y:0001 S:01e3 D:0000 DB:00 nvmxdizc V:125 H: 796 F:15
c004a4 inx                    A:3030 X:37b9 Y:0001 S:01e3 D:0000 DB:00 nvmxdizc V:125 H: 808 F:15
c004a5 stx $035b     [00035b] A:3030 X:37ba Y:0001 S:01e3 D:0000 DB:00 nvmxdizc V:125 H: 820 F:15
c004a8 sep #$30               A:3030 X:37ba Y:0001 S:01e3 D:0000 DB:00 nvmxdizc V:125 H: 854 F:15
c004aa plx                    A:3030 X:00ba Y:0001 S:01e3 D:0000 DB:00 nvMXdizc V:125 H: 872 F:15
c004ab rtl                    A:3030 X:0008 Y:0001 S:01e4 D:0000 DB:00 nvMXdizc V:125 H: 898 F:15
c0015f dex                    A:3030 X:0008 Y:0001 S:01e7 D:0000 DB:00 nvMXdizc V:125 H: 940 F:15
c00160 dex                    A:3030 X:0007 Y:0001 S:01e7 D:0000 DB:00 nvMXdizc V:125 H: 952 F:15
c00161 bne $014f     [c0014f] A:3030 X:0006 Y:0001 S:01e7 D:0000 DB:00 nvMXdizc V:125 H: 964 F:15
c0014f jsl $c01ccc   [c01ccc] A:3030 X:0006 Y:0001 S:01e7 D:0000 DB:00 nvMXdizc V:125 H: 982 F:15
c01ccc phx                    A:3030 X:0006 Y:0001 S:01e4 D:0000 DB:00 nvMXdizc V:125 H:1036 F:15
c01ccd ldx $64       [000064] A:3030 X:0006 Y:0001 S:01e3 D:0000 DB:00 nvMXdizc V:125 H:1056 F:15
c01ccf jsr ($1ce5,x) [c01ce5] A:3030 X:0000 Y:0001 S:01e3 D:0000 DB:00 nvMXdiZc V:125 H:1076 F:15
c01cf5 lda [$60]     [d1b16b] A:3030 X:0000 Y:0001 S:01e1 D:0000 DB:00 nvMXdiZc V:125 H:1128 F:15
c01cf7 inc $60       [000060] A:3032 X:0000 Y:0001 S:01e1 D:0000 DB:00 nvMXdizc V:125 H:1170 F:15
c01cf9 bne $1d01     [c01d01] A:3032 X:0000 Y:0001 S:01e1 D:0000 DB:00 nvMXdizc V:125 H:1204 F:15
c01d01 rts                    A:3032 X:0000 Y:0001 S:01e1 D:0000 DB:00 nvMXdizc V:125 H:1222 F:15
c01cd2 ldx $66       [000066] A:3032 X:0000 Y:0001 S:01e3 D:0000 DB:00 nvMXdizc V:125 H:1262 F:15
c01cd4 sta $0200,x   [00020a] A:3032 X:000a Y:0001 S:01e3 D:0000 DB:00 nvMXdizc V:125 H:1282 F:15
c01cd7 inc $66       [000066] A:3032 X:000a Y:0001 S:01e3 D:0000 DB:00 nvMXdizc V:125 H:1314 F:15
c01cd9 dec $65       [000065] A:3032 X:000a Y:0001 S:01e3 D:0000 DB:00 nvMXdizc V:125 H:1348 F:15
c01cdb bne $1ce0     [c01ce0] A:3032 X:000a Y:0001 S:01e3 D:0000 DB:00 nvMXdizc V:126 H:  18 F:15
c01ce0 lda $0200,x   [00020a] A:3032 X:000a Y:0001 S:01e3 D:0000 DB:00 nvMXdizc V:126 H:  36 F:15
c01ce3 plx                    A:3032 X:000a Y:0001 S:01e3 D:0000 DB:00 nvMXdizc V:126 H:  62 F:15
c01ce4 rtl                    A:3032 X:0006 Y:0001 S:01e4 D:0000 DB:00 nvMXdizc V:126 H:  88 F:15
c00153 sta $a5       [0000a5] A:3032 X:0006 Y:0001 S:01e7 D:0000 DB:00 nvMXdizc V:126 H: 130 F:15
c00155 jsl $c01ccc   [c01ccc] A:3032 X:0006 Y:0001 S:01e7 D:0000 DB:00 nvMXdizc V:126 H: 150 F:15
c01ccc phx                    A:3032 X:0006 Y:0001 S:01e4 D:0000 DB:00 nvMXdizc V:126 H: 204 F:15
c01ccd ldx $64       [000064] A:3032 X:0006 Y:0001 S:01e3 D:0000 DB:00 nvMXdizc V:126 H: 224 F:15
c01ccf jsr ($1ce5,x) [c01ce5] A:3032 X:0000 Y:0001 S:01e3 D:0000 DB:00 nvMXdiZc V:126 H: 244 F:15
c01cf5 lda [$60]     [d1b16c] A:3032 X:0000 Y:0001 S:01e1 D:0000 DB:00 nvMXdiZc V:126 H: 296 F:15
c01cf7 inc $60       [000060] A:3030 X:0000 Y:0001 S:01e1 D:0000 DB:00 nvMXdizc V:126 H: 338 F:15
c01cf9 bne $1d01     [c01d01] A:3030 X:0000 Y:0001 S:01e1 D:0000 DB:00 nvMXdizc V:126 H: 372 F:15
c01d01 rts                    A:3030 X:0000 Y:0001 S:01e1 D:0000 DB:00 nvMXdizc V:126 H: 390 F:15
c01cd2 ldx $66       [000066] A:3030 X:0000 Y:0001 S:01e3 D:0000 DB:00 nvMXdizc V:126 H: 430 F:15
c01cd4 sta $0200,x   [00020b] A:3030 X:000b Y:0001 S:01e3 D:0000 DB:00 nvMXdizc V:126 H: 450 F:15
c01cd7 inc $66       [000066] A:3030 X:000b Y:0001 S:01e3 D:0000 DB:00 nvMXdizc V:126 H: 482 F:15
c01cd9 dec $65       [000065] A:3030 X:000b Y:0001 S:01e3 D:0000 DB:00 nvMXdizc V:126 H: 516 F:15
c01cdb bne $1ce0     [c01ce0] A:3030 X:000b Y:0001 S:01e3 D:0000 DB:00 nvMXdiZc V:126 H: 590 F:15
c01cdd jsr $1d45     [c01d45] A:3030 X:000b Y:0001 S:01e3 D:0000 DB:00 nvMXdiZc V:126 H: 602 F:15
c01d45 lda [$60]     [d1b16d] A:3030 X:000b Y:0001 S:01e1 D:0000 DB:00 nvMXdiZc V:126 H: 642 F:15
c01d47 sta $64       [000064] A:3042 X:000b Y:0001 S:01e1 D:0000 DB:00 nvMXdizc V:126 H: 684 F:15
c01d49 and #$1f               A:3042 X:000b Y:0001 S:01e1 D:0000 DB:00 nvMXdizc V:126 H: 704 F:15
c01d4b inc                    A:3002 X:000b Y:0001 S:01e1 D:0000 DB:00 nvMXdizc V:126 H: 716 F:15
c01d4c sta $65       [000065] A:3003 X:000b Y:0001 S:01e1 D:0000 DB:00 nvMXdizc V:126 H: 728 F:15
c01d4e lda $64       [000064] A:3003 X:000b Y:0001 S:01e1 D:0000 DB:00 nvMXdizc V:126 H: 748 F:15
c01d50 lsr a                  A:3042 X:000b Y:0001 S:01e1 D:0000 DB:00 nvMXdizc V:126 H: 768 F:15
c01d51 lsr a                  A:3021 X:000b Y:0001 S:01e1 D:0000 DB:00 nvMXdizc V:126 H: 780 F:15
c01d52 lsr a                  A:3010 X:000b Y:0001 S:01e1 D:0000 DB:00 nvMXdizC V:126 H: 792 F:15
c01d53 lsr a                  A:3008 X:000b Y:0001 S:01e1 D:0000 DB:00 nvMXdizc V:126 H: 804 F:15
c01d54 and #$0e               A:3004 X:000b Y:0001 S:01e1 D:0000 DB:00 nvMXdizc V:126 H: 816 F:15
c01d56 sta $64       [000064] A:3004 X:000b Y:0001 S:01e1 D:0000 DB:00 nvMXdizc V:126 H: 828 F:15
c01d58 inc $60       [000060] A:3004 X:000b Y:0001 S:01e1 D:0000 DB:00 nvMXdizc V:126 H: 848 F:15
c01d5a bne $1d62     [c01d62] A:3004 X:000b Y:0001 S:01e1 D:0000 DB:00 nvMXdizc V:126 H: 882 F:15
c01d62 rts                    A:3004 X:000b Y:0001 S:01e1 D:0000 DB:00 nvMXdizc V:126 H: 900 F:15
c01ce0 lda $0200,x   [00020b] A:3004 X:000b Y:0001 S:01e3 D:0000 DB:00 nvMXdizc V:126 H: 940 F:15
c01ce3 plx                    A:3030 X:000b Y:0001 S:01e3 D:0000 DB:00 nvMXdizc V:126 H: 966 F:15
c01ce4 rtl                    A:3030 X:0006 Y:0001 S:01e4 D:0000 DB:00 nvMXdizc V:126 H: 992 F:15
c00159 sta $a6       [0000a6] A:3030 X:0006 Y:0001 S:01e7 D:0000 DB:00 nvMXdizc V:126 H:1034 F:15
c0015b jsl $c00497   [c00497] A:3030 X:0006 Y:0001 S:01e7 D:0000 DB:00 nvMXdizc V:126 H:1054 F:15
c00497 phx                    A:3030 X:0006 Y:0001 S:01e4 D:0000 DB:00 nvMXdizc V:126 H:1108 F:15
c00498 rep #$30               A:3030 X:0006 Y:0001 S:01e3 D:0000 DB:00 nvMXdizc V:126 H:1128 F:15
c0049a ldx $035b     [00035b] A:3030 X:0006 Y:0001 S:01e3 D:0000 DB:00 nvmxdizc V:126 H:1146 F:15
c0049d lda $a5       [0000a5] A:3030 X:37ba Y:0001 S:01e3 D:0000 DB:00 nvmxdizc V:126 H:1180 F:15
c0049f sta $7e8000,x [7eb7ba] A:3032 X:37ba Y:0001 S:01e3 D:0000 DB:00 nvmxdizc V:126 H:1208 F:15
c004a3 inx                    A:3032 X:37ba Y:0001 S:01e3 D:0000 DB:00 nvmxdizc V:126 H:1248 F:15
c004a4 inx                    A:3032 X:37bb Y:0001 S:01e3 D:0000 DB:00 nvmxdizc V:126 H:1260 F:15
c004a5 stx $035b     [00035b] A:3032 X:37bc Y:0001 S:01e3 D:0000 DB:00 nvmxdizc V:126 H:1272 F:15
c004a8 sep #$30               A:3032 X:37bc Y:0001 S:01e3 D:0000 DB:00 nvmxdizc V:126 H:1306 F:15
c004aa plx                    A:3032 X:00bc Y:0001 S:01e3 D:0000 DB:00 nvMXdizc V:126 H:1324 F:15
c004ab rtl                    A:3032 X:0006 Y:0001 S:01e4 D:0000 DB:00 nvMXdizc V:126 H:1350 F:15
c0015f dex                    A:3032 X:0006 Y:0001 S:01e7 D:0000 DB:00 nvMXdizc V:127 H:  28 F:15
c00160 dex                    A:3032 X:0005 Y:0001 S:01e7 D:0000 DB:00 nvMXdizc V:127 H:  40 F:15
c00161 bne $014f     [c0014f] A:3032 X:0004 Y:0001 S:01e7 D:0000 DB:00 nvMXdizc V:127 H:  52 F:15
c0014f jsl $c01ccc   [c01ccc] A:3032 X:0004 Y:0001 S:01e7 D:0000 DB:00 nvMXdizc V:127 H:  70 F:15
c01ccc phx                    A:3032 X:0004 Y:0001 S:01e4 D:0000 DB:00 nvMXdizc V:127 H: 124 F:15
c01ccd ldx $64       [000064] A:3032 X:0004 Y:0001 S:01e3 D:0000 DB:00 nvMXdizc V:127 H: 144 F:15
c01ccf jsr ($1ce5,x) [c01ce9] A:3032 X:0004 Y:0001 S:01e3 D:0000 DB:00 nvMXdizc V:127 H: 164 F:15
c01d0a ldx $66       [000066] A:3032 X:0004 Y:0001 S:01e1 D:0000 DB:00 nvMXdizc V:127 H: 216 F:15
c01d0c dex                    A:3032 X:000c Y:0001 S:01e1 D:0000 DB:00 nvMXdizc V:127 H: 236 F:15
c01d0d lda $0200,x   [00020b] A:3032 X:000b Y:0001 S:01e1 D:0000 DB:00 nvMXdizc V:127 H: 248 F:15
c01d10 rts                    A:3030 X:000b Y:0001 S:01e1 D:0000 DB:00 nvMXdizc V:127 H: 274 F:15
c01cd2 ldx $66       [000066] A:3030 X:000b Y:0001 S:01e3 D:0000 DB:00 nvMXdizc V:127 H: 314 F:15
c01cd4 sta $0200,x   [00020c] A:3030 X:000c Y:0001 S:01e3 D:0000 DB:00 nvMXdizc V:127 H: 334 F:15
c01cd7 inc $66       [000066] A:3030 X:000c Y:0001 S:01e3 D:0000 DB:00 nvMXdizc V:127 H: 366 F:15
c01cd9 dec $65       [000065] A:3030 X:000c Y:0001 S:01e3 D:0000 DB:00 nvMXdizc V:127 H: 400 F:15
c01cdb bne $1ce0     [c01ce0] A:3030 X:000c Y:0001 S:01e3 D:0000 DB:00 nvMXdizc V:127 H: 434 F:15
c01ce0 lda $0200,x   [00020c] A:3030 X:000c Y:0001 S:01e3 D:0000 DB:00 nvMXdizc V:127 H: 452 F:15
c01ce3 plx                    A:3030 X:000c Y:0001 S:01e3 D:0000 DB:00 nvMXdizc V:127 H: 478 F:15
c01ce4 rtl                    A:3030 X:0004 Y:0001 S:01e4 D:0000 DB:00 nvMXdizc V:127 H: 504 F:15
c00153 sta $a5       [0000a5] A:3030 X:0004 Y:0001 S:01e7 D:0000 DB:00 nvMXdizc V:127 H: 586 F:15
c00155 jsl $c01ccc   [c01ccc] A:3030 X:0004 Y:0001 S:01e7 D:0000 DB:00 nvMXdizc V:127 H: 606 F:15
c01ccc phx                    A:3030 X:0004 Y:0001 S:01e4 D:0000 DB:00 nvMXdizc V:127 H: 660 F:15
c01ccd ldx $64       [000064] A:3030 X:0004 Y:0001 S:01e3 D:0000 DB:00 nvMXdizc V:127 H: 680 F:15
c01ccf jsr ($1ce5,x) [c01ce9] A:3030 X:0004 Y:0001 S:01e3 D:0000 DB:00 nvMXdizc V:127 H: 700 F:15
c01d0a ldx $66       [000066] A:3030 X:0004 Y:0001 S:01e1 D:0000 DB:00 nvMXdizc V:127 H: 752 F:15
c01d0c dex                    A:3030 X:000d Y:0001 S:01e1 D:0000 DB:00 nvMXdizc V:127 H: 772 F:15
c01d0d lda $0200,x   [00020c] A:3030 X:000c Y:0001 S:01e1 D:0000 DB:00 nvMXdizc V:127 H: 784 F:15
c01d10 rts                    A:3030 X:000c Y:0001 S:01e1 D:0000 DB:00 nvMXdizc V:127 H: 810 F:15
c01cd2 ldx $66       [000066] A:3030 X:000c Y:0001 S:01e3 D:0000 DB:00 nvMXdizc V:127 H: 850 F:15
c01cd4 sta $0200,x   [00020d] A:3030 X:000d Y:0001 S:01e3 D:0000 DB:00 nvMXdizc V:127 H: 870 F:15
c01cd7 inc $66       [000066] A:3030 X:000d Y:0001 S:01e3 D:0000 DB:00 nvMXdizc V:127 H: 902 F:15
c01cd9 dec $65       [000065] A:3030 X:000d Y:0001 S:01e3 D:0000 DB:00 nvMXdizc V:127 H: 936 F:15
c01cdb bne $1ce0     [c01ce0] A:3030 X:000d Y:0001 S:01e3 D:0000 DB:00 nvMXdizc V:127 H: 970 F:15
c01ce0 lda $0200,x   [00020d] A:3030 X:000d Y:0001 S:01e3 D:0000 DB:00 nvMXdizc V:127 H: 988 F:15
c01ce3 plx                    A:3030 X:000d Y:0001 S:01e3 D:0000 DB:00 nvMXdizc V:127 H:1014 F:15
c01ce4 rtl                    A:3030 X:0004 Y:0001 S:01e4 D:0000 DB:00 nvMXdizc V:127 H:1040 F:15
c00159 sta $a6       [0000a6] A:3030 X:0004 Y:0001 S:01e7 D:0000 DB:00 nvMXdizc V:127 H:1082 F:15
c0015b jsl $c00497   [c00497] A:3030 X:0004 Y:0001 S:01e7 D:0000 DB:00 nvMXdizc V:127 H:1102 F:15
c00497 phx                    A:3030 X:0004 Y:0001 S:01e4 D:0000 DB:00 nvMXdizc V:127 H:1156 F:15
c00498 rep #$30               A:3030 X:0004 Y:0001 S:01e3 D:0000 DB:00 nvMXdizc V:127 H:1176 F:15
c0049a ldx $035b     [00035b] A:3030 X:0004 Y:0001 S:01e3 D:0000 DB:00 nvmxdizc V:127 H:1194 F:15
c0049d lda $a5       [0000a5] A:3030 X:37bc Y:0001 S:01e3 D:0000 DB:00 nvmxdizc V:127 H:1228 F:15
c0049f sta $7e8000,x [7eb7bc] A:3030 X:37bc Y:0001 S:01e3 D:0000 DB:00 nvmxdizc V:127 H:1256 F:15
c004a3 inx                    A:3030 X:37bc Y:0001 S:01e3 D:0000 DB:00 nvmxdizc V:127 H:1296 F:15
c004a4 inx                    A:3030 X:37bd Y:0001 S:01e3 D:0000 DB:00 nvmxdizc V:127 H:1308 F:15
c004a5 stx $035b     [00035b] A:3030 X:37be Y:0001 S:01e3 D:0000 DB:00 nvmxdizc V:127 H:1320 F:15
c004a8 sep #$30               A:3030 X:37be Y:0001 S:01e3 D:0000 DB:00 nvmxdizc V:127 H:1354 F:15
c004aa plx                    A:3030 X:00be Y:0001 S:01e3 D:0000 DB:00 nvMXdizc V:128 H:   8 F:15
c004ab rtl                    A:3030 X:0004 Y:0001 S:01e4 D:0000 DB:00 nvMXdizc V:128 H:  34 F:15
c0015f dex                    A:3030 X:0004 Y:0001 S:01e7 D:0000 DB:00 nvMXdizc V:128 H:  76 F:15
c00160 dex                    A:3030 X:0003 Y:0001 S:01e7 D:0000 DB:00 nvMXdizc V:128 H:  88 F:15
c00161 bne $014f     [c0014f] A:3030 X:0002 Y:0001 S:01e7 D:0000 DB:00 nvMXdizc V:128 H: 100 F:15
c0014f jsl $c01ccc   [c01ccc] A:3030 X:0002 Y:0001 S:01e7 D:0000 DB:00 nvMXdizc V:128 H: 118 F:15
c01ccc phx                    A:3030 X:0002 Y:0001 S:01e4 D:0000 DB:00 nvMXdizc V:128 H: 172 F:15
c01ccd ldx $64       [000064] A:3030 X:0002 Y:0001 S:01e3 D:0000 DB:00 nvMXdizc V:128 H: 192 F:15
c01ccf jsr ($1ce5,x) [c01ce9] A:3030 X:0004 Y:0001 S:01e3 D:0000 DB:00 nvMXdizc V:128 H: 212 F:15
c01d0a ldx $66       [000066] A:3030 X:0004 Y:0001 S:01e1 D:0000 DB:00 nvMXdizc V:128 H: 264 F:15
c01d0c dex                    A:3030 X:000e Y:0001 S:01e1 D:0000 DB:00 nvMXdizc V:128 H: 284 F:15
c01d0d lda $0200,x   [00020d] A:3030 X:000d Y:0001 S:01e1 D:0000 DB:00 nvMXdizc V:128 H: 296 F:15
c01d10 rts                    A:3030 X:000d Y:0001 S:01e1 D:0000 DB:00 nvMXdizc V:128 H: 322 F:15
c01cd2 ldx $66       [000066] A:3030 X:000d Y:0001 S:01e3 D:0000 DB:00 nvMXdizc V:128 H: 362 F:15
c01cd4 sta $0200,x   [00020e] A:3030 X:000e Y:0001 S:01e3 D:0000 DB:00 nvMXdizc V:128 H: 382 F:15
c01cd7 inc $66       [000066] A:3030 X:000e Y:0001 S:01e3 D:0000 DB:00 nvMXdizc V:128 H: 414 F:15
c01cd9 dec $65       [000065] A:3030 X:000e Y:0001 S:01e3 D:0000 DB:00 nvMXdizc V:128 H: 448 F:15
c01cdb bne $1ce0     [c01ce0] A:3030 X:000e Y:0001 S:01e3 D:0000 DB:00 nvMXdiZc V:128 H: 482 F:15
c01cdd jsr $1d45     [c01d45] A:3030 X:000e Y:0001 S:01e3 D:0000 DB:00 nvMXdiZc V:128 H: 494 F:15
c01d45 lda [$60]     [d1b16e] A:3030 X:000e Y:0001 S:01e1 D:0000 DB:00 nvMXdiZc V:128 H: 574 F:15
c01d47 sta $64       [000064] A:30a0 X:000e Y:0001 S:01e1 D:0000 DB:00 NvMXdizc V:128 H: 616 F:15
c01d49 and #$1f               A:30a0 X:000e Y:0001 S:01e1 D:0000 DB:00 NvMXdizc V:128 H: 636 F:15
c01d4b inc                    A:3000 X:000e Y:0001 S:01e1 D:0000 DB:00 nvMXdiZc V:128 H: 648 F:15
c01d4c sta $65       [000065] A:3001 X:000e Y:0001 S:01e1 D:0000 DB:00 nvMXdizc V:128 H: 660 F:15
c01d4e lda $64       [000064] A:3001 X:000e Y:0001 S:01e1 D:0000 DB:00 nvMXdizc V:128 H: 680 F:15
c01d50 lsr a                  A:30a0 X:000e Y:0001 S:01e1 D:0000 DB:00 NvMXdizc V:128 H: 700 F:15
c01d51 lsr a                  A:3050 X:000e Y:0001 S:01e1 D:0000 DB:00 nvMXdizc V:128 H: 712 F:15
c01d52 lsr a                  A:3028 X:000e Y:0001 S:01e1 D:0000 DB:00 nvMXdizc V:128 H: 724 F:15
c01d53 lsr a                  A:3014 X:000e Y:0001 S:01e1 D:0000 DB:00 nvMXdizc V:128 H: 736 F:15
c01d54 and #$0e               A:300a X:000e Y:0001 S:01e1 D:0000 DB:00 nvMXdizc V:128 H: 748 F:15
c01d56 sta $64       [000064] A:300a X:000e Y:0001 S:01e1 D:0000 DB:00 nvMXdizc V:128 H: 760 F:15
c01d58 inc $60       [000060] A:300a X:000e Y:0001 S:01e1 D:0000 DB:00 nvMXdizc V:128 H: 780 F:15
c01d5a bne $1d62     [c01d62] A:300a X:000e Y:0001 S:01e1 D:0000 DB:00 nvMXdizc V:128 H: 814 F:15
c01d62 rts                    A:300a X:000e Y:0001 S:01e1 D:0000 DB:00 nvMXdizc V:128 H: 832 F:15
c01ce0 lda $0200,x   [00020e] A:300a X:000e Y:0001 S:01e3 D:0000 DB:00 nvMXdizc V:128 H: 872 F:15
c01ce3 plx                    A:3030 X:000e Y:0001 S:01e3 D:0000 DB:00 nvMXdizc V:128 H: 898 F:15
c01ce4 rtl                    A:3030 X:0002 Y:0001 S:01e4 D:0000 DB:00 nvMXdizc V:128 H: 924 F:15
c00153 sta $a5       [0000a5] A:3030 X:0002 Y:0001 S:01e7 D:0000 DB:00 nvMXdizc V:128 H: 966 F:15
c00155 jsl $c01ccc   [c01ccc] A:3030 X:0002 Y:0001 S:01e7 D:0000 DB:00 nvMXdizc V:128 H: 986 F:15
c01ccc phx                    A:3030 X:0002 Y:0001 S:01e4 D:0000 DB:00 nvMXdizc V:128 H:1040 F:15
c01ccd ldx $64       [000064] A:3030 X:0002 Y:0001 S:01e3 D:0000 DB:00 nvMXdizc V:128 H:1060 F:15
c01ccf jsr ($1ce5,x) [c01cef] A:3030 X:000a Y:0001 S:01e3 D:0000 DB:00 nvMXdizc V:128 H:1080 F:15
c01d24 ldx $66       [000066] A:3030 X:000a Y:0001 S:01e1 D:0000 DB:00 nvMXdizc V:128 H:1132 F:15
c01d26 txa                    A:3030 X:000f Y:0001 S:01e1 D:0000 DB:00 nvMXdizc V:128 H:1152 F:15
c01d27 sec                    A:300f X:000f Y:0001 S:01e1 D:0000 DB:00 nvMXdizc V:128 H:1164 F:15
c01d28 sbc #$10               A:300f X:000f Y:0001 S:01e1 D:0000 DB:00 nvMXdizC V:128 H:1176 F:15
c01d2a tax                    A:30ff X:000f Y:0001 S:01e1 D:0000 DB:00 NvMXdizc V:128 H:1188 F:15
c01d2b lda $0200,x   [0002ff] A:30ff X:00ff Y:0001 S:01e1 D:0000 DB:00 NvMXdizc V:128 H:1200 F:15
c01d2e rts                    A:3000 X:00ff Y:0001 S:01e1 D:0000 DB:00 nvMXdiZc V:128 H:1226 F:15
c01cd2 ldx $66       [000066] A:3000 X:00ff Y:0001 S:01e3 D:0000 DB:00 nvMXdiZc V:128 H:1266 F:15
c01cd4 sta $0200,x   [00020f] A:3000 X:000f Y:0001 S:01e3 D:0000 DB:00 nvMXdizc V:128 H:1286 F:15
c01cd7 inc $66       [000066] A:3000 X:000f Y:0001 S:01e3 D:0000 DB:00 nvMXdizc V:128 H:1318 F:15
c01cd9 dec $65       [000065] A:3000 X:000f Y:0001 S:01e3 D:0000 DB:00 nvMXdizc V:128 H:1352 F:15
c01cdb bne $1ce0     [c01ce0] A:3000 X:000f Y:0001 S:01e3 D:0000 DB:00 nvMXdiZc V:129 H:  22 F:15
c01cdd jsr $1d45     [c01d45] A:3000 X:000f Y:0001 S:01e3 D:0000 DB:00 nvMXdiZc V:129 H:  34 F:15
c01d45 lda [$60]     [d1b16f] A:3000 X:000f Y:0001 S:01e1 D:0000 DB:00 nvMXdiZc V:129 H:  74 F:15
c01d47 sta $64       [000064] A:3000 X:000f Y:0001 S:01e1 D:0000 DB:00 nvMXdiZc V:129 H: 116 F:15
c01d49 and #$1f               A:3000 X:000f Y:0001 S:01e1 D:0000 DB:00 nvMXdiZc V:129 H: 136 F:15
c01d4b inc                    A:3000 X:000f Y:0001 S:01e1 D:0000 DB:00 nvMXdiZc V:129 H: 148 F:15
c01d4c sta $65       [000065] A:3001 X:000f Y:0001 S:01e1 D:0000 DB:00 nvMXdizc V:129 H: 160 F:15
c01d4e lda $64       [000064] A:3001 X:000f Y:0001 S:01e1 D:0000 DB:00 nvMXdizc V:129 H: 180 F:15
c01d50 lsr a                  A:3000 X:000f Y:0001 S:01e1 D:0000 DB:00 nvMXdiZc V:129 H: 200 F:15
c01d51 lsr a                  A:3000 X:000f Y:0001 S:01e1 D:0000 DB:00 nvMXdiZc V:129 H: 212 F:15
c01d52 lsr a                  A:3000 X:000f Y:0001 S:01e1 D:0000 DB:00 nvMXdiZc V:129 H: 224 F:15
c01d53 lsr a                  A:3000 X:000f Y:0001 S:01e1 D:0000 DB:00 nvMXdiZc V:129 H: 236 F:15
c01d54 and #$0e               A:3000 X:000f Y:0001 S:01e1 D:0000 DB:00 nvMXdiZc V:129 H: 248 F:15
c01d56 sta $64       [000064] A:3000 X:000f Y:0001 S:01e1 D:0000 DB:00 nvMXdiZc V:129 H: 260 F:15
c01d58 inc $60       [000060] A:3000 X:000f Y:0001 S:01e1 D:0000 DB:00 nvMXdiZc V:129 H: 280 F:15
c01d5a bne $1d62     [c01d62] A:3000 X:000f Y:0001 S:01e1 D:0000 DB:00 nvMXdizc V:129 H: 314 F:15
c01d62 rts                    A:3000 X:000f Y:0001 S:01e1 D:0000 DB:00 nvMXdizc V:129 H: 332 F:15
c01ce0 lda $0200,x   [00020f] A:3000 X:000f Y:0001 S:01e3 D:0000 DB:00 nvMXdizc V:129 H: 372 F:15
c01ce3 plx                    A:3000 X:000f Y:0001 S:01e3 D:0000 DB:00 nvMXdiZc V:129 H: 398 F:15
c01ce4 rtl                    A:3000 X:0002 Y:0001 S:01e4 D:0000 DB:00 nvMXdizc V:129 H: 424 F:15
c00159 sta $a6       [0000a6] A:3000 X:0002 Y:0001 S:01e7 D:0000 DB:00 nvMXdizc V:129 H: 466 F:15
c0015b jsl $c00497   [c00497] A:3000 X:0002 Y:0001 S:01e7 D:0000 DB:00 nvMXdizc V:129 H: 486 F:15
c00497 phx                    A:3000 X:0002 Y:0001 S:01e4 D:0000 DB:00 nvMXdizc V:129 H: 580 F:15
c00498 rep #$30               A:3000 X:0002 Y:0001 S:01e3 D:0000 DB:00 nvMXdizc V:129 H: 600 F:15
c0049a ldx $035b     [00035b] A:3000 X:0002 Y:0001 S:01e3 D:0000 DB:00 nvmxdizc V:129 H: 618 F:15
c0049d lda $a5       [0000a5] A:3000 X:37be Y:0001 S:01e3 D:0000 DB:00 nvmxdizc V:129 H: 652 F:15
c0049f sta $7e8000,x [7eb7be] A:0030 X:37be Y:0001 S:01e3 D:0000 DB:00 nvmxdizc V:129 H: 680 F:15
c004a3 inx                    A:0030 X:37be Y:0001 S:01e3 D:0000 DB:00 nvmxdizc V:129 H: 720 F:15
c004a4 inx                    A:0030 X:37bf Y:0001 S:01e3 D:0000 DB:00 nvmxdizc V:129 H: 732 F:15
c004a5 stx $035b     [00035b] A:0030 X:37c0 Y:0001 S:01e3 D:0000 DB:00 nvmxdizc V:129 H: 744 F:15
c004a8 sep #$30               A:0030 X:37c0 Y:0001 S:01e3 D:0000 DB:00 nvmxdizc V:129 H: 778 F:15
c004aa plx                    A:0030 X:00c0 Y:0001 S:01e3 D:0000 DB:00 nvMXdizc V:129 H: 796 F:15
c004ab rtl                    A:0030 X:0002 Y:0001 S:01e4 D:0000 DB:00 nvMXdizc V:129 H: 822 F:15
c0015f dex                    A:0030 X:0002 Y:0001 S:01e7 D:0000 DB:00 nvMXdizc V:129 H: 864 F:15
c00160 dex                    A:0030 X:0001 Y:0001 S:01e7 D:0000 DB:00 nvMXdizc V:129 H: 876 F:15
c00161 bne $014f     [c0014f] A:0030 X:0000 Y:0001 S:01e7 D:0000 DB:00 nvMXdiZc V:129 H: 888 F:15
c00163 jsl $c004ac   [c004ac] A:0030 X:0000 Y:0001 S:01e7 D:0000 DB:00 nvMXdiZc V:129 H: 900 F:15
c004ac phx                    A:0030 X:0000 Y:0001 S:01e4 D:0000 DB:00 nvMXdiZc V:129 H: 954 F:15
c004ad rep #$30               A:0030 X:0000 Y:0001 S:01e3 D:0000 DB:00 nvMXdiZc V:129 H: 974 F:15
c004af ldx $0357     [000357] A:0030 X:0000 Y:0001 S:01e3 D:0000 DB:00 nvmxdiZc V:129 H: 992 F:15
c004b2 lda $035b     [00035b] A:0030 X:37b2 Y:0001 S:01e3 D:0000 DB:00 nvmxdizc V:129 H:1026 F:15
c004b5 sec                    A:37c0 X:37b2 Y:0001 S:01e3 D:0000 DB:00 nvmxdizc V:129 H:1060 F:15
c004b6 sbc $0357     [000357] A:37c0 X:37b2 Y:0001 S:01e3 D:0000 DB:00 nvmxdizC V:129 H:1072 F:15
c004b9 sbc #$0006             A:000e X:37b2 Y:0001 S:01e3 D:0000 DB:00 nvmxdizC V:129 H:1106 F:15
c004bc sta $7e8002,x [7eb7b4] A:0008 X:37b2 Y:0001 S:01e3 D:0000 DB:00 nvmxdizC V:129 H:1124 F:15
c004c0 lda $035b     [00035b] A:0008 X:37b2 Y:0001 S:01e3 D:0000 DB:00 nvmxdizC V:129 H:1164 F:15
c004c3 and #$3fff             A:37c0 X:37b2 Y:0001 S:01e3 D:0000 DB:00 nvmxdizC V:129 H:1198 F:15
c004c6 sta $0357     [000357] A:37c0 X:37b2 Y:0001 S:01e3 D:0000 DB:00 nvmxdizC V:129 H:1216 F:15
c004c9 sep #$30               A:37c0 X:37b2 Y:0001 S:01e3 D:0000 DB:00 nvmxdizC V:129 H:1250 F:15
c004cb plx                    A:37c0 X:00b2 Y:0001 S:01e3 D:0000 DB:00 nvMXdizC V:129 H:1268 F:15
c004cc rtl                    A:37c0 X:0000 Y:0001 S:01e4 D:0000 DB:00 nvMXdiZC V:129 H:1294 F:15
c00167 inc $1d2a     [001d2a] A:37c0 X:0000 Y:0001 S:01e7 D:0000 DB:00 nvMXdiZC V:129 H:1336 F:15
c0016a dey                    A:37c0 X:0000 Y:0001 S:01e7 D:0000 DB:00 nvMXdizC V:130 H:  12 F:15
c0016b bne $013c     [c0013c] A:37c0 X:0000 Y:0000 S:01e7 D:0000 DB:00 nvMXdiZC V:130 H:  24 F:15
c0016d pla                    A:37c0 X:0000 Y:0000 S:01e7 D:0000 DB:00 nvMXdiZC V:130 H:  36 F:15
c0016e sta $1d2a     [001d2a] A:370c X:0000 Y:0000 S:01e8 D:0000 DB:00 nvMXdizC V:130 H:  62 F:15
c00171 rts                    A:370c X:0000 Y:0000 S:01e8 D:0000 DB:00 nvMXdizC V:130 H:  88 F:15
c00109 lda #$84               A:370c X:0000 Y:0000 S:01ea D:0000 DB:00 nvMXdizC V:130 H: 128 F:15
c0010b sta $0352     [000352] A:3784 X:0000 Y:0000 S:01ea D:0000 DB:00 NvMXdizC V:130 H: 140 F:15
c0010e lda $0341     [000341] A:3784 X:0000 Y:0000 S:01ea D:0000 DB:00 NvMXdizC V:130 H: 166 F:15
c00111 bit #$01               A:3702 X:0000 Y:0000 S:01ea D:0000 DB:00 nvMXdizC V:130 H: 192 F:15
c00113 beq $0128     [c00128] A:3702 X:0000 Y:0000 S:01ea D:0000 DB:00 nvMXdiZC V:130 H: 204 F:15
c00128 inc $0343     [000343] A:3702 X:0000 Y:0000 S:01ea D:0000 DB:00 nvMXdiZC V:130 H: 222 F:15
c0012b jsl $c01d63   [c01d63] A:3702 X:0000 Y:0000 S:01ea D:0000 DB:00 nvMXdizC V:130 H: 262 F:15
c01d63 sec                    A:3702 X:0000 Y:0000 S:01e7 D:0000 DB:00 nvMXdizC V:130 H: 316 F:15
c01d64 rep #$20               A:3702 X:0000 Y:0000 S:01e7 D:0000 DB:00 nvMXdizC V:130 H: 328 F:15
c01d66 lda $60       [000060] A:3702 X:0000 Y:0000 S:01e7 D:0000 DB:00 nvmXdizC V:130 H: 346 F:15
c01d68 sbc #$0001             A:b170 X:0000 Y:0000 S:01e7 D:0000 DB:00 NvmXdizC V:130 H: 374 F:15
c01d6b sta $a5       [0000a5] A:b16f X:0000 Y:0000 S:01e7 D:0000 DB:00 NvmXdizC V:130 H: 392 F:15
c01d6d sep #$20               A:b16f X:0000 Y:0000 S:01e7 D:0000 DB:00 NvmXdizC V:130 H: 420 F:15
c01d6f lda $62       [000062] A:b16f X:0000 Y:0000 S:01e7 D:0000 DB:00 NvMXdizC V:130 H: 438 F:15
c01d71 sbc #$00               A:b1d1 X:0000 Y:0000 S:01e7 D:0000 DB:00 NvMXdizC V:130 H: 458 F:15
c01d73 sta $a7       [0000a7] A:b1d1 X:0000 Y:0000 S:01e7 D:0000 DB:00 NvMXdizC V:130 H: 470 F:15
c01d75 rtl                    A:b1d1 X:0000 Y:0000 S:01e7 D:0000 DB:00 NvMXdizC V:130 H: 490 F:15
c0012f jmp $0062     [c00062] A:b1d1 X:0000 Y:0000 S:01ea D:0000 DB:00 NvMXdizC V:130 H: 532 F:15
c00062 ldy #$00               A:b1d1 X:0000 Y:0000 S:01ea D:0000 DB:00 NvMXdizC V:130 H: 590 F:15
c00064 lda [$a5],y   [d1b16f] A:b1d1 X:0000 Y:0000 S:01ea D:0000 DB:00 nvMXdiZC V:130 H: 602 F:15
c00066 sta $1d34     [001d34] A:b100 X:0000 Y:0000 S:01ea D:0000 DB:00 nvMXdiZC V:130 H: 644 F:15
c00069 bne $006e     [c0006e] A:b100 X:0000 Y:0000 S:01ea D:0000 DB:00 nvMXdiZC V:130 H: 670 F:15
c0006b jmp $0132     [c00132] A:b100 X:0000 Y:0000 S:01ea D:0000 DB:00 nvMXdiZC V:130 H: 682 F:15
c00132 plx                    A:b100 X:0000 Y:0000 S:01ea D:0000 DB:00 nvMXdiZC V:130 H: 700 F:15
c00133 ply                    A:b100 X:0009 Y:0000 S:01eb D:0000 DB:00 nvMXdizC V:130 H: 726 F:15
c00134 rtl                    A:b100 X:0009 Y:0004 S:01ec D:0000 DB:00 nvMXdizC V:130 H: 752 F:15
c174f8 rtl                    A:b100 X:0009 Y:0004 S:01ef D:0000 DB:00 nvMXdizC V:130 H: 794 F:15
c2040f plx                    A:b100 X:0009 Y:0004 S:01f2 D:0000 DB:00 nvMXdizC V:130 H: 836 F:15
c20410 ply                    A:b100 X:0009 Y:0004 S:01f3 D:0000 DB:00 nvMXdizC V:130 H: 862 F:15
c20411 rtl                    A:b100 X:0009 Y:00ff S:01f4 D:0000 DB:00 NvMXdizC V:130 H: 888 F:15
c20234 lda $0d77,x   [000d80] A:b100 X:0009 Y:00ff S:01f7 D:0000 DB:00 NvMXdizC V:130 H: 930 F:15
c20237 bmi $023b     [c2023b] A:b101 X:0009 Y:00ff S:01f7 D:0000 DB:00 nvMXdizC V:130 H: 956 F:15
c20239 lda #$00               A:b101 X:0009 Y:00ff S:01f7 D:0000 DB:00 nvMXdizC V:130 H: 968 F:15
c2023b and #$7f               A:b100 X:0009 Y:00ff S:01f7 D:0000 DB:00 nvMXdiZC V:130 H: 980 F:15
c2023d sta $0d77,x   [000d80] A:b100 X:0009 Y:00ff S:01f7 D:0000 DB:00 nvMXdiZC V:130 H: 992 F:15
c20240 bra $0222     [c20222] A:b100 X:0009 Y:00ff S:01f7 D:0000 DB:00 nvMXdiZC V:130 H:1024 F:15
c20222 lda $0380     [000380] A:b100 X:0009 Y:00ff S:01f7 D:0000 DB:00 nvMXdiZC V:130 H:1042 F:15
c20225 bit #$40               A:b100 X:0009 Y:00ff S:01f7 D:0000 DB:00 nvMXdiZC V:130 H:1068 F:15
c20227 bne $0242     [c20242] A:b100 X:0009 Y:00ff S:01f7 D:0000 DB:00 nvMXdiZC V:130 H:1080 F:15
c20229 jsr $0254     [c20254] A:b100 X:0009 Y:00ff S:01f7 D:0000 DB:00 nvMXdiZC V:130 H:1092 F:15
c20254 rep #$20               A:b100 X:0009 Y:00ff S:01f5 D:0000 DB:00 nvMXdiZC V:130 H:1132 F:15
c20256 lda $10       [000010] A:b100 X:0009 Y:00ff S:01f5 D:0000 DB:00 nvmXdiZC V:130 H:1150 F:15
c20258 cmp #$0400             A:000b X:0009 Y:00ff S:01f5 D:0000 DB:00 nvmXdizC V:130 H:1178 F:15
c2025b bcc $025f     [c2025f] A:000b X:0009 Y:00ff S:01f5 D:0000 DB:00 NvmXdizc V:130 H:1196 F:15
c2025f rep #$20               A:000b X:0009 Y:00ff S:01f5 D:0000 DB:00 NvmXdizc V:130 H:1214 F:15
c20261 lda $0a       [00000a] A:000b X:0009 Y:00ff S:01f5 D:0000 DB:00 NvmXdizc V:130 H:1232 F:15
c20263 cmp #$0000             A:8fa1 X:0009 Y:00ff S:01f5 D:0000 DB:00 NvmXdizc V:130 H:1260 F:15
c20266 sep #$20               A:8fa1 X:0009 Y:00ff S:01f5 D:0000 DB:00 NvmXdizC V:130 H:1278 F:15
c20268 lda $0c       [00000c] A:8fa1 X:0009 Y:00ff S:01f5 D:0000 DB:00 NvMXdizC V:130 H:1296 F:15
c2026a sbc #$c6               A:8fc6 X:0009 Y:00ff S:01f5 D:0000 DB:00 NvMXdizC V:130 H:1316 F:15
c2026c bcs $0270     [c20270] A:8f00 X:0009 Y:00ff S:01f5 D:0000 DB:00 nvMXdiZC V:130 H:1328 F:15
c20270 rts                    A:8f00 X:0009 Y:00ff S:01f5 D:0000 DB:00 nvMXdiZC V:130 H:1346 F:15
c2022c lda [$0a]     [c68fa1] A:8f00 X:0009 Y:00ff S:01f7 D:0000 DB:00 nvMXdiZC V:131 H:  22 F:15
c2022e beq $0242     [c20242] A:8f5a X:0009 Y:00ff S:01f7 D:0000 DB:00 nvMXdizC V:131 H:  64 F:15
c20230 jsl $c2038f   [c2038f] A:8f5a X:0009 Y:00ff S:01f7 D:0000 DB:00 nvMXdizC V:131 H:  76 F:15
c2038f phy                    A:8f5a X:0009 Y:00ff S:01f4 D:0000 DB:00 nvMXdizC V:131 H: 130 F:15
c20390 phx                    A:8f5a X:0009 Y:00ff S:01f3 D:0000 DB:00 nvMXdizC V:131 H: 150 F:15
c20391 lda #$c2               A:8f5a X:0009 Y:00ff S:01f2 D:0000 DB:00 nvMXdizC V:131 H: 170 F:15
c20393 sta $bf       [0000bf] A:8fc2 X:0009 Y:00ff S:01f2 D:0000 DB:00 NvMXdizC V:131 H: 182 F:15
c20395 sta $c2       [0000c2] A:8fc2 X:0009 Y:00ff S:01f2 D:0000 DB:00 NvMXdizC V:131 H: 202 F:15
c20397 lda [$0a]     [c68fa1] A:8fc2 X:0009 Y:00ff S:01f2 D:0000 DB:00 NvMXdizC V:131 H: 222 F:15
c20399 cmp #$fe               A:8f5a X:0009 Y:00ff S:01f2 D:0000 DB:00 nvMXdizC V:131 H: 264 F:15
c2039b bcs $03d1     [c203d1] A:8f5a X:0009 Y:00ff S:01f2 D:0000 DB:00 nvMXdizc V:131 H: 276 F:15
c2039d cmp #$fd               A:8f5a X:0009 Y:00ff S:01f2 D:0000 DB:00 nvMXdizc V:131 H: 288 F:15
c2039f beq $03cc     [c203cc] A:8f5a X:0009 Y:00ff S:01f2 D:0000 DB:00 nvMXdizc V:131 H: 300 F:15
c203a1 cmp #$fc               A:8f5a X:0009 Y:00ff S:01f2 D:0000 DB:00 nvMXdizc V:131 H: 312 F:15
c203a3 beq $03c7     [c203c7] A:8f5a X:0009 Y:00ff S:01f2 D:0000 DB:00 nvMXdizc V:131 H: 324 F:15
c203a5 dec                    A:8f5a X:0009 Y:00ff S:01f2 D:0000 DB:00 nvMXdizc V:131 H: 336 F:15
c203a6 tax                    A:8f59 X:0009 Y:00ff S:01f2 D:0000 DB:00 nvMXdizc V:131 H: 348 F:15
c203a7 lda $c20af5,x [c20b4e] A:8f59 X:0059 Y:00ff S:01f2 D:0000 DB:00 nvMXdizc V:131 H: 360 F:15
c203ab sta $b1       [0000b1] A:8f01 X:0059 Y:00ff S:01f2 D:0000 DB:00 nvMXdizc V:131 H: 390 F:15
c203ad txa                    A:8f01 X:0059 Y:00ff S:01f2 D:0000 DB:00 nvMXdizc V:131 H: 410 F:15
c203ae rep #$30               A:8f59 X:0059 Y:00ff S:01f2 D:0000 DB:00 nvMXdizc V:131 H: 422 F:15
c203b0 and #$00ff             A:8f59 X:0059 Y:00ff S:01f2 D:0000 DB:00 nvmxdizc V:131 H: 440 F:15
c203b3 asl a                  A:0059 X:0059 Y:00ff S:01f2 D:0000 DB:00 nvmxdizc V:131 H: 458 F:15
c203b4 tax                    A:00b2 X:0059 Y:00ff S:01f2 D:0000 DB:00 nvmxdizc V:131 H: 470 F:15
c203b5 lda $c204fa,x [c205ac] A:00b2 X:00b2 Y:00ff S:01f2 D:0000 DB:00 nvmxdizc V:131 H: 482 F:15
c203b9 sta $bd       [0000bd] A:1aaa X:00b2 Y:00ff S:01f2 D:0000 DB:00 nvmxdizc V:131 H: 518 F:15
c203bb sep #$30               A:1aaa X:00b2 Y:00ff S:01f2 D:0000 DB:00 nvmxdizc V:131 H: 586 F:15
c203bd lda #$01               A:1aaa X:00b2 Y:00ff S:01f2 D:0000 DB:00 nvMXdizc V:131 H: 604 F:15
c203bf jsr $041d     [c2041d] A:1a01 X:00b2 Y:00ff S:01f2 D:0000 DB:00 nvMXdizc V:131 H: 616 F:15
c2041d phx                    A:1a01 X:00b2 Y:00ff S:01f0 D:0000 DB:00 nvMXdizc V:131 H: 656 F:15
c2041e ldx $0073     [000073] A:1a01 X:00b2 Y:00ff S:01ef D:0000 DB:00 nvMXdizc V:131 H: 676 F:15
c20421 sta $0d9f,x   [000da8] A:1a01 X:0009 Y:00ff S:01ef D:0000 DB:00 nvMXdizc V:131 H: 702 F:15
c20424 lda $b1       [0000b1] A:1a01 X:0009 Y:00ff S:01ef D:0000 DB:00 nvMXdizc V:131 H: 734 F:15
c20426 sta $0dc7,x   [000dd0] A:1a01 X:0009 Y:00ff S:01ef D:0000 DB:00 nvMXdizc V:131 H: 754 F:15
c20429 lda $0d77,x   [000d80] A:1a01 X:0009 Y:00ff S:01ef D:0000 DB:00 nvMXdizc V:131 H: 786 F:15
c2042c bne $044c     [c2044c] A:1a00 X:0009 Y:00ff S:01ef D:0000 DB:00 nvMXdiZc V:131 H: 812 F:15
c2042e clc                    A:1a00 X:0009 Y:00ff S:01ef D:0000 DB:00 nvMXdiZc V:131 H: 824 F:15
c2042f lda $0d9f,x   [000da8] A:1a00 X:0009 Y:00ff S:01ef D:0000 DB:00 nvMXdiZc V:131 H: 836 F:15
c20432 adc $0a       [00000a] A:1a01 X:0009 Y:00ff S:01ef D:0000 DB:00 nvMXdizc V:131 H: 862 F:15
c20434 sta $0d       [00000d] A:1aa2 X:0009 Y:00ff S:01ef D:0000 DB:00 NvMXdizc V:131 H: 882 F:15
c20436 rep #$20               A:1aa2 X:0009 Y:00ff S:01ef D:0000 DB:00 NvMXdizc V:131 H: 902 F:15
c20438 lda #$0000             A:1aa2 X:0009 Y:00ff S:01ef D:0000 DB:00 NvmXdizc V:131 H: 920 F:15
c2043b adc $0b       [00000b] A:0000 X:0009 Y:00ff S:01ef D:0000 DB:00 nvmXdiZc V:131 H: 938 F:15
c2043d sta $0e       [00000e] A:c68f X:0009 Y:00ff S:01ef D:0000 DB:00 NvmXdizc V:131 H: 966 F:15
c2043f sep #$20               A:c68f X:0009 Y:00ff S:01ef D:0000 DB:00 NvmXdizc V:131 H: 994 F:15
c20441 lda $0d9f,x   [000da8] A:c68f X:0009 Y:00ff S:01ef D:0000 DB:00 NvMXdizc V:131 H:1012 F:15
c20444 clc                    A:c601 X:0009 Y:00ff S:01ef D:0000 DB:00 nvMXdizc V:131 H:1038 F:15
c20445 adc $b1       [0000b1] A:c601 X:0009 Y:00ff S:01ef D:0000 DB:00 nvMXdizc V:131 H:1050 F:15
c20447 sta $0d9f,x   [000da8] A:c602 X:0009 Y:00ff S:01ef D:0000 DB:00 nvMXdizc V:131 H:1070 F:15
c2044a bra $0467     [c20467] A:c602 X:0009 Y:00ff S:01ef D:0000 DB:00 nvMXdizc V:131 H:1102 F:15
c20467 clc                    A:c602 X:0009 Y:00ff S:01ef D:0000 DB:00 nvMXdizc V:131 H:1120 F:15
c20468 lda $0d9f,x   [000da8] A:c602 X:0009 Y:00ff S:01ef D:0000 DB:00 nvMXdizc V:131 H:1132 F:15
c2046b adc $0a       [00000a] A:c602 X:0009 Y:00ff S:01ef D:0000 DB:00 nvMXdizc V:131 H:1158 F:15
c2046d sta $0a       [00000a] A:c6a3 X:0009 Y:00ff S:01ef D:0000 DB:00 NvMXdizc V:131 H:1178 F:15
c2046f rep #$20               A:c6a3 X:0009 Y:00ff S:01ef D:0000 DB:00 NvMXdizc V:131 H:1198 F:15
c20471 lda #$0000             A:c6a3 X:0009 Y:00ff S:01ef D:0000 DB:00 NvmXdizc V:131 H:1216 F:15
c20474 adc $0b       [00000b] A:0000 X:0009 Y:00ff S:01ef D:0000 DB:00 nvmXdiZc V:131 H:1234 F:15
c20476 sta $0b       [00000b] A:c68f X:0009 Y:00ff S:01ef D:0000 DB:00 NvmXdizc V:131 H:1262 F:15
c20478 sep #$20               A:c68f X:0009 Y:00ff S:01ef D:0000 DB:00 NvmXdizc V:131 H:1290 F:15
c2047a plx                    A:c68f X:0009 Y:00ff S:01ef D:0000 DB:00 NvMXdizc V:131 H:1308 F:15
c2047b rts                    A:c68f X:00b2 Y:00ff S:01f0 D:0000 DB:00 NvMXdizc V:131 H:1334 F:15
c203c2 jsr $0412     [c20412] A:c68f X:00b2 Y:00ff S:01f2 D:0000 DB:00 NvMXdizc V:132 H:  10 F:15
c20412 ldx $0073     [000073] A:c68f X:00b2 Y:00ff S:01f0 D:0000 DB:00 NvMXdizc V:132 H:  50 F:15
c20415 jsr $04ea     [c204ea] A:c68f X:0009 Y:00ff S:01f0 D:0000 DB:00 nvMXdizc V:132 H:  76 F:15
c204ea lda $0a       [00000a] A:c68f X:0009 Y:00ff S:01ee D:0000 DB:00 nvMXdizc V:132 H: 116 F:15
c204ec sta $0c87,x   [000c90] A:c6a3 X:0009 Y:00ff S:01ee D:0000 DB:00 NvMXdizc V:132 H: 136 F:15
c204ef lda $0b       [00000b] A:c6a3 X:0009 Y:00ff S:01ee D:0000 DB:00 NvMXdizc V:132 H: 168 F:15
c204f1 sta $0caf,x   [000cb8] A:c68f X:0009 Y:00ff S:01ee D:0000 DB:00 NvMXdizc V:132 H: 188 F:15
c204f4 lda $0c       [00000c] A:c68f X:0009 Y:00ff S:01ee D:0000 DB:00 NvMXdizc V:132 H: 220 F:15
c204f6 sta $0cd7,x   [000ce0] A:c6c6 X:0009 Y:00ff S:01ee D:0000 DB:00 NvMXdizc V:132 H: 240 F:15
c204f9 rts                    A:c6c6 X:0009 Y:00ff S:01ee D:0000 DB:00 NvMXdizc V:132 H: 272 F:15
c20418 ldy #$01               A:c6c6 X:0009 Y:00ff S:01f0 D:0000 DB:00 NvMXdizc V:132 H: 312 F:15
c2041a jmp [$00bd]   [0000bd] A:c6c6 X:0009 Y:0001 S:01f0 D:0000 DB:00 nvMXdizc V:132 H: 324 F:15
c21aaa stz $a0       [0000a0] A:c6c6 X:0009 Y:0001 S:01f0 D:0000 DB:00 nvMXdizc V:132 H: 366 F:15
c21aac lda [$0d]     [c68fa2] A:c6c6 X:0009 Y:0001 S:01f0 D:0000 DB:00 nvMXdizc V:132 H: 386 F:15
c21aae sta $9f       [00009f] A:c605 X:0009 Y:0001 S:01f0 D:0000 DB:00 nvMXdizc V:132 H: 428 F:15
c21ab0 bpl $1ab4     [c21ab4] A:c605 X:0009 Y:0001 S:01f0 D:0000 DB:00 nvMXdizc V:132 H: 448 F:15
c21ab4 rep #$20               A:c605 X:0009 Y:0001 S:01f0 D:0000 DB:00 nvMXdizc V:132 H: 466 F:15
c21ab6 lda $10       [000010] A:c605 X:0009 Y:0001 S:01f0 D:0000 DB:00 nvmXdizc V:132 H: 484 F:15
c21ab8 sec                    A:000b X:0009 Y:0001 S:01f0 D:0000 DB:00 nvmXdizc V:132 H: 512 F:15
c21ab9 sbc $9f       [00009f] A:000b X:0009 Y:0001 S:01f0 D:0000 DB:00 nvmXdizC V:132 H: 524 F:15
c21abb bpl $1abd     [c21abd] A:0006 X:0009 Y:0001 S:01f0 D:0000 DB:00 nvmXdizC V:132 H: 592 F:15
c21abd sta $10       [000010] A:0006 X:0009 Y:0001 S:01f0 D:0000 DB:00 nvmXdizC V:132 H: 610 F:15
c21abf sep #$20               A:0006 X:0009 Y:0001 S:01f0 D:0000 DB:00 nvmXdizC V:132 H: 638 F:15
c21ac1 rts                    A:0006 X:0009 Y:0001 S:01f0 D:0000 DB:00 nvMXdizC V:132 H: 656 F:15
c203c5 bra $040f     [c2040f] A:0006 X:0009 Y:0001 S:01f2 D:0000 DB:00 nvMXdizC V:132 H: 696 F:15
c2040f plx                    A:0006 X:0009 Y:0001 S:01f2 D:0000 DB:00 nvMXdizC V:132 H: 714 F:15
c20410 ply                    A:0006 X:0009 Y:0001 S:01f3 D:0000 DB:00 nvMXdizC V:132 H: 740 F:15
c20411 rtl                    A:0006 X:0009 Y:00ff S:01f4 D:0000 DB:00 NvMXdizC V:132 H: 766 F:15
c20234 lda $0d77,x   [000d80] A:0006 X:0009 Y:00ff S:01f7 D:0000 DB:00 NvMXdizC V:132 H: 808 F:15
c20237 bmi $023b     [c2023b] A:0000 X:0009 Y:00ff S:01f7 D:0000 DB:00 nvMXdiZC V:132 H: 834 F:15
c20239 lda #$00               A:0000 X:0009 Y:00ff S:01f7 D:0000 DB:00 nvMXdiZC V:132 H: 846 F:15
c2023b and #$7f               A:0000 X:0009 Y:00ff S:01f7 D:0000 DB:00 nvMXdiZC V:132 H: 858 F:15
c2023d sta $0d77,x   [000d80] A:0000 X:0009 Y:00ff S:01f7 D:0000 DB:00 nvMXdiZC V:132 H: 870 F:15
c20240 bra $0222     [c20222] A:0000 X:0009 Y:00ff S:01f7 D:0000 DB:00 nvMXdiZC V:132 H: 902 F:15
c20222 lda $0380     [000380] A:0000 X:0009 Y:00ff S:01f7 D:0000 DB:00 nvMXdiZC V:132 H: 920 F:15
c20225 bit #$40               A:0000 X:0009 Y:00ff S:01f7 D:0000 DB:00 nvMXdiZC V:132 H: 946 F:15
c20227 bne $0242     [c20242] A:0000 X:0009 Y:00ff S:01f7 D:0000 DB:00 nvMXdiZC V:132 H: 958 F:15
c20229 jsr $0254     [c20254] A:0000 X:0009 Y:00ff S:01f7 D:0000 DB:00 nvMXdiZC V:132 H: 970 F:15
c20254 rep #$20               A:0000 X:0009 Y:00ff S:01f5 D:0000 DB:00 nvMXdiZC V:132 H:1010 F:15
c20256 lda $10       [000010] A:0000 X:0009 Y:00ff S:01f5 D:0000 DB:00 nvmXdiZC V:132 H:1028 F:15
c20258 cmp #$0400             A:0006 X:0009 Y:00ff S:01f5 D:0000 DB:00 nvmXdizC V:132 H:1056 F:15
c2025b bcc $025f     [c2025f] A:0006 X:0009 Y:00ff S:01f5 D:0000 DB:00 NvmXdizc V:132 H:1074 F:15
c2025f rep #$20               A:0006 X:0009 Y:00ff S:01f5 D:0000 DB:00 NvmXdizc V:132 H:1092 F:15
c20261 lda $0a       [00000a] A:0006 X:0009 Y:00ff S:01f5 D:0000 DB:00 NvmXdizc V:132 H:1110 F:15
c20263 cmp #$0000             A:8fa3 X:0009 Y:00ff S:01f5 D:0000 DB:00 NvmXdizc V:132 H:1138 F:15
c20266 sep #$20               A:8fa3 X:0009 Y:00ff S:01f5 D:0000 DB:00 NvmXdizC V:132 H:1156 F:15
c20268 lda $0c       [00000c] A:8fa3 X:0009 Y:00ff S:01f5 D:0000 DB:00 NvMXdizC V:132 H:1174 F:15
c2026a sbc #$c6               A:8fc6 X:0009 Y:00ff S:01f5 D:0000 DB:00 NvMXdizC V:132 H:1194 F:15
c2026c bcs $0270     [c20270] A:8f00 X:0009 Y:00ff S:01f5 D:0000 DB:00 nvMXdiZC V:132 H:1206 F:15
c20270 rts                    A:8f00 X:0009 Y:00ff S:01f5 D:0000 DB:00 nvMXdiZC V:132 H:1224 F:15
c2022c lda [$0a]     [c68fa3] A:8f00 X:0009 Y:00ff S:01f7 D:0000 DB:00 nvMXdiZC V:132 H:1264 F:15
c2022e beq $0242     [c20242] A:8f5d X:0009 Y:00ff S:01f7 D:0000 DB:00 nvMXdizC V:132 H:1306 F:15
c20230 jsl $c2038f   [c2038f] A:8f5d X:0009 Y:00ff S:01f7 D:0000 DB:00 nvMXdizC V:132 H:1318 F:15
c2038f phy                    A:8f5d X:0009 Y:00ff S:01f4 D:0000 DB:00 nvMXdizC V:133 H:   8 F:15
c20390 phx                    A:8f5d X:0009 Y:00ff S:01f3 D:0000 DB:00 nvMXdizC V:133 H:  28 F:15
c20391 lda #$c2               A:8f5d X:0009 Y:00ff S:01f2 D:0000 DB:00 nvMXdizC V:133 H:  48 F:15
c20393 sta $bf       [0000bf] A:8fc2 X:0009 Y:00ff S:01f2 D:0000 DB:00 NvMXdizC V:133 H:  60 F:15
c20395 sta $c2       [0000c2] A:8fc2 X:0009 Y:00ff S:01f2 D:0000 DB:00 NvMXdizC V:133 H:  80 F:15
c20397 lda [$0a]     [c68fa3] A:8fc2 X:0009 Y:00ff S:01f2 D:0000 DB:00 NvMXdizC V:133 H: 100 F:15
c20399 cmp #$fe               A:8f5d X:0009 Y:00ff S:01f2 D:0000 DB:00 nvMXdizC V:133 H: 142 F:15
c2039b bcs $03d1     [c203d1] A:8f5d X:0009 Y:00ff S:01f2 D:0000 DB:00 nvMXdizc V:133 H: 154 F:15
c2039d cmp #$fd               A:8f5d X:0009 Y:00ff S:01f2 D:0000 DB:00 nvMXdizc V:133 H: 166 F:15
c2039f beq $03cc     [c203cc] A:8f5d X:0009 Y:00ff S:01f2 D:0000 DB:00 nvMXdizc V:133 H: 178 F:15
c203a1 cmp #$fc               A:8f5d X:0009 Y:00ff S:01f2 D:0000 DB:00 nvMXdizc V:133 H: 190 F:15
c203a3 beq $03c7     [c203c7] A:8f5d X:0009 Y:00ff S:01f2 D:0000 DB:00 nvMXdizc V:133 H: 202 F:15
c203a5 dec                    A:8f5d X:0009 Y:00ff S:01f2 D:0000 DB:00 nvMXdizc V:133 H: 214 F:15
c203a6 tax                    A:8f5c X:0009 Y:00ff S:01f2 D:0000 DB:00 nvMXdizc V:133 H: 226 F:15
c203a7 lda $c20af5,x [c20b51] A:8f5c X:005c Y:00ff S:01f2 D:0000 DB:00 nvMXdizc V:133 H: 238 F:15
c203ab sta $b1       [0000b1] A:8f02 X:005c Y:00ff S:01f2 D:0000 DB:00 nvMXdizc V:133 H: 268 F:15
c203ad txa                    A:8f02 X:005c Y:00ff S:01f2 D:0000 DB:00 nvMXdizc V:133 H: 288 F:15
c203ae rep #$30               A:8f5c X:005c Y:00ff S:01f2 D:0000 DB:00 nvMXdizc V:133 H: 300 F:15
c203b0 and #$00ff             A:8f5c X:005c Y:00ff S:01f2 D:0000 DB:00 nvmxdizc V:133 H: 318 F:15
c203b3 asl a                  A:005c X:005c Y:00ff S:01f2 D:0000 DB:00 nvmxdizc V:133 H: 336 F:15
c203b4 tax                    A:00b8 X:005c Y:00ff S:01f2 D:0000 DB:00 nvmxdizc V:133 H: 348 F:15
c203b5 lda $c204fa,x [c205b2] A:00b8 X:00b8 Y:00ff S:01f2 D:0000 DB:00 nvmxdizc V:133 H: 360 F:15
c203b9 sta $bd       [0000bd] A:1ac6 X:00b8 Y:00ff S:01f2 D:0000 DB:00 nvmxdizc V:133 H: 396 F:15
c203bb sep #$30               A:1ac6 X:00b8 Y:00ff S:01f2 D:0000 DB:00 nvmxdizc V:133 H: 424 F:15
c203bd lda #$01               A:1ac6 X:00b8 Y:00ff S:01f2 D:0000 DB:00 nvMXdizc V:133 H: 442 F:15
c203bf jsr $041d     [c2041d] A:1a01 X:00b8 Y:00ff S:01f2 D:0000 DB:00 nvMXdizc V:133 H: 454 F:15
c2041d phx                    A:1a01 X:00b8 Y:00ff S:01f0 D:0000 DB:00 nvMXdizc V:133 H: 494 F:15
c2041e ldx $0073     [000073] A:1a01 X:00b8 Y:00ff S:01ef D:0000 DB:00 nvMXdizc V:133 H: 514 F:15
c20421 sta $0d9f,x   [000da8] A:1a01 X:0009 Y:00ff S:01ef D:0000 DB:00 nvMXdizc V:133 H: 580 F:15
c20424 lda $b1       [0000b1] A:1a01 X:0009 Y:00ff S:01ef D:0000 DB:00 nvMXdizc V:133 H: 612 F:15
c20426 sta $0dc7,x   [000dd0] A:1a02 X:0009 Y:00ff S:01ef D:0000 DB:00 nvMXdizc V:133 H: 632 F:15
c20429 lda $0d77,x   [000d80] A:1a02 X:0009 Y:00ff S:01ef D:0000 DB:00 nvMXdizc V:133 H: 664 F:15
c2042c bne $044c     [c2044c] A:1a00 X:0009 Y:00ff S:01ef D:0000 DB:00 nvMXdiZc V:133 H: 690 F:15
c2042e clc                    A:1a00 X:0009 Y:00ff S:01ef D:0000 DB:00 nvMXdiZc V:133 H: 702 F:15
c2042f lda $0d9f,x   [000da8] A:1a00 X:0009 Y:00ff S:01ef D:0000 DB:00 nvMXdiZc V:133 H: 714 F:15
c20432 adc $0a       [00000a] A:1a01 X:0009 Y:00ff S:01ef D:0000 DB:00 nvMXdizc V:133 H: 740 F:15
c20434 sta $0d       [00000d] A:1aa4 X:0009 Y:00ff S:01ef D:0000 DB:00 NvMXdizc V:133 H: 760 F:15
c20436 rep #$20               A:1aa4 X:0009 Y:00ff S:01ef D:0000 DB:00 NvMXdizc V:133 H: 780 F:15
c20438 lda #$0000             A:1aa4 X:0009 Y:00ff S:01ef D:0000 DB:00 NvmXdizc V:133 H: 798 F:15
c2043b adc $0b       [00000b] A:0000 X:0009 Y:00ff S:01ef D:0000 DB:00 nvmXdiZc V:133 H: 816 F:15
c2043d sta $0e       [00000e] A:c68f X:0009 Y:00ff S:01ef D:0000 DB:00 NvmXdizc V:133 H: 844 F:15
c2043f sep #$20               A:c68f X:0009 Y:00ff S:01ef D:0000 DB:00 NvmXdizc V:133 H: 872 F:15
c20441 lda $0d9f,x   [000da8] A:c68f X:0009 Y:00ff S:01ef D:0000 DB:00 NvMXdizc V:133 H: 890 F:15
c20444 clc                    A:c601 X:0009 Y:00ff S:01ef D:0000 DB:00 nvMXdizc V:133 H: 916 F:15
c20445 adc $b1       [0000b1] A:c601 X:0009 Y:00ff S:01ef D:0000 DB:00 nvMXdizc V:133 H: 928 F:15
c20447 sta $0d9f,x   [000da8] A:c603 X:0009 Y:00ff S:01ef D:0000 DB:00 nvMXdizc V:133 H: 948 F:15
c2044a bra $0467     [c20467] A:c603 X:0009 Y:00ff S:01ef D:0000 DB:00 nvMXdizc V:133 H: 980 F:15
c20467 clc                    A:c603 X:0009 Y:00ff S:01ef D:0000 DB:00 nvMXdizc V:133 H: 998 F:15
c20468 lda $0d9f,x   [000da8] A:c603 X:0009 Y:00ff S:01ef D:0000 DB:00 nvMXdizc V:133 H:1010 F:15
c2046b adc $0a       [00000a] A:c603 X:0009 Y:00ff S:01ef D:0000 DB:00 nvMXdizc V:133 H:1036 F:15
c2046d sta $0a       [00000a] A:c6a6 X:0009 Y:00ff S:01ef D:0000 DB:00 NvMXdizc V:133 H:1056 F:15
c2046f rep #$20               A:c6a6 X:0009 Y:00ff S:01ef D:0000 DB:00 NvMXdizc V:133 H:1076 F:15
c20471 lda #$0000             A:c6a6 X:0009 Y:00ff S:01ef D:0000 DB:00 NvmXdizc V:133 H:1094 F:15
c20474 adc $0b       [00000b] A:0000 X:0009 Y:00ff S:01ef D:0000 DB:00 nvmXdiZc V:133 H:1112 F:15
c20476 sta $0b       [00000b] A:c68f X:0009 Y:00ff S:01ef D:0000 DB:00 NvmXdizc V:133 H:1140 F:15
c20478 sep #$20               A:c68f X:0009 Y:00ff S:01ef D:0000 DB:00 NvmXdizc V:133 H:1168 F:15
c2047a plx                    A:c68f X:0009 Y:00ff S:01ef D:0000 DB:00 NvMXdizc V:133 H:1186 F:15
c2047b rts                    A:c68f X:00b8 Y:00ff S:01f0 D:0000 DB:00 NvMXdizc V:133 H:1212 F:15
c203c2 jsr $0412     [c20412] A:c68f X:00b8 Y:00ff S:01f2 D:0000 DB:00 NvMXdizc V:133 H:1252 F:15
c20412 ldx $0073     [000073] A:c68f X:00b8 Y:00ff S:01f0 D:0000 DB:00 NvMXdizc V:133 H:1292 F:15
c20415 jsr $04ea     [c204ea] A:c68f X:0009 Y:00ff S:01f0 D:0000 DB:00 nvMXdizc V:133 H:1318 F:15
c204ea lda $0a       [00000a] A:c68f X:0009 Y:00ff S:01ee D:0000 DB:00 nvMXdizc V:133 H:1358 F:15
c204ec sta $0c87,x   [000c90] A:c6a6 X:0009 Y:00ff S:01ee D:0000 DB:00 NvMXdizc V:134 H:  14 F:15
c204ef lda $0b       [00000b] A:c6a6 X:0009 Y:00ff S:01ee D:0000 DB:00 NvMXdizc V:134 H:  46 F:15
c204f1 sta $0caf,x   [000cb8] A:c68f X:0009 Y:00ff S:01ee D:0000 DB:00 NvMXdizc V:134 H:  66 F:15
c204f4 lda $0c       [00000c] A:c68f X:0009 Y:00ff S:01ee D:0000 DB:00 NvMXdizc V:134 H:  98 F:15
c204f6 sta $0cd7,x   [000ce0] A:c6c6 X:0009 Y:00ff S:01ee D:0000 DB:00 NvMXdizc V:134 H: 118 F:15
c204f9 rts                    A:c6c6 X:0009 Y:00ff S:01ee D:0000 DB:00 NvMXdizc V:134 H: 150 F:15
c20418 ldy #$01               A:c6c6 X:0009 Y:00ff S:01f0 D:0000 DB:00 NvMXdizc V:134 H: 190 F:15
c2041a jmp [$00bd]   [0000bd] A:c6c6 X:0009 Y:0001 S:01f0 D:0000 DB:00 nvMXdizc V:134 H: 202 F:15
c21ac6 jsr $1ecf     [c21ecf] A:c6c6 X:0009 Y:0001 S:01f0 D:0000 DB:00 nvMXdizc V:134 H: 244 F:15
c21ecf rep #$20               A:c6c6 X:0009 Y:0001 S:01ee D:0000 DB:00 nvMXdizc V:134 H: 284 F:15
c21ed1 lda [$0d]     [c68fa4] A:c6c6 X:0009 Y:0001 S:01ee D:0000 DB:00 nvmXdizc V:134 H: 302 F:15
c21ed3 sta $bd       [0000bd] A:625d X:0009 Y:0001 S:01ee D:0000 DB:00 nvmXdizc V:134 H: 350 F:15
c21ed5 sep #$20               A:625d X:0009 Y:0001 S:01ee D:0000 DB:00 nvmXdizc V:134 H: 378 F:15
c21ed7 lda #$7e               A:625d X:0009 Y:0001 S:01ee D:0000 DB:00 nvMXdizc V:134 H: 396 F:15
c21ed9 sta $bf       [0000bf] A:627e X:0009 Y:0001 S:01ee D:0000 DB:00 nvMXdizc V:134 H: 408 F:15
c21edb rts                    A:627e X:0009 Y:0001 S:01ee D:0000 DB:00 nvMXdizc V:134 H: 428 F:15
c21ac9 lda [$bd]     [7e625d] A:627e X:0009 Y:0001 S:01f0 D:0000 DB:00 nvMXdizc V:134 H: 468 F:15
c21acb sta $0373     [000373] A:6234 X:0009 Y:0001 S:01f0 D:0000 DB:00 nvMXdizc V:134 H: 512 F:15
c21ace stz $0374     [000374] A:6234 X:0009 Y:0001 S:01f0 D:0000 DB:00 nvMXdizc V:134 H: 578 F:15
c21ad1 rts                    A:6234 X:0009 Y:0001 S:01f0 D:0000 DB:00 nvMXdizc V:134 H: 604 F:15
c203c5 bra $040f     [c2040f] A:6234 X:0009 Y:0001 S:01f2 D:0000 DB:00 nvMXdizc V:134 H: 644 F:15
c2040f plx                    A:6234 X:0009 Y:0001 S:01f2 D:0000 DB:00 nvMXdizc V:134 H: 662 F:15
c20410 ply                    A:6234 X:0009 Y:0001 S:01f3 D:0000 DB:00 nvMXdizc V:134 H: 688 F:15
c20411 rtl                    A:6234 X:0009 Y:00ff S:01f4 D:0000 DB:00 NvMXdizc V:134 H: 714 F:15
c20234 lda $0d77,x   [000d80] A:6234 X:0009 Y:00ff S:01f7 D:0000 DB:00 NvMXdizc V:134 H: 756 F:15
c20237 bmi $023b     [c2023b] A:6200 X:0009 Y:00ff S:01f7 D:0000 DB:00 nvMXdiZc V:134 H: 782 F:15
c20239 lda #$00               A:6200 X:0009 Y:00ff S:01f7 D:0000 DB:00 nvMXdiZc V:134 H: 794 F:15
c2023b and #$7f               A:6200 X:0009 Y:00ff S:01f7 D:0000 DB:00 nvMXdiZc V:134 H: 806 F:15
c2023d sta $0d77,x   [000d80] A:6200 X:0009 Y:00ff S:01f7 D:0000 DB:00 nvMXdiZc V:134 H: 818 F:15
c20240 bra $0222     [c20222] A:6200 X:0009 Y:00ff S:01f7 D:0000 DB:00 nvMXdiZc V:134 H: 850 F:15
c20222 lda $0380     [000380] A:6200 X:0009 Y:00ff S:01f7 D:0000 DB:00 nvMXdiZc V:134 H: 868 F:15
c20225 bit #$40               A:6200 X:0009 Y:00ff S:01f7 D:0000 DB:00 nvMXdiZc V:134 H: 894 F:15
c20227 bne $0242     [c20242] A:6200 X:0009 Y:00ff S:01f7 D:0000 DB:00 nvMXdiZc V:134 H: 906 F:15
c20229 jsr $0254     [c20254] A:6200 X:0009 Y:00ff S:01f7 D:0000 DB:00 nvMXdiZc V:134 H: 918 F:15
c20254 rep #$20               A:6200 X:0009 Y:00ff S:01f5 D:0000 DB:00 nvMXdiZc V:134 H: 958 F:15
c20256 lda $10       [000010] A:6200 X:0009 Y:00ff S:01f5 D:0000 DB:00 nvmXdiZc V:134 H: 976 F:15
c20258 cmp #$0400             A:0006 X:0009 Y:00ff S:01f5 D:0000 DB:00 nvmXdizc V:134 H:1004 F:15
c2025b bcc $025f     [c2025f] A:0006 X:0009 Y:00ff S:01f5 D:0000 DB:00 NvmXdizc V:134 H:1022 F:15
c2025f rep #$20               A:0006 X:0009 Y:00ff S:01f5 D:0000 DB:00 NvmXdizc V:134 H:1040 F:15
c20261 lda $0a       [00000a] A:0006 X:0009 Y:00ff S:01f5 D:0000 DB:00 NvmXdizc V:134 H:1058 F:15
c20263 cmp #$0000             A:8fa6 X:0009 Y:00ff S:01f5 D:0000 DB:00 NvmXdizc V:134 H:1086 F:15
c20266 sep #$20               A:8fa6 X:0009 Y:00ff S:01f5 D:0000 DB:00 NvmXdizC V:134 H:1104 F:15
c20268 lda $0c       [00000c] A:8fa6 X:0009 Y:00ff S:01f5 D:0000 DB:00 NvMXdizC V:134 H:1122 F:15
c2026a sbc #$c6               A:8fc6 X:0009 Y:00ff S:01f5 D:0000 DB:00 NvMXdizC V:134 H:1142 F:15
c2026c bcs $0270     [c20270] A:8f00 X:0009 Y:00ff S:01f5 D:0000 DB:00 nvMXdiZC V:134 H:1154 F:15
c20270 rts                    A:8f00 X:0009 Y:00ff S:01f5 D:0000 DB:00 nvMXdiZC V:134 H:1172 F:15
c2022c lda [$0a]     [c68fa6] A:8f00 X:0009 Y:00ff S:01f7 D:0000 DB:00 nvMXdiZC V:134 H:1212 F:15
c2022e beq $0242     [c20242] A:8f6d X:0009 Y:00ff S:01f7 D:0000 DB:00 nvMXdizC V:134 H:1254 F:15
c20230 jsl $c2038f   [c2038f] A:8f6d X:0009 Y:00ff S:01f7 D:0000 DB:00 nvMXdizC V:134 H:1266 F:15
c2038f phy                    A:8f6d X:0009 Y:00ff S:01f4 D:0000 DB:00 nvMXdizC V:134 H:1320 F:15
c20390 phx                    A:8f6d X:0009 Y:00ff S:01f3 D:0000 DB:00 nvMXdizC V:134 H:1340 F:15
c20391 lda #$c2               A:8f6d X:0009 Y:00ff S:01f2 D:0000 DB:00 nvMXdizC V:134 H:1360 F:15
c20393 sta $bf       [0000bf] A:8fc2 X:0009 Y:00ff S:01f2 D:0000 DB:00 NvMXdizC V:135 H:   8 F:15
c20395 sta $c2       [0000c2] A:8fc2 X:0009 Y:00ff S:01f2 D:0000 DB:00 NvMXdizC V:135 H:  28 F:15
c20397 lda [$0a]     [c68fa6] A:8fc2 X:0009 Y:00ff S:01f2 D:0000 DB:00 NvMXdizC V:135 H:  48 F:15
c20399 cmp #$fe               A:8f6d X:0009 Y:00ff S:01f2 D:0000 DB:00 nvMXdizC V:135 H:  90 F:15
c2039b bcs $03d1     [c203d1] A:8f6d X:0009 Y:00ff S:01f2 D:0000 DB:00 nvMXdizc V:135 H: 102 F:15
c2039d cmp #$fd               A:8f6d X:0009 Y:00ff S:01f2 D:0000 DB:00 nvMXdizc V:135 H: 114 F:15
c2039f beq $03cc     [c203cc] A:8f6d X:0009 Y:00ff S:01f2 D:0000 DB:00 nvMXdizc V:135 H: 126 F:15
c203a1 cmp #$fc               A:8f6d X:0009 Y:00ff S:01f2 D:0000 DB:00 nvMXdizc V:135 H: 138 F:15
c203a3 beq $03c7     [c203c7] A:8f6d X:0009 Y:00ff S:01f2 D:0000 DB:00 nvMXdizc V:135 H: 150 F:15
c203a5 dec                    A:8f6d X:0009 Y:00ff S:01f2 D:0000 DB:00 nvMXdizc V:135 H: 162 F:15
c203a6 tax                    A:8f6c X:0009 Y:00ff S:01f2 D:0000 DB:00 nvMXdizc V:135 H: 174 F:15
c203a7 lda $c20af5,x [c20b61] A:8f6c X:006c Y:00ff S:01f2 D:0000 DB:00 nvMXdizc V:135 H: 186 F:15
c203ab sta $b1       [0000b1] A:8f01 X:006c Y:00ff S:01f2 D:0000 DB:00 nvMXdizc V:135 H: 216 F:15
c203ad txa                    A:8f01 X:006c Y:00ff S:01f2 D:0000 DB:00 nvMXdizc V:135 H: 236 F:15
c203ae rep #$30               A:8f6c X:006c Y:00ff S:01f2 D:0000 DB:00 nvMXdizc V:135 H: 248 F:15
c203b0 and #$00ff             A:8f6c X:006c Y:00ff S:01f2 D:0000 DB:00 nvmxdizc V:135 H: 266 F:15
c203b3 asl a                  A:006c X:006c Y:00ff S:01f2 D:0000 DB:00 nvmxdizc V:135 H: 284 F:15
c203b4 tax                    A:00d8 X:006c Y:00ff S:01f2 D:0000 DB:00 nvmxdizc V:135 H: 296 F:15
c203b5 lda $c204fa,x [c205d2] A:00d8 X:00d8 Y:00ff S:01f2 D:0000 DB:00 nvmxdizc V:135 H: 308 F:15
c203b9 sta $bd       [0000bd] A:1b8d X:00d8 Y:00ff S:01f2 D:0000 DB:00 nvmxdizc V:135 H: 344 F:15
c203bb sep #$30               A:1b8d X:00d8 Y:00ff S:01f2 D:0000 DB:00 nvmxdizc V:135 H: 372 F:15
c203bd lda #$01               A:1b8d X:00d8 Y:00ff S:01f2 D:0000 DB:00 nvMXdizc V:135 H: 390 F:15
c203bf jsr $041d     [c2041d] A:1b01 X:00d8 Y:00ff S:01f2 D:0000 DB:00 nvMXdizc V:135 H: 402 F:15
c2041d phx                    A:1b01 X:00d8 Y:00ff S:01f0 D:0000 DB:00 nvMXdizc V:135 H: 442 F:15
c2041e ldx $0073     [000073] A:1b01 X:00d8 Y:00ff S:01ef D:0000 DB:00 nvMXdizc V:135 H: 462 F:15
c20421 sta $0d9f,x   [000da8] A:1b01 X:0009 Y:00ff S:01ef D:0000 DB:00 nvMXdizc V:135 H: 488 F:15
c20424 lda $b1       [0000b1] A:1b01 X:0009 Y:00ff S:01ef D:0000 DB:00 nvMXdizc V:135 H: 520 F:15
c20426 sta $0dc7,x   [000dd0] A:1b01 X:0009 Y:00ff S:01ef D:0000 DB:00 nvMXdizc V:135 H: 580 F:15
c20429 lda $0d77,x   [000d80] A:1b01 X:0009 Y:00ff S:01ef D:0000 DB:00 nvMXdizc V:135 H: 612 F:15
c2042c bne $044c     [c2044c] A:1b00 X:0009 Y:00ff S:01ef D:0000 DB:00 nvMXdiZc V:135 H: 638 F:15
c2042e clc                    A:1b00 X:0009 Y:00ff S:01ef D:0000 DB:00 nvMXdiZc V:135 H: 650 F:15
c2042f lda $0d9f,x   [000da8] A:1b00 X:0009 Y:00ff S:01ef D:0000 DB:00 nvMXdiZc V:135 H: 662 F:15
c20432 adc $0a       [00000a] A:1b01 X:0009 Y:00ff S:01ef D:0000 DB:00 nvMXdizc V:135 H: 688 F:15
c20434 sta $0d       [00000d] A:1ba7 X:0009 Y:00ff S:01ef D:0000 DB:00 NvMXdizc V:135 H: 708 F:15
c20436 rep #$20               A:1ba7 X:0009 Y:00ff S:01ef D:0000 DB:00 NvMXdizc V:135 H: 728 F:15
c20438 lda #$0000             A:1ba7 X:0009 Y:00ff S:01ef D:0000 DB:00 NvmXdizc V:135 H: 746 F:15
c2043b adc $0b       [00000b] A:0000 X:0009 Y:00ff S:01ef D:0000 DB:00 nvmXdiZc V:135 H: 764 F:15
c2043d sta $0e       [00000e] A:c68f X:0009 Y:00ff S:01ef D:0000 DB:00 NvmXdizc V:135 H: 792 F:15
c2043f sep #$20               A:c68f X:0009 Y:00ff S:01ef D:0000 DB:00 NvmXdizc V:135 H: 820 F:15
c20441 lda $0d9f,x   [000da8] A:c68f X:0009 Y:00ff S:01ef D:0000 DB:00 NvMXdizc V:135 H: 838 F:15
c20444 clc                    A:c601 X:0009 Y:00ff S:01ef D:0000 DB:00 nvMXdizc V:135 H: 864 F:15
c20445 adc $b1       [0000b1] A:c601 X:0009 Y:00ff S:01ef D:0000 DB:00 nvMXdizc V:135 H: 876 F:15
c20447 sta $0d9f,x   [000da8] A:c602 X:0009 Y:00ff S:01ef D:0000 DB:00 nvMXdizc V:135 H: 896 F:15
c2044a bra $0467     [c20467] A:c602 X:0009 Y:00ff S:01ef D:0000 DB:00 nvMXdizc V:135 H: 928 F:15
c20467 clc                    A:c602 X:0009 Y:00ff S:01ef D:0000 DB:00 nvMXdizc V:135 H: 946 F:15
c20468 lda $0d9f,x   [000da8] A:c602 X:0009 Y:00ff S:01ef D:0000 DB:00 nvMXdizc V:135 H: 958 F:15
c2046b adc $0a       [00000a] A:c602 X:0009 Y:00ff S:01ef D:0000 DB:00 nvMXdizc V:135 H: 984 F:15
c2046d sta $0a       [00000a] A:c6a8 X:0009 Y:00ff S:01ef D:0000 DB:00 NvMXdizc V:135 H:1004 F:15
c2046f rep #$20               A:c6a8 X:0009 Y:00ff S:01ef D:0000 DB:00 NvMXdizc V:135 H:1024 F:15
c20471 lda #$0000             A:c6a8 X:0009 Y:00ff S:01ef D:0000 DB:00 NvmXdizc V:135 H:1042 F:15
c20474 adc $0b       [00000b] A:0000 X:0009 Y:00ff S:01ef D:0000 DB:00 nvmXdiZc V:135 H:1060 F:15
c20476 sta $0b       [00000b] A:c68f X:0009 Y:00ff S:01ef D:0000 DB:00 NvmXdizc V:135 H:1088 F:15
c20478 sep #$20               A:c68f X:0009 Y:00ff S:01ef D:0000 DB:00 NvmXdizc V:135 H:1116 F:15
c2047a plx                    A:c68f X:0009 Y:00ff S:01ef D:0000 DB:00 NvMXdizc V:135 H:1134 F:15
c2047b rts                    A:c68f X:00d8 Y:00ff S:01f0 D:0000 DB:00 NvMXdizc V:135 H:1160 F:15
c203c2 jsr $0412     [c20412] A:c68f X:00d8 Y:00ff S:01f2 D:0000 DB:00 NvMXdizc V:135 H:1200 F:15
c20412 ldx $0073     [000073] A:c68f X:00d8 Y:00ff S:01f0 D:0000 DB:00 NvMXdizc V:135 H:1240 F:15
c20415 jsr $04ea     [c204ea] A:c68f X:0009 Y:00ff S:01f0 D:0000 DB:00 nvMXdizc V:135 H:1266 F:15
c204ea lda $0a       [00000a] A:c68f X:0009 Y:00ff S:01ee D:0000 DB:00 nvMXdizc V:135 H:1306 F:15
c204ec sta $0c87,x   [000c90] A:c6a8 X:0009 Y:00ff S:01ee D:0000 DB:00 NvMXdizc V:135 H:1326 F:15
c204ef lda $0b       [00000b] A:c6a8 X:0009 Y:00ff S:01ee D:0000 DB:00 NvMXdizc V:135 H:1358 F:15
c204f1 sta $0caf,x   [000cb8] A:c68f X:0009 Y:00ff S:01ee D:0000 DB:00 NvMXdizc V:136 H:  14 F:15
c204f4 lda $0c       [00000c] A:c68f X:0009 Y:00ff S:01ee D:0000 DB:00 NvMXdizc V:136 H:  46 F:15
c204f6 sta $0cd7,x   [000ce0] A:c6c6 X:0009 Y:00ff S:01ee D:0000 DB:00 NvMXdizc V:136 H:  66 F:15
c204f9 rts                    A:c6c6 X:0009 Y:00ff S:01ee D:0000 DB:00 NvMXdizc V:136 H:  98 F:15
c20418 ldy #$01               A:c6c6 X:0009 Y:00ff S:01f0 D:0000 DB:00 NvMXdizc V:136 H: 138 F:15
c2041a jmp [$00bd]   [0000bd] A:c6c6 X:0009 Y:0001 S:01f0 D:0000 DB:00 nvMXdizc V:136 H: 150 F:15
c21b8d lda [$0d]     [c68fa7] A:c6c6 X:0009 Y:0001 S:01f0 D:0000 DB:00 nvMXdizc V:136 H: 192 F:15
c21b8f bra $1b96     [c21b96] A:c604 X:0009 Y:0001 S:01f0 D:0000 DB:00 nvMXdizc V:136 H: 234 F:15
c21b96 and $0373     [000373] A:c604 X:0009 Y:0001 S:01f0 D:0000 DB:00 nvMXdizc V:136 H: 252 F:15
c21b99 sta $0373     [000373] A:c604 X:0009 Y:0001 S:01f0 D:0000 DB:00 nvMXdizc V:136 H: 278 F:15
c21b9c stz $0374     [000374] A:c604 X:0009 Y:0001 S:01f0 D:0000 DB:00 nvMXdizc V:136 H: 304 F:15
c21b9f rts                    A:c604 X:0009 Y:0001 S:01f0 D:0000 DB:00 nvMXdizc V:136 H: 330 F:15
c203c5 bra $040f     [c2040f] A:c604 X:0009 Y:0001 S:01f2 D:0000 DB:00 nvMXdizc V:136 H: 370 F:15
c2040f plx                    A:c604 X:0009 Y:0001 S:01f2 D:0000 DB:00 nvMXdizc V:136 H: 388 F:15
c20410 ply                    A:c604 X:0009 Y:0001 S:01f3 D:0000 DB:00 nvMXdizc V:136 H: 414 F:15
c20411 rtl                    A:c604 X:0009 Y:00ff S:01f4 D:0000 DB:00 NvMXdizc V:136 H: 440 F:15
c20234 lda $0d77,x   [000d80] A:c604 X:0009 Y:00ff S:01f7 D:0000 DB:00 NvMXdizc V:136 H: 482 F:15
c20237 bmi $023b     [c2023b] A:c600 X:0009 Y:00ff S:01f7 D:0000 DB:00 nvMXdiZc V:136 H: 508 F:15
c20239 lda #$00               A:c600 X:0009 Y:00ff S:01f7 D:0000 DB:00 nvMXdiZc V:136 H: 520 F:15
c2023b and #$7f               A:c600 X:0009 Y:00ff S:01f7 D:0000 DB:00 nvMXdiZc V:136 H: 532 F:15
c2023d sta $0d77,x   [000d80] A:c600 X:0009 Y:00ff S:01f7 D:0000 DB:00 nvMXdiZc V:136 H: 584 F:15
c20240 bra $0222     [c20222] A:c600 X:0009 Y:00ff S:01f7 D:0000 DB:00 nvMXdiZc V:136 H: 616 F:15
c20222 lda $0380     [000380] A:c600 X:0009 Y:00ff S:01f7 D:0000 DB:00 nvMXdiZc V:136 H: 634 F:15
c20225 bit #$40               A:c600 X:0009 Y:00ff S:01f7 D:0000 DB:00 nvMXdiZc V:136 H: 660 F:15
c20227 bne $0242     [c20242] A:c600 X:0009 Y:00ff S:01f7 D:0000 DB:00 nvMXdiZc V:136 H: 672 F:15
c20229 jsr $0254     [c20254] A:c600 X:0009 Y:00ff S:01f7 D:0000 DB:00 nvMXdiZc V:136 H: 684 F:15
c20254 rep #$20               A:c600 X:0009 Y:00ff S:01f5 D:0000 DB:00 nvMXdiZc V:136 H: 724 F:15
c20256 lda $10       [000010] A:c600 X:0009 Y:00ff S:01f5 D:0000 DB:00 nvmXdiZc V:136 H: 742 F:15
c20258 cmp #$0400             A:0006 X:0009 Y:00ff S:01f5 D:0000 DB:00 nvmXdizc V:136 H: 770 F:15
c2025b bcc $025f     [c2025f] A:0006 X:0009 Y:00ff S:01f5 D:0000 DB:00 NvmXdizc V:136 H: 788 F:15
c2025f rep #$20               A:0006 X:0009 Y:00ff S:01f5 D:0000 DB:00 NvmXdizc V:136 H: 806 F:15
c20261 lda $0a       [00000a] A:0006 X:0009 Y:00ff S:01f5 D:0000 DB:00 NvmXdizc V:136 H: 824 F:15
c20263 cmp #$0000             A:8fa8 X:0009 Y:00ff S:01f5 D:0000 DB:00 NvmXdizc V:136 H: 852 F:15
c20266 sep #$20               A:8fa8 X:0009 Y:00ff S:01f5 D:0000 DB:00 NvmXdizC V:136 H: 870 F:15
c20268 lda $0c       [00000c] A:8fa8 X:0009 Y:00ff S:01f5 D:0000 DB:00 NvMXdizC V:136 H: 888 F:15
c2026a sbc #$c6               A:8fc6 X:0009 Y:00ff S:01f5 D:0000 DB:00 NvMXdizC V:136 H: 908 F:15
c2026c bcs $0270     [c20270] A:8f00 X:0009 Y:00ff S:01f5 D:0000 DB:00 nvMXdiZC V:136 H: 920 F:15
c20270 rts                    A:8f00 X:0009 Y:00ff S:01f5 D:0000 DB:00 nvMXdiZC V:136 H: 938 F:15
c2022c lda [$0a]     [c68fa8] A:8f00 X:0009 Y:00ff S:01f7 D:0000 DB:00 nvMXdiZC V:136 H: 978 F:15
c2022e beq $0242     [c20242] A:8f8a X:0009 Y:00ff S:01f7 D:0000 DB:00 NvMXdizC V:136 H:1020 F:15
c20230 jsl $c2038f   [c2038f] A:8f8a X:0009 Y:00ff S:01f7 D:0000 DB:00 NvMXdizC V:136 H:1032 F:15
c2038f phy                    A:8f8a X:0009 Y:00ff S:01f4 D:0000 DB:00 NvMXdizC V:136 H:1086 F:15
c20390 phx                    A:8f8a X:0009 Y:00ff S:01f3 D:0000 DB:00 NvMXdizC V:136 H:1106 F:15
c20391 lda #$c2               A:8f8a X:0009 Y:00ff S:01f2 D:0000 DB:00 NvMXdizC V:136 H:1126 F:15
c20393 sta $bf       [0000bf] A:8fc2 X:0009 Y:00ff S:01f2 D:0000 DB:00 NvMXdizC V:136 H:1138 F:15
c20395 sta $c2       [0000c2] A:8fc2 X:0009 Y:00ff S:01f2 D:0000 DB:00 NvMXdizC V:136 H:1158 F:15
c20397 lda [$0a]     [c68fa8] A:8fc2 X:0009 Y:00ff S:01f2 D:0000 DB:00 NvMXdizC V:136 H:1178 F:15
c20399 cmp #$fe               A:8f8a X:0009 Y:00ff S:01f2 D:0000 DB:00 NvMXdizC V:136 H:1220 F:15
c2039b bcs $03d1     [c203d1] A:8f8a X:0009 Y:00ff S:01f2 D:0000 DB:00 NvMXdizc V:136 H:1232 F:15
c2039d cmp #$fd               A:8f8a X:0009 Y:00ff S:01f2 D:0000 DB:00 NvMXdizc V:136 H:1244 F:15
c2039f beq $03cc     [c203cc] A:8f8a X:0009 Y:00ff S:01f2 D:0000 DB:00 NvMXdizc V:136 H:1256 F:15
c203a1 cmp #$fc               A:8f8a X:0009 Y:00ff S:01f2 D:0000 DB:00 NvMXdizc V:136 H:1268 F:15
c203a3 beq $03c7     [c203c7] A:8f8a X:0009 Y:00ff S:01f2 D:0000 DB:00 NvMXdizc V:136 H:1280 F:15
c203a5 dec                    A:8f8a X:0009 Y:00ff S:01f2 D:0000 DB:00 NvMXdizc V:136 H:1292 F:15
c203a6 tax                    A:8f89 X:0009 Y:00ff S:01f2 D:0000 DB:00 NvMXdizc V:136 H:1304 F:15
c203a7 lda $c20af5,x [c20b7e] A:8f89 X:0089 Y:00ff S:01f2 D:0000 DB:00 NvMXdizc V:136 H:1316 F:15
c203ab sta $b1       [0000b1] A:8f01 X:0089 Y:00ff S:01f2 D:0000 DB:00 nvMXdizc V:136 H:1346 F:15
c203ad txa                    A:8f01 X:0089 Y:00ff S:01f2 D:0000 DB:00 nvMXdizc V:137 H:   2 F:15
c203ae rep #$30               A:8f89 X:0089 Y:00ff S:01f2 D:0000 DB:00 NvMXdizc V:137 H:  14 F:15
c203b0 and #$00ff             A:8f89 X:0089 Y:00ff S:01f2 D:0000 DB:00 Nvmxdizc V:137 H:  32 F:15
c203b3 asl a                  A:0089 X:0089 Y:00ff S:01f2 D:0000 DB:00 nvmxdizc V:137 H:  50 F:15
c203b4 tax                    A:0112 X:0089 Y:00ff S:01f2 D:0000 DB:00 nvmxdizc V:137 H:  62 F:15
c203b5 lda $c204fa,x [c2060c] A:0112 X:0112 Y:00ff S:01f2 D:0000 DB:00 nvmxdizc V:137 H:  74 F:15
c203b9 sta $bd       [0000bd] A:1d02 X:0112 Y:00ff S:01f2 D:0000 DB:00 nvmxdizc V:137 H: 110 F:15
c203bb sep #$30               A:1d02 X:0112 Y:00ff S:01f2 D:0000 DB:00 nvmxdizc V:137 H: 138 F:15
c203bd lda #$01               A:1d02 X:0012 Y:00ff S:01f2 D:0000 DB:00 nvMXdizc V:137 H: 156 F:15
c203bf jsr $041d     [c2041d] A:1d01 X:0012 Y:00ff S:01f2 D:0000 DB:00 nvMXdizc V:137 H: 168 F:15
c2041d phx                    A:1d01 X:0012 Y:00ff S:01f0 D:0000 DB:00 nvMXdizc V:137 H: 208 F:15
c2041e ldx $0073     [000073] A:1d01 X:0012 Y:00ff S:01ef D:0000 DB:00 nvMXdizc V:137 H: 228 F:15
c20421 sta $0d9f,x   [000da8] A:1d01 X:0009 Y:00ff S:01ef D:0000 DB:00 nvMXdizc V:137 H: 254 F:15
c20424 lda $b1       [0000b1] A:1d01 X:0009 Y:00ff S:01ef D:0000 DB:00 nvMXdizc V:137 H: 286 F:15
c20426 sta $0dc7,x   [000dd0] A:1d01 X:0009 Y:00ff S:01ef D:0000 DB:00 nvMXdizc V:137 H: 306 F:15
c20429 lda $0d77,x   [000d80] A:1d01 X:0009 Y:00ff S:01ef D:0000 DB:00 nvMXdizc V:137 H: 338 F:15
c2042c bne $044c     [c2044c] A:1d00 X:0009 Y:00ff S:01ef D:0000 DB:00 nvMXdiZc V:137 H: 364 F:15
c2042e clc                    A:1d00 X:0009 Y:00ff S:01ef D:0000 DB:00 nvMXdiZc V:137 H: 376 F:15
c2042f lda $0d9f,x   [000da8] A:1d00 X:0009 Y:00ff S:01ef D:0000 DB:00 nvMXdiZc V:137 H: 388 F:15
c20432 adc $0a       [00000a] A:1d01 X:0009 Y:00ff S:01ef D:0000 DB:00 nvMXdizc V:137 H: 414 F:15
c20434 sta $0d       [00000d] A:1da9 X:0009 Y:00ff S:01ef D:0000 DB:00 NvMXdizc V:137 H: 434 F:15
c20436 rep #$20               A:1da9 X:0009 Y:00ff S:01ef D:0000 DB:00 NvMXdizc V:137 H: 454 F:15
c20438 lda #$0000             A:1da9 X:0009 Y:00ff S:01ef D:0000 DB:00 NvmXdizc V:137 H: 472 F:15
c2043b adc $0b       [00000b] A:0000 X:0009 Y:00ff S:01ef D:0000 DB:00 nvmXdiZc V:137 H: 490 F:15
c2043d sta $0e       [00000e] A:c68f X:0009 Y:00ff S:01ef D:0000 DB:00 NvmXdizc V:137 H: 518 F:15
c2043f sep #$20               A:c68f X:0009 Y:00ff S:01ef D:0000 DB:00 NvmXdizc V:137 H: 586 F:15
c20441 lda $0d9f,x   [000da8] A:c68f X:0009 Y:00ff S:01ef D:0000 DB:00 NvMXdizc V:137 H: 604 F:15
c20444 clc                    A:c601 X:0009 Y:00ff S:01ef D:0000 DB:00 nvMXdizc V:137 H: 630 F:15
c20445 adc $b1       [0000b1] A:c601 X:0009 Y:00ff S:01ef D:0000 DB:00 nvMXdizc V:137 H: 642 F:15
c20447 sta $0d9f,x   [000da8] A:c602 X:0009 Y:00ff S:01ef D:0000 DB:00 nvMXdizc V:137 H: 662 F:15
c2044a bra $0467     [c20467] A:c602 X:0009 Y:00ff S:01ef D:0000 DB:00 nvMXdizc V:137 H: 694 F:15
c20467 clc                    A:c602 X:0009 Y:00ff S:01ef D:0000 DB:00 nvMXdizc V:137 H: 712 F:15
c20468 lda $0d9f,x   [000da8] A:c602 X:0009 Y:00ff S:01ef D:0000 DB:00 nvMXdizc V:137 H: 724 F:15
c2046b adc $0a       [00000a] A:c602 X:0009 Y:00ff S:01ef D:0000 DB:00 nvMXdizc V:137 H: 750 F:15
c2046d sta $0a       [00000a] A:c6aa X:0009 Y:00ff S:01ef D:0000 DB:00 NvMXdizc V:137 H: 770 F:15
c2046f rep #$20               A:c6aa X:0009 Y:00ff S:01ef D:0000 DB:00 NvMXdizc V:137 H: 790 F:15
c20471 lda #$0000             A:c6aa X:0009 Y:00ff S:01ef D:0000 DB:00 NvmXdizc V:137 H: 808 F:15
c20474 adc $0b       [00000b] A:0000 X:0009 Y:00ff S:01ef D:0000 DB:00 nvmXdiZc V:137 H: 826 F:15
c20476 sta $0b       [00000b] A:c68f X:0009 Y:00ff S:01ef D:0000 DB:00 NvmXdizc V:137 H: 854 F:15
c20478 sep #$20               A:c68f X:0009 Y:00ff S:01ef D:0000 DB:00 NvmXdizc V:137 H: 882 F:15
c2047a plx                    A:c68f X:0009 Y:00ff S:01ef D:0000 DB:00 NvMXdizc V:137 H: 900 F:15
c2047b rts                    A:c68f X:0012 Y:00ff S:01f0 D:0000 DB:00 nvMXdizc V:137 H: 926 F:15
c203c2 jsr $0412     [c20412] A:c68f X:0012 Y:00ff S:01f2 D:0000 DB:00 nvMXdizc V:137 H: 966 F:15
c20412 ldx $0073     [000073] A:c68f X:0012 Y:00ff S:01f0 D:0000 DB:00 nvMXdizc V:137 H:1006 F:15
c20415 jsr $04ea     [c204ea] A:c68f X:0009 Y:00ff S:01f0 D:0000 DB:00 nvMXdizc V:137 H:1032 F:15
c204ea lda $0a       [00000a] A:c68f X:0009 Y:00ff S:01ee D:0000 DB:00 nvMXdizc V:137 H:1072 F:15
c204ec sta $0c87,x   [000c90] A:c6aa X:0009 Y:00ff S:01ee D:0000 DB:00 NvMXdizc V:137 H:1092 F:15
c204ef lda $0b       [00000b] A:c6aa X:0009 Y:00ff S:01ee D:0000 DB:00 NvMXdizc V:137 H:1124 F:15
c204f1 sta $0caf,x   [000cb8] A:c68f X:0009 Y:00ff S:01ee D:0000 DB:00 NvMXdizc V:137 H:1144 F:15
c204f4 lda $0c       [00000c] A:c68f X:0009 Y:00ff S:01ee D:0000 DB:00 NvMXdizc V:137 H:1176 F:15
c204f6 sta $0cd7,x   [000ce0] A:c6c6 X:0009 Y:00ff S:01ee D:0000 DB:00 NvMXdizc V:137 H:1196 F:15
c204f9 rts                    A:c6c6 X:0009 Y:00ff S:01ee D:0000 DB:00 NvMXdizc V:137 H:1228 F:15
c20418 ldy #$01               A:c6c6 X:0009 Y:00ff S:01f0 D:0000 DB:00 NvMXdizc V:137 H:1268 F:15
c2041a jmp [$00bd]   [0000bd] A:c6c6 X:0009 Y:0001 S:01f0 D:0000 DB:00 nvMXdizc V:137 H:1280 F:15
c21d02 jsr $1edc     [c21edc] A:c6c6 X:0009 Y:0001 S:01f0 D:0000 DB:00 nvMXdizc V:137 H:1322 F:15
c21edc lda [$0d]     [c68fa9] A:c6c6 X:0009 Y:0001 S:01ee D:0000 DB:00 nvMXdizc V:137 H:1362 F:15
c21ede sta $b1       [0000b1] A:c600 X:0009 Y:0001 S:01ee D:0000 DB:00 nvMXdiZc V:138 H:  40 F:15
c21ee0 stz $b2       [0000b2] A:c600 X:0009 Y:0001 S:01ee D:0000 DB:00 nvMXdiZc V:138 H:  60 F:15
c21ee2 bra $1f04     [c21f04] A:c600 X:0009 Y:0001 S:01ee D:0000 DB:00 nvMXdiZc V:138 H:  80 F:15
c21f04 rep #$20               A:c600 X:0009 Y:0001 S:01ee D:0000 DB:00 nvMXdiZc V:138 H:  98 F:15
c21f06 lda $0373     [000373] A:c600 X:0009 Y:0001 S:01ee D:0000 DB:00 nvmXdiZc V:138 H: 116 F:15
c21f09 cmp $b1       [0000b1] A:0004 X:0009 Y:0001 S:01ee D:0000 DB:00 nvmXdizc V:138 H: 150 F:15
c21f0b sep #$20               A:0004 X:0009 Y:0001 S:01ee D:0000 DB:00 nvmXdizC V:138 H: 178 F:15
c21f0d rts                    A:0004 X:0009 Y:0001 S:01ee D:0000 DB:00 nvMXdizC V:138 H: 196 F:15
c21d05 bra $1d14     [c21d14] A:0004 X:0009 Y:0001 S:01f0 D:0000 DB:00 nvMXdizC V:138 H: 236 F:15
c21d14 bne $1d74     [c21d74] A:0004 X:0009 Y:0001 S:01f0 D:0000 DB:00 nvMXdizC V:138 H: 254 F:15
c21d74 rep #$20               A:0004 X:0009 Y:0001 S:01f0 D:0000 DB:00 nvMXdizC V:138 H: 272 F:15
c21d76 lda #$ffff             A:0004 X:0009 Y:0001 S:01f0 D:0000 DB:00 nvmXdizC V:138 H: 290 F:15
c21d79 sta $0373     [000373] A:ffff X:0009 Y:0001 S:01f0 D:0000 DB:00 NvmXdizC V:138 H: 308 F:15
c21d7c sep #$20               A:ffff X:0009 Y:0001 S:01f0 D:0000 DB:00 NvmXdizC V:138 H: 342 F:15
c21d7e rts                    A:ffff X:0009 Y:0001 S:01f0 D:0000 DB:00 NvMXdizC V:138 H: 360 F:15
c203c5 bra $040f     [c2040f] A:ffff X:0009 Y:0001 S:01f2 D:0000 DB:00 NvMXdizC V:138 H: 400 F:15
c2040f plx                    A:ffff X:0009 Y:0001 S:01f2 D:0000 DB:00 NvMXdizC V:138 H: 418 F:15
c20410 ply                    A:ffff X:0009 Y:0001 S:01f3 D:0000 DB:00 nvMXdizC V:138 H: 444 F:15
c20411 rtl                    A:ffff X:0009 Y:00ff S:01f4 D:0000 DB:00 NvMXdizC V:138 H: 470 F:15
c20234 lda $0d77,x   [000d80] A:ffff X:0009 Y:00ff S:01f7 D:0000 DB:00 NvMXdizC V:138 H: 512 F:15
c20237 bmi $023b     [c2023b] A:ff00 X:0009 Y:00ff S:01f7 D:0000 DB:00 nvMXdiZC V:138 H: 578 F:15
c20239 lda #$00               A:ff00 X:0009 Y:00ff S:01f7 D:0000 DB:00 nvMXdiZC V:138 H: 590 F:15
c2023b and #$7f               A:ff00 X:0009 Y:00ff S:01f7 D:0000 DB:00 nvMXdiZC V:138 H: 602 F:15
c2023d sta $0d77,x   [000d80] A:ff00 X:0009 Y:00ff S:01f7 D:0000 DB:00 nvMXdiZC V:138 H: 614 F:15
c20240 bra $0222     [c20222] A:ff00 X:0009 Y:00ff S:01f7 D:0000 DB:00 nvMXdiZC V:138 H: 646 F:15
c20222 lda $0380     [000380] A:ff00 X:0009 Y:00ff S:01f7 D:0000 DB:00 nvMXdiZC V:138 H: 664 F:15
c20225 bit #$40               A:ff00 X:0009 Y:00ff S:01f7 D:0000 DB:00 nvMXdiZC V:138 H: 690 F:15
c20227 bne $0242     [c20242] A:ff00 X:0009 Y:00ff S:01f7 D:0000 DB:00 nvMXdiZC V:138 H: 702 F:15
c20229 jsr $0254     [c20254] A:ff00 X:0009 Y:00ff S:01f7 D:0000 DB:00 nvMXdiZC V:138 H: 714 F:15
c20254 rep #$20               A:ff00 X:0009 Y:00ff S:01f5 D:0000 DB:00 nvMXdiZC V:138 H: 754 F:15
c20256 lda $10       [000010] A:ff00 X:0009 Y:00ff S:01f5 D:0000 DB:00 nvmXdiZC V:138 H: 772 F:15
c20258 cmp #$0400             A:0006 X:0009 Y:00ff S:01f5 D:0000 DB:00 nvmXdizC V:138 H: 800 F:15
c2025b bcc $025f     [c2025f] A:0006 X:0009 Y:00ff S:01f5 D:0000 DB:00 NvmXdizc V:138 H: 818 F:15
c2025f rep #$20               A:0006 X:0009 Y:00ff S:01f5 D:0000 DB:00 NvmXdizc V:138 H: 836 F:15
c20261 lda $0a       [00000a] A:0006 X:0009 Y:00ff S:01f5 D:0000 DB:00 NvmXdizc V:138 H: 854 F:15
c20263 cmp #$0000             A:8faa X:0009 Y:00ff S:01f5 D:0000 DB:00 NvmXdizc V:138 H: 882 F:15
c20266 sep #$20               A:8faa X:0009 Y:00ff S:01f5 D:0000 DB:00 NvmXdizC V:138 H: 900 F:15
c20268 lda $0c       [00000c] A:8faa X:0009 Y:00ff S:01f5 D:0000 DB:00 NvMXdizC V:138 H: 918 F:15
c2026a sbc #$c6               A:8fc6 X:0009 Y:00ff S:01f5 D:0000 DB:00 NvMXdizC V:138 H: 938 F:15
c2026c bcs $0270     [c20270] A:8f00 X:0009 Y:00ff S:01f5 D:0000 DB:00 nvMXdiZC V:138 H: 950 F:15
c20270 rts                    A:8f00 X:0009 Y:00ff S:01f5 D:0000 DB:00 nvMXdiZC V:138 H: 968 F:15
c2022c lda [$0a]     [c68faa] A:8f00 X:0009 Y:00ff S:01f7 D:0000 DB:00 nvMXdiZC V:138 H:1008 F:15
c2022e beq $0242     [c20242] A:8f49 X:0009 Y:00ff S:01f7 D:0000 DB:00 nvMXdizC V:138 H:1050 F:15
c20230 jsl $c2038f   [c2038f] A:8f49 X:0009 Y:00ff S:01f7 D:0000 DB:00 nvMXdizC V:138 H:1062 F:15
c2038f phy                    A:8f49 X:0009 Y:00ff S:01f4 D:0000 DB:00 nvMXdizC V:138 H:1116 F:15
c20390 phx                    A:8f49 X:0009 Y:00ff S:01f3 D:0000 DB:00 nvMXdizC V:138 H:1136 F:15
c20391 lda #$c2               A:8f49 X:0009 Y:00ff S:01f2 D:0000 DB:00 nvMXdizC V:138 H:1156 F:15
c20393 sta $bf       [0000bf] A:8fc2 X:0009 Y:00ff S:01f2 D:0000 DB:00 NvMXdizC V:138 H:1168 F:15
c20395 sta $c2       [0000c2] A:8fc2 X:0009 Y:00ff S:01f2 D:0000 DB:00 NvMXdizC V:138 H:1188 F:15
c20397 lda [$0a]     [c68faa] A:8fc2 X:0009 Y:00ff S:01f2 D:0000 DB:00 NvMXdizC V:138 H:1208 F:15
c20399 cmp #$fe               A:8f49 X:0009 Y:00ff S:01f2 D:0000 DB:00 nvMXdizC V:138 H:1250 F:15
c2039b bcs $03d1     [c203d1] A:8f49 X:0009 Y:00ff S:01f2 D:0000 DB:00 nvMXdizc V:138 H:1262 F:15
c2039d cmp #$fd               A:8f49 X:0009 Y:00ff S:01f2 D:0000 DB:00 nvMXdizc V:138 H:1274 F:15
c2039f beq $03cc     [c203cc] A:8f49 X:0009 Y:00ff S:01f2 D:0000 DB:00 nvMXdizc V:138 H:1286 F:15
c203a1 cmp #$fc               A:8f49 X:0009 Y:00ff S:01f2 D:0000 DB:00 nvMXdizc V:138 H:1298 F:15
c203a3 beq $03c7     [c203c7] A:8f49 X:0009 Y:00ff S:01f2 D:0000 DB:00 nvMXdizc V:138 H:1310 F:15
c203a5 dec                    A:8f49 X:0009 Y:00ff S:01f2 D:0000 DB:00 nvMXdizc V:138 H:1322 F:15
c203a6 tax                    A:8f48 X:0009 Y:00ff S:01f2 D:0000 DB:00 nvMXdizc V:138 H:1334 F:15
c203a7 lda $c20af5,x [c20b3d] A:8f48 X:0048 Y:00ff S:01f2 D:0000 DB:00 nvMXdizc V:138 H:1346 F:15
c203ab sta $b1       [0000b1] A:8f01 X:0048 Y:00ff S:01f2 D:0000 DB:00 nvMXdizc V:139 H:  12 F:15
c203ad txa                    A:8f01 X:0048 Y:00ff S:01f2 D:0000 DB:00 nvMXdizc V:139 H:  32 F:15
c203ae rep #$30               A:8f48 X:0048 Y:00ff S:01f2 D:0000 DB:00 nvMXdizc V:139 H:  44 F:15
c203b0 and #$00ff             A:8f48 X:0048 Y:00ff S:01f2 D:0000 DB:00 nvmxdizc V:139 H:  62 F:15
c203b3 asl a                  A:0048 X:0048 Y:00ff S:01f2 D:0000 DB:00 nvmxdizc V:139 H:  80 F:15
c203b4 tax                    A:0090 X:0048 Y:00ff S:01f2 D:0000 DB:00 nvmxdizc V:139 H:  92 F:15
c203b5 lda $c204fa,x [c2058a] A:0090 X:0090 Y:00ff S:01f2 D:0000 DB:00 nvmxdizc V:139 H: 104 F:15
c203b9 sta $bd       [0000bd] A:19b3 X:0090 Y:00ff S:01f2 D:0000 DB:00 nvmxdizc V:139 H: 140 F:15
c203bb sep #$30               A:19b3 X:0090 Y:00ff S:01f2 D:0000 DB:00 nvmxdizc V:139 H: 168 F:15
c203bd lda #$01               A:19b3 X:0090 Y:00ff S:01f2 D:0000 DB:00 nvMXdizc V:139 H: 186 F:15
c203bf jsr $041d     [c2041d] A:1901 X:0090 Y:00ff S:01f2 D:0000 DB:00 nvMXdizc V:139 H: 198 F:15
c2041d phx                    A:1901 X:0090 Y:00ff S:01f0 D:0000 DB:00 nvMXdizc V:139 H: 238 F:15
c2041e ldx $0073     [000073] A:1901 X:0090 Y:00ff S:01ef D:0000 DB:00 nvMXdizc V:139 H: 258 F:15
c20421 sta $0d9f,x   [000da8] A:1901 X:0009 Y:00ff S:01ef D:0000 DB:00 nvMXdizc V:139 H: 284 F:15
c20424 lda $b1       [0000b1] A:1901 X:0009 Y:00ff S:01ef D:0000 DB:00 nvMXdizc V:139 H: 316 F:15
c20426 sta $0dc7,x   [000dd0] A:1901 X:0009 Y:00ff S:01ef D:0000 DB:00 nvMXdizc V:139 H: 336 F:15
c20429 lda $0d77,x   [000d80] A:1901 X:0009 Y:00ff S:01ef D:0000 DB:00 nvMXdizc V:139 H: 368 F:15
c2042c bne $044c     [c2044c] A:1900 X:0009 Y:00ff S:01ef D:0000 DB:00 nvMXdiZc V:139 H: 394 F:15
c2042e clc                    A:1900 X:0009 Y:00ff S:01ef D:0000 DB:00 nvMXdiZc V:139 H: 406 F:15
c2042f lda $0d9f,x   [000da8] A:1900 X:0009 Y:00ff S:01ef D:0000 DB:00 nvMXdiZc V:139 H: 418 F:15
c20432 adc $0a       [00000a] A:1901 X:0009 Y:00ff S:01ef D:0000 DB:00 nvMXdizc V:139 H: 444 F:15
c20434 sta $0d       [00000d] A:19ab X:0009 Y:00ff S:01ef D:0000 DB:00 NvMXdizc V:139 H: 464 F:15
c20436 rep #$20               A:19ab X:0009 Y:00ff S:01ef D:0000 DB:00 NvMXdizc V:139 H: 484 F:15
c20438 lda #$0000             A:19ab X:0009 Y:00ff S:01ef D:0000 DB:00 NvmXdizc V:139 H: 502 F:15
c2043b adc $0b       [00000b] A:0000 X:0009 Y:00ff S:01ef D:0000 DB:00 nvmXdiZc V:139 H: 520 F:15
c2043d sta $0e       [00000e] A:c68f X:0009 Y:00ff S:01ef D:0000 DB:00 NvmXdizc V:139 H: 588 F:15
c2043f sep #$20               A:c68f X:0009 Y:00ff S:01ef D:0000 DB:00 NvmXdizc V:139 H: 616 F:15
c20441 lda $0d9f,x   [000da8] A:c68f X:0009 Y:00ff S:01ef D:0000 DB:00 NvMXdizc V:139 H: 634 F:15
c20444 clc                    A:c601 X:0009 Y:00ff S:01ef D:0000 DB:00 nvMXdizc V:139 H: 660 F:15
c20445 adc $b1       [0000b1] A:c601 X:0009 Y:00ff S:01ef D:0000 DB:00 nvMXdizc V:139 H: 672 F:15
c20447 sta $0d9f,x   [000da8] A:c602 X:0009 Y:00ff S:01ef D:0000 DB:00 nvMXdizc V:139 H: 692 F:15
c2044a bra $0467     [c20467] A:c602 X:0009 Y:00ff S:01ef D:0000 DB:00 nvMXdizc V:139 H: 724 F:15
c20467 clc                    A:c602 X:0009 Y:00ff S:01ef D:0000 DB:00 nvMXdizc V:139 H: 742 F:15
c20468 lda $0d9f,x   [000da8] A:c602 X:0009 Y:00ff S:01ef D:0000 DB:00 nvMXdizc V:139 H: 754 F:15
c2046b adc $0a       [00000a] A:c602 X:0009 Y:00ff S:01ef D:0000 DB:00 nvMXdizc V:139 H: 780 F:15
c2046d sta $0a       [00000a] A:c6ac X:0009 Y:00ff S:01ef D:0000 DB:00 NvMXdizc V:139 H: 800 F:15
c2046f rep #$20               A:c6ac X:0009 Y:00ff S:01ef D:0000 DB:00 NvMXdizc V:139 H: 820 F:15
c20471 lda #$0000             A:c6ac X:0009 Y:00ff S:01ef D:0000 DB:00 NvmXdizc V:139 H: 838 F:15
c20474 adc $0b       [00000b] A:0000 X:0009 Y:00ff S:01ef D:0000 DB:00 nvmXdiZc V:139 H: 856 F:15
c20476 sta $0b       [00000b] A:c68f X:0009 Y:00ff S:01ef D:0000 DB:00 NvmXdizc V:139 H: 884 F:15
c20478 sep #$20               A:c68f X:0009 Y:00ff S:01ef D:0000 DB:00 NvmXdizc V:139 H: 912 F:15
c2047a plx                    A:c68f X:0009 Y:00ff S:01ef D:0000 DB:00 NvMXdizc V:139 H: 930 F:15
c2047b rts                    A:c68f X:0090 Y:00ff S:01f0 D:0000 DB:00 NvMXdizc V:139 H: 956 F:15
c203c2 jsr $0412     [c20412] A:c68f X:0090 Y:00ff S:01f2 D:0000 DB:00 NvMXdizc V:139 H: 996 F:15
c20412 ldx $0073     [000073] A:c68f X:0090 Y:00ff S:01f0 D:0000 DB:00 NvMXdizc V:139 H:1036 F:15
c20415 jsr $04ea     [c204ea] A:c68f X:0009 Y:00ff S:01f0 D:0000 DB:00 nvMXdizc V:139 H:1062 F:15
c204ea lda $0a       [00000a] A:c68f X:0009 Y:00ff S:01ee D:0000 DB:00 nvMXdizc V:139 H:1102 F:15
c204ec sta $0c87,x   [000c90] A:c6ac X:0009 Y:00ff S:01ee D:0000 DB:00 NvMXdizc V:139 H:1122 F:15
c204ef lda $0b       [00000b] A:c6ac X:0009 Y:00ff S:01ee D:0000 DB:00 NvMXdizc V:139 H:1154 F:15
c204f1 sta $0caf,x   [000cb8] A:c68f X:0009 Y:00ff S:01ee D:0000 DB:00 NvMXdizc V:139 H:1174 F:15
c204f4 lda $0c       [00000c] A:c68f X:0009 Y:00ff S:01ee D:0000 DB:00 NvMXdizc V:139 H:1206 F:15
c204f6 sta $0cd7,x   [000ce0] A:c6c6 X:0009 Y:00ff S:01ee D:0000 DB:00 NvMXdizc V:139 H:1226 F:15
c204f9 rts                    A:c6c6 X:0009 Y:00ff S:01ee D:0000 DB:00 NvMXdizc V:139 H:1258 F:15
c20418 ldy #$01               A:c6c6 X:0009 Y:00ff S:01f0 D:0000 DB:00 NvMXdizc V:139 H:1298 F:15
c2041a jmp [$00bd]   [0000bd] A:c6c6 X:0009 Y:0001 S:01f0 D:0000 DB:00 nvMXdizc V:139 H:1310 F:15
c219b3 lda $0373     [000373] A:c6c6 X:0009 Y:0001 S:01f0 D:0000 DB:00 nvMXdizc V:139 H:1352 F:15
c219b6 ora $0374     [000374] A:c6ff X:0009 Y:0001 S:01f0 D:0000 DB:00 NvMXdizc V:140 H:  14 F:15
c219b9 beq $19bc     [c219bc] A:c6ff X:0009 Y:0001 S:01f0 D:0000 DB:00 NvMXdizc V:140 H:  40 F:15
c219bb rts                    A:c6ff X:0009 Y:0001 S:01f0 D:0000 DB:00 NvMXdizc V:140 H:  52 F:15
c203c5 bra $040f     [c2040f] A:c6ff X:0009 Y:0001 S:01f2 D:0000 DB:00 NvMXdizc V:140 H:  92 F:15
c2040f plx                    A:c6ff X:0009 Y:0001 S:01f2 D:0000 DB:00 NvMXdizc V:140 H: 110 F:15
c20410 ply                    A:c6ff X:0009 Y:0001 S:01f3 D:0000 DB:00 nvMXdizc V:140 H: 136 F:15
c20411 rtl                    A:c6ff X:0009 Y:00ff S:01f4 D:0000 DB:00 NvMXdizc V:140 H: 162 F:15
c20234 lda $0d77,x   [000d80] A:c6ff X:0009 Y:00ff S:01f7 D:0000 DB:00 NvMXdizc V:140 H: 204 F:15
c20237 bmi $023b     [c2023b] A:c600 X:0009 Y:00ff S:01f7 D:0000 DB:00 nvMXdiZc V:140 H: 230 F:15
c20239 lda #$00               A:c600 X:0009 Y:00ff S:01f7 D:0000 DB:00 nvMXdiZc V:140 H: 242 F:15
c2023b and #$7f               A:c600 X:0009 Y:00ff S:01f7 D:0000 DB:00 nvMXdiZc V:140 H: 254 F:15
c2023d sta $0d77,x   [000d80] A:c600 X:0009 Y:00ff S:01f7 D:0000 DB:00 nvMXdiZc V:140 H: 266 F:15
c20240 bra $0222     [c20222] A:c600 X:0009 Y:00ff S:01f7 D:0000 DB:00 nvMXdiZc V:140 H: 298 F:15
c20222 lda $0380     [000380] A:c600 X:0009 Y:00ff S:01f7 D:0000 DB:00 nvMXdiZc V:140 H: 316 F:15
c20225 bit #$40               A:c600 X:0009 Y:00ff S:01f7 D:0000 DB:00 nvMXdiZc V:140 H: 342 F:15
c20227 bne $0242     [c20242] A:c600 X:0009 Y:00ff S:01f7 D:0000 DB:00 nvMXdiZc V:140 H: 354 F:15
c20229 jsr $0254     [c20254] A:c600 X:0009 Y:00ff S:01f7 D:0000 DB:00 nvMXdiZc V:140 H: 366 F:15
c20254 rep #$20               A:c600 X:0009 Y:00ff S:01f5 D:0000 DB:00 nvMXdiZc V:140 H: 406 F:15
c20256 lda $10       [000010] A:c600 X:0009 Y:00ff S:01f5 D:0000 DB:00 nvmXdiZc V:140 H: 424 F:15
c20258 cmp #$0400             A:0006 X:0009 Y:00ff S:01f5 D:0000 DB:00 nvmXdizc V:140 H: 452 F:15
c2025b bcc $025f     [c2025f] A:0006 X:0009 Y:00ff S:01f5 D:0000 DB:00 NvmXdizc V:140 H: 470 F:15
c2025f rep #$20               A:0006 X:0009 Y:00ff S:01f5 D:0000 DB:00 NvmXdizc V:140 H: 488 F:15
c20261 lda $0a       [00000a] A:0006 X:0009 Y:00ff S:01f5 D:0000 DB:00 NvmXdizc V:140 H: 506 F:15
c20263 cmp #$0000             A:8fac X:0009 Y:00ff S:01f5 D:0000 DB:00 NvmXdizc V:140 H: 574 F:15
c20266 sep #$20               A:8fac X:0009 Y:00ff S:01f5 D:0000 DB:00 NvmXdizC V:140 H: 592 F:15
c20268 lda $0c       [00000c] A:8fac X:0009 Y:00ff S:01f5 D:0000 DB:00 NvMXdizC V:140 H: 610 F:15
c2026a sbc #$c6               A:8fc6 X:0009 Y:00ff S:01f5 D:0000 DB:00 NvMXdizC V:140 H: 630 F:15
c2026c bcs $0270     [c20270] A:8f00 X:0009 Y:00ff S:01f5 D:0000 DB:00 nvMXdiZC V:140 H: 642 F:15
c20270 rts                    A:8f00 X:0009 Y:00ff S:01f5 D:0000 DB:00 nvMXdiZC V:140 H: 660 F:15
c2022c lda [$0a]     [c68fac] A:8f00 X:0009 Y:00ff S:01f7 D:0000 DB:00 nvMXdiZC V:140 H: 700 F:15
c2022e beq $0242     [c20242] A:8fff X:0009 Y:00ff S:01f7 D:0000 DB:00 NvMXdizC V:140 H: 742 F:15
c20230 jsl $c2038f   [c2038f] A:8fff X:0009 Y:00ff S:01f7 D:0000 DB:00 NvMXdizC V:140 H: 754 F:15
c2038f phy                    A:8fff X:0009 Y:00ff S:01f4 D:0000 DB:00 NvMXdizC V:140 H: 808 F:15
c20390 phx                    A:8fff X:0009 Y:00ff S:01f3 D:0000 DB:00 NvMXdizC V:140 H: 828 F:15
c20391 lda #$c2               A:8fff X:0009 Y:00ff S:01f2 D:0000 DB:00 NvMXdizC V:140 H: 848 F:15
c20393 sta $bf       [0000bf] A:8fc2 X:0009 Y:00ff S:01f2 D:0000 DB:00 NvMXdizC V:140 H: 860 F:15
c20395 sta $c2       [0000c2] A:8fc2 X:0009 Y:00ff S:01f2 D:0000 DB:00 NvMXdizC V:140 H: 880 F:15
c20397 lda [$0a]     [c68fac] A:8fc2 X:0009 Y:00ff S:01f2 D:0000 DB:00 NvMXdizC V:140 H: 900 F:15
c20399 cmp #$fe               A:8fff X:0009 Y:00ff S:01f2 D:0000 DB:00 NvMXdizC V:140 H: 942 F:15
c2039b bcs $03d1     [c203d1] A:8fff X:0009 Y:00ff S:01f2 D:0000 DB:00 nvMXdizC V:140 H: 954 F:15
c203d1 eor #$ff               A:8fff X:0009 Y:00ff S:01f2 D:0000 DB:00 nvMXdizC V:140 H: 972 F:15
c203d3 asl a                  A:8f00 X:0009 Y:00ff S:01f2 D:0000 DB:00 nvMXdiZC V:140 H: 984 F:15
c203d4 tax                    A:8f00 X:0009 Y:00ff S:01f2 D:0000 DB:00 nvMXdiZc V:140 H: 996 F:15
c203d5 rep #$20               A:8f00 X:0000 Y:00ff S:01f2 D:0000 DB:00 nvMXdiZc V:140 H:1008 F:15
c203d7 lda $c2064c,x [c2064c] A:8f00 X:0000 Y:00ff S:01f2 D:0000 DB:00 nvmXdiZc V:140 H:1026 F:15
c203db sta $c0       [0000c0] A:0650 X:0000 Y:00ff S:01f2 D:0000 DB:00 nvmXdizc V:140 H:1062 F:15
c203dd lda $c209d4,x [c209d4] A:0650 X:0000 Y:00ff S:01f2 D:0000 DB:00 nvmXdizc V:140 H:1090 F:15
c203e1 sta $bd       [0000bd] A:09d8 X:0000 Y:00ff S:01f2 D:0000 DB:00 nvmXdizc V:140 H:1126 F:15
c203e3 sep #$20               A:09d8 X:0000 Y:00ff S:01f2 D:0000 DB:00 nvmXdizc V:140 H:1154 F:15
c203e5 ldy #$01               A:09d8 X:0000 Y:00ff S:01f2 D:0000 DB:00 nvMXdizc V:140 H:1172 F:15
c203e7 lda [$0a],y   [c68fad] A:09d8 X:0000 Y:0001 S:01f2 D:0000 DB:00 nvMXdizc V:140 H:1184 F:15
c203e9 dec                    A:098e X:0000 Y:0001 S:01f2 D:0000 DB:00 NvMXdizc V:140 H:1226 F:15
c203ea tay                    A:098d X:0000 Y:0001 S:01f2 D:0000 DB:00 NvMXdizc V:140 H:1238 F:15
c203eb lda [$bd],y   [c20a65] A:098d X:0000 Y:008d S:01f2 D:0000 DB:00 NvMXdizc V:140 H:1250 F:15
c203ed sta $b1       [0000b1] A:0905 X:0000 Y:008d S:01f2 D:0000 DB:00 nvMXdizc V:140 H:1292 F:15
c203ef tya                    A:0905 X:0000 Y:008d S:01f2 D:0000 DB:00 nvMXdizc V:140 H:1312 F:15
c203f0 rep #$30               A:098d X:0000 Y:008d S:01f2 D:0000 DB:00 NvMXdizc V:140 H:1324 F:15
c203f2 and #$00ff             A:098d X:0000 Y:008d S:01f2 D:0000 DB:00 Nvmxdizc V:140 H:1342 F:15
c203f5 sta $9f       [00009f] A:008d X:0000 Y:008d S:01f2 D:0000 DB:00 nvmxdizc V:140 H:1360 F:15
c203f7 asl a                  A:008d X:0000 Y:008d S:01f2 D:0000 DB:00 nvmxdizc V:141 H:  24 F:15
c203f8 adc $9f       [00009f] A:011a X:0000 Y:008d S:01f2 D:0000 DB:00 nvmxdizc V:141 H:  36 F:15
c203fa tay                    A:01a7 X:0000 Y:008d S:01f2 D:0000 DB:00 nvmxdizc V:141 H:  64 F:15
c203fb lda [$c0],y   [c207f7] A:01a7 X:0000 Y:01a7 S:01f2 D:0000 DB:00 nvmxdizc V:141 H:  76 F:15
c203fd sta $bd       [0000bd] A:74f1 X:0000 Y:01a7 S:01f2 D:0000 DB:00 nvmxdizc V:141 H: 124 F:15
c203ff iny                    A:74f1 X:0000 Y:01a7 S:01f2 D:0000 DB:00 nvmxdizc V:141 H: 152 F:15
c20400 lda [$c0],y   [c207f8] A:74f1 X:0000 Y:01a8 S:01f2 D:0000 DB:00 nvmxdizc V:141 H: 164 F:15
c20402 sta $be       [0000be] A:c174 X:0000 Y:01a8 S:01f2 D:0000 DB:00 Nvmxdizc V:141 H: 212 F:15
c20404 sep #$30               A:c174 X:0000 Y:01a8 S:01f2 D:0000 DB:00 Nvmxdizc V:141 H: 240 F:15
c20406 lda #$02               A:c174 X:0000 Y:00a8 S:01f2 D:0000 DB:00 NvMXdizc V:141 H: 258 F:15
c20408 jsr $041d     [c2041d] A:c102 X:0000 Y:00a8 S:01f2 D:0000 DB:00 nvMXdizc V:141 H: 270 F:15
c2041d phx                    A:c102 X:0000 Y:00a8 S:01f0 D:0000 DB:00 nvMXdizc V:141 H: 310 F:15
c2041e ldx $0073     [000073] A:c102 X:0000 Y:00a8 S:01ef D:0000 DB:00 nvMXdizc V:141 H: 330 F:15
c20421 sta $0d9f,x   [000da8] A:c102 X:0009 Y:00a8 S:01ef D:0000 DB:00 nvMXdizc V:141 H: 356 F:15
c20424 lda $b1       [0000b1] A:c102 X:0009 Y:00a8 S:01ef D:0000 DB:00 nvMXdizc V:141 H: 388 F:15
c20426 sta $0dc7,x   [000dd0] A:c105 X:0009 Y:00a8 S:01ef D:0000 DB:00 nvMXdizc V:141 H: 408 F:15
c20429 lda $0d77,x   [000d80] A:c105 X:0009 Y:00a8 S:01ef D:0000 DB:00 nvMXdizc V:141 H: 440 F:15
c2042c bne $044c     [c2044c] A:c100 X:0009 Y:00a8 S:01ef D:0000 DB:00 nvMXdiZc V:141 H: 466 F:15
c2042e clc                    A:c100 X:0009 Y:00a8 S:01ef D:0000 DB:00 nvMXdiZc V:141 H: 478 F:15
c2042f lda $0d9f,x   [000da8] A:c100 X:0009 Y:00a8 S:01ef D:0000 DB:00 nvMXdiZc V:141 H: 490 F:15
c20432 adc $0a       [00000a] A:c102 X:0009 Y:00a8 S:01ef D:0000 DB:00 nvMXdizc V:141 H: 516 F:15
c20434 sta $0d       [00000d] A:c1ae X:0009 Y:00a8 S:01ef D:0000 DB:00 NvMXdizc V:141 H: 536 F:15
c20436 rep #$20               A:c1ae X:0009 Y:00a8 S:01ef D:0000 DB:00 NvMXdizc V:141 H: 596 F:15
c20438 lda #$0000             A:c1ae X:0009 Y:00a8 S:01ef D:0000 DB:00 NvmXdizc V:141 H: 614 F:15
c2043b adc $0b       [00000b] A:0000 X:0009 Y:00a8 S:01ef D:0000 DB:00 nvmXdiZc V:141 H: 632 F:15
c2043d sta $0e       [00000e] A:c68f X:0009 Y:00a8 S:01ef D:0000 DB:00 NvmXdizc V:141 H: 660 F:15
c2043f sep #$20               A:c68f X:0009 Y:00a8 S:01ef D:0000 DB:00 NvmXdizc V:141 H: 688 F:15
c20441 lda $0d9f,x   [000da8] A:c68f X:0009 Y:00a8 S:01ef D:0000 DB:00 NvMXdizc V:141 H: 706 F:15
c20444 clc                    A:c602 X:0009 Y:00a8 S:01ef D:0000 DB:00 nvMXdizc V:141 H: 732 F:15
c20445 adc $b1       [0000b1] A:c602 X:0009 Y:00a8 S:01ef D:0000 DB:00 nvMXdizc V:141 H: 744 F:15
c20447 sta $0d9f,x   [000da8] A:c607 X:0009 Y:00a8 S:01ef D:0000 DB:00 nvMXdizc V:141 H: 764 F:15
c2044a bra $0467     [c20467] A:c607 X:0009 Y:00a8 S:01ef D:0000 DB:00 nvMXdizc V:141 H: 796 F:15
c20467 clc                    A:c607 X:0009 Y:00a8 S:01ef D:0000 DB:00 nvMXdizc V:141 H: 814 F:15
c20468 lda $0d9f,x   [000da8] A:c607 X:0009 Y:00a8 S:01ef D:0000 DB:00 nvMXdizc V:141 H: 826 F:15
c2046b adc $0a       [00000a] A:c607 X:0009 Y:00a8 S:01ef D:0000 DB:00 nvMXdizc V:141 H: 852 F:15
c2046d sta $0a       [00000a] A:c6b3 X:0009 Y:00a8 S:01ef D:0000 DB:00 NvMXdizc V:141 H: 872 F:15
c2046f rep #$20               A:c6b3 X:0009 Y:00a8 S:01ef D:0000 DB:00 NvMXdizc V:141 H: 892 F:15
c20471 lda #$0000             A:c6b3 X:0009 Y:00a8 S:01ef D:0000 DB:00 NvmXdizc V:141 H: 910 F:15
c20474 adc $0b       [00000b] A:0000 X:0009 Y:00a8 S:01ef D:0000 DB:00 nvmXdiZc V:141 H: 928 F:15
c20476 sta $0b       [00000b] A:c68f X:0009 Y:00a8 S:01ef D:0000 DB:00 NvmXdizc V:141 H: 956 F:15
c20478 sep #$20               A:c68f X:0009 Y:00a8 S:01ef D:0000 DB:00 NvmXdizc V:141 H: 984 F:15
c2047a plx                    A:c68f X:0009 Y:00a8 S:01ef D:0000 DB:00 NvMXdizc V:141 H:1002 F:15
c2047b rts                    A:c68f X:0000 Y:00a8 S:01f0 D:0000 DB:00 nvMXdiZc V:141 H:1028 F:15
c2040b jsl $c20412   [c20412] A:c68f X:0000 Y:00a8 S:01f2 D:0000 DB:00 nvMXdiZc V:141 H:1068 F:15
c20412 ldx $0073     [000073] A:c68f X:0000 Y:00a8 S:01ef D:0000 DB:00 nvMXdiZc V:141 H:1122 F:15
c20415 jsr $04ea     [c204ea] A:c68f X:0009 Y:00a8 S:01ef D:0000 DB:00 nvMXdizc V:141 H:1148 F:15
c204ea lda $0a       [00000a] A:c68f X:0009 Y:00a8 S:01ed D:0000 DB:00 nvMXdizc V:141 H:1188 F:15
c204ec sta $0c87,x   [000c90] A:c6b3 X:0009 Y:00a8 S:01ed D:0000 DB:00 NvMXdizc V:141 H:1208 F:15
c204ef lda $0b       [00000b] A:c6b3 X:0009 Y:00a8 S:01ed D:0000 DB:00 NvMXdizc V:141 H:1240 F:15
c204f1 sta $0caf,x   [000cb8] A:c68f X:0009 Y:00a8 S:01ed D:0000 DB:00 NvMXdizc V:141 H:1260 F:15
c204f4 lda $0c       [00000c] A:c68f X:0009 Y:00a8 S:01ed D:0000 DB:00 NvMXdizc V:141 H:1292 F:15
c204f6 sta $0cd7,x   [000ce0] A:c6c6 X:0009 Y:00a8 S:01ed D:0000 DB:00 NvMXdizc V:141 H:1312 F:15
c204f9 rts                    A:c6c6 X:0009 Y:00a8 S:01ed D:0000 DB:00 NvMXdizc V:141 H:1344 F:15
c20418 ldy #$01               A:c6c6 X:0009 Y:00a8 S:01ef D:0000 DB:00 NvMXdizc V:142 H:  20 F:15
c2041a jmp [$00bd]   [0000bd] A:c6c6 X:0009 Y:0001 S:01ef D:0000 DB:00 nvMXdizc V:142 H:  32 F:15
c174f1 jsr $7511     [c17511] A:c6c6 X:0009 Y:0001 S:01ef D:0000 DB:00 nvMXdizc V:142 H:  74 F:15
c17511 lda [$0d],y   [c68faf] A:c6c6 X:0009 Y:0001 S:01ed D:0000 DB:00 nvMXdizc V:142 H: 114 F:15
c17513 sta $0340     [000340] A:c606 X:0009 Y:0001 S:01ed D:0000 DB:00 nvMXdizc V:142 H: 156 F:15
c17516 iny                    A:c606 X:0009 Y:0001 S:01ed D:0000 DB:00 nvMXdizc V:142 H: 182 F:15
c17517 lda [$0d],y   [c68fb0] A:c606 X:0009 Y:0002 S:01ed D:0000 DB:00 nvMXdizc V:142 H: 194 F:15
c17519 jsl $c007b8   [c007b8] A:c601 X:0009 Y:0002 S:01ed D:0000 DB:00 nvMXdizc V:142 H: 236 F:15
c007b8 phx                    A:c601 X:0009 Y:0002 S:01ea D:0000 DB:00 nvMXdizc V:142 H: 290 F:15
c007b9 sta $036e     [00036e] A:c601 X:0009 Y:0002 S:01e9 D:0000 DB:00 nvMXdizc V:142 H: 310 F:15
c007bc sta $9f       [00009f] A:c601 X:0009 Y:0002 S:01e9 D:0000 DB:00 nvMXdizc V:142 H: 336 F:15
c007be lda $0371     [000371] A:c601 X:0009 Y:0002 S:01e9 D:0000 DB:00 nvMXdizc V:142 H: 356 F:15
c007c1 asl a                  A:c600 X:0009 Y:0002 S:01e9 D:0000 DB:00 nvMXdiZc V:142 H: 382 F:15
c007c2 asl a                  A:c600 X:0009 Y:0002 S:01e9 D:0000 DB:00 nvMXdiZc V:142 H: 394 F:15
c007c3 clc                    A:c600 X:0009 Y:0002 S:01e9 D:0000 DB:00 nvMXdiZc V:142 H: 406 F:15
c007c4 adc $9f       [00009f] A:c600 X:0009 Y:0002 S:01e9 D:0000 DB:00 nvMXdiZc V:142 H: 418 F:15
c007c6 dec                    A:c601 X:0009 Y:0002 S:01e9 D:0000 DB:00 nvMXdizc V:142 H: 438 F:15
c007c7 asl a                  A:c600 X:0009 Y:0002 S:01e9 D:0000 DB:00 nvMXdiZc V:142 H: 450 F:15
c007c8 tax                    A:c600 X:0009 Y:0002 S:01e9 D:0000 DB:00 nvMXdiZc V:142 H: 462 F:15
c007c9 rep #$20               A:c600 X:0000 Y:0002 S:01e9 D:0000 DB:00 nvMXdiZc V:142 H: 474 F:15
c007cb lda $808035,x [808035] A:c600 X:0000 Y:0002 S:01e9 D:0000 DB:00 nvmXdiZc V:142 H: 492 F:15
c007cf sta $036f     [00036f] A:3000 X:0000 Y:0002 S:01e9 D:0000 DB:00 nvmXdizc V:142 H: 528 F:15
c007d2 sep #$20               A:3000 X:0000 Y:0002 S:01e9 D:0000 DB:00 nvmXdizc V:142 H: 602 F:15
c007d4 jsl $c007da   [c007da] A:3000 X:0000 Y:0002 S:01e9 D:0000 DB:00 nvMXdizc V:142 H: 620 F:15
c007da phx                    A:3000 X:0000 Y:0002 S:01e6 D:0000 DB:00 nvMXdizc V:142 H: 674 F:15
c007db lda $036e     [00036e] A:3000 X:0000 Y:0002 S:01e5 D:0000 DB:00 nvMXdizc V:142 H: 694 F:15
c007de asl a                  A:3001 X:0000 Y:0002 S:01e5 D:0000 DB:00 nvMXdizc V:142 H: 720 F:15
c007df tax                    A:3002 X:0000 Y:0002 S:01e5 D:0000 DB:00 nvMXdizc V:142 H: 732 F:15
c007e0 lda $0318,x   [00031a] A:3002 X:0002 Y:0002 S:01e5 D:0000 DB:00 nvMXdizc V:142 H: 744 F:15
c007e3 lsr a                  A:3000 X:0002 Y:0002 S:01e5 D:0000 DB:00 nvMXdiZc V:142 H: 770 F:15
c007e4 lda $0317,x   [000319] A:3000 X:0002 Y:0002 S:01e5 D:0000 DB:00 nvMXdiZc V:142 H: 782 F:15
c007e7 ror a                  A:3000 X:0002 Y:0002 S:01e5 D:0000 DB:00 nvMXdiZc V:142 H: 808 F:15
c007e8 lsr a                  A:3000 X:0002 Y:0002 S:01e5 D:0000 DB:00 nvMXdiZc V:142 H: 820 F:15
c007e9 lsr a                  A:3000 X:0002 Y:0002 S:01e5 D:0000 DB:00 nvMXdiZc V:142 H: 832 F:15
c007ea sta $036c     [00036c] A:3000 X:0002 Y:0002 S:01e5 D:0000 DB:00 nvMXdiZc V:142 H: 844 F:15
c007ed lda $031d,x   [00031f] A:3000 X:0002 Y:0002 S:01e5 D:0000 DB:00 nvMXdiZc V:142 H: 870 F:15
c007f0 inc                    A:3000 X:0002 Y:0002 S:01e5 D:0000 DB:00 nvMXdiZc V:142 H: 896 F:15
c007f1 lsr a                  A:3001 X:0002 Y:0002 S:01e5 D:0000 DB:00 nvMXdizc V:142 H: 908 F:15
c007f2 lsr a                  A:3000 X:0002 Y:0002 S:01e5 D:0000 DB:00 nvMXdiZC V:142 H: 920 F:15
c007f3 lsr a                  A:3000 X:0002 Y:0002 S:01e5 D:0000 DB:00 nvMXdiZc V:142 H: 932 F:15
c007f4 sta $036d     [00036d] A:3000 X:0002 Y:0002 S:01e5 D:0000 DB:00 nvMXdiZc V:142 H: 944 F:15
c007f7 plx                    A:3000 X:0002 Y:0002 S:01e5 D:0000 DB:00 nvMXdiZc V:142 H: 970 F:15
c007f8 rtl                    A:3000 X:0000 Y:0002 S:01e6 D:0000 DB:00 nvMXdiZc V:142 H: 996 F:15
c007d8 plx                    A:3000 X:0000 Y:0002 S:01e9 D:0000 DB:00 nvMXdiZc V:142 H:1038 F:15
c007d9 rtl                    A:3000 X:0009 Y:0002 S:01ea D:0000 DB:00 nvMXdizc V:142 H:1064 F:15
c1751d iny                    A:3000 X:0009 Y:0002 S:01ed D:0000 DB:00 nvMXdizc V:142 H:1106 F:15
c1751e lda [$0d],y   [c68fb1] A:3000 X:0009 Y:0003 S:01ed D:0000 DB:00 nvMXdizc V:142 H:1118 F:15
c17520 sta $1d28     [001d28] A:3016 X:0009 Y:0003 S:01ed D:0000 DB:00 nvMXdizc V:142 H:1160 F:15
c17523 iny                    A:3016 X:0009 Y:0003 S:01ed D:0000 DB:00 nvMXdizc V:142 H:1186 F:15
c17524 lda [$0d],y   [c68fb2] A:3016 X:0009 Y:0004 S:01ed D:0000 DB:00 nvMXdizc V:142 H:1198 F:15
c17526 sta $1d2a     [001d2a] A:300f X:0009 Y:0004 S:01ed D:0000 DB:00 nvMXdizc V:142 H:1240 F:15
c17529 lda [$0d]     [c68fae] A:300f X:0009 Y:0004 S:01ed D:0000 DB:00 nvMXdizc V:142 H:1266 F:15
c1752b rts                    A:3082 X:0009 Y:0004 S:01ed D:0000 DB:00 NvMXdizc V:142 H:1308 F:15
c174f4 jsl $c00009   [c00009] A:3082 X:0009 Y:0004 S:01ef D:0000 DB:00 NvMXdizc V:142 H:1348 F:15
c00009 sta $9f       [00009f] A:3082 X:0009 Y:0004 S:01ec D:0000 DB:00 NvMXdizc V:143 H:  38 F:15
c0000b lda #$02               A:3082 X:0009 Y:0004 S:01ec D:0000 DB:00 NvMXdizc V:143 H:  58 F:15
c0000d sta $0341     [000341] A:3002 X:0009 Y:0004 S:01ec D:0000 DB:00 nvMXdizc V:143 H:  70 F:15
c00010 bra $0020     [c00020] A:3002 X:0009 Y:0004 S:01ec D:0000 DB:00 nvMXdizc V:143 H:  96 F:15
c00020 phy                    A:3002 X:0009 Y:0004 S:01ec D:0000 DB:00 nvMXdizc V:143 H: 114 F:15
c00021 phx                    A:3002 X:0009 Y:0004 S:01eb D:0000 DB:00 nvMXdizc V:143 H: 134 F:15
c00022 lda $9f       [00009f] A:3002 X:0009 Y:0004 S:01ea D:0000 DB:00 nvMXdizc V:143 H: 154 F:15
c00024 dec                    A:3082 X:0009 Y:0004 S:01ea D:0000 DB:00 NvMXdizc V:143 H: 174 F:15
c00025 cmp #$ff               A:3081 X:0009 Y:0004 S:01ea D:0000 DB:00 NvMXdizc V:143 H: 186 F:15
c00027 bne $002c     [c0002c] A:3081 X:0009 Y:0004 S:01ea D:0000 DB:00 NvMXdizc V:143 H: 198 F:15
c0002c pha                    A:3081 X:0009 Y:0004 S:01ea D:0000 DB:00 NvMXdizc V:143 H: 216 F:15
c0002d lda $0340     [000340] A:3081 X:0009 Y:0004 S:01e9 D:0000 DB:00 NvMXdizc V:143 H: 236 F:15
c00030 asl a                  A:3006 X:0009 Y:0004 S:01e9 D:0000 DB:00 nvMXdizc V:143 H: 262 F:15
c00031 adc $0340     [000340] A:300c X:0009 Y:0004 S:01e9 D:0000 DB:00 nvMXdizc V:143 H: 274 F:15
c00034 tax                    A:3012 X:0009 Y:0004 S:01e9 D:0000 DB:00 nvMXdizc V:143 H: 300 F:15
c00035 rep #$20               A:3012 X:0012 Y:0004 S:01e9 D:0000 DB:00 nvMXdizc V:143 H: 312 F:15
